[2025-05-23T03:44:06.768+0000] {local_task_job_runner.py:123} INFO - ::group::Pre task execution logs
[2025-05-23T03:44:06.777+0000] {taskinstance.py:2603} INFO - Dependencies all met for dep_context=non-requeueable deps ti=<TaskInstance: instagram_videos_scraper_dag.get_links_task manual__2025-05-23T03:44:06.308429+00:00 [queued]>
[2025-05-23T03:44:06.782+0000] {taskinstance.py:2603} INFO - Dependencies all met for dep_context=requeueable deps ti=<TaskInstance: instagram_videos_scraper_dag.get_links_task manual__2025-05-23T03:44:06.308429+00:00 [queued]>
[2025-05-23T03:44:06.782+0000] {taskinstance.py:2856} INFO - Starting attempt 1 of 1
[2025-05-23T03:44:06.790+0000] {taskinstance.py:2879} INFO - Executing <Task(PythonOperator): get_links_task> on 2025-05-23 03:44:06.308429+00:00
[2025-05-23T03:44:06.792+0000] {standard_task_runner.py:72} INFO - Started process 383 to run task
[2025-05-23T03:44:06.795+0000] {standard_task_runner.py:104} INFO - Running: ['airflow', 'tasks', 'run', 'instagram_videos_scraper_dag', 'get_links_task', 'manual__2025-05-23T03:44:06.308429+00:00', '--job-id', '6575', '--raw', '--subdir', 'DAGS_FOLDER/pipeline_instagram.py', '--cfg-path', '/tmp/tmp2t3pdlcd']
[2025-05-23T03:44:06.796+0000] {standard_task_runner.py:105} INFO - Job 6575: Subtask get_links_task
[2025-05-23T03:44:06.829+0000] {task_command.py:467} INFO - Running <TaskInstance: instagram_videos_scraper_dag.get_links_task manual__2025-05-23T03:44:06.308429+00:00 [running]> on host d48b22c1eeec
[2025-05-23T03:44:06.879+0000] {taskinstance.py:3122} INFO - Exporting env vars: AIRFLOW_CTX_DAG_OWNER='airflow' AIRFLOW_CTX_DAG_ID='instagram_videos_scraper_dag' AIRFLOW_CTX_TASK_ID='get_links_task' AIRFLOW_CTX_EXECUTION_DATE='2025-05-23T03:44:06.308429+00:00' AIRFLOW_CTX_TRY_NUMBER='1' AIRFLOW_CTX_DAG_RUN_ID='manual__2025-05-23T03:44:06.308429+00:00'
[2025-05-23T03:44:06.881+0000] {taskinstance.py:731} INFO - ::endgroup::
[2025-05-23T03:44:29.020+0000] {selenium_manager.py:133} WARNING - The chromedriver version (136.0.7103.59) detected in PATH at /usr/bin/chromedriver might not be compatible with the detected chrome version (136.0.7103.113); currently, chromedriver 136.0.7103.113 is recommended for chrome 136.*, so it is advised to delete the driver in PATH and retry
[2025-05-23T03:44:32.571+0000] {logging_mixin.py:190} INFO - Step 1 of 2 - Loading profile page
[2025-05-23T03:44:32.572+0000] {logging_mixin.py:190} INFO - Extracting videos...
[2025-05-23T03:44:35.594+0000] {logging_mixin.py:190} INFO - Count: 1, Limit: 1
[2025-05-23T03:44:35.604+0000] {logging_mixin.py:190} INFO - Found 46 video tags
[2025-05-23T03:44:35.667+0000] {logging_mixin.py:190} INFO - Extracted video URL: 
https://www.instagram.com/manchesterunited/reel/DJ7PMpdMwr5/
[2025-05-23T03:44:35.673+0000] {logging_mixin.py:190} INFO - Extracted video URL: 
https://www.instagram.com/manchesterunited/reel/DJ7Nifju9C-/
[2025-05-23T03:44:35.679+0000] {logging_mixin.py:190} INFO - Extracted video URL: 
https://www.instagram.com/manchesterunited/reel/DJ7L2RSNvR1/
[2025-05-23T03:44:35.685+0000] {logging_mixin.py:190} INFO - Extracted video URL: 
https://www.instagram.com/manchesterunited/reel/DJ7BwA3IbKl/
[2025-05-23T03:44:35.692+0000] {logging_mixin.py:190} INFO - Extracted video URL: 
https://www.instagram.com/manchesterunited/reel/DJ6-mmUMFiG/
[2025-05-23T03:44:35.698+0000] {logging_mixin.py:190} INFO - Extracted video URL: 
https://www.instagram.com/manchesterunited/reel/DJ6G21SMNO-/
[2025-05-23T03:44:35.705+0000] {logging_mixin.py:190} INFO - Extracted video URL: 
https://www.instagram.com/manchesterunited/reel/DJ443cdMUe5/
[2025-05-23T03:44:35.711+0000] {logging_mixin.py:190} INFO - Extracted video URL: 
https://www.instagram.com/manchesterunited/reel/DJ4meX6tBdV/
[2025-05-23T03:44:35.718+0000] {logging_mixin.py:190} INFO - Extracted video URL: 
https://www.instagram.com/manchesterunited/reel/DJ4abSWMa5p/
[2025-05-23T03:44:35.724+0000] {logging_mixin.py:190} INFO - Extracted video URL: 
https://www.instagram.com/manchesterunited/reel/DJ4fCe2sUiN/
[2025-05-23T03:44:35.730+0000] {logging_mixin.py:190} INFO - Extracted video URL: 
https://www.instagram.com/manchesterunited/reel/DJ4Z17gM2tT/
[2025-05-23T03:44:35.738+0000] {logging_mixin.py:190} INFO - Extracted video URL: 
https://www.instagram.com/manchesterunited/reel/DJ4JPKmIqxn/
[2025-05-23T03:44:36.027+0000] {logging_mixin.py:190} INFO - Scrolled 1 iterations
[2025-05-23T03:44:39.045+0000] {logging_mixin.py:190} INFO - Count: 2, Limit: 1
[2025-05-23T03:44:39.046+0000] {logging_mixin.py:190} INFO - Scrolling stopped after 10 iterations
[2025-05-23T03:44:39.046+0000] {logging_mixin.py:190} INFO - Extracted 12 video URLs
[2025-05-23T03:44:39.046+0000] {logging_mixin.py:190} INFO - Step 2 of 2 - Downloading and saving videos
[2025-05-23T03:44:39.047+0000] {logging_mixin.py:190} INFO - Don't close the app! Saving scraped data to database, it can take a while!
[2025-05-23T03:44:39.065+0000] {warnings.py:109} WARNING - /opt/airflow/dags/app/core/database_utils.py:34: SAWarning: SELECT statement has a cartesian product between FROM element(s) "tiktok" and FROM element "instagram".  Apply join condition(s) between each element to resolve.
  return db.query(Instagram).filter(Tiktok.status == TaskStatus.SUCCESS.value).all()

[2025-05-23T03:44:39.402+0000] {logging_mixin.py:190} INFO - New videos: 0
[2025-05-23T03:44:39.571+0000] {python.py:240} INFO - Done. Returned value was: {'id': 'manchesterunited', 'new_links': []}
[2025-05-23T03:44:39.589+0000] {taskinstance.py:340} INFO - ::group::Post task execution logs
[2025-05-23T03:44:39.590+0000] {taskinstance.py:352} INFO - Marking task as SUCCESS. dag_id=instagram_videos_scraper_dag, task_id=get_links_task, run_id=manual__2025-05-23T03:44:06.308429+00:00, execution_date=20250523T034406, start_date=20250523T034406, end_date=20250523T034439
[2025-05-23T03:44:39.641+0000] {local_task_job_runner.py:261} INFO - Task exited with return code 0
[2025-05-23T03:44:39.662+0000] {taskinstance.py:3891} INFO - 1 downstream tasks scheduled from follow-on schedule check
[2025-05-23T03:44:39.671+0000] {local_task_job_runner.py:240} INFO - ::endgroup::
