[2025-05-05T10:29:02.233+0000] {local_task_job_runner.py:123} INFO - ::group::Pre task execution logs
[2025-05-05T10:29:02.243+0000] {taskinstance.py:2603} INFO - Dependencies all met for dep_context=non-requeueable deps ti=<TaskInstance: dag1.group1.task2 scheduled__2018-05-05T00:00:00+00:00 [queued]>
[2025-05-05T10:29:02.248+0000] {taskinstance.py:2603} INFO - Dependencies all met for dep_context=requeueable deps ti=<TaskInstance: dag1.group1.task2 scheduled__2018-05-05T00:00:00+00:00 [queued]>
[2025-05-05T10:29:02.248+0000] {taskinstance.py:2856} INFO - Starting attempt 1 of 3
[2025-05-05T10:29:02.262+0000] {taskinstance.py:2879} INFO - Executing <Task(BashOperator): group1.task2> on 2018-05-05 00:00:00+00:00
[2025-05-05T10:29:02.264+0000] {standard_task_runner.py:72} INFO - Started process 8120 to run task
[2025-05-05T10:29:02.268+0000] {standard_task_runner.py:104} INFO - Running: ['airflow', 'tasks', 'run', 'dag1', 'group1.task2', 'scheduled__2018-05-05T00:00:00+00:00', '--job-id', '3057', '--raw', '--subdir', 'DAGS_FOLDER/tuts/taskgroup_basic.py', '--cfg-path', '/tmp/tmpszvolk0g']
[2025-05-05T10:29:02.268+0000] {standard_task_runner.py:105} INFO - Job 3057: Subtask group1.task2
[2025-05-05T10:29:02.304+0000] {task_command.py:467} INFO - Running <TaskInstance: dag1.group1.task2 scheduled__2018-05-05T00:00:00+00:00 [running]> on host 2c7afa36055b
[2025-05-05T10:29:02.359+0000] {taskinstance.py:3122} INFO - Exporting env vars: AIRFLOW_CTX_DAG_OWNER='airflow' AIRFLOW_CTX_DAG_ID='dag1' AIRFLOW_CTX_TASK_ID='group1.task2' AIRFLOW_CTX_EXECUTION_DATE='2018-05-05T00:00:00+00:00' AIRFLOW_CTX_TRY_NUMBER='1' AIRFLOW_CTX_DAG_RUN_ID='scheduled__2018-05-05T00:00:00+00:00'
[2025-05-05T10:29:02.360+0000] {taskinstance.py:731} INFO - ::endgroup::
[2025-05-05T10:29:02.362+0000] {subprocess.py:63} INFO - Tmp dir root location: /tmp
[2025-05-05T10:29:02.362+0000] {subprocess.py:75} INFO - Running command: ['/usr/bin/bash', '-c', 'echo Hello World!']
[2025-05-05T10:29:02.368+0000] {subprocess.py:86} INFO - Output:
[2025-05-05T10:29:02.369+0000] {subprocess.py:93} INFO - Hello World!
[2025-05-05T10:29:02.370+0000] {subprocess.py:97} INFO - Command exited with return code 0
[2025-05-05T10:29:02.389+0000] {taskinstance.py:340} INFO - ::group::Post task execution logs
[2025-05-05T10:29:02.389+0000] {taskinstance.py:352} INFO - Marking task as SUCCESS. dag_id=dag1, task_id=group1.task2, run_id=scheduled__2018-05-05T00:00:00+00:00, execution_date=20180505T000000, start_date=20250505T102902, end_date=20250505T102902
[2025-05-05T10:29:02.440+0000] {local_task_job_runner.py:261} INFO - Task exited with return code 0
[2025-05-05T10:29:02.447+0000] {local_task_job_runner.py:240} INFO - ::endgroup::
