[2025-05-13T03:31:39.681+0000] {local_task_job_runner.py:123} INFO - ::group::Pre task execution logs
[2025-05-13T03:31:39.692+0000] {taskinstance.py:2603} INFO - Dependencies all met for dep_context=non-requeueable deps ti=<TaskInstance: facebook_videos_scraper_dag.fb_videos_scraper manual__2025-05-13T03:31:39.186649+00:00 [queued]>
[2025-05-13T03:31:39.696+0000] {taskinstance.py:2603} INFO - Dependencies all met for dep_context=requeueable deps ti=<TaskInstance: facebook_videos_scraper_dag.fb_videos_scraper manual__2025-05-13T03:31:39.186649+00:00 [queued]>
[2025-05-13T03:31:39.697+0000] {taskinstance.py:2856} INFO - Starting attempt 1 of 1
[2025-05-13T03:31:39.704+0000] {taskinstance.py:2879} INFO - Executing <Task(_PythonDecoratedOperator): fb_videos_scraper> on 2025-05-13 03:31:39.186649+00:00
[2025-05-13T03:31:39.706+0000] {standard_task_runner.py:72} INFO - Started process 11177 to run task
[2025-05-13T03:31:39.710+0000] {standard_task_runner.py:104} INFO - Running: ['airflow', 'tasks', 'run', 'facebook_videos_scraper_dag', 'fb_videos_scraper', 'manual__2025-05-13T03:31:39.186649+00:00', '--job-id', '5361', '--raw', '--subdir', 'DAGS_FOLDER/pipeline.py', '--cfg-path', '/tmp/tmpa2xbbya4']
[2025-05-13T03:31:39.711+0000] {standard_task_runner.py:105} INFO - Job 5361: Subtask fb_videos_scraper
[2025-05-13T03:31:39.747+0000] {task_command.py:467} INFO - Running <TaskInstance: facebook_videos_scraper_dag.fb_videos_scraper manual__2025-05-13T03:31:39.186649+00:00 [running]> on host 79b7354865cb
[2025-05-13T03:31:39.795+0000] {taskinstance.py:3122} INFO - Exporting env vars: AIRFLOW_CTX_DAG_OWNER='airflow' AIRFLOW_CTX_DAG_ID='facebook_videos_scraper_dag' AIRFLOW_CTX_TASK_ID='fb_videos_scraper' AIRFLOW_CTX_EXECUTION_DATE='2025-05-13T03:31:39.186649+00:00' AIRFLOW_CTX_TRY_NUMBER='1' AIRFLOW_CTX_DAG_RUN_ID='manual__2025-05-13T03:31:39.186649+00:00'
[2025-05-13T03:31:39.796+0000] {taskinstance.py:731} INFO - ::endgroup::
[2025-05-13T03:31:39.811+0000] {selenium_manager.py:133} WARNING - The chromedriver version (136.0.7103.59) detected in PATH at /usr/bin/chromedriver might not be compatible with the detected chrome version (136.0.7103.92); currently, chromedriver 136.0.7103.92 is recommended for chrome 136.*, so it is advised to delete the driver in PATH and retry
[2025-05-13T03:31:59.906+0000] {local_task_job_runner.py:341} WARNING - State of this instance has been externally set to failed. Terminating instance.
[2025-05-13T03:31:59.906+0000] {local_task_job_runner.py:240} INFO - ::endgroup::
[2025-05-13T03:31:59.907+0000] {process_utils.py:132} INFO - Sending 15 to group 11177. PIDs of all processes in the group: [11190, 11196, 11201, 11203, 11229, 11235, 11257, 11258, 11301, 11177]
[2025-05-13T03:31:59.907+0000] {process_utils.py:87} INFO - Sending the signal 15 to group 11177
[2025-05-13T03:31:59.908+0000] {taskinstance.py:3083} ERROR - Received SIGTERM. Terminating subprocesses.
[2025-05-13T03:31:59.912+0000] {process_utils.py:80} INFO - Process psutil.Process(pid=11258, status='terminated', started='03:31:39') (11258) terminated with exit code None
[2025-05-13T03:31:59.921+0000] {taskinstance.py:340} INFO - ::group::Post task execution logs
[2025-05-13T03:31:59.926+0000] {process_utils.py:80} INFO - Process psutil.Process(pid=11177, status='terminated', exitcode=0, started='03:31:39') (11177) terminated with exit code 0
[2025-05-13T03:31:59.926+0000] {process_utils.py:80} INFO - Process psutil.Process(pid=11201, status='terminated', started='03:31:39') (11201) terminated with exit code None
[2025-05-13T03:31:59.926+0000] {process_utils.py:80} INFO - Process psutil.Process(pid=11190, status='terminated', started='03:31:39') (11190) terminated with exit code None
[2025-05-13T03:31:59.927+0000] {process_utils.py:80} INFO - Process psutil.Process(pid=11235, status='terminated', started='03:31:39') (11235) terminated with exit code None
[2025-05-13T03:31:59.927+0000] {process_utils.py:80} INFO - Process psutil.Process(pid=11196, status='terminated', started='03:31:39') (11196) terminated with exit code None
[2025-05-13T03:31:59.927+0000] {process_utils.py:80} INFO - Process psutil.Process(pid=11229, status='terminated', started='03:31:39') (11229) terminated with exit code None
[2025-05-13T03:31:59.927+0000] {process_utils.py:80} INFO - Process psutil.Process(pid=11257, status='terminated', started='03:31:39') (11257) terminated with exit code None
[2025-05-13T03:31:59.927+0000] {process_utils.py:80} INFO - Process psutil.Process(pid=11203, status='terminated', started='03:31:39') (11203) terminated with exit code None
[2025-05-13T03:31:59.927+0000] {process_utils.py:80} INFO - Process psutil.Process(pid=11301, status='terminated', started='03:31:39') (11301) terminated with exit code None
