[2025-04-29T03:18:12.231+0000] {local_task_job_runner.py:123} INFO - ::group::Pre task execution logs
[2025-04-29T03:18:12.245+0000] {taskinstance.py:2603} INFO - Dependencies all met for dep_context=non-requeueable deps ti=<TaskInstance: example_python_decorator.virtualenv_python manual__2025-04-29T03:18:11.623567+00:00 [queued]>
[2025-04-29T03:18:12.250+0000] {taskinstance.py:2603} INFO - Dependencies all met for dep_context=requeueable deps ti=<TaskInstance: example_python_decorator.virtualenv_python manual__2025-04-29T03:18:11.623567+00:00 [queued]>
[2025-04-29T03:18:12.251+0000] {taskinstance.py:2856} INFO - Starting attempt 1 of 1
[2025-04-29T03:18:12.261+0000] {taskinstance.py:2879} INFO - Executing <Task(_PythonVirtualenvDecoratedOperator): virtualenv_python> on 2025-04-29 03:18:11.623567+00:00
[2025-04-29T03:18:12.264+0000] {standard_task_runner.py:72} INFO - Started process 9085 to run task
[2025-04-29T03:18:12.268+0000] {standard_task_runner.py:104} INFO - Running: ['airflow', 'tasks', 'run', 'example_python_decorator', 'virtualenv_python', 'manual__2025-04-29T03:18:11.623567+00:00', '--job-id', '2445', '--raw', '--subdir', 'DAGS_FOLDER/tuts/example_python_decorator.py', '--cfg-path', '/tmp/tmp4ivp5l6e']
[2025-04-29T03:18:12.268+0000] {standard_task_runner.py:105} INFO - Job 2445: Subtask virtualenv_python
[2025-04-29T03:18:12.308+0000] {task_command.py:467} INFO - Running <TaskInstance: example_python_decorator.virtualenv_python manual__2025-04-29T03:18:11.623567+00:00 [running]> on host 2c7afa36055b
[2025-04-29T03:18:12.365+0000] {taskinstance.py:3122} INFO - Exporting env vars: AIRFLOW_CTX_DAG_OWNER='airflow' AIRFLOW_CTX_DAG_ID='example_python_decorator' AIRFLOW_CTX_TASK_ID='virtualenv_python' AIRFLOW_CTX_EXECUTION_DATE='2025-04-29T03:18:11.623567+00:00' AIRFLOW_CTX_TRY_NUMBER='1' AIRFLOW_CTX_DAG_RUN_ID='manual__2025-04-29T03:18:11.623567+00:00'
[2025-04-29T03:18:12.366+0000] {taskinstance.py:731} INFO - ::endgroup::
[2025-04-29T03:18:12.369+0000] {process_utils.py:186} INFO - Executing cmd: /home/airflow/.local/bin/python -m virtualenv /tmp/venvc3ved3x8 --python=python
[2025-04-29T03:18:12.370+0000] {process_utils.py:190} INFO - Output:
[2025-04-29T03:18:14.042+0000] {process_utils.py:194} INFO - created virtual environment CPython3.10.14.final.0-64 in 888ms
[2025-04-29T03:18:14.042+0000] {process_utils.py:194} INFO -   creator CPython3Posix(dest=/tmp/venvc3ved3x8, clear=False, no_vcs_ignore=False, global=False)
[2025-04-29T03:18:14.043+0000] {process_utils.py:194} INFO -   seeder FromAppData(download=False, pip=bundle, setuptools=bundle, wheel=bundle, via=copy, app_data_dir=/home/airflow/.local/share/virtualenv)
[2025-04-29T03:18:14.043+0000] {process_utils.py:194} INFO -     added seed packages: pip==24.1, setuptools==70.1.0, wheel==0.43.0
[2025-04-29T03:18:14.043+0000] {process_utils.py:194} INFO -   activators BashActivator,CShellActivator,FishActivator,NushellActivator,PowerShellActivator,PythonActivator
[2025-04-29T03:18:14.093+0000] {process_utils.py:186} INFO - Executing cmd: /tmp/venvc3ved3x8/bin/pip install -r /tmp/venvc3ved3x8/requirements.txt
[2025-04-29T03:18:14.094+0000] {process_utils.py:190} INFO - Output:
[2025-04-29T03:18:16.336+0000] {process_utils.py:194} INFO - Collecting colorama==0.4.0 (from -r /tmp/venvc3ved3x8/requirements.txt (line 1))
[2025-04-29T03:18:16.479+0000] {process_utils.py:194} INFO -   Downloading colorama-0.4.0-py2.py3-none-any.whl.metadata (13 kB)
[2025-04-29T03:18:16.534+0000] {process_utils.py:194} INFO - Downloading colorama-0.4.0-py2.py3-none-any.whl (21 kB)
[2025-04-29T03:18:16.579+0000] {process_utils.py:194} INFO - Installing collected packages: colorama
[2025-04-29T03:18:16.591+0000] {process_utils.py:194} INFO - Successfully installed colorama-0.4.0
[2025-04-29T03:18:16.817+0000] {process_utils.py:194} INFO - 
[2025-04-29T03:18:16.817+0000] {process_utils.py:194} INFO - [notice] A new release of pip is available: 24.1 -> 25.1
[2025-04-29T03:18:16.817+0000] {process_utils.py:194} INFO - [notice] To update, run: python -m pip install --upgrade pip
[2025-04-29T03:18:16.866+0000] {process_utils.py:186} INFO - Executing cmd: /tmp/venvc3ved3x8/bin/python /tmp/venv-callcvvpm21w/script.py /tmp/venv-callcvvpm21w/script.in /tmp/venv-callcvvpm21w/script.out /tmp/venv-callcvvpm21w/string_args.txt /tmp/venv-callcvvpm21w/termination.log
[2025-04-29T03:18:16.867+0000] {process_utils.py:190} INFO - Output:
[2025-04-29T03:18:16.926+0000] {process_utils.py:194} INFO - [31msome red text
[2025-04-29T03:18:16.926+0000] {process_utils.py:194} INFO - [42mand with a green background
[2025-04-29T03:18:16.927+0000] {process_utils.py:194} INFO - [2mand in dim text
[2025-04-29T03:18:16.927+0000] {process_utils.py:194} INFO - [0m
[2025-04-29T03:18:16.927+0000] {process_utils.py:194} INFO - [2mPlease wait...
[2025-04-29T03:18:17.928+0000] {process_utils.py:194} INFO - [2mPlease wait...
[2025-04-29T03:18:18.937+0000] {process_utils.py:194} INFO - [2mPlease wait...
[2025-04-29T03:18:19.938+0000] {process_utils.py:194} INFO - [2mPlease wait...
[2025-04-29T03:18:18.461+0000] {process_utils.py:194} INFO - Finished
[2025-04-29T03:18:18.483+0000] {python.py:240} INFO - Done. Returned value was: None
[2025-04-29T03:18:18.491+0000] {taskinstance.py:340} INFO - ::group::Post task execution logs
[2025-04-29T03:18:18.491+0000] {taskinstance.py:352} INFO - Marking task as SUCCESS. dag_id=example_python_decorator, task_id=virtualenv_python, run_id=manual__2025-04-29T03:18:11.623567+00:00, execution_date=20250429T031811, start_date=20250429T031812, end_date=20250429T031818
[2025-04-29T03:18:18.530+0000] {local_task_job_runner.py:261} INFO - Task exited with return code 0
[2025-04-29T03:18:18.541+0000] {taskinstance.py:3891} INFO - 0 downstream tasks scheduled from follow-on schedule check
[2025-04-29T03:18:18.543+0000] {local_task_job_runner.py:240} INFO - ::endgroup::
