[2025-05-13T03:10:58.594+0000] {local_task_job_runner.py:123} INFO - ::group::Pre task execution logs
[2025-05-13T03:10:58.607+0000] {taskinstance.py:2603} INFO - Dependencies all met for dep_context=non-requeueable deps ti=<TaskInstance: facebook_videos_scraper_dag.fb_videos_scraper manual__2025-05-13T03:10:58.060552+00:00 [queued]>
[2025-05-13T03:10:58.613+0000] {taskinstance.py:2603} INFO - Dependencies all met for dep_context=requeueable deps ti=<TaskInstance: facebook_videos_scraper_dag.fb_videos_scraper manual__2025-05-13T03:10:58.060552+00:00 [queued]>
[2025-05-13T03:10:58.613+0000] {taskinstance.py:2856} INFO - Starting attempt 1 of 1
[2025-05-13T03:10:58.621+0000] {taskinstance.py:2879} INFO - Executing <Task(_PythonDecoratedOperator): fb_videos_scraper> on 2025-05-13 03:10:58.060552+00:00
[2025-05-13T03:10:58.623+0000] {standard_task_runner.py:72} INFO - Started process 8883 to run task
[2025-05-13T03:10:58.626+0000] {standard_task_runner.py:104} INFO - Running: ['airflow', 'tasks', 'run', 'facebook_videos_scraper_dag', 'fb_videos_scraper', 'manual__2025-05-13T03:10:58.060552+00:00', '--job-id', '5349', '--raw', '--subdir', 'DAGS_FOLDER/pipeline.py', '--cfg-path', '/tmp/tmpg02_3v12']
[2025-05-13T03:10:58.627+0000] {standard_task_runner.py:105} INFO - Job 5349: Subtask fb_videos_scraper
[2025-05-13T03:10:58.661+0000] {task_command.py:467} INFO - Running <TaskInstance: facebook_videos_scraper_dag.fb_videos_scraper manual__2025-05-13T03:10:58.060552+00:00 [running]> on host 79b7354865cb
[2025-05-13T03:10:58.716+0000] {taskinstance.py:3122} INFO - Exporting env vars: AIRFLOW_CTX_DAG_OWNER='airflow' AIRFLOW_CTX_DAG_ID='facebook_videos_scraper_dag' AIRFLOW_CTX_TASK_ID='fb_videos_scraper' AIRFLOW_CTX_EXECUTION_DATE='2025-05-13T03:10:58.060552+00:00' AIRFLOW_CTX_TRY_NUMBER='1' AIRFLOW_CTX_DAG_RUN_ID='manual__2025-05-13T03:10:58.060552+00:00'
[2025-05-13T03:10:58.717+0000] {taskinstance.py:731} INFO - ::endgroup::
[2025-05-13T03:10:58.732+0000] {selenium_manager.py:133} WARNING - The chromedriver version (136.0.7103.59) detected in PATH at /usr/bin/chromedriver might not be compatible with the detected chrome version (136.0.7103.92); currently, chromedriver 136.0.7103.92 is recommended for chrome 136.*, so it is advised to delete the driver in PATH and retry
[2025-05-13T03:12:29.550+0000] {local_task_job_runner.py:341} WARNING - State of this instance has been externally set to failed. Terminating instance.
[2025-05-13T03:12:29.551+0000] {local_task_job_runner.py:240} INFO - ::endgroup::
[2025-05-13T03:12:29.552+0000] {process_utils.py:132} INFO - Sending 15 to group 8883. PIDs of all processes in the group: [8896, 8902, 8908, 8910, 8932, 8938, 8963, 8964, 9007, 8883]
[2025-05-13T03:12:29.552+0000] {process_utils.py:87} INFO - Sending the signal 15 to group 8883
[2025-05-13T03:12:29.553+0000] {taskinstance.py:3083} ERROR - Received SIGTERM. Terminating subprocesses.
[2025-05-13T03:12:29.567+0000] {process_utils.py:80} INFO - Process psutil.Process(pid=8908, status='terminated', started='03:10:58') (8908) terminated with exit code None
[2025-05-13T03:12:29.567+0000] {process_utils.py:80} INFO - Process psutil.Process(pid=9007, status='terminated', started='03:10:58') (9007) terminated with exit code None
[2025-05-13T03:12:29.567+0000] {process_utils.py:80} INFO - Process psutil.Process(pid=8964, status='terminated', started='03:10:58') (8964) terminated with exit code None
[2025-05-13T03:12:29.567+0000] {process_utils.py:80} INFO - Process psutil.Process(pid=8910, status='terminated', started='03:10:58') (8910) terminated with exit code None
[2025-05-13T03:12:29.568+0000] {process_utils.py:80} INFO - Process psutil.Process(pid=8932, status='terminated', started='03:10:58') (8932) terminated with exit code None
[2025-05-13T03:12:29.568+0000] {process_utils.py:80} INFO - Process psutil.Process(pid=8938, status='terminated', started='03:10:58') (8938) terminated with exit code None
[2025-05-13T03:12:29.571+0000] {taskinstance.py:340} INFO - ::group::Post task execution logs
[2025-05-13T03:12:29.571+0000] {process_utils.py:80} INFO - Process psutil.Process(pid=8896, status='terminated', started='03:10:58') (8896) terminated with exit code None
[2025-05-13T03:12:29.572+0000] {process_utils.py:80} INFO - Process psutil.Process(pid=8902, status='terminated', started='03:10:58') (8902) terminated with exit code None
[2025-05-13T03:12:29.572+0000] {process_utils.py:80} INFO - Process psutil.Process(pid=8963, status='terminated', started='03:10:58') (8963) terminated with exit code None
[2025-05-13T03:12:29.579+0000] {process_utils.py:80} INFO - Process psutil.Process(pid=8883, status='terminated', exitcode=0, started='03:10:57') (8883) terminated with exit code 0
