[2025-05-23T09:16:07.653+0000] {local_task_job_runner.py:123} INFO - ::group::Pre task execution logs
[2025-05-23T09:16:07.665+0000] {taskinstance.py:2603} INFO - Dependencies all met for dep_context=non-requeueable deps ti=<TaskInstance: x_videos_scraper_dag.get_links_task manual__2025-05-23T09:16:07.228735+00:00 [queued]>
[2025-05-23T09:16:07.670+0000] {taskinstance.py:2603} INFO - Dependencies all met for dep_context=requeueable deps ti=<TaskInstance: x_videos_scraper_dag.get_links_task manual__2025-05-23T09:16:07.228735+00:00 [queued]>
[2025-05-23T09:16:07.670+0000] {taskinstance.py:2856} INFO - Starting attempt 1 of 1
[2025-05-23T09:16:07.679+0000] {taskinstance.py:2879} INFO - Executing <Task(PythonOperator): get_links_task> on 2025-05-23 09:16:07.228735+00:00
[2025-05-23T09:16:07.682+0000] {standard_task_runner.py:72} INFO - Started process 183 to run task
[2025-05-23T09:16:07.685+0000] {standard_task_runner.py:104} INFO - Running: ['airflow', 'tasks', 'run', 'x_videos_scraper_dag', 'get_links_task', 'manual__2025-05-23T09:16:07.228735+00:00', '--job-id', '6649', '--raw', '--subdir', 'DAGS_FOLDER/pipeline_x.py', '--cfg-path', '/tmp/tmpvs_7busf']
[2025-05-23T09:16:07.687+0000] {standard_task_runner.py:105} INFO - Job 6649: Subtask get_links_task
[2025-05-23T09:16:07.723+0000] {task_command.py:467} INFO - Running <TaskInstance: x_videos_scraper_dag.get_links_task manual__2025-05-23T09:16:07.228735+00:00 [running]> on host f3ad03241d5f
[2025-05-23T09:16:07.789+0000] {taskinstance.py:3122} INFO - Exporting env vars: AIRFLOW_CTX_DAG_OWNER='airflow' AIRFLOW_CTX_DAG_ID='x_videos_scraper_dag' AIRFLOW_CTX_TASK_ID='get_links_task' AIRFLOW_CTX_EXECUTION_DATE='2025-05-23T09:16:07.228735+00:00' AIRFLOW_CTX_TRY_NUMBER='1' AIRFLOW_CTX_DAG_RUN_ID='manual__2025-05-23T09:16:07.228735+00:00'
[2025-05-23T09:16:07.790+0000] {taskinstance.py:731} INFO - ::endgroup::
[2025-05-23T09:16:24.107+0000] {logging_mixin.py:190} INFO - Scrolling down... 0
[2025-05-23T09:16:29.251+0000] {logging_mixin.py:190} INFO - https://x.com/Cristiano/status/1924859108865323121/video/1
[2025-05-23T09:16:29.256+0000] {logging_mixin.py:190} INFO - https://x.com/Cristiano/status/1922957070048874841/video/1
[2025-05-23T09:16:29.264+0000] {logging_mixin.py:190} INFO - https://x.com/Cristiano/status/1921191243482087932/video/1
[2025-05-23T09:16:29.268+0000] {logging_mixin.py:190} INFO - https://x.com/Cristiano/status/1919453517518872985/video/1
[2025-05-23T09:16:29.288+0000] {logging_mixin.py:190} INFO - https://x.com/Cristiano/status/1915409532924158248/video/1
[2025-05-23T09:16:29.292+0000] {logging_mixin.py:190} INFO - https://x.com/Cristiano/status/1914982579465281859/video/1
[2025-05-23T09:16:29.305+0000] {logging_mixin.py:190} INFO - https://x.com/Cristiano/status/1911763830826230166/video/1
[2025-05-23T09:16:29.313+0000] {logging_mixin.py:190} INFO - https://x.com/Cristiano/status/1910588895051329799/video/1
[2025-05-23T09:16:29.317+0000] {logging_mixin.py:190} INFO - https://x.com/Cristiano/status/1910363097774108906/video/1
[2025-05-23T09:16:29.324+0000] {logging_mixin.py:190} INFO - https://x.com/Cristiano/status/1910008061856526695/video/1
[2025-05-23T09:16:29.331+0000] {logging_mixin.py:190} INFO - https://x.com/Cristiano/status/1908867553469800598/video/1
[2025-05-23T09:16:29.342+0000] {logging_mixin.py:190} INFO - https://x.com/Cristiano/status/1906775463282044998/video/1
[2025-05-23T09:16:29.352+0000] {logging_mixin.py:190} INFO - https://x.com/Cristiano/status/1904942189102182598/video/1
[2025-05-23T09:16:29.376+0000] {logging_mixin.py:190} INFO - https://x.com/Cristiano/status/1900187027783487915/video/1
[2025-05-23T09:16:29.487+0000] {logging_mixin.py:190} INFO - Remaining new videos: 14
[2025-05-23T09:16:29.488+0000] {logging_mixin.py:190} INFO - New videos: 14
[2025-05-23T09:16:29.576+0000] {python.py:240} INFO - Done. Returned value was: {'id': 'Cristiano', 'new_links': ('https://x.com/Cristiano/status/1914982579465281859/video/1', 'https://x.com/Cristiano/status/1900187027783487915/video/1', 'https://x.com/Cristiano/status/1922957070048874841/video/1', 'https://x.com/Cristiano/status/1919453517518872985/video/1', 'https://x.com/Cristiano/status/1908867553469800598/video/1', 'https://x.com/Cristiano/status/1910363097774108906/video/1', 'https://x.com/Cristiano/status/1911763830826230166/video/1', 'https://x.com/Cristiano/status/1910008061856526695/video/1', 'https://x.com/Cristiano/status/1910588895051329799/video/1', 'https://x.com/Cristiano/status/1924859108865323121/video/1', 'https://x.com/Cristiano/status/1906775463282044998/video/1', 'https://x.com/Cristiano/status/1904942189102182598/video/1', 'https://x.com/Cristiano/status/1921191243482087932/video/1', 'https://x.com/Cristiano/status/1915409532924158248/video/1')}
[2025-05-23T09:16:29.598+0000] {taskinstance.py:340} INFO - ::group::Post task execution logs
[2025-05-23T09:16:29.598+0000] {taskinstance.py:352} INFO - Marking task as SUCCESS. dag_id=x_videos_scraper_dag, task_id=get_links_task, run_id=manual__2025-05-23T09:16:07.228735+00:00, execution_date=20250523T091607, start_date=20250523T091607, end_date=20250523T091629
[2025-05-23T09:16:29.619+0000] {local_task_job_runner.py:261} INFO - Task exited with return code 0
[2025-05-23T09:16:29.637+0000] {taskinstance.py:3891} INFO - 1 downstream tasks scheduled from follow-on schedule check
[2025-05-23T09:16:29.639+0000] {local_task_job_runner.py:240} INFO - ::endgroup::
