[2025-05-26T08:35:30.087+0000] {local_task_job_runner.py:123} INFO - ::group::Pre task execution logs
[2025-05-26T08:35:30.101+0000] {taskinstance.py:2603} INFO - Dependencies all met for dep_context=non-requeueable deps ti=<TaskInstance: instagram_videos_scraper_dag.batch_download_task manual__2025-05-26T08:35:21.255079+00:00 [queued]>
[2025-05-26T08:35:30.109+0000] {taskinstance.py:2603} INFO - Dependencies all met for dep_context=requeueable deps ti=<TaskInstance: instagram_videos_scraper_dag.batch_download_task manual__2025-05-26T08:35:21.255079+00:00 [queued]>
[2025-05-26T08:35:30.110+0000] {taskinstance.py:2856} INFO - Starting attempt 1 of 6
[2025-05-26T08:35:30.134+0000] {taskinstance.py:2879} INFO - Executing <Task(PythonOperator): batch_download_task> on 2025-05-26 08:35:21.255079+00:00
[2025-05-26T08:35:30.138+0000] {standard_task_runner.py:72} INFO - Started process 57598 to run task
[2025-05-26T08:35:30.141+0000] {standard_task_runner.py:104} INFO - Running: ['airflow', 'tasks', 'run', 'instagram_videos_scraper_dag', 'batch_download_task', 'manual__2025-05-26T08:35:21.255079+00:00', '--job-id', '6791', '--raw', '--subdir', 'DAGS_FOLDER/pipeline_instagram.py', '--cfg-path', '/tmp/tmpuvoyx_o7']
[2025-05-26T08:35:30.143+0000] {standard_task_runner.py:105} INFO - Job 6791: Subtask batch_download_task
[2025-05-26T08:35:30.189+0000] {task_command.py:467} INFO - Running <TaskInstance: instagram_videos_scraper_dag.batch_download_task manual__2025-05-26T08:35:21.255079+00:00 [running]> on host f541e6bad3a5
[2025-05-26T08:35:30.260+0000] {taskinstance.py:3122} INFO - Exporting env vars: AIRFLOW_CTX_DAG_OWNER='airflow' AIRFLOW_CTX_DAG_ID='instagram_videos_scraper_dag' AIRFLOW_CTX_TASK_ID='batch_download_task' AIRFLOW_CTX_EXECUTION_DATE='2025-05-26T08:35:21.255079+00:00' AIRFLOW_CTX_TRY_NUMBER='1' AIRFLOW_CTX_DAG_RUN_ID='manual__2025-05-26T08:35:21.255079+00:00'
[2025-05-26T08:35:30.261+0000] {taskinstance.py:731} INFO - ::endgroup::
[2025-05-26T08:35:30.263+0000] {logging_mixin.py:190} INFO - Starting batch download...
[2025-05-26T08:35:30.421+0000] {logging_mixin.py:190} INFO - Internet connection detected. Proceeding...
[2025-05-26T08:35:30.422+0000] {logging_mixin.py:190} INFO - Downloading video from DKF0DScO6Zu...
[2025-05-26T08:35:30.542+0000] {logging_mixin.py:190} INFO - [Instagram] Extracting URL: https://www.instagram.com/mancity/reel/DKF0DScO6Zu/
[2025-05-26T08:35:30.543+0000] {logging_mixin.py:190} INFO - [Instagram] DKF0DScO6Zu: Setting up session
[2025-05-26T08:35:31.527+0000] {logging_mixin.py:190} INFO - [Instagram] DKF0DScO6Zu: Downloading JSON metadata
[2025-05-26T08:35:32.314+0000] {logging_mixin.py:190} INFO - [info] DKF0DScO6Zu: Downloading 1 format(s): dash-1325123048582541ad
[2025-05-26T08:35:32.352+0000] {logging_mixin.py:190} INFO - [download] Destination: data/DKF0DScO6Zu
[2025-05-26T08:35:32.353+0000] {logging_mixin.py:190} INFO - [download]   0.4% of  254.45KiB at  597.48KiB/s ETA 00:00
[2025-05-26T08:35:32.353+0000] {logging_mixin.py:190} INFO - [download]   1.2% of  254.45KiB at    1.23MiB/s ETA 00:00
[2025-05-26T08:35:32.355+0000] {logging_mixin.py:190} INFO - [download]   2.8% of  254.45KiB at    1.82MiB/s ETA 00:00
[2025-05-26T08:35:32.355+0000] {logging_mixin.py:190} INFO - [download]   5.9% of  254.45KiB at    3.35MiB/s ETA 00:00
[2025-05-26T08:35:32.357+0000] {logging_mixin.py:190} INFO - [download]  12.2% of  254.45KiB at    5.16MiB/s ETA 00:00
[2025-05-26T08:35:32.360+0000] {logging_mixin.py:190} INFO - [download]  24.8% of  254.45KiB at    6.66MiB/s ETA 00:00
[2025-05-26T08:35:32.366+0000] {logging_mixin.py:190} INFO - [download]  49.9% of  254.45KiB at    8.01MiB/s ETA 00:00
[2025-05-26T08:35:32.378+0000] {logging_mixin.py:190} INFO - [download] 100.0% of  254.45KiB at    9.06MiB/s ETA 00:00
[2025-05-26T08:35:32.379+0000] {logging_mixin.py:190} INFO - [download] 100% of  254.45KiB in 00:00:00 at 4.16MiB/s   
[2025-05-26T08:35:32.494+0000] {logging_mixin.py:190} INFO - [FixupM4a] Correcting container of "data/DKF0DScO6Zu"
[2025-05-26T08:35:32.631+0000] {logging_mixin.py:190} INFO - [ExtractAudio] Destination: data/DKF0DScO6Zu.mp3
[2025-05-26T08:35:32.967+0000] {logging_mixin.py:190} INFO - Deleting original file data/DKF0DScO6Zu (pass -k to keep)
[2025-05-26T08:35:32.971+0000] {logging_mixin.py:190} INFO - 
Downloaded successfully: DKF0DScO6Zu
[2025-05-26T08:35:32.977+0000] {logging_mixin.py:190} INFO - Downloaded video DKF0DScO6Zu to data/DKF0DScO6Zu.mp3
[2025-05-26T08:35:32.978+0000] {logging_mixin.py:190} INFO - Downloaded 1 new videos.
[2025-05-26T08:35:32.978+0000] {python.py:240} INFO - Done. Returned value was: [{'video_id': 'DKF0DScO6Zu', 'file_path': 'data/DKF0DScO6Zu.mp3'}]
[2025-05-26T08:35:32.996+0000] {taskinstance.py:340} INFO - ::group::Post task execution logs
[2025-05-26T08:35:32.996+0000] {taskinstance.py:352} INFO - Marking task as SUCCESS. dag_id=instagram_videos_scraper_dag, task_id=batch_download_task, run_id=manual__2025-05-26T08:35:21.255079+00:00, execution_date=20250526T083521, start_date=20250526T083530, end_date=20250526T083532
[2025-05-26T08:35:32.996+0000] {taskinstance.py:1554} INFO - Executing <lambda> callback
[2025-05-26T08:35:32.996+0000] {pipeline_instagram.py:29} INFO - DAG runs successfully
[2025-05-26T08:35:33.035+0000] {local_task_job_runner.py:261} INFO - Task exited with return code 0
[2025-05-26T08:35:33.054+0000] {taskinstance.py:3891} INFO - 1 downstream tasks scheduled from follow-on schedule check
[2025-05-26T08:35:33.056+0000] {local_task_job_runner.py:240} INFO - ::endgroup::
