[2025-04-29T02:56:39.504+0000] {local_task_job_runner.py:123} INFO - ::group::Pre task execution logs
[2025-04-29T02:56:39.514+0000] {taskinstance.py:2603} INFO - Dependencies all met for dep_context=non-requeueable deps ti=<TaskInstance: demo.hello scheduled__2024-10-03T00:00:00+00:00 [queued]>
[2025-04-29T02:56:39.519+0000] {taskinstance.py:2603} INFO - Dependencies all met for dep_context=requeueable deps ti=<TaskInstance: demo.hello scheduled__2024-10-03T00:00:00+00:00 [queued]>
[2025-04-29T02:56:39.519+0000] {taskinstance.py:2856} INFO - Starting attempt 1 of 1
[2025-04-29T02:56:39.527+0000] {taskinstance.py:2879} INFO - Executing <Task(BashOperator): hello> on 2024-10-03 00:00:00+00:00
[2025-04-29T02:56:39.530+0000] {standard_task_runner.py:72} INFO - Started process 7319 to run task
[2025-04-29T02:56:39.533+0000] {standard_task_runner.py:104} INFO - Running: ['airflow', 'tasks', 'run', 'demo', 'hello', 'scheduled__2024-10-03T00:00:00+00:00', '--job-id', '2029', '--raw', '--subdir', 'DAGS_FOLDER/simple-dag.py', '--cfg-path', '/tmp/tmprq3yokxj']
[2025-04-29T02:56:39.533+0000] {standard_task_runner.py:105} INFO - Job 2029: Subtask hello
[2025-04-29T02:56:39.566+0000] {task_command.py:467} INFO - Running <TaskInstance: demo.hello scheduled__2024-10-03T00:00:00+00:00 [running]> on host 2c7afa36055b
[2025-04-29T02:56:39.618+0000] {taskinstance.py:3122} INFO - Exporting env vars: AIRFLOW_CTX_DAG_OWNER='airflow' AIRFLOW_CTX_DAG_ID='demo' AIRFLOW_CTX_TASK_ID='hello' AIRFLOW_CTX_EXECUTION_DATE='2024-10-03T00:00:00+00:00' AIRFLOW_CTX_TRY_NUMBER='1' AIRFLOW_CTX_DAG_RUN_ID='scheduled__2024-10-03T00:00:00+00:00'
[2025-04-29T02:56:39.618+0000] {taskinstance.py:731} INFO - ::endgroup::
[2025-04-29T02:56:39.620+0000] {subprocess.py:63} INFO - Tmp dir root location: /tmp
[2025-04-29T02:56:39.620+0000] {subprocess.py:75} INFO - Running command: ['/usr/bin/bash', '-c', 'echo hello']
[2025-04-29T02:56:39.626+0000] {subprocess.py:86} INFO - Output:
[2025-04-29T02:56:39.627+0000] {subprocess.py:93} INFO - hello
[2025-04-29T02:56:39.627+0000] {subprocess.py:97} INFO - Command exited with return code 0
[2025-04-29T02:56:39.645+0000] {taskinstance.py:340} INFO - ::group::Post task execution logs
[2025-04-29T02:56:39.645+0000] {taskinstance.py:352} INFO - Marking task as SUCCESS. dag_id=demo, task_id=hello, run_id=scheduled__2024-10-03T00:00:00+00:00, execution_date=20241003T000000, start_date=20250429T025639, end_date=20250429T025639
[2025-04-29T02:56:39.673+0000] {local_task_job_runner.py:261} INFO - Task exited with return code 0
[2025-04-29T02:56:39.687+0000] {taskinstance.py:3891} INFO - 1 downstream tasks scheduled from follow-on schedule check
[2025-04-29T02:56:39.689+0000] {local_task_job_runner.py:240} INFO - ::endgroup::
