[2025-05-23T03:40:50.285+0000] {local_task_job_runner.py:123} INFO - ::group::Pre task execution logs
[2025-05-23T03:40:50.298+0000] {taskinstance.py:2603} INFO - Dependencies all met for dep_context=non-requeueable deps ti=<TaskInstance: x_videos_scraper_dag.get_links_task manual__2025-05-23T03:40:48.521023+00:00 [queued]>
[2025-05-23T03:40:50.305+0000] {taskinstance.py:2603} INFO - Dependencies all met for dep_context=requeueable deps ti=<TaskInstance: x_videos_scraper_dag.get_links_task manual__2025-05-23T03:40:48.521023+00:00 [queued]>
[2025-05-23T03:40:50.306+0000] {taskinstance.py:2856} INFO - Starting attempt 1 of 1
[2025-05-23T03:40:50.315+0000] {taskinstance.py:2879} INFO - Executing <Task(PythonOperator): get_links_task> on 2025-05-23 03:40:48.521023+00:00
[2025-05-23T03:40:50.318+0000] {standard_task_runner.py:72} INFO - Started process 60 to run task
[2025-05-23T03:40:50.321+0000] {standard_task_runner.py:104} INFO - Running: ['airflow', 'tasks', 'run', 'x_videos_scraper_dag', 'get_links_task', 'manual__2025-05-23T03:40:48.521023+00:00', '--job-id', '6569', '--raw', '--subdir', 'DAGS_FOLDER/pipeline_x.py', '--cfg-path', '/tmp/tmp9wkwh6li']
[2025-05-23T03:40:50.323+0000] {standard_task_runner.py:105} INFO - Job 6569: Subtask get_links_task
[2025-05-23T03:40:50.361+0000] {task_command.py:467} INFO - Running <TaskInstance: x_videos_scraper_dag.get_links_task manual__2025-05-23T03:40:48.521023+00:00 [running]> on host d48b22c1eeec
[2025-05-23T03:40:50.445+0000] {taskinstance.py:3122} INFO - Exporting env vars: AIRFLOW_CTX_DAG_OWNER='airflow' AIRFLOW_CTX_DAG_ID='x_videos_scraper_dag' AIRFLOW_CTX_TASK_ID='get_links_task' AIRFLOW_CTX_EXECUTION_DATE='2025-05-23T03:40:48.521023+00:00' AIRFLOW_CTX_TRY_NUMBER='1' AIRFLOW_CTX_DAG_RUN_ID='manual__2025-05-23T03:40:48.521023+00:00'
[2025-05-23T03:40:50.445+0000] {taskinstance.py:731} INFO - ::endgroup::
[2025-05-23T03:40:58.742+0000] {logging_mixin.py:190} INFO - Scrolling down... 0
[2025-05-23T03:41:03.945+0000] {logging_mixin.py:190} INFO - https://x.com/ManUtd/status/1925251151848771938/video/1
[2025-05-23T03:41:03.973+0000] {logging_mixin.py:190} INFO - https://x.com/ManUtd/status/1925228260117426432/video/1
[2025-05-23T03:41:03.977+0000] {logging_mixin.py:190} INFO - https://x.com/ManUtd/status/1925224362329677876/video/1
[2025-05-23T03:41:03.985+0000] {logging_mixin.py:190} INFO - https://x.com/ManUtd/status/1925207989285220682/video/1
[2025-05-23T03:41:04.014+0000] {logging_mixin.py:190} INFO - https://x.com/ManUtd/status/1925086909589528946/video/1
[2025-05-23T03:41:04.043+0000] {logging_mixin.py:190} INFO - https://x.com/ManUtd/status/1924901688986497308/video/1
[2025-05-23T03:41:04.049+0000] {logging_mixin.py:190} INFO - https://x.com/ManUtd/status/1924881924297834732/video/1
[2025-05-23T03:41:04.119+0000] {warnings.py:109} WARNING - /opt/airflow/dags/app/core/database_utils.py:30: SAWarning: SELECT statement has a cartesian product between FROM element(s) "tiktok" and FROM element "x".  Apply join condition(s) between each element to resolve.
  return db.query(X).filter(Tiktok.status == TaskStatus.SUCCESS.value).all()

[2025-05-23T03:41:04.623+0000] {logging_mixin.py:190} INFO - Remaining new videos: 0
[2025-05-23T03:41:04.624+0000] {logging_mixin.py:190} INFO - New videos: 0
[2025-05-23T03:41:04.727+0000] {python.py:240} INFO - Done. Returned value was: {'id': 'ManUtd', 'new_links': ()}
[2025-05-23T03:41:04.744+0000] {taskinstance.py:340} INFO - ::group::Post task execution logs
[2025-05-23T03:41:04.745+0000] {taskinstance.py:352} INFO - Marking task as SUCCESS. dag_id=x_videos_scraper_dag, task_id=get_links_task, run_id=manual__2025-05-23T03:40:48.521023+00:00, execution_date=20250523T034048, start_date=20250523T034050, end_date=20250523T034104
[2025-05-23T03:41:04.779+0000] {local_task_job_runner.py:261} INFO - Task exited with return code 0
[2025-05-23T03:41:04.816+0000] {taskinstance.py:3891} INFO - 1 downstream tasks scheduled from follow-on schedule check
[2025-05-23T03:41:04.819+0000] {local_task_job_runner.py:240} INFO - ::endgroup::
