[2025-05-14T07:06:16.413+0000] {local_task_job_runner.py:123} INFO - ::group::Pre task execution logs
[2025-05-14T07:06:16.425+0000] {taskinstance.py:2603} INFO - Dependencies all met for dep_context=non-requeueable deps ti=<TaskInstance: x_videos_scraper_dag.x_videos_scraper manual__2025-05-14T07:06:15.531881+00:00 [queued]>
[2025-05-14T07:06:16.430+0000] {taskinstance.py:2603} INFO - Dependencies all met for dep_context=requeueable deps ti=<TaskInstance: x_videos_scraper_dag.x_videos_scraper manual__2025-05-14T07:06:15.531881+00:00 [queued]>
[2025-05-14T07:06:16.430+0000] {taskinstance.py:2856} INFO - Starting attempt 1 of 1
[2025-05-14T07:06:16.445+0000] {taskinstance.py:2879} INFO - Executing <Task(_PythonDecoratedOperator): x_videos_scraper> on 2025-05-14 07:06:15.531881+00:00
[2025-05-14T07:06:16.448+0000] {standard_task_runner.py:72} INFO - Started process 9354 to run task
[2025-05-14T07:06:16.451+0000] {standard_task_runner.py:104} INFO - Running: ['airflow', 'tasks', 'run', 'x_videos_scraper_dag', 'x_videos_scraper', 'manual__2025-05-14T07:06:15.531881+00:00', '--job-id', '5417', '--raw', '--subdir', 'DAGS_FOLDER/pipeline_x.py', '--cfg-path', '/tmp/tmp6_79zueu']
[2025-05-14T07:06:16.453+0000] {standard_task_runner.py:105} INFO - Job 5417: Subtask x_videos_scraper
[2025-05-14T07:06:16.494+0000] {task_command.py:467} INFO - Running <TaskInstance: x_videos_scraper_dag.x_videos_scraper manual__2025-05-14T07:06:15.531881+00:00 [running]> on host 79b7354865cb
[2025-05-14T07:06:16.564+0000] {taskinstance.py:3122} INFO - Exporting env vars: AIRFLOW_CTX_DAG_OWNER='airflow' AIRFLOW_CTX_DAG_ID='x_videos_scraper_dag' AIRFLOW_CTX_TASK_ID='x_videos_scraper' AIRFLOW_CTX_EXECUTION_DATE='2025-05-14T07:06:15.531881+00:00' AIRFLOW_CTX_TRY_NUMBER='1' AIRFLOW_CTX_DAG_RUN_ID='manual__2025-05-14T07:06:15.531881+00:00'
[2025-05-14T07:06:16.565+0000] {taskinstance.py:731} INFO - ::endgroup::
[2025-05-14T07:06:31.941+0000] {logging_mixin.py:190} INFO - Error accessing page: Page.goto: Timeout 15000ms exceeded.
Call log:
  - navigating to "https://x.com/elonmusk/media", waiting until "load"
[2025-05-14T07:06:32.011+0000] {python.py:240} INFO - Done. Returned value was: []
[2025-05-14T07:06:32.033+0000] {taskinstance.py:340} INFO - ::group::Post task execution logs
[2025-05-14T07:06:32.033+0000] {taskinstance.py:352} INFO - Marking task as SUCCESS. dag_id=x_videos_scraper_dag, task_id=x_videos_scraper, run_id=manual__2025-05-14T07:06:15.531881+00:00, execution_date=20250514T070615, start_date=20250514T070616, end_date=20250514T070632
[2025-05-14T07:06:32.081+0000] {local_task_job_runner.py:261} INFO - Task exited with return code 0
[2025-05-14T07:06:32.106+0000] {taskinstance.py:3891} INFO - 1 downstream tasks scheduled from follow-on schedule check
[2025-05-14T07:06:32.108+0000] {local_task_job_runner.py:240} INFO - ::endgroup::
