[2025-05-13T02:22:10.520+0000] {local_task_job_runner.py:123} INFO - ::group::Pre task execution logs
[2025-05-13T02:22:10.532+0000] {taskinstance.py:2603} INFO - Dependencies all met for dep_context=non-requeueable deps ti=<TaskInstance: instagram_videos_scraper_dag.ins_videos_scraper manual__2025-05-13T02:22:09.219419+00:00 [queued]>
[2025-05-13T02:22:10.538+0000] {taskinstance.py:2603} INFO - Dependencies all met for dep_context=requeueable deps ti=<TaskInstance: instagram_videos_scraper_dag.ins_videos_scraper manual__2025-05-13T02:22:09.219419+00:00 [queued]>
[2025-05-13T02:22:10.538+0000] {taskinstance.py:2856} INFO - Starting attempt 1 of 1
[2025-05-13T02:22:10.547+0000] {taskinstance.py:2879} INFO - Executing <Task(_PythonDecoratedOperator): ins_videos_scraper> on 2025-05-13 02:22:09.219419+00:00
[2025-05-13T02:22:10.550+0000] {standard_task_runner.py:72} INFO - Started process 977 to run task
[2025-05-13T02:22:10.553+0000] {standard_task_runner.py:104} INFO - Running: ['airflow', 'tasks', 'run', 'instagram_videos_scraper_dag', 'ins_videos_scraper', 'manual__2025-05-13T02:22:09.219419+00:00', '--job-id', '5328', '--raw', '--subdir', 'DAGS_FOLDER/pipeline.py', '--cfg-path', '/tmp/tmpu7plcwas']
[2025-05-13T02:22:10.555+0000] {standard_task_runner.py:105} INFO - Job 5328: Subtask ins_videos_scraper
[2025-05-13T02:22:10.604+0000] {task_command.py:467} INFO - Running <TaskInstance: instagram_videos_scraper_dag.ins_videos_scraper manual__2025-05-13T02:22:09.219419+00:00 [running]> on host 79b7354865cb
[2025-05-13T02:22:10.666+0000] {taskinstance.py:3122} INFO - Exporting env vars: AIRFLOW_CTX_DAG_OWNER='airflow' AIRFLOW_CTX_DAG_ID='instagram_videos_scraper_dag' AIRFLOW_CTX_TASK_ID='ins_videos_scraper' AIRFLOW_CTX_EXECUTION_DATE='2025-05-13T02:22:09.219419+00:00' AIRFLOW_CTX_TRY_NUMBER='1' AIRFLOW_CTX_DAG_RUN_ID='manual__2025-05-13T02:22:09.219419+00:00'
[2025-05-13T02:22:10.667+0000] {taskinstance.py:731} INFO - ::endgroup::
[2025-05-13T02:22:10.669+0000] {logging_mixin.py:190} INFO - Scraping Instagram profile: baukrysie
[2025-05-13T02:22:10.683+0000] {selenium_manager.py:133} WARNING - The chromedriver version (136.0.7103.59) detected in PATH at /usr/bin/chromedriver might not be compatible with the detected chrome version (136.0.7103.92); currently, chromedriver 136.0.7103.92 is recommended for chrome 136.*, so it is advised to delete the driver in PATH and retry
[2025-05-13T02:22:11.438+0000] {logging_mixin.py:190} INFO - url: https://www.instagram.com/baukrysie/
[2025-05-13T02:22:13.652+0000] {logging_mixin.py:190} INFO - Step 1 of 2 - Loading profile page
[2025-05-13T02:22:13.653+0000] {logging_mixin.py:190} INFO - Extracting videos...
[2025-05-13T02:22:16.763+0000] {logging_mixin.py:190} INFO - Count: 1, Limit: 10
[2025-05-13T02:22:16.764+0000] {logging_mixin.py:190} INFO - Scrolling... 1 iterations
[2025-05-13T02:22:16.861+0000] {logging_mixin.py:190} INFO - Found 51 video tags
[2025-05-13T02:22:17.063+0000] {logging_mixin.py:190} INFO - Extracted video URL: https://www.instagram.com/baukrysie/reel/DH0KpCARMKo/
[2025-05-13T02:22:17.093+0000] {logging_mixin.py:190} INFO - Extracted 1 video URLs
[2025-05-13T02:22:17.094+0000] {logging_mixin.py:190} INFO - Step 2 of 2 - Downloading and saving videos
[2025-05-13T02:22:17.095+0000] {logging_mixin.py:190} INFO - Don't close the app! Saving scraped data to database, it can take a while!
[2025-05-13T02:22:17.104+0000] {warnings.py:109} WARNING - /opt/airflow/dags/app/core/database_utils.py:38: SAWarning: SELECT statement has a cartesian product between FROM element(s) "facebook" and FROM element "tiktok".  Apply join condition(s) between each element to resolve.
  return db.query(Facebook).filter(Tiktok.status == TaskStatus.SUCCESS.value).all()

[2025-05-13T02:22:17.120+0000] {logging_mixin.py:190} INFO - Remaining new videos: 1
[2025-05-13T02:22:17.120+0000] {logging_mixin.py:190} INFO - New videos: 1
[2025-05-13T02:22:17.251+0000] {logging_mixin.py:190} INFO - Internet connection detected. Proceeding...
[2025-05-13T02:22:17.252+0000] {logging_mixin.py:190} INFO - An error occurred local variable 'id' referenced before assignment
[2025-05-13T02:22:17.382+0000] {python.py:240} INFO - Done. Returned value was: None
[2025-05-13T02:22:17.389+0000] {taskinstance.py:340} INFO - ::group::Post task execution logs
[2025-05-13T02:22:17.390+0000] {taskinstance.py:352} INFO - Marking task as SUCCESS. dag_id=instagram_videos_scraper_dag, task_id=ins_videos_scraper, run_id=manual__2025-05-13T02:22:09.219419+00:00, execution_date=20250513T022209, start_date=20250513T022210, end_date=20250513T022217
[2025-05-13T02:22:17.424+0000] {local_task_job_runner.py:261} INFO - Task exited with return code 0
[2025-05-13T02:22:17.438+0000] {taskinstance.py:3891} INFO - 1 downstream tasks scheduled from follow-on schedule check
[2025-05-13T02:22:17.448+0000] {local_task_job_runner.py:240} INFO - ::endgroup::
