[2025-05-26T08:37:53.290+0000] {local_task_job_runner.py:123} INFO - ::group::Pre task execution logs
[2025-05-26T08:37:53.302+0000] {taskinstance.py:2603} INFO - Dependencies all met for dep_context=non-requeueable deps ti=<TaskInstance: instagram_videos_scraper_dag.get_links_task manual__2025-05-26T08:37:52.329607+00:00 [queued]>
[2025-05-26T08:37:53.309+0000] {taskinstance.py:2603} INFO - Dependencies all met for dep_context=requeueable deps ti=<TaskInstance: instagram_videos_scraper_dag.get_links_task manual__2025-05-26T08:37:52.329607+00:00 [queued]>
[2025-05-26T08:37:53.309+0000] {taskinstance.py:2856} INFO - Starting attempt 1 of 6
[2025-05-26T08:37:53.321+0000] {taskinstance.py:2879} INFO - Executing <Task(PythonOperator): get_links_task> on 2025-05-26 08:37:52.329607+00:00
[2025-05-26T08:37:53.324+0000] {standard_task_runner.py:72} INFO - Started process 157417 to run task
[2025-05-26T08:37:53.327+0000] {standard_task_runner.py:104} INFO - Running: ['airflow', 'tasks', 'run', 'instagram_videos_scraper_dag', 'get_links_task', 'manual__2025-05-26T08:37:52.329607+00:00', '--job-id', '6796', '--raw', '--subdir', 'DAGS_FOLDER/pipeline_instagram.py', '--cfg-path', '/tmp/tmpei0ogt7a']
[2025-05-26T08:37:53.329+0000] {standard_task_runner.py:105} INFO - Job 6796: Subtask get_links_task
[2025-05-26T08:37:53.363+0000] {task_command.py:467} INFO - Running <TaskInstance: instagram_videos_scraper_dag.get_links_task manual__2025-05-26T08:37:52.329607+00:00 [running]> on host f541e6bad3a5
[2025-05-26T08:37:53.417+0000] {taskinstance.py:3122} INFO - Exporting env vars: AIRFLOW_CTX_DAG_OWNER='airflow' AIRFLOW_CTX_DAG_ID='instagram_videos_scraper_dag' AIRFLOW_CTX_TASK_ID='get_links_task' AIRFLOW_CTX_EXECUTION_DATE='2025-05-26T08:37:52.329607+00:00' AIRFLOW_CTX_TRY_NUMBER='1' AIRFLOW_CTX_DAG_RUN_ID='manual__2025-05-26T08:37:52.329607+00:00'
[2025-05-26T08:37:53.418+0000] {taskinstance.py:731} INFO - ::endgroup::
[2025-05-26T08:37:53.441+0000] {selenium_manager.py:133} WARNING - The chromedriver version (136.0.7103.59) detected in PATH at /usr/bin/chromedriver might not be compatible with the detected chrome version (136.0.7103.113); currently, chromedriver 136.0.7103.113 is recommended for chrome 136.*, so it is advised to delete the driver in PATH and retry
[2025-05-26T08:37:56.393+0000] {logging_mixin.py:190} INFO - Step 1 of 2 - Loading profile page
[2025-05-26T08:37:56.394+0000] {logging_mixin.py:190} INFO - Extracting videos...
[2025-05-26T08:37:59.453+0000] {logging_mixin.py:190} INFO - Count: 1, Limit: 1
[2025-05-26T08:37:59.466+0000] {logging_mixin.py:190} INFO - Found 46 video tags
[2025-05-26T08:37:59.577+0000] {logging_mixin.py:190} INFO - Extracted video URL: https://www.instagram.com/mancity/reel/DKHAzbwuni3/
[2025-05-26T08:37:59.583+0000] {logging_mixin.py:190} INFO - Extracted video URL: https://www.instagram.com/mancity/reel/DKF0vIOO-rj/
[2025-05-26T08:37:59.589+0000] {logging_mixin.py:190} INFO - Extracted video URL: https://www.instagram.com/mancity/reel/DKF0DScO6Zu/
[2025-05-26T08:37:59.597+0000] {logging_mixin.py:190} INFO - Extracted video URL: https://www.instagram.com/mancity/reel/DKFjtc5OxM2/
[2025-05-26T08:37:59.603+0000] {logging_mixin.py:190} INFO - Extracted video URL: https://www.instagram.com/mancity/reel/DKFeTXcMOKL/
[2025-05-26T08:37:59.610+0000] {logging_mixin.py:190} INFO - Extracted video URL: https://www.instagram.com/mancity/reel/DKFL6eWsX7o/
[2025-05-26T08:37:59.617+0000] {logging_mixin.py:190} INFO - Extracted video URL: https://www.instagram.com/mancity/reel/DKFKDtZsmYU/
[2025-05-26T08:37:59.630+0000] {logging_mixin.py:190} INFO - Extracted video URL: https://www.instagram.com/mancity/reel/DKFErXssX4U/
[2025-05-26T08:37:59.636+0000] {logging_mixin.py:190} INFO - Extracted video URL: https://www.instagram.com/mancity/reel/DKDBguAuWH0/
[2025-05-26T08:37:59.658+0000] {logging_mixin.py:190} INFO - Extracted video URL: https://www.instagram.com/mancity/reel/DKCJTJSs4BD/
[2025-05-26T08:37:59.666+0000] {logging_mixin.py:190} INFO - Extracted video URL: https://www.instagram.com/mancity/reel/DKCDqUGsAeK/
[2025-05-26T08:37:59.672+0000] {logging_mixin.py:190} INFO - Extracted video URL: https://www.instagram.com/mancity/reel/DKB9oX2CbLV/
[2025-05-26T08:37:59.860+0000] {logging_mixin.py:190} INFO - Scrolled 1 iterations
[2025-05-26T08:38:00.368+0000] {logging_mixin.py:190} INFO - Count: 2, Limit: 1
[2025-05-26T08:38:00.368+0000] {logging_mixin.py:190} INFO - Scrolling stopped after 10 iterations
[2025-05-26T08:38:00.368+0000] {logging_mixin.py:190} INFO - Extracted 12 video URLs
[2025-05-26T08:38:00.369+0000] {logging_mixin.py:190} INFO - Step 2 of 2 - Downloading and saving videos
[2025-05-26T08:38:00.369+0000] {logging_mixin.py:190} INFO - Don't close the app! Saving scraped data to database, it can take a while!
[2025-05-26T08:38:00.379+0000] {logging_mixin.py:190} INFO - New videos: 4
[2025-05-26T08:38:00.550+0000] {python.py:240} INFO - Done. Returned value was: {'id': 'mancity', 'new_links': ('https://www.instagram.com/mancity/reel/DKCDqUGsAeK/', 'https://www.instagram.com/mancity/reel/DKCJTJSs4BD/', 'https://www.instagram.com/mancity/reel/DKB9oX2CbLV/', 'https://www.instagram.com/mancity/reel/DKDBguAuWH0/')}
[2025-05-26T08:38:00.568+0000] {taskinstance.py:340} INFO - ::group::Post task execution logs
[2025-05-26T08:38:00.568+0000] {taskinstance.py:352} INFO - Marking task as SUCCESS. dag_id=instagram_videos_scraper_dag, task_id=get_links_task, run_id=manual__2025-05-26T08:37:52.329607+00:00, execution_date=20250526T083752, start_date=20250526T083753, end_date=20250526T083800
[2025-05-26T08:38:00.568+0000] {taskinstance.py:1554} INFO - Executing <lambda> callback
[2025-05-26T08:38:00.568+0000] {pipeline_instagram.py:29} INFO - DAG runs successfully
[2025-05-26T08:38:00.608+0000] {local_task_job_runner.py:261} INFO - Task exited with return code 0
[2025-05-26T08:38:00.626+0000] {taskinstance.py:3891} INFO - 1 downstream tasks scheduled from follow-on schedule check
[2025-05-26T08:38:00.628+0000] {local_task_job_runner.py:240} INFO - ::endgroup::
