[2025-05-14T07:20:39.485+0000] {local_task_job_runner.py:123} INFO - ::group::Pre task execution logs
[2025-05-14T07:20:39.496+0000] {taskinstance.py:2603} INFO - Dependencies all met for dep_context=non-requeueable deps ti=<TaskInstance: x_videos_scraper_dag.x_videos_scraper manual__2025-05-14T07:20:38.594871+00:00 [queued]>
[2025-05-14T07:20:39.501+0000] {taskinstance.py:2603} INFO - Dependencies all met for dep_context=requeueable deps ti=<TaskInstance: x_videos_scraper_dag.x_videos_scraper manual__2025-05-14T07:20:38.594871+00:00 [queued]>
[2025-05-14T07:20:39.501+0000] {taskinstance.py:2856} INFO - Starting attempt 1 of 1
[2025-05-14T07:20:39.509+0000] {taskinstance.py:2879} INFO - Executing <Task(_PythonDecoratedOperator): x_videos_scraper> on 2025-05-14 07:20:38.594871+00:00
[2025-05-14T07:20:39.512+0000] {standard_task_runner.py:72} INFO - Started process 10308 to run task
[2025-05-14T07:20:39.514+0000] {standard_task_runner.py:104} INFO - Running: ['airflow', 'tasks', 'run', 'x_videos_scraper_dag', 'x_videos_scraper', 'manual__2025-05-14T07:20:38.594871+00:00', '--job-id', '5431', '--raw', '--subdir', 'DAGS_FOLDER/pipeline_x.py', '--cfg-path', '/tmp/tmpaq_8l3u5']
[2025-05-14T07:20:39.516+0000] {standard_task_runner.py:105} INFO - Job 5431: Subtask x_videos_scraper
[2025-05-14T07:20:39.548+0000] {task_command.py:467} INFO - Running <TaskInstance: x_videos_scraper_dag.x_videos_scraper manual__2025-05-14T07:20:38.594871+00:00 [running]> on host 79b7354865cb
[2025-05-14T07:20:39.602+0000] {taskinstance.py:3122} INFO - Exporting env vars: AIRFLOW_CTX_DAG_OWNER='airflow' AIRFLOW_CTX_DAG_ID='x_videos_scraper_dag' AIRFLOW_CTX_TASK_ID='x_videos_scraper' AIRFLOW_CTX_EXECUTION_DATE='2025-05-14T07:20:38.594871+00:00' AIRFLOW_CTX_TRY_NUMBER='1' AIRFLOW_CTX_DAG_RUN_ID='manual__2025-05-14T07:20:38.594871+00:00'
[2025-05-14T07:20:39.602+0000] {taskinstance.py:731} INFO - ::endgroup::
[2025-05-14T07:21:07.439+0000] {logging_mixin.py:190} INFO - Error accessing page: Page.goto: Timeout 30000ms exceeded.
Call log:
  - navigating to "https://x.com/", waiting until "load"
[2025-05-14T07:21:07.521+0000] {python.py:240} INFO - Done. Returned value was: []
[2025-05-14T07:21:07.540+0000] {taskinstance.py:340} INFO - ::group::Post task execution logs
[2025-05-14T07:21:07.541+0000] {taskinstance.py:352} INFO - Marking task as SUCCESS. dag_id=x_videos_scraper_dag, task_id=x_videos_scraper, run_id=manual__2025-05-14T07:20:38.594871+00:00, execution_date=20250514T072038, start_date=20250514T072039, end_date=20250514T072107
[2025-05-14T07:21:07.571+0000] {local_task_job_runner.py:261} INFO - Task exited with return code 0
[2025-05-14T07:21:07.586+0000] {taskinstance.py:3891} INFO - 1 downstream tasks scheduled from follow-on schedule check
[2025-05-14T07:21:07.588+0000] {local_task_job_runner.py:240} INFO - ::endgroup::
