[2025-05-21T03:31:30.429+0000] {local_task_job_runner.py:123} INFO - ::group::Pre task execution logs
[2025-05-21T03:31:30.442+0000] {taskinstance.py:2603} INFO - Dependencies all met for dep_context=non-requeueable deps ti=<TaskInstance: tiktok_videos_scraper_dag.tiktok_videos_scraper_task manual__2025-05-21T03:31:29.493661+00:00 [queued]>
[2025-05-21T03:31:30.447+0000] {taskinstance.py:2603} INFO - Dependencies all met for dep_context=requeueable deps ti=<TaskInstance: tiktok_videos_scraper_dag.tiktok_videos_scraper_task manual__2025-05-21T03:31:29.493661+00:00 [queued]>
[2025-05-21T03:31:30.447+0000] {taskinstance.py:2856} INFO - Starting attempt 1 of 1
[2025-05-21T03:31:30.456+0000] {taskinstance.py:2879} INFO - Executing <Task(PythonOperator): tiktok_videos_scraper_task> on 2025-05-21 03:31:29.493661+00:00
[2025-05-21T03:31:30.459+0000] {standard_task_runner.py:72} INFO - Started process 7447 to run task
[2025-05-21T03:31:30.462+0000] {standard_task_runner.py:104} INFO - Running: ['airflow', 'tasks', 'run', 'tiktok_videos_scraper_dag', 'tiktok_videos_scraper_task', 'manual__2025-05-21T03:31:29.493661+00:00', '--job-id', '6366', '--raw', '--subdir', 'DAGS_FOLDER/pipeline_tiktok.py', '--cfg-path', '/tmp/tmps_glzkyi']
[2025-05-21T03:31:30.464+0000] {standard_task_runner.py:105} INFO - Job 6366: Subtask tiktok_videos_scraper_task
[2025-05-21T03:31:30.504+0000] {task_command.py:467} INFO - Running <TaskInstance: tiktok_videos_scraper_dag.tiktok_videos_scraper_task manual__2025-05-21T03:31:29.493661+00:00 [running]> on host 05534d39966d
[2025-05-21T03:31:30.566+0000] {taskinstance.py:3122} INFO - Exporting env vars: AIRFLOW_CTX_DAG_OWNER='airflow' AIRFLOW_CTX_DAG_ID='tiktok_videos_scraper_dag' AIRFLOW_CTX_TASK_ID='tiktok_videos_scraper_task' AIRFLOW_CTX_EXECUTION_DATE='2025-05-21T03:31:29.493661+00:00' AIRFLOW_CTX_TRY_NUMBER='1' AIRFLOW_CTX_DAG_RUN_ID='manual__2025-05-21T03:31:29.493661+00:00'
[2025-05-21T03:31:30.567+0000] {taskinstance.py:731} INFO - ::endgroup::
[2025-05-21T03:32:35.880+0000] {local_task_job_runner.py:341} WARNING - State of this instance has been externally set to skipped. Terminating instance.
[2025-05-21T03:32:35.881+0000] {local_task_job_runner.py:240} INFO - ::endgroup::
[2025-05-21T03:32:35.882+0000] {process_utils.py:132} INFO - Sending 15 to group 7447. PIDs of all processes in the group: [7450, 7462, 7469, 7470, 7498, 7507, 7558, 7559, 7586, 7447]
[2025-05-21T03:32:35.882+0000] {process_utils.py:87} INFO - Sending the signal 15 to group 7447
[2025-05-21T03:32:35.882+0000] {taskinstance.py:3083} ERROR - Received SIGTERM. Terminating subprocesses.
[2025-05-21T03:32:35.936+0000] {process_utils.py:80} INFO - Process psutil.Process(pid=7469, status='terminated', started='03:31:31') (7469) terminated with exit code None
[2025-05-21T03:32:35.936+0000] {process_utils.py:80} INFO - Process psutil.Process(pid=7507, status='terminated', started='03:31:31') (7507) terminated with exit code None
[2025-05-21T03:32:36.072+0000] {process_utils.py:80} INFO - Process psutil.Process(pid=7462, status='terminated', started='03:31:30') (7462) terminated with exit code None
[2025-05-21T03:32:36.210+0000] {process_utils.py:80} INFO - Process psutil.Process(pid=7498, status='terminated', started='03:31:31') (7498) terminated with exit code None
[2025-05-21T03:32:36.211+0000] {process_utils.py:80} INFO - Process psutil.Process(pid=7558, status='terminated', started='03:31:31') (7558) terminated with exit code None
[2025-05-21T03:32:36.211+0000] {process_utils.py:80} INFO - Process psutil.Process(pid=7586, status='terminated', started='03:31:31') (7586) terminated with exit code None
[2025-05-21T03:32:36.211+0000] {process_utils.py:80} INFO - Process psutil.Process(pid=7559, status='terminated', started='03:31:31') (7559) terminated with exit code None
[2025-05-21T03:32:36.211+0000] {process_utils.py:80} INFO - Process psutil.Process(pid=7470, status='terminated', started='03:31:31') (7470) terminated with exit code None
[2025-05-21T03:33:30.884+0000] {process_utils.py:150} WARNING - process psutil.Process(pid=7450, name='node', status='sleeping', started='03:31:30') did not respond to SIGTERM. Trying SIGKILL
[2025-05-21T03:33:30.886+0000] {process_utils.py:150} WARNING - process psutil.Process(pid=7447, name='airflow task ru', status='sleeping', started='03:31:29') did not respond to SIGTERM. Trying SIGKILL
[2025-05-21T03:33:30.887+0000] {process_utils.py:87} INFO - Sending the signal 9 to group 7447
[2025-05-21T03:33:30.895+0000] {process_utils.py:80} INFO - Process psutil.Process(pid=7450, name='node', status='terminated', started='03:31:30') (7450) terminated with exit code None
[2025-05-21T03:33:30.896+0000] {process_utils.py:80} INFO - Process psutil.Process(pid=7447, name='airflow task ru', status='terminated', exitcode=<Negsignal.SIGKILL: -9>, started='03:31:29') (7447) terminated with exit code -9
[2025-05-21T03:33:30.896+0000] {standard_task_runner.py:190} ERROR - ('Job 6366 was killed before it finished (likely due to running out of memory)', 'For more information, see https://airflow.apache.org/docs/apache-airflow/stable/troubleshooting.html#LocalTaskJob-killed')
