[2025-05-12T06:56:12.635+0000] {local_task_job_runner.py:123} INFO - ::group::Pre task execution logs
[2025-05-12T06:56:12.647+0000] {taskinstance.py:2603} INFO - Dependencies all met for dep_context=non-requeueable deps ti=<TaskInstance: tiktok_videos_scraper_dag.tiktok_videos_scraper manual__2025-05-12T06:56:11.702901+00:00 [queued]>
[2025-05-12T06:56:12.652+0000] {taskinstance.py:2603} INFO - Dependencies all met for dep_context=requeueable deps ti=<TaskInstance: tiktok_videos_scraper_dag.tiktok_videos_scraper manual__2025-05-12T06:56:11.702901+00:00 [queued]>
[2025-05-12T06:56:12.652+0000] {taskinstance.py:2856} INFO - Starting attempt 1 of 1
[2025-05-12T06:56:12.660+0000] {taskinstance.py:2879} INFO - Executing <Task(_PythonDecoratedOperator): tiktok_videos_scraper> on 2025-05-12 06:56:11.702901+00:00
[2025-05-12T06:56:12.663+0000] {standard_task_runner.py:72} INFO - Started process 7456 to run task
[2025-05-12T06:56:12.665+0000] {standard_task_runner.py:104} INFO - Running: ['airflow', 'tasks', 'run', 'tiktok_videos_scraper_dag', 'tiktok_videos_scraper', 'manual__2025-05-12T06:56:11.702901+00:00', '--job-id', '5219', '--raw', '--subdir', 'DAGS_FOLDER/pipeline.py', '--cfg-path', '/tmp/tmphuho17u2']
[2025-05-12T06:56:12.667+0000] {standard_task_runner.py:105} INFO - Job 5219: Subtask tiktok_videos_scraper
[2025-05-12T06:56:12.706+0000] {task_command.py:467} INFO - Running <TaskInstance: tiktok_videos_scraper_dag.tiktok_videos_scraper manual__2025-05-12T06:56:11.702901+00:00 [running]> on host 14fa56807961
[2025-05-12T06:56:12.768+0000] {taskinstance.py:3122} INFO - Exporting env vars: AIRFLOW_CTX_DAG_OWNER='airflow' AIRFLOW_CTX_DAG_ID='tiktok_videos_scraper_dag' AIRFLOW_CTX_TASK_ID='tiktok_videos_scraper' AIRFLOW_CTX_EXECUTION_DATE='2025-05-12T06:56:11.702901+00:00' AIRFLOW_CTX_TRY_NUMBER='1' AIRFLOW_CTX_DAG_RUN_ID='manual__2025-05-12T06:56:11.702901+00:00'
[2025-05-12T06:56:12.769+0000] {taskinstance.py:731} INFO - ::endgroup::
[2025-05-12T06:56:20.146+0000] {logging_mixin.py:190} INFO - https://www.tiktok.com/@therock/video/7498828992825396526
[2025-05-12T06:56:20.146+0000] {logging_mixin.py:190} INFO - https://www.tiktok.com/@therock/video/7498176682105294123
[2025-05-12T06:56:20.146+0000] {logging_mixin.py:190} INFO - https://www.tiktok.com/@therock/video/7495761605502848298
[2025-05-12T06:56:20.146+0000] {logging_mixin.py:190} INFO - https://www.tiktok.com/@therock/video/7494644438497529130
[2025-05-12T06:56:20.146+0000] {logging_mixin.py:190} INFO - https://www.tiktok.com/@therock/video/7494316440749755694
[2025-05-12T06:56:20.146+0000] {logging_mixin.py:190} INFO - https://www.tiktok.com/@therock/video/7493217492802882858
[2025-05-12T06:56:20.147+0000] {logging_mixin.py:190} INFO - https://www.tiktok.com/@therock/video/7492481998187990318
[2025-05-12T06:56:20.147+0000] {logging_mixin.py:190} INFO - https://www.tiktok.com/@therock/video/7490673656641637675
[2025-05-12T06:56:20.147+0000] {logging_mixin.py:190} INFO - https://www.tiktok.com/@therock/video/7487701629119171886
[2025-05-12T06:56:20.147+0000] {logging_mixin.py:190} INFO - https://www.tiktok.com/@therock/video/7486515871624596782
[2025-05-12T06:56:20.147+0000] {logging_mixin.py:190} INFO - https://www.tiktok.com/@therock/video/7482814601717910826
[2025-05-12T06:56:20.147+0000] {logging_mixin.py:190} INFO - https://www.tiktok.com/@therock/video/7480993221586292014
[2025-05-12T06:56:20.147+0000] {logging_mixin.py:190} INFO - https://www.tiktok.com/@therock/video/7478382826568568110
[2025-05-12T06:56:20.147+0000] {logging_mixin.py:190} INFO - https://www.tiktok.com/@therock/video/7475105018052480302
[2025-05-12T06:56:20.147+0000] {logging_mixin.py:190} INFO - https://www.tiktok.com/@therock/video/7474681315955150126
[2025-05-12T06:56:20.147+0000] {logging_mixin.py:190} INFO - https://www.tiktok.com/@therock/video/7473147398718573866
[2025-05-12T06:56:20.147+0000] {logging_mixin.py:190} INFO - https://www.tiktok.com/@therock/video/7473137749025967406
[2025-05-12T06:56:20.147+0000] {logging_mixin.py:190} INFO - https://www.tiktok.com/@therock/video/7472396683477830955
[2025-05-12T06:56:20.147+0000] {logging_mixin.py:190} INFO - https://www.tiktok.com/@therock/video/7461443489067240747
[2025-05-12T06:56:20.147+0000] {logging_mixin.py:190} INFO - https://www.tiktok.com/@therock/video/7460513088354258219
[2025-05-12T06:56:20.148+0000] {logging_mixin.py:190} INFO - https://www.tiktok.com/@therock/video/7460511600202648878
[2025-05-12T06:56:20.148+0000] {logging_mixin.py:190} INFO - https://www.tiktok.com/@therock/video/7457228860275395882
[2025-05-12T06:56:20.148+0000] {logging_mixin.py:190} INFO - https://www.tiktok.com/@therock/video/7456475589663362350
[2025-05-12T06:56:20.148+0000] {logging_mixin.py:190} INFO - https://www.tiktok.com/@therock/video/7455784020379716910
[2025-05-12T06:56:20.148+0000] {logging_mixin.py:190} INFO - https://www.tiktok.com/@therock/video/7455388311826287914
[2025-05-12T06:56:20.148+0000] {logging_mixin.py:190} INFO - https://www.tiktok.com/@therock/video/7454241121665944874
[2025-05-12T06:56:20.148+0000] {logging_mixin.py:190} INFO - https://www.tiktok.com/@therock/video/7452740726187642155
[2025-05-12T06:56:20.148+0000] {logging_mixin.py:190} INFO - https://www.tiktok.com/@therock/video/7452738096988294446
[2025-05-12T06:56:20.148+0000] {logging_mixin.py:190} INFO - https://www.tiktok.com/@therock/video/7451804943654276398
[2025-05-12T06:56:20.148+0000] {logging_mixin.py:190} INFO - https://www.tiktok.com/@therock/video/7451345731819965742
[2025-05-12T06:56:20.148+0000] {logging_mixin.py:190} INFO - https://www.tiktok.com/@therock/video/7451022184526482730
[2025-05-12T06:56:20.148+0000] {logging_mixin.py:190} INFO - https://www.tiktok.com/@therock/video/7450249740471749934
[2025-05-12T06:56:20.148+0000] {logging_mixin.py:190} INFO - https://www.tiktok.com/@therock/video/7448020055507422507
[2025-05-12T06:56:20.148+0000] {logging_mixin.py:190} INFO - https://www.tiktok.com/@therock/video/7447975660741610795
[2025-05-12T06:56:20.149+0000] {logging_mixin.py:190} INFO - https://www.tiktok.com/@therock/video/7447285805044993326
[2025-05-12T06:56:20.157+0000] {logging_mixin.py:190} INFO - Remaining new videos: 35
[2025-05-12T06:56:20.157+0000] {logging_mixin.py:190} INFO - New videos: 35
[2025-05-12T06:56:20.443+0000] {logging_mixin.py:190} INFO - Internet connection detected. Proceeding...
[2025-05-12T06:56:21.489+0000] {logging_mixin.py:190} INFO - Downloaded video 7494316440749755694 to media/7494316440749755694.mp3
[2025-05-12T06:56:21.615+0000] {logging_mixin.py:190} INFO - Internet connection detected. Proceeding...
[2025-05-12T06:56:22.611+0000] {logging_mixin.py:190} INFO - Downloaded video 7448020055507422507 to media/7448020055507422507.mp3
[2025-05-12T06:56:22.740+0000] {logging_mixin.py:190} INFO - Internet connection detected. Proceeding...
[2025-05-12T06:56:23.679+0000] {logging_mixin.py:190} INFO - Downloaded video 7474681315955150126 to media/7474681315955150126.mp3
[2025-05-12T06:56:23.805+0000] {logging_mixin.py:190} INFO - Internet connection detected. Proceeding...
[2025-05-12T06:56:24.595+0000] {logging_mixin.py:190} INFO - Downloaded video 7460511600202648878 to media/7460511600202648878.mp3
[2025-05-12T06:56:24.719+0000] {logging_mixin.py:190} INFO - Internet connection detected. Proceeding...
[2025-05-12T06:56:27.412+0000] {logging_mixin.py:190} INFO - Downloaded video 7457228860275395882 to media/7457228860275395882.mp3
[2025-05-12T06:56:27.534+0000] {logging_mixin.py:190} INFO - Internet connection detected. Proceeding...
[2025-05-12T06:56:28.939+0000] {logging_mixin.py:190} INFO - Downloaded video 7455388311826287914 to media/7455388311826287914.mp3
[2025-05-12T06:56:29.055+0000] {logging_mixin.py:190} INFO - Internet connection detected. Proceeding...
[2025-05-12T06:56:30.479+0000] {logging_mixin.py:190} INFO - Downloaded video 7473137749025967406 to media/7473137749025967406.mp3
[2025-05-12T06:56:30.601+0000] {logging_mixin.py:190} INFO - Internet connection detected. Proceeding...
[2025-05-12T06:56:31.527+0000] {logging_mixin.py:190} INFO - Downloaded video 7452740726187642155 to media/7452740726187642155.mp3
[2025-05-12T06:56:31.661+0000] {logging_mixin.py:190} INFO - Internet connection detected. Proceeding...
[2025-05-12T06:56:32.260+0000] {logging_mixin.py:190} INFO - Downloaded video 7492481998187990318 to media/7492481998187990318.mp3
[2025-05-12T06:56:32.374+0000] {logging_mixin.py:190} INFO - Internet connection detected. Proceeding...
[2025-05-12T06:56:31.061+0000] {logging_mixin.py:190} INFO - Downloaded video 7498828992825396526 to media/7498828992825396526.mp3
[2025-05-12T06:56:31.185+0000] {logging_mixin.py:190} INFO - Internet connection detected. Proceeding...
[2025-05-12T06:56:33.016+0000] {logging_mixin.py:190} INFO - Downloaded video 7460513088354258219 to media/7460513088354258219.mp3
[2025-05-12T06:56:33.148+0000] {logging_mixin.py:190} INFO - Internet connection detected. Proceeding...
[2025-05-12T06:56:34.085+0000] {logging_mixin.py:190} INFO - Downloaded video 7487701629119171886 to media/7487701629119171886.mp3
[2025-05-12T06:56:34.214+0000] {logging_mixin.py:190} INFO - Internet connection detected. Proceeding...
[2025-05-12T06:56:34.665+0000] {logging_mixin.py:190} INFO - Downloaded video 7473147398718573866 to media/7473147398718573866.mp3
[2025-05-12T06:56:34.790+0000] {logging_mixin.py:190} INFO - Internet connection detected. Proceeding...
[2025-05-12T06:56:35.830+0000] {logging_mixin.py:190} INFO - Downloaded video 7495761605502848298 to media/7495761605502848298.mp3
[2025-05-12T06:56:35.951+0000] {logging_mixin.py:190} INFO - Internet connection detected. Proceeding...
[2025-05-12T06:56:36.640+0000] {logging_mixin.py:190} INFO - Downloaded video 7451345731819965742 to media/7451345731819965742.mp3
[2025-05-12T06:56:36.767+0000] {logging_mixin.py:190} INFO - Internet connection detected. Proceeding...
[2025-05-12T06:56:37.624+0000] {logging_mixin.py:190} INFO - Downloaded video 7494644438497529130 to media/7494644438497529130.mp3
[2025-05-12T06:56:37.741+0000] {logging_mixin.py:190} INFO - Internet connection detected. Proceeding...
[2025-05-12T06:56:38.818+0000] {logging_mixin.py:190} INFO - Downloaded video 7493217492802882858 to media/7493217492802882858.mp3
[2025-05-12T06:56:38.946+0000] {logging_mixin.py:190} INFO - Internet connection detected. Proceeding...
[2025-05-12T06:56:39.935+0000] {logging_mixin.py:190} INFO - Downloaded video 7461443489067240747 to media/7461443489067240747.mp3
[2025-05-12T06:56:40.070+0000] {logging_mixin.py:190} INFO - Internet connection detected. Proceeding...
[2025-05-12T06:56:41.484+0000] {logging_mixin.py:190} INFO - Downloaded video 7482814601717910826 to media/7482814601717910826.mp3
[2025-05-12T06:56:41.610+0000] {logging_mixin.py:190} INFO - Internet connection detected. Proceeding...
[2025-05-12T06:56:42.719+0000] {logging_mixin.py:190} INFO - Downloaded video 7456475589663362350 to media/7456475589663362350.mp3
[2025-05-12T06:56:42.845+0000] {logging_mixin.py:190} INFO - Internet connection detected. Proceeding...
[2025-05-12T06:56:43.631+0000] {logging_mixin.py:190} INFO - Downloaded video 7451022184526482730 to media/7451022184526482730.mp3
[2025-05-12T06:56:43.758+0000] {logging_mixin.py:190} INFO - Internet connection detected. Proceeding...
[2025-05-12T06:56:44.774+0000] {logging_mixin.py:190} INFO - Downloaded video 7447285805044993326 to media/7447285805044993326.mp3
[2025-05-12T06:56:44.899+0000] {logging_mixin.py:190} INFO - Internet connection detected. Proceeding...
[2025-05-12T06:56:45.425+0000] {logging_mixin.py:190} INFO - Downloaded video 7490673656641637675 to media/7490673656641637675.mp3
[2025-05-12T06:56:45.542+0000] {logging_mixin.py:190} INFO - Internet connection detected. Proceeding...
[2025-05-12T06:56:46.574+0000] {logging_mixin.py:190} INFO - Downloaded video 7451804943654276398 to media/7451804943654276398.mp3
[2025-05-12T06:56:46.695+0000] {logging_mixin.py:190} INFO - Internet connection detected. Proceeding...
[2025-05-12T06:56:47.894+0000] {logging_mixin.py:190} INFO - Downloaded video 7450249740471749934 to media/7450249740471749934.mp3
[2025-05-12T06:56:48.026+0000] {logging_mixin.py:190} INFO - Internet connection detected. Proceeding...
[2025-05-12T06:56:48.475+0000] {logging_mixin.py:190} INFO - Downloaded video 7455784020379716910 to media/7455784020379716910.mp3
[2025-05-12T06:56:48.592+0000] {logging_mixin.py:190} INFO - Internet connection detected. Proceeding...
[2025-05-12T06:56:49.775+0000] {logging_mixin.py:190} INFO - Downloaded video 7454241121665944874 to media/7454241121665944874.mp3
[2025-05-12T06:56:49.890+0000] {logging_mixin.py:190} INFO - Internet connection detected. Proceeding...
[2025-05-12T06:56:50.864+0000] {logging_mixin.py:190} INFO - Downloaded video 7498176682105294123 to media/7498176682105294123.mp3
[2025-05-12T06:56:50.989+0000] {logging_mixin.py:190} INFO - Internet connection detected. Proceeding...
[2025-05-12T06:56:52.006+0000] {logging_mixin.py:190} INFO - Downloaded video 7486515871624596782 to media/7486515871624596782.mp3
[2025-05-12T06:56:52.122+0000] {logging_mixin.py:190} INFO - Internet connection detected. Proceeding...
[2025-05-12T06:56:53.080+0000] {logging_mixin.py:190} INFO - Downloaded video 7475105018052480302 to media/7475105018052480302.mp3
[2025-05-12T06:56:53.195+0000] {logging_mixin.py:190} INFO - Internet connection detected. Proceeding...
[2025-05-12T06:56:54.113+0000] {logging_mixin.py:190} INFO - Downloaded video 7472396683477830955 to media/7472396683477830955.mp3
[2025-05-12T06:56:54.222+0000] {logging_mixin.py:190} INFO - Internet connection detected. Proceeding...
[2025-05-12T06:56:55.531+0000] {logging_mixin.py:190} INFO - Downloaded video 7452738096988294446 to media/7452738096988294446.mp3
[2025-05-12T06:56:55.698+0000] {logging_mixin.py:190} INFO - Internet connection detected. Proceeding...
[2025-05-12T06:56:56.306+0000] {logging_mixin.py:190} INFO - Downloaded video 7478382826568568110 to media/7478382826568568110.mp3
[2025-05-12T06:56:56.438+0000] {logging_mixin.py:190} INFO - Internet connection detected. Proceeding...
[2025-05-12T06:56:57.457+0000] {logging_mixin.py:190} INFO - Downloaded video 7480993221586292014 to media/7480993221586292014.mp3
[2025-05-12T06:56:57.576+0000] {logging_mixin.py:190} INFO - Internet connection detected. Proceeding...
[2025-05-12T06:56:58.545+0000] {logging_mixin.py:190} INFO - Downloaded video 7447975660741610795 to media/7447975660741610795.mp3
[2025-05-12T06:56:58.545+0000] {logging_mixin.py:190} INFO - Downloaded 35 new videos.
[2025-05-12T06:56:58.674+0000] {python.py:240} INFO - Done. Returned value was: None
[2025-05-12T06:56:58.681+0000] {taskinstance.py:340} INFO - ::group::Post task execution logs
[2025-05-12T06:56:58.681+0000] {taskinstance.py:352} INFO - Marking task as SUCCESS. dag_id=tiktok_videos_scraper_dag, task_id=tiktok_videos_scraper, run_id=manual__2025-05-12T06:56:11.702901+00:00, execution_date=20250512T065611, start_date=20250512T065612, end_date=20250512T065658
[2025-05-12T06:56:58.708+0000] {local_task_job_runner.py:261} INFO - Task exited with return code 0
[2025-05-12T06:56:58.722+0000] {taskinstance.py:3891} INFO - 1 downstream tasks scheduled from follow-on schedule check
[2025-05-12T06:56:58.724+0000] {local_task_job_runner.py:240} INFO - ::endgroup::
