[2025-05-07T06:21:01.121+0000] {local_task_job_runner.py:123} INFO - ::group::Pre task execution logs
[2025-05-07T06:21:01.134+0000] {taskinstance.py:2603} INFO - Dependencies all met for dep_context=non-requeueable deps ti=<TaskInstance: x_videos_scraper_dag.x_videos_scraper manual__2025-05-07T06:20:52.462120+00:00 [queued]>
[2025-05-07T06:21:01.139+0000] {taskinstance.py:2603} INFO - Dependencies all met for dep_context=requeueable deps ti=<TaskInstance: x_videos_scraper_dag.x_videos_scraper manual__2025-05-07T06:20:52.462120+00:00 [queued]>
[2025-05-07T06:21:01.139+0000] {taskinstance.py:2856} INFO - Starting attempt 1 of 1
[2025-05-07T06:21:01.148+0000] {taskinstance.py:2879} INFO - Executing <Task(_PythonDecoratedOperator): x_videos_scraper> on 2025-05-07 06:20:52.462120+00:00
[2025-05-07T06:21:01.151+0000] {standard_task_runner.py:72} INFO - Started process 614 to run task
[2025-05-07T06:21:01.154+0000] {standard_task_runner.py:104} INFO - Running: ['airflow', 'tasks', 'run', 'x_videos_scraper_dag', 'x_videos_scraper', 'manual__2025-05-07T06:20:52.462120+00:00', '--job-id', '4862', '--raw', '--subdir', 'DAGS_FOLDER/pipeline.py', '--cfg-path', '/tmp/tmpl1mjf_ip']
[2025-05-07T06:21:01.156+0000] {standard_task_runner.py:105} INFO - Job 4862: Subtask x_videos_scraper
[2025-05-07T06:21:01.191+0000] {task_command.py:467} INFO - Running <TaskInstance: x_videos_scraper_dag.x_videos_scraper manual__2025-05-07T06:20:52.462120+00:00 [running]> on host 83ad4205cb64
[2025-05-07T06:21:01.252+0000] {taskinstance.py:3122} INFO - Exporting env vars: AIRFLOW_CTX_DAG_OWNER='airflow' AIRFLOW_CTX_DAG_ID='x_videos_scraper_dag' AIRFLOW_CTX_TASK_ID='x_videos_scraper' AIRFLOW_CTX_EXECUTION_DATE='2025-05-07T06:20:52.462120+00:00' AIRFLOW_CTX_TRY_NUMBER='1' AIRFLOW_CTX_DAG_RUN_ID='manual__2025-05-07T06:20:52.462120+00:00'
[2025-05-07T06:21:01.253+0000] {taskinstance.py:731} INFO - ::endgroup::
[2025-05-07T06:21:07.436+0000] {logging_mixin.py:190} INFO - Scrolling down... 0
[2025-05-07T06:21:12.083+0000] {logging_mixin.py:190} INFO - https://x.com/elonmusk/status/1916999224664953190/video/1
[2025-05-07T06:21:12.095+0000] {logging_mixin.py:190} INFO - https://x.com/elonmusk/status/1916035259990479114/video/1
[2025-05-07T06:21:12.146+0000] {logging_mixin.py:190} INFO - https://x.com/elonmusk/status/1907317741763084507/video/1
[2025-05-07T06:21:12.174+0000] {logging_mixin.py:190} INFO - https://x.com/elonmusk/status/1906223684580245997/video/1
[2025-05-07T06:21:12.220+0000] {logging_mixin.py:190} INFO - Scrolling down... 1
[2025-05-07T06:21:22.678+0000] {logging_mixin.py:190} INFO - https://x.com/elonmusk/status/1904752125831504348/video/1
[2025-05-07T06:21:17.087+0000] {logging_mixin.py:190} INFO - https://x.com/elonmusk/status/1902518955463328185/video/1
[2025-05-07T06:21:17.158+0000] {logging_mixin.py:190} INFO - Scrolling down... 2
[2025-05-07T06:21:22.516+0000] {taskinstance.py:3301} ERROR - Task failed with exception
Traceback (most recent call last):
  File "/home/airflow/.local/lib/python3.10/site-packages/airflow/models/taskinstance.py", line 767, in _execute_task
    result = _execute_callable(context=context, **execute_callable_kwargs)
  File "/home/airflow/.local/lib/python3.10/site-packages/airflow/models/taskinstance.py", line 733, in _execute_callable
    return ExecutionCallableRunner(
  File "/home/airflow/.local/lib/python3.10/site-packages/airflow/utils/operator_helpers.py", line 252, in run
    return self.func(*args, **kwargs)
  File "/home/airflow/.local/lib/python3.10/site-packages/airflow/models/baseoperator.py", line 406, in wrapper
    return func(self, *args, **kwargs)
  File "/home/airflow/.local/lib/python3.10/site-packages/airflow/decorators/base.py", line 266, in execute
    return_value = super().execute(context)
  File "/home/airflow/.local/lib/python3.10/site-packages/airflow/models/baseoperator.py", line 406, in wrapper
    return func(self, *args, **kwargs)
  File "/home/airflow/.local/lib/python3.10/site-packages/airflow/operators/python.py", line 238, in execute
    return_value = self.execute_callable()
  File "/home/airflow/.local/lib/python3.10/site-packages/airflow/operators/python.py", line 256, in execute_callable
    return runner.run(*self.op_args, **self.op_kwargs)
  File "/home/airflow/.local/lib/python3.10/site-packages/airflow/utils/operator_helpers.py", line 252, in run
    return self.func(*args, **kwargs)
  File "/opt/airflow/dags/tasks/x_videos_scraper.py", line 44, in x_videos_scraper
    with open(Config.X_FILE_PATH, "w",encoding='utf-8') as f:
FileNotFoundError: [Errno 2] No such file or directory: 'scraped_data/x.txt'
[2025-05-07T06:21:22.523+0000] {taskinstance.py:1225} INFO - Marking task as FAILED. dag_id=x_videos_scraper_dag, task_id=x_videos_scraper, run_id=manual__2025-05-07T06:20:52.462120+00:00, execution_date=20250507T062052, start_date=20250507T062101, end_date=20250507T062122
[2025-05-07T06:21:22.538+0000] {taskinstance.py:340} INFO - ::group::Post task execution logs
[2025-05-07T06:21:22.539+0000] {standard_task_runner.py:124} ERROR - Failed to execute job 4862 for task x_videos_scraper ([Errno 2] No such file or directory: 'scraped_data/x.txt'; 614)
Traceback (most recent call last):
  File "/home/airflow/.local/lib/python3.10/site-packages/airflow/task/task_runner/standard_task_runner.py", line 117, in _start_by_fork
    ret = args.func(args, dag=self.dag)
  File "/home/airflow/.local/lib/python3.10/site-packages/airflow/cli/cli_config.py", line 49, in command
    return func(*args, **kwargs)
  File "/home/airflow/.local/lib/python3.10/site-packages/airflow/utils/cli.py", line 115, in wrapper
    return f(*args, **kwargs)
  File "/home/airflow/.local/lib/python3.10/site-packages/airflow/cli/commands/task_command.py", line 483, in task_run
    task_return_code = _run_task_by_selected_method(args, _dag, ti)
  File "/home/airflow/.local/lib/python3.10/site-packages/airflow/cli/commands/task_command.py", line 256, in _run_task_by_selected_method
    return _run_raw_task(args, ti)
  File "/home/airflow/.local/lib/python3.10/site-packages/airflow/cli/commands/task_command.py", line 341, in _run_raw_task
    return ti._run_raw_task(
  File "/home/airflow/.local/lib/python3.10/site-packages/airflow/utils/session.py", line 97, in wrapper
    return func(*args, session=session, **kwargs)
  File "/home/airflow/.local/lib/python3.10/site-packages/airflow/models/taskinstance.py", line 2995, in _run_raw_task
    return _run_raw_task(
  File "/home/airflow/.local/lib/python3.10/site-packages/airflow/models/taskinstance.py", line 273, in _run_raw_task
    TaskInstance._execute_task_with_callbacks(
  File "/home/airflow/.local/lib/python3.10/site-packages/airflow/models/taskinstance.py", line 3149, in _execute_task_with_callbacks
    result = self._execute_task(context, task_orig)
  File "/home/airflow/.local/lib/python3.10/site-packages/airflow/models/taskinstance.py", line 3173, in _execute_task
    return _execute_task(self, context, task_orig)
  File "/home/airflow/.local/lib/python3.10/site-packages/airflow/models/taskinstance.py", line 767, in _execute_task
    result = _execute_callable(context=context, **execute_callable_kwargs)
  File "/home/airflow/.local/lib/python3.10/site-packages/airflow/models/taskinstance.py", line 733, in _execute_callable
    return ExecutionCallableRunner(
  File "/home/airflow/.local/lib/python3.10/site-packages/airflow/utils/operator_helpers.py", line 252, in run
    return self.func(*args, **kwargs)
  File "/home/airflow/.local/lib/python3.10/site-packages/airflow/models/baseoperator.py", line 406, in wrapper
    return func(self, *args, **kwargs)
  File "/home/airflow/.local/lib/python3.10/site-packages/airflow/decorators/base.py", line 266, in execute
    return_value = super().execute(context)
  File "/home/airflow/.local/lib/python3.10/site-packages/airflow/models/baseoperator.py", line 406, in wrapper
    return func(self, *args, **kwargs)
  File "/home/airflow/.local/lib/python3.10/site-packages/airflow/operators/python.py", line 238, in execute
    return_value = self.execute_callable()
  File "/home/airflow/.local/lib/python3.10/site-packages/airflow/operators/python.py", line 256, in execute_callable
    return runner.run(*self.op_args, **self.op_kwargs)
  File "/home/airflow/.local/lib/python3.10/site-packages/airflow/utils/operator_helpers.py", line 252, in run
    return self.func(*args, **kwargs)
  File "/opt/airflow/dags/tasks/x_videos_scraper.py", line 44, in x_videos_scraper
    with open(Config.X_FILE_PATH, "w",encoding='utf-8') as f:
FileNotFoundError: [Errno 2] No such file or directory: 'scraped_data/x.txt'
[2025-05-07T06:21:22.580+0000] {local_task_job_runner.py:261} INFO - Task exited with return code 1
[2025-05-07T06:21:22.595+0000] {taskinstance.py:3891} INFO - 0 downstream tasks scheduled from follow-on schedule check
[2025-05-07T06:21:22.597+0000] {local_task_job_runner.py:240} INFO - ::endgroup::
