[2025-05-05T10:29:21.023+0000] {local_task_job_runner.py:123} INFO - ::group::Pre task execution logs
[2025-05-05T10:29:21.035+0000] {taskinstance.py:2603} INFO - Dependencies all met for dep_context=non-requeueable deps ti=<TaskInstance: dag1.group1.task2 scheduled__2018-06-23T00:00:00+00:00 [queued]>
[2025-05-05T10:29:21.041+0000] {taskinstance.py:2603} INFO - Dependencies all met for dep_context=requeueable deps ti=<TaskInstance: dag1.group1.task2 scheduled__2018-06-23T00:00:00+00:00 [queued]>
[2025-05-05T10:29:21.041+0000] {taskinstance.py:2856} INFO - Starting attempt 1 of 3
[2025-05-05T10:29:21.051+0000] {taskinstance.py:2879} INFO - Executing <Task(BashOperator): group1.task2> on 2018-06-23 00:00:00+00:00
[2025-05-05T10:29:21.053+0000] {standard_task_runner.py:72} INFO - Started process 8325 to run task
[2025-05-05T10:29:21.056+0000] {standard_task_runner.py:104} INFO - Running: ['airflow', 'tasks', 'run', 'dag1', 'group1.task2', 'scheduled__2018-06-23T00:00:00+00:00', '--job-id', '3106', '--raw', '--subdir', 'DAGS_FOLDER/tuts/taskgroup_basic.py', '--cfg-path', '/tmp/tmpum88palg']
[2025-05-05T10:29:21.057+0000] {standard_task_runner.py:105} INFO - Job 3106: Subtask group1.task2
[2025-05-05T10:29:21.096+0000] {task_command.py:467} INFO - Running <TaskInstance: dag1.group1.task2 scheduled__2018-06-23T00:00:00+00:00 [running]> on host 2c7afa36055b
[2025-05-05T10:29:21.159+0000] {taskinstance.py:3122} INFO - Exporting env vars: AIRFLOW_CTX_DAG_OWNER='airflow' AIRFLOW_CTX_DAG_ID='dag1' AIRFLOW_CTX_TASK_ID='group1.task2' AIRFLOW_CTX_EXECUTION_DATE='2018-06-23T00:00:00+00:00' AIRFLOW_CTX_TRY_NUMBER='1' AIRFLOW_CTX_DAG_RUN_ID='scheduled__2018-06-23T00:00:00+00:00'
[2025-05-05T10:29:21.160+0000] {taskinstance.py:731} INFO - ::endgroup::
[2025-05-05T10:29:21.162+0000] {subprocess.py:63} INFO - Tmp dir root location: /tmp
[2025-05-05T10:29:21.162+0000] {subprocess.py:75} INFO - Running command: ['/usr/bin/bash', '-c', 'echo Hello World!']
[2025-05-05T10:29:21.169+0000] {subprocess.py:86} INFO - Output:
[2025-05-05T10:29:21.170+0000] {subprocess.py:93} INFO - Hello World!
[2025-05-05T10:29:21.170+0000] {subprocess.py:97} INFO - Command exited with return code 0
[2025-05-05T10:29:21.192+0000] {taskinstance.py:340} INFO - ::group::Post task execution logs
[2025-05-05T10:29:21.192+0000] {taskinstance.py:352} INFO - Marking task as SUCCESS. dag_id=dag1, task_id=group1.task2, run_id=scheduled__2018-06-23T00:00:00+00:00, execution_date=20180623T000000, start_date=20250505T102921, end_date=20250505T102921
[2025-05-05T10:29:21.230+0000] {local_task_job_runner.py:261} INFO - Task exited with return code 0
[2025-05-05T10:29:21.243+0000] {taskinstance.py:3891} INFO - 0 downstream tasks scheduled from follow-on schedule check
[2025-05-05T10:29:21.245+0000] {local_task_job_runner.py:240} INFO - ::endgroup::
