[2025-05-14T09:22:49.135+0000] {local_task_job_runner.py:123} INFO - ::group::Pre task execution logs
[2025-05-14T09:22:49.147+0000] {taskinstance.py:2603} INFO - Dependencies all met for dep_context=non-requeueable deps ti=<TaskInstance: x_videos_scraper_dag.x_videos_scraper manual__2025-05-14T09:22:47.918061+00:00 [queued]>
[2025-05-14T09:22:49.153+0000] {taskinstance.py:2603} INFO - Dependencies all met for dep_context=requeueable deps ti=<TaskInstance: x_videos_scraper_dag.x_videos_scraper manual__2025-05-14T09:22:47.918061+00:00 [queued]>
[2025-05-14T09:22:49.153+0000] {taskinstance.py:2856} INFO - Starting attempt 1 of 1
[2025-05-14T09:22:49.163+0000] {taskinstance.py:2879} INFO - Executing <Task(_PythonDecoratedOperator): x_videos_scraper> on 2025-05-14 09:22:47.918061+00:00
[2025-05-14T09:22:49.166+0000] {standard_task_runner.py:72} INFO - Started process 1120 to run task
[2025-05-14T09:22:49.168+0000] {standard_task_runner.py:104} INFO - Running: ['airflow', 'tasks', 'run', 'x_videos_scraper_dag', 'x_videos_scraper', 'manual__2025-05-14T09:22:47.918061+00:00', '--job-id', '5456', '--raw', '--subdir', 'DAGS_FOLDER/pipeline_x.py', '--cfg-path', '/tmp/tmpw6o6kb3_']
[2025-05-14T09:22:49.170+0000] {standard_task_runner.py:105} INFO - Job 5456: Subtask x_videos_scraper
[2025-05-14T09:22:49.208+0000] {task_command.py:467} INFO - Running <TaskInstance: x_videos_scraper_dag.x_videos_scraper manual__2025-05-14T09:22:47.918061+00:00 [running]> on host 255dbbe6d096
[2025-05-14T09:22:49.268+0000] {taskinstance.py:3122} INFO - Exporting env vars: AIRFLOW_CTX_DAG_OWNER='airflow' AIRFLOW_CTX_DAG_ID='x_videos_scraper_dag' AIRFLOW_CTX_TASK_ID='x_videos_scraper' AIRFLOW_CTX_EXECUTION_DATE='2025-05-14T09:22:47.918061+00:00' AIRFLOW_CTX_TRY_NUMBER='1' AIRFLOW_CTX_DAG_RUN_ID='manual__2025-05-14T09:22:47.918061+00:00'
[2025-05-14T09:22:49.268+0000] {taskinstance.py:731} INFO - ::endgroup::
[2025-05-14T09:22:50.144+0000] {taskinstance.py:3301} ERROR - Task failed with exception
Traceback (most recent call last):
  File "/home/airflow/.local/lib/python3.10/site-packages/airflow/models/taskinstance.py", line 767, in _execute_task
    result = _execute_callable(context=context, **execute_callable_kwargs)
  File "/home/airflow/.local/lib/python3.10/site-packages/airflow/models/taskinstance.py", line 733, in _execute_callable
    return ExecutionCallableRunner(
  File "/home/airflow/.local/lib/python3.10/site-packages/airflow/utils/operator_helpers.py", line 252, in run
    return self.func(*args, **kwargs)
  File "/home/airflow/.local/lib/python3.10/site-packages/airflow/models/baseoperator.py", line 406, in wrapper
    return func(self, *args, **kwargs)
  File "/home/airflow/.local/lib/python3.10/site-packages/airflow/decorators/base.py", line 266, in execute
    return_value = super().execute(context)
  File "/home/airflow/.local/lib/python3.10/site-packages/airflow/models/baseoperator.py", line 406, in wrapper
    return func(self, *args, **kwargs)
  File "/home/airflow/.local/lib/python3.10/site-packages/airflow/operators/python.py", line 238, in execute
    return_value = self.execute_callable()
  File "/home/airflow/.local/lib/python3.10/site-packages/airflow/operators/python.py", line 256, in execute_callable
    return runner.run(*self.op_args, **self.op_kwargs)
  File "/home/airflow/.local/lib/python3.10/site-packages/airflow/utils/operator_helpers.py", line 252, in run
    return self.func(*args, **kwargs)
  File "/opt/airflow/dags/tasks/x_videos_scraper.py", line 20, in x_videos_scraper
    context = browser.new_context(storage_state="state.json")
  File "/home/airflow/.local/lib/python3.10/site-packages/playwright/sync_api/_generated.py", line 13968, in new_context
    self._sync(
  File "/home/airflow/.local/lib/python3.10/site-packages/playwright/_impl/_sync_base.py", line 115, in _sync
    return task.result()
  File "/home/airflow/.local/lib/python3.10/site-packages/playwright/_impl/_browser.py", line 129, in new_context
    await prepare_browser_context_params(params)
  File "/home/airflow/.local/lib/python3.10/site-packages/playwright/_impl/_browser.py", line 252, in prepare_browser_context_params
    (await async_readfile(storageState)).decode()
  File "/home/airflow/.local/lib/python3.10/site-packages/playwright/_impl/_helper.py", line 487, in async_readfile
    return await loop.run_in_executor(None, inner)
  File "/usr/local/lib/python3.10/concurrent/futures/thread.py", line 58, in run
    result = self.fn(*self.args, **self.kwargs)
  File "/home/airflow/.local/lib/python3.10/site-packages/playwright/_impl/_helper.py", line 483, in inner
    with open(file, "rb") as fh:
FileNotFoundError: [Errno 2] No such file or directory: 'state.json'
[2025-05-14T09:22:50.152+0000] {taskinstance.py:1225} INFO - Marking task as FAILED. dag_id=x_videos_scraper_dag, task_id=x_videos_scraper, run_id=manual__2025-05-14T09:22:47.918061+00:00, execution_date=20250514T092247, start_date=20250514T092249, end_date=20250514T092250
[2025-05-14T09:22:50.162+0000] {taskinstance.py:340} INFO - ::group::Post task execution logs
[2025-05-14T09:22:50.162+0000] {standard_task_runner.py:124} ERROR - Failed to execute job 5456 for task x_videos_scraper ([Errno 2] No such file or directory: 'state.json'; 1120)
Traceback (most recent call last):
  File "/home/airflow/.local/lib/python3.10/site-packages/airflow/task/task_runner/standard_task_runner.py", line 117, in _start_by_fork
    ret = args.func(args, dag=self.dag)
  File "/home/airflow/.local/lib/python3.10/site-packages/airflow/cli/cli_config.py", line 49, in command
    return func(*args, **kwargs)
  File "/home/airflow/.local/lib/python3.10/site-packages/airflow/utils/cli.py", line 115, in wrapper
    return f(*args, **kwargs)
  File "/home/airflow/.local/lib/python3.10/site-packages/airflow/cli/commands/task_command.py", line 483, in task_run
    task_return_code = _run_task_by_selected_method(args, _dag, ti)
  File "/home/airflow/.local/lib/python3.10/site-packages/airflow/cli/commands/task_command.py", line 256, in _run_task_by_selected_method
    return _run_raw_task(args, ti)
  File "/home/airflow/.local/lib/python3.10/site-packages/airflow/cli/commands/task_command.py", line 341, in _run_raw_task
    return ti._run_raw_task(
  File "/home/airflow/.local/lib/python3.10/site-packages/airflow/utils/session.py", line 97, in wrapper
    return func(*args, session=session, **kwargs)
  File "/home/airflow/.local/lib/python3.10/site-packages/airflow/models/taskinstance.py", line 2995, in _run_raw_task
    return _run_raw_task(
  File "/home/airflow/.local/lib/python3.10/site-packages/airflow/models/taskinstance.py", line 273, in _run_raw_task
    TaskInstance._execute_task_with_callbacks(
  File "/home/airflow/.local/lib/python3.10/site-packages/airflow/models/taskinstance.py", line 3149, in _execute_task_with_callbacks
    result = self._execute_task(context, task_orig)
  File "/home/airflow/.local/lib/python3.10/site-packages/airflow/models/taskinstance.py", line 3173, in _execute_task
    return _execute_task(self, context, task_orig)
  File "/home/airflow/.local/lib/python3.10/site-packages/airflow/models/taskinstance.py", line 767, in _execute_task
    result = _execute_callable(context=context, **execute_callable_kwargs)
  File "/home/airflow/.local/lib/python3.10/site-packages/airflow/models/taskinstance.py", line 733, in _execute_callable
    return ExecutionCallableRunner(
  File "/home/airflow/.local/lib/python3.10/site-packages/airflow/utils/operator_helpers.py", line 252, in run
    return self.func(*args, **kwargs)
  File "/home/airflow/.local/lib/python3.10/site-packages/airflow/models/baseoperator.py", line 406, in wrapper
    return func(self, *args, **kwargs)
  File "/home/airflow/.local/lib/python3.10/site-packages/airflow/decorators/base.py", line 266, in execute
    return_value = super().execute(context)
  File "/home/airflow/.local/lib/python3.10/site-packages/airflow/models/baseoperator.py", line 406, in wrapper
    return func(self, *args, **kwargs)
  File "/home/airflow/.local/lib/python3.10/site-packages/airflow/operators/python.py", line 238, in execute
    return_value = self.execute_callable()
  File "/home/airflow/.local/lib/python3.10/site-packages/airflow/operators/python.py", line 256, in execute_callable
    return runner.run(*self.op_args, **self.op_kwargs)
  File "/home/airflow/.local/lib/python3.10/site-packages/airflow/utils/operator_helpers.py", line 252, in run
    return self.func(*args, **kwargs)
  File "/opt/airflow/dags/tasks/x_videos_scraper.py", line 20, in x_videos_scraper
    context = browser.new_context(storage_state="state.json")
  File "/home/airflow/.local/lib/python3.10/site-packages/playwright/sync_api/_generated.py", line 13968, in new_context
    self._sync(
  File "/home/airflow/.local/lib/python3.10/site-packages/playwright/_impl/_sync_base.py", line 115, in _sync
    return task.result()
  File "/home/airflow/.local/lib/python3.10/site-packages/playwright/_impl/_browser.py", line 129, in new_context
    await prepare_browser_context_params(params)
  File "/home/airflow/.local/lib/python3.10/site-packages/playwright/_impl/_browser.py", line 252, in prepare_browser_context_params
    (await async_readfile(storageState)).decode()
  File "/home/airflow/.local/lib/python3.10/site-packages/playwright/_impl/_helper.py", line 487, in async_readfile
    return await loop.run_in_executor(None, inner)
  File "/usr/local/lib/python3.10/concurrent/futures/thread.py", line 58, in run
    result = self.fn(*self.args, **self.kwargs)
  File "/home/airflow/.local/lib/python3.10/site-packages/playwright/_impl/_helper.py", line 483, in inner
    with open(file, "rb") as fh:
FileNotFoundError: [Errno 2] No such file or directory: 'state.json'
[2025-05-14T09:22:50.196+0000] {local_task_job_runner.py:261} INFO - Task exited with return code 1
[2025-05-14T09:22:50.212+0000] {taskinstance.py:3891} INFO - 0 downstream tasks scheduled from follow-on schedule check
[2025-05-14T09:22:50.216+0000] {local_task_job_runner.py:240} INFO - ::endgroup::
