[2025-05-15T10:00:08.795+0000] {local_task_job_runner.py:123} INFO - ::group::Pre task execution logs
[2025-05-15T10:00:08.804+0000] {taskinstance.py:2603} INFO - Dependencies all met for dep_context=non-requeueable deps ti=<TaskInstance: tiktok_videos_scraper_dag.tiktok_videos_scraper_task manual__2025-05-15T10:00:08.325496+00:00 [queued]>
[2025-05-15T10:00:08.808+0000] {taskinstance.py:2603} INFO - Dependencies all met for dep_context=requeueable deps ti=<TaskInstance: tiktok_videos_scraper_dag.tiktok_videos_scraper_task manual__2025-05-15T10:00:08.325496+00:00 [queued]>
[2025-05-15T10:00:08.808+0000] {taskinstance.py:2856} INFO - Starting attempt 1 of 1
[2025-05-15T10:00:08.815+0000] {taskinstance.py:2879} INFO - Executing <Task(PythonOperator): tiktok_videos_scraper_task> on 2025-05-15 10:00:08.325496+00:00
[2025-05-15T10:00:08.817+0000] {standard_task_runner.py:72} INFO - Started process 1468 to run task
[2025-05-15T10:00:08.821+0000] {standard_task_runner.py:104} INFO - Running: ['airflow', 'tasks', 'run', 'tiktok_videos_scraper_dag', 'tiktok_videos_scraper_task', 'manual__2025-05-15T10:00:08.325496+00:00', '--job-id', '5983', '--raw', '--subdir', 'DAGS_FOLDER/pipeline_tiktok.py', '--cfg-path', '/tmp/tmp3zlviqs_']
[2025-05-15T10:00:08.822+0000] {standard_task_runner.py:105} INFO - Job 5983: Subtask tiktok_videos_scraper_task
[2025-05-15T10:00:08.865+0000] {task_command.py:467} INFO - Running <TaskInstance: tiktok_videos_scraper_dag.tiktok_videos_scraper_task manual__2025-05-15T10:00:08.325496+00:00 [running]> on host 8579eb2523da
[2025-05-15T10:00:08.919+0000] {taskinstance.py:3122} INFO - Exporting env vars: AIRFLOW_CTX_DAG_OWNER='airflow' AIRFLOW_CTX_DAG_ID='tiktok_videos_scraper_dag' AIRFLOW_CTX_TASK_ID='tiktok_videos_scraper_task' AIRFLOW_CTX_EXECUTION_DATE='2025-05-15T10:00:08.325496+00:00' AIRFLOW_CTX_TRY_NUMBER='1' AIRFLOW_CTX_DAG_RUN_ID='manual__2025-05-15T10:00:08.325496+00:00'
[2025-05-15T10:00:08.920+0000] {taskinstance.py:731} INFO - ::endgroup::
[2025-05-15T10:07:39.227+0000] {logging_mixin.py:190} WARNING - 2025-05-15 10:07:39,227 - TikTokApi.tiktok - ERROR - Failed to create session: Timeout 30000ms exceeded.
[2025-05-15T10:07:39.227+0000] {tiktok.py:222} ERROR - Failed to create session: Timeout 30000ms exceeded.
[2025-05-15T10:07:39.934+0000] {job.py:229} INFO - Heartbeat recovered after 446.07 seconds
[2025-05-15T10:07:50.082+0000] {logging_mixin.py:190} INFO - Error in TikTok API: Timeout 30000ms exceeded.
[2025-05-15T10:07:50.514+0000] {python.py:240} INFO - Done. Returned value was: []
[2025-05-15T10:07:50.542+0000] {taskinstance.py:340} INFO - ::group::Post task execution logs
[2025-05-15T10:07:50.543+0000] {taskinstance.py:352} INFO - Marking task as SUCCESS. dag_id=tiktok_videos_scraper_dag, task_id=tiktok_videos_scraper_task, run_id=manual__2025-05-15T10:00:08.325496+00:00, execution_date=20250515T100008, start_date=20250515T100008, end_date=20250515T100750
[2025-05-15T10:07:50.573+0000] {local_task_job_runner.py:261} INFO - Task exited with return code 0
[2025-05-15T10:07:50.591+0000] {taskinstance.py:3891} INFO - 1 downstream tasks scheduled from follow-on schedule check
[2025-05-15T10:07:50.594+0000] {local_task_job_runner.py:240} INFO - ::endgroup::
