[2025-05-23T09:39:32.212+0000] {local_task_job_runner.py:123} INFO - ::group::Pre task execution logs
[2025-05-23T09:39:32.223+0000] {taskinstance.py:2603} INFO - Dependencies all met for dep_context=non-requeueable deps ti=<TaskInstance: x_videos_scraper_dag.get_links_task manual__2025-05-23T09:39:22.760631+00:00 [queued]>
[2025-05-23T09:39:32.228+0000] {taskinstance.py:2603} INFO - Dependencies all met for dep_context=requeueable deps ti=<TaskInstance: x_videos_scraper_dag.get_links_task manual__2025-05-23T09:39:22.760631+00:00 [queued]>
[2025-05-23T09:39:32.228+0000] {taskinstance.py:2856} INFO - Starting attempt 1 of 1
[2025-05-23T09:39:32.236+0000] {taskinstance.py:2879} INFO - Executing <Task(PythonOperator): get_links_task> on 2025-05-23 09:39:22.760631+00:00
[2025-05-23T09:39:32.239+0000] {standard_task_runner.py:72} INFO - Started process 272687 to run task
[2025-05-23T09:39:32.242+0000] {standard_task_runner.py:104} INFO - Running: ['airflow', 'tasks', 'run', 'x_videos_scraper_dag', 'get_links_task', 'manual__2025-05-23T09:39:22.760631+00:00', '--job-id', '6661', '--raw', '--subdir', 'DAGS_FOLDER/pipeline_x.py', '--cfg-path', '/tmp/tmpvvtz1ad7']
[2025-05-23T09:39:32.243+0000] {standard_task_runner.py:105} INFO - Job 6661: Subtask get_links_task
[2025-05-23T09:39:32.281+0000] {task_command.py:467} INFO - Running <TaskInstance: x_videos_scraper_dag.get_links_task manual__2025-05-23T09:39:22.760631+00:00 [running]> on host f3ad03241d5f
[2025-05-23T09:39:32.343+0000] {taskinstance.py:3122} INFO - Exporting env vars: AIRFLOW_CTX_DAG_OWNER='airflow' AIRFLOW_CTX_DAG_ID='x_videos_scraper_dag' AIRFLOW_CTX_TASK_ID='get_links_task' AIRFLOW_CTX_EXECUTION_DATE='2025-05-23T09:39:22.760631+00:00' AIRFLOW_CTX_TRY_NUMBER='1' AIRFLOW_CTX_DAG_RUN_ID='manual__2025-05-23T09:39:22.760631+00:00'
[2025-05-23T09:39:32.344+0000] {taskinstance.py:731} INFO - ::endgroup::
[2025-05-23T09:39:39.751+0000] {logging_mixin.py:190} INFO - Scrolling down... 0
[2025-05-23T09:39:42.431+0000] {logging_mixin.py:190} INFO - https://x.com/ManUtd/status/1925251151848771938/video/1
[2025-05-23T09:39:42.444+0000] {logging_mixin.py:190} INFO - https://x.com/ManUtd/status/1925228260117426432/video/1
[2025-05-23T09:39:42.449+0000] {logging_mixin.py:190} INFO - https://x.com/ManUtd/status/1925224362329677876/video/1
[2025-05-23T09:39:42.457+0000] {logging_mixin.py:190} INFO - https://x.com/ManUtd/status/1925207989285220682/video/1
[2025-05-23T09:39:42.486+0000] {logging_mixin.py:190} INFO - https://x.com/ManUtd/status/1925086909589528946/video/1
[2025-05-23T09:39:42.517+0000] {logging_mixin.py:190} INFO - https://x.com/ManUtd/status/1924901688986497308/video/1
[2025-05-23T09:39:42.525+0000] {logging_mixin.py:190} INFO - https://x.com/ManUtd/status/1924881924297834732/video/1
[2025-05-23T09:39:42.589+0000] {logging_mixin.py:190} INFO - Remaining new videos: 7
[2025-05-23T09:39:42.589+0000] {logging_mixin.py:190} INFO - New videos: 7
[2025-05-23T09:39:42.670+0000] {python.py:240} INFO - Done. Returned value was: {'id': 'ManUtd', 'new_links': ('https://x.com/ManUtd/status/1925228260117426432/video/1', 'https://x.com/ManUtd/status/1925224362329677876/video/1', 'https://x.com/ManUtd/status/1925207989285220682/video/1', 'https://x.com/ManUtd/status/1924901688986497308/video/1', 'https://x.com/ManUtd/status/1924881924297834732/video/1', 'https://x.com/ManUtd/status/1925086909589528946/video/1', 'https://x.com/ManUtd/status/1925251151848771938/video/1')}
[2025-05-23T09:39:42.691+0000] {taskinstance.py:340} INFO - ::group::Post task execution logs
[2025-05-23T09:39:42.691+0000] {taskinstance.py:352} INFO - Marking task as SUCCESS. dag_id=x_videos_scraper_dag, task_id=get_links_task, run_id=manual__2025-05-23T09:39:22.760631+00:00, execution_date=20250523T093922, start_date=20250523T093932, end_date=20250523T093942
[2025-05-23T09:39:42.725+0000] {local_task_job_runner.py:261} INFO - Task exited with return code 0
[2025-05-23T09:39:42.743+0000] {taskinstance.py:3891} INFO - 1 downstream tasks scheduled from follow-on schedule check
[2025-05-23T09:39:42.745+0000] {local_task_job_runner.py:240} INFO - ::endgroup::
