[2025-05-05T10:38:54.410+0000] {local_task_job_runner.py:123} INFO - ::group::Pre task execution logs
[2025-05-05T10:38:54.420+0000] {taskinstance.py:2603} INFO - Dependencies all met for dep_context=non-requeueable deps ti=<TaskInstance: dag1.group1.task2 scheduled__2022-03-16T00:00:00+00:00 [queued]>
[2025-05-05T10:38:54.424+0000] {taskinstance.py:2603} INFO - Dependencies all met for dep_context=requeueable deps ti=<TaskInstance: dag1.group1.task2 scheduled__2022-03-16T00:00:00+00:00 [queued]>
[2025-05-05T10:38:54.425+0000] {taskinstance.py:2856} INFO - Starting attempt 1 of 3
[2025-05-05T10:38:54.432+0000] {taskinstance.py:2879} INFO - Executing <Task(BashOperator): group1.task2> on 2022-03-16 00:00:00+00:00
[2025-05-05T10:38:54.434+0000] {standard_task_runner.py:72} INFO - Started process 13898 to run task
[2025-05-05T10:38:54.437+0000] {standard_task_runner.py:104} INFO - Running: ['airflow', 'tasks', 'run', 'dag1', 'group1.task2', 'scheduled__2022-03-16T00:00:00+00:00', '--job-id', '4468', '--raw', '--subdir', 'DAGS_FOLDER/tuts/taskgroup_basic.py', '--cfg-path', '/tmp/tmpi07wj4qo']
[2025-05-05T10:38:54.437+0000] {standard_task_runner.py:105} INFO - Job 4468: Subtask group1.task2
[2025-05-05T10:38:54.470+0000] {task_command.py:467} INFO - Running <TaskInstance: dag1.group1.task2 scheduled__2022-03-16T00:00:00+00:00 [running]> on host 2c7afa36055b
[2025-05-05T10:38:54.522+0000] {taskinstance.py:3122} INFO - Exporting env vars: AIRFLOW_CTX_DAG_OWNER='airflow' AIRFLOW_CTX_DAG_ID='dag1' AIRFLOW_CTX_TASK_ID='group1.task2' AIRFLOW_CTX_EXECUTION_DATE='2022-03-16T00:00:00+00:00' AIRFLOW_CTX_TRY_NUMBER='1' AIRFLOW_CTX_DAG_RUN_ID='scheduled__2022-03-16T00:00:00+00:00'
[2025-05-05T10:38:54.523+0000] {taskinstance.py:731} INFO - ::endgroup::
[2025-05-05T10:38:54.524+0000] {subprocess.py:63} INFO - Tmp dir root location: /tmp
[2025-05-05T10:38:54.525+0000] {subprocess.py:75} INFO - Running command: ['/usr/bin/bash', '-c', 'echo Hello World!']
[2025-05-05T10:38:54.531+0000] {subprocess.py:86} INFO - Output:
[2025-05-05T10:38:54.532+0000] {subprocess.py:93} INFO - Hello World!
[2025-05-05T10:38:54.533+0000] {subprocess.py:97} INFO - Command exited with return code 0
[2025-05-05T10:38:54.555+0000] {taskinstance.py:340} INFO - ::group::Post task execution logs
[2025-05-05T10:38:54.556+0000] {taskinstance.py:352} INFO - Marking task as SUCCESS. dag_id=dag1, task_id=group1.task2, run_id=scheduled__2022-03-16T00:00:00+00:00, execution_date=20220316T000000, start_date=20250505T103854, end_date=20250505T103854
[2025-05-05T10:38:54.610+0000] {local_task_job_runner.py:261} INFO - Task exited with return code 0
[2025-05-05T10:38:54.624+0000] {taskinstance.py:3891} INFO - 0 downstream tasks scheduled from follow-on schedule check
[2025-05-05T10:38:54.628+0000] {local_task_job_runner.py:240} INFO - ::endgroup::
