[2025-05-21T08:54:11.457+0000] {local_task_job_runner.py:123} INFO - ::group::Pre task execution logs
[2025-05-21T08:54:11.473+0000] {taskinstance.py:2603} INFO - Dependencies all met for dep_context=non-requeueable deps ti=<TaskInstance: instagram_videos_scraper_dag.get_links_task manual__2025-05-21T08:54:09.490373+00:00 [queued]>
[2025-05-21T08:54:11.478+0000] {taskinstance.py:2603} INFO - Dependencies all met for dep_context=requeueable deps ti=<TaskInstance: instagram_videos_scraper_dag.get_links_task manual__2025-05-21T08:54:09.490373+00:00 [queued]>
[2025-05-21T08:54:11.478+0000] {taskinstance.py:2856} INFO - Starting attempt 1 of 1
[2025-05-21T08:54:11.487+0000] {taskinstance.py:2879} INFO - Executing <Task(PythonOperator): get_links_task> on 2025-05-21 08:54:09.490373+00:00
[2025-05-21T08:54:11.492+0000] {standard_task_runner.py:72} INFO - Started process 260708 to run task
[2025-05-21T08:54:11.495+0000] {standard_task_runner.py:104} INFO - Running: ['airflow', 'tasks', 'run', 'instagram_videos_scraper_dag', 'get_links_task', 'manual__2025-05-21T08:54:09.490373+00:00', '--job-id', '6440', '--raw', '--subdir', 'DAGS_FOLDER/pipeline_instagram.py', '--cfg-path', '/tmp/tmp9nmsrggi']
[2025-05-21T08:54:11.498+0000] {standard_task_runner.py:105} INFO - Job 6440: Subtask get_links_task
[2025-05-21T08:54:11.548+0000] {task_command.py:467} INFO - Running <TaskInstance: instagram_videos_scraper_dag.get_links_task manual__2025-05-21T08:54:09.490373+00:00 [running]> on host 40367d170eab
[2025-05-21T08:54:11.605+0000] {taskinstance.py:3122} INFO - Exporting env vars: AIRFLOW_CTX_DAG_OWNER='airflow' AIRFLOW_CTX_DAG_ID='instagram_videos_scraper_dag' AIRFLOW_CTX_TASK_ID='get_links_task' AIRFLOW_CTX_EXECUTION_DATE='2025-05-21T08:54:09.490373+00:00' AIRFLOW_CTX_TRY_NUMBER='1' AIRFLOW_CTX_DAG_RUN_ID='manual__2025-05-21T08:54:09.490373+00:00'
[2025-05-21T08:54:11.605+0000] {taskinstance.py:731} INFO - ::endgroup::
[2025-05-21T08:54:11.680+0000] {selenium_manager.py:133} WARNING - The chromedriver version (136.0.7103.59) detected in PATH at /usr/bin/chromedriver might not be compatible with the detected chrome version (136.0.7103.94); currently, chromedriver 136.0.7103.94 is recommended for chrome 136.*, so it is advised to delete the driver in PATH and retry
[2025-05-21T08:54:15.270+0000] {logging_mixin.py:190} INFO - Step 1 of 2 - Loading profile page
[2025-05-21T08:54:15.270+0000] {logging_mixin.py:190} INFO - Extracting videos...
[2025-05-21T08:54:18.298+0000] {logging_mixin.py:190} INFO - Count: 1, Limit: 1
[2025-05-21T08:54:18.309+0000] {logging_mixin.py:190} INFO - Found 45 video tags
[2025-05-21T08:54:18.370+0000] {logging_mixin.py:190} INFO - Extracted video URL: https://www.instagram.com/leomessi/reel/DJ4FVI4sgzj/
[2025-05-21T08:54:18.377+0000] {logging_mixin.py:190} INFO - Extracted video URL: https://www.instagram.com/leomessi/reel/DJmRU0zue0i/
[2025-05-21T08:54:18.388+0000] {logging_mixin.py:190} INFO - Extracted video URL: https://www.instagram.com/leomessi/reel/DJRyQeGslC9/
[2025-05-21T08:54:18.396+0000] {logging_mixin.py:190} INFO - Extracted video URL: https://www.instagram.com/leomessi/reel/DI_2OjSM_tD/
[2025-05-21T08:54:18.404+0000] {logging_mixin.py:190} INFO - Extracted video URL: https://www.instagram.com/leomessi/reel/DIjN4__trTw/
[2025-05-21T08:54:18.411+0000] {logging_mixin.py:190} INFO - Extracted video URL: https://www.instagram.com/leomessi/reel/DHOj889NIXc/
[2025-05-21T08:54:18.434+0000] {logging_mixin.py:190} INFO - Extracted video URL: https://www.instagram.com/leomessi/reel/DGnnhjNJdbS/
[2025-05-21T08:54:18.444+0000] {logging_mixin.py:190} INFO - Extracted video URL: https://www.instagram.com/leomessi/reel/DGlCiX-NUcI/
[2025-05-21T08:54:18.461+0000] {logging_mixin.py:190} INFO - Extracted video URL: https://www.instagram.com/leomessi/reel/DGHDuXiSs-K/
[2025-05-21T08:54:18.467+0000] {logging_mixin.py:190} INFO - Extracted video URL: https://www.instagram.com/leomessi/reel/DF8bjTzNg2j/
[2025-05-21T08:54:18.475+0000] {logging_mixin.py:190} INFO - Extracted video URL: https://www.instagram.com/leomessi/reel/DF794ZItIFC/
[2025-05-21T08:54:18.491+0000] {logging_mixin.py:190} INFO - Extracted video URL: https://www.instagram.com/leomessi/reel/DF4HckEM6Dj/
[2025-05-21T08:54:18.700+0000] {logging_mixin.py:190} INFO - Scrolled 1 iterations
[2025-05-21T08:54:21.734+0000] {logging_mixin.py:190} INFO - Count: 2, Limit: 1
[2025-05-21T08:54:21.734+0000] {logging_mixin.py:190} INFO - Scrolling stopped after 10 iterations
[2025-05-21T08:54:21.734+0000] {logging_mixin.py:190} INFO - Extracted 12 video URLs
[2025-05-21T08:54:21.735+0000] {logging_mixin.py:190} INFO - Step 2 of 2 - Downloading and saving videos
[2025-05-21T08:54:21.735+0000] {logging_mixin.py:190} INFO - Don't close the app! Saving scraped data to database, it can take a while!
[2025-05-21T08:54:21.758+0000] {warnings.py:109} WARNING - /opt/airflow/dags/app/core/database_utils.py:34: SAWarning: SELECT statement has a cartesian product between FROM element(s) "instagram" and FROM element "tiktok".  Apply join condition(s) between each element to resolve.
  return db.query(Instagram).filter(Tiktok.status == TaskStatus.SUCCESS.value).all()

[2025-05-21T08:54:21.798+0000] {logging_mixin.py:190} INFO - New videos to download: 0
[2025-05-21T08:54:22.074+0000] {python.py:240} INFO - Done. Returned value was: {'id': 'leomessi', 'new_links': []}
[2025-05-21T08:54:22.097+0000] {taskinstance.py:340} INFO - ::group::Post task execution logs
[2025-05-21T08:54:22.098+0000] {taskinstance.py:352} INFO - Marking task as SUCCESS. dag_id=instagram_videos_scraper_dag, task_id=get_links_task, run_id=manual__2025-05-21T08:54:09.490373+00:00, execution_date=20250521T085409, start_date=20250521T085411, end_date=20250521T085422
[2025-05-21T08:54:22.136+0000] {local_task_job_runner.py:261} INFO - Task exited with return code 0
[2025-05-21T08:54:22.159+0000] {taskinstance.py:3891} INFO - 1 downstream tasks scheduled from follow-on schedule check
[2025-05-21T08:54:22.161+0000] {local_task_job_runner.py:240} INFO - ::endgroup::
