[2025-05-05T10:28:16.565+0000] {local_task_job_runner.py:123} INFO - ::group::Pre task execution logs
[2025-05-05T10:28:16.575+0000] {taskinstance.py:2603} INFO - Dependencies all met for dep_context=non-requeueable deps ti=<TaskInstance: dag1.group1.task2 scheduled__2018-01-10T00:00:00+00:00 [queued]>
[2025-05-05T10:28:16.580+0000] {taskinstance.py:2603} INFO - Dependencies all met for dep_context=requeueable deps ti=<TaskInstance: dag1.group1.task2 scheduled__2018-01-10T00:00:00+00:00 [queued]>
[2025-05-05T10:28:16.580+0000] {taskinstance.py:2856} INFO - Starting attempt 1 of 3
[2025-05-05T10:28:16.604+0000] {taskinstance.py:2879} INFO - Executing <Task(BashOperator): group1.task2> on 2018-01-10 00:00:00+00:00
[2025-05-05T10:28:16.606+0000] {standard_task_runner.py:72} INFO - Started process 7653 to run task
[2025-05-05T10:28:16.610+0000] {standard_task_runner.py:104} INFO - Running: ['airflow', 'tasks', 'run', 'dag1', 'group1.task2', 'scheduled__2018-01-10T00:00:00+00:00', '--job-id', '2942', '--raw', '--subdir', 'DAGS_FOLDER/tuts/taskgroup_basic.py', '--cfg-path', '/tmp/tmp445daes0']
[2025-05-05T10:28:16.610+0000] {standard_task_runner.py:105} INFO - Job 2942: Subtask group1.task2
[2025-05-05T10:28:16.647+0000] {task_command.py:467} INFO - Running <TaskInstance: dag1.group1.task2 scheduled__2018-01-10T00:00:00+00:00 [running]> on host 2c7afa36055b
[2025-05-05T10:28:16.711+0000] {taskinstance.py:3122} INFO - Exporting env vars: AIRFLOW_CTX_DAG_OWNER='airflow' AIRFLOW_CTX_DAG_ID='dag1' AIRFLOW_CTX_TASK_ID='group1.task2' AIRFLOW_CTX_EXECUTION_DATE='2018-01-10T00:00:00+00:00' AIRFLOW_CTX_TRY_NUMBER='1' AIRFLOW_CTX_DAG_RUN_ID='scheduled__2018-01-10T00:00:00+00:00'
[2025-05-05T10:28:16.712+0000] {taskinstance.py:731} INFO - ::endgroup::
[2025-05-05T10:28:16.713+0000] {subprocess.py:63} INFO - Tmp dir root location: /tmp
[2025-05-05T10:28:16.714+0000] {subprocess.py:75} INFO - Running command: ['/usr/bin/bash', '-c', 'echo Hello World!']
[2025-05-05T10:28:16.720+0000] {subprocess.py:86} INFO - Output:
[2025-05-05T10:28:16.721+0000] {subprocess.py:93} INFO - Hello World!
[2025-05-05T10:28:16.721+0000] {subprocess.py:97} INFO - Command exited with return code 0
[2025-05-05T10:28:16.742+0000] {taskinstance.py:340} INFO - ::group::Post task execution logs
[2025-05-05T10:28:16.742+0000] {taskinstance.py:352} INFO - Marking task as SUCCESS. dag_id=dag1, task_id=group1.task2, run_id=scheduled__2018-01-10T00:00:00+00:00, execution_date=20180110T000000, start_date=20250505T102816, end_date=20250505T102816
[2025-05-05T10:28:16.782+0000] {local_task_job_runner.py:261} INFO - Task exited with return code 0
[2025-05-05T10:28:16.795+0000] {taskinstance.py:3891} INFO - 0 downstream tasks scheduled from follow-on schedule check
[2025-05-05T10:28:16.797+0000] {local_task_job_runner.py:240} INFO - ::endgroup::
