[2025-05-26T04:26:09.418+0000] {local_task_job_runner.py:123} INFO - ::group::Pre task execution logs
[2025-05-26T04:26:09.433+0000] {taskinstance.py:2603} INFO - Dependencies all met for dep_context=non-requeueable deps ti=<TaskInstance: instagram_videos_scraper_dag.get_links_task scheduled__2025-05-25T00:00:00+00:00 [queued]>
[2025-05-26T04:26:09.442+0000] {taskinstance.py:2603} INFO - Dependencies all met for dep_context=requeueable deps ti=<TaskInstance: instagram_videos_scraper_dag.get_links_task scheduled__2025-05-25T00:00:00+00:00 [queued]>
[2025-05-26T04:26:09.442+0000] {taskinstance.py:2856} INFO - Starting attempt 1 of 1
[2025-05-26T04:26:09.788+0000] {taskinstance.py:2879} INFO - Executing <Task(PythonOperator): get_links_task> on 2025-05-25 00:00:00+00:00
[2025-05-26T04:26:09.791+0000] {standard_task_runner.py:72} INFO - Started process 55 to run task
[2025-05-26T04:26:09.795+0000] {standard_task_runner.py:104} INFO - Running: ['airflow', 'tasks', 'run', 'instagram_videos_scraper_dag', 'get_links_task', 'scheduled__2025-05-25T00:00:00+00:00', '--job-id', '6732', '--raw', '--subdir', 'DAGS_FOLDER/pipeline_instagram.py', '--cfg-path', '/tmp/tmp3cxxzro0']
[2025-05-26T04:26:09.797+0000] {standard_task_runner.py:105} INFO - Job 6732: Subtask get_links_task
[2025-05-26T04:26:09.841+0000] {task_command.py:467} INFO - Running <TaskInstance: instagram_videos_scraper_dag.get_links_task scheduled__2025-05-25T00:00:00+00:00 [running]> on host f113d4159254
[2025-05-26T04:26:10.019+0000] {taskinstance.py:3122} INFO - Exporting env vars: AIRFLOW_CTX_DAG_OWNER='airflow' AIRFLOW_CTX_DAG_ID='instagram_videos_scraper_dag' AIRFLOW_CTX_TASK_ID='get_links_task' AIRFLOW_CTX_EXECUTION_DATE='2025-05-25T00:00:00+00:00' AIRFLOW_CTX_TRY_NUMBER='1' AIRFLOW_CTX_DAG_RUN_ID='scheduled__2025-05-25T00:00:00+00:00'
[2025-05-26T04:26:10.020+0000] {taskinstance.py:731} INFO - ::endgroup::
[2025-05-26T04:26:49.702+0000] {selenium_manager.py:133} WARNING - The chromedriver version (136.0.7103.59) detected in PATH at /usr/bin/chromedriver might not be compatible with the detected chrome version (136.0.7103.113); currently, chromedriver 136.0.7103.113 is recommended for chrome 136.*, so it is advised to delete the driver in PATH and retry
[2025-05-26T04:26:53.014+0000] {logging_mixin.py:190} INFO - Step 1 of 2 - Loading profile page
[2025-05-26T04:26:53.014+0000] {logging_mixin.py:190} INFO - Extracting videos...
[2025-05-26T04:26:56.039+0000] {logging_mixin.py:190} INFO - Count: 1, Limit: 1
[2025-05-26T04:26:56.050+0000] {logging_mixin.py:190} INFO - Found 47 video tags
[2025-05-26T04:26:56.116+0000] {logging_mixin.py:190} INFO - Extracted video URL: https://www.instagram.com/cristiano/reel/DJ4Z-b3I6bU/
[2025-05-26T04:26:56.122+0000] {logging_mixin.py:190} INFO - Extracted video URL: https://www.instagram.com/cristiano/reel/DJzTdOUszvX/
[2025-05-26T04:26:56.128+0000] {logging_mixin.py:190} INFO - Extracted video URL: https://www.instagram.com/cristiano/reel/DJq5DRiM1QR/
[2025-05-26T04:26:56.135+0000] {logging_mixin.py:190} INFO - Extracted video URL: https://www.instagram.com/cristiano/reel/DJeVSfpqcGi/
[2025-05-26T04:26:56.141+0000] {logging_mixin.py:190} INFO - Extracted video URL: https://www.instagram.com/cristiano/reel/DJR_5qwoTLE/
[2025-05-26T04:26:56.149+0000] {logging_mixin.py:190} INFO - Extracted video URL: https://www.instagram.com/cristiano/reel/DI1RNQMA_Io/
[2025-05-26T04:26:56.155+0000] {logging_mixin.py:190} INFO - Extracted video URL: https://www.instagram.com/cristiano/reel/DIyNzBQgOdT/
[2025-05-26T04:26:56.168+0000] {logging_mixin.py:190} INFO - Extracted video URL: https://www.instagram.com/cristiano/reel/DIiVt4AofIt/
[2025-05-26T04:26:56.173+0000] {logging_mixin.py:190} INFO - Extracted video URL: https://www.instagram.com/cristiano/reel/DIgNLfngS2P/
[2025-05-26T04:26:56.179+0000] {logging_mixin.py:190} INFO - Extracted video URL: https://www.instagram.com/cristiano/reel/DIbVqBYTfso/
[2025-05-26T04:26:56.186+0000] {logging_mixin.py:190} INFO - Extracted video URL: https://www.instagram.com/cristiano/reel/DIS_l8rgUFu/
[2025-05-26T04:26:56.191+0000] {logging_mixin.py:190} INFO - Extracted video URL: https://www.instagram.com/cristiano/reel/DIRZFJlIO1v/
[2025-05-26T04:26:56.502+0000] {logging_mixin.py:190} INFO - Scrolled 1 iterations
[2025-05-26T04:26:59.514+0000] {logging_mixin.py:190} INFO - Count: 2, Limit: 1
[2025-05-26T04:26:59.514+0000] {logging_mixin.py:190} INFO - Scrolling stopped after 10 iterations
[2025-05-26T04:26:59.514+0000] {logging_mixin.py:190} INFO - Extracted 12 video URLs
[2025-05-26T04:26:59.515+0000] {logging_mixin.py:190} INFO - Step 2 of 2 - Downloading and saving videos
[2025-05-26T04:26:59.515+0000] {logging_mixin.py:190} INFO - Don't close the app! Saving scraped data to database, it can take a while!
[2025-05-26T04:26:59.544+0000] {logging_mixin.py:190} INFO - New videos: 1
[2025-05-26T04:26:59.759+0000] {python.py:240} INFO - Done. Returned value was: {'id': 'cristiano', 'new_links': ('https://www.instagram.com/cristiano/reel/DIRZFJlIO1v/',)}
[2025-05-26T04:26:59.777+0000] {taskinstance.py:340} INFO - ::group::Post task execution logs
[2025-05-26T04:26:59.778+0000] {taskinstance.py:352} INFO - Marking task as SUCCESS. dag_id=instagram_videos_scraper_dag, task_id=get_links_task, run_id=scheduled__2025-05-25T00:00:00+00:00, execution_date=20250525T000000, start_date=20250526T042609, end_date=20250526T042659
[2025-05-26T04:26:59.818+0000] {local_task_job_runner.py:261} INFO - Task exited with return code 0
[2025-05-26T04:26:59.835+0000] {taskinstance.py:3891} INFO - 1 downstream tasks scheduled from follow-on schedule check
[2025-05-26T04:26:59.858+0000] {local_task_job_runner.py:240} INFO - ::endgroup::
