[2025-05-08T07:58:17.455+0000] {local_task_job_runner.py:123} INFO - ::group::Pre task execution logs
[2025-05-08T07:58:17.468+0000] {taskinstance.py:2603} INFO - Dependencies all met for dep_context=non-requeueable deps ti=<TaskInstance: x_videos_scraper_dag.x_videos_scraper manual__2025-05-08T07:58:09.251827+00:00 [queued]>
[2025-05-08T07:58:17.475+0000] {taskinstance.py:2603} INFO - Dependencies all met for dep_context=requeueable deps ti=<TaskInstance: x_videos_scraper_dag.x_videos_scraper manual__2025-05-08T07:58:09.251827+00:00 [queued]>
[2025-05-08T07:58:17.476+0000] {taskinstance.py:2856} INFO - Starting attempt 1 of 1
[2025-05-08T07:58:17.485+0000] {taskinstance.py:2879} INFO - Executing <Task(_PythonDecoratedOperator): x_videos_scraper> on 2025-05-08 07:58:09.251827+00:00
[2025-05-08T07:58:17.488+0000] {standard_task_runner.py:72} INFO - Started process 818 to run task
[2025-05-08T07:58:17.492+0000] {standard_task_runner.py:104} INFO - Running: ['airflow', 'tasks', 'run', 'x_videos_scraper_dag', 'x_videos_scraper', 'manual__2025-05-08T07:58:09.251827+00:00', '--job-id', '5143', '--raw', '--subdir', 'DAGS_FOLDER/pipeline.py', '--cfg-path', '/tmp/tmp98gr7sd8']
[2025-05-08T07:58:17.494+0000] {standard_task_runner.py:105} INFO - Job 5143: Subtask x_videos_scraper
[2025-05-08T07:58:17.542+0000] {task_command.py:467} INFO - Running <TaskInstance: x_videos_scraper_dag.x_videos_scraper manual__2025-05-08T07:58:09.251827+00:00 [running]> on host 6f22e5ddc135
[2025-05-08T07:58:17.622+0000] {taskinstance.py:3122} INFO - Exporting env vars: AIRFLOW_CTX_DAG_OWNER='airflow' AIRFLOW_CTX_DAG_ID='x_videos_scraper_dag' AIRFLOW_CTX_TASK_ID='x_videos_scraper' AIRFLOW_CTX_EXECUTION_DATE='2025-05-08T07:58:09.251827+00:00' AIRFLOW_CTX_TRY_NUMBER='1' AIRFLOW_CTX_DAG_RUN_ID='manual__2025-05-08T07:58:09.251827+00:00'
[2025-05-08T07:58:17.623+0000] {taskinstance.py:731} INFO - ::endgroup::
[2025-05-08T07:58:17.625+0000] {logging_mixin.py:190} INFO - Invalid or empty storage_state.json, will not use it.
[2025-05-08T07:58:23.885+0000] {logging_mixin.py:190} INFO - Scrolling down... 0
[2025-05-08T07:58:28.691+0000] {logging_mixin.py:190} INFO - Reading URLs from scraped_data/x.txt...
[2025-05-08T07:58:28.897+0000] {logging_mixin.py:190} INFO - No URLs found in the file.
[2025-05-08T07:58:28.897+0000] {python.py:240} INFO - Done. Returned value was: None
[2025-05-08T07:58:28.905+0000] {taskinstance.py:340} INFO - ::group::Post task execution logs
[2025-05-08T07:58:28.905+0000] {taskinstance.py:352} INFO - Marking task as SUCCESS. dag_id=x_videos_scraper_dag, task_id=x_videos_scraper, run_id=manual__2025-05-08T07:58:09.251827+00:00, execution_date=20250508T075809, start_date=20250508T075817, end_date=20250508T075828
[2025-05-08T07:58:28.953+0000] {local_task_job_runner.py:261} INFO - Task exited with return code 0
[2025-05-08T07:58:28.968+0000] {taskinstance.py:3891} INFO - 0 downstream tasks scheduled from follow-on schedule check
[2025-05-08T07:58:28.977+0000] {local_task_job_runner.py:240} INFO - ::endgroup::
