[2025-05-21T10:52:58.297+0000] {local_task_job_runner.py:123} INFO - ::group::Pre task execution logs
[2025-05-21T10:52:58.307+0000] {taskinstance.py:2603} INFO - Dependencies all met for dep_context=non-requeueable deps ti=<TaskInstance: x_videos_scraper_dag.get_links_task manual__2025-05-21T10:52:55.315679+00:00 [queued]>
[2025-05-21T10:52:58.312+0000] {taskinstance.py:2603} INFO - Dependencies all met for dep_context=requeueable deps ti=<TaskInstance: x_videos_scraper_dag.get_links_task manual__2025-05-21T10:52:55.315679+00:00 [queued]>
[2025-05-21T10:52:58.312+0000] {taskinstance.py:2856} INFO - Starting attempt 1 of 1
[2025-05-21T10:52:58.320+0000] {taskinstance.py:2879} INFO - Executing <Task(PythonOperator): get_links_task> on 2025-05-21 10:52:55.315679+00:00
[2025-05-21T10:52:58.324+0000] {standard_task_runner.py:72} INFO - Started process 1913389 to run task
[2025-05-21T10:52:58.328+0000] {standard_task_runner.py:104} INFO - Running: ['airflow', 'tasks', 'run', 'x_videos_scraper_dag', 'get_links_task', 'manual__2025-05-21T10:52:55.315679+00:00', '--job-id', '6465', '--raw', '--subdir', 'DAGS_FOLDER/pipeline_x.py', '--cfg-path', '/tmp/tmp1n4qy0gu']
[2025-05-21T10:52:58.330+0000] {standard_task_runner.py:105} INFO - Job 6465: Subtask get_links_task
[2025-05-21T10:52:58.366+0000] {task_command.py:467} INFO - Running <TaskInstance: x_videos_scraper_dag.get_links_task manual__2025-05-21T10:52:55.315679+00:00 [running]> on host 40367d170eab
[2025-05-21T10:52:58.424+0000] {taskinstance.py:3122} INFO - Exporting env vars: AIRFLOW_CTX_DAG_OWNER='airflow' AIRFLOW_CTX_DAG_ID='x_videos_scraper_dag' AIRFLOW_CTX_TASK_ID='get_links_task' AIRFLOW_CTX_EXECUTION_DATE='2025-05-21T10:52:55.315679+00:00' AIRFLOW_CTX_TRY_NUMBER='1' AIRFLOW_CTX_DAG_RUN_ID='manual__2025-05-21T10:52:55.315679+00:00'
[2025-05-21T10:52:58.425+0000] {taskinstance.py:731} INFO - ::endgroup::
[2025-05-21T10:53:11.744+0000] {logging_mixin.py:190} INFO - Scrolling down... 0
[2025-05-21T10:53:16.910+0000] {logging_mixin.py:190} INFO - https://x.com/MarioNawfal/status/1925138408755651050/video/1
[2025-05-21T10:53:16.913+0000] {logging_mixin.py:190} INFO - https://x.com/MarioNawfal/status/1925136989852254261/video/1
[2025-05-21T10:53:16.940+0000] {logging_mixin.py:190} INFO - https://x.com/MarioNawfal/status/1925109307559100804/video/1
[2025-05-21T10:53:16.944+0000] {logging_mixin.py:190} INFO - https://x.com/MarioNawfal/status/1925104274733990117/video/1
[2025-05-21T10:53:16.950+0000] {logging_mixin.py:190} INFO - https://x.com/MarioNawfal/status/1925096724433121552/video/1
[2025-05-21T10:53:16.960+0000] {logging_mixin.py:190} INFO - https://x.com/MarioNawfal/status/1925089174899851569/video/1
[2025-05-21T10:53:16.963+0000] {logging_mixin.py:190} INFO - https://x.com/MarioNawfal/status/1925086658288091493/video/1
[2025-05-21T10:53:16.967+0000] {logging_mixin.py:190} INFO - https://x.com/MarioNawfal/status/1925085547288056116/video/1
[2025-05-21T10:53:16.974+0000] {logging_mixin.py:190} INFO - https://x.com/MarioNawfal/status/1925081625152438564/video/1
[2025-05-21T10:53:16.978+0000] {logging_mixin.py:190} INFO - https://x.com/MarioNawfal/status/1925079108201152981/video/1
[2025-05-21T10:53:17.001+0000] {logging_mixin.py:190} INFO - https://x.com/MarioNawfal/status/1925059706676027523/video/1
[2025-05-21T10:53:17.018+0000] {logging_mixin.py:190} INFO - https://x.com/MarioNawfal/status/1925046393707888915/video/1
[2025-05-21T10:53:17.021+0000] {logging_mixin.py:190} INFO - https://x.com/MarioNawfal/status/1925043876433100894/video/1
[2025-05-21T10:53:17.024+0000] {logging_mixin.py:190} INFO - https://x.com/MarioNawfal/status/1925041359838433616/video/1
[2025-05-21T10:53:17.027+0000] {logging_mixin.py:190} INFO - https://x.com/MarioNawfal/status/1925036509419180519/video/1
[2025-05-21T10:53:17.034+0000] {logging_mixin.py:190} INFO - https://x.com/MarioNawfal/status/1925033809960911101/video/1
[2025-05-21T10:53:17.037+0000] {logging_mixin.py:190} INFO - https://x.com/MarioNawfal/status/1925031295731564693/video/1
[2025-05-21T10:53:17.040+0000] {logging_mixin.py:190} INFO - https://x.com/MarioNawfal/status/1925028776788066670/video/1
[2025-05-21T10:53:17.047+0000] {logging_mixin.py:190} INFO - https://x.com/MarioNawfal/status/1925023759112495422/video/1
[2025-05-21T10:53:17.050+0000] {logging_mixin.py:190} INFO - https://x.com/MarioNawfal/status/1925021226868867088/video/1
[2025-05-21T10:53:17.053+0000] {logging_mixin.py:190} INFO - https://x.com/MarioNawfal/status/1925018024693649576/video/1
[2025-05-21T10:53:17.057+0000] {logging_mixin.py:190} INFO - https://x.com/MarioNawfal/status/1925017793688154122/video/1
[2025-05-21T10:53:17.059+0000] {logging_mixin.py:190} INFO - https://x.com/MarioNawfal/status/1925013677687595222/video/1
[2025-05-21T10:53:17.063+0000] {logging_mixin.py:190} INFO - https://x.com/MarioNawfal/status/1925011160694431797/video/1
[2025-05-21T10:53:17.122+0000] {warnings.py:109} WARNING - /opt/airflow/dags/app/core/database_utils.py:30: SAWarning: SELECT statement has a cartesian product between FROM element(s) "tiktok" and FROM element "x".  Apply join condition(s) between each element to resolve.
  return db.query(X).filter(Tiktok.status == TaskStatus.SUCCESS.value).all()

[2025-05-21T10:53:17.206+0000] {logging_mixin.py:190} INFO - Remaining new videos: 24
[2025-05-21T10:53:17.206+0000] {logging_mixin.py:190} INFO - New videos: 24
[2025-05-21T10:53:17.352+0000] {python.py:240} INFO - Done. Returned value was: {'id': 'MarioNawfal', 'new_links': ('https://x.com/MarioNawfal/status/1925046393707888915/video/1', 'https://x.com/MarioNawfal/status/1925023759112495422/video/1', 'https://x.com/MarioNawfal/status/1925021226868867088/video/1', 'https://x.com/MarioNawfal/status/1925081625152438564/video/1', 'https://x.com/MarioNawfal/status/1925079108201152981/video/1', 'https://x.com/MarioNawfal/status/1925085547288056116/video/1', 'https://x.com/MarioNawfal/status/1925043876433100894/video/1', 'https://x.com/MarioNawfal/status/1925059706676027523/video/1', 'https://x.com/MarioNawfal/status/1925017793688154122/video/1', 'https://x.com/MarioNawfal/status/1925096724433121552/video/1', 'https://x.com/MarioNawfal/status/1925086658288091493/video/1', 'https://x.com/MarioNawfal/status/1925089174899851569/video/1', 'https://x.com/MarioNawfal/status/1925028776788066670/video/1', 'https://x.com/MarioNawfal/status/1925013677687595222/video/1', 'https://x.com/MarioNawfal/status/1925018024693649576/video/1', 'https://x.com/MarioNawfal/status/1925136989852254261/video/1', 'https://x.com/MarioNawfal/status/1925138408755651050/video/1', 'https://x.com/MarioNawfal/status/1925033809960911101/video/1', 'https://x.com/MarioNawfal/status/1925109307559100804/video/1', 'https://x.com/MarioNawfal/status/1925011160694431797/video/1', 'https://x.com/MarioNawfal/status/1925036509419180519/video/1', 'https://x.com/MarioNawfal/status/1925031295731564693/video/1', 'https://x.com/MarioNawfal/status/1925041359838433616/video/1', 'https://x.com/MarioNawfal/status/1925104274733990117/video/1')}
[2025-05-21T10:53:17.371+0000] {taskinstance.py:340} INFO - ::group::Post task execution logs
[2025-05-21T10:53:17.371+0000] {taskinstance.py:352} INFO - Marking task as SUCCESS. dag_id=x_videos_scraper_dag, task_id=get_links_task, run_id=manual__2025-05-21T10:52:55.315679+00:00, execution_date=20250521T105255, start_date=20250521T105258, end_date=20250521T105317
[2025-05-21T10:53:17.405+0000] {local_task_job_runner.py:261} INFO - Task exited with return code 0
[2025-05-21T10:53:17.422+0000] {taskinstance.py:3891} INFO - 1 downstream tasks scheduled from follow-on schedule check
[2025-05-21T10:53:17.424+0000] {local_task_job_runner.py:240} INFO - ::endgroup::
