[2025-05-12T07:03:00.011+0000] {local_task_job_runner.py:123} INFO - ::group::Pre task execution logs
[2025-05-12T07:03:00.023+0000] {taskinstance.py:2603} INFO - Dependencies all met for dep_context=non-requeueable deps ti=<TaskInstance: tiktok_videos_scraper_dag.tiktok_videos_scraper manual__2025-05-12T07:02:59.506191+00:00 [queued]>
[2025-05-12T07:03:00.028+0000] {taskinstance.py:2603} INFO - Dependencies all met for dep_context=requeueable deps ti=<TaskInstance: tiktok_videos_scraper_dag.tiktok_videos_scraper manual__2025-05-12T07:02:59.506191+00:00 [queued]>
[2025-05-12T07:03:00.028+0000] {taskinstance.py:2856} INFO - Starting attempt 1 of 1
[2025-05-12T07:03:00.036+0000] {taskinstance.py:2879} INFO - Executing <Task(_PythonDecoratedOperator): tiktok_videos_scraper> on 2025-05-12 07:02:59.506191+00:00
[2025-05-12T07:03:00.038+0000] {standard_task_runner.py:72} INFO - Started process 7996 to run task
[2025-05-12T07:03:00.041+0000] {standard_task_runner.py:104} INFO - Running: ['airflow', 'tasks', 'run', 'tiktok_videos_scraper_dag', 'tiktok_videos_scraper', 'manual__2025-05-12T07:02:59.506191+00:00', '--job-id', '5223', '--raw', '--subdir', 'DAGS_FOLDER/pipeline.py', '--cfg-path', '/tmp/tmp5z_j1nh1']
[2025-05-12T07:03:00.044+0000] {standard_task_runner.py:105} INFO - Job 5223: Subtask tiktok_videos_scraper
[2025-05-12T07:03:00.082+0000] {task_command.py:467} INFO - Running <TaskInstance: tiktok_videos_scraper_dag.tiktok_videos_scraper manual__2025-05-12T07:02:59.506191+00:00 [running]> on host 14fa56807961
[2025-05-12T07:03:00.140+0000] {taskinstance.py:3122} INFO - Exporting env vars: AIRFLOW_CTX_DAG_OWNER='airflow' AIRFLOW_CTX_DAG_ID='tiktok_videos_scraper_dag' AIRFLOW_CTX_TASK_ID='tiktok_videos_scraper' AIRFLOW_CTX_EXECUTION_DATE='2025-05-12T07:02:59.506191+00:00' AIRFLOW_CTX_TRY_NUMBER='1' AIRFLOW_CTX_DAG_RUN_ID='manual__2025-05-12T07:02:59.506191+00:00'
[2025-05-12T07:03:00.141+0000] {taskinstance.py:731} INFO - ::endgroup::
[2025-05-12T07:03:14.996+0000] {logging_mixin.py:190} INFO - https://www.tiktok.com/@therock/video/7498828992825396526
[2025-05-12T07:03:14.997+0000] {logging_mixin.py:190} INFO - https://www.tiktok.com/@therock/video/7498176682105294123
[2025-05-12T07:03:14.997+0000] {logging_mixin.py:190} INFO - https://www.tiktok.com/@therock/video/7495761605502848298
[2025-05-12T07:03:14.997+0000] {logging_mixin.py:190} INFO - https://www.tiktok.com/@therock/video/7494644438497529130
[2025-05-12T07:03:14.997+0000] {logging_mixin.py:190} INFO - https://www.tiktok.com/@therock/video/7494316440749755694
[2025-05-12T07:03:14.997+0000] {logging_mixin.py:190} INFO - https://www.tiktok.com/@therock/video/7493217492802882858
[2025-05-12T07:03:14.997+0000] {logging_mixin.py:190} INFO - https://www.tiktok.com/@therock/video/7492481998187990318
[2025-05-12T07:03:14.997+0000] {logging_mixin.py:190} INFO - https://www.tiktok.com/@therock/video/7490673656641637675
[2025-05-12T07:03:14.997+0000] {logging_mixin.py:190} INFO - https://www.tiktok.com/@therock/video/7487701629119171886
[2025-05-12T07:03:14.997+0000] {logging_mixin.py:190} INFO - https://www.tiktok.com/@therock/video/7486515871624596782
[2025-05-12T07:03:14.998+0000] {logging_mixin.py:190} INFO - https://www.tiktok.com/@therock/video/7482814601717910826
[2025-05-12T07:03:14.998+0000] {logging_mixin.py:190} INFO - https://www.tiktok.com/@therock/video/7480993221586292014
[2025-05-12T07:03:14.998+0000] {logging_mixin.py:190} INFO - https://www.tiktok.com/@therock/video/7478382826568568110
[2025-05-12T07:03:14.998+0000] {logging_mixin.py:190} INFO - https://www.tiktok.com/@therock/video/7475105018052480302
[2025-05-12T07:03:14.998+0000] {logging_mixin.py:190} INFO - https://www.tiktok.com/@therock/video/7474681315955150126
[2025-05-12T07:03:14.998+0000] {logging_mixin.py:190} INFO - https://www.tiktok.com/@therock/video/7473147398718573866
[2025-05-12T07:03:14.998+0000] {logging_mixin.py:190} INFO - https://www.tiktok.com/@therock/video/7473137749025967406
[2025-05-12T07:03:14.999+0000] {logging_mixin.py:190} INFO - https://www.tiktok.com/@therock/video/7472396683477830955
[2025-05-12T07:03:14.999+0000] {logging_mixin.py:190} INFO - https://www.tiktok.com/@therock/video/7461443489067240747
[2025-05-12T07:03:14.999+0000] {logging_mixin.py:190} INFO - https://www.tiktok.com/@therock/video/7460513088354258219
[2025-05-12T07:03:14.999+0000] {logging_mixin.py:190} INFO - https://www.tiktok.com/@therock/video/7460511600202648878
[2025-05-12T07:03:14.999+0000] {logging_mixin.py:190} INFO - https://www.tiktok.com/@therock/video/7457228860275395882
[2025-05-12T07:03:14.999+0000] {logging_mixin.py:190} INFO - https://www.tiktok.com/@therock/video/7456475589663362350
[2025-05-12T07:03:14.999+0000] {logging_mixin.py:190} INFO - https://www.tiktok.com/@therock/video/7455784020379716910
[2025-05-12T07:03:14.999+0000] {logging_mixin.py:190} INFO - https://www.tiktok.com/@therock/video/7455388311826287914
[2025-05-12T07:03:14.999+0000] {logging_mixin.py:190} INFO - https://www.tiktok.com/@therock/video/7454241121665944874
[2025-05-12T07:03:14.999+0000] {logging_mixin.py:190} INFO - https://www.tiktok.com/@therock/video/7452740726187642155
[2025-05-12T07:03:14.999+0000] {logging_mixin.py:190} INFO - https://www.tiktok.com/@therock/video/7452738096988294446
[2025-05-12T07:03:14.999+0000] {logging_mixin.py:190} INFO - https://www.tiktok.com/@therock/video/7451804943654276398
[2025-05-12T07:03:14.999+0000] {logging_mixin.py:190} INFO - https://www.tiktok.com/@therock/video/7451345731819965742
[2025-05-12T07:03:15.000+0000] {logging_mixin.py:190} INFO - https://www.tiktok.com/@therock/video/7451022184526482730
[2025-05-12T07:03:15.000+0000] {logging_mixin.py:190} INFO - https://www.tiktok.com/@therock/video/7450249740471749934
[2025-05-12T07:03:15.000+0000] {logging_mixin.py:190} INFO - https://www.tiktok.com/@therock/video/7448020055507422507
[2025-05-12T07:03:15.000+0000] {logging_mixin.py:190} INFO - https://www.tiktok.com/@therock/video/7447975660741610795
[2025-05-12T07:03:15.000+0000] {logging_mixin.py:190} INFO - https://www.tiktok.com/@therock/video/7447285805044993326
[2025-05-12T07:03:15.010+0000] {logging_mixin.py:190} INFO - Remaining new videos: 35
[2025-05-12T07:03:15.011+0000] {logging_mixin.py:190} INFO - New videos: 35
[2025-05-12T07:03:15.341+0000] {logging_mixin.py:190} INFO - Internet connection detected. Proceeding...
[2025-05-12T07:03:16.901+0000] {logging_mixin.py:190} INFO - Downloaded video 7494316440749755694 to media/7494316440749755694.mp3
[2025-05-12T07:03:17.138+0000] {logging_mixin.py:190} INFO - Internet connection detected. Proceeding...
[2025-05-12T07:03:18.274+0000] {logging_mixin.py:190} INFO - Downloaded video 7448020055507422507 to media/7448020055507422507.mp3
[2025-05-12T07:03:18.513+0000] {logging_mixin.py:190} INFO - Internet connection detected. Proceeding...
[2025-05-12T07:03:19.900+0000] {logging_mixin.py:190} INFO - Downloaded video 7474681315955150126 to media/7474681315955150126.mp3
[2025-05-12T07:03:20.136+0000] {logging_mixin.py:190} INFO - Internet connection detected. Proceeding...
[2025-05-12T07:03:22.285+0000] {logging_mixin.py:190} INFO - Downloaded video 7460511600202648878 to media/7460511600202648878.mp3
[2025-05-12T07:03:22.442+0000] {logging_mixin.py:190} INFO - Internet connection detected. Proceeding...
[2025-05-12T07:03:29.523+0000] {logging_mixin.py:190} INFO - Downloaded video 7457228860275395882 to media/7457228860275395882.mp3
[2025-05-12T07:03:29.743+0000] {logging_mixin.py:190} INFO - Internet connection detected. Proceeding...
[2025-05-12T07:03:29.500+0000] {logging_mixin.py:190} INFO - Downloaded video 7455388311826287914 to media/7455388311826287914.mp3
[2025-05-12T07:03:29.658+0000] {logging_mixin.py:190} INFO - Internet connection detected. Proceeding...
[2025-05-12T07:03:31.641+0000] {logging_mixin.py:190} INFO - Downloaded video 7473137749025967406 to media/7473137749025967406.mp3
[2025-05-12T07:03:31.800+0000] {logging_mixin.py:190} INFO - Internet connection detected. Proceeding...
[2025-05-12T07:03:33.723+0000] {logging_mixin.py:190} INFO - Downloaded video 7452740726187642155 to media/7452740726187642155.mp3
[2025-05-12T07:03:33.991+0000] {logging_mixin.py:190} INFO - Internet connection detected. Proceeding...
[2025-05-12T07:03:35.611+0000] {logging_mixin.py:190} INFO - Downloaded video 7492481998187990318 to media/7492481998187990318.mp3
[2025-05-12T07:03:35.866+0000] {logging_mixin.py:190} INFO - Internet connection detected. Proceeding...
[2025-05-12T07:03:37.858+0000] {logging_mixin.py:190} INFO - Downloaded video 7498828992825396526 to media/7498828992825396526.mp3
[2025-05-12T07:03:38.041+0000] {logging_mixin.py:190} INFO - Internet connection detected. Proceeding...
[2025-05-12T07:03:40.529+0000] {logging_mixin.py:190} INFO - Downloaded video 7460513088354258219 to media/7460513088354258219.mp3
[2025-05-12T07:03:40.682+0000] {logging_mixin.py:190} INFO - Internet connection detected. Proceeding...
[2025-05-12T07:03:42.027+0000] {logging_mixin.py:190} INFO - Downloaded video 7487701629119171886 to media/7487701629119171886.mp3
[2025-05-12T07:03:42.274+0000] {logging_mixin.py:190} INFO - Internet connection detected. Proceeding...
[2025-05-12T07:03:43.599+0000] {logging_mixin.py:190} INFO - Downloaded video 7473147398718573866 to media/7473147398718573866.mp3
[2025-05-12T07:03:43.847+0000] {logging_mixin.py:190} INFO - Internet connection detected. Proceeding...
[2025-05-12T07:03:45.515+0000] {logging_mixin.py:190} INFO - Downloaded video 7495761605502848298 to media/7495761605502848298.mp3
[2025-05-12T07:03:45.756+0000] {logging_mixin.py:190} INFO - Internet connection detected. Proceeding...
[2025-05-12T07:03:47.746+0000] {logging_mixin.py:190} INFO - Downloaded video 7451345731819965742 to media/7451345731819965742.mp3
[2025-05-12T07:03:47.966+0000] {logging_mixin.py:190} INFO - Internet connection detected. Proceeding...
[2025-05-12T07:03:49.529+0000] {logging_mixin.py:190} INFO - Downloaded video 7494644438497529130 to media/7494644438497529130.mp3
[2025-05-12T07:03:49.684+0000] {logging_mixin.py:190} INFO - Internet connection detected. Proceeding...
[2025-05-12T07:03:52.640+0000] {logging_mixin.py:190} INFO - Downloaded video 7493217492802882858 to media/7493217492802882858.mp3
[2025-05-12T07:03:52.825+0000] {logging_mixin.py:190} INFO - Internet connection detected. Proceeding...
[2025-05-12T07:03:54.673+0000] {logging_mixin.py:190} INFO - Downloaded video 7461443489067240747 to media/7461443489067240747.mp3
[2025-05-12T07:03:54.921+0000] {logging_mixin.py:190} INFO - Internet connection detected. Proceeding...
[2025-05-12T07:03:58.056+0000] {logging_mixin.py:190} INFO - Downloaded video 7482814601717910826 to media/7482814601717910826.mp3
[2025-05-12T07:03:58.293+0000] {logging_mixin.py:190} INFO - Internet connection detected. Proceeding...
[2025-05-12T07:04:00.903+0000] {logging_mixin.py:190} INFO - Downloaded video 7456475589663362350 to media/7456475589663362350.mp3
[2025-05-12T07:03:58.986+0000] {logging_mixin.py:190} INFO - Internet connection detected. Proceeding...
[2025-05-12T07:04:03.058+0000] {logging_mixin.py:190} INFO - Downloaded video 7451022184526482730 to media/7451022184526482730.mp3
[2025-05-12T07:04:03.750+0000] {logging_mixin.py:190} INFO - Internet connection detected. Proceeding...
[2025-05-12T07:04:06.560+0000] {logging_mixin.py:190} INFO - Downloaded video 7447285805044993326 to media/7447285805044993326.mp3
[2025-05-12T07:04:06.801+0000] {logging_mixin.py:190} INFO - Internet connection detected. Proceeding...
[2025-05-12T07:04:09.384+0000] {logging_mixin.py:190} INFO - Downloaded video 7490673656641637675 to media/7490673656641637675.mp3
[2025-05-12T07:04:10.018+0000] {logging_mixin.py:190} INFO - Internet connection detected. Proceeding...
[2025-05-12T07:04:18.362+0000] {logging_mixin.py:190} INFO - Downloaded video 7451804943654276398 to media/7451804943654276398.mp3
[2025-05-12T07:04:18.696+0000] {logging_mixin.py:190} INFO - Internet connection detected. Proceeding...
[2025-05-12T07:04:22.604+0000] {logging_mixin.py:190} INFO - Downloaded video 7450249740471749934 to media/7450249740471749934.mp3
[2025-05-12T07:04:22.852+0000] {logging_mixin.py:190} INFO - Internet connection detected. Proceeding...
[2025-05-12T07:04:24.312+0000] {logging_mixin.py:190} INFO - Downloaded video 7455784020379716910 to media/7455784020379716910.mp3
[2025-05-12T07:04:24.566+0000] {logging_mixin.py:190} INFO - Internet connection detected. Proceeding...
[2025-05-12T07:04:26.597+0000] {logging_mixin.py:190} INFO - Downloaded video 7454241121665944874 to media/7454241121665944874.mp3
[2025-05-12T07:04:26.779+0000] {logging_mixin.py:190} INFO - Internet connection detected. Proceeding...
[2025-05-12T07:04:28.151+0000] {logging_mixin.py:190} INFO - Downloaded video 7498176682105294123 to media/7498176682105294123.mp3
[2025-05-12T07:04:28.482+0000] {logging_mixin.py:190} INFO - Internet connection detected. Proceeding...
[2025-05-12T07:04:30.686+0000] {logging_mixin.py:190} INFO - Downloaded video 7486515871624596782 to media/7486515871624596782.mp3
[2025-05-12T07:04:28.785+0000] {logging_mixin.py:190} INFO - Internet connection detected. Proceeding...
[2025-05-12T07:04:33.030+0000] {logging_mixin.py:190} INFO - Downloaded video 7475105018052480302 to media/7475105018052480302.mp3
[2025-05-12T07:04:33.264+0000] {logging_mixin.py:190} INFO - Internet connection detected. Proceeding...
[2025-05-12T07:04:35.084+0000] {logging_mixin.py:190} INFO - Downloaded video 7472396683477830955 to media/7472396683477830955.mp3
[2025-05-12T07:04:35.298+0000] {logging_mixin.py:190} INFO - Internet connection detected. Proceeding...
[2025-05-12T07:04:39.723+0000] {logging_mixin.py:190} INFO - Downloaded video 7452738096988294446 to media/7452738096988294446.mp3
[2025-05-12T07:04:39.994+0000] {logging_mixin.py:190} INFO - Internet connection detected. Proceeding...
[2025-05-12T07:04:42.286+0000] {logging_mixin.py:190} INFO - Downloaded video 7478382826568568110 to media/7478382826568568110.mp3
[2025-05-12T07:04:42.537+0000] {logging_mixin.py:190} INFO - Internet connection detected. Proceeding...
[2025-05-12T07:04:45.452+0000] {logging_mixin.py:190} INFO - Downloaded video 7480993221586292014 to media/7480993221586292014.mp3
[2025-05-12T07:04:46.054+0000] {logging_mixin.py:190} INFO - Internet connection detected. Proceeding...
[2025-05-12T07:04:47.626+0000] {logging_mixin.py:190} INFO - Downloaded video 7447975660741610795 to media/7447975660741610795.mp3
[2025-05-12T07:04:47.626+0000] {logging_mixin.py:190} INFO - Downloaded 35 new videos.
[2025-05-12T07:04:47.709+0000] {python.py:240} INFO - Done. Returned value was: [{'video_id': '7494316440749755694', 'file_path': 'media/7494316440749755694.mp3'}, {'video_id': '7448020055507422507', 'file_path': 'media/7448020055507422507.mp3'}, {'video_id': '7474681315955150126', 'file_path': 'media/7474681315955150126.mp3'}, {'video_id': '7460511600202648878', 'file_path': 'media/7460511600202648878.mp3'}, {'video_id': '7457228860275395882', 'file_path': 'media/7457228860275395882.mp3'}, {'video_id': '7455388311826287914', 'file_path': 'media/7455388311826287914.mp3'}, {'video_id': '7473137749025967406', 'file_path': 'media/7473137749025967406.mp3'}, {'video_id': '7452740726187642155', 'file_path': 'media/7452740726187642155.mp3'}, {'video_id': '7492481998187990318', 'file_path': 'media/7492481998187990318.mp3'}, {'video_id': '7498828992825396526', 'file_path': 'media/7498828992825396526.mp3'}, {'video_id': '7460513088354258219', 'file_path': 'media/7460513088354258219.mp3'}, {'video_id': '7487701629119171886', 'file_path': 'media/7487701629119171886.mp3'}, {'video_id': '7473147398718573866', 'file_path': 'media/7473147398718573866.mp3'}, {'video_id': '7495761605502848298', 'file_path': 'media/7495761605502848298.mp3'}, {'video_id': '7451345731819965742', 'file_path': 'media/7451345731819965742.mp3'}, {'video_id': '7494644438497529130', 'file_path': 'media/7494644438497529130.mp3'}, {'video_id': '7493217492802882858', 'file_path': 'media/7493217492802882858.mp3'}, {'video_id': '7461443489067240747', 'file_path': 'media/7461443489067240747.mp3'}, {'video_id': '7482814601717910826', 'file_path': 'media/7482814601717910826.mp3'}, {'video_id': '7456475589663362350', 'file_path': 'media/7456475589663362350.mp3'}, {'video_id': '7451022184526482730', 'file_path': 'media/7451022184526482730.mp3'}, {'video_id': '7447285805044993326', 'file_path': 'media/7447285805044993326.mp3'}, {'video_id': '7490673656641637675', 'file_path': 'media/7490673656641637675.mp3'}, {'video_id': '7451804943654276398', 'file_path': 'media/7451804943654276398.mp3'}, {'video_id': '7450249740471749934', 'file_path': 'media/7450249740471749934.mp3'}, {'video_id': '7455784020379716910', 'file_path': 'media/7455784020379716910.mp3'}, {'video_id': '7454241121665944874', 'file_path': 'media/7454241121665944874.mp3'}, {'video_id': '7498176682105294123', 'file_path': 'media/7498176682105294123.mp3'}, {'video_id': '7486515871624596782', 'file_path': 'media/7486515871624596782.mp3'}, {'video_id': '7475105018052480302', 'file_path': 'media/7475105018052480302.mp3'}, {'video_id': '7472396683477830955', 'file_path': 'media/7472396683477830955.mp3'}, {'video_id': '7452738096988294446', 'file_path': 'media/7452738096988294446.mp3'}, {'video_id': '7478382826568568110', 'file_path': 'media/7478382826568568110.mp3'}, {'video_id': '7480993221586292014', 'file_path': 'media/7480993221586292014.mp3'}, {'video_id': '7447975660741610795', 'file_path': 'media/7447975660741610795.mp3'}]
[2025-05-12T07:04:47.726+0000] {taskinstance.py:340} INFO - ::group::Post task execution logs
[2025-05-12T07:04:47.726+0000] {taskinstance.py:352} INFO - Marking task as SUCCESS. dag_id=tiktok_videos_scraper_dag, task_id=tiktok_videos_scraper, run_id=manual__2025-05-12T07:02:59.506191+00:00, execution_date=20250512T070259, start_date=20250512T070300, end_date=20250512T070447
[2025-05-12T07:04:47.751+0000] {local_task_job_runner.py:261} INFO - Task exited with return code 0
[2025-05-12T07:04:47.764+0000] {taskinstance.py:3891} INFO - 1 downstream tasks scheduled from follow-on schedule check
[2025-05-12T07:04:47.765+0000] {local_task_job_runner.py:240} INFO - ::endgroup::
