[2025-05-05T10:25:46.750+0000] {local_task_job_runner.py:123} INFO - ::group::Pre task execution logs
[2025-05-05T10:25:46.760+0000] {taskinstance.py:2603} INFO - Dependencies all met for dep_context=non-requeueable deps ti=<TaskInstance: dag1.group1.task2 scheduled__2017-02-12T00:00:00+00:00 [queued]>
[2025-05-05T10:25:46.765+0000] {taskinstance.py:2603} INFO - Dependencies all met for dep_context=requeueable deps ti=<TaskInstance: dag1.group1.task2 scheduled__2017-02-12T00:00:00+00:00 [queued]>
[2025-05-05T10:25:46.765+0000] {taskinstance.py:2856} INFO - Starting attempt 1 of 3
[2025-05-05T10:25:46.772+0000] {taskinstance.py:2879} INFO - Executing <Task(BashOperator): group1.task2> on 2017-02-12 00:00:00+00:00
[2025-05-05T10:25:46.774+0000] {standard_task_runner.py:72} INFO - Started process 6289 to run task
[2025-05-05T10:25:46.776+0000] {standard_task_runner.py:104} INFO - Running: ['airflow', 'tasks', 'run', 'dag1', 'group1.task2', 'scheduled__2017-02-12T00:00:00+00:00', '--job-id', '2610', '--raw', '--subdir', 'DAGS_FOLDER/tuts/taskgroup_basic.py', '--cfg-path', '/tmp/tmp3slte65h']
[2025-05-05T10:25:46.777+0000] {standard_task_runner.py:105} INFO - Job 2610: Subtask group1.task2
[2025-05-05T10:25:46.810+0000] {task_command.py:467} INFO - Running <TaskInstance: dag1.group1.task2 scheduled__2017-02-12T00:00:00+00:00 [running]> on host 2c7afa36055b
[2025-05-05T10:25:46.859+0000] {taskinstance.py:3122} INFO - Exporting env vars: AIRFLOW_CTX_DAG_OWNER='airflow' AIRFLOW_CTX_DAG_ID='dag1' AIRFLOW_CTX_TASK_ID='group1.task2' AIRFLOW_CTX_EXECUTION_DATE='2017-02-12T00:00:00+00:00' AIRFLOW_CTX_TRY_NUMBER='1' AIRFLOW_CTX_DAG_RUN_ID='scheduled__2017-02-12T00:00:00+00:00'
[2025-05-05T10:25:46.860+0000] {taskinstance.py:731} INFO - ::endgroup::
[2025-05-05T10:25:46.861+0000] {subprocess.py:63} INFO - Tmp dir root location: /tmp
[2025-05-05T10:25:46.861+0000] {subprocess.py:75} INFO - Running command: ['/usr/bin/bash', '-c', 'echo Hello World!']
[2025-05-05T10:25:46.866+0000] {subprocess.py:86} INFO - Output:
[2025-05-05T10:25:46.867+0000] {subprocess.py:93} INFO - Hello World!
[2025-05-05T10:25:46.867+0000] {subprocess.py:97} INFO - Command exited with return code 0
[2025-05-05T10:25:46.883+0000] {taskinstance.py:340} INFO - ::group::Post task execution logs
[2025-05-05T10:25:46.883+0000] {taskinstance.py:352} INFO - Marking task as SUCCESS. dag_id=dag1, task_id=group1.task2, run_id=scheduled__2017-02-12T00:00:00+00:00, execution_date=20170212T000000, start_date=20250505T102546, end_date=20250505T102546
[2025-05-05T10:25:46.909+0000] {local_task_job_runner.py:261} INFO - Task exited with return code 0
[2025-05-05T10:25:46.919+0000] {taskinstance.py:3891} INFO - 0 downstream tasks scheduled from follow-on schedule check
[2025-05-05T10:25:46.921+0000] {local_task_job_runner.py:240} INFO - ::endgroup::
