[2025-05-21T03:17:02.087+0000] {local_task_job_runner.py:123} INFO - ::group::Pre task execution logs
[2025-05-21T03:17:02.098+0000] {taskinstance.py:2603} INFO - Dependencies all met for dep_context=non-requeueable deps ti=<TaskInstance: tiktok_videos_scraper_dag.tiktok_videos_scraper_task manual__2025-05-21T03:17:01.681608+00:00 [queued]>
[2025-05-21T03:17:02.103+0000] {taskinstance.py:2603} INFO - Dependencies all met for dep_context=requeueable deps ti=<TaskInstance: tiktok_videos_scraper_dag.tiktok_videos_scraper_task manual__2025-05-21T03:17:01.681608+00:00 [queued]>
[2025-05-21T03:17:02.103+0000] {taskinstance.py:2856} INFO - Starting attempt 1 of 1
[2025-05-21T03:17:02.113+0000] {taskinstance.py:2879} INFO - Executing <Task(PythonOperator): tiktok_videos_scraper_task> on 2025-05-21 03:17:01.681608+00:00
[2025-05-21T03:17:02.115+0000] {standard_task_runner.py:72} INFO - Started process 5635 to run task
[2025-05-21T03:17:02.118+0000] {standard_task_runner.py:104} INFO - Running: ['airflow', 'tasks', 'run', 'tiktok_videos_scraper_dag', 'tiktok_videos_scraper_task', 'manual__2025-05-21T03:17:01.681608+00:00', '--job-id', '6362', '--raw', '--subdir', 'DAGS_FOLDER/pipeline_tiktok.py', '--cfg-path', '/tmp/tmpmhelsr3h']
[2025-05-21T03:17:02.119+0000] {standard_task_runner.py:105} INFO - Job 6362: Subtask tiktok_videos_scraper_task
[2025-05-21T03:17:02.152+0000] {task_command.py:467} INFO - Running <TaskInstance: tiktok_videos_scraper_dag.tiktok_videos_scraper_task manual__2025-05-21T03:17:01.681608+00:00 [running]> on host 05534d39966d
[2025-05-21T03:17:02.204+0000] {taskinstance.py:3122} INFO - Exporting env vars: AIRFLOW_CTX_DAG_OWNER='airflow' AIRFLOW_CTX_DAG_ID='tiktok_videos_scraper_dag' AIRFLOW_CTX_TASK_ID='tiktok_videos_scraper_task' AIRFLOW_CTX_EXECUTION_DATE='2025-05-21T03:17:01.681608+00:00' AIRFLOW_CTX_TRY_NUMBER='1' AIRFLOW_CTX_DAG_RUN_ID='manual__2025-05-21T03:17:01.681608+00:00'
[2025-05-21T03:17:02.205+0000] {taskinstance.py:731} INFO - ::endgroup::
[2025-05-21T03:17:11.585+0000] {logging_mixin.py:190} INFO - https://www.tiktok.com/@manutd/video/7476084663191096598
[2025-05-21T03:17:11.586+0000] {logging_mixin.py:190} INFO - https://www.tiktok.com/@manutd/video/7437220758293646625
[2025-05-21T03:17:11.586+0000] {logging_mixin.py:190} INFO - https://www.tiktok.com/@manutd/video/7411927435731619105
[2025-05-21T03:17:11.586+0000] {logging_mixin.py:190} INFO - https://www.tiktok.com/@manutd/video/7506611129108548886
[2025-05-21T03:17:11.586+0000] {logging_mixin.py:190} INFO - https://www.tiktok.com/@manutd/video/7506587517609708822
[2025-05-21T03:17:11.586+0000] {logging_mixin.py:190} INFO - https://www.tiktok.com/@manutd/video/7506480999329500438
[2025-05-21T03:17:11.586+0000] {logging_mixin.py:190} INFO - https://www.tiktok.com/@manutd/video/7506240238633618710
[2025-05-21T03:17:11.586+0000] {logging_mixin.py:190} INFO - https://www.tiktok.com/@manutd/video/7506126139346193686
[2025-05-21T03:17:11.587+0000] {logging_mixin.py:190} INFO - https://www.tiktok.com/@manutd/video/7505095998612704514
[2025-05-21T03:17:11.587+0000] {logging_mixin.py:190} INFO - https://www.tiktok.com/@manutd/video/7504996759555362070
[2025-05-21T03:17:11.587+0000] {logging_mixin.py:190} INFO - https://www.tiktok.com/@manutd/video/7504983637079624982
[2025-05-21T03:17:11.587+0000] {logging_mixin.py:190} INFO - https://www.tiktok.com/@manutd/video/7504680345229413654
[2025-05-21T03:17:11.587+0000] {logging_mixin.py:190} INFO - https://www.tiktok.com/@manutd/video/7504614504559349014
[2025-05-21T03:17:11.587+0000] {logging_mixin.py:190} INFO - https://www.tiktok.com/@manutd/video/7502908287302520086
[2025-05-21T03:17:11.587+0000] {logging_mixin.py:190} INFO - https://www.tiktok.com/@manutd/video/7502818898635410710
[2025-05-21T03:17:11.587+0000] {logging_mixin.py:190} INFO - https://www.tiktok.com/@manutd/video/7502780142318538006
[2025-05-21T03:17:11.587+0000] {logging_mixin.py:190} INFO - https://www.tiktok.com/@manutd/video/7502697970492591382
[2025-05-21T03:17:11.587+0000] {logging_mixin.py:190} INFO - https://www.tiktok.com/@manutd/video/7502587447855844630
[2025-05-21T03:17:11.587+0000] {logging_mixin.py:190} INFO - https://www.tiktok.com/@manutd/video/7502208109721537814
[2025-05-21T03:17:11.587+0000] {logging_mixin.py:190} INFO - https://www.tiktok.com/@manutd/video/7502183433788017942
[2025-05-21T03:17:11.587+0000] {logging_mixin.py:190} INFO - https://www.tiktok.com/@manutd/video/7502139529365671190
[2025-05-21T03:17:11.587+0000] {logging_mixin.py:190} INFO - https://www.tiktok.com/@manutd/video/7502101249353895190
[2025-05-21T03:17:11.587+0000] {logging_mixin.py:190} INFO - https://www.tiktok.com/@manutd/video/7501704680976698646
[2025-05-21T03:17:11.588+0000] {logging_mixin.py:190} INFO - https://www.tiktok.com/@manutd/video/7501594316930911510
[2025-05-21T03:17:11.588+0000] {logging_mixin.py:190} INFO - https://www.tiktok.com/@manutd/video/7501236253145287958
[2025-05-21T03:17:11.588+0000] {logging_mixin.py:190} INFO - https://www.tiktok.com/@manutd/video/7500956701537897750
[2025-05-21T03:17:11.588+0000] {logging_mixin.py:190} INFO - https://www.tiktok.com/@manutd/video/7499843625870806294
[2025-05-21T03:17:11.588+0000] {logging_mixin.py:190} INFO - https://www.tiktok.com/@manutd/video/7499841252884581654
[2025-05-21T03:17:11.588+0000] {logging_mixin.py:190} INFO - https://www.tiktok.com/@manutd/video/7499838112999279894
[2025-05-21T03:17:11.588+0000] {logging_mixin.py:190} INFO - https://www.tiktok.com/@manutd/video/7499836432413461762
[2025-05-21T03:17:11.588+0000] {logging_mixin.py:190} INFO - https://www.tiktok.com/@manutd/video/7499834747347012886
[2025-05-21T03:17:11.588+0000] {logging_mixin.py:190} INFO - https://www.tiktok.com/@manutd/video/7499786845388049686
[2025-05-21T03:17:11.601+0000] {logging_mixin.py:190} INFO - New videos: 32
[2025-05-21T03:17:11.732+0000] {python.py:240} INFO - Done. Returned value was: ('https://www.tiktok.com/@manutd/video/7501704680976698646', 'https://www.tiktok.com/@manutd/video/7506126139346193686', 'https://www.tiktok.com/@manutd/video/7504983637079624982', 'https://www.tiktok.com/@manutd/video/7506587517609708822', 'https://www.tiktok.com/@manutd/video/7502697970492591382', 'https://www.tiktok.com/@manutd/video/7499834747347012886', 'https://www.tiktok.com/@manutd/video/7504680345229413654', 'https://www.tiktok.com/@manutd/video/7502101249353895190', 'https://www.tiktok.com/@manutd/video/7504996759555362070', 'https://www.tiktok.com/@manutd/video/7502139529365671190', 'https://www.tiktok.com/@manutd/video/7502818898635410710', 'https://www.tiktok.com/@manutd/video/7506611129108548886', 'https://www.tiktok.com/@manutd/video/7505095998612704514', 'https://www.tiktok.com/@manutd/video/7501594316930911510', 'https://www.tiktok.com/@manutd/video/7499838112999279894', 'https://www.tiktok.com/@manutd/video/7499841252884581654', 'https://www.tiktok.com/@manutd/video/7411927435731619105', 'https://www.tiktok.com/@manutd/video/7502587447855844630', 'https://www.tiktok.com/@manutd/video/7502908287302520086', 'https://www.tiktok.com/@manutd/video/7506240238633618710', 'https://www.tiktok.com/@manutd/video/7476084663191096598', 'https://www.tiktok.com/@manutd/video/7437220758293646625', 'https://www.tiktok.com/@manutd/video/7501236253145287958', 'https://www.tiktok.com/@manutd/video/7499836432413461762', 'https://www.tiktok.com/@manutd/video/7506480999329500438', 'https://www.tiktok.com/@manutd/video/7502208109721537814', 'https://www.tiktok.com/@manutd/video/7499786845388049686', 'https://www.tiktok.com/@manutd/video/7504614504559349014', 'https://www.tiktok.com/@manutd/video/7502780142318538006', 'https://www.tiktok.com/@manutd/video/7502183433788017942', 'https://www.tiktok.com/@manutd/video/7499843625870806294', 'https://www.tiktok.com/@manutd/video/7500956701537897750')
[2025-05-21T03:17:11.750+0000] {taskinstance.py:340} INFO - ::group::Post task execution logs
[2025-05-21T03:17:11.751+0000] {taskinstance.py:352} INFO - Marking task as SUCCESS. dag_id=tiktok_videos_scraper_dag, task_id=tiktok_videos_scraper_task, run_id=manual__2025-05-21T03:17:01.681608+00:00, execution_date=20250521T031701, start_date=20250521T031702, end_date=20250521T031711
[2025-05-21T03:17:11.780+0000] {local_task_job_runner.py:261} INFO - Task exited with return code 0
[2025-05-21T03:17:11.798+0000] {taskinstance.py:3891} INFO - 1 downstream tasks scheduled from follow-on schedule check
[2025-05-21T03:17:11.799+0000] {local_task_job_runner.py:240} INFO - ::endgroup::
