[2025-05-05T02:31:35.223+0000] {local_task_job_runner.py:123} INFO - ::group::Pre task execution logs
[2025-05-05T02:31:35.249+0000] {taskinstance.py:2603} INFO - Dependencies all met for dep_context=non-requeueable deps ti=<TaskInstance: demo.hello scheduled__2025-04-30T00:00:00+00:00 [queued]>
[2025-05-05T02:31:35.259+0000] {taskinstance.py:2603} INFO - Dependencies all met for dep_context=requeueable deps ti=<TaskInstance: demo.hello scheduled__2025-04-30T00:00:00+00:00 [queued]>
[2025-05-05T02:31:35.259+0000] {taskinstance.py:2856} INFO - Starting attempt 1 of 1
[2025-05-05T02:31:35.276+0000] {taskinstance.py:2879} INFO - Executing <Task(BashOperator): hello> on 2025-04-30 00:00:00+00:00
[2025-05-05T02:31:35.280+0000] {standard_task_runner.py:72} INFO - Started process 90 to run task
[2025-05-05T02:31:35.285+0000] {standard_task_runner.py:104} INFO - Running: ['airflow', 'tasks', 'run', 'demo', 'hello', 'scheduled__2025-04-30T00:00:00+00:00', '--job-id', '2468', '--raw', '--subdir', 'DAGS_FOLDER/tuts/simple-dag.py', '--cfg-path', '/tmp/tmp5eq8pkli']
[2025-05-05T02:31:35.286+0000] {standard_task_runner.py:105} INFO - Job 2468: Subtask hello
[2025-05-05T02:31:35.360+0000] {task_command.py:467} INFO - Running <TaskInstance: demo.hello scheduled__2025-04-30T00:00:00+00:00 [running]> on host 2c7afa36055b
[2025-05-05T02:31:35.455+0000] {taskinstance.py:3122} INFO - Exporting env vars: AIRFLOW_CTX_DAG_OWNER='airflow' AIRFLOW_CTX_DAG_ID='demo' AIRFLOW_CTX_TASK_ID='hello' AIRFLOW_CTX_EXECUTION_DATE='2025-04-30T00:00:00+00:00' AIRFLOW_CTX_TRY_NUMBER='1' AIRFLOW_CTX_DAG_RUN_ID='scheduled__2025-04-30T00:00:00+00:00'
[2025-05-05T02:31:35.456+0000] {taskinstance.py:731} INFO - ::endgroup::
[2025-05-05T02:31:35.458+0000] {subprocess.py:63} INFO - Tmp dir root location: /tmp
[2025-05-05T02:31:35.459+0000] {subprocess.py:75} INFO - Running command: ['/usr/bin/bash', '-c', 'echo hello']
[2025-05-05T02:31:35.467+0000] {subprocess.py:86} INFO - Output:
[2025-05-05T02:31:35.469+0000] {subprocess.py:93} INFO - hello
[2025-05-05T02:31:35.469+0000] {subprocess.py:97} INFO - Command exited with return code 0
[2025-05-05T02:31:35.504+0000] {taskinstance.py:340} INFO - ::group::Post task execution logs
[2025-05-05T02:31:35.504+0000] {taskinstance.py:352} INFO - Marking task as SUCCESS. dag_id=demo, task_id=hello, run_id=scheduled__2025-04-30T00:00:00+00:00, execution_date=20250430T000000, start_date=20250505T023135, end_date=20250505T023135
[2025-05-05T02:31:35.541+0000] {local_task_job_runner.py:261} INFO - Task exited with return code 0
[2025-05-05T02:31:35.559+0000] {taskinstance.py:3891} INFO - 1 downstream tasks scheduled from follow-on schedule check
[2025-05-05T02:31:35.562+0000] {local_task_job_runner.py:240} INFO - ::endgroup::
