[2025-05-26T06:39:17.381+0000] {local_task_job_runner.py:123} INFO - ::group::Pre task execution logs
[2025-05-26T06:39:17.392+0000] {taskinstance.py:2603} INFO - Dependencies all met for dep_context=non-requeueable deps ti=<TaskInstance: instagram_videos_scraper_dag.get_links_task manual__2025-05-26T06:39:16.766101+00:00 [queued]>
[2025-05-26T06:39:17.398+0000] {taskinstance.py:2603} INFO - Dependencies all met for dep_context=requeueable deps ti=<TaskInstance: instagram_videos_scraper_dag.get_links_task manual__2025-05-26T06:39:16.766101+00:00 [queued]>
[2025-05-26T06:39:17.398+0000] {taskinstance.py:2856} INFO - Starting attempt 1 of 1
[2025-05-26T06:39:17.410+0000] {taskinstance.py:2879} INFO - Executing <Task(PythonOperator): get_links_task> on 2025-05-26 06:39:16.766101+00:00
[2025-05-26T06:39:17.412+0000] {standard_task_runner.py:72} INFO - Started process 74 to run task
[2025-05-26T06:39:17.415+0000] {standard_task_runner.py:104} INFO - Running: ['airflow', 'tasks', 'run', 'instagram_videos_scraper_dag', 'get_links_task', 'manual__2025-05-26T06:39:16.766101+00:00', '--job-id', '6759', '--raw', '--subdir', 'DAGS_FOLDER/pipeline_instagram.py', '--cfg-path', '/tmp/tmpu7mrckpc']
[2025-05-26T06:39:17.417+0000] {standard_task_runner.py:105} INFO - Job 6759: Subtask get_links_task
[2025-05-26T06:39:17.456+0000] {task_command.py:467} INFO - Running <TaskInstance: instagram_videos_scraper_dag.get_links_task manual__2025-05-26T06:39:16.766101+00:00 [running]> on host d8d4e65c75e2
[2025-05-26T06:39:17.519+0000] {taskinstance.py:3122} INFO - Exporting env vars: AIRFLOW_CTX_DAG_OWNER='airflow' AIRFLOW_CTX_DAG_ID='instagram_videos_scraper_dag' AIRFLOW_CTX_TASK_ID='get_links_task' AIRFLOW_CTX_EXECUTION_DATE='2025-05-26T06:39:16.766101+00:00' AIRFLOW_CTX_TRY_NUMBER='1' AIRFLOW_CTX_DAG_RUN_ID='manual__2025-05-26T06:39:16.766101+00:00'
[2025-05-26T06:39:17.520+0000] {taskinstance.py:731} INFO - ::endgroup::
[2025-05-26T06:40:09.586+0000] {selenium_manager.py:133} WARNING - The chromedriver version (136.0.7103.59) detected in PATH at /usr/bin/chromedriver might not be compatible with the detected chrome version (136.0.7103.113); currently, chromedriver 136.0.7103.113 is recommended for chrome 136.*, so it is advised to delete the driver in PATH and retry
[2025-05-26T06:40:14.592+0000] {logging_mixin.py:190} INFO - Step 1 of 2 - Loading profile page
[2025-05-26T06:40:14.593+0000] {logging_mixin.py:190} INFO - Extracting videos...
[2025-05-26T06:40:17.612+0000] {logging_mixin.py:190} INFO - Count: 1, Limit: 1
[2025-05-26T06:40:17.630+0000] {logging_mixin.py:190} INFO - Found 58 video tags
[2025-05-26T06:40:17.739+0000] {logging_mixin.py:190} INFO - Extracted video URL: 
https://www.instagram.com/manchesterunited/reel/DKF0GaHgvDq/
[2025-05-26T06:40:17.752+0000] {logging_mixin.py:190} INFO - Extracted video URL: 
https://www.instagram.com/manchesterunited/reel/DKFbtkiML0u/
[2025-05-26T06:40:17.758+0000] {logging_mixin.py:190} INFO - Extracted video URL: 
https://www.instagram.com/manchesterunited/reel/DKCfi2sMrCs/
[2025-05-26T06:40:17.768+0000] {logging_mixin.py:190} INFO - Extracted video URL: 
https://www.instagram.com/manchesterunited/reel/DKBalxNs48M/
[2025-05-26T06:40:17.775+0000] {logging_mixin.py:190} INFO - Extracted video URL: 
https://www.instagram.com/manchesterunited/reel/DJ7PMpdMwr5/
[2025-05-26T06:40:17.781+0000] {logging_mixin.py:190} INFO - Extracted video URL: 
https://www.instagram.com/manchesterunited/reel/DJ7Nifju9C-/
[2025-05-26T06:40:17.790+0000] {logging_mixin.py:190} INFO - Extracted video URL: 
https://www.instagram.com/manchesterunited/reel/DJ7L2RSNvR1/
[2025-05-26T06:40:17.801+0000] {logging_mixin.py:190} INFO - Extracted video URL: 
https://www.instagram.com/manchesterunited/reel/DJ7BwA3IbKl/
[2025-05-26T06:40:17.808+0000] {logging_mixin.py:190} INFO - Extracted video URL: 
https://www.instagram.com/manchesterunited/reel/DJ6-mmUMFiG/
[2025-05-26T06:40:17.813+0000] {logging_mixin.py:190} INFO - Extracted video URL: 
https://www.instagram.com/manchesterunited/reel/DJ6G21SMNO-/
[2025-05-26T06:40:17.820+0000] {logging_mixin.py:190} INFO - Extracted video URL: 
https://www.instagram.com/manchesterunited/reel/DJ443cdMUe5/
[2025-05-26T06:40:17.826+0000] {logging_mixin.py:190} INFO - Extracted video URL: 
https://www.instagram.com/manchesterunited/reel/DJ4meX6tBdV/
[2025-05-26T06:40:17.831+0000] {logging_mixin.py:190} INFO - Extracted video URL: 
https://www.instagram.com/manchesterunited/reel/DJ4abSWMa5p/
[2025-05-26T06:40:17.837+0000] {logging_mixin.py:190} INFO - Extracted video URL: 
https://www.instagram.com/manchesterunited/reel/DJ4fCe2sUiN/
[2025-05-26T06:40:17.842+0000] {logging_mixin.py:190} INFO - Extracted video URL: 
https://www.instagram.com/manchesterunited/reel/DJ4Z17gM2tT/
[2025-05-26T06:40:17.847+0000] {logging_mixin.py:190} INFO - Extracted video URL: 
https://www.instagram.com/manchesterunited/reel/DJ4JPKmIqxn/
[2025-05-26T06:40:17.880+0000] {logging_mixin.py:190} INFO - Extracted video URL: 
https://www.instagram.com/manchesterunited/reel/DJ34NGZNnfW/
[2025-05-26T06:40:17.900+0000] {logging_mixin.py:190} INFO - Extracted video URL: 
https://www.instagram.com/manchesterunited/reel/DJ33enNNxgL/
[2025-05-26T06:40:17.906+0000] {logging_mixin.py:190} INFO - Extracted video URL: 
https://www.instagram.com/manchesterunited/reel/DJ3nvGDNbgH/
[2025-05-26T06:40:17.913+0000] {logging_mixin.py:190} INFO - Extracted video URL: 
https://www.instagram.com/manchesterunited/reel/DJ2JtFTiALJ/
[2025-05-26T06:40:17.918+0000] {logging_mixin.py:190} INFO - Extracted video URL: 
https://www.instagram.com/manchesterunited/reel/DJ11Vr0NwHd/
[2025-05-26T06:40:17.935+0000] {logging_mixin.py:190} INFO - Extracted video URL: 
https://www.instagram.com/manchesterunited/reel/DJ1j1oOtGkf/
[2025-05-26T06:40:17.941+0000] {logging_mixin.py:190} INFO - Extracted video URL: 
https://www.instagram.com/manchesterunited/reel/DJ1ZkFTsX-m/
[2025-05-26T06:40:17.947+0000] {logging_mixin.py:190} INFO - Extracted video URL: 
https://www.instagram.com/manchesterunited/reel/DJ1Kg6MNKWz/
[2025-05-26T06:40:18.148+0000] {logging_mixin.py:190} INFO - Scrolled 1 iterations
[2025-05-26T06:40:21.170+0000] {logging_mixin.py:190} INFO - Count: 2, Limit: 1
[2025-05-26T06:40:21.171+0000] {logging_mixin.py:190} INFO - Scrolling stopped after 10 iterations
[2025-05-26T06:40:21.171+0000] {logging_mixin.py:190} INFO - Extracted 24 video URLs
[2025-05-26T06:40:21.172+0000] {logging_mixin.py:190} INFO - Step 2 of 2 - Downloading and saving videos
[2025-05-26T06:40:21.173+0000] {logging_mixin.py:190} INFO - Don't close the app! Saving scraped data to database, it can take a while!
[2025-05-26T06:40:21.187+0000] {logging_mixin.py:190} INFO - New videos: 1
[2025-05-26T06:40:21.391+0000] {python.py:240} INFO - Done. Returned value was: {'id': 'manchesterunited', 'new_links': ('https://www.instagram.com/manchesterunited/reel/DKF0GaHgvDq/',)}
[2025-05-26T06:40:21.412+0000] {taskinstance.py:340} INFO - ::group::Post task execution logs
[2025-05-26T06:40:21.413+0000] {taskinstance.py:352} INFO - Marking task as SUCCESS. dag_id=instagram_videos_scraper_dag, task_id=get_links_task, run_id=manual__2025-05-26T06:39:16.766101+00:00, execution_date=20250526T063916, start_date=20250526T063917, end_date=20250526T064021
[2025-05-26T06:40:21.460+0000] {local_task_job_runner.py:261} INFO - Task exited with return code 0
[2025-05-26T06:40:21.481+0000] {taskinstance.py:3891} INFO - 1 downstream tasks scheduled from follow-on schedule check
[2025-05-26T06:40:21.483+0000] {local_task_job_runner.py:240} INFO - ::endgroup::
