[2025-05-05T10:24:20.576+0000] {local_task_job_runner.py:123} INFO - ::group::Pre task execution logs
[2025-05-05T10:24:20.591+0000] {taskinstance.py:2603} INFO - Dependencies all met for dep_context=non-requeueable deps ti=<TaskInstance: dag1.group1.task2 scheduled__2016-11-02T00:00:00+00:00 [queued]>
[2025-05-05T10:24:20.599+0000] {taskinstance.py:2603} INFO - Dependencies all met for dep_context=requeueable deps ti=<TaskInstance: dag1.group1.task2 scheduled__2016-11-02T00:00:00+00:00 [queued]>
[2025-05-05T10:24:20.599+0000] {taskinstance.py:2856} INFO - Starting attempt 1 of 3
[2025-05-05T10:24:20.610+0000] {taskinstance.py:2879} INFO - Executing <Task(BashOperator): group1.task2> on 2016-11-02 00:00:00+00:00
[2025-05-05T10:24:20.614+0000] {standard_task_runner.py:72} INFO - Started process 5856 to run task
[2025-05-05T10:24:20.619+0000] {standard_task_runner.py:104} INFO - Running: ['airflow', 'tasks', 'run', 'dag1', 'group1.task2', 'scheduled__2016-11-02T00:00:00+00:00', '--job-id', '2507', '--raw', '--subdir', 'DAGS_FOLDER/tuts/taskgroup_basic.py', '--cfg-path', '/tmp/tmprxnnj21z']
[2025-05-05T10:24:20.620+0000] {standard_task_runner.py:105} INFO - Job 2507: Subtask group1.task2
[2025-05-05T10:24:20.672+0000] {task_command.py:467} INFO - Running <TaskInstance: dag1.group1.task2 scheduled__2016-11-02T00:00:00+00:00 [running]> on host 2c7afa36055b
[2025-05-05T10:24:20.748+0000] {taskinstance.py:3122} INFO - Exporting env vars: AIRFLOW_CTX_DAG_OWNER='airflow' AIRFLOW_CTX_DAG_ID='dag1' AIRFLOW_CTX_TASK_ID='group1.task2' AIRFLOW_CTX_EXECUTION_DATE='2016-11-02T00:00:00+00:00' AIRFLOW_CTX_TRY_NUMBER='1' AIRFLOW_CTX_DAG_RUN_ID='scheduled__2016-11-02T00:00:00+00:00'
[2025-05-05T10:24:20.749+0000] {taskinstance.py:731} INFO - ::endgroup::
[2025-05-05T10:24:20.754+0000] {subprocess.py:63} INFO - Tmp dir root location: /tmp
[2025-05-05T10:24:20.755+0000] {subprocess.py:75} INFO - Running command: ['/usr/bin/bash', '-c', 'echo Hello World!']
[2025-05-05T10:24:20.761+0000] {subprocess.py:86} INFO - Output:
[2025-05-05T10:24:20.762+0000] {subprocess.py:93} INFO - Hello World!
[2025-05-05T10:24:20.763+0000] {subprocess.py:97} INFO - Command exited with return code 0
[2025-05-05T10:24:20.788+0000] {taskinstance.py:340} INFO - ::group::Post task execution logs
[2025-05-05T10:24:20.788+0000] {taskinstance.py:352} INFO - Marking task as SUCCESS. dag_id=dag1, task_id=group1.task2, run_id=scheduled__2016-11-02T00:00:00+00:00, execution_date=20161102T000000, start_date=20250505T102420, end_date=20250505T102420
[2025-05-05T10:24:20.833+0000] {local_task_job_runner.py:261} INFO - Task exited with return code 0
[2025-05-05T10:24:20.841+0000] {local_task_job_runner.py:240} INFO - ::endgroup::
