[2025-05-22T09:11:59.053+0000] {local_task_job_runner.py:123} INFO - ::group::Pre task execution logs
[2025-05-22T09:11:59.065+0000] {taskinstance.py:2603} INFO - Dependencies all met for dep_context=non-requeueable deps ti=<TaskInstance: facebook_videos_scraper_dag.get_links_task manual__2025-05-22T09:11:58.787224+00:00 [queued]>
[2025-05-22T09:11:59.071+0000] {taskinstance.py:2603} INFO - Dependencies all met for dep_context=requeueable deps ti=<TaskInstance: facebook_videos_scraper_dag.get_links_task manual__2025-05-22T09:11:58.787224+00:00 [queued]>
[2025-05-22T09:11:59.071+0000] {taskinstance.py:2856} INFO - Starting attempt 1 of 1
[2025-05-22T09:11:59.081+0000] {taskinstance.py:2879} INFO - Executing <Task(PythonOperator): get_links_task> on 2025-05-22 09:11:58.787224+00:00
[2025-05-22T09:11:59.084+0000] {standard_task_runner.py:72} INFO - Started process 509 to run task
[2025-05-22T09:11:59.087+0000] {standard_task_runner.py:104} INFO - Running: ['airflow', 'tasks', 'run', 'facebook_videos_scraper_dag', 'get_links_task', 'manual__2025-05-22T09:11:58.787224+00:00', '--job-id', '6508', '--raw', '--subdir', 'DAGS_FOLDER/pipeline_fb.py', '--cfg-path', '/tmp/tmpbqh34wcn']
[2025-05-22T09:11:59.089+0000] {standard_task_runner.py:105} INFO - Job 6508: Subtask get_links_task
[2025-05-22T09:11:59.125+0000] {task_command.py:467} INFO - Running <TaskInstance: facebook_videos_scraper_dag.get_links_task manual__2025-05-22T09:11:58.787224+00:00 [running]> on host 4176c7d548c4
[2025-05-22T09:11:59.194+0000] {taskinstance.py:3122} INFO - Exporting env vars: AIRFLOW_CTX_DAG_OWNER='airflow' AIRFLOW_CTX_DAG_ID='facebook_videos_scraper_dag' AIRFLOW_CTX_TASK_ID='get_links_task' AIRFLOW_CTX_EXECUTION_DATE='2025-05-22T09:11:58.787224+00:00' AIRFLOW_CTX_TRY_NUMBER='1' AIRFLOW_CTX_DAG_RUN_ID='manual__2025-05-22T09:11:58.787224+00:00'
[2025-05-22T09:11:59.195+0000] {taskinstance.py:731} INFO - ::endgroup::
[2025-05-22T09:12:25.629+0000] {selenium_manager.py:133} WARNING - The chromedriver version (136.0.7103.59) detected in PATH at /usr/bin/chromedriver might not be compatible with the detected chrome version (136.0.7103.113); currently, chromedriver 136.0.7103.113 is recommended for chrome 136.*, so it is advised to delete the driver in PATH and retry
[2025-05-22T09:12:33.965+0000] {logging_mixin.py:190} INFO - Step 1 of 3 - Load cookies
[2025-05-22T09:12:31.753+0000] {logging_mixin.py:190} INFO - Step 2 of 3 - Scrolling page
[2025-05-22T09:12:31.754+0000] {logging_mixin.py:190} INFO - Scrolling 1 iterations...
[2025-05-22T09:12:37.410+0000] {logging_mixin.py:190} INFO - Scrolling stopped after 2 iterations
[2025-05-22T09:12:37.411+0000] {logging_mixin.py:190} INFO - Scrolled 2 iterations
[2025-05-22T09:12:37.411+0000] {logging_mixin.py:190} INFO - Step 3 of 3 - Extract videos urls
[2025-05-22T09:12:37.431+0000] {logging_mixin.py:190} INFO - Found 137 a tags
[2025-05-22T09:12:37.725+0000] {logging_mixin.py:190} INFO - Found href: https://www.facebook.com/100044296156511/videos/1362494931698063
[2025-05-22T09:12:37.746+0000] {logging_mixin.py:190} INFO - Found href: https://www.facebook.com/manchesterunited/videos/1362494931698063/?comment_id=1801202197123560&__tn__=R]
[2025-05-22T09:12:37.753+0000] {logging_mixin.py:190} INFO - Found href: https://www.facebook.com/manchesterunited/videos/1760397254561973/
[2025-05-22T09:12:37.767+0000] {logging_mixin.py:190} INFO - Found href: https://www.facebook.com/manchesterunited/videos/1362494931698063/
[2025-05-22T09:12:37.779+0000] {logging_mixin.py:190} INFO - Found href: https://www.facebook.com/manchesterunited/videos/694643923451384/
[2025-05-22T09:12:37.797+0000] {logging_mixin.py:190} INFO - Found href: https://www.facebook.com/manchesterunited/videos/1909441793191388/
[2025-05-22T09:12:37.853+0000] {logging_mixin.py:190} INFO - Found href: https://www.facebook.com/manchesterunited/videos/982409090722070/
[2025-05-22T09:12:37.887+0000] {logging_mixin.py:190} INFO - Found href: https://www.facebook.com/manchesterunited/videos/1773022476944052/
[2025-05-22T09:12:37.998+0000] {logging_mixin.py:190} INFO - Found href: https://www.facebook.com/manchesterunited/videos/8274229069266765/
[2025-05-22T09:12:38.012+0000] {logging_mixin.py:190} INFO - Found href: https://www.facebook.com/manchesterunited/videos/556226863742204/
[2025-05-22T09:12:38.042+0000] {logging_mixin.py:190} INFO - Found href: https://www.facebook.com/manchesterunited/videos/1041336940536570/
[2025-05-22T09:12:38.055+0000] {logging_mixin.py:190} INFO - Found href: https://www.facebook.com/manchesterunited/videos/529340563294260/
[2025-05-22T09:12:38.074+0000] {logging_mixin.py:190} INFO - Found href: https://www.facebook.com/manchesterunited/videos/1276522580331422/
[2025-05-22T09:12:38.087+0000] {logging_mixin.py:190} INFO - Found href: https://www.facebook.com/manchesterunited/videos/882764287377874/
[2025-05-22T09:12:38.180+0000] {logging_mixin.py:190} INFO - Found href: https://www.facebook.com/manchesterunited/videos/1224491469029211/
[2025-05-22T09:12:38.192+0000] {logging_mixin.py:190} INFO - Found href: https://www.facebook.com/manchesterunited/videos/1382642382862628/
[2025-05-22T09:12:38.208+0000] {logging_mixin.py:190} INFO - Found href: https://www.facebook.com/manchesterunited/videos/1036340441761267/
[2025-05-22T09:12:38.226+0000] {logging_mixin.py:190} INFO - Found href: https://www.facebook.com/manchesterunited/videos/1732823114334576/
[2025-05-22T09:12:38.238+0000] {logging_mixin.py:190} INFO - Found href: https://www.facebook.com/manchesterunited/videos/1060728405963374/
[2025-05-22T09:12:38.251+0000] {logging_mixin.py:190} INFO - Found href: https://www.facebook.com/manchesterunited/videos/585960207199512/
[2025-05-22T09:12:38.264+0000] {logging_mixin.py:190} INFO - Found href: https://www.facebook.com/manchesterunited/videos/656884980546031/
[2025-05-22T09:12:38.276+0000] {logging_mixin.py:190} INFO - Found href: https://www.facebook.com/manchesterunited/videos/708154504977360/
[2025-05-22T09:12:38.288+0000] {logging_mixin.py:190} INFO - Found href: https://www.facebook.com/manchesterunited/videos/549543607852382/
[2025-05-22T09:12:38.299+0000] {logging_mixin.py:190} INFO - Found href: https://www.facebook.com/manchesterunited/videos/1098363302098361/
[2025-05-22T09:12:38.311+0000] {logging_mixin.py:190} INFO - Found href: https://www.facebook.com/manchesterunited/videos/630843533284430/
[2025-05-22T09:12:38.322+0000] {logging_mixin.py:190} INFO - Found href: https://www.facebook.com/manchesterunited/videos/670698715660708/
[2025-05-22T09:12:38.341+0000] {logging_mixin.py:190} INFO - Found href: https://www.facebook.com/manchesterunited/videos/1524027855224342/
[2025-05-22T09:12:38.352+0000] {logging_mixin.py:190} INFO - Found href: https://www.facebook.com/manchesterunited/videos/1190062166120574/
[2025-05-22T09:12:38.374+0000] {logging_mixin.py:190} INFO - Found href: https://www.facebook.com/manchesterunited/videos/1815873059208157/
[2025-05-22T09:12:38.385+0000] {logging_mixin.py:190} INFO - Found href: https://www.facebook.com/manchesterunited/videos/712907761084756/
[2025-05-22T09:12:38.403+0000] {logging_mixin.py:190} INFO - Found href: https://www.facebook.com/manchesterunited/videos/3029630467191422/
[2025-05-22T09:12:38.414+0000] {logging_mixin.py:190} INFO - Found href: https://www.facebook.com/manchesterunited/videos/1769184690305703/
[2025-05-22T09:12:43.715+0000] {logging_mixin.py:190} INFO - Found href: https://www.facebook.com/manchesterunited/videos/1356004988974021/
[2025-05-22T09:12:43.727+0000] {logging_mixin.py:190} INFO - Found href: https://www.facebook.com/manchesterunited/videos/1714593262803189/
[2025-05-22T09:12:43.743+0000] {logging_mixin.py:190} INFO - Found href: https://www.facebook.com/manchesterunited/videos/29292281887084616/
[2025-05-22T09:12:43.748+0000] {logging_mixin.py:190} INFO - Found 35 href elements
[2025-05-22T09:12:43.749+0000] {logging_mixin.py:190} INFO -  Scraped data:
[2025-05-22T09:12:43.750+0000] {logging_mixin.py:190} INFO -  - https://www.facebook.com/100044296156511/videos/1362494931698063
[2025-05-22T09:12:43.750+0000] {logging_mixin.py:190} INFO -  - 
https://www.facebook.com/manchesterunited/videos/1362494931698063/?comment_id=18
01202197123560&__tn__=R]
[2025-05-22T09:12:43.750+0000] {logging_mixin.py:190} INFO -  - https://www.facebook.com/manchesterunited/videos/1760397254561973/
[2025-05-22T09:12:43.751+0000] {logging_mixin.py:190} INFO -  - https://www.facebook.com/manchesterunited/videos/1362494931698063/
[2025-05-22T09:12:43.751+0000] {logging_mixin.py:190} INFO -  - https://www.facebook.com/manchesterunited/videos/694643923451384/
[2025-05-22T09:12:43.751+0000] {logging_mixin.py:190} INFO -  - https://www.facebook.com/manchesterunited/videos/1909441793191388/
[2025-05-22T09:12:43.751+0000] {logging_mixin.py:190} INFO -  - https://www.facebook.com/manchesterunited/videos/982409090722070/
[2025-05-22T09:12:43.751+0000] {logging_mixin.py:190} INFO -  - https://www.facebook.com/manchesterunited/videos/1773022476944052/
[2025-05-22T09:12:43.752+0000] {logging_mixin.py:190} INFO -  - https://www.facebook.com/manchesterunited/videos/8274229069266765/
[2025-05-22T09:12:43.752+0000] {logging_mixin.py:190} INFO -  - https://www.facebook.com/manchesterunited/videos/556226863742204/
[2025-05-22T09:12:43.752+0000] {logging_mixin.py:190} INFO -  - https://www.facebook.com/manchesterunited/videos/1041336940536570/
[2025-05-22T09:12:43.752+0000] {logging_mixin.py:190} INFO -  - https://www.facebook.com/manchesterunited/videos/529340563294260/
[2025-05-22T09:12:43.753+0000] {logging_mixin.py:190} INFO -  - https://www.facebook.com/manchesterunited/videos/1276522580331422/
[2025-05-22T09:12:43.753+0000] {logging_mixin.py:190} INFO -  - https://www.facebook.com/manchesterunited/videos/882764287377874/
[2025-05-22T09:12:43.753+0000] {logging_mixin.py:190} INFO -  - https://www.facebook.com/manchesterunited/videos/1224491469029211/
[2025-05-22T09:12:43.753+0000] {logging_mixin.py:190} INFO -  - https://www.facebook.com/manchesterunited/videos/1382642382862628/
[2025-05-22T09:12:43.753+0000] {logging_mixin.py:190} INFO -  - https://www.facebook.com/manchesterunited/videos/1036340441761267/
[2025-05-22T09:12:43.754+0000] {logging_mixin.py:190} INFO -  - https://www.facebook.com/manchesterunited/videos/1732823114334576/
[2025-05-22T09:12:43.754+0000] {logging_mixin.py:190} INFO -  - https://www.facebook.com/manchesterunited/videos/1060728405963374/
[2025-05-22T09:12:43.754+0000] {logging_mixin.py:190} INFO -  - https://www.facebook.com/manchesterunited/videos/585960207199512/
[2025-05-22T09:12:43.754+0000] {logging_mixin.py:190} INFO -  - https://www.facebook.com/manchesterunited/videos/656884980546031/
[2025-05-22T09:12:43.755+0000] {logging_mixin.py:190} INFO -  - https://www.facebook.com/manchesterunited/videos/708154504977360/
[2025-05-22T09:12:43.755+0000] {logging_mixin.py:190} INFO -  - https://www.facebook.com/manchesterunited/videos/549543607852382/
[2025-05-22T09:12:43.755+0000] {logging_mixin.py:190} INFO -  - https://www.facebook.com/manchesterunited/videos/1098363302098361/
[2025-05-22T09:12:43.755+0000] {logging_mixin.py:190} INFO -  - https://www.facebook.com/manchesterunited/videos/630843533284430/
[2025-05-22T09:12:43.755+0000] {logging_mixin.py:190} INFO -  - https://www.facebook.com/manchesterunited/videos/670698715660708/
[2025-05-22T09:12:43.756+0000] {logging_mixin.py:190} INFO -  - https://www.facebook.com/manchesterunited/videos/1524027855224342/
[2025-05-22T09:12:43.756+0000] {logging_mixin.py:190} INFO -  - https://www.facebook.com/manchesterunited/videos/1190062166120574/
[2025-05-22T09:12:43.756+0000] {logging_mixin.py:190} INFO -  - https://www.facebook.com/manchesterunited/videos/1815873059208157/
[2025-05-22T09:12:43.756+0000] {logging_mixin.py:190} INFO -  - https://www.facebook.com/manchesterunited/videos/712907761084756/
[2025-05-22T09:12:43.757+0000] {logging_mixin.py:190} INFO -  - https://www.facebook.com/manchesterunited/videos/3029630467191422/
[2025-05-22T09:12:43.757+0000] {logging_mixin.py:190} INFO -  - https://www.facebook.com/manchesterunited/videos/1769184690305703/
[2025-05-22T09:12:43.757+0000] {logging_mixin.py:190} INFO -  - https://www.facebook.com/manchesterunited/videos/1356004988974021/
[2025-05-22T09:12:43.757+0000] {logging_mixin.py:190} INFO -  - https://www.facebook.com/manchesterunited/videos/1714593262803189/
[2025-05-22T09:12:43.758+0000] {logging_mixin.py:190} INFO -  - https://www.facebook.com/manchesterunited/videos/29292281887084616/
[2025-05-22T09:12:43.758+0000] {logging_mixin.py:190} INFO - Don't close the app! Saving scraped data to database, it can take a while!
[2025-05-22T09:12:43.758+0000] {taskinstance.py:3301} ERROR - Task failed with exception
Traceback (most recent call last):
  File "/home/airflow/.local/lib/python3.10/site-packages/airflow/models/taskinstance.py", line 767, in _execute_task
    result = _execute_callable(context=context, **execute_callable_kwargs)
  File "/home/airflow/.local/lib/python3.10/site-packages/airflow/models/taskinstance.py", line 733, in _execute_callable
    return ExecutionCallableRunner(
  File "/home/airflow/.local/lib/python3.10/site-packages/airflow/utils/operator_helpers.py", line 252, in run
    return self.func(*args, **kwargs)
  File "/home/airflow/.local/lib/python3.10/site-packages/airflow/models/baseoperator.py", line 406, in wrapper
    return func(self, *args, **kwargs)
  File "/home/airflow/.local/lib/python3.10/site-packages/airflow/operators/python.py", line 238, in execute
    return_value = self.execute_callable()
  File "/home/airflow/.local/lib/python3.10/site-packages/airflow/operators/python.py", line 256, in execute_callable
    return runner.run(*self.op_args, **self.op_kwargs)
  File "/home/airflow/.local/lib/python3.10/site-packages/airflow/utils/operator_helpers.py", line 252, in run
    return self.func(*args, **kwargs)
  File "/opt/airflow/dags/pipeline_fb.py", line 16, in run_facebook_videos_scraper
    return facebook_videos_scraper(
  File "/opt/airflow/dags/tasks/facebook_videos_scraper.py", line 12, in facebook_videos_scraper
    return videos_scraper.save_video_urls_to_database_pipeline(scrolls=scrolls, user_id=id)
  File "/opt/airflow/dags/utils/account_videos.py", line 97, in save_video_urls_to_database_pipeline
    db_videos = get_all_videos_from_db(user_id=id, platform="facebook")
TypeError: get_all_videos_from_db() got an unexpected keyword argument 'user_id'
[2025-05-22T09:12:43.771+0000] {taskinstance.py:1225} INFO - Marking task as FAILED. dag_id=facebook_videos_scraper_dag, task_id=get_links_task, run_id=manual__2025-05-22T09:11:58.787224+00:00, execution_date=20250522T091158, start_date=20250522T091159, end_date=20250522T091243
[2025-05-22T09:12:43.792+0000] {taskinstance.py:340} INFO - ::group::Post task execution logs
[2025-05-22T09:12:43.792+0000] {standard_task_runner.py:124} ERROR - Failed to execute job 6508 for task get_links_task (get_all_videos_from_db() got an unexpected keyword argument 'user_id'; 509)
Traceback (most recent call last):
  File "/home/airflow/.local/lib/python3.10/site-packages/airflow/task/task_runner/standard_task_runner.py", line 117, in _start_by_fork
    ret = args.func(args, dag=self.dag)
  File "/home/airflow/.local/lib/python3.10/site-packages/airflow/cli/cli_config.py", line 49, in command
    return func(*args, **kwargs)
  File "/home/airflow/.local/lib/python3.10/site-packages/airflow/utils/cli.py", line 115, in wrapper
    return f(*args, **kwargs)
  File "/home/airflow/.local/lib/python3.10/site-packages/airflow/cli/commands/task_command.py", line 483, in task_run
    task_return_code = _run_task_by_selected_method(args, _dag, ti)
  File "/home/airflow/.local/lib/python3.10/site-packages/airflow/cli/commands/task_command.py", line 256, in _run_task_by_selected_method
    return _run_raw_task(args, ti)
  File "/home/airflow/.local/lib/python3.10/site-packages/airflow/cli/commands/task_command.py", line 341, in _run_raw_task
    return ti._run_raw_task(
  File "/home/airflow/.local/lib/python3.10/site-packages/airflow/utils/session.py", line 97, in wrapper
    return func(*args, session=session, **kwargs)
  File "/home/airflow/.local/lib/python3.10/site-packages/airflow/models/taskinstance.py", line 2995, in _run_raw_task
    return _run_raw_task(
  File "/home/airflow/.local/lib/python3.10/site-packages/airflow/models/taskinstance.py", line 273, in _run_raw_task
    TaskInstance._execute_task_with_callbacks(
  File "/home/airflow/.local/lib/python3.10/site-packages/airflow/models/taskinstance.py", line 3149, in _execute_task_with_callbacks
    result = self._execute_task(context, task_orig)
  File "/home/airflow/.local/lib/python3.10/site-packages/airflow/models/taskinstance.py", line 3173, in _execute_task
    return _execute_task(self, context, task_orig)
  File "/home/airflow/.local/lib/python3.10/site-packages/airflow/models/taskinstance.py", line 767, in _execute_task
    result = _execute_callable(context=context, **execute_callable_kwargs)
  File "/home/airflow/.local/lib/python3.10/site-packages/airflow/models/taskinstance.py", line 733, in _execute_callable
    return ExecutionCallableRunner(
  File "/home/airflow/.local/lib/python3.10/site-packages/airflow/utils/operator_helpers.py", line 252, in run
    return self.func(*args, **kwargs)
  File "/home/airflow/.local/lib/python3.10/site-packages/airflow/models/baseoperator.py", line 406, in wrapper
    return func(self, *args, **kwargs)
  File "/home/airflow/.local/lib/python3.10/site-packages/airflow/operators/python.py", line 238, in execute
    return_value = self.execute_callable()
  File "/home/airflow/.local/lib/python3.10/site-packages/airflow/operators/python.py", line 256, in execute_callable
    return runner.run(*self.op_args, **self.op_kwargs)
  File "/home/airflow/.local/lib/python3.10/site-packages/airflow/utils/operator_helpers.py", line 252, in run
    return self.func(*args, **kwargs)
  File "/opt/airflow/dags/pipeline_fb.py", line 16, in run_facebook_videos_scraper
    return facebook_videos_scraper(
  File "/opt/airflow/dags/tasks/facebook_videos_scraper.py", line 12, in facebook_videos_scraper
    return videos_scraper.save_video_urls_to_database_pipeline(scrolls=scrolls, user_id=id)
  File "/opt/airflow/dags/utils/account_videos.py", line 97, in save_video_urls_to_database_pipeline
    db_videos = get_all_videos_from_db(user_id=id, platform="facebook")
TypeError: get_all_videos_from_db() got an unexpected keyword argument 'user_id'
[2025-05-22T09:12:43.808+0000] {local_task_job_runner.py:261} INFO - Task exited with return code 1
[2025-05-22T09:12:43.825+0000] {taskinstance.py:3891} INFO - 0 downstream tasks scheduled from follow-on schedule check
[2025-05-22T09:12:43.829+0000] {local_task_job_runner.py:240} INFO - ::endgroup::
