[2025-05-21T07:47:31.485+0000] {local_task_job_runner.py:123} INFO - ::group::Pre task execution logs
[2025-05-21T07:47:31.496+0000] {taskinstance.py:2603} INFO - Dependencies all met for dep_context=non-requeueable deps ti=<TaskInstance: x_videos_scraper_dag.get_links_task manual__2025-05-21T07:47:29.125742+00:00 [queued]>
[2025-05-21T07:47:31.501+0000] {taskinstance.py:2603} INFO - Dependencies all met for dep_context=requeueable deps ti=<TaskInstance: x_videos_scraper_dag.get_links_task manual__2025-05-21T07:47:29.125742+00:00 [queued]>
[2025-05-21T07:47:31.501+0000] {taskinstance.py:2856} INFO - Starting attempt 1 of 1
[2025-05-21T07:47:31.508+0000] {taskinstance.py:2879} INFO - Executing <Task(PythonOperator): get_links_task> on 2025-05-21 07:47:29.125742+00:00
[2025-05-21T07:47:31.513+0000] {standard_task_runner.py:72} INFO - Started process 204611 to run task
[2025-05-21T07:47:31.516+0000] {standard_task_runner.py:104} INFO - Running: ['airflow', 'tasks', 'run', 'x_videos_scraper_dag', 'get_links_task', 'manual__2025-05-21T07:47:29.125742+00:00', '--job-id', '6423', '--raw', '--subdir', 'DAGS_FOLDER/pipeline_x.py', '--cfg-path', '/tmp/tmpvc8txlkx']
[2025-05-21T07:47:31.518+0000] {standard_task_runner.py:105} INFO - Job 6423: Subtask get_links_task
[2025-05-21T07:47:31.554+0000] {task_command.py:467} INFO - Running <TaskInstance: x_videos_scraper_dag.get_links_task manual__2025-05-21T07:47:29.125742+00:00 [running]> on host 40367d170eab
[2025-05-21T07:47:31.617+0000] {taskinstance.py:3122} INFO - Exporting env vars: AIRFLOW_CTX_DAG_OWNER='airflow' AIRFLOW_CTX_DAG_ID='x_videos_scraper_dag' AIRFLOW_CTX_TASK_ID='get_links_task' AIRFLOW_CTX_EXECUTION_DATE='2025-05-21T07:47:29.125742+00:00' AIRFLOW_CTX_TRY_NUMBER='1' AIRFLOW_CTX_DAG_RUN_ID='manual__2025-05-21T07:47:29.125742+00:00'
[2025-05-21T07:47:31.618+0000] {taskinstance.py:731} INFO - ::endgroup::
[2025-05-21T07:47:39.742+0000] {logging_mixin.py:190} INFO - Scrolling down... 0
[2025-05-21T07:47:45.040+0000] {warnings.py:109} WARNING - /opt/airflow/dags/app/core/database_utils.py:30: SAWarning: SELECT statement has a cartesian product between FROM element(s) "tiktok" and FROM element "x".  Apply join condition(s) between each element to resolve.
  return db.query(X).filter(Tiktok.status == TaskStatus.SUCCESS.value).all()

[2025-05-21T07:47:45.174+0000] {logging_mixin.py:190} INFO - Remaining new videos: 0
[2025-05-21T07:47:45.174+0000] {logging_mixin.py:190} INFO - New videos: 0
[2025-05-21T07:47:45.422+0000] {python.py:240} INFO - Done. Returned value was: {'id': 'hoaminzy_hoadambut', 'new_links': ()}
[2025-05-21T07:47:45.440+0000] {taskinstance.py:340} INFO - ::group::Post task execution logs
[2025-05-21T07:47:45.440+0000] {taskinstance.py:352} INFO - Marking task as SUCCESS. dag_id=x_videos_scraper_dag, task_id=get_links_task, run_id=manual__2025-05-21T07:47:29.125742+00:00, execution_date=20250521T074729, start_date=20250521T074731, end_date=20250521T074745
[2025-05-21T07:47:45.485+0000] {local_task_job_runner.py:261} INFO - Task exited with return code 0
[2025-05-21T07:47:45.503+0000] {taskinstance.py:3891} INFO - 1 downstream tasks scheduled from follow-on schedule check
[2025-05-21T07:47:45.505+0000] {local_task_job_runner.py:240} INFO - ::endgroup::
