[2025-05-05T10:33:32.966+0000] {local_task_job_runner.py:123} INFO - ::group::Pre task execution logs
[2025-05-05T10:33:32.976+0000] {taskinstance.py:2603} INFO - Dependencies all met for dep_context=non-requeueable deps ti=<TaskInstance: dag1.group1.task2 scheduled__2020-02-12T00:00:00+00:00 [queued]>
[2025-05-05T10:33:32.981+0000] {taskinstance.py:2603} INFO - Dependencies all met for dep_context=requeueable deps ti=<TaskInstance: dag1.group1.task2 scheduled__2020-02-12T00:00:00+00:00 [queued]>
[2025-05-05T10:33:32.981+0000] {taskinstance.py:2856} INFO - Starting attempt 1 of 3
[2025-05-05T10:33:32.988+0000] {taskinstance.py:2879} INFO - Executing <Task(BashOperator): group1.task2> on 2020-02-12 00:00:00+00:00
[2025-05-05T10:33:32.990+0000] {standard_task_runner.py:72} INFO - Started process 10776 to run task
[2025-05-05T10:33:32.993+0000] {standard_task_runner.py:104} INFO - Running: ['airflow', 'tasks', 'run', 'dag1', 'group1.task2', 'scheduled__2020-02-12T00:00:00+00:00', '--job-id', '3705', '--raw', '--subdir', 'DAGS_FOLDER/tuts/taskgroup_basic.py', '--cfg-path', '/tmp/tmp_4ehi4bw']
[2025-05-05T10:33:32.994+0000] {standard_task_runner.py:105} INFO - Job 3705: Subtask group1.task2
[2025-05-05T10:33:33.028+0000] {task_command.py:467} INFO - Running <TaskInstance: dag1.group1.task2 scheduled__2020-02-12T00:00:00+00:00 [running]> on host 2c7afa36055b
[2025-05-05T10:33:33.087+0000] {taskinstance.py:3122} INFO - Exporting env vars: AIRFLOW_CTX_DAG_OWNER='airflow' AIRFLOW_CTX_DAG_ID='dag1' AIRFLOW_CTX_TASK_ID='group1.task2' AIRFLOW_CTX_EXECUTION_DATE='2020-02-12T00:00:00+00:00' AIRFLOW_CTX_TRY_NUMBER='1' AIRFLOW_CTX_DAG_RUN_ID='scheduled__2020-02-12T00:00:00+00:00'
[2025-05-05T10:33:33.088+0000] {taskinstance.py:731} INFO - ::endgroup::
[2025-05-05T10:33:33.090+0000] {subprocess.py:63} INFO - Tmp dir root location: /tmp
[2025-05-05T10:33:33.090+0000] {subprocess.py:75} INFO - Running command: ['/usr/bin/bash', '-c', 'echo Hello World!']
[2025-05-05T10:33:33.096+0000] {subprocess.py:86} INFO - Output:
[2025-05-05T10:33:33.097+0000] {subprocess.py:93} INFO - Hello World!
[2025-05-05T10:33:33.098+0000] {subprocess.py:97} INFO - Command exited with return code 0
[2025-05-05T10:33:33.120+0000] {taskinstance.py:340} INFO - ::group::Post task execution logs
[2025-05-05T10:33:33.120+0000] {taskinstance.py:352} INFO - Marking task as SUCCESS. dag_id=dag1, task_id=group1.task2, run_id=scheduled__2020-02-12T00:00:00+00:00, execution_date=20200212T000000, start_date=20250505T103332, end_date=20250505T103333
[2025-05-05T10:33:33.165+0000] {local_task_job_runner.py:261} INFO - Task exited with return code 0
[2025-05-05T10:33:33.178+0000] {taskinstance.py:3891} INFO - 0 downstream tasks scheduled from follow-on schedule check
[2025-05-05T10:33:33.180+0000] {local_task_job_runner.py:240} INFO - ::endgroup::
