[2025-05-05T10:34:13.540+0000] {local_task_job_runner.py:123} INFO - ::group::Pre task execution logs
[2025-05-05T10:34:13.553+0000] {taskinstance.py:2603} INFO - Dependencies all met for dep_context=non-requeueable deps ti=<TaskInstance: dag1.group1.task2 scheduled__2020-05-19T00:00:00+00:00 [queued]>
[2025-05-05T10:34:13.559+0000] {taskinstance.py:2603} INFO - Dependencies all met for dep_context=requeueable deps ti=<TaskInstance: dag1.group1.task2 scheduled__2020-05-19T00:00:00+00:00 [queued]>
[2025-05-05T10:34:13.559+0000] {taskinstance.py:2856} INFO - Starting attempt 1 of 3
[2025-05-05T10:34:13.577+0000] {taskinstance.py:2879} INFO - Executing <Task(BashOperator): group1.task2> on 2020-05-19 00:00:00+00:00
[2025-05-05T10:34:13.580+0000] {standard_task_runner.py:72} INFO - Started process 11170 to run task
[2025-05-05T10:34:13.584+0000] {standard_task_runner.py:104} INFO - Running: ['airflow', 'tasks', 'run', 'dag1', 'group1.task2', 'scheduled__2020-05-19T00:00:00+00:00', '--job-id', '3802', '--raw', '--subdir', 'DAGS_FOLDER/tuts/taskgroup_basic.py', '--cfg-path', '/tmp/tmpgo2lbhe1']
[2025-05-05T10:34:13.584+0000] {standard_task_runner.py:105} INFO - Job 3802: Subtask group1.task2
[2025-05-05T10:34:13.627+0000] {task_command.py:467} INFO - Running <TaskInstance: dag1.group1.task2 scheduled__2020-05-19T00:00:00+00:00 [running]> on host 2c7afa36055b
[2025-05-05T10:34:13.694+0000] {taskinstance.py:3122} INFO - Exporting env vars: AIRFLOW_CTX_DAG_OWNER='airflow' AIRFLOW_CTX_DAG_ID='dag1' AIRFLOW_CTX_TASK_ID='group1.task2' AIRFLOW_CTX_EXECUTION_DATE='2020-05-19T00:00:00+00:00' AIRFLOW_CTX_TRY_NUMBER='1' AIRFLOW_CTX_DAG_RUN_ID='scheduled__2020-05-19T00:00:00+00:00'
[2025-05-05T10:34:13.695+0000] {taskinstance.py:731} INFO - ::endgroup::
[2025-05-05T10:34:13.697+0000] {subprocess.py:63} INFO - Tmp dir root location: /tmp
[2025-05-05T10:34:13.697+0000] {subprocess.py:75} INFO - Running command: ['/usr/bin/bash', '-c', 'echo Hello World!']
[2025-05-05T10:34:13.704+0000] {subprocess.py:86} INFO - Output:
[2025-05-05T10:34:13.705+0000] {subprocess.py:93} INFO - Hello World!
[2025-05-05T10:34:13.705+0000] {subprocess.py:97} INFO - Command exited with return code 0
[2025-05-05T10:34:13.727+0000] {taskinstance.py:340} INFO - ::group::Post task execution logs
[2025-05-05T10:34:13.728+0000] {taskinstance.py:352} INFO - Marking task as SUCCESS. dag_id=dag1, task_id=group1.task2, run_id=scheduled__2020-05-19T00:00:00+00:00, execution_date=20200519T000000, start_date=20250505T103413, end_date=20250505T103413
[2025-05-05T10:34:13.756+0000] {local_task_job_runner.py:261} INFO - Task exited with return code 0
[2025-05-05T10:34:13.765+0000] {local_task_job_runner.py:240} INFO - ::endgroup::
