[2025-05-05T10:24:44.949+0000] {local_task_job_runner.py:123} INFO - ::group::Pre task execution logs
[2025-05-05T10:24:44.964+0000] {taskinstance.py:2603} INFO - Dependencies all met for dep_context=non-requeueable deps ti=<TaskInstance: dag1.group1.task2 scheduled__2016-12-03T00:00:00+00:00 [queued]>
[2025-05-05T10:24:44.971+0000] {taskinstance.py:2603} INFO - Dependencies all met for dep_context=requeueable deps ti=<TaskInstance: dag1.group1.task2 scheduled__2016-12-03T00:00:00+00:00 [queued]>
[2025-05-05T10:24:44.971+0000] {taskinstance.py:2856} INFO - Starting attempt 1 of 3
[2025-05-05T10:24:44.991+0000] {taskinstance.py:2879} INFO - Executing <Task(BashOperator): group1.task2> on 2016-12-03 00:00:00+00:00
[2025-05-05T10:24:44.993+0000] {standard_task_runner.py:72} INFO - Started process 5991 to run task
[2025-05-05T10:24:44.998+0000] {standard_task_runner.py:104} INFO - Running: ['airflow', 'tasks', 'run', 'dag1', 'group1.task2', 'scheduled__2016-12-03T00:00:00+00:00', '--job-id', '2539', '--raw', '--subdir', 'DAGS_FOLDER/tuts/taskgroup_basic.py', '--cfg-path', '/tmp/tmpwz4hsjz3']
[2025-05-05T10:24:44.999+0000] {standard_task_runner.py:105} INFO - Job 2539: Subtask group1.task2
[2025-05-05T10:24:45.045+0000] {task_command.py:467} INFO - Running <TaskInstance: dag1.group1.task2 scheduled__2016-12-03T00:00:00+00:00 [running]> on host 2c7afa36055b
[2025-05-05T10:24:45.097+0000] {taskinstance.py:3122} INFO - Exporting env vars: AIRFLOW_CTX_DAG_OWNER='airflow' AIRFLOW_CTX_DAG_ID='dag1' AIRFLOW_CTX_TASK_ID='group1.task2' AIRFLOW_CTX_EXECUTION_DATE='2016-12-03T00:00:00+00:00' AIRFLOW_CTX_TRY_NUMBER='1' AIRFLOW_CTX_DAG_RUN_ID='scheduled__2016-12-03T00:00:00+00:00'
[2025-05-05T10:24:45.098+0000] {taskinstance.py:731} INFO - ::endgroup::
[2025-05-05T10:24:45.100+0000] {subprocess.py:63} INFO - Tmp dir root location: /tmp
[2025-05-05T10:24:45.100+0000] {subprocess.py:75} INFO - Running command: ['/usr/bin/bash', '-c', 'echo Hello World!']
[2025-05-05T10:24:45.106+0000] {subprocess.py:86} INFO - Output:
[2025-05-05T10:24:45.107+0000] {subprocess.py:93} INFO - Hello World!
[2025-05-05T10:24:45.107+0000] {subprocess.py:97} INFO - Command exited with return code 0
[2025-05-05T10:24:45.124+0000] {taskinstance.py:340} INFO - ::group::Post task execution logs
[2025-05-05T10:24:45.124+0000] {taskinstance.py:352} INFO - Marking task as SUCCESS. dag_id=dag1, task_id=group1.task2, run_id=scheduled__2016-12-03T00:00:00+00:00, execution_date=20161203T000000, start_date=20250505T102444, end_date=20250505T102445
[2025-05-05T10:24:45.170+0000] {local_task_job_runner.py:261} INFO - Task exited with return code 0
[2025-05-05T10:24:45.180+0000] {taskinstance.py:3891} INFO - 0 downstream tasks scheduled from follow-on schedule check
[2025-05-05T10:24:45.182+0000] {local_task_job_runner.py:240} INFO - ::endgroup::
