[2025-05-05T10:30:03.815+0000] {local_task_job_runner.py:123} INFO - ::group::Pre task execution logs
[2025-05-05T10:30:03.826+0000] {taskinstance.py:2603} INFO - Dependencies all met for dep_context=non-requeueable deps ti=<TaskInstance: dag1.group1.task2 scheduled__2018-10-09T00:00:00+00:00 [queued]>
[2025-05-05T10:30:03.832+0000] {taskinstance.py:2603} INFO - Dependencies all met for dep_context=requeueable deps ti=<TaskInstance: dag1.group1.task2 scheduled__2018-10-09T00:00:00+00:00 [queued]>
[2025-05-05T10:30:03.832+0000] {taskinstance.py:2856} INFO - Starting attempt 1 of 3
[2025-05-05T10:30:03.864+0000] {taskinstance.py:2879} INFO - Executing <Task(BashOperator): group1.task2> on 2018-10-09 00:00:00+00:00
[2025-05-05T10:30:03.866+0000] {standard_task_runner.py:72} INFO - Started process 8762 to run task
[2025-05-05T10:30:03.870+0000] {standard_task_runner.py:104} INFO - Running: ['airflow', 'tasks', 'run', 'dag1', 'group1.task2', 'scheduled__2018-10-09T00:00:00+00:00', '--job-id', '3214', '--raw', '--subdir', 'DAGS_FOLDER/tuts/taskgroup_basic.py', '--cfg-path', '/tmp/tmpmvq0swci']
[2025-05-05T10:30:03.871+0000] {standard_task_runner.py:105} INFO - Job 3214: Subtask group1.task2
[2025-05-05T10:30:03.906+0000] {task_command.py:467} INFO - Running <TaskInstance: dag1.group1.task2 scheduled__2018-10-09T00:00:00+00:00 [running]> on host 2c7afa36055b
[2025-05-05T10:30:03.964+0000] {taskinstance.py:3122} INFO - Exporting env vars: AIRFLOW_CTX_DAG_OWNER='airflow' AIRFLOW_CTX_DAG_ID='dag1' AIRFLOW_CTX_TASK_ID='group1.task2' AIRFLOW_CTX_EXECUTION_DATE='2018-10-09T00:00:00+00:00' AIRFLOW_CTX_TRY_NUMBER='1' AIRFLOW_CTX_DAG_RUN_ID='scheduled__2018-10-09T00:00:00+00:00'
[2025-05-05T10:30:03.965+0000] {taskinstance.py:731} INFO - ::endgroup::
[2025-05-05T10:30:03.967+0000] {subprocess.py:63} INFO - Tmp dir root location: /tmp
[2025-05-05T10:30:03.967+0000] {subprocess.py:75} INFO - Running command: ['/usr/bin/bash', '-c', 'echo Hello World!']
[2025-05-05T10:30:03.973+0000] {subprocess.py:86} INFO - Output:
[2025-05-05T10:30:03.974+0000] {subprocess.py:93} INFO - Hello World!
[2025-05-05T10:30:03.975+0000] {subprocess.py:97} INFO - Command exited with return code 0
[2025-05-05T10:30:03.995+0000] {taskinstance.py:340} INFO - ::group::Post task execution logs
[2025-05-05T10:30:03.996+0000] {taskinstance.py:352} INFO - Marking task as SUCCESS. dag_id=dag1, task_id=group1.task2, run_id=scheduled__2018-10-09T00:00:00+00:00, execution_date=20181009T000000, start_date=20250505T103003, end_date=20250505T103003
[2025-05-05T10:30:04.043+0000] {local_task_job_runner.py:261} INFO - Task exited with return code 0
[2025-05-05T10:30:04.053+0000] {taskinstance.py:3891} INFO - 0 downstream tasks scheduled from follow-on schedule check
[2025-05-05T10:30:04.054+0000] {local_task_job_runner.py:240} INFO - ::endgroup::
