[2025-05-12T09:00:55.042+0000] {local_task_job_runner.py:123} INFO - ::group::Pre task execution logs
[2025-05-12T09:00:55.054+0000] {taskinstance.py:2603} INFO - Dependencies all met for dep_context=non-requeueable deps ti=<TaskInstance: tiktok_videos_scraper_dag.tiktok_videos_scraper manual__2025-05-12T09:00:54.058889+00:00 [queued]>
[2025-05-12T09:00:55.060+0000] {taskinstance.py:2603} INFO - Dependencies all met for dep_context=requeueable deps ti=<TaskInstance: tiktok_videos_scraper_dag.tiktok_videos_scraper manual__2025-05-12T09:00:54.058889+00:00 [queued]>
[2025-05-12T09:00:55.060+0000] {taskinstance.py:2856} INFO - Starting attempt 1 of 1
[2025-05-12T09:00:55.068+0000] {taskinstance.py:2879} INFO - Executing <Task(_PythonDecoratedOperator): tiktok_videos_scraper> on 2025-05-12 09:00:54.058889+00:00
[2025-05-12T09:00:55.071+0000] {standard_task_runner.py:72} INFO - Started process 1411 to run task
[2025-05-12T09:00:55.074+0000] {standard_task_runner.py:104} INFO - Running: ['airflow', 'tasks', 'run', 'tiktok_videos_scraper_dag', 'tiktok_videos_scraper', 'manual__2025-05-12T09:00:54.058889+00:00', '--job-id', '5231', '--raw', '--subdir', 'DAGS_FOLDER/pipeline.py', '--cfg-path', '/tmp/tmp7zss85n1']
[2025-05-12T09:00:55.076+0000] {standard_task_runner.py:105} INFO - Job 5231: Subtask tiktok_videos_scraper
[2025-05-12T09:00:55.112+0000] {task_command.py:467} INFO - Running <TaskInstance: tiktok_videos_scraper_dag.tiktok_videos_scraper manual__2025-05-12T09:00:54.058889+00:00 [running]> on host c8bc4aa1f737
[2025-05-12T09:00:55.171+0000] {taskinstance.py:3122} INFO - Exporting env vars: AIRFLOW_CTX_DAG_OWNER='airflow' AIRFLOW_CTX_DAG_ID='tiktok_videos_scraper_dag' AIRFLOW_CTX_TASK_ID='tiktok_videos_scraper' AIRFLOW_CTX_EXECUTION_DATE='2025-05-12T09:00:54.058889+00:00' AIRFLOW_CTX_TRY_NUMBER='1' AIRFLOW_CTX_DAG_RUN_ID='manual__2025-05-12T09:00:54.058889+00:00'
[2025-05-12T09:00:55.172+0000] {taskinstance.py:731} INFO - ::endgroup::
[2025-05-12T09:01:03.577+0000] {logging_mixin.py:190} INFO - https://www.tiktok.com/@therock/video/7498828992825396526
[2025-05-12T09:01:03.577+0000] {logging_mixin.py:190} INFO - https://www.tiktok.com/@therock/video/7498176682105294123
[2025-05-12T09:01:03.578+0000] {logging_mixin.py:190} INFO - https://www.tiktok.com/@therock/video/7495761605502848298
[2025-05-12T09:01:03.578+0000] {logging_mixin.py:190} INFO - https://www.tiktok.com/@therock/video/7494644438497529130
[2025-05-12T09:01:03.578+0000] {logging_mixin.py:190} INFO - https://www.tiktok.com/@therock/video/7494316440749755694
[2025-05-12T09:01:03.578+0000] {logging_mixin.py:190} INFO - https://www.tiktok.com/@therock/video/7493217492802882858
[2025-05-12T09:01:03.578+0000] {logging_mixin.py:190} INFO - https://www.tiktok.com/@therock/video/7492481998187990318
[2025-05-12T09:01:03.578+0000] {logging_mixin.py:190} INFO - https://www.tiktok.com/@therock/video/7490673656641637675
[2025-05-12T09:01:03.578+0000] {logging_mixin.py:190} INFO - https://www.tiktok.com/@therock/video/7487701629119171886
[2025-05-12T09:01:03.578+0000] {logging_mixin.py:190} INFO - https://www.tiktok.com/@therock/video/7486515871624596782
[2025-05-12T09:01:03.578+0000] {logging_mixin.py:190} INFO - https://www.tiktok.com/@therock/video/7482814601717910826
[2025-05-12T09:01:03.579+0000] {logging_mixin.py:190} INFO - https://www.tiktok.com/@therock/video/7480993221586292014
[2025-05-12T09:01:03.579+0000] {logging_mixin.py:190} INFO - https://www.tiktok.com/@therock/video/7478382826568568110
[2025-05-12T09:01:03.579+0000] {logging_mixin.py:190} INFO - https://www.tiktok.com/@therock/video/7475105018052480302
[2025-05-12T09:01:03.579+0000] {logging_mixin.py:190} INFO - https://www.tiktok.com/@therock/video/7474681315955150126
[2025-05-12T09:01:03.579+0000] {logging_mixin.py:190} INFO - https://www.tiktok.com/@therock/video/7473147398718573866
[2025-05-12T09:01:03.579+0000] {logging_mixin.py:190} INFO - https://www.tiktok.com/@therock/video/7473137749025967406
[2025-05-12T09:01:03.579+0000] {logging_mixin.py:190} INFO - https://www.tiktok.com/@therock/video/7472396683477830955
[2025-05-12T09:01:03.579+0000] {logging_mixin.py:190} INFO - https://www.tiktok.com/@therock/video/7461443489067240747
[2025-05-12T09:01:03.579+0000] {logging_mixin.py:190} INFO - https://www.tiktok.com/@therock/video/7460513088354258219
[2025-05-12T09:01:03.579+0000] {logging_mixin.py:190} INFO - https://www.tiktok.com/@therock/video/7460511600202648878
[2025-05-12T09:01:03.579+0000] {logging_mixin.py:190} INFO - https://www.tiktok.com/@therock/video/7457228860275395882
[2025-05-12T09:01:03.579+0000] {logging_mixin.py:190} INFO - https://www.tiktok.com/@therock/video/7456475589663362350
[2025-05-12T09:01:03.579+0000] {logging_mixin.py:190} INFO - https://www.tiktok.com/@therock/video/7455784020379716910
[2025-05-12T09:01:03.579+0000] {logging_mixin.py:190} INFO - https://www.tiktok.com/@therock/video/7455388311826287914
[2025-05-12T09:01:03.579+0000] {logging_mixin.py:190} INFO - https://www.tiktok.com/@therock/video/7454241121665944874
[2025-05-12T09:01:03.580+0000] {logging_mixin.py:190} INFO - https://www.tiktok.com/@therock/video/7452740726187642155
[2025-05-12T09:01:03.580+0000] {logging_mixin.py:190} INFO - https://www.tiktok.com/@therock/video/7452738096988294446
[2025-05-12T09:01:03.580+0000] {logging_mixin.py:190} INFO - https://www.tiktok.com/@therock/video/7451804943654276398
[2025-05-12T09:01:03.580+0000] {logging_mixin.py:190} INFO - https://www.tiktok.com/@therock/video/7451345731819965742
[2025-05-12T09:01:03.580+0000] {logging_mixin.py:190} INFO - https://www.tiktok.com/@therock/video/7451022184526482730
[2025-05-12T09:01:03.580+0000] {logging_mixin.py:190} INFO - https://www.tiktok.com/@therock/video/7450249740471749934
[2025-05-12T09:01:03.580+0000] {logging_mixin.py:190} INFO - https://www.tiktok.com/@therock/video/7448020055507422507
[2025-05-12T09:01:03.580+0000] {logging_mixin.py:190} INFO - https://www.tiktok.com/@therock/video/7447975660741610795
[2025-05-12T09:01:03.580+0000] {logging_mixin.py:190} INFO - https://www.tiktok.com/@therock/video/7447285805044993326
[2025-05-12T09:01:03.590+0000] {logging_mixin.py:190} INFO - Remaining new videos: 35
[2025-05-12T09:01:03.590+0000] {logging_mixin.py:190} INFO - New videos: 35
[2025-05-12T09:01:03.738+0000] {logging_mixin.py:190} INFO - Internet connection detected. Proceeding...
[2025-05-12T09:01:04.868+0000] {logging_mixin.py:190} INFO - Downloaded video 7475105018052480302 to media/7475105018052480302.mp3
[2025-05-12T09:01:05.004+0000] {logging_mixin.py:190} INFO - Internet connection detected. Proceeding...
[2025-05-12T09:01:06.036+0000] {logging_mixin.py:190} INFO - Downloaded video 7447975660741610795 to media/7447975660741610795.mp3
[2025-05-12T09:01:06.165+0000] {logging_mixin.py:190} INFO - Internet connection detected. Proceeding...
[2025-05-12T09:01:07.372+0000] {logging_mixin.py:190} INFO - Downloaded video 7456475589663362350 to media/7456475589663362350.mp3
[2025-05-12T09:01:07.501+0000] {logging_mixin.py:190} INFO - Internet connection detected. Proceeding...
[2025-05-12T09:01:08.531+0000] {logging_mixin.py:190} INFO - Downloaded video 7455784020379716910 to media/7455784020379716910.mp3
[2025-05-12T09:01:08.655+0000] {logging_mixin.py:190} INFO - Internet connection detected. Proceeding...
[2025-05-12T09:01:09.697+0000] {logging_mixin.py:190} INFO - Downloaded video 7494644438497529130 to media/7494644438497529130.mp3
[2025-05-12T09:01:09.831+0000] {logging_mixin.py:190} INFO - Internet connection detected. Proceeding...
[2025-05-12T09:01:10.750+0000] {logging_mixin.py:190} INFO - Downloaded video 7498828992825396526 to media/7498828992825396526.mp3
[2025-05-12T09:01:10.879+0000] {logging_mixin.py:190} INFO - Internet connection detected. Proceeding...
[2025-05-12T09:01:12.884+0000] {logging_mixin.py:190} INFO - Downloaded video 7454241121665944874 to media/7454241121665944874.mp3
[2025-05-12T09:01:13.004+0000] {logging_mixin.py:190} INFO - Internet connection detected. Proceeding...
[2025-05-12T09:01:14.136+0000] {logging_mixin.py:190} INFO - Downloaded video 7494316440749755694 to media/7494316440749755694.mp3
[2025-05-12T09:01:14.262+0000] {logging_mixin.py:190} INFO - Internet connection detected. Proceeding...
[2025-05-12T09:01:15.245+0000] {logging_mixin.py:190} INFO - Downloaded video 7482814601717910826 to media/7482814601717910826.mp3
[2025-05-12T09:01:15.376+0000] {logging_mixin.py:190} INFO - Internet connection detected. Proceeding...
[2025-05-12T09:01:16.554+0000] {logging_mixin.py:190} INFO - Downloaded video 7480993221586292014 to media/7480993221586292014.mp3
[2025-05-12T09:01:16.681+0000] {logging_mixin.py:190} INFO - Internet connection detected. Proceeding...
[2025-05-12T09:01:17.725+0000] {logging_mixin.py:190} INFO - Downloaded video 7478382826568568110 to media/7478382826568568110.mp3
[2025-05-12T09:01:17.851+0000] {logging_mixin.py:190} INFO - Internet connection detected. Proceeding...
[2025-05-12T09:01:18.712+0000] {logging_mixin.py:190} INFO - Downloaded video 7460511600202648878 to media/7460511600202648878.mp3
[2025-05-12T09:01:18.850+0000] {logging_mixin.py:190} INFO - Internet connection detected. Proceeding...
[2025-05-12T09:01:20.041+0000] {logging_mixin.py:190} INFO - Downloaded video 7448020055507422507 to media/7448020055507422507.mp3
[2025-05-12T09:01:20.179+0000] {logging_mixin.py:190} INFO - Internet connection detected. Proceeding...
[2025-05-12T09:01:21.225+0000] {logging_mixin.py:190} INFO - Downloaded video 7452740726187642155 to media/7452740726187642155.mp3
[2025-05-12T09:01:21.355+0000] {logging_mixin.py:190} INFO - Internet connection detected. Proceeding...
[2025-05-12T09:01:22.582+0000] {logging_mixin.py:190} INFO - Downloaded video 7450249740471749934 to media/7450249740471749934.mp3
[2025-05-12T09:01:23.750+0000] {logging_mixin.py:190} INFO - Internet connection detected. Proceeding...
[2025-05-12T09:01:25.450+0000] {logging_mixin.py:190} INFO - Downloaded video 7460513088354258219 to media/7460513088354258219.mp3
[2025-05-12T09:01:25.585+0000] {logging_mixin.py:190} INFO - Internet connection detected. Proceeding...
[2025-05-12T09:01:27.512+0000] {logging_mixin.py:190} INFO - Downloaded video 7498176682105294123 to media/7498176682105294123.mp3
[2025-05-12T09:01:27.641+0000] {logging_mixin.py:190} INFO - Internet connection detected. Proceeding...
[2025-05-12T09:01:28.805+0000] {logging_mixin.py:190} INFO - Downloaded video 7495761605502848298 to media/7495761605502848298.mp3
[2025-05-12T09:01:28.927+0000] {logging_mixin.py:190} INFO - Internet connection detected. Proceeding...
[2025-05-12T09:01:30.120+0000] {logging_mixin.py:190} INFO - Downloaded video 7486515871624596782 to media/7486515871624596782.mp3
[2025-05-12T09:01:30.260+0000] {logging_mixin.py:190} INFO - Internet connection detected. Proceeding...
[2025-05-12T09:01:31.794+0000] {logging_mixin.py:190} INFO - Downloaded video 7451804943654276398 to media/7451804943654276398.mp3
[2025-05-12T09:01:31.915+0000] {logging_mixin.py:190} INFO - Internet connection detected. Proceeding...
[2025-05-12T09:01:32.893+0000] {logging_mixin.py:190} INFO - Downloaded video 7455388311826287914 to media/7455388311826287914.mp3
[2025-05-12T09:01:33.054+0000] {logging_mixin.py:190} INFO - Internet connection detected. Proceeding...
[2025-05-12T09:01:33.751+0000] {logging_mixin.py:190} INFO - Downloaded video 7492481998187990318 to media/7492481998187990318.mp3
[2025-05-12T09:01:33.882+0000] {logging_mixin.py:190} INFO - Internet connection detected. Proceeding...
[2025-05-12T09:01:35.183+0000] {logging_mixin.py:190} INFO - Downloaded video 7452738096988294446 to media/7452738096988294446.mp3
[2025-05-12T09:01:35.333+0000] {logging_mixin.py:190} INFO - Internet connection detected. Proceeding...
[2025-05-12T09:01:34.157+0000] {logging_mixin.py:190} INFO - Downloaded video 7487701629119171886 to media/7487701629119171886.mp3
[2025-05-12T09:01:34.287+0000] {logging_mixin.py:190} INFO - Internet connection detected. Proceeding...
[2025-05-12T09:01:35.935+0000] {logging_mixin.py:190} INFO - Downloaded video 7493217492802882858 to media/7493217492802882858.mp3
[2025-05-12T09:01:36.082+0000] {logging_mixin.py:190} INFO - Internet connection detected. Proceeding...
[2025-05-12T09:01:38.051+0000] {logging_mixin.py:190} INFO - Downloaded video 7461443489067240747 to media/7461443489067240747.mp3
[2025-05-12T09:01:38.187+0000] {logging_mixin.py:190} INFO - Internet connection detected. Proceeding...
[2025-05-12T09:01:40.748+0000] {logging_mixin.py:190} INFO - Downloaded video 7457228860275395882 to media/7457228860275395882.mp3
[2025-05-12T09:01:40.890+0000] {logging_mixin.py:190} INFO - Internet connection detected. Proceeding...
[2025-05-12T09:01:42.178+0000] {logging_mixin.py:190} INFO - Downloaded video 7474681315955150126 to media/7474681315955150126.mp3
[2025-05-12T09:01:42.318+0000] {logging_mixin.py:190} INFO - Internet connection detected. Proceeding...
[2025-05-12T09:01:42.964+0000] {logging_mixin.py:190} INFO - Downloaded video 7490673656641637675 to media/7490673656641637675.mp3
[2025-05-12T09:01:43.089+0000] {logging_mixin.py:190} INFO - Internet connection detected. Proceeding...
[2025-05-12T09:01:44.313+0000] {logging_mixin.py:190} INFO - Downloaded video 7447285805044993326 to media/7447285805044993326.mp3
[2025-05-12T09:01:44.447+0000] {logging_mixin.py:190} INFO - Internet connection detected. Proceeding...
[2025-05-12T09:01:45.385+0000] {logging_mixin.py:190} INFO - Downloaded video 7473147398718573866 to media/7473147398718573866.mp3
[2025-05-12T09:01:45.516+0000] {logging_mixin.py:190} INFO - Internet connection detected. Proceeding...
[2025-05-12T09:01:46.283+0000] {logging_mixin.py:190} INFO - Downloaded video 7451345731819965742 to media/7451345731819965742.mp3
[2025-05-12T09:01:46.420+0000] {logging_mixin.py:190} INFO - Internet connection detected. Proceeding...
[2025-05-12T09:01:47.577+0000] {logging_mixin.py:190} INFO - Downloaded video 7472396683477830955 to media/7472396683477830955.mp3
[2025-05-12T09:01:47.696+0000] {logging_mixin.py:190} INFO - Internet connection detected. Proceeding...
[2025-05-12T09:01:49.153+0000] {logging_mixin.py:190} INFO - Downloaded video 7473137749025967406 to media/7473137749025967406.mp3
[2025-05-12T09:01:49.285+0000] {logging_mixin.py:190} INFO - Internet connection detected. Proceeding...
[2025-05-12T09:01:50.732+0000] {logging_mixin.py:190} INFO - Downloaded video 7451022184526482730 to media/7451022184526482730.mp3
[2025-05-12T09:01:50.732+0000] {logging_mixin.py:190} INFO - Downloaded 35 new videos.
[2025-05-12T09:01:50.885+0000] {python.py:240} INFO - Done. Returned value was: [{'video_id': '7475105018052480302', 'file_path': 'media/7475105018052480302.mp3'}, {'video_id': '7447975660741610795', 'file_path': 'media/7447975660741610795.mp3'}, {'video_id': '7456475589663362350', 'file_path': 'media/7456475589663362350.mp3'}, {'video_id': '7455784020379716910', 'file_path': 'media/7455784020379716910.mp3'}, {'video_id': '7494644438497529130', 'file_path': 'media/7494644438497529130.mp3'}, {'video_id': '7498828992825396526', 'file_path': 'media/7498828992825396526.mp3'}, {'video_id': '7454241121665944874', 'file_path': 'media/7454241121665944874.mp3'}, {'video_id': '7494316440749755694', 'file_path': 'media/7494316440749755694.mp3'}, {'video_id': '7482814601717910826', 'file_path': 'media/7482814601717910826.mp3'}, {'video_id': '7480993221586292014', 'file_path': 'media/7480993221586292014.mp3'}, {'video_id': '7478382826568568110', 'file_path': 'media/7478382826568568110.mp3'}, {'video_id': '7460511600202648878', 'file_path': 'media/7460511600202648878.mp3'}, {'video_id': '7448020055507422507', 'file_path': 'media/7448020055507422507.mp3'}, {'video_id': '7452740726187642155', 'file_path': 'media/7452740726187642155.mp3'}, {'video_id': '7450249740471749934', 'file_path': 'media/7450249740471749934.mp3'}, {'video_id': '7460513088354258219', 'file_path': 'media/7460513088354258219.mp3'}, {'video_id': '7498176682105294123', 'file_path': 'media/7498176682105294123.mp3'}, {'video_id': '7495761605502848298', 'file_path': 'media/7495761605502848298.mp3'}, {'video_id': '7486515871624596782', 'file_path': 'media/7486515871624596782.mp3'}, {'video_id': '7451804943654276398', 'file_path': 'media/7451804943654276398.mp3'}, {'video_id': '7455388311826287914', 'file_path': 'media/7455388311826287914.mp3'}, {'video_id': '7492481998187990318', 'file_path': 'media/7492481998187990318.mp3'}, {'video_id': '7452738096988294446', 'file_path': 'media/7452738096988294446.mp3'}, {'video_id': '7487701629119171886', 'file_path': 'media/7487701629119171886.mp3'}, {'video_id': '7493217492802882858', 'file_path': 'media/7493217492802882858.mp3'}, {'video_id': '7461443489067240747', 'file_path': 'media/7461443489067240747.mp3'}, {'video_id': '7457228860275395882', 'file_path': 'media/7457228860275395882.mp3'}, {'video_id': '7474681315955150126', 'file_path': 'media/7474681315955150126.mp3'}, {'video_id': '7490673656641637675', 'file_path': 'media/7490673656641637675.mp3'}, {'video_id': '7447285805044993326', 'file_path': 'media/7447285805044993326.mp3'}, {'video_id': '7473147398718573866', 'file_path': 'media/7473147398718573866.mp3'}, {'video_id': '7451345731819965742', 'file_path': 'media/7451345731819965742.mp3'}, {'video_id': '7472396683477830955', 'file_path': 'media/7472396683477830955.mp3'}, {'video_id': '7473137749025967406', 'file_path': 'media/7473137749025967406.mp3'}, {'video_id': '7451022184526482730', 'file_path': 'media/7451022184526482730.mp3'}]
[2025-05-12T09:01:50.905+0000] {taskinstance.py:340} INFO - ::group::Post task execution logs
[2025-05-12T09:01:50.905+0000] {taskinstance.py:352} INFO - Marking task as SUCCESS. dag_id=tiktok_videos_scraper_dag, task_id=tiktok_videos_scraper, run_id=manual__2025-05-12T09:00:54.058889+00:00, execution_date=20250512T090054, start_date=20250512T090055, end_date=20250512T090150
[2025-05-12T09:01:50.939+0000] {local_task_job_runner.py:261} INFO - Task exited with return code 0
[2025-05-12T09:01:50.953+0000] {taskinstance.py:3891} INFO - 1 downstream tasks scheduled from follow-on schedule check
[2025-05-12T09:01:50.968+0000] {local_task_job_runner.py:240} INFO - ::endgroup::
