[2025-05-09T09:39:52.714+0000] {local_task_job_runner.py:123} INFO - ::group::Pre task execution logs
[2025-05-09T09:39:52.727+0000] {taskinstance.py:2603} INFO - Dependencies all met for dep_context=non-requeueable deps ti=<TaskInstance: instagram_videos_scraper_dag.ins_videos_scraper manual__2025-05-09T09:39:52.177326+00:00 [queued]>
[2025-05-09T09:39:52.733+0000] {taskinstance.py:2603} INFO - Dependencies all met for dep_context=requeueable deps ti=<TaskInstance: instagram_videos_scraper_dag.ins_videos_scraper manual__2025-05-09T09:39:52.177326+00:00 [queued]>
[2025-05-09T09:39:52.733+0000] {taskinstance.py:2856} INFO - Starting attempt 1 of 1
[2025-05-09T09:39:52.743+0000] {taskinstance.py:2879} INFO - Executing <Task(_PythonDecoratedOperator): ins_videos_scraper> on 2025-05-09 09:39:52.177326+00:00
[2025-05-09T09:39:52.746+0000] {standard_task_runner.py:72} INFO - Started process 950 to run task
[2025-05-09T09:39:52.750+0000] {standard_task_runner.py:104} INFO - Running: ['airflow', 'tasks', 'run', 'instagram_videos_scraper_dag', 'ins_videos_scraper', 'manual__2025-05-09T09:39:52.177326+00:00', '--job-id', '5184', '--raw', '--subdir', 'DAGS_FOLDER/pipeline.py', '--cfg-path', '/tmp/tmp3w2qovxv']
[2025-05-09T09:39:52.752+0000] {standard_task_runner.py:105} INFO - Job 5184: Subtask ins_videos_scraper
[2025-05-09T09:39:52.793+0000] {task_command.py:467} INFO - Running <TaskInstance: instagram_videos_scraper_dag.ins_videos_scraper manual__2025-05-09T09:39:52.177326+00:00 [running]> on host 14fa56807961
[2025-05-09T09:39:52.852+0000] {taskinstance.py:3122} INFO - Exporting env vars: AIRFLOW_CTX_DAG_OWNER='airflow' AIRFLOW_CTX_DAG_ID='instagram_videos_scraper_dag' AIRFLOW_CTX_TASK_ID='ins_videos_scraper' AIRFLOW_CTX_EXECUTION_DATE='2025-05-09T09:39:52.177326+00:00' AIRFLOW_CTX_TRY_NUMBER='1' AIRFLOW_CTX_DAG_RUN_ID='manual__2025-05-09T09:39:52.177326+00:00'
[2025-05-09T09:39:52.853+0000] {taskinstance.py:731} INFO - ::endgroup::
[2025-05-09T09:39:52.855+0000] {logging_mixin.py:190} INFO - Scraping Instagram profile: baukrysie
[2025-05-09T09:40:19.840+0000] {selenium_manager.py:133} WARNING - The chromedriver version (136.0.7103.59) detected in PATH at /usr/bin/chromedriver might not be compatible with the detected chrome version (136.0.7103.92); currently, chromedriver 136.0.7103.92 is recommended for chrome 136.*, so it is advised to delete the driver in PATH and retry
[2025-05-09T09:40:20.542+0000] {logging_mixin.py:190} INFO - url: https://www.instagram.com/baukrysie/
[2025-05-09T09:40:21.630+0000] {logging_mixin.py:190} INFO - Step 1 of 2 - Loading profile page
[2025-05-09T09:40:21.631+0000] {logging_mixin.py:190} INFO - Extracting videos...
[2025-05-09T09:40:24.696+0000] {logging_mixin.py:190} INFO - Count: 1, Limit: 5
[2025-05-09T09:40:24.697+0000] {logging_mixin.py:190} INFO - Scrolling... 1 iterations
[2025-05-09T09:40:24.804+0000] {logging_mixin.py:190} INFO - Found 50 video tags
[2025-05-09T09:40:24.954+0000] {logging_mixin.py:190} INFO - Extracted video URL: https://www.instagram.com/baukrysie/reel/DH0KpCARMKo/
[2025-05-09T09:40:24.972+0000] {logging_mixin.py:190} INFO - Extracted video URL: https://www.instagram.com/baukrysie/reel/DGsv_X4y5sv/
[2025-05-09T09:40:28.160+0000] {logging_mixin.py:190} INFO - Count: 2, Limit: 5
[2025-05-09T09:40:28.161+0000] {logging_mixin.py:190} INFO - Scrolling... 2 iterations
[2025-05-09T09:40:28.253+0000] {logging_mixin.py:190} INFO - Found 50 video tags
[2025-05-09T09:40:28.339+0000] {logging_mixin.py:190} INFO - Extracted video URL: https://www.instagram.com/baukrysie/reel/CuOXoAArPXC/
[2025-05-09T09:40:28.351+0000] {logging_mixin.py:190} INFO - Extracted video URL: https://www.instagram.com/baukrysie/reel/DHVTWLmRWeC/
[2025-05-09T09:40:28.363+0000] {logging_mixin.py:190} INFO - Extracted video URL: https://www.instagram.com/baukrysie/reel/DD1nu1WyK2P/
[2025-05-09T09:40:28.369+0000] {logging_mixin.py:190} INFO - Extracted video URL: https://www.instagram.com/baukrysie/reel/DDWD9fTyh4A/
[2025-05-09T09:40:28.375+0000] {logging_mixin.py:190} INFO - Extracted video URL: https://www.instagram.com/baukrysie/reel/C9ARIS4SLH4/
[2025-05-09T09:40:28.382+0000] {logging_mixin.py:190} INFO - Extracted video URL: https://www.instagram.com/baukrysie/reel/C8ozeuUvucg/
[2025-05-09T09:40:28.388+0000] {logging_mixin.py:190} INFO - Extracted video URL: https://www.instagram.com/baukrysie/reel/C78m2CaP1dp/
[2025-05-09T09:40:28.394+0000] {logging_mixin.py:190} INFO - Extracted video URL: https://www.instagram.com/baukrysie/reel/C6dYezvvnt5/
[2025-05-09T09:40:28.400+0000] {logging_mixin.py:190} INFO - Extracted video URL: https://www.instagram.com/baukrysie/reel/C3_6T7txC9G/
[2025-05-09T09:40:28.406+0000] {logging_mixin.py:190} INFO - Extracted video URL: https://www.instagram.com/baukrysie/reel/C3Ftd_LxKth/
[2025-05-09T09:40:31.623+0000] {logging_mixin.py:190} INFO - Count: 3, Limit: 5
[2025-05-09T09:40:31.624+0000] {logging_mixin.py:190} INFO - Scrolling... 3 iterations
[2025-05-09T09:40:32.403+0000] {logging_mixin.py:190} INFO - Found 62 video tags
[2025-05-09T09:40:32.561+0000] {logging_mixin.py:190} INFO - Extracted video URL: https://www.instagram.com/baukrysie/reel/CxzFtriv_xJ/
[2025-05-09T09:40:32.567+0000] {logging_mixin.py:190} INFO - Extracted video URL: https://www.instagram.com/baukrysie/reel/CxAjai1x7MO/
[2025-05-09T09:40:32.574+0000] {logging_mixin.py:190} INFO - Extracted video URL: https://www.instagram.com/baukrysie/reel/CvUBhcfPPDN/
[2025-05-09T09:40:32.580+0000] {logging_mixin.py:190} INFO - Extracted video URL: https://www.instagram.com/baukrysie/reel/CurT9KiLdx9/
[2025-05-09T09:40:32.586+0000] {logging_mixin.py:190} INFO - Extracted video URL: https://www.instagram.com/baukrysie/reel/Ct1S7C_vF-p/
[2025-05-09T09:40:32.593+0000] {logging_mixin.py:190} INFO - Extracted video URL: https://www.instagram.com/baukrysie/reel/Cti6MifL3WA/
[2025-05-09T09:40:32.598+0000] {logging_mixin.py:190} INFO - Extracted video URL: https://www.instagram.com/baukrysie/reel/CtREVfUOD5G/
[2025-05-09T09:40:32.604+0000] {logging_mixin.py:190} INFO - Extracted video URL: https://www.instagram.com/baukrysie/reel/CtEs5eKMi8h/
[2025-05-09T09:40:32.609+0000] {logging_mixin.py:190} INFO - Extracted video URL: https://www.instagram.com/baukrysie/reel/CpiD0D9rC7L/
[2025-05-09T09:40:32.615+0000] {logging_mixin.py:190} INFO - Extracted video URL: https://www.instagram.com/baukrysie/reel/CmbeEeCp2ho/
[2025-05-09T09:40:32.620+0000] {logging_mixin.py:190} INFO - Extracted video URL: https://www.instagram.com/baukrysie/reel/Clsej5VNAQL/
[2025-05-09T09:40:32.625+0000] {logging_mixin.py:190} INFO - Extracted video URL: https://www.instagram.com/baukrysie/reel/ClllGjDr_sA/
[2025-05-09T09:40:36.041+0000] {logging_mixin.py:190} INFO - Count: 4, Limit: 5
[2025-05-09T09:40:36.042+0000] {logging_mixin.py:190} INFO - Scrolling... 4 iterations
[2025-05-09T09:40:36.147+0000] {logging_mixin.py:190} INFO - Found 70 video tags
[2025-05-09T09:40:36.355+0000] {logging_mixin.py:190} INFO - Extracted video URL: https://www.instagram.com/baukrysie/reel/ClX3j-JOeCw/
[2025-05-09T09:40:36.362+0000] {logging_mixin.py:190} INFO - Extracted video URL: https://www.instagram.com/baukrysie/reel/ClRR0j6OFJa/
[2025-05-09T09:40:36.368+0000] {logging_mixin.py:190} INFO - Extracted video URL: https://www.instagram.com/baukrysie/reel/ClJY7JeBj9Y/
[2025-05-09T09:40:36.374+0000] {logging_mixin.py:190} INFO - Extracted video URL: https://www.instagram.com/baukrysie/reel/CjKKsU_jH2o/
[2025-05-09T09:40:36.380+0000] {logging_mixin.py:190} INFO - Extracted video URL: https://www.instagram.com/baukrysie/reel/CeXxS_YFYCK/
[2025-05-09T09:40:36.387+0000] {logging_mixin.py:190} INFO - Extracted video URL: https://www.instagram.com/baukrysie/reel/CdQEpDIF0Fv/
[2025-05-09T09:40:36.393+0000] {logging_mixin.py:190} INFO - Extracted video URL: https://www.instagram.com/baukrysie/reel/CSlNKKipqG-/
[2025-05-09T09:40:36.399+0000] {logging_mixin.py:190} INFO - Extracted video URL: https://www.instagram.com/baukrysie/reel/CR_aT1DJrvy/
[2025-05-09T09:40:39.542+0000] {logging_mixin.py:190} INFO - Count: 5, Limit: 5
[2025-05-09T09:40:39.542+0000] {logging_mixin.py:190} INFO - Scrolling... 5 iterations
[2025-05-09T09:40:39.642+0000] {logging_mixin.py:190} INFO - Found 70 video tags
[2025-05-09T09:40:40.050+0000] {logging_mixin.py:190} INFO - Extracted 32 video URLs
[2025-05-09T09:40:40.051+0000] {logging_mixin.py:190} INFO - Step 2 of 2 - Downloading and saving videos
[2025-05-09T09:40:40.051+0000] {logging_mixin.py:190} INFO - Don't close the app! Saving scraped data to database, it can take a while!
[2025-05-09T09:40:40.052+0000] {logging_mixin.py:190} INFO - New videos: 0
[2025-05-09T09:40:41.521+0000] {connectionpool.py:870} WARNING - Retrying (Retry(total=2, connect=None, read=None, redirect=None, status=None)) after connection broken by 'NewConnectionError('<urllib3.connection.HTTPConnection object at 0x7ff7d3a92500>: Failed to establish a new connection: [Errno 111] Connection refused')': /session/7a9aaa92b497687d6b85bdd8434a0815
[2025-05-09T09:40:41.521+0000] {connectionpool.py:870} WARNING - Retrying (Retry(total=1, connect=None, read=None, redirect=None, status=None)) after connection broken by 'NewConnectionError('<urllib3.connection.HTTPConnection object at 0x7ff7d38f5ba0>: Failed to establish a new connection: [Errno 111] Connection refused')': /session/7a9aaa92b497687d6b85bdd8434a0815
[2025-05-09T09:40:41.522+0000] {connectionpool.py:870} WARNING - Retrying (Retry(total=0, connect=None, read=None, redirect=None, status=None)) after connection broken by 'NewConnectionError('<urllib3.connection.HTTPConnection object at 0x7ff7d38f4ee0>: Failed to establish a new connection: [Errno 111] Connection refused')': /session/7a9aaa92b497687d6b85bdd8434a0815
[2025-05-09T09:40:41.523+0000] {logging_mixin.py:190} INFO - Reading URLs from scraped_data/instagram.txt...
[2025-05-09T09:40:42.891+0000] {logging_mixin.py:190} INFO - No URLs found in the file.
[2025-05-09T09:40:42.892+0000] {python.py:240} INFO - Done. Returned value was: None
[2025-05-09T09:40:42.902+0000] {taskinstance.py:340} INFO - ::group::Post task execution logs
[2025-05-09T09:40:42.903+0000] {taskinstance.py:352} INFO - Marking task as SUCCESS. dag_id=instagram_videos_scraper_dag, task_id=ins_videos_scraper, run_id=manual__2025-05-09T09:39:52.177326+00:00, execution_date=20250509T093952, start_date=20250509T093952, end_date=20250509T094042
[2025-05-09T09:40:43.152+0000] {local_task_job_runner.py:261} INFO - Task exited with return code 0
[2025-05-09T09:40:43.164+0000] {taskinstance.py:3891} INFO - 0 downstream tasks scheduled from follow-on schedule check
[2025-05-09T09:40:43.233+0000] {local_task_job_runner.py:240} INFO - ::endgroup::
