[2025-05-13T02:24:49.854+0000] {local_task_job_runner.py:123} INFO - ::group::Pre task execution logs
[2025-05-13T02:24:49.866+0000] {taskinstance.py:2603} INFO - Dependencies all met for dep_context=non-requeueable deps ti=<TaskInstance: instagram_videos_scraper_dag.ins_videos_scraper manual__2025-05-13T02:24:49.213367+00:00 [queued]>
[2025-05-13T02:24:49.872+0000] {taskinstance.py:2603} INFO - Dependencies all met for dep_context=requeueable deps ti=<TaskInstance: instagram_videos_scraper_dag.ins_videos_scraper manual__2025-05-13T02:24:49.213367+00:00 [queued]>
[2025-05-13T02:24:49.872+0000] {taskinstance.py:2856} INFO - Starting attempt 1 of 1
[2025-05-13T02:24:49.880+0000] {taskinstance.py:2879} INFO - Executing <Task(_PythonDecoratedOperator): ins_videos_scraper> on 2025-05-13 02:24:49.213367+00:00
[2025-05-13T02:24:49.883+0000] {standard_task_runner.py:72} INFO - Started process 1272 to run task
[2025-05-13T02:24:49.886+0000] {standard_task_runner.py:104} INFO - Running: ['airflow', 'tasks', 'run', 'instagram_videos_scraper_dag', 'ins_videos_scraper', 'manual__2025-05-13T02:24:49.213367+00:00', '--job-id', '5330', '--raw', '--subdir', 'DAGS_FOLDER/pipeline.py', '--cfg-path', '/tmp/tmphzo25046']
[2025-05-13T02:24:49.888+0000] {standard_task_runner.py:105} INFO - Job 5330: Subtask ins_videos_scraper
[2025-05-13T02:24:49.924+0000] {task_command.py:467} INFO - Running <TaskInstance: instagram_videos_scraper_dag.ins_videos_scraper manual__2025-05-13T02:24:49.213367+00:00 [running]> on host 79b7354865cb
[2025-05-13T02:24:49.972+0000] {taskinstance.py:3122} INFO - Exporting env vars: AIRFLOW_CTX_DAG_OWNER='airflow' AIRFLOW_CTX_DAG_ID='instagram_videos_scraper_dag' AIRFLOW_CTX_TASK_ID='ins_videos_scraper' AIRFLOW_CTX_EXECUTION_DATE='2025-05-13T02:24:49.213367+00:00' AIRFLOW_CTX_TRY_NUMBER='1' AIRFLOW_CTX_DAG_RUN_ID='manual__2025-05-13T02:24:49.213367+00:00'
[2025-05-13T02:24:49.972+0000] {taskinstance.py:731} INFO - ::endgroup::
[2025-05-13T02:24:49.974+0000] {logging_mixin.py:190} INFO - Scraping Instagram profile: baukrysie
[2025-05-13T02:24:50.054+0000] {selenium_manager.py:133} WARNING - The chromedriver version (136.0.7103.59) detected in PATH at /usr/bin/chromedriver might not be compatible with the detected chrome version (136.0.7103.92); currently, chromedriver 136.0.7103.92 is recommended for chrome 136.*, so it is advised to delete the driver in PATH and retry
[2025-05-13T02:24:51.434+0000] {logging_mixin.py:190} INFO - url: https://www.instagram.com/baukrysie/
[2025-05-13T02:24:53.543+0000] {logging_mixin.py:190} INFO - Step 1 of 2 - Loading profile page
[2025-05-13T02:24:53.543+0000] {logging_mixin.py:190} INFO - Extracting videos...
[2025-05-13T02:24:56.606+0000] {logging_mixin.py:190} INFO - Count: 1, Limit: 10
[2025-05-13T02:24:56.607+0000] {logging_mixin.py:190} INFO - Scrolling... 1 iterations
[2025-05-13T02:24:56.775+0000] {logging_mixin.py:190} INFO - Found 51 video tags
[2025-05-13T02:24:56.990+0000] {logging_mixin.py:190} INFO - Extracted video URL: https://www.instagram.com/baukrysie/reel/DH0KpCARMKo/
[2025-05-13T02:25:00.213+0000] {logging_mixin.py:190} INFO - Count: 2, Limit: 10
[2025-05-13T02:25:00.213+0000] {logging_mixin.py:190} INFO - Scrolling... 2 iterations
[2025-05-13T02:25:00.278+0000] {logging_mixin.py:190} INFO - Found 51 video tags
[2025-05-13T02:25:00.353+0000] {logging_mixin.py:190} INFO - Extracted video URL: https://www.instagram.com/baukrysie/reel/CuOXoAArPXC/
[2025-05-13T02:25:00.372+0000] {logging_mixin.py:190} INFO - Extracted video URL: https://www.instagram.com/baukrysie/reel/DHVTWLmRWeC/
[2025-05-13T02:25:00.384+0000] {logging_mixin.py:190} INFO - Extracted video URL: https://www.instagram.com/baukrysie/reel/DGsv_X4y5sv/
[2025-05-13T02:25:00.390+0000] {logging_mixin.py:190} INFO - Extracted video URL: https://www.instagram.com/baukrysie/reel/DD1nu1WyK2P/
[2025-05-13T02:25:00.396+0000] {logging_mixin.py:190} INFO - Extracted video URL: https://www.instagram.com/baukrysie/reel/DDWD9fTyh4A/
[2025-05-13T02:25:00.402+0000] {logging_mixin.py:190} INFO - Extracted video URL: https://www.instagram.com/baukrysie/reel/C9ARIS4SLH4/
[2025-05-13T02:25:00.408+0000] {logging_mixin.py:190} INFO - Extracted video URL: https://www.instagram.com/baukrysie/reel/C8ozeuUvucg/
[2025-05-13T02:25:00.413+0000] {logging_mixin.py:190} INFO - Extracted video URL: https://www.instagram.com/baukrysie/reel/C78m2CaP1dp/
[2025-05-13T02:25:00.419+0000] {logging_mixin.py:190} INFO - Extracted video URL: https://www.instagram.com/baukrysie/reel/C6dYezvvnt5/
[2025-05-13T02:25:00.424+0000] {logging_mixin.py:190} INFO - Extracted video URL: https://www.instagram.com/baukrysie/reel/C3_6T7txC9G/
[2025-05-13T02:25:00.430+0000] {logging_mixin.py:190} INFO - Extracted video URL: https://www.instagram.com/baukrysie/reel/C3Ftd_LxKth/
[2025-05-13T02:25:03.636+0000] {logging_mixin.py:190} INFO - Count: 3, Limit: 10
[2025-05-13T02:25:03.636+0000] {logging_mixin.py:190} INFO - Scrolling... 3 iterations
[2025-05-13T02:25:03.728+0000] {logging_mixin.py:190} INFO - Found 63 video tags
[2025-05-13T02:25:03.863+0000] {logging_mixin.py:190} INFO - Extracted video URL: https://www.instagram.com/baukrysie/reel/CxzFtriv_xJ/
[2025-05-13T02:25:03.869+0000] {logging_mixin.py:190} INFO - Extracted video URL: https://www.instagram.com/baukrysie/reel/CxAjai1x7MO/
[2025-05-13T02:25:03.874+0000] {logging_mixin.py:190} INFO - Extracted video URL: https://www.instagram.com/baukrysie/reel/CvUBhcfPPDN/
[2025-05-13T02:25:03.880+0000] {logging_mixin.py:190} INFO - Extracted video URL: https://www.instagram.com/baukrysie/reel/CurT9KiLdx9/
[2025-05-13T02:25:03.886+0000] {logging_mixin.py:190} INFO - Extracted video URL: https://www.instagram.com/baukrysie/reel/Ct1S7C_vF-p/
[2025-05-13T02:25:03.892+0000] {logging_mixin.py:190} INFO - Extracted video URL: https://www.instagram.com/baukrysie/reel/Cti6MifL3WA/
[2025-05-13T02:25:03.897+0000] {logging_mixin.py:190} INFO - Extracted video URL: https://www.instagram.com/baukrysie/reel/CtREVfUOD5G/
[2025-05-13T02:25:03.903+0000] {logging_mixin.py:190} INFO - Extracted video URL: https://www.instagram.com/baukrysie/reel/CtEs5eKMi8h/
[2025-05-13T02:25:03.908+0000] {logging_mixin.py:190} INFO - Extracted video URL: https://www.instagram.com/baukrysie/reel/CpiD0D9rC7L/
[2025-05-13T02:25:03.914+0000] {logging_mixin.py:190} INFO - Extracted video URL: https://www.instagram.com/baukrysie/reel/CmbeEeCp2ho/
[2025-05-13T02:25:03.919+0000] {logging_mixin.py:190} INFO - Extracted video URL: https://www.instagram.com/baukrysie/reel/Clsej5VNAQL/
[2025-05-13T02:25:03.924+0000] {logging_mixin.py:190} INFO - Extracted video URL: https://www.instagram.com/baukrysie/reel/ClllGjDr_sA/
[2025-05-13T02:25:07.067+0000] {logging_mixin.py:190} INFO - Count: 4, Limit: 10
[2025-05-13T02:25:07.067+0000] {logging_mixin.py:190} INFO - Scrolling... 4 iterations
[2025-05-13T02:25:07.145+0000] {logging_mixin.py:190} INFO - Found 71 video tags
[2025-05-13T02:25:07.327+0000] {logging_mixin.py:190} INFO - Extracted video URL: https://www.instagram.com/baukrysie/reel/ClX3j-JOeCw/
[2025-05-13T02:25:07.332+0000] {logging_mixin.py:190} INFO - Extracted video URL: https://www.instagram.com/baukrysie/reel/ClRR0j6OFJa/
[2025-05-13T02:25:07.337+0000] {logging_mixin.py:190} INFO - Extracted video URL: https://www.instagram.com/baukrysie/reel/ClJY7JeBj9Y/
[2025-05-13T02:25:07.341+0000] {logging_mixin.py:190} INFO - Extracted video URL: https://www.instagram.com/baukrysie/reel/CjKKsU_jH2o/
[2025-05-13T02:25:07.349+0000] {logging_mixin.py:190} INFO - Extracted video URL: https://www.instagram.com/baukrysie/reel/CeXxS_YFYCK/
[2025-05-13T02:25:07.355+0000] {logging_mixin.py:190} INFO - Extracted video URL: https://www.instagram.com/baukrysie/reel/CdQEpDIF0Fv/
[2025-05-13T02:25:07.360+0000] {logging_mixin.py:190} INFO - Extracted video URL: https://www.instagram.com/baukrysie/reel/CSlNKKipqG-/
[2025-05-13T02:25:07.365+0000] {logging_mixin.py:190} INFO - Extracted video URL: https://www.instagram.com/baukrysie/reel/CR_aT1DJrvy/
[2025-05-13T02:25:10.502+0000] {logging_mixin.py:190} INFO - Count: 5, Limit: 10
[2025-05-13T02:25:10.502+0000] {logging_mixin.py:190} INFO - Scrolling... 5 iterations
[2025-05-13T02:25:10.584+0000] {logging_mixin.py:190} INFO - Found 71 video tags
[2025-05-13T02:25:10.933+0000] {logging_mixin.py:190} INFO - Extracted 32 video URLs
[2025-05-13T02:25:10.934+0000] {logging_mixin.py:190} INFO - Step 2 of 2 - Downloading and saving videos
[2025-05-13T02:25:10.934+0000] {logging_mixin.py:190} INFO - Don't close the app! Saving scraped data to database, it can take a while!
[2025-05-13T02:25:10.945+0000] {warnings.py:109} WARNING - /opt/airflow/dags/app/core/database_utils.py:38: SAWarning: SELECT statement has a cartesian product between FROM element(s) "facebook" and FROM element "tiktok".  Apply join condition(s) between each element to resolve.
  return db.query(Facebook).filter(Tiktok.status == TaskStatus.SUCCESS.value).all()

[2025-05-13T02:25:10.960+0000] {logging_mixin.py:190} INFO - Remaining new videos: 32
[2025-05-13T02:25:10.960+0000] {logging_mixin.py:190} INFO - New videos: 32
[2025-05-13T02:25:11.106+0000] {logging_mixin.py:190} INFO - Internet connection detected. Proceeding...
[2025-05-13T02:25:11.107+0000] {logging_mixin.py:190} INFO - An error occurred local variable 'id' referenced before assignment
[2025-05-13T02:25:11.270+0000] {python.py:240} INFO - Done. Returned value was: None
[2025-05-13T02:25:11.277+0000] {taskinstance.py:340} INFO - ::group::Post task execution logs
[2025-05-13T02:25:11.277+0000] {taskinstance.py:352} INFO - Marking task as SUCCESS. dag_id=instagram_videos_scraper_dag, task_id=ins_videos_scraper, run_id=manual__2025-05-13T02:24:49.213367+00:00, execution_date=20250513T022449, start_date=20250513T022449, end_date=20250513T022511
[2025-05-13T02:25:11.299+0000] {local_task_job_runner.py:261} INFO - Task exited with return code 0
[2025-05-13T02:25:11.314+0000] {taskinstance.py:3891} INFO - 1 downstream tasks scheduled from follow-on schedule check
[2025-05-13T02:25:11.325+0000] {local_task_job_runner.py:240} INFO - ::endgroup::
