[2025-04-29T02:50:22.284+0000] {local_task_job_runner.py:123} INFO - ::group::Pre task execution logs
[2025-04-29T02:50:22.295+0000] {taskinstance.py:2603} INFO - Dependencies all met for dep_context=non-requeueable deps ti=<TaskInstance: demo.hello scheduled__2022-10-26T00:00:00+00:00 [queued]>
[2025-04-29T02:50:22.299+0000] {taskinstance.py:2603} INFO - Dependencies all met for dep_context=requeueable deps ti=<TaskInstance: demo.hello scheduled__2022-10-26T00:00:00+00:00 [queued]>
[2025-04-29T02:50:22.300+0000] {taskinstance.py:2856} INFO - Starting attempt 1 of 1
[2025-04-29T02:50:22.308+0000] {taskinstance.py:2879} INFO - Executing <Task(BashOperator): hello> on 2022-10-26 00:00:00+00:00
[2025-04-29T02:50:22.310+0000] {standard_task_runner.py:72} INFO - Started process 2255 to run task
[2025-04-29T02:50:22.313+0000] {standard_task_runner.py:104} INFO - Running: ['airflow', 'tasks', 'run', 'demo', 'hello', 'scheduled__2022-10-26T00:00:00+00:00', '--job-id', '608', '--raw', '--subdir', 'DAGS_FOLDER/simple-dag.py', '--cfg-path', '/tmp/tmpd_qkfrmz']
[2025-04-29T02:50:22.313+0000] {standard_task_runner.py:105} INFO - Job 608: Subtask hello
[2025-04-29T02:50:22.346+0000] {task_command.py:467} INFO - Running <TaskInstance: demo.hello scheduled__2022-10-26T00:00:00+00:00 [running]> on host 2c7afa36055b
[2025-04-29T02:50:22.398+0000] {taskinstance.py:3122} INFO - Exporting env vars: AIRFLOW_CTX_DAG_OWNER='airflow' AIRFLOW_CTX_DAG_ID='demo' AIRFLOW_CTX_TASK_ID='hello' AIRFLOW_CTX_EXECUTION_DATE='2022-10-26T00:00:00+00:00' AIRFLOW_CTX_TRY_NUMBER='1' AIRFLOW_CTX_DAG_RUN_ID='scheduled__2022-10-26T00:00:00+00:00'
[2025-04-29T02:50:22.399+0000] {taskinstance.py:731} INFO - ::endgroup::
[2025-04-29T02:50:22.401+0000] {subprocess.py:63} INFO - Tmp dir root location: /tmp
[2025-04-29T02:50:22.401+0000] {subprocess.py:75} INFO - Running command: ['/usr/bin/bash', '-c', 'echo hello']
[2025-04-29T02:50:22.407+0000] {subprocess.py:86} INFO - Output:
[2025-04-29T02:50:22.408+0000] {subprocess.py:93} INFO - hello
[2025-04-29T02:50:22.408+0000] {subprocess.py:97} INFO - Command exited with return code 0
[2025-04-29T02:50:22.425+0000] {taskinstance.py:340} INFO - ::group::Post task execution logs
[2025-04-29T02:50:22.425+0000] {taskinstance.py:352} INFO - Marking task as SUCCESS. dag_id=demo, task_id=hello, run_id=scheduled__2022-10-26T00:00:00+00:00, execution_date=20221026T000000, start_date=20250429T025022, end_date=20250429T025022
[2025-04-29T02:50:22.447+0000] {local_task_job_runner.py:261} INFO - Task exited with return code 0
[2025-04-29T02:50:22.462+0000] {taskinstance.py:3891} INFO - 1 downstream tasks scheduled from follow-on schedule check
[2025-04-29T02:50:22.465+0000] {local_task_job_runner.py:240} INFO - ::endgroup::
