[2025-05-08T08:18:36.692+0000] {local_task_job_runner.py:123} INFO - ::group::Pre task execution logs
[2025-05-08T08:18:36.705+0000] {taskinstance.py:2603} INFO - Dependencies all met for dep_context=non-requeueable deps ti=<TaskInstance: x_videos_scraper_dag.x_videos_scraper manual__2025-05-08T08:18:36.033291+00:00 [queued]>
[2025-05-08T08:18:36.710+0000] {taskinstance.py:2603} INFO - Dependencies all met for dep_context=requeueable deps ti=<TaskInstance: x_videos_scraper_dag.x_videos_scraper manual__2025-05-08T08:18:36.033291+00:00 [queued]>
[2025-05-08T08:18:36.710+0000] {taskinstance.py:2856} INFO - Starting attempt 1 of 1
[2025-05-08T08:18:36.720+0000] {taskinstance.py:2879} INFO - Executing <Task(_PythonDecoratedOperator): x_videos_scraper> on 2025-05-08 08:18:36.033291+00:00
[2025-05-08T08:18:36.723+0000] {standard_task_runner.py:72} INFO - Started process 238 to run task
[2025-05-08T08:18:36.727+0000] {standard_task_runner.py:104} INFO - Running: ['airflow', 'tasks', 'run', 'x_videos_scraper_dag', 'x_videos_scraper', 'manual__2025-05-08T08:18:36.033291+00:00', '--job-id', '5157', '--raw', '--subdir', 'DAGS_FOLDER/pipeline.py', '--cfg-path', '/tmp/tmpsy9arz5f']
[2025-05-08T08:18:36.729+0000] {standard_task_runner.py:105} INFO - Job 5157: Subtask x_videos_scraper
[2025-05-08T08:18:36.766+0000] {task_command.py:467} INFO - Running <TaskInstance: x_videos_scraper_dag.x_videos_scraper manual__2025-05-08T08:18:36.033291+00:00 [running]> on host 240c8cc615e3
[2025-05-08T08:18:36.822+0000] {taskinstance.py:3122} INFO - Exporting env vars: AIRFLOW_CTX_DAG_OWNER='airflow' AIRFLOW_CTX_DAG_ID='x_videos_scraper_dag' AIRFLOW_CTX_TASK_ID='x_videos_scraper' AIRFLOW_CTX_EXECUTION_DATE='2025-05-08T08:18:36.033291+00:00' AIRFLOW_CTX_TRY_NUMBER='1' AIRFLOW_CTX_DAG_RUN_ID='manual__2025-05-08T08:18:36.033291+00:00'
[2025-05-08T08:18:36.823+0000] {taskinstance.py:731} INFO - ::endgroup::
[2025-05-08T08:18:36.852+0000] {logging_mixin.py:190} INFO - Error loading storage_state.json: Expecting value: line 1 column 1 (char 0)
[2025-05-08T08:18:50.541+0000] {logging_mixin.py:190} INFO - Scrolling down... 0
[2025-05-08T08:18:55.389+0000] {logging_mixin.py:190} INFO - Reading URLs from scraped_data/x.txt...
[2025-05-08T08:18:55.579+0000] {logging_mixin.py:190} INFO - No URLs found in the file.
[2025-05-08T08:18:55.580+0000] {python.py:240} INFO - Done. Returned value was: None
[2025-05-08T08:18:55.588+0000] {taskinstance.py:340} INFO - ::group::Post task execution logs
[2025-05-08T08:18:55.588+0000] {taskinstance.py:352} INFO - Marking task as SUCCESS. dag_id=x_videos_scraper_dag, task_id=x_videos_scraper, run_id=manual__2025-05-08T08:18:36.033291+00:00, execution_date=20250508T081836, start_date=20250508T081836, end_date=20250508T081855
[2025-05-08T08:18:55.610+0000] {local_task_job_runner.py:261} INFO - Task exited with return code 0
[2025-05-08T08:18:55.622+0000] {taskinstance.py:3891} INFO - 0 downstream tasks scheduled from follow-on schedule check
[2025-05-08T08:18:55.624+0000] {local_task_job_runner.py:240} INFO - ::endgroup::
