[2025-05-26T06:41:15.133+0000] {local_task_job_runner.py:123} INFO - ::group::Pre task execution logs
[2025-05-26T06:41:15.143+0000] {taskinstance.py:2603} INFO - Dependencies all met for dep_context=non-requeueable deps ti=<TaskInstance: instagram_videos_scraper_dag.get_links_task manual__2025-05-26T06:41:14.136309+00:00 [queued]>
[2025-05-26T06:41:15.148+0000] {taskinstance.py:2603} INFO - Dependencies all met for dep_context=requeueable deps ti=<TaskInstance: instagram_videos_scraper_dag.get_links_task manual__2025-05-26T06:41:14.136309+00:00 [queued]>
[2025-05-26T06:41:15.148+0000] {taskinstance.py:2856} INFO - Starting attempt 1 of 1
[2025-05-26T06:41:15.156+0000] {taskinstance.py:2879} INFO - Executing <Task(PythonOperator): get_links_task> on 2025-05-26 06:41:14.136309+00:00
[2025-05-26T06:41:15.159+0000] {standard_task_runner.py:72} INFO - Started process 25566 to run task
[2025-05-26T06:41:15.162+0000] {standard_task_runner.py:104} INFO - Running: ['airflow', 'tasks', 'run', 'instagram_videos_scraper_dag', 'get_links_task', 'manual__2025-05-26T06:41:14.136309+00:00', '--job-id', '6762', '--raw', '--subdir', 'DAGS_FOLDER/pipeline_instagram.py', '--cfg-path', '/tmp/tmp5z4pbh8x']
[2025-05-26T06:41:15.163+0000] {standard_task_runner.py:105} INFO - Job 6762: Subtask get_links_task
[2025-05-26T06:41:15.198+0000] {task_command.py:467} INFO - Running <TaskInstance: instagram_videos_scraper_dag.get_links_task manual__2025-05-26T06:41:14.136309+00:00 [running]> on host d8d4e65c75e2
[2025-05-26T06:41:15.249+0000] {taskinstance.py:3122} INFO - Exporting env vars: AIRFLOW_CTX_DAG_OWNER='airflow' AIRFLOW_CTX_DAG_ID='instagram_videos_scraper_dag' AIRFLOW_CTX_TASK_ID='get_links_task' AIRFLOW_CTX_EXECUTION_DATE='2025-05-26T06:41:14.136309+00:00' AIRFLOW_CTX_TRY_NUMBER='1' AIRFLOW_CTX_DAG_RUN_ID='manual__2025-05-26T06:41:14.136309+00:00'
[2025-05-26T06:41:15.249+0000] {taskinstance.py:731} INFO - ::endgroup::
[2025-05-26T06:41:15.288+0000] {selenium_manager.py:133} WARNING - The chromedriver version (136.0.7103.59) detected in PATH at /usr/bin/chromedriver might not be compatible with the detected chrome version (136.0.7103.113); currently, chromedriver 136.0.7103.113 is recommended for chrome 136.*, so it is advised to delete the driver in PATH and retry
[2025-05-26T06:41:21.929+0000] {logging_mixin.py:190} INFO - Step 1 of 2 - Loading profile page
[2025-05-26T06:41:21.929+0000] {logging_mixin.py:190} INFO - Extracting videos...
[2025-05-26T06:41:24.951+0000] {logging_mixin.py:190} INFO - Count: 1, Limit: 1
[2025-05-26T06:41:24.963+0000] {logging_mixin.py:190} INFO - Found 46 video tags
[2025-05-26T06:41:25.044+0000] {logging_mixin.py:190} INFO - Extracted video URL: https://www.instagram.com/mancity/reel/DKF0vIOO-rj/
[2025-05-26T06:41:25.057+0000] {logging_mixin.py:190} INFO - Extracted video URL: https://www.instagram.com/mancity/reel/DKF0DScO6Zu/
[2025-05-26T06:41:25.067+0000] {logging_mixin.py:190} INFO - Extracted video URL: https://www.instagram.com/mancity/reel/DKFjtc5OxM2/
[2025-05-26T06:41:25.076+0000] {logging_mixin.py:190} INFO - Extracted video URL: https://www.instagram.com/mancity/reel/DKFeTXcMOKL/
[2025-05-26T06:41:25.085+0000] {logging_mixin.py:190} INFO - Extracted video URL: https://www.instagram.com/mancity/reel/DKFL6eWsX7o/
[2025-05-26T06:41:25.093+0000] {logging_mixin.py:190} INFO - Extracted video URL: https://www.instagram.com/mancity/reel/DKFKDtZsmYU/
[2025-05-26T06:41:25.101+0000] {logging_mixin.py:190} INFO - Extracted video URL: https://www.instagram.com/mancity/reel/DKFErXssX4U/
[2025-05-26T06:41:25.109+0000] {logging_mixin.py:190} INFO - Extracted video URL: https://www.instagram.com/mancity/reel/DKDBguAuWH0/
[2025-05-26T06:41:25.116+0000] {logging_mixin.py:190} INFO - Extracted video URL: https://www.instagram.com/mancity/reel/DKCJTJSs4BD/
[2025-05-26T06:41:25.131+0000] {logging_mixin.py:190} INFO - Extracted video URL: https://www.instagram.com/mancity/reel/DKCDqUGsAeK/
[2025-05-26T06:41:25.142+0000] {logging_mixin.py:190} INFO - Extracted video URL: https://www.instagram.com/mancity/reel/DKB9oX2CbLV/
[2025-05-26T06:41:25.150+0000] {logging_mixin.py:190} INFO - Extracted video URL: https://www.instagram.com/mancity/reel/DKBvglespbz/
[2025-05-26T06:41:25.451+0000] {logging_mixin.py:190} INFO - Scrolled 1 iterations
[2025-05-26T06:41:28.464+0000] {logging_mixin.py:190} INFO - Count: 2, Limit: 1
[2025-05-26T06:41:28.464+0000] {logging_mixin.py:190} INFO - Scrolling stopped after 10 iterations
[2025-05-26T06:41:28.464+0000] {logging_mixin.py:190} INFO - Extracted 12 video URLs
[2025-05-26T06:41:28.465+0000] {logging_mixin.py:190} INFO - Step 2 of 2 - Downloading and saving videos
[2025-05-26T06:41:28.465+0000] {logging_mixin.py:190} INFO - Don't close the app! Saving scraped data to database, it can take a while!
[2025-05-26T06:41:28.478+0000] {logging_mixin.py:190} INFO - New videos: 1
[2025-05-26T06:41:28.664+0000] {python.py:240} INFO - Done. Returned value was: {'id': 'mancity', 'new_links': ('https://www.instagram.com/mancity/reel/DKF0vIOO-rj/',)}
[2025-05-26T06:41:28.682+0000] {taskinstance.py:340} INFO - ::group::Post task execution logs
[2025-05-26T06:41:28.683+0000] {taskinstance.py:352} INFO - Marking task as SUCCESS. dag_id=instagram_videos_scraper_dag, task_id=get_links_task, run_id=manual__2025-05-26T06:41:14.136309+00:00, execution_date=20250526T064114, start_date=20250526T064115, end_date=20250526T064128
[2025-05-26T06:41:28.733+0000] {local_task_job_runner.py:261} INFO - Task exited with return code 0
[2025-05-26T06:41:28.751+0000] {taskinstance.py:3891} INFO - 1 downstream tasks scheduled from follow-on schedule check
[2025-05-26T06:41:28.752+0000] {local_task_job_runner.py:240} INFO - ::endgroup::
