[2025-05-21T09:32:49.689+0000] {local_task_job_runner.py:123} INFO - ::group::Pre task execution logs
[2025-05-21T09:32:49.701+0000] {taskinstance.py:2603} INFO - Dependencies all met for dep_context=non-requeueable deps ti=<TaskInstance: facebook_videos_scraper_dag.get_links_task manual__2025-05-21T09:32:47.209146+00:00 [queued]>
[2025-05-21T09:32:49.706+0000] {taskinstance.py:2603} INFO - Dependencies all met for dep_context=requeueable deps ti=<TaskInstance: facebook_videos_scraper_dag.get_links_task manual__2025-05-21T09:32:47.209146+00:00 [queued]>
[2025-05-21T09:32:49.707+0000] {taskinstance.py:2856} INFO - Starting attempt 1 of 1
[2025-05-21T09:32:49.716+0000] {taskinstance.py:2879} INFO - Executing <Task(PythonOperator): get_links_task> on 2025-05-21 09:32:47.209146+00:00
[2025-05-21T09:32:49.722+0000] {standard_task_runner.py:72} INFO - Started process 704293 to run task
[2025-05-21T09:32:49.725+0000] {standard_task_runner.py:104} INFO - Running: ['airflow', 'tasks', 'run', 'facebook_videos_scraper_dag', 'get_links_task', 'manual__2025-05-21T09:32:47.209146+00:00', '--job-id', '6462', '--raw', '--subdir', 'DAGS_FOLDER/pipeline_fb.py', '--cfg-path', '/tmp/tmpu2h_3koh']
[2025-05-21T09:32:49.727+0000] {standard_task_runner.py:105} INFO - Job 6462: Subtask get_links_task
[2025-05-21T09:32:49.784+0000] {task_command.py:467} INFO - Running <TaskInstance: facebook_videos_scraper_dag.get_links_task manual__2025-05-21T09:32:47.209146+00:00 [running]> on host 40367d170eab
[2025-05-21T09:32:49.844+0000] {taskinstance.py:3122} INFO - Exporting env vars: AIRFLOW_CTX_DAG_OWNER='airflow' AIRFLOW_CTX_DAG_ID='facebook_videos_scraper_dag' AIRFLOW_CTX_TASK_ID='get_links_task' AIRFLOW_CTX_EXECUTION_DATE='2025-05-21T09:32:47.209146+00:00' AIRFLOW_CTX_TRY_NUMBER='1' AIRFLOW_CTX_DAG_RUN_ID='manual__2025-05-21T09:32:47.209146+00:00'
[2025-05-21T09:32:49.845+0000] {taskinstance.py:731} INFO - ::endgroup::
[2025-05-21T09:32:49.939+0000] {selenium_manager.py:133} WARNING - The chromedriver version (136.0.7103.59) detected in PATH at /usr/bin/chromedriver might not be compatible with the detected chrome version (136.0.7103.94); currently, chromedriver 136.0.7103.94 is recommended for chrome 136.*, so it is advised to delete the driver in PATH and retry
[2025-05-21T09:32:52.866+0000] {logging_mixin.py:190} INFO - Step 1 of 3 - Load cookies
[2025-05-21T09:32:53.445+0000] {logging_mixin.py:190} INFO - Step 2 of 3 - Scrolling page
[2025-05-21T09:32:53.445+0000] {logging_mixin.py:190} INFO - Scrolling 1 iterations...
[2025-05-21T09:33:03.660+0000] {logging_mixin.py:190} INFO - Scrolling stopped after 2 iterations
[2025-05-21T09:33:03.660+0000] {logging_mixin.py:190} INFO - Scrolled 2 iterations
[2025-05-21T09:33:03.661+0000] {logging_mixin.py:190} INFO - Step 3 of 3 - Extract videos urls
[2025-05-21T09:33:03.673+0000] {logging_mixin.py:190} INFO - Found 91 a tags
[2025-05-21T09:33:03.984+0000] {logging_mixin.py:190} INFO - Found href: https://www.facebook.com/100087341155257/videos/612326127913584
[2025-05-21T09:33:03.989+0000] {logging_mixin.py:190} INFO - Found href: https://www.facebook.com/official.parkhangseo/videos/612326127913584/
[2025-05-21T09:33:03.999+0000] {logging_mixin.py:190} INFO - Found href: https://www.facebook.com/official.parkhangseo/videos/1019921852555282/
[2025-05-21T09:33:04.009+0000] {logging_mixin.py:190} INFO - Found href: https://www.facebook.com/official.parkhangseo/videos/1496815271117860/
[2025-05-21T09:33:04.022+0000] {logging_mixin.py:190} INFO - Found href: https://www.facebook.com/official.parkhangseo/videos/7206305039381158/
[2025-05-21T09:33:04.033+0000] {logging_mixin.py:190} INFO - Found href: https://www.facebook.com/official.parkhangseo/videos/300258409024726/
[2025-05-21T09:33:04.043+0000] {logging_mixin.py:190} INFO - Found href: https://www.facebook.com/official.parkhangseo/videos/736392504839613/
[2025-05-21T09:33:04.053+0000] {logging_mixin.py:190} INFO - Found href: https://www.facebook.com/official.parkhangseo/videos/199672223024300/
[2025-05-21T09:33:04.063+0000] {logging_mixin.py:190} INFO - Found href: https://www.facebook.com/official.parkhangseo/videos/796377181594223/
[2025-05-21T09:33:04.073+0000] {logging_mixin.py:190} INFO - Found href: https://www.facebook.com/official.parkhangseo/videos/963843274971699/
[2025-05-21T09:33:04.082+0000] {logging_mixin.py:190} INFO - Found href: https://www.facebook.com/official.parkhangseo/videos/2110165422507634/
[2025-05-21T09:33:04.091+0000] {logging_mixin.py:190} INFO - Found href: https://www.facebook.com/official.parkhangseo/videos/585395010300236/
[2025-05-21T09:33:04.100+0000] {logging_mixin.py:190} INFO - Found href: https://www.facebook.com/official.parkhangseo/videos/726600225473500/
[2025-05-21T09:33:04.111+0000] {logging_mixin.py:190} INFO - Found href: https://www.facebook.com/official.parkhangseo/videos/2909373262542225/
[2025-05-21T09:33:04.120+0000] {logging_mixin.py:190} INFO - Found href: https://www.facebook.com/official.parkhangseo/videos/500334525564870/
[2025-05-21T09:33:04.130+0000] {logging_mixin.py:190} INFO - Found href: https://www.facebook.com/official.parkhangseo/videos/883435672700861/
[2025-05-21T09:33:04.140+0000] {logging_mixin.py:190} INFO - Found href: https://www.facebook.com/official.parkhangseo/videos/568776548091697/
[2025-05-21T09:33:04.150+0000] {logging_mixin.py:190} INFO - Found href: https://www.facebook.com/official.parkhangseo/videos/9291383070887304/
[2025-05-21T09:33:04.160+0000] {logging_mixin.py:190} INFO - Found href: https://www.facebook.com/official.parkhangseo/videos/501990768664483/
[2025-05-21T09:33:04.170+0000] {logging_mixin.py:190} INFO - Found href: https://www.facebook.com/official.parkhangseo/videos/5608822982568234/
[2025-05-21T09:33:04.180+0000] {logging_mixin.py:190} INFO - Found href: https://www.facebook.com/official.parkhangseo/videos/1281437455976230/
[2025-05-21T09:33:04.191+0000] {logging_mixin.py:190} INFO - Found href: https://www.facebook.com/official.parkhangseo/videos/3235875553391967/
[2025-05-21T09:33:04.201+0000] {logging_mixin.py:190} INFO - Found href: https://www.facebook.com/official.parkhangseo/videos/902792580882044/
[2025-05-21T09:33:04.207+0000] {logging_mixin.py:190} INFO - Found 23 href elements
[2025-05-21T09:33:04.207+0000] {logging_mixin.py:190} INFO -  Scraped data:
[2025-05-21T09:33:04.208+0000] {logging_mixin.py:190} INFO -  - https://www.facebook.com/100087341155257/videos/612326127913584
[2025-05-21T09:33:04.208+0000] {logging_mixin.py:190} INFO -  - https://www.facebook.com/official.parkhangseo/videos/612326127913584/
[2025-05-21T09:33:04.208+0000] {logging_mixin.py:190} INFO -  - https://www.facebook.com/official.parkhangseo/videos/1019921852555282/
[2025-05-21T09:33:04.209+0000] {logging_mixin.py:190} INFO -  - https://www.facebook.com/official.parkhangseo/videos/1496815271117860/
[2025-05-21T09:33:04.209+0000] {logging_mixin.py:190} INFO -  - https://www.facebook.com/official.parkhangseo/videos/7206305039381158/
[2025-05-21T09:33:04.209+0000] {logging_mixin.py:190} INFO -  - https://www.facebook.com/official.parkhangseo/videos/300258409024726/
[2025-05-21T09:33:04.209+0000] {logging_mixin.py:190} INFO -  - https://www.facebook.com/official.parkhangseo/videos/736392504839613/
[2025-05-21T09:33:04.210+0000] {logging_mixin.py:190} INFO -  - https://www.facebook.com/official.parkhangseo/videos/199672223024300/
[2025-05-21T09:33:04.210+0000] {logging_mixin.py:190} INFO -  - https://www.facebook.com/official.parkhangseo/videos/796377181594223/
[2025-05-21T09:33:04.210+0000] {logging_mixin.py:190} INFO -  - https://www.facebook.com/official.parkhangseo/videos/963843274971699/
[2025-05-21T09:33:04.210+0000] {logging_mixin.py:190} INFO -  - https://www.facebook.com/official.parkhangseo/videos/2110165422507634/
[2025-05-21T09:33:04.211+0000] {logging_mixin.py:190} INFO -  - https://www.facebook.com/official.parkhangseo/videos/585395010300236/
[2025-05-21T09:33:04.211+0000] {logging_mixin.py:190} INFO -  - https://www.facebook.com/official.parkhangseo/videos/726600225473500/
[2025-05-21T09:33:04.211+0000] {logging_mixin.py:190} INFO -  - https://www.facebook.com/official.parkhangseo/videos/2909373262542225/
[2025-05-21T09:33:04.211+0000] {logging_mixin.py:190} INFO -  - https://www.facebook.com/official.parkhangseo/videos/500334525564870/
[2025-05-21T09:33:04.212+0000] {logging_mixin.py:190} INFO -  - https://www.facebook.com/official.parkhangseo/videos/883435672700861/
[2025-05-21T09:33:04.212+0000] {logging_mixin.py:190} INFO -  - https://www.facebook.com/official.parkhangseo/videos/568776548091697/
[2025-05-21T09:33:04.212+0000] {logging_mixin.py:190} INFO -  - https://www.facebook.com/official.parkhangseo/videos/9291383070887304/
[2025-05-21T09:33:04.213+0000] {logging_mixin.py:190} INFO -  - https://www.facebook.com/official.parkhangseo/videos/501990768664483/
[2025-05-21T09:33:04.213+0000] {logging_mixin.py:190} INFO -  - https://www.facebook.com/official.parkhangseo/videos/5608822982568234/
[2025-05-21T09:33:04.213+0000] {logging_mixin.py:190} INFO -  - https://www.facebook.com/official.parkhangseo/videos/1281437455976230/
[2025-05-21T09:33:04.213+0000] {logging_mixin.py:190} INFO -  - https://www.facebook.com/official.parkhangseo/videos/3235875553391967/
[2025-05-21T09:33:04.214+0000] {logging_mixin.py:190} INFO -  - https://www.facebook.com/official.parkhangseo/videos/902792580882044/
[2025-05-21T09:33:04.214+0000] {logging_mixin.py:190} INFO - Don't close the app! Saving scraped data to database, it can take a while!
[2025-05-21T09:33:04.224+0000] {warnings.py:109} WARNING - /opt/airflow/dags/app/core/database_utils.py:38: SAWarning: SELECT statement has a cartesian product between FROM element(s) "tiktok" and FROM element "facebook".  Apply join condition(s) between each element to resolve.
  return db.query(Facebook).filter(Tiktok.status == TaskStatus.SUCCESS.value).all()

[2025-05-21T09:33:04.514+0000] {logging_mixin.py:190} INFO - Remaining new videos: 23
[2025-05-21T09:33:04.515+0000] {logging_mixin.py:190} INFO - New videos: 23
[2025-05-21T09:33:04.656+0000] {python.py:240} INFO - Done. Returned value was: {'id': 'official.parkhangseo', 'new_links': ('https://www.facebook.com/official.parkhangseo/videos/1019921852555282/', 'https://www.facebook.com/official.parkhangseo/videos/5608822982568234/', 'https://www.facebook.com/official.parkhangseo/videos/2110165422507634/', 'https://www.facebook.com/official.parkhangseo/videos/1281437455976230/', 'https://www.facebook.com/official.parkhangseo/videos/883435672700861/', 'https://www.facebook.com/official.parkhangseo/videos/736392504839613/', 'https://www.facebook.com/official.parkhangseo/videos/902792580882044/', 'https://www.facebook.com/official.parkhangseo/videos/300258409024726/', 'https://www.facebook.com/official.parkhangseo/videos/1496815271117860/', 'https://www.facebook.com/official.parkhangseo/videos/501990768664483/', 'https://www.facebook.com/official.parkhangseo/videos/9291383070887304/', 'https://www.facebook.com/official.parkhangseo/videos/796377181594223/', 'https://www.facebook.com/official.parkhangseo/videos/568776548091697/', 'https://www.facebook.com/official.parkhangseo/videos/585395010300236/', 'https://www.facebook.com/official.parkhangseo/videos/199672223024300/', 'https://www.facebook.com/official.parkhangseo/videos/3235875553391967/', 'https://www.facebook.com/official.parkhangseo/videos/2909373262542225/', 'https://www.facebook.com/100087341155257/videos/612326127913584', 'https://www.facebook.com/official.parkhangseo/videos/726600225473500/', 'https://www.facebook.com/official.parkhangseo/videos/612326127913584/', 'https://www.facebook.com/official.parkhangseo/videos/7206305039381158/', 'https://www.facebook.com/official.parkhangseo/videos/963843274971699/', 'https://www.facebook.com/official.parkhangseo/videos/500334525564870/')}
[2025-05-21T09:33:04.674+0000] {taskinstance.py:340} INFO - ::group::Post task execution logs
[2025-05-21T09:33:04.674+0000] {taskinstance.py:352} INFO - Marking task as SUCCESS. dag_id=facebook_videos_scraper_dag, task_id=get_links_task, run_id=manual__2025-05-21T09:32:47.209146+00:00, execution_date=20250521T093247, start_date=20250521T093249, end_date=20250521T093304
[2025-05-21T09:33:04.720+0000] {local_task_job_runner.py:261} INFO - Task exited with return code 0
[2025-05-21T09:33:04.738+0000] {taskinstance.py:3891} INFO - 1 downstream tasks scheduled from follow-on schedule check
[2025-05-21T09:33:04.739+0000] {standard_task_runner.py:217} INFO - Process not found (most likely exited), stop collecting metrics
[2025-05-21T09:33:04.741+0000] {local_task_job_runner.py:240} INFO - ::endgroup::
