[2025-05-22T06:34:38.960+0000] {local_task_job_runner.py:123} INFO - ::group::Pre task execution logs
[2025-05-22T06:34:38.984+0000] {taskinstance.py:2603} INFO - Dependencies all met for dep_context=non-requeueable deps ti=<TaskInstance: facebook_videos_scraper_dag.get_links_task manual__2025-05-22T06:34:37.263522+00:00 [queued]>
[2025-05-22T06:34:38.997+0000] {taskinstance.py:2603} INFO - Dependencies all met for dep_context=requeueable deps ti=<TaskInstance: facebook_videos_scraper_dag.get_links_task manual__2025-05-22T06:34:37.263522+00:00 [queued]>
[2025-05-22T06:34:38.997+0000] {taskinstance.py:2856} INFO - Starting attempt 1 of 1
[2025-05-22T06:34:39.010+0000] {taskinstance.py:2879} INFO - Executing <Task(PythonOperator): get_links_task> on 2025-05-22 06:34:37.263522+00:00
[2025-05-22T06:34:39.013+0000] {standard_task_runner.py:72} INFO - Started process 691 to run task
[2025-05-22T06:34:39.017+0000] {standard_task_runner.py:104} INFO - Running: ['airflow', 'tasks', 'run', 'facebook_videos_scraper_dag', 'get_links_task', 'manual__2025-05-22T06:34:37.263522+00:00', '--job-id', '6495', '--raw', '--subdir', 'DAGS_FOLDER/pipeline_fb.py', '--cfg-path', '/tmp/tmp1rr_xuyo']
[2025-05-22T06:34:39.019+0000] {standard_task_runner.py:105} INFO - Job 6495: Subtask get_links_task
[2025-05-22T06:34:39.067+0000] {task_command.py:467} INFO - Running <TaskInstance: facebook_videos_scraper_dag.get_links_task manual__2025-05-22T06:34:37.263522+00:00 [running]> on host 89a1bfcc1f66
[2025-05-22T06:34:39.161+0000] {taskinstance.py:3122} INFO - Exporting env vars: AIRFLOW_CTX_DAG_OWNER='airflow' AIRFLOW_CTX_DAG_ID='facebook_videos_scraper_dag' AIRFLOW_CTX_TASK_ID='get_links_task' AIRFLOW_CTX_EXECUTION_DATE='2025-05-22T06:34:37.263522+00:00' AIRFLOW_CTX_TRY_NUMBER='1' AIRFLOW_CTX_DAG_RUN_ID='manual__2025-05-22T06:34:37.263522+00:00'
[2025-05-22T06:34:39.163+0000] {taskinstance.py:731} INFO - ::endgroup::
[2025-05-22T06:34:39.292+0000] {selenium_manager.py:133} WARNING - The chromedriver version (136.0.7103.59) detected in PATH at /usr/bin/chromedriver might not be compatible with the detected chrome version (136.0.7103.113); currently, chromedriver 136.0.7103.113 is recommended for chrome 136.*, so it is advised to delete the driver in PATH and retry
[2025-05-22T06:34:49.164+0000] {logging_mixin.py:190} INFO - Step 1 of 3 - Load cookies
[2025-05-22T06:34:53.405+0000] {logging_mixin.py:190} INFO - Step 2 of 3 - Scrolling page
[2025-05-22T06:34:53.405+0000] {logging_mixin.py:190} INFO - Scrolling 1 iterations...
[2025-05-22T06:34:59.437+0000] {logging_mixin.py:190} INFO - Scrolling stopped after 2 iterations
[2025-05-22T06:34:59.437+0000] {logging_mixin.py:190} INFO - Scrolled 2 iterations
[2025-05-22T06:34:59.438+0000] {logging_mixin.py:190} INFO - Step 3 of 3 - Extract videos urls
[2025-05-22T06:34:59.455+0000] {logging_mixin.py:190} INFO - Found 149 a tags
[2025-05-22T06:34:59.728+0000] {logging_mixin.py:190} INFO - Found href: https://www.facebook.com/100044296156511/videos/1362494931698063
[2025-05-22T06:34:59.747+0000] {logging_mixin.py:190} INFO - Found href: https://www.facebook.com/manchesterunited/videos/1362494931698063/?comment_id=1801202197123560&__tn__=R]
[2025-05-22T06:34:59.752+0000] {logging_mixin.py:190} INFO - Found href: https://www.facebook.com/manchesterunited/videos/1760397254561973/
[2025-05-22T06:34:59.764+0000] {logging_mixin.py:190} INFO - Found href: https://www.facebook.com/manchesterunited/videos/1362494931698063/
[2025-05-22T06:34:59.789+0000] {logging_mixin.py:190} INFO - Found href: https://www.facebook.com/manchesterunited/videos/694643923451384/
[2025-05-22T06:34:59.811+0000] {logging_mixin.py:190} INFO - Found href: https://www.facebook.com/manchesterunited/videos/1909441793191388/
[2025-05-22T06:34:59.836+0000] {logging_mixin.py:190} INFO - Found href: https://www.facebook.com/manchesterunited/videos/982409090722070/
[2025-05-22T06:34:59.847+0000] {logging_mixin.py:190} INFO - Found href: https://www.facebook.com/manchesterunited/videos/1773022476944052/
[2025-05-22T06:34:59.878+0000] {logging_mixin.py:190} INFO - Found href: https://www.facebook.com/manchesterunited/videos/8274229069266765/
[2025-05-22T06:34:59.889+0000] {logging_mixin.py:190} INFO - Found href: https://www.facebook.com/manchesterunited/videos/556226863742204/
[2025-05-22T06:34:59.903+0000] {logging_mixin.py:190} INFO - Found href: https://www.facebook.com/manchesterunited/videos/1041336940536570/
[2025-05-22T06:34:59.914+0000] {logging_mixin.py:190} INFO - Found href: https://www.facebook.com/manchesterunited/videos/529340563294260/
[2025-05-22T06:34:59.926+0000] {logging_mixin.py:190} INFO - Found href: https://www.facebook.com/manchesterunited/videos/1276522580331422/
[2025-05-22T06:34:59.938+0000] {logging_mixin.py:190} INFO - Found href: https://www.facebook.com/manchesterunited/videos/882764287377874/
[2025-05-22T06:35:00.031+0000] {logging_mixin.py:190} INFO - Found href: https://www.facebook.com/manchesterunited/videos/1224491469029211/
[2025-05-22T06:35:00.042+0000] {logging_mixin.py:190} INFO - Found href: https://www.facebook.com/manchesterunited/videos/1382642382862628/
[2025-05-22T06:35:00.058+0000] {logging_mixin.py:190} INFO - Found href: https://www.facebook.com/manchesterunited/videos/1036340441761267/
[2025-05-22T06:35:00.074+0000] {logging_mixin.py:190} INFO - Found href: https://www.facebook.com/manchesterunited/videos/1732823114334576/
[2025-05-22T06:35:00.085+0000] {logging_mixin.py:190} INFO - Found href: https://www.facebook.com/manchesterunited/videos/1060728405963374/
[2025-05-22T06:35:00.096+0000] {logging_mixin.py:190} INFO - Found href: https://www.facebook.com/manchesterunited/videos/585960207199512/
[2025-05-22T06:35:00.107+0000] {logging_mixin.py:190} INFO - Found href: https://www.facebook.com/manchesterunited/videos/656884980546031/
[2025-05-22T06:35:00.117+0000] {logging_mixin.py:190} INFO - Found href: https://www.facebook.com/manchesterunited/videos/708154504977360/
[2025-05-22T06:35:00.127+0000] {logging_mixin.py:190} INFO - Found href: https://www.facebook.com/manchesterunited/videos/549543607852382/
[2025-05-22T06:35:00.138+0000] {logging_mixin.py:190} INFO - Found href: https://www.facebook.com/manchesterunited/videos/1098363302098361/
[2025-05-22T06:35:00.147+0000] {logging_mixin.py:190} INFO - Found href: https://www.facebook.com/manchesterunited/videos/630843533284430/
[2025-05-22T06:35:00.162+0000] {logging_mixin.py:190} INFO - Found href: https://www.facebook.com/manchesterunited/videos/670698715660708/
[2025-05-22T06:35:00.179+0000] {logging_mixin.py:190} INFO - Found href: https://www.facebook.com/manchesterunited/videos/1524027855224342/
[2025-05-22T06:35:00.190+0000] {logging_mixin.py:190} INFO - Found href: https://www.facebook.com/manchesterunited/videos/1190062166120574/
[2025-05-22T06:35:00.206+0000] {logging_mixin.py:190} INFO - Found href: https://www.facebook.com/manchesterunited/videos/1815873059208157/
[2025-05-22T06:35:00.217+0000] {logging_mixin.py:190} INFO - Found href: https://www.facebook.com/manchesterunited/videos/712907761084756/
[2025-05-22T06:35:00.234+0000] {logging_mixin.py:190} INFO - Found href: https://www.facebook.com/manchesterunited/videos/3029630467191422/
[2025-05-22T06:35:00.244+0000] {logging_mixin.py:190} INFO - Found href: https://www.facebook.com/manchesterunited/videos/1769184690305703/
[2025-05-22T06:35:00.255+0000] {logging_mixin.py:190} INFO - Found href: https://www.facebook.com/manchesterunited/videos/1356004988974021/
[2025-05-22T06:35:00.267+0000] {logging_mixin.py:190} INFO - Found href: https://www.facebook.com/manchesterunited/videos/1714593262803189/
[2025-05-22T06:35:00.284+0000] {logging_mixin.py:190} INFO - Found href: https://www.facebook.com/manchesterunited/videos/29292281887084616/
[2025-05-22T06:35:00.295+0000] {logging_mixin.py:190} INFO - Found href: https://www.facebook.com/manchesterunited/videos/1102701414956372/
[2025-05-22T06:35:00.307+0000] {logging_mixin.py:190} INFO - Found href: https://www.facebook.com/manchesterunited/videos/1000009215557053/
[2025-05-22T06:35:00.318+0000] {logging_mixin.py:190} INFO - Found href: https://www.facebook.com/manchesterunited/videos/1167294368037743/
[2025-05-22T06:35:00.329+0000] {logging_mixin.py:190} INFO - Found href: https://www.facebook.com/manchesterunited/videos/2158323417933631/
[2025-05-22T06:35:00.344+0000] {logging_mixin.py:190} INFO - Found href: https://www.facebook.com/manchesterunited/videos/1165652401453375/
[2025-05-22T06:35:00.357+0000] {logging_mixin.py:190} INFO - Found href: https://www.facebook.com/manchesterunited/videos/1222232559317315/
[2025-05-22T06:35:00.362+0000] {logging_mixin.py:190} INFO - Found 41 href elements
[2025-05-22T06:35:00.363+0000] {logging_mixin.py:190} INFO -  Scraped data:
[2025-05-22T06:35:00.363+0000] {logging_mixin.py:190} INFO -  - https://www.facebook.com/100044296156511/videos/1362494931698063
[2025-05-22T06:35:00.377+0000] {logging_mixin.py:190} INFO -  - 
https://www.facebook.com/manchesterunited/videos/1362494931698063/?comment_id=18
01202197123560&__tn__=R]
[2025-05-22T06:35:00.378+0000] {logging_mixin.py:190} INFO -  - https://www.facebook.com/manchesterunited/videos/1760397254561973/
[2025-05-22T06:35:00.378+0000] {logging_mixin.py:190} INFO -  - https://www.facebook.com/manchesterunited/videos/1362494931698063/
[2025-05-22T06:35:00.379+0000] {logging_mixin.py:190} INFO -  - https://www.facebook.com/manchesterunited/videos/694643923451384/
[2025-05-22T06:35:00.379+0000] {logging_mixin.py:190} INFO -  - https://www.facebook.com/manchesterunited/videos/1909441793191388/
[2025-05-22T06:35:00.379+0000] {logging_mixin.py:190} INFO -  - https://www.facebook.com/manchesterunited/videos/982409090722070/
[2025-05-22T06:35:00.379+0000] {logging_mixin.py:190} INFO -  - https://www.facebook.com/manchesterunited/videos/1773022476944052/
[2025-05-22T06:35:00.380+0000] {logging_mixin.py:190} INFO -  - https://www.facebook.com/manchesterunited/videos/8274229069266765/
[2025-05-22T06:35:00.380+0000] {logging_mixin.py:190} INFO -  - https://www.facebook.com/manchesterunited/videos/556226863742204/
[2025-05-22T06:35:00.380+0000] {logging_mixin.py:190} INFO -  - https://www.facebook.com/manchesterunited/videos/1041336940536570/
[2025-05-22T06:35:00.380+0000] {logging_mixin.py:190} INFO -  - https://www.facebook.com/manchesterunited/videos/529340563294260/
[2025-05-22T06:35:00.380+0000] {logging_mixin.py:190} INFO -  - https://www.facebook.com/manchesterunited/videos/1276522580331422/
[2025-05-22T06:35:00.381+0000] {logging_mixin.py:190} INFO -  - https://www.facebook.com/manchesterunited/videos/882764287377874/
[2025-05-22T06:35:00.381+0000] {logging_mixin.py:190} INFO -  - https://www.facebook.com/manchesterunited/videos/1224491469029211/
[2025-05-22T06:35:00.381+0000] {logging_mixin.py:190} INFO -  - https://www.facebook.com/manchesterunited/videos/1382642382862628/
[2025-05-22T06:35:00.381+0000] {logging_mixin.py:190} INFO -  - https://www.facebook.com/manchesterunited/videos/1036340441761267/
[2025-05-22T06:35:00.382+0000] {logging_mixin.py:190} INFO -  - https://www.facebook.com/manchesterunited/videos/1732823114334576/
[2025-05-22T06:35:00.382+0000] {logging_mixin.py:190} INFO -  - https://www.facebook.com/manchesterunited/videos/1060728405963374/
[2025-05-22T06:35:00.382+0000] {logging_mixin.py:190} INFO -  - https://www.facebook.com/manchesterunited/videos/585960207199512/
[2025-05-22T06:35:00.382+0000] {logging_mixin.py:190} INFO -  - https://www.facebook.com/manchesterunited/videos/656884980546031/
[2025-05-22T06:35:00.383+0000] {logging_mixin.py:190} INFO -  - https://www.facebook.com/manchesterunited/videos/708154504977360/
[2025-05-22T06:35:00.383+0000] {logging_mixin.py:190} INFO -  - https://www.facebook.com/manchesterunited/videos/549543607852382/
[2025-05-22T06:35:00.383+0000] {logging_mixin.py:190} INFO -  - https://www.facebook.com/manchesterunited/videos/1098363302098361/
[2025-05-22T06:35:00.383+0000] {logging_mixin.py:190} INFO -  - https://www.facebook.com/manchesterunited/videos/630843533284430/
[2025-05-22T06:35:00.383+0000] {logging_mixin.py:190} INFO -  - https://www.facebook.com/manchesterunited/videos/670698715660708/
[2025-05-22T06:35:00.384+0000] {logging_mixin.py:190} INFO -  - https://www.facebook.com/manchesterunited/videos/1524027855224342/
[2025-05-22T06:35:00.384+0000] {logging_mixin.py:190} INFO -  - https://www.facebook.com/manchesterunited/videos/1190062166120574/
[2025-05-22T06:35:00.384+0000] {logging_mixin.py:190} INFO -  - https://www.facebook.com/manchesterunited/videos/1815873059208157/
[2025-05-22T06:35:00.384+0000] {logging_mixin.py:190} INFO -  - https://www.facebook.com/manchesterunited/videos/712907761084756/
[2025-05-22T06:35:00.385+0000] {logging_mixin.py:190} INFO -  - https://www.facebook.com/manchesterunited/videos/3029630467191422/
[2025-05-22T06:35:00.385+0000] {logging_mixin.py:190} INFO -  - https://www.facebook.com/manchesterunited/videos/1769184690305703/
[2025-05-22T06:35:00.385+0000] {logging_mixin.py:190} INFO -  - https://www.facebook.com/manchesterunited/videos/1356004988974021/
[2025-05-22T06:35:00.386+0000] {logging_mixin.py:190} INFO -  - https://www.facebook.com/manchesterunited/videos/1714593262803189/
[2025-05-22T06:35:00.386+0000] {logging_mixin.py:190} INFO -  - https://www.facebook.com/manchesterunited/videos/29292281887084616/
[2025-05-22T06:35:00.386+0000] {logging_mixin.py:190} INFO -  - https://www.facebook.com/manchesterunited/videos/1102701414956372/
[2025-05-22T06:35:00.387+0000] {logging_mixin.py:190} INFO -  - https://www.facebook.com/manchesterunited/videos/1000009215557053/
[2025-05-22T06:35:00.387+0000] {logging_mixin.py:190} INFO -  - https://www.facebook.com/manchesterunited/videos/1167294368037743/
[2025-05-22T06:35:00.387+0000] {logging_mixin.py:190} INFO -  - https://www.facebook.com/manchesterunited/videos/2158323417933631/
[2025-05-22T06:35:00.387+0000] {logging_mixin.py:190} INFO -  - https://www.facebook.com/manchesterunited/videos/1165652401453375/
[2025-05-22T06:35:00.388+0000] {logging_mixin.py:190} INFO -  - https://www.facebook.com/manchesterunited/videos/1222232559317315/
[2025-05-22T06:35:00.388+0000] {logging_mixin.py:190} INFO - Don't close the app! Saving scraped data to database, it can take a while!
[2025-05-22T06:35:00.395+0000] {database_utils.py:273} ERROR - Error when query database: (psycopg2.OperationalError) connection to server at "localhost" (::1), port 5432 failed: Connection refused
	Is the server running on that host and accepting TCP/IP connections?
connection to server at "localhost" (127.0.0.1), port 5432 failed: Connection refused
	Is the server running on that host and accepting TCP/IP connections?

(Background on this error at: https://sqlalche.me/e/14/e3q8)
[2025-05-22T06:35:00.396+0000] {taskinstance.py:3301} ERROR - Task failed with exception
Traceback (most recent call last):
  File "/home/airflow/.local/lib/python3.10/site-packages/airflow/models/taskinstance.py", line 767, in _execute_task
    result = _execute_callable(context=context, **execute_callable_kwargs)
  File "/home/airflow/.local/lib/python3.10/site-packages/airflow/models/taskinstance.py", line 733, in _execute_callable
    return ExecutionCallableRunner(
  File "/home/airflow/.local/lib/python3.10/site-packages/airflow/utils/operator_helpers.py", line 252, in run
    return self.func(*args, **kwargs)
  File "/home/airflow/.local/lib/python3.10/site-packages/airflow/models/baseoperator.py", line 406, in wrapper
    return func(self, *args, **kwargs)
  File "/home/airflow/.local/lib/python3.10/site-packages/airflow/operators/python.py", line 238, in execute
    return_value = self.execute_callable()
  File "/home/airflow/.local/lib/python3.10/site-packages/airflow/operators/python.py", line 256, in execute_callable
    return runner.run(*self.op_args, **self.op_kwargs)
  File "/home/airflow/.local/lib/python3.10/site-packages/airflow/utils/operator_helpers.py", line 252, in run
    return self.func(*args, **kwargs)
  File "/opt/airflow/dags/pipeline_fb.py", line 16, in run_facebook_videos_scraper
    return facebook_videos_scraper(
  File "/opt/airflow/dags/tasks/facebook_videos_scraper.py", line 12, in facebook_videos_scraper
    return videos_scraper.save_video_urls_to_database_pipeline(scrolls=scrolls, user_id=id)
  File "/opt/airflow/dags/utils/account_videos.py", line 98, in save_video_urls_to_database_pipeline
    for video in db_videos:
TypeError: 'NoneType' object is not iterable
[2025-05-22T06:35:00.409+0000] {taskinstance.py:1225} INFO - Marking task as FAILED. dag_id=facebook_videos_scraper_dag, task_id=get_links_task, run_id=manual__2025-05-22T06:34:37.263522+00:00, execution_date=20250522T063437, start_date=20250522T063438, end_date=20250522T063500
[2025-05-22T06:35:00.420+0000] {taskinstance.py:340} INFO - ::group::Post task execution logs
[2025-05-22T06:35:00.421+0000] {standard_task_runner.py:124} ERROR - Failed to execute job 6495 for task get_links_task ('NoneType' object is not iterable; 691)
Traceback (most recent call last):
  File "/home/airflow/.local/lib/python3.10/site-packages/airflow/task/task_runner/standard_task_runner.py", line 117, in _start_by_fork
    ret = args.func(args, dag=self.dag)
  File "/home/airflow/.local/lib/python3.10/site-packages/airflow/cli/cli_config.py", line 49, in command
    return func(*args, **kwargs)
  File "/home/airflow/.local/lib/python3.10/site-packages/airflow/utils/cli.py", line 115, in wrapper
    return f(*args, **kwargs)
  File "/home/airflow/.local/lib/python3.10/site-packages/airflow/cli/commands/task_command.py", line 483, in task_run
    task_return_code = _run_task_by_selected_method(args, _dag, ti)
  File "/home/airflow/.local/lib/python3.10/site-packages/airflow/cli/commands/task_command.py", line 256, in _run_task_by_selected_method
    return _run_raw_task(args, ti)
  File "/home/airflow/.local/lib/python3.10/site-packages/airflow/cli/commands/task_command.py", line 341, in _run_raw_task
    return ti._run_raw_task(
  File "/home/airflow/.local/lib/python3.10/site-packages/airflow/utils/session.py", line 97, in wrapper
    return func(*args, session=session, **kwargs)
  File "/home/airflow/.local/lib/python3.10/site-packages/airflow/models/taskinstance.py", line 2995, in _run_raw_task
    return _run_raw_task(
  File "/home/airflow/.local/lib/python3.10/site-packages/airflow/models/taskinstance.py", line 273, in _run_raw_task
    TaskInstance._execute_task_with_callbacks(
  File "/home/airflow/.local/lib/python3.10/site-packages/airflow/models/taskinstance.py", line 3149, in _execute_task_with_callbacks
    result = self._execute_task(context, task_orig)
  File "/home/airflow/.local/lib/python3.10/site-packages/airflow/models/taskinstance.py", line 3173, in _execute_task
    return _execute_task(self, context, task_orig)
  File "/home/airflow/.local/lib/python3.10/site-packages/airflow/models/taskinstance.py", line 767, in _execute_task
    result = _execute_callable(context=context, **execute_callable_kwargs)
  File "/home/airflow/.local/lib/python3.10/site-packages/airflow/models/taskinstance.py", line 733, in _execute_callable
    return ExecutionCallableRunner(
  File "/home/airflow/.local/lib/python3.10/site-packages/airflow/utils/operator_helpers.py", line 252, in run
    return self.func(*args, **kwargs)
  File "/home/airflow/.local/lib/python3.10/site-packages/airflow/models/baseoperator.py", line 406, in wrapper
    return func(self, *args, **kwargs)
  File "/home/airflow/.local/lib/python3.10/site-packages/airflow/operators/python.py", line 238, in execute
    return_value = self.execute_callable()
  File "/home/airflow/.local/lib/python3.10/site-packages/airflow/operators/python.py", line 256, in execute_callable
    return runner.run(*self.op_args, **self.op_kwargs)
  File "/home/airflow/.local/lib/python3.10/site-packages/airflow/utils/operator_helpers.py", line 252, in run
    return self.func(*args, **kwargs)
  File "/opt/airflow/dags/pipeline_fb.py", line 16, in run_facebook_videos_scraper
    return facebook_videos_scraper(
  File "/opt/airflow/dags/tasks/facebook_videos_scraper.py", line 12, in facebook_videos_scraper
    return videos_scraper.save_video_urls_to_database_pipeline(scrolls=scrolls, user_id=id)
  File "/opt/airflow/dags/utils/account_videos.py", line 98, in save_video_urls_to_database_pipeline
    for video in db_videos:
TypeError: 'NoneType' object is not iterable
[2025-05-22T06:35:00.465+0000] {local_task_job_runner.py:261} INFO - Task exited with return code 1
[2025-05-22T06:35:00.486+0000] {taskinstance.py:3891} INFO - 0 downstream tasks scheduled from follow-on schedule check
[2025-05-22T06:35:00.490+0000] {local_task_job_runner.py:240} INFO - ::endgroup::
