[2025-05-12T11:00:28.678+0000] {local_task_job_runner.py:123} INFO - ::group::Pre task execution logs
[2025-05-12T11:00:28.690+0000] {taskinstance.py:2603} INFO - Dependencies all met for dep_context=non-requeueable deps ti=<TaskInstance: instagram_videos_scraper_dag.ins_videos_scraper manual__2025-05-12T11:00:27.459932+00:00 [queued]>
[2025-05-12T11:00:28.694+0000] {taskinstance.py:2603} INFO - Dependencies all met for dep_context=requeueable deps ti=<TaskInstance: instagram_videos_scraper_dag.ins_videos_scraper manual__2025-05-12T11:00:27.459932+00:00 [queued]>
[2025-05-12T11:00:28.695+0000] {taskinstance.py:2856} INFO - Starting attempt 1 of 1
[2025-05-12T11:00:28.717+0000] {taskinstance.py:2879} INFO - Executing <Task(_PythonDecoratedOperator): ins_videos_scraper> on 2025-05-12 11:00:27.459932+00:00
[2025-05-12T11:00:28.720+0000] {standard_task_runner.py:72} INFO - Started process 5555 to run task
[2025-05-12T11:00:28.723+0000] {standard_task_runner.py:104} INFO - Running: ['airflow', 'tasks', 'run', 'instagram_videos_scraper_dag', 'ins_videos_scraper', 'manual__2025-05-12T11:00:27.459932+00:00', '--job-id', '5283', '--raw', '--subdir', 'DAGS_FOLDER/pipeline.py', '--cfg-path', '/tmp/tmpsmkga1mp']
[2025-05-12T11:00:28.725+0000] {standard_task_runner.py:105} INFO - Job 5283: Subtask ins_videos_scraper
[2025-05-12T11:00:28.762+0000] {task_command.py:467} INFO - Running <TaskInstance: instagram_videos_scraper_dag.ins_videos_scraper manual__2025-05-12T11:00:27.459932+00:00 [running]> on host 79b7354865cb
[2025-05-12T11:00:28.837+0000] {taskinstance.py:3122} INFO - Exporting env vars: AIRFLOW_CTX_DAG_OWNER='airflow' AIRFLOW_CTX_DAG_ID='instagram_videos_scraper_dag' AIRFLOW_CTX_TASK_ID='ins_videos_scraper' AIRFLOW_CTX_EXECUTION_DATE='2025-05-12T11:00:27.459932+00:00' AIRFLOW_CTX_TRY_NUMBER='1' AIRFLOW_CTX_DAG_RUN_ID='manual__2025-05-12T11:00:27.459932+00:00'
[2025-05-12T11:00:28.838+0000] {taskinstance.py:731} INFO - ::endgroup::
[2025-05-12T11:00:28.840+0000] {logging_mixin.py:190} INFO - Scraping Instagram profile: baukrysie
[2025-05-12T11:00:28.874+0000] {selenium_manager.py:133} WARNING - The chromedriver version (136.0.7103.59) detected in PATH at /usr/bin/chromedriver might not be compatible with the detected chrome version (136.0.7103.92); currently, chromedriver 136.0.7103.92 is recommended for chrome 136.*, so it is advised to delete the driver in PATH and retry
[2025-05-12T11:00:29.616+0000] {logging_mixin.py:190} INFO - url: https://www.instagram.com/baukrysie/
[2025-05-12T11:00:31.687+0000] {logging_mixin.py:190} INFO - Step 1 of 2 - Loading profile page
[2025-05-12T11:00:31.688+0000] {logging_mixin.py:190} INFO - Extracting videos...
[2025-05-12T11:00:34.712+0000] {logging_mixin.py:190} INFO - Count: 1, Limit: 10
[2025-05-12T11:00:34.713+0000] {logging_mixin.py:190} INFO - Scrolling... 1 iterations
[2025-05-12T11:00:34.811+0000] {logging_mixin.py:190} INFO - Found 49 video tags
[2025-05-12T11:00:35.060+0000] {logging_mixin.py:190} INFO - Extracted video URL: https://www.instagram.com/baukrysie/reel/DH0KpCARMKo/
[2025-05-12T11:00:35.072+0000] {logging_mixin.py:190} INFO - Extracted 1 video URLs
[2025-05-12T11:00:35.073+0000] {logging_mixin.py:190} INFO - Step 2 of 2 - Downloading and saving videos
[2025-05-12T11:00:35.073+0000] {logging_mixin.py:190} INFO - Don't close the app! Saving scraped data to database, it can take a while!
[2025-05-12T11:00:35.087+0000] {logging_mixin.py:190} INFO - Remaining new videos: 1
[2025-05-12T11:00:35.087+0000] {logging_mixin.py:190} INFO - New videos: 1
[2025-05-12T11:00:35.262+0000] {logging_mixin.py:190} INFO - Internet connection detected. Proceeding...
[2025-05-12T11:00:35.262+0000] {logging_mixin.py:190} INFO - An error occurred local variable 'match' referenced before assignment
[2025-05-12T11:00:35.436+0000] {python.py:240} INFO - Done. Returned value was: None
[2025-05-12T11:00:35.444+0000] {taskinstance.py:340} INFO - ::group::Post task execution logs
[2025-05-12T11:00:35.445+0000] {taskinstance.py:352} INFO - Marking task as SUCCESS. dag_id=instagram_videos_scraper_dag, task_id=ins_videos_scraper, run_id=manual__2025-05-12T11:00:27.459932+00:00, execution_date=20250512T110027, start_date=20250512T110028, end_date=20250512T110035
[2025-05-12T11:00:35.475+0000] {local_task_job_runner.py:261} INFO - Task exited with return code 0
[2025-05-12T11:00:35.489+0000] {taskinstance.py:3891} INFO - 1 downstream tasks scheduled from follow-on schedule check
[2025-05-12T11:00:35.491+0000] {local_task_job_runner.py:240} INFO - ::endgroup::
