[2025-05-26T10:11:01.481+0000] {local_task_job_runner.py:123} INFO - ::group::Pre task execution logs
[2025-05-26T10:11:01.491+0000] {taskinstance.py:2603} INFO - Dependencies all met for dep_context=non-requeueable deps ti=<TaskInstance: instagram_videos_scraper_dag.batch_download_task manual__2025-05-26T10:10:24.341899+00:00 [queued]>
[2025-05-26T10:11:01.498+0000] {taskinstance.py:2603} INFO - Dependencies all met for dep_context=requeueable deps ti=<TaskInstance: instagram_videos_scraper_dag.batch_download_task manual__2025-05-26T10:10:24.341899+00:00 [queued]>
[2025-05-26T10:11:01.498+0000] {taskinstance.py:2856} INFO - Starting attempt 1 of 6
[2025-05-26T10:11:01.522+0000] {taskinstance.py:2879} INFO - Executing <Task(PythonOperator): batch_download_task> on 2025-05-26 10:10:24.341899+00:00
[2025-05-26T10:11:01.525+0000] {standard_task_runner.py:72} INFO - Started process 4005997 to run task
[2025-05-26T10:11:01.527+0000] {standard_task_runner.py:104} INFO - Running: ['airflow', 'tasks', 'run', 'instagram_videos_scraper_dag', 'batch_download_task', 'manual__2025-05-26T10:10:24.341899+00:00', '--job-id', '6828', '--raw', '--subdir', 'DAGS_FOLDER/pipeline_instagram.py', '--cfg-path', '/tmp/tmpmqb5fvt0']
[2025-05-26T10:11:01.529+0000] {standard_task_runner.py:105} INFO - Job 6828: Subtask batch_download_task
[2025-05-26T10:11:01.561+0000] {task_command.py:467} INFO - Running <TaskInstance: instagram_videos_scraper_dag.batch_download_task manual__2025-05-26T10:10:24.341899+00:00 [running]> on host 3d8e4ce8d08f
[2025-05-26T10:11:01.611+0000] {taskinstance.py:3122} INFO - Exporting env vars: AIRFLOW_CTX_DAG_OWNER='airflow' AIRFLOW_CTX_DAG_ID='instagram_videos_scraper_dag' AIRFLOW_CTX_TASK_ID='batch_download_task' AIRFLOW_CTX_EXECUTION_DATE='2025-05-26T10:10:24.341899+00:00' AIRFLOW_CTX_TRY_NUMBER='1' AIRFLOW_CTX_DAG_RUN_ID='manual__2025-05-26T10:10:24.341899+00:00'
[2025-05-26T10:11:01.612+0000] {taskinstance.py:731} INFO - ::endgroup::
[2025-05-26T10:11:01.614+0000] {logging_mixin.py:190} INFO - Starting batch download...
[2025-05-26T10:11:01.621+0000] {logging_mixin.py:190} INFO - No URLs to download.
[2025-05-26T10:11:01.621+0000] {python.py:240} INFO - Done. Returned value was: []
[2025-05-26T10:11:01.637+0000] {taskinstance.py:340} INFO - ::group::Post task execution logs
[2025-05-26T10:11:01.638+0000] {taskinstance.py:352} INFO - Marking task as SUCCESS. dag_id=instagram_videos_scraper_dag, task_id=batch_download_task, run_id=manual__2025-05-26T10:10:24.341899+00:00, execution_date=20250526T101024, start_date=20250526T101101, end_date=20250526T101101
[2025-05-26T10:11:01.638+0000] {taskinstance.py:1554} INFO - Executing <lambda> callback
[2025-05-26T10:11:01.638+0000] {pipeline_instagram.py:33} INFO - DAG runs successfully
[2025-05-26T10:11:01.663+0000] {local_task_job_runner.py:261} INFO - Task exited with return code 0
[2025-05-26T10:11:01.678+0000] {taskinstance.py:3891} INFO - 1 downstream tasks scheduled from follow-on schedule check
[2025-05-26T10:11:01.687+0000] {local_task_job_runner.py:240} INFO - ::endgroup::
