[2025-04-29T02:56:19.933+0000] {local_task_job_runner.py:123} INFO - ::group::Pre task execution logs
[2025-04-29T02:56:19.945+0000] {taskinstance.py:2603} INFO - Dependencies all met for dep_context=non-requeueable deps ti=<TaskInstance: demo.hello scheduled__2024-08-28T00:00:00+00:00 [queued]>
[2025-04-29T02:56:19.951+0000] {taskinstance.py:2603} INFO - Dependencies all met for dep_context=requeueable deps ti=<TaskInstance: demo.hello scheduled__2024-08-28T00:00:00+00:00 [queued]>
[2025-04-29T02:56:19.952+0000] {taskinstance.py:2856} INFO - Starting attempt 1 of 1
[2025-04-29T02:56:19.976+0000] {taskinstance.py:2879} INFO - Executing <Task(BashOperator): hello> on 2024-08-28 00:00:00+00:00
[2025-04-29T02:56:19.979+0000] {standard_task_runner.py:72} INFO - Started process 7050 to run task
[2025-04-29T02:56:19.982+0000] {standard_task_runner.py:104} INFO - Running: ['airflow', 'tasks', 'run', 'demo', 'hello', 'scheduled__2024-08-28T00:00:00+00:00', '--job-id', '1953', '--raw', '--subdir', 'DAGS_FOLDER/simple-dag.py', '--cfg-path', '/tmp/tmpgis09g63']
[2025-04-29T02:56:19.983+0000] {standard_task_runner.py:105} INFO - Job 1953: Subtask hello
[2025-04-29T02:56:20.023+0000] {task_command.py:467} INFO - Running <TaskInstance: demo.hello scheduled__2024-08-28T00:00:00+00:00 [running]> on host 2c7afa36055b
[2025-04-29T02:56:20.088+0000] {taskinstance.py:3122} INFO - Exporting env vars: AIRFLOW_CTX_DAG_OWNER='airflow' AIRFLOW_CTX_DAG_ID='demo' AIRFLOW_CTX_TASK_ID='hello' AIRFLOW_CTX_EXECUTION_DATE='2024-08-28T00:00:00+00:00' AIRFLOW_CTX_TRY_NUMBER='1' AIRFLOW_CTX_DAG_RUN_ID='scheduled__2024-08-28T00:00:00+00:00'
[2025-04-29T02:56:20.088+0000] {taskinstance.py:731} INFO - ::endgroup::
[2025-04-29T02:56:20.090+0000] {subprocess.py:63} INFO - Tmp dir root location: /tmp
[2025-04-29T02:56:20.091+0000] {subprocess.py:75} INFO - Running command: ['/usr/bin/bash', '-c', 'echo hello']
[2025-04-29T02:56:20.098+0000] {subprocess.py:86} INFO - Output:
[2025-04-29T02:56:20.099+0000] {subprocess.py:93} INFO - hello
[2025-04-29T02:56:20.100+0000] {subprocess.py:97} INFO - Command exited with return code 0
[2025-04-29T02:56:20.121+0000] {taskinstance.py:340} INFO - ::group::Post task execution logs
[2025-04-29T02:56:20.122+0000] {taskinstance.py:352} INFO - Marking task as SUCCESS. dag_id=demo, task_id=hello, run_id=scheduled__2024-08-28T00:00:00+00:00, execution_date=20240828T000000, start_date=20250429T025619, end_date=20250429T025620
[2025-04-29T02:56:20.159+0000] {local_task_job_runner.py:261} INFO - Task exited with return code 0
[2025-04-29T02:56:20.173+0000] {taskinstance.py:3891} INFO - 0 downstream tasks scheduled from follow-on schedule check
[2025-04-29T02:56:20.175+0000] {local_task_job_runner.py:240} INFO - ::endgroup::
