[2025-05-15T10:00:12.500+0000] {local_task_job_runner.py:123} INFO - ::group::Pre task execution logs
[2025-05-15T10:00:12.514+0000] {taskinstance.py:2603} INFO - Dependencies all met for dep_context=non-requeueable deps ti=<TaskInstance: tiktok_videos_scraper_dag.tiktok_videos_scraper_task manual__2025-05-15T10:00:11.951917+00:00 [queued]>
[2025-05-15T10:00:12.520+0000] {taskinstance.py:2603} INFO - Dependencies all met for dep_context=requeueable deps ti=<TaskInstance: tiktok_videos_scraper_dag.tiktok_videos_scraper_task manual__2025-05-15T10:00:11.951917+00:00 [queued]>
[2025-05-15T10:00:12.520+0000] {taskinstance.py:2856} INFO - Starting attempt 1 of 1
[2025-05-15T10:00:12.530+0000] {taskinstance.py:2879} INFO - Executing <Task(PythonOperator): tiktok_videos_scraper_task> on 2025-05-15 10:00:11.951917+00:00
[2025-05-15T10:00:12.533+0000] {standard_task_runner.py:72} INFO - Started process 1615 to run task
[2025-05-15T10:00:12.536+0000] {standard_task_runner.py:104} INFO - Running: ['airflow', 'tasks', 'run', 'tiktok_videos_scraper_dag', 'tiktok_videos_scraper_task', 'manual__2025-05-15T10:00:11.951917+00:00', '--job-id', '5984', '--raw', '--subdir', 'DAGS_FOLDER/pipeline_tiktok.py', '--cfg-path', '/tmp/tmp6ntlgqc4']
[2025-05-15T10:00:12.538+0000] {standard_task_runner.py:105} INFO - Job 5984: Subtask tiktok_videos_scraper_task
[2025-05-15T10:00:12.577+0000] {task_command.py:467} INFO - Running <TaskInstance: tiktok_videos_scraper_dag.tiktok_videos_scraper_task manual__2025-05-15T10:00:11.951917+00:00 [running]> on host 8579eb2523da
[2025-05-15T10:00:12.643+0000] {taskinstance.py:3122} INFO - Exporting env vars: AIRFLOW_CTX_DAG_OWNER='airflow' AIRFLOW_CTX_DAG_ID='tiktok_videos_scraper_dag' AIRFLOW_CTX_TASK_ID='tiktok_videos_scraper_task' AIRFLOW_CTX_EXECUTION_DATE='2025-05-15T10:00:11.951917+00:00' AIRFLOW_CTX_TRY_NUMBER='1' AIRFLOW_CTX_DAG_RUN_ID='manual__2025-05-15T10:00:11.951917+00:00'
[2025-05-15T10:00:12.644+0000] {taskinstance.py:731} INFO - ::endgroup::
[2025-05-15T10:07:40.199+0000] {job.py:229} INFO - Heartbeat recovered after 442.45 seconds
[2025-05-15T10:09:06.115+0000] {job.py:229} INFO - Heartbeat recovered after 50.15 seconds
[2025-05-15T10:09:09.336+0000] {logging_mixin.py:190} WARNING - 2025-05-15 10:09:09,306 - TikTokApi.tiktok - ERROR - Failed to create session: Page.goto: Timeout 30000ms exceeded.
Call log:
  - navigating to "https://www.tiktok.com/", waiting until "load"
[2025-05-15T10:09:09.306+0000] {tiktok.py:222} ERROR - Failed to create session: Page.goto: Timeout 30000ms exceeded.
Call log:
  - navigating to "https://www.tiktok.com/", waiting until "load"

[2025-05-15T10:09:17.754+0000] {job.py:229} INFO - Heartbeat recovered after 12.44 seconds
[2025-05-15T10:09:28.988+0000] {job.py:229} INFO - Heartbeat recovered after 11.46 seconds
[2025-05-15T10:10:05.184+0000] {job.py:229} INFO - Heartbeat recovered after 36.65 seconds
[2025-05-15T10:10:07.988+0000] {logging_mixin.py:190} INFO - Error in TikTok API: Page.goto: Timeout 30000ms exceeded.
Call log:
  - navigating to "https://www.tiktok.com/", waiting until "load"
[2025-05-15T10:10:08.310+0000] {python.py:240} INFO - Done. Returned value was: []
[2025-05-15T10:10:08.330+0000] {taskinstance.py:340} INFO - ::group::Post task execution logs
[2025-05-15T10:10:08.331+0000] {taskinstance.py:352} INFO - Marking task as SUCCESS. dag_id=tiktok_videos_scraper_dag, task_id=tiktok_videos_scraper_task, run_id=manual__2025-05-15T10:00:11.951917+00:00, execution_date=20250515T100011, start_date=20250515T100012, end_date=20250515T101008
[2025-05-15T10:10:08.386+0000] {local_task_job_runner.py:261} INFO - Task exited with return code 0
[2025-05-15T10:10:08.403+0000] {taskinstance.py:3891} INFO - 1 downstream tasks scheduled from follow-on schedule check
[2025-05-15T10:10:08.405+0000] {local_task_job_runner.py:240} INFO - ::endgroup::
