[2025-05-08T07:48:15.249+0000] {local_task_job_runner.py:123} INFO - ::group::Pre task execution logs
[2025-05-08T07:48:15.261+0000] {taskinstance.py:2603} INFO - Dependencies all met for dep_context=non-requeueable deps ti=<TaskInstance: x_videos_scraper_dag.x_videos_scraper manual__2025-05-08T07:48:14.094914+00:00 [queued]>
[2025-05-08T07:48:15.267+0000] {taskinstance.py:2603} INFO - Dependencies all met for dep_context=requeueable deps ti=<TaskInstance: x_videos_scraper_dag.x_videos_scraper manual__2025-05-08T07:48:14.094914+00:00 [queued]>
[2025-05-08T07:48:15.267+0000] {taskinstance.py:2856} INFO - Starting attempt 1 of 1
[2025-05-08T07:48:15.277+0000] {taskinstance.py:2879} INFO - Executing <Task(_PythonDecoratedOperator): x_videos_scraper> on 2025-05-08 07:48:14.094914+00:00
[2025-05-08T07:48:15.280+0000] {standard_task_runner.py:72} INFO - Started process 304 to run task
[2025-05-08T07:48:15.282+0000] {standard_task_runner.py:104} INFO - Running: ['airflow', 'tasks', 'run', 'x_videos_scraper_dag', 'x_videos_scraper', 'manual__2025-05-08T07:48:14.094914+00:00', '--job-id', '5140', '--raw', '--subdir', 'DAGS_FOLDER/pipeline.py', '--cfg-path', '/tmp/tmp201rge13']
[2025-05-08T07:48:15.284+0000] {standard_task_runner.py:105} INFO - Job 5140: Subtask x_videos_scraper
[2025-05-08T07:48:15.319+0000] {task_command.py:467} INFO - Running <TaskInstance: x_videos_scraper_dag.x_videos_scraper manual__2025-05-08T07:48:14.094914+00:00 [running]> on host 6f22e5ddc135
[2025-05-08T07:48:15.376+0000] {taskinstance.py:3122} INFO - Exporting env vars: AIRFLOW_CTX_DAG_OWNER='airflow' AIRFLOW_CTX_DAG_ID='x_videos_scraper_dag' AIRFLOW_CTX_TASK_ID='x_videos_scraper' AIRFLOW_CTX_EXECUTION_DATE='2025-05-08T07:48:14.094914+00:00' AIRFLOW_CTX_TRY_NUMBER='1' AIRFLOW_CTX_DAG_RUN_ID='manual__2025-05-08T07:48:14.094914+00:00'
[2025-05-08T07:48:15.377+0000] {taskinstance.py:731} INFO - ::endgroup::
[2025-05-08T07:48:15.786+0000] {taskinstance.py:3301} ERROR - Task failed with exception
Traceback (most recent call last):
  File "/home/airflow/.local/lib/python3.10/site-packages/airflow/models/taskinstance.py", line 767, in _execute_task
    result = _execute_callable(context=context, **execute_callable_kwargs)
  File "/home/airflow/.local/lib/python3.10/site-packages/airflow/models/taskinstance.py", line 733, in _execute_callable
    return ExecutionCallableRunner(
  File "/home/airflow/.local/lib/python3.10/site-packages/airflow/utils/operator_helpers.py", line 252, in run
    return self.func(*args, **kwargs)
  File "/home/airflow/.local/lib/python3.10/site-packages/airflow/models/baseoperator.py", line 406, in wrapper
    return func(self, *args, **kwargs)
  File "/home/airflow/.local/lib/python3.10/site-packages/airflow/decorators/base.py", line 266, in execute
    return_value = super().execute(context)
  File "/home/airflow/.local/lib/python3.10/site-packages/airflow/models/baseoperator.py", line 406, in wrapper
    return func(self, *args, **kwargs)
  File "/home/airflow/.local/lib/python3.10/site-packages/airflow/operators/python.py", line 238, in execute
    return_value = self.execute_callable()
  File "/home/airflow/.local/lib/python3.10/site-packages/airflow/operators/python.py", line 256, in execute_callable
    return runner.run(*self.op_args, **self.op_kwargs)
  File "/home/airflow/.local/lib/python3.10/site-packages/airflow/utils/operator_helpers.py", line 252, in run
    return self.func(*args, **kwargs)
  File "/opt/airflow/dags/tasks/x_videos_scraper.py", line 15, in x_videos_scraper
    context = browser.new_context(storage_state="dags/utils/state.json")
  File "/home/airflow/.local/lib/python3.10/site-packages/playwright/sync_api/_generated.py", line 13968, in new_context
    self._sync(
  File "/home/airflow/.local/lib/python3.10/site-packages/playwright/_impl/_sync_base.py", line 115, in _sync
    return task.result()
  File "/home/airflow/.local/lib/python3.10/site-packages/playwright/_impl/_browser.py", line 129, in new_context
    await prepare_browser_context_params(params)
  File "/home/airflow/.local/lib/python3.10/site-packages/playwright/_impl/_browser.py", line 251, in prepare_browser_context_params
    params["storageState"] = json.loads(
  File "/usr/local/lib/python3.10/json/__init__.py", line 346, in loads
    return _default_decoder.decode(s)
  File "/usr/local/lib/python3.10/json/decoder.py", line 337, in decode
    obj, end = self.raw_decode(s, idx=_w(s, 0).end())
  File "/usr/local/lib/python3.10/json/decoder.py", line 355, in raw_decode
    raise JSONDecodeError("Expecting value", s, err.value) from None
json.decoder.JSONDecodeError: Expecting value: line 1 column 1 (char 0)
[2025-05-08T07:48:15.795+0000] {taskinstance.py:1225} INFO - Marking task as FAILED. dag_id=x_videos_scraper_dag, task_id=x_videos_scraper, run_id=manual__2025-05-08T07:48:14.094914+00:00, execution_date=20250508T074814, start_date=20250508T074815, end_date=20250508T074815
[2025-05-08T07:48:15.803+0000] {taskinstance.py:340} INFO - ::group::Post task execution logs
[2025-05-08T07:48:15.803+0000] {standard_task_runner.py:124} ERROR - Failed to execute job 5140 for task x_videos_scraper (Expecting value: line 1 column 1 (char 0); 304)
Traceback (most recent call last):
  File "/home/airflow/.local/lib/python3.10/site-packages/airflow/task/task_runner/standard_task_runner.py", line 117, in _start_by_fork
    ret = args.func(args, dag=self.dag)
  File "/home/airflow/.local/lib/python3.10/site-packages/airflow/cli/cli_config.py", line 49, in command
    return func(*args, **kwargs)
  File "/home/airflow/.local/lib/python3.10/site-packages/airflow/utils/cli.py", line 115, in wrapper
    return f(*args, **kwargs)
  File "/home/airflow/.local/lib/python3.10/site-packages/airflow/cli/commands/task_command.py", line 483, in task_run
    task_return_code = _run_task_by_selected_method(args, _dag, ti)
  File "/home/airflow/.local/lib/python3.10/site-packages/airflow/cli/commands/task_command.py", line 256, in _run_task_by_selected_method
    return _run_raw_task(args, ti)
  File "/home/airflow/.local/lib/python3.10/site-packages/airflow/cli/commands/task_command.py", line 341, in _run_raw_task
    return ti._run_raw_task(
  File "/home/airflow/.local/lib/python3.10/site-packages/airflow/utils/session.py", line 97, in wrapper
    return func(*args, session=session, **kwargs)
  File "/home/airflow/.local/lib/python3.10/site-packages/airflow/models/taskinstance.py", line 2995, in _run_raw_task
    return _run_raw_task(
  File "/home/airflow/.local/lib/python3.10/site-packages/airflow/models/taskinstance.py", line 273, in _run_raw_task
    TaskInstance._execute_task_with_callbacks(
  File "/home/airflow/.local/lib/python3.10/site-packages/airflow/models/taskinstance.py", line 3149, in _execute_task_with_callbacks
    result = self._execute_task(context, task_orig)
  File "/home/airflow/.local/lib/python3.10/site-packages/airflow/models/taskinstance.py", line 3173, in _execute_task
    return _execute_task(self, context, task_orig)
  File "/home/airflow/.local/lib/python3.10/site-packages/airflow/models/taskinstance.py", line 767, in _execute_task
    result = _execute_callable(context=context, **execute_callable_kwargs)
  File "/home/airflow/.local/lib/python3.10/site-packages/airflow/models/taskinstance.py", line 733, in _execute_callable
    return ExecutionCallableRunner(
  File "/home/airflow/.local/lib/python3.10/site-packages/airflow/utils/operator_helpers.py", line 252, in run
    return self.func(*args, **kwargs)
  File "/home/airflow/.local/lib/python3.10/site-packages/airflow/models/baseoperator.py", line 406, in wrapper
    return func(self, *args, **kwargs)
  File "/home/airflow/.local/lib/python3.10/site-packages/airflow/decorators/base.py", line 266, in execute
    return_value = super().execute(context)
  File "/home/airflow/.local/lib/python3.10/site-packages/airflow/models/baseoperator.py", line 406, in wrapper
    return func(self, *args, **kwargs)
  File "/home/airflow/.local/lib/python3.10/site-packages/airflow/operators/python.py", line 238, in execute
    return_value = self.execute_callable()
  File "/home/airflow/.local/lib/python3.10/site-packages/airflow/operators/python.py", line 256, in execute_callable
    return runner.run(*self.op_args, **self.op_kwargs)
  File "/home/airflow/.local/lib/python3.10/site-packages/airflow/utils/operator_helpers.py", line 252, in run
    return self.func(*args, **kwargs)
  File "/opt/airflow/dags/tasks/x_videos_scraper.py", line 15, in x_videos_scraper
    context = browser.new_context(storage_state="dags/utils/state.json")
  File "/home/airflow/.local/lib/python3.10/site-packages/playwright/sync_api/_generated.py", line 13968, in new_context
    self._sync(
  File "/home/airflow/.local/lib/python3.10/site-packages/playwright/_impl/_sync_base.py", line 115, in _sync
    return task.result()
  File "/home/airflow/.local/lib/python3.10/site-packages/playwright/_impl/_browser.py", line 129, in new_context
    await prepare_browser_context_params(params)
  File "/home/airflow/.local/lib/python3.10/site-packages/playwright/_impl/_browser.py", line 251, in prepare_browser_context_params
    params["storageState"] = json.loads(
  File "/usr/local/lib/python3.10/json/__init__.py", line 346, in loads
    return _default_decoder.decode(s)
  File "/usr/local/lib/python3.10/json/decoder.py", line 337, in decode
    obj, end = self.raw_decode(s, idx=_w(s, 0).end())
  File "/usr/local/lib/python3.10/json/decoder.py", line 355, in raw_decode
    raise JSONDecodeError("Expecting value", s, err.value) from None
json.decoder.JSONDecodeError: Expecting value: line 1 column 1 (char 0)
[2025-05-08T07:48:15.826+0000] {local_task_job_runner.py:261} INFO - Task exited with return code 1
[2025-05-08T07:48:15.839+0000] {taskinstance.py:3891} INFO - 0 downstream tasks scheduled from follow-on schedule check
[2025-05-08T07:48:15.841+0000] {local_task_job_runner.py:240} INFO - ::endgroup::
