[2025-05-05T02:31:36.443+0000] {local_task_job_runner.py:123} INFO - ::group::Pre task execution logs
[2025-05-05T02:31:36.465+0000] {taskinstance.py:2603} INFO - Dependencies all met for dep_context=non-requeueable deps ti=<TaskInstance: tutorial.sleep scheduled__2025-04-29T11:02:06.916831+00:00 [queued]>
[2025-05-05T02:31:36.475+0000] {taskinstance.py:2603} INFO - Dependencies all met for dep_context=requeueable deps ti=<TaskInstance: tutorial.sleep scheduled__2025-04-29T11:02:06.916831+00:00 [queued]>
[2025-05-05T02:31:36.476+0000] {taskinstance.py:2856} INFO - Starting attempt 1 of 4
[2025-05-05T02:31:36.490+0000] {taskinstance.py:2879} INFO - Executing <Task(BashOperator): sleep> on 2025-04-29 11:02:06.916831+00:00
[2025-05-05T02:31:36.494+0000] {standard_task_runner.py:72} INFO - Started process 118 to run task
[2025-05-05T02:31:36.501+0000] {standard_task_runner.py:104} INFO - Running: ['airflow', 'tasks', 'run', 'tutorial', 'sleep', 'scheduled__2025-04-29T11:02:06.916831+00:00', '--job-id', '2474', '--raw', '--subdir', 'DAGS_FOLDER/tuts/tutorial.py', '--cfg-path', '/tmp/tmpth1c94qm']
[2025-05-05T02:31:36.502+0000] {standard_task_runner.py:105} INFO - Job 2474: Subtask sleep
[2025-05-05T02:31:36.572+0000] {task_command.py:467} INFO - Running <TaskInstance: tutorial.sleep scheduled__2025-04-29T11:02:06.916831+00:00 [running]> on host 2c7afa36055b
[2025-05-05T02:31:36.678+0000] {taskinstance.py:3122} INFO - Exporting env vars: AIRFLOW_CTX_DAG_OWNER='airflow' AIRFLOW_CTX_DAG_ID='tutorial' AIRFLOW_CTX_TASK_ID='sleep' AIRFLOW_CTX_EXECUTION_DATE='2025-04-29T11:02:06.916831+00:00' AIRFLOW_CTX_TRY_NUMBER='1' AIRFLOW_CTX_DAG_RUN_ID='scheduled__2025-04-29T11:02:06.916831+00:00'
[2025-05-05T02:31:36.679+0000] {taskinstance.py:731} INFO - ::endgroup::
[2025-05-05T02:31:36.696+0000] {subprocess.py:63} INFO - Tmp dir root location: /tmp
[2025-05-05T02:31:36.697+0000] {subprocess.py:75} INFO - Running command: ['/usr/bin/bash', '-c', 'sleep 5']
[2025-05-05T02:31:36.708+0000] {subprocess.py:86} INFO - Output:
[2025-05-05T02:31:40.539+0000] {subprocess.py:97} INFO - Command exited with return code 0
[2025-05-05T02:31:40.558+0000] {taskinstance.py:340} INFO - ::group::Post task execution logs
[2025-05-05T02:31:40.559+0000] {taskinstance.py:352} INFO - Marking task as SUCCESS. dag_id=tutorial, task_id=sleep, run_id=scheduled__2025-04-29T11:02:06.916831+00:00, execution_date=20250429T110206, start_date=20250505T023136, end_date=20250505T023140
[2025-05-05T02:31:41.378+0000] {local_task_job_runner.py:261} INFO - Task exited with return code 0
[2025-05-05T02:31:41.388+0000] {taskinstance.py:3891} INFO - 0 downstream tasks scheduled from follow-on schedule check
[2025-05-05T02:31:41.389+0000] {local_task_job_runner.py:240} INFO - ::endgroup::
