[2025-05-08T04:12:17.639+0000] {local_task_job_runner.py:123} INFO - ::group::Pre task execution logs
[2025-05-08T04:12:17.652+0000] {taskinstance.py:2603} INFO - Dependencies all met for dep_context=non-requeueable deps ti=<TaskInstance: instagram_videos_scraper_dag.ins_videos_scraper manual__2025-05-08T04:12:00.695053+00:00 [queued]>
[2025-05-08T04:12:17.658+0000] {taskinstance.py:2603} INFO - Dependencies all met for dep_context=requeueable deps ti=<TaskInstance: instagram_videos_scraper_dag.ins_videos_scraper manual__2025-05-08T04:12:00.695053+00:00 [queued]>
[2025-05-08T04:12:17.658+0000] {taskinstance.py:2856} INFO - Starting attempt 1 of 1
[2025-05-08T04:12:17.667+0000] {taskinstance.py:2879} INFO - Executing <Task(_PythonDecoratedOperator): ins_videos_scraper> on 2025-05-08 04:12:00.695053+00:00
[2025-05-08T04:12:17.670+0000] {standard_task_runner.py:72} INFO - Started process 1341 to run task
[2025-05-08T04:12:17.673+0000] {standard_task_runner.py:104} INFO - Running: ['airflow', 'tasks', 'run', 'instagram_videos_scraper_dag', 'ins_videos_scraper', 'manual__2025-05-08T04:12:00.695053+00:00', '--job-id', '4933', '--raw', '--subdir', 'DAGS_FOLDER/pipeline.py', '--cfg-path', '/tmp/tmpfb5yv39k']
[2025-05-08T04:12:17.675+0000] {standard_task_runner.py:105} INFO - Job 4933: Subtask ins_videos_scraper
[2025-05-08T04:12:17.713+0000] {task_command.py:467} INFO - Running <TaskInstance: instagram_videos_scraper_dag.ins_videos_scraper manual__2025-05-08T04:12:00.695053+00:00 [running]> on host 2c71b1bd6896
[2025-05-08T04:12:17.778+0000] {taskinstance.py:3122} INFO - Exporting env vars: AIRFLOW_CTX_DAG_OWNER='airflow' AIRFLOW_CTX_DAG_ID='instagram_videos_scraper_dag' AIRFLOW_CTX_TASK_ID='ins_videos_scraper' AIRFLOW_CTX_EXECUTION_DATE='2025-05-08T04:12:00.695053+00:00' AIRFLOW_CTX_TRY_NUMBER='1' AIRFLOW_CTX_DAG_RUN_ID='manual__2025-05-08T04:12:00.695053+00:00'
[2025-05-08T04:12:17.779+0000] {taskinstance.py:731} INFO - ::endgroup::
[2025-05-08T04:12:17.811+0000] {selenium_manager.py:133} WARNING - The chromedriver version (136.0.7103.59) detected in PATH at /usr/bin/chromedriver might not be compatible with the detected chrome version (136.0.7103.92); currently, chromedriver 136.0.7103.92 is recommended for chrome 136.*, so it is advised to delete the driver in PATH and retry
[2025-05-08T04:12:12.860+0000] {logging_mixin.py:190} INFO - Step 1 of 2 - Loading profile page
[2025-05-08T04:12:12.860+0000] {logging_mixin.py:190} INFO - Extracting videos...
[2025-05-08T04:12:15.401+0000] {logging_mixin.py:190} INFO - Extracted 0 video URLs
[2025-05-08T04:12:15.402+0000] {logging_mixin.py:190} INFO -  No data found
[2025-05-08T04:12:15.507+0000] {connectionpool.py:870} WARNING - Retrying (Retry(total=2, connect=None, read=None, redirect=None, status=None)) after connection broken by 'NewConnectionError('<urllib3.connection.HTTPConnection object at 0x7ff5baaf00d0>: Failed to establish a new connection: [Errno 111] Connection refused')': /session/3423998e483f3fdd5372ab70d7fa3193
[2025-05-08T04:12:15.508+0000] {connectionpool.py:870} WARNING - Retrying (Retry(total=1, connect=None, read=None, redirect=None, status=None)) after connection broken by 'NewConnectionError('<urllib3.connection.HTTPConnection object at 0x7ff5baaf1fc0>: Failed to establish a new connection: [Errno 111] Connection refused')': /session/3423998e483f3fdd5372ab70d7fa3193
[2025-05-08T04:12:15.508+0000] {connectionpool.py:870} WARNING - Retrying (Retry(total=0, connect=None, read=None, redirect=None, status=None)) after connection broken by 'NewConnectionError('<urllib3.connection.HTTPConnection object at 0x7ff5baaf2650>: Failed to establish a new connection: [Errno 111] Connection refused')': /session/3423998e483f3fdd5372ab70d7fa3193
[2025-05-08T04:12:15.510+0000] {logging_mixin.py:190} INFO - Reading URLs from scraped_data/instagram.txt...
[2025-05-08T04:12:15.871+0000] {taskinstance.py:3301} ERROR - Task failed with exception
Traceback (most recent call last):
  File "/home/airflow/.local/lib/python3.10/site-packages/airflow/models/taskinstance.py", line 767, in _execute_task
    result = _execute_callable(context=context, **execute_callable_kwargs)
  File "/home/airflow/.local/lib/python3.10/site-packages/airflow/models/taskinstance.py", line 733, in _execute_callable
    return ExecutionCallableRunner(
  File "/home/airflow/.local/lib/python3.10/site-packages/airflow/utils/operator_helpers.py", line 252, in run
    return self.func(*args, **kwargs)
  File "/home/airflow/.local/lib/python3.10/site-packages/airflow/models/baseoperator.py", line 406, in wrapper
    return func(self, *args, **kwargs)
  File "/home/airflow/.local/lib/python3.10/site-packages/airflow/decorators/base.py", line 266, in execute
    return_value = super().execute(context)
  File "/home/airflow/.local/lib/python3.10/site-packages/airflow/models/baseoperator.py", line 406, in wrapper
    return func(self, *args, **kwargs)
  File "/home/airflow/.local/lib/python3.10/site-packages/airflow/operators/python.py", line 238, in execute
    return_value = self.execute_callable()
  File "/home/airflow/.local/lib/python3.10/site-packages/airflow/operators/python.py", line 256, in execute_callable
    return runner.run(*self.op_args, **self.op_kwargs)
  File "/home/airflow/.local/lib/python3.10/site-packages/airflow/utils/operator_helpers.py", line 252, in run
    return self.func(*args, **kwargs)
  File "/opt/airflow/dags/tasks/insta_scraper.py", line 19, in ins_videos_scraper
    batch_download_from_file(INSTAGRAM_FILE_PATH, download_directory, tiktok=False)
  File "/opt/airflow/dags/utils/downloader.py", line 115, in batch_download_from_file
    with open(file_path, "r") as file:
IsADirectoryError: [Errno 21] Is a directory: 'scraped_data/instagram.txt'
[2025-05-08T04:12:15.878+0000] {taskinstance.py:1225} INFO - Marking task as FAILED. dag_id=instagram_videos_scraper_dag, task_id=ins_videos_scraper, run_id=manual__2025-05-08T04:12:00.695053+00:00, execution_date=20250508T041200, start_date=20250508T041217, end_date=20250508T041215
[2025-05-08T04:12:15.887+0000] {taskinstance.py:340} INFO - ::group::Post task execution logs
[2025-05-08T04:12:15.887+0000] {standard_task_runner.py:124} ERROR - Failed to execute job 4933 for task ins_videos_scraper ([Errno 21] Is a directory: 'scraped_data/instagram.txt'; 1341)
Traceback (most recent call last):
  File "/home/airflow/.local/lib/python3.10/site-packages/airflow/task/task_runner/standard_task_runner.py", line 117, in _start_by_fork
    ret = args.func(args, dag=self.dag)
  File "/home/airflow/.local/lib/python3.10/site-packages/airflow/cli/cli_config.py", line 49, in command
    return func(*args, **kwargs)
  File "/home/airflow/.local/lib/python3.10/site-packages/airflow/utils/cli.py", line 115, in wrapper
    return f(*args, **kwargs)
  File "/home/airflow/.local/lib/python3.10/site-packages/airflow/cli/commands/task_command.py", line 483, in task_run
    task_return_code = _run_task_by_selected_method(args, _dag, ti)
  File "/home/airflow/.local/lib/python3.10/site-packages/airflow/cli/commands/task_command.py", line 256, in _run_task_by_selected_method
    return _run_raw_task(args, ti)
  File "/home/airflow/.local/lib/python3.10/site-packages/airflow/cli/commands/task_command.py", line 341, in _run_raw_task
    return ti._run_raw_task(
  File "/home/airflow/.local/lib/python3.10/site-packages/airflow/utils/session.py", line 97, in wrapper
    return func(*args, session=session, **kwargs)
  File "/home/airflow/.local/lib/python3.10/site-packages/airflow/models/taskinstance.py", line 2995, in _run_raw_task
    return _run_raw_task(
  File "/home/airflow/.local/lib/python3.10/site-packages/airflow/models/taskinstance.py", line 273, in _run_raw_task
    TaskInstance._execute_task_with_callbacks(
  File "/home/airflow/.local/lib/python3.10/site-packages/airflow/models/taskinstance.py", line 3149, in _execute_task_with_callbacks
    result = self._execute_task(context, task_orig)
  File "/home/airflow/.local/lib/python3.10/site-packages/airflow/models/taskinstance.py", line 3173, in _execute_task
    return _execute_task(self, context, task_orig)
  File "/home/airflow/.local/lib/python3.10/site-packages/airflow/models/taskinstance.py", line 767, in _execute_task
    result = _execute_callable(context=context, **execute_callable_kwargs)
  File "/home/airflow/.local/lib/python3.10/site-packages/airflow/models/taskinstance.py", line 733, in _execute_callable
    return ExecutionCallableRunner(
  File "/home/airflow/.local/lib/python3.10/site-packages/airflow/utils/operator_helpers.py", line 252, in run
    return self.func(*args, **kwargs)
  File "/home/airflow/.local/lib/python3.10/site-packages/airflow/models/baseoperator.py", line 406, in wrapper
    return func(self, *args, **kwargs)
  File "/home/airflow/.local/lib/python3.10/site-packages/airflow/decorators/base.py", line 266, in execute
    return_value = super().execute(context)
  File "/home/airflow/.local/lib/python3.10/site-packages/airflow/models/baseoperator.py", line 406, in wrapper
    return func(self, *args, **kwargs)
  File "/home/airflow/.local/lib/python3.10/site-packages/airflow/operators/python.py", line 238, in execute
    return_value = self.execute_callable()
  File "/home/airflow/.local/lib/python3.10/site-packages/airflow/operators/python.py", line 256, in execute_callable
    return runner.run(*self.op_args, **self.op_kwargs)
  File "/home/airflow/.local/lib/python3.10/site-packages/airflow/utils/operator_helpers.py", line 252, in run
    return self.func(*args, **kwargs)
  File "/opt/airflow/dags/tasks/insta_scraper.py", line 19, in ins_videos_scraper
    batch_download_from_file(INSTAGRAM_FILE_PATH, download_directory, tiktok=False)
  File "/opt/airflow/dags/utils/downloader.py", line 115, in batch_download_from_file
    with open(file_path, "r") as file:
IsADirectoryError: [Errno 21] Is a directory: 'scraped_data/instagram.txt'
[2025-05-08T04:12:15.907+0000] {local_task_job_runner.py:261} INFO - Task exited with return code 1
[2025-05-08T04:12:15.919+0000] {taskinstance.py:3891} INFO - 0 downstream tasks scheduled from follow-on schedule check
[2025-05-08T04:12:15.920+0000] {local_task_job_runner.py:240} INFO - ::endgroup::
