[2025-05-05T10:38:54.673+0000] {local_task_job_runner.py:123} INFO - ::group::Pre task execution logs
[2025-05-05T10:38:54.685+0000] {taskinstance.py:2603} INFO - Dependencies all met for dep_context=non-requeueable deps ti=<TaskInstance: dag1.group1.task2 scheduled__2022-03-19T00:00:00+00:00 [queued]>
[2025-05-05T10:38:54.690+0000] {taskinstance.py:2603} INFO - Dependencies all met for dep_context=requeueable deps ti=<TaskInstance: dag1.group1.task2 scheduled__2022-03-19T00:00:00+00:00 [queued]>
[2025-05-05T10:38:54.691+0000] {taskinstance.py:2856} INFO - Starting attempt 1 of 3
[2025-05-05T10:38:54.709+0000] {taskinstance.py:2879} INFO - Executing <Task(BashOperator): group1.task2> on 2022-03-19 00:00:00+00:00
[2025-05-05T10:38:54.711+0000] {standard_task_runner.py:72} INFO - Started process 13909 to run task
[2025-05-05T10:38:54.714+0000] {standard_task_runner.py:104} INFO - Running: ['airflow', 'tasks', 'run', 'dag1', 'group1.task2', 'scheduled__2022-03-19T00:00:00+00:00', '--job-id', '4471', '--raw', '--subdir', 'DAGS_FOLDER/tuts/taskgroup_basic.py', '--cfg-path', '/tmp/tmpq0z71524']
[2025-05-05T10:38:54.714+0000] {standard_task_runner.py:105} INFO - Job 4471: Subtask group1.task2
[2025-05-05T10:38:54.749+0000] {task_command.py:467} INFO - Running <TaskInstance: dag1.group1.task2 scheduled__2022-03-19T00:00:00+00:00 [running]> on host 2c7afa36055b
[2025-05-05T10:38:54.800+0000] {taskinstance.py:3122} INFO - Exporting env vars: AIRFLOW_CTX_DAG_OWNER='airflow' AIRFLOW_CTX_DAG_ID='dag1' AIRFLOW_CTX_TASK_ID='group1.task2' AIRFLOW_CTX_EXECUTION_DATE='2022-03-19T00:00:00+00:00' AIRFLOW_CTX_TRY_NUMBER='1' AIRFLOW_CTX_DAG_RUN_ID='scheduled__2022-03-19T00:00:00+00:00'
[2025-05-05T10:38:54.800+0000] {taskinstance.py:731} INFO - ::endgroup::
[2025-05-05T10:38:54.802+0000] {subprocess.py:63} INFO - Tmp dir root location: /tmp
[2025-05-05T10:38:54.802+0000] {subprocess.py:75} INFO - Running command: ['/usr/bin/bash', '-c', 'echo Hello World!']
[2025-05-05T10:38:54.807+0000] {subprocess.py:86} INFO - Output:
[2025-05-05T10:38:54.808+0000] {subprocess.py:93} INFO - Hello World!
[2025-05-05T10:38:54.809+0000] {subprocess.py:97} INFO - Command exited with return code 0
[2025-05-05T10:38:54.825+0000] {taskinstance.py:340} INFO - ::group::Post task execution logs
[2025-05-05T10:38:54.826+0000] {taskinstance.py:352} INFO - Marking task as SUCCESS. dag_id=dag1, task_id=group1.task2, run_id=scheduled__2022-03-19T00:00:00+00:00, execution_date=20220319T000000, start_date=20250505T103854, end_date=20250505T103854
[2025-05-05T10:38:54.846+0000] {local_task_job_runner.py:261} INFO - Task exited with return code 0
[2025-05-05T10:38:54.856+0000] {taskinstance.py:3891} INFO - 0 downstream tasks scheduled from follow-on schedule check
[2025-05-05T10:38:54.858+0000] {local_task_job_runner.py:240} INFO - ::endgroup::
