[2025-05-08T07:34:15.736+0000] {local_task_job_runner.py:123} INFO - ::group::Pre task execution logs
[2025-05-08T07:34:15.747+0000] {taskinstance.py:2603} INFO - Dependencies all met for dep_context=non-requeueable deps ti=<TaskInstance: x_videos_scraper_dag.x_videos_scraper manual__2025-05-08T07:34:14.832024+00:00 [queued]>
[2025-05-08T07:34:15.752+0000] {taskinstance.py:2603} INFO - Dependencies all met for dep_context=requeueable deps ti=<TaskInstance: x_videos_scraper_dag.x_videos_scraper manual__2025-05-08T07:34:14.832024+00:00 [queued]>
[2025-05-08T07:34:15.753+0000] {taskinstance.py:2856} INFO - Starting attempt 1 of 1
[2025-05-08T07:34:15.761+0000] {taskinstance.py:2879} INFO - Executing <Task(_PythonDecoratedOperator): x_videos_scraper> on 2025-05-08 07:34:14.832024+00:00
[2025-05-08T07:34:15.764+0000] {standard_task_runner.py:72} INFO - Started process 76 to run task
[2025-05-08T07:34:15.766+0000] {standard_task_runner.py:104} INFO - Running: ['airflow', 'tasks', 'run', 'x_videos_scraper_dag', 'x_videos_scraper', 'manual__2025-05-08T07:34:14.832024+00:00', '--job-id', '5128', '--raw', '--subdir', 'DAGS_FOLDER/pipeline.py', '--cfg-path', '/tmp/tmpy2a7p_b3']
[2025-05-08T07:34:15.768+0000] {standard_task_runner.py:105} INFO - Job 5128: Subtask x_videos_scraper
[2025-05-08T07:34:15.803+0000] {task_command.py:467} INFO - Running <TaskInstance: x_videos_scraper_dag.x_videos_scraper manual__2025-05-08T07:34:14.832024+00:00 [running]> on host 3387b1e95ca6
[2025-05-08T07:34:15.856+0000] {taskinstance.py:3122} INFO - Exporting env vars: AIRFLOW_CTX_DAG_OWNER='airflow' AIRFLOW_CTX_DAG_ID='x_videos_scraper_dag' AIRFLOW_CTX_TASK_ID='x_videos_scraper' AIRFLOW_CTX_EXECUTION_DATE='2025-05-08T07:34:14.832024+00:00' AIRFLOW_CTX_TRY_NUMBER='1' AIRFLOW_CTX_DAG_RUN_ID='manual__2025-05-08T07:34:14.832024+00:00'
[2025-05-08T07:34:15.857+0000] {taskinstance.py:731} INFO - ::endgroup::
[2025-05-08T07:34:16.763+0000] {taskinstance.py:3301} ERROR - Task failed with exception
Traceback (most recent call last):
  File "/home/airflow/.local/lib/python3.10/site-packages/airflow/models/taskinstance.py", line 767, in _execute_task
    result = _execute_callable(context=context, **execute_callable_kwargs)
  File "/home/airflow/.local/lib/python3.10/site-packages/airflow/models/taskinstance.py", line 733, in _execute_callable
    return ExecutionCallableRunner(
  File "/home/airflow/.local/lib/python3.10/site-packages/airflow/utils/operator_helpers.py", line 252, in run
    return self.func(*args, **kwargs)
  File "/home/airflow/.local/lib/python3.10/site-packages/airflow/models/baseoperator.py", line 406, in wrapper
    return func(self, *args, **kwargs)
  File "/home/airflow/.local/lib/python3.10/site-packages/airflow/decorators/base.py", line 266, in execute
    return_value = super().execute(context)
  File "/home/airflow/.local/lib/python3.10/site-packages/airflow/models/baseoperator.py", line 406, in wrapper
    return func(self, *args, **kwargs)
  File "/home/airflow/.local/lib/python3.10/site-packages/airflow/operators/python.py", line 238, in execute
    return_value = self.execute_callable()
  File "/home/airflow/.local/lib/python3.10/site-packages/airflow/operators/python.py", line 256, in execute_callable
    return runner.run(*self.op_args, **self.op_kwargs)
  File "/home/airflow/.local/lib/python3.10/site-packages/airflow/utils/operator_helpers.py", line 252, in run
    return self.func(*args, **kwargs)
  File "/opt/airflow/dags/tasks/x_videos_scraper.py", line 15, in x_videos_scraper
    context = browser.new_context(storage_state="state.json")
  File "/home/airflow/.local/lib/python3.10/site-packages/playwright/sync_api/_generated.py", line 13968, in new_context
    self._sync(
  File "/home/airflow/.local/lib/python3.10/site-packages/playwright/_impl/_sync_base.py", line 115, in _sync
    return task.result()
  File "/home/airflow/.local/lib/python3.10/site-packages/playwright/_impl/_browser.py", line 129, in new_context
    await prepare_browser_context_params(params)
  File "/home/airflow/.local/lib/python3.10/site-packages/playwright/_impl/_browser.py", line 252, in prepare_browser_context_params
    (await async_readfile(storageState)).decode()
  File "/home/airflow/.local/lib/python3.10/site-packages/playwright/_impl/_helper.py", line 487, in async_readfile
    return await loop.run_in_executor(None, inner)
  File "/usr/local/lib/python3.10/concurrent/futures/thread.py", line 58, in run
    result = self.fn(*self.args, **self.kwargs)
  File "/home/airflow/.local/lib/python3.10/site-packages/playwright/_impl/_helper.py", line 483, in inner
    with open(file, "rb") as fh:
FileNotFoundError: [Errno 2] No such file or directory: 'state.json'
[2025-05-08T07:34:16.770+0000] {taskinstance.py:1225} INFO - Marking task as FAILED. dag_id=x_videos_scraper_dag, task_id=x_videos_scraper, run_id=manual__2025-05-08T07:34:14.832024+00:00, execution_date=20250508T073414, start_date=20250508T073415, end_date=20250508T073416
[2025-05-08T07:34:16.781+0000] {taskinstance.py:340} INFO - ::group::Post task execution logs
[2025-05-08T07:34:16.781+0000] {standard_task_runner.py:124} ERROR - Failed to execute job 5128 for task x_videos_scraper ([Errno 2] No such file or directory: 'state.json'; 76)
Traceback (most recent call last):
  File "/home/airflow/.local/lib/python3.10/site-packages/airflow/task/task_runner/standard_task_runner.py", line 117, in _start_by_fork
    ret = args.func(args, dag=self.dag)
  File "/home/airflow/.local/lib/python3.10/site-packages/airflow/cli/cli_config.py", line 49, in command
    return func(*args, **kwargs)
  File "/home/airflow/.local/lib/python3.10/site-packages/airflow/utils/cli.py", line 115, in wrapper
    return f(*args, **kwargs)
  File "/home/airflow/.local/lib/python3.10/site-packages/airflow/cli/commands/task_command.py", line 483, in task_run
    task_return_code = _run_task_by_selected_method(args, _dag, ti)
  File "/home/airflow/.local/lib/python3.10/site-packages/airflow/cli/commands/task_command.py", line 256, in _run_task_by_selected_method
    return _run_raw_task(args, ti)
  File "/home/airflow/.local/lib/python3.10/site-packages/airflow/cli/commands/task_command.py", line 341, in _run_raw_task
    return ti._run_raw_task(
  File "/home/airflow/.local/lib/python3.10/site-packages/airflow/utils/session.py", line 97, in wrapper
    return func(*args, session=session, **kwargs)
  File "/home/airflow/.local/lib/python3.10/site-packages/airflow/models/taskinstance.py", line 2995, in _run_raw_task
    return _run_raw_task(
  File "/home/airflow/.local/lib/python3.10/site-packages/airflow/models/taskinstance.py", line 273, in _run_raw_task
    TaskInstance._execute_task_with_callbacks(
  File "/home/airflow/.local/lib/python3.10/site-packages/airflow/models/taskinstance.py", line 3149, in _execute_task_with_callbacks
    result = self._execute_task(context, task_orig)
  File "/home/airflow/.local/lib/python3.10/site-packages/airflow/models/taskinstance.py", line 3173, in _execute_task
    return _execute_task(self, context, task_orig)
  File "/home/airflow/.local/lib/python3.10/site-packages/airflow/models/taskinstance.py", line 767, in _execute_task
    result = _execute_callable(context=context, **execute_callable_kwargs)
  File "/home/airflow/.local/lib/python3.10/site-packages/airflow/models/taskinstance.py", line 733, in _execute_callable
    return ExecutionCallableRunner(
  File "/home/airflow/.local/lib/python3.10/site-packages/airflow/utils/operator_helpers.py", line 252, in run
    return self.func(*args, **kwargs)
  File "/home/airflow/.local/lib/python3.10/site-packages/airflow/models/baseoperator.py", line 406, in wrapper
    return func(self, *args, **kwargs)
  File "/home/airflow/.local/lib/python3.10/site-packages/airflow/decorators/base.py", line 266, in execute
    return_value = super().execute(context)
  File "/home/airflow/.local/lib/python3.10/site-packages/airflow/models/baseoperator.py", line 406, in wrapper
    return func(self, *args, **kwargs)
  File "/home/airflow/.local/lib/python3.10/site-packages/airflow/operators/python.py", line 238, in execute
    return_value = self.execute_callable()
  File "/home/airflow/.local/lib/python3.10/site-packages/airflow/operators/python.py", line 256, in execute_callable
    return runner.run(*self.op_args, **self.op_kwargs)
  File "/home/airflow/.local/lib/python3.10/site-packages/airflow/utils/operator_helpers.py", line 252, in run
    return self.func(*args, **kwargs)
  File "/opt/airflow/dags/tasks/x_videos_scraper.py", line 15, in x_videos_scraper
    context = browser.new_context(storage_state="state.json")
  File "/home/airflow/.local/lib/python3.10/site-packages/playwright/sync_api/_generated.py", line 13968, in new_context
    self._sync(
  File "/home/airflow/.local/lib/python3.10/site-packages/playwright/_impl/_sync_base.py", line 115, in _sync
    return task.result()
  File "/home/airflow/.local/lib/python3.10/site-packages/playwright/_impl/_browser.py", line 129, in new_context
    await prepare_browser_context_params(params)
  File "/home/airflow/.local/lib/python3.10/site-packages/playwright/_impl/_browser.py", line 252, in prepare_browser_context_params
    (await async_readfile(storageState)).decode()
  File "/home/airflow/.local/lib/python3.10/site-packages/playwright/_impl/_helper.py", line 487, in async_readfile
    return await loop.run_in_executor(None, inner)
  File "/usr/local/lib/python3.10/concurrent/futures/thread.py", line 58, in run
    result = self.fn(*self.args, **self.kwargs)
  File "/home/airflow/.local/lib/python3.10/site-packages/playwright/_impl/_helper.py", line 483, in inner
    with open(file, "rb") as fh:
FileNotFoundError: [Errno 2] No such file or directory: 'state.json'
[2025-05-08T07:34:16.807+0000] {local_task_job_runner.py:261} INFO - Task exited with return code 1
[2025-05-08T07:34:16.820+0000] {taskinstance.py:3891} INFO - 0 downstream tasks scheduled from follow-on schedule check
[2025-05-08T07:34:16.821+0000] {local_task_job_runner.py:240} INFO - ::endgroup::
