[2025-04-28T11:36:38.637+0000] {local_task_job_runner.py:123} INFO - ::group::Pre task execution logs
[2025-04-28T11:36:38.649+0000] {taskinstance.py:2603} INFO - Dependencies all met for dep_context=non-requeueable deps ti=<TaskInstance: tutorial.templated manual__2025-04-28T11:36:36.848833+00:00 [queued]>
[2025-04-28T11:36:38.654+0000] {taskinstance.py:2603} INFO - Dependencies all met for dep_context=requeueable deps ti=<TaskInstance: tutorial.templated manual__2025-04-28T11:36:36.848833+00:00 [queued]>
[2025-04-28T11:36:38.654+0000] {taskinstance.py:2856} INFO - Starting attempt 1 of 2
[2025-04-28T11:36:38.662+0000] {taskinstance.py:2879} INFO - Executing <Task(BashOperator): templated> on 2025-04-28 11:36:36.848833+00:00
[2025-04-28T11:36:38.665+0000] {standard_task_runner.py:72} INFO - Started process 131 to run task
[2025-04-28T11:36:38.668+0000] {standard_task_runner.py:104} INFO - Running: ['airflow', 'tasks', 'run', 'tutorial', 'templated', 'manual__2025-04-28T11:36:36.848833+00:00', '--job-id', '7', '--raw', '--subdir', 'DAGS_FOLDER/tutorial.py', '--cfg-path', '/tmp/tmpov9fddqb']
[2025-04-28T11:36:38.668+0000] {standard_task_runner.py:105} INFO - Job 7: Subtask templated
[2025-04-28T11:36:38.710+0000] {task_command.py:467} INFO - Running <TaskInstance: tutorial.templated manual__2025-04-28T11:36:36.848833+00:00 [running]> on host 2c7afa36055b
[2025-04-28T11:36:38.807+0000] {taskinstance.py:3122} INFO - Exporting env vars: AIRFLOW_CTX_DAG_OWNER='airflow' AIRFLOW_CTX_DAG_ID='tutorial' AIRFLOW_CTX_TASK_ID='templated' AIRFLOW_CTX_EXECUTION_DATE='2025-04-28T11:36:36.848833+00:00' AIRFLOW_CTX_TRY_NUMBER='1' AIRFLOW_CTX_DAG_RUN_ID='manual__2025-04-28T11:36:36.848833+00:00'
[2025-04-28T11:36:38.808+0000] {taskinstance.py:731} INFO - ::endgroup::
[2025-04-28T11:36:38.826+0000] {subprocess.py:63} INFO - Tmp dir root location: /tmp
[2025-04-28T11:36:38.831+0000] {subprocess.py:75} INFO - Running command: ['/usr/bin/bash', '-c', '\n\n    echo "2025-04-28"\n    echo "2025-05-05"\n\n    echo "2025-04-28"\n    echo "2025-05-05"\n\n    echo "2025-04-28"\n    echo "2025-05-05"\n\n    echo "2025-04-28"\n    echo "2025-05-05"\n\n    echo "2025-04-28"\n    echo "2025-05-05"\n']
[2025-04-28T11:36:38.850+0000] {subprocess.py:86} INFO - Output:
[2025-04-28T11:36:38.851+0000] {subprocess.py:93} INFO - 2025-04-28
[2025-04-28T11:36:38.852+0000] {subprocess.py:93} INFO - 2025-05-05
[2025-04-28T11:36:38.852+0000] {subprocess.py:93} INFO - 2025-04-28
[2025-04-28T11:36:38.852+0000] {subprocess.py:93} INFO - 2025-05-05
[2025-04-28T11:36:38.852+0000] {subprocess.py:93} INFO - 2025-04-28
[2025-04-28T11:36:38.852+0000] {subprocess.py:93} INFO - 2025-05-05
[2025-04-28T11:36:38.852+0000] {subprocess.py:93} INFO - 2025-04-28
[2025-04-28T11:36:38.852+0000] {subprocess.py:93} INFO - 2025-05-05
[2025-04-28T11:36:38.852+0000] {subprocess.py:93} INFO - 2025-04-28
[2025-04-28T11:36:38.852+0000] {subprocess.py:93} INFO - 2025-05-05
[2025-04-28T11:36:38.853+0000] {subprocess.py:97} INFO - Command exited with return code 0
[2025-04-28T11:36:38.901+0000] {taskinstance.py:340} INFO - ::group::Post task execution logs
[2025-04-28T11:36:38.902+0000] {taskinstance.py:352} INFO - Marking task as SUCCESS. dag_id=tutorial, task_id=templated, run_id=manual__2025-04-28T11:36:36.848833+00:00, execution_date=20250428T113636, start_date=20250428T113638, end_date=20250428T113638
[2025-04-28T11:36:38.927+0000] {local_task_job_runner.py:261} INFO - Task exited with return code 0
[2025-04-28T11:36:38.941+0000] {taskinstance.py:3891} INFO - 0 downstream tasks scheduled from follow-on schedule check
[2025-04-28T11:36:38.942+0000] {local_task_job_runner.py:240} INFO - ::endgroup::
