[2025-05-13T03:09:52.874+0000] {local_task_job_runner.py:123} INFO - ::group::Pre task execution logs
[2025-05-13T03:09:52.885+0000] {taskinstance.py:2603} INFO - Dependencies all met for dep_context=non-requeueable deps ti=<TaskInstance: facebook_videos_scraper_dag.fb_videos_scraper manual__2025-05-13T03:09:51.874136+00:00 [queued]>
[2025-05-13T03:09:52.889+0000] {taskinstance.py:2603} INFO - Dependencies all met for dep_context=requeueable deps ti=<TaskInstance: facebook_videos_scraper_dag.fb_videos_scraper manual__2025-05-13T03:09:51.874136+00:00 [queued]>
[2025-05-13T03:09:52.889+0000] {taskinstance.py:2856} INFO - Starting attempt 1 of 1
[2025-05-13T03:09:52.899+0000] {taskinstance.py:2879} INFO - Executing <Task(_PythonDecoratedOperator): fb_videos_scraper> on 2025-05-13 03:09:51.874136+00:00
[2025-05-13T03:09:52.902+0000] {standard_task_runner.py:72} INFO - Started process 8734 to run task
[2025-05-13T03:09:52.904+0000] {standard_task_runner.py:104} INFO - Running: ['airflow', 'tasks', 'run', 'facebook_videos_scraper_dag', 'fb_videos_scraper', 'manual__2025-05-13T03:09:51.874136+00:00', '--job-id', '5348', '--raw', '--subdir', 'DAGS_FOLDER/pipeline.py', '--cfg-path', '/tmp/tmpnt1m9uom']
[2025-05-13T03:09:52.906+0000] {standard_task_runner.py:105} INFO - Job 5348: Subtask fb_videos_scraper
[2025-05-13T03:09:52.937+0000] {task_command.py:467} INFO - Running <TaskInstance: facebook_videos_scraper_dag.fb_videos_scraper manual__2025-05-13T03:09:51.874136+00:00 [running]> on host 79b7354865cb
[2025-05-13T03:09:52.988+0000] {taskinstance.py:3122} INFO - Exporting env vars: AIRFLOW_CTX_DAG_OWNER='airflow' AIRFLOW_CTX_DAG_ID='facebook_videos_scraper_dag' AIRFLOW_CTX_TASK_ID='fb_videos_scraper' AIRFLOW_CTX_EXECUTION_DATE='2025-05-13T03:09:51.874136+00:00' AIRFLOW_CTX_TRY_NUMBER='1' AIRFLOW_CTX_DAG_RUN_ID='manual__2025-05-13T03:09:51.874136+00:00'
[2025-05-13T03:09:52.988+0000] {taskinstance.py:731} INFO - ::endgroup::
[2025-05-13T03:09:53.004+0000] {selenium_manager.py:133} WARNING - The chromedriver version (136.0.7103.59) detected in PATH at /usr/bin/chromedriver might not be compatible with the detected chrome version (136.0.7103.92); currently, chromedriver 136.0.7103.92 is recommended for chrome 136.*, so it is advised to delete the driver in PATH and retry
[2025-05-13T03:10:58.596+0000] {local_task_job_runner.py:341} WARNING - State of this instance has been externally set to failed. Terminating instance.
[2025-05-13T03:10:58.597+0000] {local_task_job_runner.py:240} INFO - ::endgroup::
[2025-05-13T03:10:58.598+0000] {process_utils.py:132} INFO - Sending 15 to group 8734. PIDs of all processes in the group: [8747, 8753, 8759, 8761, 8784, 8790, 8814, 8815, 8860, 8734]
[2025-05-13T03:10:58.598+0000] {process_utils.py:87} INFO - Sending the signal 15 to group 8734
[2025-05-13T03:10:58.599+0000] {taskinstance.py:3083} ERROR - Received SIGTERM. Terminating subprocesses.
[2025-05-13T03:10:58.614+0000] {process_utils.py:80} INFO - Process psutil.Process(pid=8784, status='terminated', started='03:09:52') (8784) terminated with exit code None
[2025-05-13T03:10:58.614+0000] {process_utils.py:80} INFO - Process psutil.Process(pid=8790, status='terminated', started='03:09:52') (8790) terminated with exit code None
[2025-05-13T03:10:58.616+0000] {taskinstance.py:340} INFO - ::group::Post task execution logs
[2025-05-13T03:10:58.616+0000] {process_utils.py:80} INFO - Process psutil.Process(pid=8747, status='terminated', started='03:09:52') (8747) terminated with exit code None
[2025-05-13T03:10:58.617+0000] {process_utils.py:80} INFO - Process psutil.Process(pid=8759, status='terminated', started='03:09:52') (8759) terminated with exit code None
[2025-05-13T03:10:58.620+0000] {process_utils.py:80} INFO - Process psutil.Process(pid=8734, status='terminated', exitcode=0, started='03:09:52') (8734) terminated with exit code 0
[2025-05-13T03:10:58.621+0000] {process_utils.py:80} INFO - Process psutil.Process(pid=8815, status='terminated', started='03:09:53') (8815) terminated with exit code None
[2025-05-13T03:10:58.621+0000] {process_utils.py:80} INFO - Process psutil.Process(pid=8860, status='terminated', started='03:09:53') (8860) terminated with exit code None
[2025-05-13T03:10:58.673+0000] {process_utils.py:80} INFO - Process psutil.Process(pid=8753, status='terminated', started='03:09:52') (8753) terminated with exit code None
[2025-05-13T03:10:58.674+0000] {process_utils.py:80} INFO - Process psutil.Process(pid=8814, status='terminated', started='03:09:53') (8814) terminated with exit code None
[2025-05-13T03:10:58.674+0000] {process_utils.py:80} INFO - Process psutil.Process(pid=8761, status='terminated', started='03:09:52') (8761) terminated with exit code None
