[2025-05-14T07:29:12.821+0000] {local_task_job_runner.py:123} INFO - ::group::Pre task execution logs
[2025-05-14T07:29:12.833+0000] {taskinstance.py:2603} INFO - Dependencies all met for dep_context=non-requeueable deps ti=<TaskInstance: x_videos_scraper_dag.x_videos_scraper manual__2025-05-14T07:29:11.847390+00:00 [queued]>
[2025-05-14T07:29:12.838+0000] {taskinstance.py:2603} INFO - Dependencies all met for dep_context=requeueable deps ti=<TaskInstance: x_videos_scraper_dag.x_videos_scraper manual__2025-05-14T07:29:11.847390+00:00 [queued]>
[2025-05-14T07:29:12.838+0000] {taskinstance.py:2856} INFO - Starting attempt 1 of 1
[2025-05-14T07:29:12.847+0000] {taskinstance.py:2879} INFO - Executing <Task(_PythonDecoratedOperator): x_videos_scraper> on 2025-05-14 07:29:11.847390+00:00
[2025-05-14T07:29:12.850+0000] {standard_task_runner.py:72} INFO - Started process 10612 to run task
[2025-05-14T07:29:12.853+0000] {standard_task_runner.py:104} INFO - Running: ['airflow', 'tasks', 'run', 'x_videos_scraper_dag', 'x_videos_scraper', 'manual__2025-05-14T07:29:11.847390+00:00', '--job-id', '5435', '--raw', '--subdir', 'DAGS_FOLDER/pipeline_x.py', '--cfg-path', '/tmp/tmpoxptghzg']
[2025-05-14T07:29:12.854+0000] {standard_task_runner.py:105} INFO - Job 5435: Subtask x_videos_scraper
[2025-05-14T07:29:12.891+0000] {task_command.py:467} INFO - Running <TaskInstance: x_videos_scraper_dag.x_videos_scraper manual__2025-05-14T07:29:11.847390+00:00 [running]> on host 79b7354865cb
[2025-05-14T07:29:12.950+0000] {taskinstance.py:3122} INFO - Exporting env vars: AIRFLOW_CTX_DAG_OWNER='airflow' AIRFLOW_CTX_DAG_ID='x_videos_scraper_dag' AIRFLOW_CTX_TASK_ID='x_videos_scraper' AIRFLOW_CTX_EXECUTION_DATE='2025-05-14T07:29:11.847390+00:00' AIRFLOW_CTX_TRY_NUMBER='1' AIRFLOW_CTX_DAG_RUN_ID='manual__2025-05-14T07:29:11.847390+00:00'
[2025-05-14T07:29:12.951+0000] {taskinstance.py:731} INFO - ::endgroup::
[2025-05-14T07:30:10.829+0000] {logging_mixin.py:190} INFO - Error accessing page: Page.goto: Timeout 60000ms exceeded.
Call log:
  - navigating to "https://x.com/elonmusk/media", waiting until "networkidle"
[2025-05-14T07:30:10.913+0000] {python.py:240} INFO - Done. Returned value was: []
[2025-05-14T07:30:10.935+0000] {taskinstance.py:340} INFO - ::group::Post task execution logs
[2025-05-14T07:30:10.935+0000] {taskinstance.py:352} INFO - Marking task as SUCCESS. dag_id=x_videos_scraper_dag, task_id=x_videos_scraper, run_id=manual__2025-05-14T07:29:11.847390+00:00, execution_date=20250514T072911, start_date=20250514T072912, end_date=20250514T073010
[2025-05-14T07:30:10.987+0000] {local_task_job_runner.py:261} INFO - Task exited with return code 0
[2025-05-14T07:30:11.003+0000] {taskinstance.py:3891} INFO - 1 downstream tasks scheduled from follow-on schedule check
[2025-05-14T07:30:11.004+0000] {local_task_job_runner.py:240} INFO - ::endgroup::
