[2025-05-05T10:36:39.022+0000] {local_task_job_runner.py:123} INFO - ::group::Pre task execution logs
[2025-05-05T10:36:39.033+0000] {taskinstance.py:2603} INFO - Dependencies all met for dep_context=non-requeueable deps ti=<TaskInstance: dag1.group1.task2 scheduled__2021-05-10T00:00:00+00:00 [queued]>
[2025-05-05T10:36:39.038+0000] {taskinstance.py:2603} INFO - Dependencies all met for dep_context=requeueable deps ti=<TaskInstance: dag1.group1.task2 scheduled__2021-05-10T00:00:00+00:00 [queued]>
[2025-05-05T10:36:39.038+0000] {taskinstance.py:2856} INFO - Starting attempt 1 of 3
[2025-05-05T10:36:39.047+0000] {taskinstance.py:2879} INFO - Executing <Task(BashOperator): group1.task2> on 2021-05-10 00:00:00+00:00
[2025-05-05T10:36:39.050+0000] {standard_task_runner.py:72} INFO - Started process 12628 to run task
[2025-05-05T10:36:39.053+0000] {standard_task_runner.py:104} INFO - Running: ['airflow', 'tasks', 'run', 'dag1', 'group1.task2', 'scheduled__2021-05-10T00:00:00+00:00', '--job-id', '4158', '--raw', '--subdir', 'DAGS_FOLDER/tuts/taskgroup_basic.py', '--cfg-path', '/tmp/tmpzdq0llrw']
[2025-05-05T10:36:39.053+0000] {standard_task_runner.py:105} INFO - Job 4158: Subtask group1.task2
[2025-05-05T10:36:39.086+0000] {task_command.py:467} INFO - Running <TaskInstance: dag1.group1.task2 scheduled__2021-05-10T00:00:00+00:00 [running]> on host 2c7afa36055b
[2025-05-05T10:36:39.136+0000] {taskinstance.py:3122} INFO - Exporting env vars: AIRFLOW_CTX_DAG_OWNER='airflow' AIRFLOW_CTX_DAG_ID='dag1' AIRFLOW_CTX_TASK_ID='group1.task2' AIRFLOW_CTX_EXECUTION_DATE='2021-05-10T00:00:00+00:00' AIRFLOW_CTX_TRY_NUMBER='1' AIRFLOW_CTX_DAG_RUN_ID='scheduled__2021-05-10T00:00:00+00:00'
[2025-05-05T10:36:39.137+0000] {taskinstance.py:731} INFO - ::endgroup::
[2025-05-05T10:36:39.138+0000] {subprocess.py:63} INFO - Tmp dir root location: /tmp
[2025-05-05T10:36:39.139+0000] {subprocess.py:75} INFO - Running command: ['/usr/bin/bash', '-c', 'echo Hello World!']
[2025-05-05T10:36:39.144+0000] {subprocess.py:86} INFO - Output:
[2025-05-05T10:36:39.145+0000] {subprocess.py:93} INFO - Hello World!
[2025-05-05T10:36:39.145+0000] {subprocess.py:97} INFO - Command exited with return code 0
[2025-05-05T10:36:39.161+0000] {taskinstance.py:340} INFO - ::group::Post task execution logs
[2025-05-05T10:36:39.161+0000] {taskinstance.py:352} INFO - Marking task as SUCCESS. dag_id=dag1, task_id=group1.task2, run_id=scheduled__2021-05-10T00:00:00+00:00, execution_date=20210510T000000, start_date=20250505T103639, end_date=20250505T103639
[2025-05-05T10:36:39.185+0000] {local_task_job_runner.py:261} INFO - Task exited with return code 0
[2025-05-05T10:36:39.195+0000] {taskinstance.py:3891} INFO - 0 downstream tasks scheduled from follow-on schedule check
[2025-05-05T10:36:39.197+0000] {local_task_job_runner.py:240} INFO - ::endgroup::
