[2025-05-26T06:41:29.170+0000] {local_task_job_runner.py:123} INFO - ::group::Pre task execution logs
[2025-05-26T06:41:29.181+0000] {taskinstance.py:2603} INFO - Dependencies all met for dep_context=non-requeueable deps ti=<TaskInstance: instagram_videos_scraper_dag.batch_download_task manual__2025-05-26T06:41:14.136309+00:00 [queued]>
[2025-05-26T06:41:29.187+0000] {taskinstance.py:2603} INFO - Dependencies all met for dep_context=requeueable deps ti=<TaskInstance: instagram_videos_scraper_dag.batch_download_task manual__2025-05-26T06:41:14.136309+00:00 [queued]>
[2025-05-26T06:41:29.187+0000] {taskinstance.py:2856} INFO - Starting attempt 1 of 1
[2025-05-26T06:41:29.195+0000] {taskinstance.py:2879} INFO - Executing <Task(PythonOperator): batch_download_task> on 2025-05-26 06:41:14.136309+00:00
[2025-05-26T06:41:29.198+0000] {standard_task_runner.py:72} INFO - Started process 25805 to run task
[2025-05-26T06:41:29.200+0000] {standard_task_runner.py:104} INFO - Running: ['airflow', 'tasks', 'run', 'instagram_videos_scraper_dag', 'batch_download_task', 'manual__2025-05-26T06:41:14.136309+00:00', '--job-id', '6763', '--raw', '--subdir', 'DAGS_FOLDER/pipeline_instagram.py', '--cfg-path', '/tmp/tmpehxpqapb']
[2025-05-26T06:41:29.202+0000] {standard_task_runner.py:105} INFO - Job 6763: Subtask batch_download_task
[2025-05-26T06:41:29.237+0000] {task_command.py:467} INFO - Running <TaskInstance: instagram_videos_scraper_dag.batch_download_task manual__2025-05-26T06:41:14.136309+00:00 [running]> on host d8d4e65c75e2
[2025-05-26T06:41:29.295+0000] {taskinstance.py:3122} INFO - Exporting env vars: AIRFLOW_CTX_DAG_OWNER='airflow' AIRFLOW_CTX_DAG_ID='instagram_videos_scraper_dag' AIRFLOW_CTX_TASK_ID='batch_download_task' AIRFLOW_CTX_EXECUTION_DATE='2025-05-26T06:41:14.136309+00:00' AIRFLOW_CTX_TRY_NUMBER='1' AIRFLOW_CTX_DAG_RUN_ID='manual__2025-05-26T06:41:14.136309+00:00'
[2025-05-26T06:41:29.296+0000] {taskinstance.py:731} INFO - ::endgroup::
[2025-05-26T06:41:29.298+0000] {logging_mixin.py:190} INFO - Starting batch download...
[2025-05-26T06:41:29.444+0000] {logging_mixin.py:190} INFO - Internet connection detected. Proceeding...
[2025-05-26T06:41:29.444+0000] {logging_mixin.py:190} INFO - Downloading video from DKF0vIOO-rj...
[2025-05-26T06:41:29.564+0000] {logging_mixin.py:190} INFO - [Instagram] Extracting URL: https://www.instagram.com/mancity/reel/DKF0vIOO-rj/
[2025-05-26T06:41:29.565+0000] {logging_mixin.py:190} INFO - [Instagram] DKF0vIOO-rj: Setting up session
[2025-05-26T06:41:29.959+0000] {logging_mixin.py:190} INFO - [Instagram] DKF0vIOO-rj: Downloading JSON metadata
[2025-05-26T06:41:30.703+0000] {logging_mixin.py:190} INFO - [info] DKF0vIOO-rj: Downloading 1 format(s): dash-1062828832391302ad
[2025-05-26T06:41:30.732+0000] {logging_mixin.py:190} INFO - [download] Destination: data/DKF0vIOO-rj
[2025-05-26T06:41:30.733+0000] {logging_mixin.py:190} INFO - [download]   0.8% of  130.84KiB at  Unknown B/s ETA Unknown
[2025-05-26T06:41:30.733+0000] {logging_mixin.py:190} INFO - [download]   2.3% of  130.84KiB at    1.67MiB/s ETA 00:00  
[2025-05-26T06:41:30.734+0000] {logging_mixin.py:190} INFO - [download]   5.4% of  130.84KiB at    3.13MiB/s ETA 00:00
[2025-05-26T06:41:30.734+0000] {logging_mixin.py:190} INFO - [download]  11.5% of  130.84KiB at    5.21MiB/s ETA 00:00
[2025-05-26T06:41:30.736+0000] {logging_mixin.py:190} INFO - [download]  23.7% of  130.84KiB at    7.08MiB/s ETA 00:00
[2025-05-26T06:41:30.739+0000] {logging_mixin.py:190} INFO - [download]  48.2% of  130.84KiB at    7.85MiB/s ETA 00:00
[2025-05-26T06:41:30.745+0000] {logging_mixin.py:190} INFO - [download]  97.1% of  130.84KiB at    8.86MiB/s ETA 00:00
[2025-05-26T06:41:30.746+0000] {logging_mixin.py:190} INFO - [download] 100.0% of  130.84KiB at    8.67MiB/s ETA 00:00
[2025-05-26T06:41:30.747+0000] {logging_mixin.py:190} INFO - [download] 100% of  130.84KiB in 00:00:00 at 3.25MiB/s   
[2025-05-26T06:41:30.793+0000] {logging_mixin.py:190} INFO - [FixupM4a] Correcting container of "data/DKF0vIOO-rj"
[2025-05-26T06:41:30.922+0000] {logging_mixin.py:190} INFO - [ExtractAudio] Destination: data/DKF0vIOO-rj.mp3
[2025-05-26T06:41:28.615+0000] {logging_mixin.py:190} INFO - Deleting original file data/DKF0vIOO-rj (pass -k to keep)
[2025-05-26T06:41:28.618+0000] {logging_mixin.py:190} INFO - 
Downloaded successfully: DKF0vIOO-rj
[2025-05-26T06:41:28.624+0000] {logging_mixin.py:190} INFO - Downloaded video DKF0vIOO-rj to data/DKF0vIOO-rj.mp3
[2025-05-26T06:41:28.624+0000] {logging_mixin.py:190} INFO - Downloaded 1 new videos.
[2025-05-26T06:41:28.624+0000] {python.py:240} INFO - Done. Returned value was: [{'video_id': 'DKF0vIOO-rj', 'file_path': 'data/DKF0vIOO-rj.mp3'}]
[2025-05-26T06:41:28.639+0000] {taskinstance.py:340} INFO - ::group::Post task execution logs
[2025-05-26T06:41:28.639+0000] {taskinstance.py:352} INFO - Marking task as SUCCESS. dag_id=instagram_videos_scraper_dag, task_id=batch_download_task, run_id=manual__2025-05-26T06:41:14.136309+00:00, execution_date=20250526T064114, start_date=20250526T064129, end_date=20250526T064128
[2025-05-26T06:41:28.673+0000] {local_task_job_runner.py:261} INFO - Task exited with return code 0
[2025-05-26T06:41:28.688+0000] {taskinstance.py:3891} INFO - 1 downstream tasks scheduled from follow-on schedule check
[2025-05-26T06:41:28.690+0000] {local_task_job_runner.py:240} INFO - ::endgroup::
