[2025-04-29T02:57:32.681+0000] {local_task_job_runner.py:123} INFO - ::group::Pre task execution logs
[2025-04-29T02:57:32.694+0000] {taskinstance.py:2603} INFO - Dependencies all met for dep_context=non-requeueable deps ti=<TaskInstance: demo.hello scheduled__2025-01-17T00:00:00+00:00 [queued]>
[2025-04-29T02:57:32.700+0000] {taskinstance.py:2603} INFO - Dependencies all met for dep_context=requeueable deps ti=<TaskInstance: demo.hello scheduled__2025-01-17T00:00:00+00:00 [queued]>
[2025-04-29T02:57:32.700+0000] {taskinstance.py:2856} INFO - Starting attempt 1 of 1
[2025-04-29T02:57:32.719+0000] {taskinstance.py:2879} INFO - Executing <Task(BashOperator): hello> on 2025-01-17 00:00:00+00:00
[2025-04-29T02:57:32.722+0000] {standard_task_runner.py:72} INFO - Started process 8058 to run task
[2025-04-29T02:57:32.725+0000] {standard_task_runner.py:104} INFO - Running: ['airflow', 'tasks', 'run', 'demo', 'hello', 'scheduled__2025-01-17T00:00:00+00:00', '--job-id', '2237', '--raw', '--subdir', 'DAGS_FOLDER/simple-dag.py', '--cfg-path', '/tmp/tmpiqm5z_hn']
[2025-04-29T02:57:32.726+0000] {standard_task_runner.py:105} INFO - Job 2237: Subtask hello
[2025-04-29T02:57:32.773+0000] {task_command.py:467} INFO - Running <TaskInstance: demo.hello scheduled__2025-01-17T00:00:00+00:00 [running]> on host 2c7afa36055b
[2025-04-29T02:57:32.850+0000] {taskinstance.py:3122} INFO - Exporting env vars: AIRFLOW_CTX_DAG_OWNER='airflow' AIRFLOW_CTX_DAG_ID='demo' AIRFLOW_CTX_TASK_ID='hello' AIRFLOW_CTX_EXECUTION_DATE='2025-01-17T00:00:00+00:00' AIRFLOW_CTX_TRY_NUMBER='1' AIRFLOW_CTX_DAG_RUN_ID='scheduled__2025-01-17T00:00:00+00:00'
[2025-04-29T02:57:32.851+0000] {taskinstance.py:731} INFO - ::endgroup::
[2025-04-29T02:57:32.854+0000] {subprocess.py:63} INFO - Tmp dir root location: /tmp
[2025-04-29T02:57:32.855+0000] {subprocess.py:75} INFO - Running command: ['/usr/bin/bash', '-c', 'echo hello']
[2025-04-29T02:57:32.863+0000] {subprocess.py:86} INFO - Output:
[2025-04-29T02:57:32.865+0000] {subprocess.py:93} INFO - hello
[2025-04-29T02:57:32.865+0000] {subprocess.py:97} INFO - Command exited with return code 0
[2025-04-29T02:57:32.891+0000] {taskinstance.py:340} INFO - ::group::Post task execution logs
[2025-04-29T02:57:32.892+0000] {taskinstance.py:352} INFO - Marking task as SUCCESS. dag_id=demo, task_id=hello, run_id=scheduled__2025-01-17T00:00:00+00:00, execution_date=20250117T000000, start_date=20250429T025732, end_date=20250429T025732
[2025-04-29T02:57:32.942+0000] {local_task_job_runner.py:261} INFO - Task exited with return code 0
[2025-04-29T02:57:32.959+0000] {taskinstance.py:3891} INFO - 0 downstream tasks scheduled from follow-on schedule check
[2025-04-29T02:57:32.961+0000] {local_task_job_runner.py:240} INFO - ::endgroup::
