[2025-05-12T11:03:51.706+0000] {local_task_job_runner.py:123} INFO - ::group::Pre task execution logs
[2025-05-12T11:03:51.717+0000] {taskinstance.py:2603} INFO - Dependencies all met for dep_context=non-requeueable deps ti=<TaskInstance: instagram_videos_scraper_dag.ins_videos_scraper manual__2025-05-12T11:03:50.517695+00:00 [queued]>
[2025-05-12T11:03:51.723+0000] {taskinstance.py:2603} INFO - Dependencies all met for dep_context=requeueable deps ti=<TaskInstance: instagram_videos_scraper_dag.ins_videos_scraper manual__2025-05-12T11:03:50.517695+00:00 [queued]>
[2025-05-12T11:03:51.723+0000] {taskinstance.py:2856} INFO - Starting attempt 1 of 1
[2025-05-12T11:03:51.732+0000] {taskinstance.py:2879} INFO - Executing <Task(_PythonDecoratedOperator): ins_videos_scraper> on 2025-05-12 11:03:50.517695+00:00
[2025-05-12T11:03:51.735+0000] {standard_task_runner.py:72} INFO - Started process 5856 to run task
[2025-05-12T11:03:51.737+0000] {standard_task_runner.py:104} INFO - Running: ['airflow', 'tasks', 'run', 'instagram_videos_scraper_dag', 'ins_videos_scraper', 'manual__2025-05-12T11:03:50.517695+00:00', '--job-id', '5285', '--raw', '--subdir', 'DAGS_FOLDER/pipeline.py', '--cfg-path', '/tmp/tmp9iy5tii3']
[2025-05-12T11:03:51.739+0000] {standard_task_runner.py:105} INFO - Job 5285: Subtask ins_videos_scraper
[2025-05-12T11:03:51.777+0000] {task_command.py:467} INFO - Running <TaskInstance: instagram_videos_scraper_dag.ins_videos_scraper manual__2025-05-12T11:03:50.517695+00:00 [running]> on host 79b7354865cb
[2025-05-12T11:03:51.838+0000] {taskinstance.py:3122} INFO - Exporting env vars: AIRFLOW_CTX_DAG_OWNER='airflow' AIRFLOW_CTX_DAG_ID='instagram_videos_scraper_dag' AIRFLOW_CTX_TASK_ID='ins_videos_scraper' AIRFLOW_CTX_EXECUTION_DATE='2025-05-12T11:03:50.517695+00:00' AIRFLOW_CTX_TRY_NUMBER='1' AIRFLOW_CTX_DAG_RUN_ID='manual__2025-05-12T11:03:50.517695+00:00'
[2025-05-12T11:03:51.839+0000] {taskinstance.py:731} INFO - ::endgroup::
[2025-05-12T11:03:51.841+0000] {logging_mixin.py:190} INFO - Scraping Instagram profile: baukrysie
[2025-05-12T11:03:51.857+0000] {selenium_manager.py:133} WARNING - The chromedriver version (136.0.7103.59) detected in PATH at /usr/bin/chromedriver might not be compatible with the detected chrome version (136.0.7103.92); currently, chromedriver 136.0.7103.92 is recommended for chrome 136.*, so it is advised to delete the driver in PATH and retry
[2025-05-12T11:03:52.580+0000] {logging_mixin.py:190} INFO - url: https://www.instagram.com/baukrysie/
[2025-05-12T11:03:54.551+0000] {logging_mixin.py:190} INFO - Step 1 of 2 - Loading profile page
[2025-05-12T11:03:54.551+0000] {logging_mixin.py:190} INFO - Extracting videos...
[2025-05-12T11:03:57.726+0000] {logging_mixin.py:190} INFO - Count: 1, Limit: 10
[2025-05-12T11:03:57.726+0000] {logging_mixin.py:190} INFO - Scrolling... 1 iterations
[2025-05-12T11:03:57.826+0000] {logging_mixin.py:190} INFO - Found 37 video tags
[2025-05-12T11:03:58.039+0000] {logging_mixin.py:190} INFO - Extracted 0 video URLs
[2025-05-12T11:03:58.040+0000] {logging_mixin.py:190} INFO -  No data found
[2025-05-12T11:03:58.155+0000] {connectionpool.py:870} WARNING - Retrying (Retry(total=2, connect=None, read=None, redirect=None, status=None)) after connection broken by 'NewConnectionError('<urllib3.connection.HTTPConnection object at 0x7feb602c63b0>: Failed to establish a new connection: [Errno 111] Connection refused')': /session/1e7871e75d5ec8cab85a2b3f090751f4
[2025-05-12T11:03:58.156+0000] {connectionpool.py:870} WARNING - Retrying (Retry(total=1, connect=None, read=None, redirect=None, status=None)) after connection broken by 'NewConnectionError('<urllib3.connection.HTTPConnection object at 0x7feb602c7e20>: Failed to establish a new connection: [Errno 111] Connection refused')': /session/1e7871e75d5ec8cab85a2b3f090751f4
[2025-05-12T11:03:58.156+0000] {connectionpool.py:870} WARNING - Retrying (Retry(total=0, connect=None, read=None, redirect=None, status=None)) after connection broken by 'NewConnectionError('<urllib3.connection.HTTPConnection object at 0x7feb602c6ad0>: Failed to establish a new connection: [Errno 111] Connection refused')': /session/1e7871e75d5ec8cab85a2b3f090751f4
[2025-05-12T11:03:58.157+0000] {python.py:240} INFO - Done. Returned value was: None
[2025-05-12T11:03:58.164+0000] {taskinstance.py:340} INFO - ::group::Post task execution logs
[2025-05-12T11:03:58.165+0000] {taskinstance.py:352} INFO - Marking task as SUCCESS. dag_id=instagram_videos_scraper_dag, task_id=ins_videos_scraper, run_id=manual__2025-05-12T11:03:50.517695+00:00, execution_date=20250512T110350, start_date=20250512T110351, end_date=20250512T110358
[2025-05-12T11:03:58.209+0000] {local_task_job_runner.py:261} INFO - Task exited with return code 0
[2025-05-12T11:03:58.222+0000] {taskinstance.py:3891} INFO - 1 downstream tasks scheduled from follow-on schedule check
[2025-05-12T11:03:58.223+0000] {local_task_job_runner.py:240} INFO - ::endgroup::
[2025-05-13T10:34:51.552+0000] {local_task_job_runner.py:123} INFO - ::group::Pre task execution logs
[2025-05-13T10:34:51.562+0000] {taskinstance.py:2593} INFO - Dependencies not met for <TaskInstance: instagram_videos_scraper_dag.ins_videos_scraper manual__2025-05-12T11:03:50.517695+00:00 [success]>, dependency 'Task Instance State' FAILED: Task is in the 'success' state.
[2025-05-13T10:34:51.568+0000] {local_task_job_runner.py:166} INFO - Task is not able to be run
