[2025-05-22T02:16:56.150+0000] {processor.py:186} INFO - Started process (PID=47) to work on /opt/airflow/dags/app/requests/request_tiktok.py
[2025-05-22T02:16:56.151+0000] {processor.py:914} INFO - Processing file /opt/airflow/dags/app/requests/request_tiktok.py for tasks to queue
[2025-05-22T02:16:56.153+0000] {logging_mixin.py:190} INFO - [2025-05-22T02:16:56.152+0000] {dagbag.py:587} INFO - Filling up the DagBag from /opt/airflow/dags/app/requests/request_tiktok.py
[2025-05-22T02:16:56.154+0000] {processor.py:927} WARNING - No viable dags retrieved from /opt/airflow/dags/app/requests/request_tiktok.py
[2025-05-22T02:16:56.165+0000] {processor.py:208} INFO - Processing /opt/airflow/dags/app/requests/request_tiktok.py took 0.037 seconds
[2025-05-22T02:17:26.320+0000] {processor.py:186} INFO - Started process (PID=68) to work on /opt/airflow/dags/app/requests/request_tiktok.py
[2025-05-22T02:17:26.326+0000] {processor.py:914} INFO - Processing file /opt/airflow/dags/app/requests/request_tiktok.py for tasks to queue
[2025-05-22T02:17:26.327+0000] {logging_mixin.py:190} INFO - [2025-05-22T02:17:26.327+0000] {dagbag.py:587} INFO - Filling up the DagBag from /opt/airflow/dags/app/requests/request_tiktok.py
[2025-05-22T02:17:26.328+0000] {processor.py:927} WARNING - No viable dags retrieved from /opt/airflow/dags/app/requests/request_tiktok.py
[2025-05-22T02:17:26.338+0000] {processor.py:208} INFO - Processing /opt/airflow/dags/app/requests/request_tiktok.py took 0.022 seconds
[2025-05-22T02:17:57.343+0000] {processor.py:186} INFO - Started process (PID=88) to work on /opt/airflow/dags/app/requests/request_tiktok.py
[2025-05-22T02:17:57.343+0000] {processor.py:914} INFO - Processing file /opt/airflow/dags/app/requests/request_tiktok.py for tasks to queue
[2025-05-22T02:17:57.344+0000] {logging_mixin.py:190} INFO - [2025-05-22T02:17:57.344+0000] {dagbag.py:587} INFO - Filling up the DagBag from /opt/airflow/dags/app/requests/request_tiktok.py
[2025-05-22T02:17:57.345+0000] {processor.py:927} WARNING - No viable dags retrieved from /opt/airflow/dags/app/requests/request_tiktok.py
[2025-05-22T02:17:57.356+0000] {processor.py:208} INFO - Processing /opt/airflow/dags/app/requests/request_tiktok.py took 0.018 seconds
[2025-05-22T02:18:28.445+0000] {processor.py:186} INFO - Started process (PID=114) to work on /opt/airflow/dags/app/requests/request_tiktok.py
[2025-05-22T02:18:28.446+0000] {processor.py:914} INFO - Processing file /opt/airflow/dags/app/requests/request_tiktok.py for tasks to queue
[2025-05-22T02:18:28.446+0000] {logging_mixin.py:190} INFO - [2025-05-22T02:18:28.446+0000] {dagbag.py:587} INFO - Filling up the DagBag from /opt/airflow/dags/app/requests/request_tiktok.py
[2025-05-22T02:18:28.448+0000] {processor.py:927} WARNING - No viable dags retrieved from /opt/airflow/dags/app/requests/request_tiktok.py
[2025-05-22T02:18:28.461+0000] {processor.py:208} INFO - Processing /opt/airflow/dags/app/requests/request_tiktok.py took 0.020 seconds
[2025-05-22T02:18:59.234+0000] {processor.py:186} INFO - Started process (PID=131) to work on /opt/airflow/dags/app/requests/request_tiktok.py
[2025-05-22T02:18:59.235+0000] {processor.py:914} INFO - Processing file /opt/airflow/dags/app/requests/request_tiktok.py for tasks to queue
[2025-05-22T02:18:59.235+0000] {logging_mixin.py:190} INFO - [2025-05-22T02:18:59.235+0000] {dagbag.py:587} INFO - Filling up the DagBag from /opt/airflow/dags/app/requests/request_tiktok.py
[2025-05-22T02:18:59.237+0000] {processor.py:927} WARNING - No viable dags retrieved from /opt/airflow/dags/app/requests/request_tiktok.py
[2025-05-22T02:18:59.248+0000] {processor.py:208} INFO - Processing /opt/airflow/dags/app/requests/request_tiktok.py took 0.019 seconds
[2025-05-22T02:19:30.239+0000] {processor.py:186} INFO - Started process (PID=151) to work on /opt/airflow/dags/app/requests/request_tiktok.py
[2025-05-22T02:19:30.240+0000] {processor.py:914} INFO - Processing file /opt/airflow/dags/app/requests/request_tiktok.py for tasks to queue
[2025-05-22T02:19:30.241+0000] {logging_mixin.py:190} INFO - [2025-05-22T02:19:30.240+0000] {dagbag.py:587} INFO - Filling up the DagBag from /opt/airflow/dags/app/requests/request_tiktok.py
[2025-05-22T02:19:30.242+0000] {processor.py:927} WARNING - No viable dags retrieved from /opt/airflow/dags/app/requests/request_tiktok.py
[2025-05-22T02:19:30.252+0000] {processor.py:208} INFO - Processing /opt/airflow/dags/app/requests/request_tiktok.py took 0.017 seconds
[2025-05-22T02:20:01.255+0000] {processor.py:186} INFO - Started process (PID=171) to work on /opt/airflow/dags/app/requests/request_tiktok.py
[2025-05-22T02:20:01.256+0000] {processor.py:914} INFO - Processing file /opt/airflow/dags/app/requests/request_tiktok.py for tasks to queue
[2025-05-22T02:20:01.257+0000] {logging_mixin.py:190} INFO - [2025-05-22T02:20:01.256+0000] {dagbag.py:587} INFO - Filling up the DagBag from /opt/airflow/dags/app/requests/request_tiktok.py
[2025-05-22T02:20:01.258+0000] {processor.py:927} WARNING - No viable dags retrieved from /opt/airflow/dags/app/requests/request_tiktok.py
[2025-05-22T02:20:01.268+0000] {processor.py:208} INFO - Processing /opt/airflow/dags/app/requests/request_tiktok.py took 0.018 seconds
[2025-05-22T02:20:32.799+0000] {processor.py:186} INFO - Started process (PID=191) to work on /opt/airflow/dags/app/requests/request_tiktok.py
[2025-05-22T02:20:32.799+0000] {processor.py:914} INFO - Processing file /opt/airflow/dags/app/requests/request_tiktok.py for tasks to queue
[2025-05-22T02:20:32.800+0000] {logging_mixin.py:190} INFO - [2025-05-22T02:20:32.800+0000] {dagbag.py:587} INFO - Filling up the DagBag from /opt/airflow/dags/app/requests/request_tiktok.py
[2025-05-22T02:20:32.802+0000] {processor.py:927} WARNING - No viable dags retrieved from /opt/airflow/dags/app/requests/request_tiktok.py
[2025-05-22T02:20:32.812+0000] {processor.py:208} INFO - Processing /opt/airflow/dags/app/requests/request_tiktok.py took 0.018 seconds
[2025-05-22T02:21:04.179+0000] {processor.py:186} INFO - Started process (PID=213) to work on /opt/airflow/dags/app/requests/request_tiktok.py
[2025-05-22T02:21:04.179+0000] {processor.py:914} INFO - Processing file /opt/airflow/dags/app/requests/request_tiktok.py for tasks to queue
[2025-05-22T02:21:04.180+0000] {logging_mixin.py:190} INFO - [2025-05-22T02:21:04.180+0000] {dagbag.py:587} INFO - Filling up the DagBag from /opt/airflow/dags/app/requests/request_tiktok.py
[2025-05-22T02:21:04.182+0000] {processor.py:927} WARNING - No viable dags retrieved from /opt/airflow/dags/app/requests/request_tiktok.py
[2025-05-22T02:21:04.192+0000] {processor.py:208} INFO - Processing /opt/airflow/dags/app/requests/request_tiktok.py took 0.017 seconds
[2025-05-22T02:21:35.289+0000] {processor.py:186} INFO - Started process (PID=232) to work on /opt/airflow/dags/app/requests/request_tiktok.py
[2025-05-22T02:21:35.299+0000] {processor.py:914} INFO - Processing file /opt/airflow/dags/app/requests/request_tiktok.py for tasks to queue
[2025-05-22T02:21:35.301+0000] {logging_mixin.py:190} INFO - [2025-05-22T02:21:35.300+0000] {dagbag.py:587} INFO - Filling up the DagBag from /opt/airflow/dags/app/requests/request_tiktok.py
[2025-05-22T02:21:35.302+0000] {processor.py:927} WARNING - No viable dags retrieved from /opt/airflow/dags/app/requests/request_tiktok.py
[2025-05-22T02:21:35.312+0000] {processor.py:208} INFO - Processing /opt/airflow/dags/app/requests/request_tiktok.py took 0.027 seconds
[2025-05-22T02:22:06.014+0000] {processor.py:186} INFO - Started process (PID=251) to work on /opt/airflow/dags/app/requests/request_tiktok.py
[2025-05-22T02:22:06.015+0000] {processor.py:914} INFO - Processing file /opt/airflow/dags/app/requests/request_tiktok.py for tasks to queue
[2025-05-22T02:22:06.016+0000] {logging_mixin.py:190} INFO - [2025-05-22T02:22:06.016+0000] {dagbag.py:587} INFO - Filling up the DagBag from /opt/airflow/dags/app/requests/request_tiktok.py
[2025-05-22T02:22:06.018+0000] {processor.py:927} WARNING - No viable dags retrieved from /opt/airflow/dags/app/requests/request_tiktok.py
[2025-05-22T02:22:06.030+0000] {processor.py:208} INFO - Processing /opt/airflow/dags/app/requests/request_tiktok.py took 0.021 seconds
