[2025-05-26T02:27:36.767+0000] {local_task_job_runner.py:123} INFO - ::group::Pre task execution logs
[2025-05-26T02:27:36.776+0000] {taskinstance.py:2603} INFO - Dependencies all met for dep_context=non-requeueable deps ti=<TaskInstance: x_videos_scraper_dag.get_links_task manual__2025-05-26T02:27:26.565467+00:00 [queued]>
[2025-05-26T02:27:36.781+0000] {taskinstance.py:2603} INFO - Dependencies all met for dep_context=requeueable deps ti=<TaskInstance: x_videos_scraper_dag.get_links_task manual__2025-05-26T02:27:26.565467+00:00 [queued]>
[2025-05-26T02:27:36.781+0000] {taskinstance.py:2856} INFO - Starting attempt 1 of 1
[2025-05-26T02:27:36.788+0000] {taskinstance.py:2879} INFO - Executing <Task(PythonOperator): get_links_task> on 2025-05-26 02:27:26.565467+00:00
[2025-05-26T02:27:36.790+0000] {standard_task_runner.py:72} INFO - Started process 92237 to run task
[2025-05-26T02:27:36.793+0000] {standard_task_runner.py:104} INFO - Running: ['airflow', 'tasks', 'run', 'x_videos_scraper_dag', 'get_links_task', 'manual__2025-05-26T02:27:26.565467+00:00', '--job-id', '6722', '--raw', '--subdir', 'DAGS_FOLDER/pipeline_x.py', '--cfg-path', '/tmp/tmpdcqba1kg']
[2025-05-26T02:27:36.794+0000] {standard_task_runner.py:105} INFO - Job 6722: Subtask get_links_task
[2025-05-26T02:27:36.826+0000] {task_command.py:467} INFO - Running <TaskInstance: x_videos_scraper_dag.get_links_task manual__2025-05-26T02:27:26.565467+00:00 [running]> on host 9e147d34972d
[2025-05-26T02:27:36.876+0000] {taskinstance.py:3122} INFO - Exporting env vars: AIRFLOW_CTX_DAG_OWNER='airflow' AIRFLOW_CTX_DAG_ID='x_videos_scraper_dag' AIRFLOW_CTX_TASK_ID='get_links_task' AIRFLOW_CTX_EXECUTION_DATE='2025-05-26T02:27:26.565467+00:00' AIRFLOW_CTX_TRY_NUMBER='1' AIRFLOW_CTX_DAG_RUN_ID='manual__2025-05-26T02:27:26.565467+00:00'
[2025-05-26T02:27:36.877+0000] {taskinstance.py:731} INFO - ::endgroup::
[2025-05-26T02:27:44.294+0000] {logging_mixin.py:190} INFO - Scrolling down... 0
[2025-05-26T02:27:49.458+0000] {logging_mixin.py:190} INFO - https://x.com/FCBarcelona/status/1926820837862072378/video/1
[2025-05-26T02:27:49.466+0000] {logging_mixin.py:190} INFO - https://x.com/FCBarcelona/status/1926790627921973308/video/1
[2025-05-26T02:27:49.480+0000] {logging_mixin.py:190} INFO - https://x.com/FCBarcelona/status/1926771748755665125/video/1
[2025-05-26T02:27:49.491+0000] {logging_mixin.py:190} INFO - https://x.com/FCBarcelona/status/1926760419693060231/video/1
[2025-05-26T02:27:49.495+0000] {logging_mixin.py:190} INFO - https://x.com/FCBarcelona/status/1926754198911168687/video/1
[2025-05-26T02:27:49.510+0000] {logging_mixin.py:190} INFO - https://x.com/FCBarcelona/status/1926749402397290895/video/1
[2025-05-26T02:27:49.525+0000] {logging_mixin.py:190} INFO - https://x.com/FCBarcelona/status/1926744066575790403/video/1
[2025-05-26T02:27:49.529+0000] {logging_mixin.py:190} INFO - https://x.com/FCBarcelona/status/1926741170081661368/video/1
[2025-05-26T02:27:49.550+0000] {logging_mixin.py:190} INFO - https://x.com/FCBarcelona/status/1926722992920293378/video/1
[2025-05-26T02:27:49.553+0000] {logging_mixin.py:190} INFO - https://x.com/FCBarcelona/status/1926720236071358500/video/1
[2025-05-26T02:27:49.561+0000] {logging_mixin.py:190} INFO - https://x.com/FCBarcelona/status/1926719643462324470/video/1
[2025-05-26T02:27:49.568+0000] {logging_mixin.py:190} INFO - https://x.com/FCBarcelona/status/1926715351850471603/video/1
[2025-05-26T02:27:49.571+0000] {logging_mixin.py:190} INFO - https://x.com/FCBarcelona/status/1926713331575841081/video/1
[2025-05-26T02:27:49.578+0000] {logging_mixin.py:190} INFO - https://x.com/FCBarcelona/status/1926707612373967256/video/1
[2025-05-26T02:27:49.585+0000] {logging_mixin.py:190} INFO - https://x.com/FCBarcelona/status/1926702399680335919/video/1
[2025-05-26T02:27:49.588+0000] {logging_mixin.py:190} INFO - https://x.com/FCBarcelona/status/1926697845316272606/video/1
[2025-05-26T02:27:49.596+0000] {logging_mixin.py:190} INFO - https://x.com/FCBarcelona/status/1926686353539928210/video/1
[2025-05-26T02:27:49.605+0000] {logging_mixin.py:190} INFO - https://x.com/FCBarcelona/status/1926680647222939990/video/1
[2025-05-26T02:27:49.608+0000] {logging_mixin.py:190} INFO - https://x.com/FCBarcelona/status/1926662045501432205/video/1
[2025-05-26T02:27:49.611+0000] {logging_mixin.py:190} INFO - https://x.com/FCBarcelona/status/1926639622198645208/video/1
[2025-05-26T02:27:49.614+0000] {logging_mixin.py:190} INFO - https://x.com/FCBarcelona/status/1926625869826585002/video/1
[2025-05-26T02:27:49.620+0000] {logging_mixin.py:190} INFO - https://x.com/FCBarcelona/status/1926607304880738776/video/1
[2025-05-26T02:27:49.626+0000] {logging_mixin.py:190} INFO - https://x.com/FCBarcelona/status/1926595870276894742/video/1
[2025-05-26T02:27:49.634+0000] {logging_mixin.py:190} INFO - https://x.com/FCBarcelona/status/1926572850707656957/video/1
[2025-05-26T02:27:49.644+0000] {logging_mixin.py:190} INFO - https://x.com/FCBarcelona/status/1926443365484155236/video/1
[2025-05-26T02:27:49.710+0000] {logging_mixin.py:190} INFO - Remaining new videos: 25
[2025-05-26T02:27:49.710+0000] {logging_mixin.py:190} INFO - New videos: 25
[2025-05-26T02:27:49.764+0000] {python.py:240} INFO - Done. Returned value was: {'id': 'FCBarcelona', 'new_links': ('https://x.com/FCBarcelona/status/1926719643462324470/video/1', 'https://x.com/FCBarcelona/status/1926697845316272606/video/1', 'https://x.com/FCBarcelona/status/1926754198911168687/video/1', 'https://x.com/FCBarcelona/status/1926720236071358500/video/1', 'https://x.com/FCBarcelona/status/1926702399680335919/video/1', 'https://x.com/FCBarcelona/status/1926722992920293378/video/1', 'https://x.com/FCBarcelona/status/1926749402397290895/video/1', 'https://x.com/FCBarcelona/status/1926715351850471603/video/1', 'https://x.com/FCBarcelona/status/1926707612373967256/video/1', 'https://x.com/FCBarcelona/status/1926744066575790403/video/1', 'https://x.com/FCBarcelona/status/1926639622198645208/video/1', 'https://x.com/FCBarcelona/status/1926760419693060231/video/1', 'https://x.com/FCBarcelona/status/1926595870276894742/video/1', 'https://x.com/FCBarcelona/status/1926771748755665125/video/1', 'https://x.com/FCBarcelona/status/1926713331575841081/video/1', 'https://x.com/FCBarcelona/status/1926607304880738776/video/1', 'https://x.com/FCBarcelona/status/1926662045501432205/video/1', 'https://x.com/FCBarcelona/status/1926572850707656957/video/1', 'https://x.com/FCBarcelona/status/1926625869826585002/video/1', 'https://x.com/FCBarcelona/status/1926790627921973308/video/1', 'https://x.com/FCBarcelona/status/1926443365484155236/video/1', 'https://x.com/FCBarcelona/status/1926820837862072378/video/1', 'https://x.com/FCBarcelona/status/1926686353539928210/video/1', 'https://x.com/FCBarcelona/status/1926741170081661368/video/1', 'https://x.com/FCBarcelona/status/1926680647222939990/video/1')}
[2025-05-26T02:27:49.781+0000] {taskinstance.py:340} INFO - ::group::Post task execution logs
[2025-05-26T02:27:49.782+0000] {taskinstance.py:352} INFO - Marking task as SUCCESS. dag_id=x_videos_scraper_dag, task_id=get_links_task, run_id=manual__2025-05-26T02:27:26.565467+00:00, execution_date=20250526T022726, start_date=20250526T022736, end_date=20250526T022749
[2025-05-26T02:27:49.824+0000] {local_task_job_runner.py:261} INFO - Task exited with return code 0
[2025-05-26T02:27:49.841+0000] {taskinstance.py:3891} INFO - 1 downstream tasks scheduled from follow-on schedule check
[2025-05-26T02:27:49.843+0000] {local_task_job_runner.py:240} INFO - ::endgroup::
