[2025-05-14T08:49:54.872+0000] {local_task_job_runner.py:123} INFO - ::group::Pre task execution logs
[2025-05-14T08:49:54.884+0000] {taskinstance.py:2603} INFO - Dependencies all met for dep_context=non-requeueable deps ti=<TaskInstance: x_videos_scraper_dag.x_videos_scraper manual__2025-05-14T08:49:53.741329+00:00 [queued]>
[2025-05-14T08:49:54.889+0000] {taskinstance.py:2603} INFO - Dependencies all met for dep_context=requeueable deps ti=<TaskInstance: x_videos_scraper_dag.x_videos_scraper manual__2025-05-14T08:49:53.741329+00:00 [queued]>
[2025-05-14T08:49:54.889+0000] {taskinstance.py:2856} INFO - Starting attempt 1 of 1
[2025-05-14T08:49:54.898+0000] {taskinstance.py:2879} INFO - Executing <Task(_PythonDecoratedOperator): x_videos_scraper> on 2025-05-14 08:49:53.741329+00:00
[2025-05-14T08:49:54.900+0000] {standard_task_runner.py:72} INFO - Started process 216 to run task
[2025-05-14T08:49:54.903+0000] {standard_task_runner.py:104} INFO - Running: ['airflow', 'tasks', 'run', 'x_videos_scraper_dag', 'x_videos_scraper', 'manual__2025-05-14T08:49:53.741329+00:00', '--job-id', '5448', '--raw', '--subdir', 'DAGS_FOLDER/pipeline_x.py', '--cfg-path', '/tmp/tmpitjd5v88']
[2025-05-14T08:49:54.905+0000] {standard_task_runner.py:105} INFO - Job 5448: Subtask x_videos_scraper
[2025-05-14T08:49:54.940+0000] {task_command.py:467} INFO - Running <TaskInstance: x_videos_scraper_dag.x_videos_scraper manual__2025-05-14T08:49:53.741329+00:00 [running]> on host 255dbbe6d096
[2025-05-14T08:49:55.006+0000] {taskinstance.py:3122} INFO - Exporting env vars: AIRFLOW_CTX_DAG_OWNER='airflow' AIRFLOW_CTX_DAG_ID='x_videos_scraper_dag' AIRFLOW_CTX_TASK_ID='x_videos_scraper' AIRFLOW_CTX_EXECUTION_DATE='2025-05-14T08:49:53.741329+00:00' AIRFLOW_CTX_TRY_NUMBER='1' AIRFLOW_CTX_DAG_RUN_ID='manual__2025-05-14T08:49:53.741329+00:00'
[2025-05-14T08:49:55.007+0000] {taskinstance.py:731} INFO - ::endgroup::
[2025-05-14T08:51:45.407+0000] {logging_mixin.py:190} INFO - Attempt 1 failed, retrying...
[2025-05-14T08:53:45.417+0000] {logging_mixin.py:190} INFO - Attempt 2 failed, retrying...
[2025-05-14T08:55:45.436+0000] {logging_mixin.py:190} INFO - Failed after 3 attempts: Page.goto: Timeout 120000ms exceeded.
Call log:
  - navigating to "https://x.com/elonmusk/media", waiting until "networkidle"
[2025-05-14T08:55:45.566+0000] {python.py:240} INFO - Done. Returned value was: []
[2025-05-14T08:55:45.591+0000] {taskinstance.py:340} INFO - ::group::Post task execution logs
[2025-05-14T08:55:45.592+0000] {taskinstance.py:352} INFO - Marking task as SUCCESS. dag_id=x_videos_scraper_dag, task_id=x_videos_scraper, run_id=manual__2025-05-14T08:49:53.741329+00:00, execution_date=20250514T084953, start_date=20250514T084954, end_date=20250514T085545
[2025-05-14T08:55:47.665+0000] {local_task_job_runner.py:261} INFO - Task exited with return code 0
[2025-05-14T08:55:47.677+0000] {taskinstance.py:3891} INFO - 0 downstream tasks scheduled from follow-on schedule check
[2025-05-14T08:55:47.679+0000] {local_task_job_runner.py:240} INFO - ::endgroup::
