[2025-05-06T10:17:31.190+0000] {local_task_job_runner.py:123} INFO - ::group::Pre task execution logs
[2025-05-06T10:17:31.200+0000] {taskinstance.py:2603} INFO - Dependencies all met for dep_context=non-requeueable deps ti=<TaskInstance: tiktok_videos_scraper_dag.virtualenv_python manual__2025-05-06T10:17:30.801173+00:00 [queued]>
[2025-05-06T10:17:31.205+0000] {taskinstance.py:2603} INFO - Dependencies all met for dep_context=requeueable deps ti=<TaskInstance: tiktok_videos_scraper_dag.virtualenv_python manual__2025-05-06T10:17:30.801173+00:00 [queued]>
[2025-05-06T10:17:31.205+0000] {taskinstance.py:2856} INFO - Starting attempt 1 of 1
[2025-05-06T10:17:31.222+0000] {taskinstance.py:2879} INFO - Executing <Task(_PythonVirtualenvDecoratedOperator): virtualenv_python> on 2025-05-06 10:17:30.801173+00:00
[2025-05-06T10:17:31.225+0000] {standard_task_runner.py:72} INFO - Started process 1089 to run task
[2025-05-06T10:17:31.228+0000] {standard_task_runner.py:104} INFO - Running: ['airflow', 'tasks', 'run', 'tiktok_videos_scraper_dag', 'virtualenv_python', 'manual__2025-05-06T10:17:30.801173+00:00', '--job-id', '4693', '--raw', '--subdir', 'DAGS_FOLDER/pipeline.py', '--cfg-path', '/tmp/tmpxc0zxoz3']
[2025-05-06T10:17:31.230+0000] {standard_task_runner.py:105} INFO - Job 4693: Subtask virtualenv_python
[2025-05-06T10:17:31.267+0000] {task_command.py:467} INFO - Running <TaskInstance: tiktok_videos_scraper_dag.virtualenv_python manual__2025-05-06T10:17:30.801173+00:00 [running]> on host 0c37d9ffaebd
[2025-05-06T10:17:31.329+0000] {taskinstance.py:3122} INFO - Exporting env vars: AIRFLOW_CTX_DAG_OWNER='airflow' AIRFLOW_CTX_DAG_ID='tiktok_videos_scraper_dag' AIRFLOW_CTX_TASK_ID='virtualenv_python' AIRFLOW_CTX_EXECUTION_DATE='2025-05-06T10:17:30.801173+00:00' AIRFLOW_CTX_TRY_NUMBER='1' AIRFLOW_CTX_DAG_RUN_ID='manual__2025-05-06T10:17:30.801173+00:00'
[2025-05-06T10:17:31.330+0000] {taskinstance.py:731} INFO - ::endgroup::
[2025-05-06T10:17:31.332+0000] {process_utils.py:186} INFO - Executing cmd: /home/airflow/.local/bin/python -m virtualenv /tmp/venvmnxpf3it --python=python
[2025-05-06T10:17:31.332+0000] {process_utils.py:190} INFO - Output:
[2025-05-06T10:17:32.115+0000] {process_utils.py:194} INFO - created virtual environment CPython3.10.14.final.0-64 in 510ms
[2025-05-06T10:17:32.115+0000] {process_utils.py:194} INFO -   creator CPython3Posix(dest=/tmp/venvmnxpf3it, clear=False, no_vcs_ignore=False, global=False)
[2025-05-06T10:17:32.115+0000] {process_utils.py:194} INFO -   seeder FromAppData(download=False, pip=bundle, setuptools=bundle, wheel=bundle, via=copy, app_data_dir=/tmp/tmp72plajuk)
[2025-05-06T10:17:32.116+0000] {process_utils.py:194} INFO -     added seed packages: pip==24.1, setuptools==70.1.0, wheel==0.43.0
[2025-05-06T10:17:32.116+0000] {process_utils.py:194} INFO -   activators BashActivator,CShellActivator,FishActivator,NushellActivator,PowerShellActivator,PythonActivator
[2025-05-06T10:17:32.139+0000] {process_utils.py:186} INFO - Executing cmd: /tmp/venvmnxpf3it/bin/pip install -r /tmp/venvmnxpf3it/requirements.txt
[2025-05-06T10:17:32.139+0000] {process_utils.py:190} INFO - Output:
[2025-05-06T10:17:32.931+0000] {process_utils.py:194} INFO - Collecting TikTokApi==7.1.0 (from -r /tmp/venvmnxpf3it/requirements.txt (line 1))
[2025-05-06T10:17:32.932+0000] {process_utils.py:194} INFO -   Using cached tiktokapi-7.1.0-py3-none-any.whl.metadata (9.7 kB)
[2025-05-06T10:17:33.026+0000] {process_utils.py:194} INFO - Collecting requests (from TikTokApi==7.1.0->-r /tmp/venvmnxpf3it/requirements.txt (line 1))
[2025-05-06T10:17:33.028+0000] {process_utils.py:194} INFO -   Using cached requests-2.32.3-py3-none-any.whl.metadata (4.6 kB)
[2025-05-06T10:17:33.150+0000] {process_utils.py:194} INFO - Collecting playwright (from TikTokApi==7.1.0->-r /tmp/venvmnxpf3it/requirements.txt (line 1))
[2025-05-06T10:17:33.151+0000] {process_utils.py:194} INFO -   Using cached playwright-1.52.0-py3-none-manylinux1_x86_64.whl.metadata (3.5 kB)
[2025-05-06T10:17:33.244+0000] {process_utils.py:194} INFO - Collecting httpx (from TikTokApi==7.1.0->-r /tmp/venvmnxpf3it/requirements.txt (line 1))
[2025-05-06T10:17:33.245+0000] {process_utils.py:194} INFO -   Using cached httpx-0.28.1-py3-none-any.whl.metadata (7.1 kB)
[2025-05-06T10:17:33.344+0000] {process_utils.py:194} INFO - Collecting anyio (from httpx->TikTokApi==7.1.0->-r /tmp/venvmnxpf3it/requirements.txt (line 1))
[2025-05-06T10:17:33.345+0000] {process_utils.py:194} INFO -   Using cached anyio-4.9.0-py3-none-any.whl.metadata (4.7 kB)
[2025-05-06T10:17:33.442+0000] {process_utils.py:194} INFO - Collecting certifi (from httpx->TikTokApi==7.1.0->-r /tmp/venvmnxpf3it/requirements.txt (line 1))
[2025-05-06T10:17:33.443+0000] {process_utils.py:194} INFO -   Using cached certifi-2025.4.26-py3-none-any.whl.metadata (2.5 kB)
[2025-05-06T10:17:33.535+0000] {process_utils.py:194} INFO - Collecting httpcore==1.* (from httpx->TikTokApi==7.1.0->-r /tmp/venvmnxpf3it/requirements.txt (line 1))
[2025-05-06T10:17:33.536+0000] {process_utils.py:194} INFO -   Using cached httpcore-1.0.9-py3-none-any.whl.metadata (21 kB)
[2025-05-06T10:17:33.629+0000] {process_utils.py:194} INFO - Collecting idna (from httpx->TikTokApi==7.1.0->-r /tmp/venvmnxpf3it/requirements.txt (line 1))
[2025-05-06T10:17:33.630+0000] {process_utils.py:194} INFO -   Using cached idna-3.10-py3-none-any.whl.metadata (10 kB)
[2025-05-06T10:17:33.706+0000] {process_utils.py:194} INFO - Collecting h11>=0.16 (from httpcore==1.*->httpx->TikTokApi==7.1.0->-r /tmp/venvmnxpf3it/requirements.txt (line 1))
[2025-05-06T10:17:33.707+0000] {process_utils.py:194} INFO -   Using cached h11-0.16.0-py3-none-any.whl.metadata (8.3 kB)
[2025-05-06T10:17:33.806+0000] {process_utils.py:194} INFO - Collecting pyee<14,>=13 (from playwright->TikTokApi==7.1.0->-r /tmp/venvmnxpf3it/requirements.txt (line 1))
[2025-05-06T10:17:33.807+0000] {process_utils.py:194} INFO -   Using cached pyee-13.0.0-py3-none-any.whl.metadata (2.9 kB)
[2025-05-06T10:17:33.968+0000] {process_utils.py:194} INFO - Collecting greenlet<4.0.0,>=3.1.1 (from playwright->TikTokApi==7.1.0->-r /tmp/venvmnxpf3it/requirements.txt (line 1))
[2025-05-06T10:17:33.969+0000] {process_utils.py:194} INFO -   Using cached greenlet-3.2.1-cp310-cp310-manylinux_2_24_x86_64.manylinux_2_28_x86_64.whl.metadata (4.1 kB)
[2025-05-06T10:17:34.103+0000] {process_utils.py:194} INFO - Collecting charset-normalizer<4,>=2 (from requests->TikTokApi==7.1.0->-r /tmp/venvmnxpf3it/requirements.txt (line 1))
[2025-05-06T10:17:34.104+0000] {process_utils.py:194} INFO -   Using cached charset_normalizer-3.4.2-cp310-cp310-manylinux_2_17_x86_64.manylinux2014_x86_64.whl.metadata (35 kB)
[2025-05-06T10:17:34.216+0000] {process_utils.py:194} INFO - Collecting urllib3<3,>=1.21.1 (from requests->TikTokApi==7.1.0->-r /tmp/venvmnxpf3it/requirements.txt (line 1))
[2025-05-06T10:17:34.217+0000] {process_utils.py:194} INFO -   Using cached urllib3-2.4.0-py3-none-any.whl.metadata (6.5 kB)
[2025-05-06T10:17:34.315+0000] {process_utils.py:194} INFO - Collecting typing-extensions (from pyee<14,>=13->playwright->TikTokApi==7.1.0->-r /tmp/venvmnxpf3it/requirements.txt (line 1))
[2025-05-06T10:17:34.316+0000] {process_utils.py:194} INFO -   Using cached typing_extensions-4.13.2-py3-none-any.whl.metadata (3.0 kB)
[2025-05-06T10:17:34.395+0000] {process_utils.py:194} INFO - Collecting exceptiongroup>=1.0.2 (from anyio->httpx->TikTokApi==7.1.0->-r /tmp/venvmnxpf3it/requirements.txt (line 1))
[2025-05-06T10:17:34.396+0000] {process_utils.py:194} INFO -   Using cached exceptiongroup-1.2.2-py3-none-any.whl.metadata (6.6 kB)
[2025-05-06T10:17:34.487+0000] {process_utils.py:194} INFO - Collecting sniffio>=1.1 (from anyio->httpx->TikTokApi==7.1.0->-r /tmp/venvmnxpf3it/requirements.txt (line 1))
[2025-05-06T10:17:34.488+0000] {process_utils.py:194} INFO -   Using cached sniffio-1.3.1-py3-none-any.whl.metadata (3.9 kB)
[2025-05-06T10:17:34.494+0000] {process_utils.py:194} INFO - Using cached tiktokapi-7.1.0-py3-none-any.whl (55 kB)
[2025-05-06T10:17:34.494+0000] {process_utils.py:194} INFO - Using cached httpx-0.28.1-py3-none-any.whl (73 kB)
[2025-05-06T10:17:34.495+0000] {process_utils.py:194} INFO - Using cached httpcore-1.0.9-py3-none-any.whl (78 kB)
[2025-05-06T10:17:34.496+0000] {process_utils.py:194} INFO - Using cached playwright-1.52.0-py3-none-manylinux1_x86_64.whl (45.1 MB)
[2025-05-06T10:17:34.565+0000] {process_utils.py:194} INFO - Using cached requests-2.32.3-py3-none-any.whl (64 kB)
[2025-05-06T10:17:34.566+0000] {process_utils.py:194} INFO - Using cached certifi-2025.4.26-py3-none-any.whl (159 kB)
[2025-05-06T10:17:34.567+0000] {process_utils.py:194} INFO - Using cached charset_normalizer-3.4.2-cp310-cp310-manylinux_2_17_x86_64.manylinux2014_x86_64.whl (149 kB)
[2025-05-06T10:17:34.568+0000] {process_utils.py:194} INFO - Using cached greenlet-3.2.1-cp310-cp310-manylinux_2_24_x86_64.manylinux_2_28_x86_64.whl (580 kB)
[2025-05-06T10:17:34.570+0000] {process_utils.py:194} INFO - Using cached idna-3.10-py3-none-any.whl (70 kB)
[2025-05-06T10:17:34.571+0000] {process_utils.py:194} INFO - Using cached pyee-13.0.0-py3-none-any.whl (15 kB)
[2025-05-06T10:17:34.572+0000] {process_utils.py:194} INFO - Using cached urllib3-2.4.0-py3-none-any.whl (128 kB)
[2025-05-06T10:17:34.573+0000] {process_utils.py:194} INFO - Using cached anyio-4.9.0-py3-none-any.whl (100 kB)
[2025-05-06T10:17:34.574+0000] {process_utils.py:194} INFO - Using cached exceptiongroup-1.2.2-py3-none-any.whl (16 kB)
[2025-05-06T10:17:34.575+0000] {process_utils.py:194} INFO - Using cached h11-0.16.0-py3-none-any.whl (37 kB)
[2025-05-06T10:17:34.575+0000] {process_utils.py:194} INFO - Using cached sniffio-1.3.1-py3-none-any.whl (10 kB)
[2025-05-06T10:17:34.576+0000] {process_utils.py:194} INFO - Using cached typing_extensions-4.13.2-py3-none-any.whl (45 kB)
[2025-05-06T10:17:34.639+0000] {process_utils.py:194} INFO - Installing collected packages: urllib3, typing-extensions, sniffio, idna, h11, greenlet, exceptiongroup, charset-normalizer, certifi, requests, pyee, httpcore, anyio, playwright, httpx, TikTokApi
[2025-05-06T10:17:35.784+0000] {process_utils.py:194} INFO - Successfully installed TikTokApi-7.1.0 anyio-4.9.0 certifi-2025.4.26 charset-normalizer-3.4.2 exceptiongroup-1.2.2 greenlet-3.2.1 h11-0.16.0 httpcore-1.0.9 httpx-0.28.1 idna-3.10 playwright-1.52.0 pyee-13.0.0 requests-2.32.3 sniffio-1.3.1 typing-extensions-4.13.2 urllib3-2.4.0
[2025-05-06T10:17:36.031+0000] {process_utils.py:194} INFO - 
[2025-05-06T10:17:36.031+0000] {process_utils.py:194} INFO - [notice] A new release of pip is available: 24.1 -> 25.1.1
[2025-05-06T10:17:36.031+0000] {process_utils.py:194} INFO - [notice] To update, run: python -m pip install --upgrade pip
[2025-05-06T10:17:36.119+0000] {python.py:513} INFO - Use 'pickle' as serializer.
[2025-05-06T10:17:36.124+0000] {process_utils.py:186} INFO - Executing cmd: /tmp/venvmnxpf3it/bin/python /tmp/venv-call1hoj6alk/script.py /tmp/venv-call1hoj6alk/script.in /tmp/venv-call1hoj6alk/script.out /tmp/venv-call1hoj6alk/string_args.txt /tmp/venv-call1hoj6alk/termination.log
[2025-05-06T10:17:36.125+0000] {process_utils.py:190} INFO - Output:
[2025-05-06T10:17:44.239+0000] {process_utils.py:194} INFO - https://www.tiktok.com/@therock/video/7498828992825396526
[2025-05-06T10:17:44.239+0000] {process_utils.py:194} INFO - https://www.tiktok.com/@therock/video/7498176682105294123
[2025-05-06T10:17:44.240+0000] {process_utils.py:194} INFO - https://www.tiktok.com/@therock/video/7495761605502848298
[2025-05-06T10:17:44.240+0000] {process_utils.py:194} INFO - https://www.tiktok.com/@therock/video/7494644438497529130
[2025-05-06T10:17:44.240+0000] {process_utils.py:194} INFO - https://www.tiktok.com/@therock/video/7494316440749755694
[2025-05-06T10:17:44.240+0000] {process_utils.py:194} INFO - https://www.tiktok.com/@therock/video/7493217492802882858
[2025-05-06T10:17:44.240+0000] {process_utils.py:194} INFO - https://www.tiktok.com/@therock/video/7492481998187990318
[2025-05-06T10:17:44.240+0000] {process_utils.py:194} INFO - https://www.tiktok.com/@therock/video/7490673656641637675
[2025-05-06T10:17:44.240+0000] {process_utils.py:194} INFO - https://www.tiktok.com/@therock/video/7487701629119171886
[2025-05-06T10:17:44.240+0000] {process_utils.py:194} INFO - https://www.tiktok.com/@therock/video/7486515871624596782
[2025-05-06T10:17:44.240+0000] {process_utils.py:194} INFO - https://www.tiktok.com/@therock/video/7482814601717910826
[2025-05-06T10:17:44.240+0000] {process_utils.py:194} INFO - https://www.tiktok.com/@therock/video/7480993221586292014
[2025-05-06T10:17:44.240+0000] {process_utils.py:194} INFO - https://www.tiktok.com/@therock/video/7478382826568568110
[2025-05-06T10:17:44.240+0000] {process_utils.py:194} INFO - https://www.tiktok.com/@therock/video/7475105018052480302
[2025-05-06T10:17:44.240+0000] {process_utils.py:194} INFO - https://www.tiktok.com/@therock/video/7474681315955150126
[2025-05-06T10:17:44.240+0000] {process_utils.py:194} INFO - https://www.tiktok.com/@therock/video/7473147398718573866
[2025-05-06T10:17:44.241+0000] {process_utils.py:194} INFO - https://www.tiktok.com/@therock/video/7473137749025967406
[2025-05-06T10:17:44.241+0000] {process_utils.py:194} INFO - https://www.tiktok.com/@therock/video/7472396683477830955
[2025-05-06T10:17:44.241+0000] {process_utils.py:194} INFO - https://www.tiktok.com/@therock/video/7461443489067240747
[2025-05-06T10:17:44.241+0000] {process_utils.py:194} INFO - https://www.tiktok.com/@therock/video/7460513088354258219
[2025-05-06T10:17:44.241+0000] {process_utils.py:194} INFO - https://www.tiktok.com/@therock/video/7460511600202648878
[2025-05-06T10:17:44.241+0000] {process_utils.py:194} INFO - https://www.tiktok.com/@therock/video/7457228860275395882
[2025-05-06T10:17:44.241+0000] {process_utils.py:194} INFO - https://www.tiktok.com/@therock/video/7456475589663362350
[2025-05-06T10:17:44.241+0000] {process_utils.py:194} INFO - https://www.tiktok.com/@therock/video/7455784020379716910
[2025-05-06T10:17:44.241+0000] {process_utils.py:194} INFO - https://www.tiktok.com/@therock/video/7455388311826287914
[2025-05-06T10:17:44.241+0000] {process_utils.py:194} INFO - https://www.tiktok.com/@therock/video/7454241121665944874
[2025-05-06T10:17:44.241+0000] {process_utils.py:194} INFO - https://www.tiktok.com/@therock/video/7452740726187642155
[2025-05-06T10:17:44.241+0000] {process_utils.py:194} INFO - https://www.tiktok.com/@therock/video/7452738096988294446
[2025-05-06T10:17:44.241+0000] {process_utils.py:194} INFO - https://www.tiktok.com/@therock/video/7451804943654276398
[2025-05-06T10:17:44.242+0000] {process_utils.py:194} INFO - https://www.tiktok.com/@therock/video/7451345731819965742
[2025-05-06T10:17:44.242+0000] {process_utils.py:194} INFO - https://www.tiktok.com/@therock/video/7451022184526482730
[2025-05-06T10:17:44.242+0000] {process_utils.py:194} INFO - https://www.tiktok.com/@therock/video/7450249740471749934
[2025-05-06T10:17:44.242+0000] {process_utils.py:194} INFO - https://www.tiktok.com/@therock/video/7448020055507422507
[2025-05-06T10:17:44.242+0000] {process_utils.py:194} INFO - https://www.tiktok.com/@therock/video/7447975660741610795
[2025-05-06T10:17:44.242+0000] {process_utils.py:194} INFO - https://www.tiktok.com/@therock/video/7447285805044993326
[2025-05-06T10:17:44.242+0000] {process_utils.py:194} INFO - Traceback (most recent call last):
[2025-05-06T10:17:44.242+0000] {process_utils.py:194} INFO -   File "/tmp/venv-call1hoj6alk/script.py", line 66, in <module>
[2025-05-06T10:17:44.242+0000] {process_utils.py:194} INFO -     res = tiktok_videos_scraper(*arg_dict["args"], **arg_dict["kwargs"])
[2025-05-06T10:17:44.242+0000] {process_utils.py:194} INFO -   File "/tmp/venv-call1hoj6alk/script.py", line 48, in tiktok_videos_scraper
[2025-05-06T10:17:44.242+0000] {process_utils.py:194} INFO -     asyncio.run(user_example())
[2025-05-06T10:17:44.242+0000] {process_utils.py:194} INFO -   File "/usr/local/lib/python3.10/asyncio/runners.py", line 44, in run
[2025-05-06T10:17:44.242+0000] {process_utils.py:194} INFO -     return loop.run_until_complete(main)
[2025-05-06T10:17:44.243+0000] {process_utils.py:194} INFO -   File "/usr/local/lib/python3.10/asyncio/base_events.py", line 649, in run_until_complete
[2025-05-06T10:17:44.243+0000] {process_utils.py:194} INFO -     return future.result()
[2025-05-06T10:17:44.243+0000] {process_utils.py:194} INFO -   File "/tmp/venv-call1hoj6alk/script.py", line 47, in user_example
[2025-05-06T10:17:44.243+0000] {process_utils.py:194} INFO -     batch_download_from_file(TIKTOK_FILE_PATH, DOWNLOAD_DIRECTORY=DOWNLOAD_DIRECTORY, tiktok=True)
[2025-05-06T10:17:44.243+0000] {process_utils.py:194} INFO - NameError: name 'batch_download_from_file' is not defined
[2025-05-06T10:17:44.342+0000] {taskinstance.py:3301} ERROR - Task failed with exception
Traceback (most recent call last):
  File "/home/airflow/.local/lib/python3.10/site-packages/airflow/models/taskinstance.py", line 767, in _execute_task
    result = _execute_callable(context=context, **execute_callable_kwargs)
  File "/home/airflow/.local/lib/python3.10/site-packages/airflow/models/taskinstance.py", line 733, in _execute_callable
    return ExecutionCallableRunner(
  File "/home/airflow/.local/lib/python3.10/site-packages/airflow/utils/operator_helpers.py", line 252, in run
    return self.func(*args, **kwargs)
  File "/home/airflow/.local/lib/python3.10/site-packages/airflow/models/baseoperator.py", line 406, in wrapper
    return func(self, *args, **kwargs)
  File "/home/airflow/.local/lib/python3.10/site-packages/airflow/decorators/base.py", line 266, in execute
    return_value = super().execute(context)
  File "/home/airflow/.local/lib/python3.10/site-packages/airflow/models/baseoperator.py", line 406, in wrapper
    return func(self, *args, **kwargs)
  File "/home/airflow/.local/lib/python3.10/site-packages/airflow/operators/python.py", line 505, in execute
    return super().execute(context=serializable_context)
  File "/home/airflow/.local/lib/python3.10/site-packages/airflow/models/baseoperator.py", line 406, in wrapper
    return func(self, *args, **kwargs)
  File "/home/airflow/.local/lib/python3.10/site-packages/airflow/operators/python.py", line 238, in execute
    return_value = self.execute_callable()
  File "/home/airflow/.local/lib/python3.10/site-packages/airflow/operators/python.py", line 870, in execute_callable
    result = self._execute_python_callable_in_subprocess(python_path)
  File "/home/airflow/.local/lib/python3.10/site-packages/airflow/operators/python.py", line 588, in _execute_python_callable_in_subprocess
    raise AirflowException(error_msg) from None
airflow.exceptions.AirflowException: Process returned non-zero exit status 1.
name 'batch_download_from_file' is not defined
[2025-05-06T10:17:44.346+0000] {taskinstance.py:1225} INFO - Marking task as FAILED. dag_id=tiktok_videos_scraper_dag, task_id=virtualenv_python, run_id=manual__2025-05-06T10:17:30.801173+00:00, execution_date=20250506T101730, start_date=20250506T101731, end_date=20250506T101744
[2025-05-06T10:17:44.356+0000] {taskinstance.py:340} INFO - ::group::Post task execution logs
[2025-05-06T10:17:44.357+0000] {standard_task_runner.py:124} ERROR - Failed to execute job 4693 for task virtualenv_python (Process returned non-zero exit status 1.
name 'batch_download_from_file' is not defined; 1089)
Traceback (most recent call last):
  File "/home/airflow/.local/lib/python3.10/site-packages/airflow/task/task_runner/standard_task_runner.py", line 117, in _start_by_fork
    ret = args.func(args, dag=self.dag)
  File "/home/airflow/.local/lib/python3.10/site-packages/airflow/cli/cli_config.py", line 49, in command
    return func(*args, **kwargs)
  File "/home/airflow/.local/lib/python3.10/site-packages/airflow/utils/cli.py", line 115, in wrapper
    return f(*args, **kwargs)
  File "/home/airflow/.local/lib/python3.10/site-packages/airflow/cli/commands/task_command.py", line 483, in task_run
    task_return_code = _run_task_by_selected_method(args, _dag, ti)
  File "/home/airflow/.local/lib/python3.10/site-packages/airflow/cli/commands/task_command.py", line 256, in _run_task_by_selected_method
    return _run_raw_task(args, ti)
  File "/home/airflow/.local/lib/python3.10/site-packages/airflow/cli/commands/task_command.py", line 341, in _run_raw_task
    return ti._run_raw_task(
  File "/home/airflow/.local/lib/python3.10/site-packages/airflow/utils/session.py", line 97, in wrapper
    return func(*args, session=session, **kwargs)
  File "/home/airflow/.local/lib/python3.10/site-packages/airflow/models/taskinstance.py", line 2995, in _run_raw_task
    return _run_raw_task(
  File "/home/airflow/.local/lib/python3.10/site-packages/airflow/models/taskinstance.py", line 273, in _run_raw_task
    TaskInstance._execute_task_with_callbacks(
  File "/home/airflow/.local/lib/python3.10/site-packages/airflow/models/taskinstance.py", line 3149, in _execute_task_with_callbacks
    result = self._execute_task(context, task_orig)
  File "/home/airflow/.local/lib/python3.10/site-packages/airflow/models/taskinstance.py", line 3173, in _execute_task
    return _execute_task(self, context, task_orig)
  File "/home/airflow/.local/lib/python3.10/site-packages/airflow/models/taskinstance.py", line 767, in _execute_task
    result = _execute_callable(context=context, **execute_callable_kwargs)
  File "/home/airflow/.local/lib/python3.10/site-packages/airflow/models/taskinstance.py", line 733, in _execute_callable
    return ExecutionCallableRunner(
  File "/home/airflow/.local/lib/python3.10/site-packages/airflow/utils/operator_helpers.py", line 252, in run
    return self.func(*args, **kwargs)
  File "/home/airflow/.local/lib/python3.10/site-packages/airflow/models/baseoperator.py", line 406, in wrapper
    return func(self, *args, **kwargs)
  File "/home/airflow/.local/lib/python3.10/site-packages/airflow/decorators/base.py", line 266, in execute
    return_value = super().execute(context)
  File "/home/airflow/.local/lib/python3.10/site-packages/airflow/models/baseoperator.py", line 406, in wrapper
    return func(self, *args, **kwargs)
  File "/home/airflow/.local/lib/python3.10/site-packages/airflow/operators/python.py", line 505, in execute
    return super().execute(context=serializable_context)
  File "/home/airflow/.local/lib/python3.10/site-packages/airflow/models/baseoperator.py", line 406, in wrapper
    return func(self, *args, **kwargs)
  File "/home/airflow/.local/lib/python3.10/site-packages/airflow/operators/python.py", line 238, in execute
    return_value = self.execute_callable()
  File "/home/airflow/.local/lib/python3.10/site-packages/airflow/operators/python.py", line 870, in execute_callable
    result = self._execute_python_callable_in_subprocess(python_path)
  File "/home/airflow/.local/lib/python3.10/site-packages/airflow/operators/python.py", line 588, in _execute_python_callable_in_subprocess
    raise AirflowException(error_msg) from None
airflow.exceptions.AirflowException: Process returned non-zero exit status 1.
name 'batch_download_from_file' is not defined
[2025-05-06T10:17:44.373+0000] {local_task_job_runner.py:261} INFO - Task exited with return code 1
[2025-05-06T10:17:44.385+0000] {taskinstance.py:3891} INFO - 0 downstream tasks scheduled from follow-on schedule check
[2025-05-06T10:17:44.386+0000] {local_task_job_runner.py:240} INFO - ::endgroup::
