[2025-04-29T02:54:12.860+0000] {local_task_job_runner.py:123} INFO - ::group::Pre task execution logs
[2025-04-29T02:54:12.878+0000] {taskinstance.py:2603} INFO - Dependencies all met for dep_context=non-requeueable deps ti=<TaskInstance: demo.hello scheduled__2024-01-14T00:00:00+00:00 [queued]>
[2025-04-29T02:54:12.889+0000] {taskinstance.py:2603} INFO - Dependencies all met for dep_context=requeueable deps ti=<TaskInstance: demo.hello scheduled__2024-01-14T00:00:00+00:00 [queued]>
[2025-04-29T02:54:12.890+0000] {taskinstance.py:2856} INFO - Starting attempt 1 of 1
[2025-04-29T02:54:12.904+0000] {taskinstance.py:2879} INFO - Executing <Task(BashOperator): hello> on 2024-01-14 00:00:00+00:00
[2025-04-29T02:54:12.909+0000] {standard_task_runner.py:72} INFO - Started process 5441 to run task
[2025-04-29T02:54:12.913+0000] {standard_task_runner.py:104} INFO - Running: ['airflow', 'tasks', 'run', 'demo', 'hello', 'scheduled__2024-01-14T00:00:00+00:00', '--job-id', '1502', '--raw', '--subdir', 'DAGS_FOLDER/simple-dag.py', '--cfg-path', '/tmp/tmpmednljxt']
[2025-04-29T02:54:12.914+0000] {standard_task_runner.py:105} INFO - Job 1502: Subtask hello
[2025-04-29T02:54:12.967+0000] {task_command.py:467} INFO - Running <TaskInstance: demo.hello scheduled__2024-01-14T00:00:00+00:00 [running]> on host 2c7afa36055b
[2025-04-29T02:54:13.038+0000] {taskinstance.py:3122} INFO - Exporting env vars: AIRFLOW_CTX_DAG_OWNER='airflow' AIRFLOW_CTX_DAG_ID='demo' AIRFLOW_CTX_TASK_ID='hello' AIRFLOW_CTX_EXECUTION_DATE='2024-01-14T00:00:00+00:00' AIRFLOW_CTX_TRY_NUMBER='1' AIRFLOW_CTX_DAG_RUN_ID='scheduled__2024-01-14T00:00:00+00:00'
[2025-04-29T02:54:13.039+0000] {taskinstance.py:731} INFO - ::endgroup::
[2025-04-29T02:54:13.041+0000] {subprocess.py:63} INFO - Tmp dir root location: /tmp
[2025-04-29T02:54:13.042+0000] {subprocess.py:75} INFO - Running command: ['/usr/bin/bash', '-c', 'echo hello']
[2025-04-29T02:54:13.049+0000] {subprocess.py:86} INFO - Output:
[2025-04-29T02:54:13.050+0000] {subprocess.py:93} INFO - hello
[2025-04-29T02:54:13.050+0000] {subprocess.py:97} INFO - Command exited with return code 0
[2025-04-29T02:54:13.069+0000] {taskinstance.py:340} INFO - ::group::Post task execution logs
[2025-04-29T02:54:13.070+0000] {taskinstance.py:352} INFO - Marking task as SUCCESS. dag_id=demo, task_id=hello, run_id=scheduled__2024-01-14T00:00:00+00:00, execution_date=20240114T000000, start_date=20250429T025412, end_date=20250429T025413
[2025-04-29T02:54:13.098+0000] {local_task_job_runner.py:261} INFO - Task exited with return code 0
[2025-04-29T02:54:13.114+0000] {taskinstance.py:3891} INFO - 1 downstream tasks scheduled from follow-on schedule check
[2025-04-29T02:54:13.115+0000] {local_task_job_runner.py:240} INFO - ::endgroup::
