[2025-05-15T03:48:57.592+0000] {local_task_job_runner.py:123} INFO - ::group::Pre task execution logs
[2025-05-15T03:48:57.621+0000] {taskinstance.py:2603} INFO - Dependencies all met for dep_context=non-requeueable deps ti=<TaskInstance: tiktok_videos_scraper_dag.tiktok_videos_scraper_task manual__2025-05-15T03:45:07.174614 [queued]>
[2025-05-15T03:48:57.636+0000] {taskinstance.py:2603} INFO - Dependencies all met for dep_context=requeueable deps ti=<TaskInstance: tiktok_videos_scraper_dag.tiktok_videos_scraper_task manual__2025-05-15T03:45:07.174614 [queued]>
[2025-05-15T03:48:57.636+0000] {taskinstance.py:2856} INFO - Starting attempt 1 of 1
[2025-05-15T03:48:57.654+0000] {taskinstance.py:2879} INFO - Executing <Task(PythonOperator): tiktok_videos_scraper_task> on 2025-05-15 03:45:07.174620+00:00
[2025-05-15T03:48:57.661+0000] {standard_task_runner.py:72} INFO - Started process 26742 to run task
[2025-05-15T03:48:57.667+0000] {standard_task_runner.py:104} INFO - Running: ['airflow', 'tasks', 'run', 'tiktok_videos_scraper_dag', 'tiktok_videos_scraper_task', 'manual__2025-05-15T03:45:07.174614', '--job-id', '5814', '--raw', '--subdir', 'DAGS_FOLDER/pipeline_tiktok.py', '--cfg-path', '/tmp/tmp1xmy903i']
[2025-05-15T03:48:57.671+0000] {standard_task_runner.py:105} INFO - Job 5814: Subtask tiktok_videos_scraper_task
[2025-05-15T03:48:57.750+0000] {task_command.py:467} INFO - Running <TaskInstance: tiktok_videos_scraper_dag.tiktok_videos_scraper_task manual__2025-05-15T03:45:07.174614 [running]> on host 255dbbe6d096
[2025-05-15T03:48:57.855+0000] {taskinstance.py:3122} INFO - Exporting env vars: AIRFLOW_CTX_DAG_OWNER='airflow' AIRFLOW_CTX_DAG_ID='tiktok_videos_scraper_dag' AIRFLOW_CTX_TASK_ID='tiktok_videos_scraper_task' AIRFLOW_CTX_EXECUTION_DATE='2025-05-15T03:45:07.174620+00:00' AIRFLOW_CTX_TRY_NUMBER='1' AIRFLOW_CTX_DAG_RUN_ID='manual__2025-05-15T03:45:07.174614'
[2025-05-15T03:48:57.856+0000] {taskinstance.py:731} INFO - ::endgroup::
[2025-05-15T03:50:18.477+0000] {logging_mixin.py:190} WARNING - 2025-05-15 03:50:18,477 - TikTokApi.tiktok - ERROR - Failed to create session: Page.goto: Timeout 30000ms exceeded.
Call log:
  - navigating to "https://www.tiktok.com/", waiting until "load"
[2025-05-15T03:50:18.477+0000] {tiktok.py:222} ERROR - Failed to create session: Page.goto: Timeout 30000ms exceeded.
Call log:
  - navigating to "https://www.tiktok.com/", waiting until "load"

[2025-05-15T03:50:18.659+0000] {job.py:229} INFO - Heartbeat recovered after 75.57 seconds
[2025-05-15T03:50:19.471+0000] {logging_mixin.py:190} INFO - Error in TikTok API: Page.goto: Timeout 30000ms exceeded.
Call log:
  - navigating to "https://www.tiktok.com/", waiting until "load"
[2025-05-15T03:50:19.812+0000] {python.py:240} INFO - Done. Returned value was: []
[2025-05-15T03:50:19.869+0000] {taskinstance.py:340} INFO - ::group::Post task execution logs
[2025-05-15T03:50:19.870+0000] {taskinstance.py:352} INFO - Marking task as SUCCESS. dag_id=tiktok_videos_scraper_dag, task_id=tiktok_videos_scraper_task, run_id=manual__2025-05-15T03:45:07.174614, execution_date=20250515T034507, start_date=20250515T034857, end_date=20250515T035019
[2025-05-15T03:50:19.922+0000] {local_task_job_runner.py:261} INFO - Task exited with return code 0
[2025-05-15T03:50:19.988+0000] {taskinstance.py:3891} INFO - 1 downstream tasks scheduled from follow-on schedule check
[2025-05-15T03:50:19.991+0000] {local_task_job_runner.py:240} INFO - ::endgroup::
