[2025-05-21T03:52:17.129+0000] {local_task_job_runner.py:123} INFO - ::group::Pre task execution logs
[2025-05-21T03:52:17.141+0000] {taskinstance.py:2603} INFO - Dependencies all met for dep_context=non-requeueable deps ti=<TaskInstance: tiktok_videos_scraper_dag.get_links_task manual__2025-05-21T03:52:16.088101+00:00 [queued]>
[2025-05-21T03:52:17.146+0000] {taskinstance.py:2603} INFO - Dependencies all met for dep_context=requeueable deps ti=<TaskInstance: tiktok_videos_scraper_dag.get_links_task manual__2025-05-21T03:52:16.088101+00:00 [queued]>
[2025-05-21T03:52:17.146+0000] {taskinstance.py:2856} INFO - Starting attempt 1 of 1
[2025-05-21T03:52:17.154+0000] {taskinstance.py:2879} INFO - Executing <Task(PythonOperator): get_links_task> on 2025-05-21 03:52:16.088101+00:00
[2025-05-21T03:52:17.157+0000] {standard_task_runner.py:72} INFO - Started process 13033 to run task
[2025-05-21T03:52:17.160+0000] {standard_task_runner.py:104} INFO - Running: ['airflow', 'tasks', 'run', 'tiktok_videos_scraper_dag', 'get_links_task', 'manual__2025-05-21T03:52:16.088101+00:00', '--job-id', '6376', '--raw', '--subdir', 'DAGS_FOLDER/pipeline_tiktok.py', '--cfg-path', '/tmp/tmplasq7cwy']
[2025-05-21T03:52:17.162+0000] {standard_task_runner.py:105} INFO - Job 6376: Subtask get_links_task
[2025-05-21T03:52:17.203+0000] {task_command.py:467} INFO - Running <TaskInstance: tiktok_videos_scraper_dag.get_links_task manual__2025-05-21T03:52:16.088101+00:00 [running]> on host 05534d39966d
[2025-05-21T03:52:17.261+0000] {taskinstance.py:3122} INFO - Exporting env vars: AIRFLOW_CTX_DAG_OWNER='airflow' AIRFLOW_CTX_DAG_ID='tiktok_videos_scraper_dag' AIRFLOW_CTX_TASK_ID='get_links_task' AIRFLOW_CTX_EXECUTION_DATE='2025-05-21T03:52:16.088101+00:00' AIRFLOW_CTX_TRY_NUMBER='1' AIRFLOW_CTX_DAG_RUN_ID='manual__2025-05-21T03:52:16.088101+00:00'
[2025-05-21T03:52:17.262+0000] {taskinstance.py:731} INFO - ::endgroup::
[2025-05-21T03:52:26.044+0000] {logging_mixin.py:190} INFO - https://www.tiktok.com/@schannelvn/video/7498705001024474386
[2025-05-21T03:52:26.044+0000] {logging_mixin.py:190} INFO - https://www.tiktok.com/@schannelvn/video/7498705317186850066
[2025-05-21T03:52:26.045+0000] {logging_mixin.py:190} INFO - https://www.tiktok.com/@schannelvn/video/7498996018965613831
[2025-05-21T03:52:26.045+0000] {logging_mixin.py:190} INFO - https://www.tiktok.com/@schannelvn/video/7506433959543360776
[2025-05-21T03:52:26.045+0000] {logging_mixin.py:190} INFO - https://www.tiktok.com/@schannelvn/video/7506135842830699784
[2025-05-21T03:52:26.045+0000] {logging_mixin.py:190} INFO - https://www.tiktok.com/@schannelvn/video/7505854662143216903
[2025-05-21T03:52:26.045+0000] {logging_mixin.py:190} INFO - https://www.tiktok.com/@schannelvn/video/7505774710660123912
[2025-05-21T03:52:26.045+0000] {logging_mixin.py:190} INFO - https://www.tiktok.com/@schannelvn/video/7505113877638663431
[2025-05-21T03:52:26.045+0000] {logging_mixin.py:190} INFO - https://www.tiktok.com/@schannelvn/video/7504992142029262088
[2025-05-21T03:52:26.045+0000] {logging_mixin.py:190} INFO - https://www.tiktok.com/@schannelvn/video/7504731326382181639
[2025-05-21T03:52:26.045+0000] {logging_mixin.py:190} INFO - https://www.tiktok.com/@schannelvn/video/7504662641667869960
[2025-05-21T03:52:26.046+0000] {logging_mixin.py:190} INFO - https://www.tiktok.com/@schannelvn/video/7504353366839987463
[2025-05-21T03:52:26.046+0000] {logging_mixin.py:190} INFO - https://www.tiktok.com/@schannelvn/video/7504285580432362770
[2025-05-21T03:52:26.046+0000] {logging_mixin.py:190} INFO - https://www.tiktok.com/@schannelvn/video/7504162793424293127
[2025-05-21T03:52:26.046+0000] {logging_mixin.py:190} INFO - https://www.tiktok.com/@schannelvn/video/7503927468781358357
[2025-05-21T03:52:26.046+0000] {logging_mixin.py:190} INFO - https://www.tiktok.com/@schannelvn/video/7503784081667247378
[2025-05-21T03:52:26.046+0000] {logging_mixin.py:190} INFO - https://www.tiktok.com/@schannelvn/video/7503548936053902613
[2025-05-21T03:52:26.046+0000] {logging_mixin.py:190} INFO - https://www.tiktok.com/@schannelvn/video/7503172277333282055
[2025-05-21T03:52:26.046+0000] {logging_mixin.py:190} INFO - https://www.tiktok.com/@schannelvn/video/7502122410489941266
[2025-05-21T03:52:26.046+0000] {logging_mixin.py:190} INFO - https://www.tiktok.com/@schannelvn/video/7502119661249580296
[2025-05-21T03:52:26.047+0000] {logging_mixin.py:190} INFO - https://www.tiktok.com/@schannelvn/video/7502117258118827272
[2025-05-21T03:52:26.047+0000] {logging_mixin.py:190} INFO - https://www.tiktok.com/@schannelvn/video/7502045572585803015
[2025-05-21T03:52:26.047+0000] {logging_mixin.py:190} INFO - https://www.tiktok.com/@schannelvn/video/7501937816675323143
[2025-05-21T03:52:26.047+0000] {logging_mixin.py:190} INFO - https://www.tiktok.com/@schannelvn/video/7501647231590632712
[2025-05-21T03:52:26.047+0000] {logging_mixin.py:190} INFO - https://www.tiktok.com/@schannelvn/video/7501367639546072327
[2025-05-21T03:52:26.047+0000] {logging_mixin.py:190} INFO - https://www.tiktok.com/@schannelvn/video/7501316050516987154
[2025-05-21T03:52:26.047+0000] {logging_mixin.py:190} INFO - https://www.tiktok.com/@schannelvn/video/7501196505018060050
[2025-05-21T03:52:26.047+0000] {logging_mixin.py:190} INFO - https://www.tiktok.com/@schannelvn/video/7500934431830543624
[2025-05-21T03:52:26.047+0000] {logging_mixin.py:190} INFO - https://www.tiktok.com/@schannelvn/video/7500828189653077266
[2025-05-21T03:52:26.047+0000] {logging_mixin.py:190} INFO - https://www.tiktok.com/@schannelvn/video/7500115040968690952
[2025-05-21T03:52:26.047+0000] {logging_mixin.py:190} INFO - https://www.tiktok.com/@schannelvn/video/7500113194057501970
[2025-05-21T03:52:26.048+0000] {logging_mixin.py:190} INFO - https://www.tiktok.com/@schannelvn/video/7500113921177586962
[2025-05-21T03:52:26.048+0000] {logging_mixin.py:190} INFO - https://www.tiktok.com/@schannelvn/video/7499827261349039367
[2025-05-21T03:52:26.048+0000] {logging_mixin.py:190} INFO - https://www.tiktok.com/@schannelvn/video/7499826730023046407
[2025-05-21T03:52:26.048+0000] {logging_mixin.py:190} INFO - https://www.tiktok.com/@schannelvn/video/7499717525689617671
[2025-05-21T03:52:26.048+0000] {logging_mixin.py:190} INFO - https://www.tiktok.com/@schannelvn/video/7499545932610964754
[2025-05-21T03:52:26.049+0000] {logging_mixin.py:190} INFO - https://www.tiktok.com/@schannelvn/video/7499466841492950279
[2025-05-21T03:52:26.049+0000] {logging_mixin.py:190} INFO - https://www.tiktok.com/@schannelvn/video/7499378153320647953
[2025-05-21T03:52:26.062+0000] {logging_mixin.py:190} INFO - New videos: 38
[2025-05-21T03:52:26.315+0000] {python.py:240} INFO - Done. Returned value was: {'id': 'schannelvn', 'new_links': ('https://www.tiktok.com/@schannelvn/video/7502122410489941266', 'https://www.tiktok.com/@schannelvn/video/7499545932610964754', 'https://www.tiktok.com/@schannelvn/video/7504285580432362770', 'https://www.tiktok.com/@schannelvn/video/7502119661249580296', 'https://www.tiktok.com/@schannelvn/video/7504731326382181639', 'https://www.tiktok.com/@schannelvn/video/7503927468781358357', 'https://www.tiktok.com/@schannelvn/video/7499466841492950279', 'https://www.tiktok.com/@schannelvn/video/7500828189653077266', 'https://www.tiktok.com/@schannelvn/video/7501367639546072327', 'https://www.tiktok.com/@schannelvn/video/7505854662143216903', 'https://www.tiktok.com/@schannelvn/video/7499378153320647953', 'https://www.tiktok.com/@schannelvn/video/7506135842830699784', 'https://www.tiktok.com/@schannelvn/video/7505113877638663431', 'https://www.tiktok.com/@schannelvn/video/7499717525689617671', 'https://www.tiktok.com/@schannelvn/video/7500113921177586962', 'https://www.tiktok.com/@schannelvn/video/7503172277333282055', 'https://www.tiktok.com/@schannelvn/video/7501647231590632712', 'https://www.tiktok.com/@schannelvn/video/7504353366839987463', 'https://www.tiktok.com/@schannelvn/video/7502045572585803015', 'https://www.tiktok.com/@schannelvn/video/7506433959543360776', 'https://www.tiktok.com/@schannelvn/video/7500934431830543624', 'https://www.tiktok.com/@schannelvn/video/7504162793424293127', 'https://www.tiktok.com/@schannelvn/video/7501196505018060050', 'https://www.tiktok.com/@schannelvn/video/7498705317186850066', 'https://www.tiktok.com/@schannelvn/video/7505774710660123912', 'https://www.tiktok.com/@schannelvn/video/7501937816675323143', 'https://www.tiktok.com/@schannelvn/video/7504992142029262088', 'https://www.tiktok.com/@schannelvn/video/7500113194057501970', 'https://www.tiktok.com/@schannelvn/video/7498705001024474386', 'https://www.tiktok.com/@schannelvn/video/7500115040968690952', 'https://www.tiktok.com/@schannelvn/video/7504662641667869960', 'https://www.tiktok.com/@schannelvn/video/7503784081667247378', 'https://www.tiktok.com/@schannelvn/video/7502117258118827272', 'https://www.tiktok.com/@schannelvn/video/7503548936053902613', 'https://www.tiktok.com/@schannelvn/video/7499827261349039367', 'https://www.tiktok.com/@schannelvn/video/7501316050516987154', 'https://www.tiktok.com/@schannelvn/video/7498996018965613831', 'https://www.tiktok.com/@schannelvn/video/7499826730023046407')}
[2025-05-21T03:52:26.336+0000] {taskinstance.py:340} INFO - ::group::Post task execution logs
[2025-05-21T03:52:26.336+0000] {taskinstance.py:352} INFO - Marking task as SUCCESS. dag_id=tiktok_videos_scraper_dag, task_id=get_links_task, run_id=manual__2025-05-21T03:52:16.088101+00:00, execution_date=20250521T035216, start_date=20250521T035217, end_date=20250521T035226
[2025-05-21T03:52:26.358+0000] {local_task_job_runner.py:261} INFO - Task exited with return code 0
[2025-05-21T03:52:26.374+0000] {taskinstance.py:3891} INFO - 1 downstream tasks scheduled from follow-on schedule check
[2025-05-21T03:52:26.376+0000] {local_task_job_runner.py:240} INFO - ::endgroup::
