[2025-04-29T02:48:25.484+0000] {local_task_job_runner.py:123} INFO - ::group::Pre task execution logs
[2025-04-29T02:48:25.495+0000] {taskinstance.py:2603} INFO - Dependencies all met for dep_context=non-requeueable deps ti=<TaskInstance: demo.hello scheduled__2022-03-13T00:00:00+00:00 [queued]>
[2025-04-29T02:48:25.501+0000] {taskinstance.py:2603} INFO - Dependencies all met for dep_context=requeueable deps ti=<TaskInstance: demo.hello scheduled__2022-03-13T00:00:00+00:00 [queued]>
[2025-04-29T02:48:25.502+0000] {taskinstance.py:2856} INFO - Starting attempt 1 of 1
[2025-04-29T02:48:25.532+0000] {taskinstance.py:2879} INFO - Executing <Task(BashOperator): hello> on 2022-03-13 00:00:00+00:00
[2025-04-29T02:48:25.535+0000] {standard_task_runner.py:72} INFO - Started process 643 to run task
[2025-04-29T02:48:25.538+0000] {standard_task_runner.py:104} INFO - Running: ['airflow', 'tasks', 'run', 'demo', 'hello', 'scheduled__2022-03-13T00:00:00+00:00', '--job-id', '155', '--raw', '--subdir', 'DAGS_FOLDER/simple-dag.py', '--cfg-path', '/tmp/tmpqez18bql']
[2025-04-29T02:48:25.539+0000] {standard_task_runner.py:105} INFO - Job 155: Subtask hello
[2025-04-29T02:48:25.579+0000] {task_command.py:467} INFO - Running <TaskInstance: demo.hello scheduled__2022-03-13T00:00:00+00:00 [running]> on host 2c7afa36055b
[2025-04-29T02:48:25.642+0000] {taskinstance.py:3122} INFO - Exporting env vars: AIRFLOW_CTX_DAG_OWNER='airflow' AIRFLOW_CTX_DAG_ID='demo' AIRFLOW_CTX_TASK_ID='hello' AIRFLOW_CTX_EXECUTION_DATE='2022-03-13T00:00:00+00:00' AIRFLOW_CTX_TRY_NUMBER='1' AIRFLOW_CTX_DAG_RUN_ID='scheduled__2022-03-13T00:00:00+00:00'
[2025-04-29T02:48:25.642+0000] {taskinstance.py:731} INFO - ::endgroup::
[2025-04-29T02:48:25.644+0000] {subprocess.py:63} INFO - Tmp dir root location: /tmp
[2025-04-29T02:48:25.645+0000] {subprocess.py:75} INFO - Running command: ['/usr/bin/bash', '-c', 'echo hello']
[2025-04-29T02:48:25.651+0000] {subprocess.py:86} INFO - Output:
[2025-04-29T02:48:25.652+0000] {subprocess.py:93} INFO - hello
[2025-04-29T02:48:25.652+0000] {subprocess.py:97} INFO - Command exited with return code 0
[2025-04-29T02:48:25.674+0000] {taskinstance.py:340} INFO - ::group::Post task execution logs
[2025-04-29T02:48:25.674+0000] {taskinstance.py:352} INFO - Marking task as SUCCESS. dag_id=demo, task_id=hello, run_id=scheduled__2022-03-13T00:00:00+00:00, execution_date=20220313T000000, start_date=20250429T024825, end_date=20250429T024825
[2025-04-29T02:48:25.714+0000] {local_task_job_runner.py:261} INFO - Task exited with return code 0
[2025-04-29T02:48:25.732+0000] {taskinstance.py:3891} INFO - 1 downstream tasks scheduled from follow-on schedule check
[2025-04-29T02:48:25.734+0000] {local_task_job_runner.py:240} INFO - ::endgroup::
