[2025-05-20T08:00:14.925+0000] {local_task_job_runner.py:123} INFO - ::group::Pre task execution logs
[2025-05-20T08:00:14.935+0000] {taskinstance.py:2603} INFO - Dependencies all met for dep_context=non-requeueable deps ti=<TaskInstance: tiktok_videos_scraper_dag.tiktok_videos_scraper_task manual__2025-05-20T08:00:14.436342+00:00 [queued]>
[2025-05-20T08:00:14.940+0000] {taskinstance.py:2603} INFO - Dependencies all met for dep_context=requeueable deps ti=<TaskInstance: tiktok_videos_scraper_dag.tiktok_videos_scraper_task manual__2025-05-20T08:00:14.436342+00:00 [queued]>
[2025-05-20T08:00:14.941+0000] {taskinstance.py:2856} INFO - Starting attempt 1 of 1
[2025-05-20T08:00:14.949+0000] {taskinstance.py:2879} INFO - Executing <Task(PythonOperator): tiktok_videos_scraper_task> on 2025-05-20 08:00:14.436342+00:00
[2025-05-20T08:00:14.952+0000] {standard_task_runner.py:72} INFO - Started process 19952 to run task
[2025-05-20T08:00:14.955+0000] {standard_task_runner.py:104} INFO - Running: ['airflow', 'tasks', 'run', 'tiktok_videos_scraper_dag', 'tiktok_videos_scraper_task', 'manual__2025-05-20T08:00:14.436342+00:00', '--job-id', '6248', '--raw', '--subdir', 'DAGS_FOLDER/pipeline_tiktok.py', '--cfg-path', '/tmp/tmpy_eeudwj']
[2025-05-20T08:00:14.956+0000] {standard_task_runner.py:105} INFO - Job 6248: Subtask tiktok_videos_scraper_task
[2025-05-20T08:00:14.995+0000] {task_command.py:467} INFO - Running <TaskInstance: tiktok_videos_scraper_dag.tiktok_videos_scraper_task manual__2025-05-20T08:00:14.436342+00:00 [running]> on host 05534d39966d
[2025-05-20T08:00:15.055+0000] {taskinstance.py:3122} INFO - Exporting env vars: AIRFLOW_CTX_DAG_OWNER='airflow' AIRFLOW_CTX_DAG_ID='tiktok_videos_scraper_dag' AIRFLOW_CTX_TASK_ID='tiktok_videos_scraper_task' AIRFLOW_CTX_EXECUTION_DATE='2025-05-20T08:00:14.436342+00:00' AIRFLOW_CTX_TRY_NUMBER='1' AIRFLOW_CTX_DAG_RUN_ID='manual__2025-05-20T08:00:14.436342+00:00'
[2025-05-20T08:00:15.055+0000] {taskinstance.py:731} INFO - ::endgroup::
[2025-05-20T08:00:23.102+0000] {logging_mixin.py:190} INFO - Error in TikTok API: Page.evaluate: TypeError: undefined is not a function
    at h (https://sf16-website-login.neutral.ttwstatic.com/obj/tiktok_web_login_static/webmssdk/1.0.0.290/webmssdk.js:1:110185)
    at Array.yg (https://sf16-website-login.neutral.ttwstatic.com/obj/tiktok_web_login_static/webmssdk/1.0.0.290/webmssdk.js:1:109880)
    at n (https://sf16-website-login.neutral.ttwstatic.com/obj/tiktok_web_login_static/webmssdk/1.0.0.290/webmssdk.js:1:160663)
    at https://sf16-website-login.neutral.ttwstatic.com/obj/tiktok_web_login_static/webmssdk/1.0.0.290/webmssdk.js:1:56397
    at f (https://sf16-website-login.neutral.ttwstatic.com/obj/tiktok_web_login_static/webmssdk/1.0.0.290/webmssdk.js:1:48658)
    at window.fetch (https://sf16-website-login.neutral.ttwstatic.com/obj/tiktok_web_login_static/secsdk/secsdk-lastest.umd.js:5211:40)
    at eval (eval at evaluate (:313:29), <anonymous>:3:21)
    at new Promise (<anonymous>)
    at eval (eval at evaluate (:313:29), <anonymous>:2:24)
    at UtilityScript.evaluate (<anonymous>:320:18)
[2025-05-20T08:00:23.224+0000] {python.py:240} INFO - Done. Returned value was: []
[2025-05-20T08:00:23.250+0000] {taskinstance.py:340} INFO - ::group::Post task execution logs
[2025-05-20T08:00:23.251+0000] {taskinstance.py:352} INFO - Marking task as SUCCESS. dag_id=tiktok_videos_scraper_dag, task_id=tiktok_videos_scraper_task, run_id=manual__2025-05-20T08:00:14.436342+00:00, execution_date=20250520T080014, start_date=20250520T080014, end_date=20250520T080023
[2025-05-20T08:00:23.268+0000] {local_task_job_runner.py:261} INFO - Task exited with return code 0
[2025-05-20T08:00:23.281+0000] {taskinstance.py:3891} INFO - 1 downstream tasks scheduled from follow-on schedule check
[2025-05-20T08:00:23.283+0000] {local_task_job_runner.py:240} INFO - ::endgroup::
