[2025-05-13T03:25:02.788+0000] {local_task_job_runner.py:123} INFO - ::group::Pre task execution logs
[2025-05-13T03:25:02.800+0000] {taskinstance.py:2603} INFO - Dependencies all met for dep_context=non-requeueable deps ti=<TaskInstance: facebook_videos_scraper_dag.fb_videos_scraper manual__2025-05-13T03:25:01.573295+00:00 [queued]>
[2025-05-13T03:25:02.805+0000] {taskinstance.py:2603} INFO - Dependencies all met for dep_context=requeueable deps ti=<TaskInstance: facebook_videos_scraper_dag.fb_videos_scraper manual__2025-05-13T03:25:01.573295+00:00 [queued]>
[2025-05-13T03:25:02.805+0000] {taskinstance.py:2856} INFO - Starting attempt 1 of 1
[2025-05-13T03:25:02.815+0000] {taskinstance.py:2879} INFO - Executing <Task(_PythonDecoratedOperator): fb_videos_scraper> on 2025-05-13 03:25:01.573295+00:00
[2025-05-13T03:25:02.817+0000] {standard_task_runner.py:72} INFO - Started process 10353 to run task
[2025-05-13T03:25:02.820+0000] {standard_task_runner.py:104} INFO - Running: ['airflow', 'tasks', 'run', 'facebook_videos_scraper_dag', 'fb_videos_scraper', 'manual__2025-05-13T03:25:01.573295+00:00', '--job-id', '5356', '--raw', '--subdir', 'DAGS_FOLDER/pipeline.py', '--cfg-path', '/tmp/tmpoom_ybdb']
[2025-05-13T03:25:02.821+0000] {standard_task_runner.py:105} INFO - Job 5356: Subtask fb_videos_scraper
[2025-05-13T03:25:02.851+0000] {task_command.py:467} INFO - Running <TaskInstance: facebook_videos_scraper_dag.fb_videos_scraper manual__2025-05-13T03:25:01.573295+00:00 [running]> on host 79b7354865cb
[2025-05-13T03:25:02.901+0000] {taskinstance.py:3122} INFO - Exporting env vars: AIRFLOW_CTX_DAG_OWNER='airflow' AIRFLOW_CTX_DAG_ID='facebook_videos_scraper_dag' AIRFLOW_CTX_TASK_ID='fb_videos_scraper' AIRFLOW_CTX_EXECUTION_DATE='2025-05-13T03:25:01.573295+00:00' AIRFLOW_CTX_TRY_NUMBER='1' AIRFLOW_CTX_DAG_RUN_ID='manual__2025-05-13T03:25:01.573295+00:00'
[2025-05-13T03:25:02.901+0000] {taskinstance.py:731} INFO - ::endgroup::
[2025-05-13T03:25:02.917+0000] {selenium_manager.py:133} WARNING - The chromedriver version (136.0.7103.59) detected in PATH at /usr/bin/chromedriver might not be compatible with the detected chrome version (136.0.7103.92); currently, chromedriver 136.0.7103.92 is recommended for chrome 136.*, so it is advised to delete the driver in PATH and retry
[2025-05-13T03:25:05.204+0000] {logging_mixin.py:190} INFO - Step 1 of 3 - Load cookies
[2025-05-13T03:25:09.791+0000] {logging_mixin.py:190} INFO - Step 2 of 3 - Scrolling page
[2025-05-13T03:25:09.791+0000] {logging_mixin.py:190} INFO - Scrolling...
[2025-05-13T03:25:12.810+0000] {logging_mixin.py:190} INFO - Error occurred while scrolling: local variable 'count' referenced before assignment
[2025-05-13T03:25:12.810+0000] {logging_mixin.py:190} INFO - Step 3 of 3 - Extract videos urls
[2025-05-13T03:25:12.822+0000] {logging_mixin.py:190} INFO - Found 90 a tags
[2025-05-13T03:25:13.044+0000] {logging_mixin.py:190} INFO - Found href: https://www.facebook.com/100087341155257/videos/300258409024726
[2025-05-13T03:25:13.058+0000] {logging_mixin.py:190} INFO - Found href: https://www.facebook.com/official.parkhangseo/videos/300258409024726/?comment_id=641977490908630&__tn__=R]
[2025-05-13T03:25:13.063+0000] {logging_mixin.py:190} INFO - Found href: https://www.facebook.com/official.parkhangseo/videos/612326127913584/
[2025-05-13T03:25:13.072+0000] {logging_mixin.py:190} INFO - Found href: https://www.facebook.com/official.parkhangseo/videos/1019921852555282/
[2025-05-13T03:25:13.081+0000] {logging_mixin.py:190} INFO - Found href: https://www.facebook.com/official.parkhangseo/videos/1496815271117860/
[2025-05-13T03:25:13.092+0000] {logging_mixin.py:190} INFO - Found href: https://www.facebook.com/official.parkhangseo/videos/7206305039381158/
[2025-05-13T03:25:13.102+0000] {logging_mixin.py:190} INFO - Found href: https://www.facebook.com/official.parkhangseo/videos/300258409024726/
[2025-05-13T03:25:13.111+0000] {logging_mixin.py:190} INFO - Found href: https://www.facebook.com/official.parkhangseo/videos/736392504839613/
[2025-05-13T03:25:13.120+0000] {logging_mixin.py:190} INFO - Found href: https://www.facebook.com/official.parkhangseo/videos/199672223024300/
[2025-05-13T03:25:13.129+0000] {logging_mixin.py:190} INFO - Found href: https://www.facebook.com/official.parkhangseo/videos/796377181594223/
[2025-05-13T03:25:13.153+0000] {logging_mixin.py:190} INFO - Found href: https://www.facebook.com/official.parkhangseo/videos/963843274971699/
[2025-05-13T03:25:13.177+0000] {logging_mixin.py:190} INFO - Found href: https://www.facebook.com/official.parkhangseo/videos/2110165422507634/
[2025-05-13T03:25:13.187+0000] {logging_mixin.py:190} INFO - Found href: https://www.facebook.com/official.parkhangseo/videos/585395010300236/
[2025-05-13T03:25:13.197+0000] {logging_mixin.py:190} INFO - Found href: https://www.facebook.com/official.parkhangseo/videos/726600225473500/
[2025-05-13T03:25:13.206+0000] {logging_mixin.py:190} INFO - Found href: https://www.facebook.com/official.parkhangseo/videos/2909373262542225/
[2025-05-13T03:25:13.215+0000] {logging_mixin.py:190} INFO - Found href: https://www.facebook.com/official.parkhangseo/videos/500334525564870/
[2025-05-13T03:25:13.226+0000] {logging_mixin.py:190} INFO - Found href: https://www.facebook.com/official.parkhangseo/videos/883435672700861/
[2025-05-13T03:25:13.235+0000] {logging_mixin.py:190} INFO - Found href: https://www.facebook.com/official.parkhangseo/videos/568776548091697/
[2025-05-13T03:25:13.245+0000] {logging_mixin.py:190} INFO - Found href: https://www.facebook.com/official.parkhangseo/videos/9291383070887304/
[2025-05-13T03:25:13.255+0000] {logging_mixin.py:190} INFO - Found href: https://www.facebook.com/official.parkhangseo/videos/501990768664483/
[2025-05-13T03:25:13.264+0000] {logging_mixin.py:190} INFO - Found href: https://www.facebook.com/official.parkhangseo/videos/5608822982568234/
[2025-05-13T03:25:13.274+0000] {logging_mixin.py:190} INFO - Found href: https://www.facebook.com/official.parkhangseo/videos/1281437455976230/
[2025-05-13T03:25:13.284+0000] {logging_mixin.py:190} INFO - Found href: https://www.facebook.com/official.parkhangseo/videos/3235875553391967/
[2025-05-13T03:25:13.294+0000] {logging_mixin.py:190} INFO - Found href: https://www.facebook.com/official.parkhangseo/videos/902792580882044/
[2025-05-13T03:25:13.298+0000] {logging_mixin.py:190} INFO - Found 24 href elements
[2025-05-13T03:25:13.299+0000] {logging_mixin.py:190} INFO -  Scraped data:
[2025-05-13T03:25:13.299+0000] {logging_mixin.py:190} INFO -  - https://www.facebook.com/100087341155257/videos/300258409024726
[2025-05-13T03:25:13.300+0000] {logging_mixin.py:190} INFO -  - 
https://www.facebook.com/official.parkhangseo/videos/300258409024726/?comment_id
=641977490908630&__tn__=R]
[2025-05-13T03:25:13.300+0000] {logging_mixin.py:190} INFO -  - https://www.facebook.com/official.parkhangseo/videos/612326127913584/
[2025-05-13T03:25:13.300+0000] {logging_mixin.py:190} INFO -  - https://www.facebook.com/official.parkhangseo/videos/1019921852555282/
[2025-05-13T03:25:13.301+0000] {logging_mixin.py:190} INFO -  - https://www.facebook.com/official.parkhangseo/videos/1496815271117860/
[2025-05-13T03:25:13.301+0000] {logging_mixin.py:190} INFO -  - https://www.facebook.com/official.parkhangseo/videos/7206305039381158/
[2025-05-13T03:25:13.301+0000] {logging_mixin.py:190} INFO -  - https://www.facebook.com/official.parkhangseo/videos/300258409024726/
[2025-05-13T03:25:13.301+0000] {logging_mixin.py:190} INFO -  - https://www.facebook.com/official.parkhangseo/videos/736392504839613/
[2025-05-13T03:25:13.301+0000] {logging_mixin.py:190} INFO -  - https://www.facebook.com/official.parkhangseo/videos/199672223024300/
[2025-05-13T03:25:13.302+0000] {logging_mixin.py:190} INFO -  - https://www.facebook.com/official.parkhangseo/videos/796377181594223/
[2025-05-13T03:25:13.302+0000] {logging_mixin.py:190} INFO -  - https://www.facebook.com/official.parkhangseo/videos/963843274971699/
[2025-05-13T03:25:13.302+0000] {logging_mixin.py:190} INFO -  - https://www.facebook.com/official.parkhangseo/videos/2110165422507634/
[2025-05-13T03:25:13.302+0000] {logging_mixin.py:190} INFO -  - https://www.facebook.com/official.parkhangseo/videos/585395010300236/
[2025-05-13T03:25:13.303+0000] {logging_mixin.py:190} INFO -  - https://www.facebook.com/official.parkhangseo/videos/726600225473500/
[2025-05-13T03:25:13.303+0000] {logging_mixin.py:190} INFO -  - https://www.facebook.com/official.parkhangseo/videos/2909373262542225/
[2025-05-13T03:25:13.303+0000] {logging_mixin.py:190} INFO -  - https://www.facebook.com/official.parkhangseo/videos/500334525564870/
[2025-05-13T03:25:13.303+0000] {logging_mixin.py:190} INFO -  - https://www.facebook.com/official.parkhangseo/videos/883435672700861/
[2025-05-13T03:25:13.304+0000] {logging_mixin.py:190} INFO -  - https://www.facebook.com/official.parkhangseo/videos/568776548091697/
[2025-05-13T03:25:13.304+0000] {logging_mixin.py:190} INFO -  - https://www.facebook.com/official.parkhangseo/videos/9291383070887304/
[2025-05-13T03:25:13.305+0000] {logging_mixin.py:190} INFO -  - https://www.facebook.com/official.parkhangseo/videos/501990768664483/
[2025-05-13T03:25:13.305+0000] {logging_mixin.py:190} INFO -  - https://www.facebook.com/official.parkhangseo/videos/5608822982568234/
[2025-05-13T03:25:13.305+0000] {logging_mixin.py:190} INFO -  - https://www.facebook.com/official.parkhangseo/videos/1281437455976230/
[2025-05-13T03:25:13.305+0000] {logging_mixin.py:190} INFO -  - https://www.facebook.com/official.parkhangseo/videos/3235875553391967/
[2025-05-13T03:25:13.306+0000] {logging_mixin.py:190} INFO -  - https://www.facebook.com/official.parkhangseo/videos/902792580882044/
[2025-05-13T03:25:13.306+0000] {logging_mixin.py:190} INFO - Don't close the app! Saving scraped data to database, it can take a while!
[2025-05-13T03:25:13.314+0000] {warnings.py:109} WARNING - /opt/airflow/dags/app/core/database_utils.py:38: SAWarning: SELECT statement has a cartesian product between FROM element(s) "facebook" and FROM element "tiktok".  Apply join condition(s) between each element to resolve.
  return db.query(Facebook).filter(Tiktok.status == TaskStatus.SUCCESS.value).all()

[2025-05-13T03:25:13.507+0000] {logging_mixin.py:190} INFO - Remaining new videos: 2
[2025-05-13T03:25:13.507+0000] {logging_mixin.py:190} INFO - New videos: 2
[2025-05-13T03:25:13.641+0000] {logging_mixin.py:190} INFO - Internet connection detected. Proceeding...
[2025-05-13T03:25:13.641+0000] {logging_mixin.py:190} INFO - Downloading video from 300258409024726...
[2025-05-13T03:25:13.728+0000] {logging_mixin.py:190} INFO - [facebook] Extracting URL: https://www.facebook.com/official.parkhangseo/videos/300258409024726/?comment_id=641977490908630&__tn__=R]
[2025-05-13T03:25:13.728+0000] {logging_mixin.py:190} INFO - [facebook] 300258409024726: Downloading webpage
[2025-05-13T03:25:14.464+0000] {logging_mixin.py:190} INFO - [info] 300258409024726: Downloading 1 format(s): 163720786705959a
[2025-05-13T03:25:14.492+0000] {logging_mixin.py:190} INFO - [download] Destination: data/300258409024726
[2025-05-13T03:25:14.493+0000] {logging_mixin.py:190} INFO - [download]   1.1% of   93.14KiB at  Unknown B/s ETA Unknown
[2025-05-13T03:25:14.495+0000] {logging_mixin.py:190} INFO - [download]   3.2% of   93.14KiB at    1.12MiB/s ETA 00:00  
[2025-05-13T03:25:14.495+0000] {logging_mixin.py:190} INFO - [download]   7.5% of   93.14KiB at    2.22MiB/s ETA 00:00
[2025-05-13T03:25:14.495+0000] {logging_mixin.py:190} INFO - [download]  16.1% of   93.14KiB at    4.26MiB/s ETA 00:00
[2025-05-13T03:25:14.496+0000] {logging_mixin.py:190} INFO - [download]  33.3% of   93.14KiB at    7.53MiB/s ETA 00:00
[2025-05-13T03:25:14.499+0000] {logging_mixin.py:190} INFO - [download]  67.6% of   93.14KiB at    8.58MiB/s ETA 00:00
[2025-05-13T03:25:14.502+0000] {logging_mixin.py:190} INFO - [download] 100.0% of   93.14KiB at    9.40MiB/s ETA 00:00
[2025-05-13T03:25:14.502+0000] {logging_mixin.py:190} INFO - [download] 100% of   93.14KiB in 00:00:00 at 2.54MiB/s   
[2025-05-13T03:25:14.590+0000] {logging_mixin.py:190} INFO - [FixupM4a] Correcting container of "data/300258409024726"
[2025-05-13T03:25:14.711+0000] {logging_mixin.py:190} INFO - [ExtractAudio] Destination: data/300258409024726.mp3
[2025-05-13T03:25:14.850+0000] {logging_mixin.py:190} INFO - Deleting original file data/300258409024726 (pass -k to keep)
[2025-05-13T03:25:14.854+0000] {downloader.py:92} INFO - Download status for https://www.facebook.com/official.parkhangseo/videos/300258409024726/?comment_id=641977490908630&__tn__=R]: Success
[2025-05-13T03:25:14.854+0000] {logging_mixin.py:190} INFO - 
Downloaded successfully: 300258409024726
[2025-05-13T03:25:14.859+0000] {logging_mixin.py:190} INFO - Downloaded video 300258409024726 to data/300258409024726.mp3
[2025-05-13T03:25:14.979+0000] {logging_mixin.py:190} INFO - Internet connection detected. Proceeding...
[2025-05-13T03:25:14.980+0000] {logging_mixin.py:190} INFO - Downloading video from 300258409024726...
[2025-05-13T03:25:15.009+0000] {logging_mixin.py:190} INFO - [facebook] Extracting URL: https://www.facebook.com/official.parkhangseo/videos/300258409024726/
[2025-05-13T03:25:15.009+0000] {logging_mixin.py:190} INFO - [facebook] 300258409024726: Downloading webpage
[2025-05-13T03:25:15.673+0000] {logging_mixin.py:190} INFO - [info] 300258409024726: Downloading 1 format(s): 163720786705959a
[2025-05-13T03:25:15.726+0000] {logging_mixin.py:190} INFO - [download] Destination: data/300258409024726
[2025-05-13T03:25:15.727+0000] {logging_mixin.py:190} INFO - [download]   1.1% of   93.14KiB at  162.84KiB/s ETA 00:00
[2025-05-13T03:25:15.735+0000] {logging_mixin.py:190} INFO - [download]   3.2% of   93.14KiB at  211.85KiB/s ETA 00:00
[2025-05-13T03:25:15.735+0000] {logging_mixin.py:190} INFO - [download]   7.5% of   93.14KiB at  472.11KiB/s ETA 00:00
[2025-05-13T03:25:15.736+0000] {logging_mixin.py:190} INFO - [download]  16.1% of   93.14KiB at  984.16KiB/s ETA 00:00
[2025-05-13T03:25:15.737+0000] {logging_mixin.py:190} INFO - [download]  33.3% of   93.14KiB at    1.84MiB/s ETA 00:00
[2025-05-13T03:25:15.741+0000] {logging_mixin.py:190} INFO - [download]  67.6% of   93.14KiB at    3.06MiB/s ETA 00:00
[2025-05-13T03:25:15.744+0000] {logging_mixin.py:190} INFO - [download] 100.0% of   93.14KiB at    3.84MiB/s ETA 00:00
[2025-05-13T03:25:15.745+0000] {logging_mixin.py:190} INFO - [download] 100% of   93.14KiB in 00:00:00 at 1.32MiB/s   
[2025-05-13T03:25:15.746+0000] {logging_mixin.py:190} INFO - [FixupM4a] Correcting container of "data/300258409024726"
[2025-05-13T03:25:15.830+0000] {logging_mixin.py:190} INFO - [ExtractAudio] Destination: data/300258409024726.mp3
[2025-05-13T03:25:15.966+0000] {logging_mixin.py:190} INFO - Deleting original file data/300258409024726 (pass -k to keep)
[2025-05-13T03:25:15.969+0000] {downloader.py:92} INFO - Download status for https://www.facebook.com/official.parkhangseo/videos/300258409024726/: Success
[2025-05-13T03:25:15.969+0000] {logging_mixin.py:190} INFO - 
Downloaded successfully: 300258409024726
[2025-05-13T03:25:15.980+0000] {logging_mixin.py:190} INFO - Downloaded video 300258409024726 to data/300258409024726.mp3
[2025-05-13T03:25:16.111+0000] {python.py:240} INFO - Done. Returned value was: [{'video_id': '300258409024726', 'file_path': 'data/300258409024726.mp3'}, {'video_id': '300258409024726', 'file_path': 'data/300258409024726.mp3'}]
[2025-05-13T03:25:16.132+0000] {taskinstance.py:340} INFO - ::group::Post task execution logs
[2025-05-13T03:25:16.132+0000] {taskinstance.py:352} INFO - Marking task as SUCCESS. dag_id=facebook_videos_scraper_dag, task_id=fb_videos_scraper, run_id=manual__2025-05-13T03:25:01.573295+00:00, execution_date=20250513T032501, start_date=20250513T032502, end_date=20250513T032516
[2025-05-13T03:25:16.150+0000] {local_task_job_runner.py:261} INFO - Task exited with return code 0
[2025-05-13T03:25:16.162+0000] {taskinstance.py:3891} INFO - 1 downstream tasks scheduled from follow-on schedule check
[2025-05-13T03:25:16.164+0000] {local_task_job_runner.py:240} INFO - ::endgroup::
