[2025-05-19T02:54:32.908+0000] {local_task_job_runner.py:123} INFO - ::group::Pre task execution logs
[2025-05-19T02:54:32.920+0000] {taskinstance.py:2603} INFO - Dependencies all met for dep_context=non-requeueable deps ti=<TaskInstance: tiktok_videos_scraper_dag.tiktok_videos_scraper_task manual__2025-05-19T02:54:31.803835+00:00 [queued]>
[2025-05-19T02:54:32.925+0000] {taskinstance.py:2603} INFO - Dependencies all met for dep_context=requeueable deps ti=<TaskInstance: tiktok_videos_scraper_dag.tiktok_videos_scraper_task manual__2025-05-19T02:54:31.803835+00:00 [queued]>
[2025-05-19T02:54:32.926+0000] {taskinstance.py:2856} INFO - Starting attempt 1 of 1
[2025-05-19T02:54:32.934+0000] {taskinstance.py:2879} INFO - Executing <Task(PythonOperator): tiktok_videos_scraper_task> on 2025-05-19 02:54:31.803835+00:00
[2025-05-19T02:54:32.937+0000] {standard_task_runner.py:72} INFO - Started process 1446 to run task
[2025-05-19T02:54:32.940+0000] {standard_task_runner.py:104} INFO - Running: ['airflow', 'tasks', 'run', 'tiktok_videos_scraper_dag', 'tiktok_videos_scraper_task', 'manual__2025-05-19T02:54:31.803835+00:00', '--job-id', '6155', '--raw', '--subdir', 'DAGS_FOLDER/pipeline_tiktok.py', '--cfg-path', '/tmp/tmpw8xi9jev']
[2025-05-19T02:54:32.941+0000] {standard_task_runner.py:105} INFO - Job 6155: Subtask tiktok_videos_scraper_task
[2025-05-19T02:54:32.974+0000] {task_command.py:467} INFO - Running <TaskInstance: tiktok_videos_scraper_dag.tiktok_videos_scraper_task manual__2025-05-19T02:54:31.803835+00:00 [running]> on host 8579eb2523da
[2025-05-19T02:54:33.029+0000] {taskinstance.py:3122} INFO - Exporting env vars: AIRFLOW_CTX_DAG_OWNER='airflow' AIRFLOW_CTX_DAG_ID='tiktok_videos_scraper_dag' AIRFLOW_CTX_TASK_ID='tiktok_videos_scraper_task' AIRFLOW_CTX_EXECUTION_DATE='2025-05-19T02:54:31.803835+00:00' AIRFLOW_CTX_TRY_NUMBER='1' AIRFLOW_CTX_DAG_RUN_ID='manual__2025-05-19T02:54:31.803835+00:00'
[2025-05-19T02:54:33.030+0000] {taskinstance.py:731} INFO - ::endgroup::
[2025-05-19T02:56:23.755+0000] {local_task_job_runner.py:341} WARNING - State of this instance has been externally set to failed. Terminating instance.
[2025-05-19T02:56:23.759+0000] {local_task_job_runner.py:240} INFO - ::endgroup::
[2025-05-19T02:56:23.760+0000] {process_utils.py:132} INFO - Sending 15 to group 1446. PIDs of all processes in the group: [1449, 1461, 1465, 1466, 1492, 1498, 1540, 1541, 1568, 1446]
[2025-05-19T02:56:23.761+0000] {process_utils.py:87} INFO - Sending the signal 15 to group 1446
[2025-05-19T02:56:23.761+0000] {taskinstance.py:3083} ERROR - Received SIGTERM. Terminating subprocesses.
[2025-05-19T02:56:23.895+0000] {process_utils.py:80} INFO - Process psutil.Process(pid=1498, status='terminated', started='02:54:34') (1498) terminated with exit code None
[2025-05-19T02:56:23.896+0000] {process_utils.py:80} INFO - Process psutil.Process(pid=1466, status='terminated', started='02:54:33') (1466) terminated with exit code None
[2025-05-19T02:56:23.896+0000] {process_utils.py:80} INFO - Process psutil.Process(pid=1461, status='terminated', started='02:54:33') (1461) terminated with exit code None
[2025-05-19T02:56:23.896+0000] {process_utils.py:80} INFO - Process psutil.Process(pid=1465, status='terminated', started='02:54:33') (1465) terminated with exit code None
[2025-05-19T02:56:23.896+0000] {process_utils.py:80} INFO - Process psutil.Process(pid=1541, status='terminated', started='02:54:34') (1541) terminated with exit code None
[2025-05-19T02:56:24.030+0000] {process_utils.py:80} INFO - Process psutil.Process(pid=1568, status='terminated', started='02:54:34') (1568) terminated with exit code None
[2025-05-19T02:56:24.031+0000] {process_utils.py:80} INFO - Process psutil.Process(pid=1540, status='terminated', started='02:54:34') (1540) terminated with exit code None
[2025-05-19T02:56:24.031+0000] {process_utils.py:80} INFO - Process psutil.Process(pid=1492, status='terminated', started='02:54:34') (1492) terminated with exit code None
[2025-05-19T02:57:20.515+0000] {process_utils.py:150} WARNING - process psutil.Process(pid=1449, name='node', status='sleeping', started='02:54:33') did not respond to SIGTERM. Trying SIGKILL
[2025-05-19T02:57:20.516+0000] {process_utils.py:150} WARNING - process psutil.Process(pid=1446, name='airflow task ru', status='sleeping', started='02:54:32') did not respond to SIGTERM. Trying SIGKILL
[2025-05-19T02:57:20.517+0000] {process_utils.py:87} INFO - Sending the signal 9 to group 1446
[2025-05-19T02:57:20.524+0000] {process_utils.py:80} INFO - Process psutil.Process(pid=1449, name='node', status='terminated', started='02:54:33') (1449) terminated with exit code None
[2025-05-19T02:57:20.525+0000] {process_utils.py:80} INFO - Process psutil.Process(pid=1446, name='airflow task ru', status='terminated', exitcode=<Negsignal.SIGKILL: -9>, started='02:54:32') (1446) terminated with exit code -9
[2025-05-19T02:57:20.525+0000] {standard_task_runner.py:190} ERROR - ('Job 6155 was killed before it finished (likely due to running out of memory)', 'For more information, see https://airflow.apache.org/docs/apache-airflow/stable/troubleshooting.html#LocalTaskJob-killed')
