[2025-05-12T04:19:45.778+0000] {local_task_job_runner.py:123} INFO - ::group::Pre task execution logs
[2025-05-12T04:19:45.791+0000] {taskinstance.py:2603} INFO - Dependencies all met for dep_context=non-requeueable deps ti=<TaskInstance: tiktok_videos_scraper_dag.tiktok_videos_scraper manual__2025-05-12T04:19:45.256910+00:00 [queued]>
[2025-05-12T04:19:45.797+0000] {taskinstance.py:2603} INFO - Dependencies all met for dep_context=requeueable deps ti=<TaskInstance: tiktok_videos_scraper_dag.tiktok_videos_scraper manual__2025-05-12T04:19:45.256910+00:00 [queued]>
[2025-05-12T04:19:45.797+0000] {taskinstance.py:2856} INFO - Starting attempt 1 of 1
[2025-05-12T04:19:45.807+0000] {taskinstance.py:2879} INFO - Executing <Task(_PythonDecoratedOperator): tiktok_videos_scraper> on 2025-05-12 04:19:45.256910+00:00
[2025-05-12T04:19:45.810+0000] {standard_task_runner.py:72} INFO - Started process 2902 to run task
[2025-05-12T04:19:45.812+0000] {standard_task_runner.py:104} INFO - Running: ['airflow', 'tasks', 'run', 'tiktok_videos_scraper_dag', 'tiktok_videos_scraper', 'manual__2025-05-12T04:19:45.256910+00:00', '--job-id', '5200', '--raw', '--subdir', 'DAGS_FOLDER/pipeline.py', '--cfg-path', '/tmp/tmpyrh5mw1_']
[2025-05-12T04:19:45.814+0000] {standard_task_runner.py:105} INFO - Job 5200: Subtask tiktok_videos_scraper
[2025-05-12T04:19:45.848+0000] {task_command.py:467} INFO - Running <TaskInstance: tiktok_videos_scraper_dag.tiktok_videos_scraper manual__2025-05-12T04:19:45.256910+00:00 [running]> on host 14fa56807961
[2025-05-12T04:19:45.903+0000] {taskinstance.py:3122} INFO - Exporting env vars: AIRFLOW_CTX_DAG_OWNER='airflow' AIRFLOW_CTX_DAG_ID='tiktok_videos_scraper_dag' AIRFLOW_CTX_TASK_ID='tiktok_videos_scraper' AIRFLOW_CTX_EXECUTION_DATE='2025-05-12T04:19:45.256910+00:00' AIRFLOW_CTX_TRY_NUMBER='1' AIRFLOW_CTX_DAG_RUN_ID='manual__2025-05-12T04:19:45.256910+00:00'
[2025-05-12T04:19:45.904+0000] {taskinstance.py:731} INFO - ::endgroup::
[2025-05-12T04:19:57.470+0000] {logging_mixin.py:190} INFO - https://www.tiktok.com/@therock/video/7498828992825396526
[2025-05-12T04:19:57.470+0000] {logging_mixin.py:190} INFO - https://www.tiktok.com/@therock/video/7498176682105294123
[2025-05-12T04:19:57.470+0000] {logging_mixin.py:190} INFO - https://www.tiktok.com/@therock/video/7495761605502848298
[2025-05-12T04:19:57.470+0000] {logging_mixin.py:190} INFO - https://www.tiktok.com/@therock/video/7494644438497529130
[2025-05-12T04:19:57.470+0000] {logging_mixin.py:190} INFO - https://www.tiktok.com/@therock/video/7494316440749755694
[2025-05-12T04:19:57.470+0000] {logging_mixin.py:190} INFO - https://www.tiktok.com/@therock/video/7493217492802882858
[2025-05-12T04:19:57.470+0000] {logging_mixin.py:190} INFO - https://www.tiktok.com/@therock/video/7492481998187990318
[2025-05-12T04:19:57.470+0000] {logging_mixin.py:190} INFO - https://www.tiktok.com/@therock/video/7490673656641637675
[2025-05-12T04:19:57.470+0000] {logging_mixin.py:190} INFO - https://www.tiktok.com/@therock/video/7487701629119171886
[2025-05-12T04:19:57.470+0000] {logging_mixin.py:190} INFO - https://www.tiktok.com/@therock/video/7486515871624596782
[2025-05-12T04:19:57.471+0000] {logging_mixin.py:190} INFO - https://www.tiktok.com/@therock/video/7482814601717910826
[2025-05-12T04:19:57.471+0000] {logging_mixin.py:190} INFO - https://www.tiktok.com/@therock/video/7480993221586292014
[2025-05-12T04:19:57.471+0000] {logging_mixin.py:190} INFO - https://www.tiktok.com/@therock/video/7478382826568568110
[2025-05-12T04:19:57.471+0000] {logging_mixin.py:190} INFO - https://www.tiktok.com/@therock/video/7475105018052480302
[2025-05-12T04:19:57.471+0000] {logging_mixin.py:190} INFO - https://www.tiktok.com/@therock/video/7474681315955150126
[2025-05-12T04:19:57.471+0000] {logging_mixin.py:190} INFO - https://www.tiktok.com/@therock/video/7473147398718573866
[2025-05-12T04:19:57.471+0000] {logging_mixin.py:190} INFO - https://www.tiktok.com/@therock/video/7473137749025967406
[2025-05-12T04:19:57.471+0000] {logging_mixin.py:190} INFO - https://www.tiktok.com/@therock/video/7472396683477830955
[2025-05-12T04:19:57.471+0000] {logging_mixin.py:190} INFO - https://www.tiktok.com/@therock/video/7461443489067240747
[2025-05-12T04:19:57.471+0000] {logging_mixin.py:190} INFO - https://www.tiktok.com/@therock/video/7460513088354258219
[2025-05-12T04:19:57.471+0000] {logging_mixin.py:190} INFO - https://www.tiktok.com/@therock/video/7460511600202648878
[2025-05-12T04:19:57.471+0000] {logging_mixin.py:190} INFO - https://www.tiktok.com/@therock/video/7457228860275395882
[2025-05-12T04:19:57.471+0000] {logging_mixin.py:190} INFO - https://www.tiktok.com/@therock/video/7456475589663362350
[2025-05-12T04:19:57.471+0000] {logging_mixin.py:190} INFO - https://www.tiktok.com/@therock/video/7455784020379716910
[2025-05-12T04:19:57.471+0000] {logging_mixin.py:190} INFO - https://www.tiktok.com/@therock/video/7455388311826287914
[2025-05-12T04:19:57.471+0000] {logging_mixin.py:190} INFO - https://www.tiktok.com/@therock/video/7454241121665944874
[2025-05-12T04:19:57.472+0000] {logging_mixin.py:190} INFO - https://www.tiktok.com/@therock/video/7452740726187642155
[2025-05-12T04:19:57.472+0000] {logging_mixin.py:190} INFO - https://www.tiktok.com/@therock/video/7452738096988294446
[2025-05-12T04:19:57.472+0000] {logging_mixin.py:190} INFO - https://www.tiktok.com/@therock/video/7451804943654276398
[2025-05-12T04:19:57.472+0000] {logging_mixin.py:190} INFO - https://www.tiktok.com/@therock/video/7451345731819965742
[2025-05-12T04:19:57.472+0000] {logging_mixin.py:190} INFO - https://www.tiktok.com/@therock/video/7451022184526482730
[2025-05-12T04:19:57.472+0000] {logging_mixin.py:190} INFO - https://www.tiktok.com/@therock/video/7450249740471749934
[2025-05-12T04:19:57.472+0000] {logging_mixin.py:190} INFO - https://www.tiktok.com/@therock/video/7448020055507422507
[2025-05-12T04:19:57.472+0000] {logging_mixin.py:190} INFO - https://www.tiktok.com/@therock/video/7447975660741610795
[2025-05-12T04:19:57.472+0000] {logging_mixin.py:190} INFO - https://www.tiktok.com/@therock/video/7447285805044993326
[2025-05-12T04:19:57.483+0000] {logging_mixin.py:190} INFO - Remaining new videos: 35
[2025-05-12T04:19:57.484+0000] {logging_mixin.py:190} INFO - New videos: 35
[2025-05-12T04:19:57.682+0000] {logging_mixin.py:190} INFO - Internet connection detected. Proceeding...
[2025-05-12T04:19:57.682+0000] {logging_mixin.py:190} INFO - Error downloading video: local variable 'e' referenced before assignment
[2025-05-12T04:19:57.684+0000] {database_utils.py:136} ERROR - Not found video 7494316440749755694 in database
[2025-05-12T04:19:57.806+0000] {logging_mixin.py:190} INFO - Internet connection detected. Proceeding...
[2025-05-12T04:19:57.807+0000] {logging_mixin.py:190} INFO - Error downloading video: local variable 'e' referenced before assignment
[2025-05-12T04:19:57.808+0000] {database_utils.py:136} ERROR - Not found video 7448020055507422507 in database
[2025-05-12T04:19:57.942+0000] {logging_mixin.py:190} INFO - Internet connection detected. Proceeding...
[2025-05-12T04:19:57.942+0000] {logging_mixin.py:190} INFO - Error downloading video: local variable 'e' referenced before assignment
[2025-05-12T04:19:57.944+0000] {database_utils.py:136} ERROR - Not found video 7474681315955150126 in database
[2025-05-12T04:19:58.085+0000] {logging_mixin.py:190} INFO - Internet connection detected. Proceeding...
[2025-05-12T04:19:58.086+0000] {logging_mixin.py:190} INFO - Error downloading video: local variable 'e' referenced before assignment
[2025-05-12T04:19:58.088+0000] {database_utils.py:136} ERROR - Not found video 7460511600202648878 in database
[2025-05-12T04:19:58.256+0000] {logging_mixin.py:190} INFO - Internet connection detected. Proceeding...
[2025-05-12T04:19:58.257+0000] {logging_mixin.py:190} INFO - Error downloading video: local variable 'e' referenced before assignment
[2025-05-12T04:19:58.259+0000] {database_utils.py:136} ERROR - Not found video 7457228860275395882 in database
[2025-05-12T04:19:58.401+0000] {logging_mixin.py:190} INFO - Internet connection detected. Proceeding...
[2025-05-12T04:19:58.401+0000] {logging_mixin.py:190} INFO - Error downloading video: local variable 'e' referenced before assignment
[2025-05-12T04:19:58.402+0000] {database_utils.py:136} ERROR - Not found video 7455388311826287914 in database
[2025-05-12T04:19:58.526+0000] {logging_mixin.py:190} INFO - Internet connection detected. Proceeding...
[2025-05-12T04:19:58.527+0000] {logging_mixin.py:190} INFO - Error downloading video: local variable 'e' referenced before assignment
[2025-05-12T04:19:58.528+0000] {database_utils.py:136} ERROR - Not found video 7473137749025967406 in database
[2025-05-12T04:19:58.651+0000] {logging_mixin.py:190} INFO - Internet connection detected. Proceeding...
[2025-05-12T04:19:58.652+0000] {logging_mixin.py:190} INFO - Error downloading video: local variable 'e' referenced before assignment
[2025-05-12T04:19:58.653+0000] {database_utils.py:136} ERROR - Not found video 7452740726187642155 in database
[2025-05-12T04:19:58.787+0000] {logging_mixin.py:190} INFO - Internet connection detected. Proceeding...
[2025-05-12T04:19:58.788+0000] {logging_mixin.py:190} INFO - Error downloading video: local variable 'e' referenced before assignment
[2025-05-12T04:19:58.790+0000] {database_utils.py:136} ERROR - Not found video 7492481998187990318 in database
[2025-05-12T04:19:58.923+0000] {logging_mixin.py:190} INFO - Internet connection detected. Proceeding...
[2025-05-12T04:19:58.923+0000] {logging_mixin.py:190} INFO - Error downloading video: local variable 'e' referenced before assignment
[2025-05-12T04:19:58.925+0000] {database_utils.py:136} ERROR - Not found video 7498828992825396526 in database
[2025-05-12T04:19:59.046+0000] {logging_mixin.py:190} INFO - Internet connection detected. Proceeding...
[2025-05-12T04:19:59.046+0000] {logging_mixin.py:190} INFO - Error downloading video: local variable 'e' referenced before assignment
[2025-05-12T04:19:59.047+0000] {database_utils.py:136} ERROR - Not found video 7460513088354258219 in database
[2025-05-12T04:19:59.169+0000] {logging_mixin.py:190} INFO - Internet connection detected. Proceeding...
[2025-05-12T04:19:59.170+0000] {logging_mixin.py:190} INFO - Error downloading video: local variable 'e' referenced before assignment
[2025-05-12T04:19:59.171+0000] {database_utils.py:136} ERROR - Not found video 7487701629119171886 in database
[2025-05-12T04:19:59.297+0000] {logging_mixin.py:190} INFO - Internet connection detected. Proceeding...
[2025-05-12T04:19:59.297+0000] {logging_mixin.py:190} INFO - Error downloading video: local variable 'e' referenced before assignment
[2025-05-12T04:19:59.298+0000] {database_utils.py:136} ERROR - Not found video 7473147398718573866 in database
[2025-05-12T04:19:59.468+0000] {logging_mixin.py:190} INFO - Internet connection detected. Proceeding...
[2025-05-12T04:19:59.468+0000] {logging_mixin.py:190} INFO - Error downloading video: local variable 'e' referenced before assignment
[2025-05-12T04:19:59.469+0000] {database_utils.py:136} ERROR - Not found video 7495761605502848298 in database
[2025-05-12T04:19:59.610+0000] {logging_mixin.py:190} INFO - Internet connection detected. Proceeding...
[2025-05-12T04:19:59.611+0000] {logging_mixin.py:190} INFO - Error downloading video: local variable 'e' referenced before assignment
[2025-05-12T04:19:59.612+0000] {database_utils.py:136} ERROR - Not found video 7451345731819965742 in database
[2025-05-12T04:19:59.748+0000] {logging_mixin.py:190} INFO - Internet connection detected. Proceeding...
[2025-05-12T04:19:59.748+0000] {logging_mixin.py:190} INFO - Error downloading video: local variable 'e' referenced before assignment
[2025-05-12T04:19:59.750+0000] {database_utils.py:136} ERROR - Not found video 7494644438497529130 in database
[2025-05-12T04:19:59.882+0000] {logging_mixin.py:190} INFO - Internet connection detected. Proceeding...
[2025-05-12T04:19:59.883+0000] {logging_mixin.py:190} INFO - Error downloading video: local variable 'e' referenced before assignment
[2025-05-12T04:19:59.885+0000] {database_utils.py:136} ERROR - Not found video 7493217492802882858 in database
[2025-05-12T04:20:00.021+0000] {logging_mixin.py:190} INFO - Internet connection detected. Proceeding...
[2025-05-12T04:20:00.022+0000] {logging_mixin.py:190} INFO - Error downloading video: local variable 'e' referenced before assignment
[2025-05-12T04:20:00.025+0000] {database_utils.py:136} ERROR - Not found video 7461443489067240747 in database
[2025-05-12T04:20:00.168+0000] {logging_mixin.py:190} INFO - Internet connection detected. Proceeding...
[2025-05-12T04:20:00.169+0000] {logging_mixin.py:190} INFO - Error downloading video: local variable 'e' referenced before assignment
[2025-05-12T04:20:00.170+0000] {database_utils.py:136} ERROR - Not found video 7482814601717910826 in database
[2025-05-12T04:20:00.293+0000] {logging_mixin.py:190} INFO - Internet connection detected. Proceeding...
[2025-05-12T04:20:00.294+0000] {logging_mixin.py:190} INFO - Error downloading video: local variable 'e' referenced before assignment
[2025-05-12T04:20:00.296+0000] {database_utils.py:136} ERROR - Not found video 7456475589663362350 in database
[2025-05-12T04:20:00.443+0000] {logging_mixin.py:190} INFO - Internet connection detected. Proceeding...
[2025-05-12T04:20:00.444+0000] {logging_mixin.py:190} INFO - Error downloading video: local variable 'e' referenced before assignment
[2025-05-12T04:20:00.445+0000] {database_utils.py:136} ERROR - Not found video 7451022184526482730 in database
[2025-05-12T04:20:00.581+0000] {logging_mixin.py:190} INFO - Internet connection detected. Proceeding...
[2025-05-12T04:20:00.581+0000] {logging_mixin.py:190} INFO - Error downloading video: local variable 'e' referenced before assignment
[2025-05-12T04:20:00.582+0000] {database_utils.py:136} ERROR - Not found video 7447285805044993326 in database
[2025-05-12T04:20:00.715+0000] {logging_mixin.py:190} INFO - Internet connection detected. Proceeding...
[2025-05-12T04:20:00.715+0000] {logging_mixin.py:190} INFO - Error downloading video: local variable 'e' referenced before assignment
[2025-05-12T04:20:00.717+0000] {database_utils.py:136} ERROR - Not found video 7490673656641637675 in database
[2025-05-12T04:20:00.845+0000] {logging_mixin.py:190} INFO - Internet connection detected. Proceeding...
[2025-05-12T04:20:00.845+0000] {logging_mixin.py:190} INFO - Error downloading video: local variable 'e' referenced before assignment
[2025-05-12T04:20:00.846+0000] {database_utils.py:136} ERROR - Not found video 7451804943654276398 in database
[2025-05-12T04:20:00.978+0000] {logging_mixin.py:190} INFO - Internet connection detected. Proceeding...
[2025-05-12T04:20:00.978+0000] {logging_mixin.py:190} INFO - Error downloading video: local variable 'e' referenced before assignment
[2025-05-12T04:20:00.979+0000] {database_utils.py:136} ERROR - Not found video 7450249740471749934 in database
[2025-05-12T04:20:01.126+0000] {logging_mixin.py:190} INFO - Internet connection detected. Proceeding...
[2025-05-12T04:20:01.126+0000] {logging_mixin.py:190} INFO - Error downloading video: local variable 'e' referenced before assignment
[2025-05-12T04:20:01.127+0000] {database_utils.py:136} ERROR - Not found video 7455784020379716910 in database
[2025-05-12T04:20:01.256+0000] {logging_mixin.py:190} INFO - Internet connection detected. Proceeding...
[2025-05-12T04:20:01.257+0000] {logging_mixin.py:190} INFO - Error downloading video: local variable 'e' referenced before assignment
[2025-05-12T04:20:01.258+0000] {database_utils.py:136} ERROR - Not found video 7454241121665944874 in database
[2025-05-12T04:20:01.393+0000] {logging_mixin.py:190} INFO - Internet connection detected. Proceeding...
[2025-05-12T04:20:01.393+0000] {logging_mixin.py:190} INFO - Error downloading video: local variable 'e' referenced before assignment
[2025-05-12T04:20:01.395+0000] {database_utils.py:136} ERROR - Not found video 7498176682105294123 in database
[2025-05-12T04:20:01.537+0000] {logging_mixin.py:190} INFO - Internet connection detected. Proceeding...
[2025-05-12T04:20:01.537+0000] {logging_mixin.py:190} INFO - Error downloading video: local variable 'e' referenced before assignment
[2025-05-12T04:20:01.539+0000] {database_utils.py:136} ERROR - Not found video 7486515871624596782 in database
[2025-05-12T04:20:01.664+0000] {logging_mixin.py:190} INFO - Internet connection detected. Proceeding...
[2025-05-12T04:20:01.665+0000] {logging_mixin.py:190} INFO - Error downloading video: local variable 'e' referenced before assignment
[2025-05-12T04:20:01.667+0000] {database_utils.py:136} ERROR - Not found video 7475105018052480302 in database
[2025-05-12T04:20:01.817+0000] {logging_mixin.py:190} INFO - Internet connection detected. Proceeding...
[2025-05-12T04:20:01.817+0000] {logging_mixin.py:190} INFO - Error downloading video: local variable 'e' referenced before assignment
[2025-05-12T04:20:01.820+0000] {database_utils.py:136} ERROR - Not found video 7472396683477830955 in database
[2025-05-12T04:20:01.965+0000] {logging_mixin.py:190} INFO - Internet connection detected. Proceeding...
[2025-05-12T04:20:01.965+0000] {logging_mixin.py:190} INFO - Error downloading video: local variable 'e' referenced before assignment
[2025-05-12T04:20:01.966+0000] {database_utils.py:136} ERROR - Not found video 7452738096988294446 in database
[2025-05-12T04:20:02.099+0000] {logging_mixin.py:190} INFO - Internet connection detected. Proceeding...
[2025-05-12T04:20:02.100+0000] {logging_mixin.py:190} INFO - Error downloading video: local variable 'e' referenced before assignment
[2025-05-12T04:20:02.103+0000] {database_utils.py:136} ERROR - Not found video 7478382826568568110 in database
[2025-05-12T04:20:02.242+0000] {logging_mixin.py:190} INFO - Internet connection detected. Proceeding...
[2025-05-12T04:20:02.242+0000] {logging_mixin.py:190} INFO - Error downloading video: local variable 'e' referenced before assignment
[2025-05-12T04:20:02.244+0000] {database_utils.py:136} ERROR - Not found video 7480993221586292014 in database
[2025-05-12T04:20:02.387+0000] {logging_mixin.py:190} INFO - Internet connection detected. Proceeding...
[2025-05-12T04:20:02.388+0000] {logging_mixin.py:190} INFO - Error downloading video: local variable 'e' referenced before assignment
[2025-05-12T04:20:02.398+0000] {database_utils.py:136} ERROR - Not found video 7447975660741610795 in database
[2025-05-12T04:20:02.534+0000] {python.py:240} INFO - Done. Returned value was: None
[2025-05-12T04:20:02.541+0000] {taskinstance.py:340} INFO - ::group::Post task execution logs
[2025-05-12T04:20:02.541+0000] {taskinstance.py:352} INFO - Marking task as SUCCESS. dag_id=tiktok_videos_scraper_dag, task_id=tiktok_videos_scraper, run_id=manual__2025-05-12T04:19:45.256910+00:00, execution_date=20250512T041945, start_date=20250512T041945, end_date=20250512T042002
[2025-05-12T04:20:02.575+0000] {local_task_job_runner.py:261} INFO - Task exited with return code 0
[2025-05-12T04:20:02.586+0000] {taskinstance.py:3891} INFO - 0 downstream tasks scheduled from follow-on schedule check
[2025-05-12T04:20:02.604+0000] {local_task_job_runner.py:240} INFO - ::endgroup::
