[2025-05-14T08:47:27.270+0000] {local_task_job_runner.py:123} INFO - ::group::Pre task execution logs
[2025-05-14T08:47:27.285+0000] {taskinstance.py:2603} INFO - Dependencies all met for dep_context=non-requeueable deps ti=<TaskInstance: x_videos_scraper_dag.x_videos_scraper manual__2025-05-14T08:47:26.263108+00:00 [queued]>
[2025-05-14T08:47:27.291+0000] {taskinstance.py:2603} INFO - Dependencies all met for dep_context=requeueable deps ti=<TaskInstance: x_videos_scraper_dag.x_videos_scraper manual__2025-05-14T08:47:26.263108+00:00 [queued]>
[2025-05-14T08:47:27.292+0000] {taskinstance.py:2856} INFO - Starting attempt 1 of 1
[2025-05-14T08:47:27.304+0000] {taskinstance.py:2879} INFO - Executing <Task(_PythonDecoratedOperator): x_videos_scraper> on 2025-05-14 08:47:26.263108+00:00
[2025-05-14T08:47:27.307+0000] {standard_task_runner.py:72} INFO - Started process 83 to run task
[2025-05-14T08:47:27.310+0000] {standard_task_runner.py:104} INFO - Running: ['airflow', 'tasks', 'run', 'x_videos_scraper_dag', 'x_videos_scraper', 'manual__2025-05-14T08:47:26.263108+00:00', '--job-id', '5446', '--raw', '--subdir', 'DAGS_FOLDER/pipeline_x.py', '--cfg-path', '/tmp/tmp_zze0og9']
[2025-05-14T08:47:27.312+0000] {standard_task_runner.py:105} INFO - Job 5446: Subtask x_videos_scraper
[2025-05-14T08:47:27.359+0000] {task_command.py:467} INFO - Running <TaskInstance: x_videos_scraper_dag.x_videos_scraper manual__2025-05-14T08:47:26.263108+00:00 [running]> on host 255dbbe6d096
[2025-05-14T08:47:27.442+0000] {taskinstance.py:3122} INFO - Exporting env vars: AIRFLOW_CTX_DAG_OWNER='airflow' AIRFLOW_CTX_DAG_ID='x_videos_scraper_dag' AIRFLOW_CTX_TASK_ID='x_videos_scraper' AIRFLOW_CTX_EXECUTION_DATE='2025-05-14T08:47:26.263108+00:00' AIRFLOW_CTX_TRY_NUMBER='1' AIRFLOW_CTX_DAG_RUN_ID='manual__2025-05-14T08:47:26.263108+00:00'
[2025-05-14T08:47:27.444+0000] {taskinstance.py:731} INFO - ::endgroup::
[2025-05-14T08:47:57.846+0000] {logging_mixin.py:190} INFO - Attempt 1 failed, retrying...
[2025-05-14T08:48:31.168+0000] {logging_mixin.py:190} INFO - Attempt 2 failed, retrying...
[2025-05-14T08:49:04.525+0000] {logging_mixin.py:190} INFO - Failed after 3 attempts: Page.wait_for_selector: Timeout 30000ms exceeded.
Call log:
  - waiting for locator("article") to be visible
[2025-05-14T08:49:04.625+0000] {python.py:240} INFO - Done. Returned value was: []
[2025-05-14T08:49:04.645+0000] {taskinstance.py:340} INFO - ::group::Post task execution logs
[2025-05-14T08:49:04.645+0000] {taskinstance.py:352} INFO - Marking task as SUCCESS. dag_id=x_videos_scraper_dag, task_id=x_videos_scraper, run_id=manual__2025-05-14T08:47:26.263108+00:00, execution_date=20250514T084726, start_date=20250514T084727, end_date=20250514T084904
[2025-05-14T08:49:04.701+0000] {local_task_job_runner.py:261} INFO - Task exited with return code 0
[2025-05-14T08:49:04.717+0000] {taskinstance.py:3891} INFO - 1 downstream tasks scheduled from follow-on schedule check
[2025-05-14T08:49:04.720+0000] {local_task_job_runner.py:240} INFO - ::endgroup::
