[2025-05-05T02:31:42.672+0000] {local_task_job_runner.py:123} INFO - ::group::Pre task execution logs
[2025-05-05T02:31:42.682+0000] {taskinstance.py:2603} INFO - Dependencies all met for dep_context=non-requeueable deps ti=<TaskInstance: tutorial.templated scheduled__2025-05-04T00:00:00+00:00 [queued]>
[2025-05-05T02:31:42.687+0000] {taskinstance.py:2603} INFO - Dependencies all met for dep_context=requeueable deps ti=<TaskInstance: tutorial.templated scheduled__2025-05-04T00:00:00+00:00 [queued]>
[2025-05-05T02:31:42.687+0000] {taskinstance.py:2856} INFO - Starting attempt 1 of 2
[2025-05-05T02:31:42.694+0000] {taskinstance.py:2879} INFO - Executing <Task(BashOperator): templated> on 2025-05-04 00:00:00+00:00
[2025-05-05T02:31:42.696+0000] {standard_task_runner.py:72} INFO - Started process 156 to run task
[2025-05-05T02:31:42.699+0000] {standard_task_runner.py:104} INFO - Running: ['airflow', 'tasks', 'run', 'tutorial', 'templated', 'scheduled__2025-05-04T00:00:00+00:00', '--job-id', '2486', '--raw', '--subdir', 'DAGS_FOLDER/tuts/tutorial.py', '--cfg-path', '/tmp/tmpn_j8attk']
[2025-05-05T02:31:42.699+0000] {standard_task_runner.py:105} INFO - Job 2486: Subtask templated
[2025-05-05T02:31:42.730+0000] {task_command.py:467} INFO - Running <TaskInstance: tutorial.templated scheduled__2025-05-04T00:00:00+00:00 [running]> on host 2c7afa36055b
[2025-05-05T02:31:42.786+0000] {taskinstance.py:3122} INFO - Exporting env vars: AIRFLOW_CTX_DAG_OWNER='airflow' AIRFLOW_CTX_DAG_ID='tutorial' AIRFLOW_CTX_TASK_ID='templated' AIRFLOW_CTX_EXECUTION_DATE='2025-05-04T00:00:00+00:00' AIRFLOW_CTX_TRY_NUMBER='1' AIRFLOW_CTX_DAG_RUN_ID='scheduled__2025-05-04T00:00:00+00:00'
[2025-05-05T02:31:42.786+0000] {taskinstance.py:731} INFO - ::endgroup::
[2025-05-05T02:31:42.793+0000] {subprocess.py:63} INFO - Tmp dir root location: /tmp
[2025-05-05T02:31:42.794+0000] {subprocess.py:75} INFO - Running command: ['/usr/bin/bash', '-c', '\n\n    echo "2025-05-04"\n    echo "2025-05-11"\n\n    echo "2025-05-04"\n    echo "2025-05-11"\n\n    echo "2025-05-04"\n    echo "2025-05-11"\n\n    echo "2025-05-04"\n    echo "2025-05-11"\n\n    echo "2025-05-04"\n    echo "2025-05-11"\n']
[2025-05-05T02:31:42.798+0000] {subprocess.py:86} INFO - Output:
[2025-05-05T02:31:42.799+0000] {subprocess.py:93} INFO - 2025-05-04
[2025-05-05T02:31:42.799+0000] {subprocess.py:93} INFO - 2025-05-11
[2025-05-05T02:31:42.799+0000] {subprocess.py:93} INFO - 2025-05-04
[2025-05-05T02:31:42.799+0000] {subprocess.py:93} INFO - 2025-05-11
[2025-05-05T02:31:42.800+0000] {subprocess.py:93} INFO - 2025-05-04
[2025-05-05T02:31:42.800+0000] {subprocess.py:93} INFO - 2025-05-11
[2025-05-05T02:31:42.800+0000] {subprocess.py:93} INFO - 2025-05-04
[2025-05-05T02:31:42.800+0000] {subprocess.py:93} INFO - 2025-05-11
[2025-05-05T02:31:42.800+0000] {subprocess.py:93} INFO - 2025-05-04
[2025-05-05T02:31:42.800+0000] {subprocess.py:93} INFO - 2025-05-11
[2025-05-05T02:31:42.800+0000] {subprocess.py:97} INFO - Command exited with return code 0
[2025-05-05T02:31:42.816+0000] {taskinstance.py:340} INFO - ::group::Post task execution logs
[2025-05-05T02:31:42.817+0000] {taskinstance.py:352} INFO - Marking task as SUCCESS. dag_id=tutorial, task_id=templated, run_id=scheduled__2025-05-04T00:00:00+00:00, execution_date=20250504T000000, start_date=20250505T023142, end_date=20250505T023142
[2025-05-05T02:31:42.834+0000] {local_task_job_runner.py:261} INFO - Task exited with return code 0
[2025-05-05T02:31:42.845+0000] {taskinstance.py:3891} INFO - 0 downstream tasks scheduled from follow-on schedule check
[2025-05-05T02:31:42.846+0000] {local_task_job_runner.py:240} INFO - ::endgroup::
