[2025-05-15T09:02:24.940+0000] {local_task_job_runner.py:123} INFO - ::group::Pre task execution logs
[2025-05-15T09:02:24.953+0000] {taskinstance.py:2603} INFO - Dependencies all met for dep_context=non-requeueable deps ti=<TaskInstance: tiktok_videos_scraper_dag.tiktok_videos_scraper_task manual__2025-05-15T09:02:23.948573+00:00 [queued]>
[2025-05-15T09:02:24.960+0000] {taskinstance.py:2603} INFO - Dependencies all met for dep_context=requeueable deps ti=<TaskInstance: tiktok_videos_scraper_dag.tiktok_videos_scraper_task manual__2025-05-15T09:02:23.948573+00:00 [queued]>
[2025-05-15T09:02:24.960+0000] {taskinstance.py:2856} INFO - Starting attempt 1 of 1
[2025-05-15T09:02:24.972+0000] {taskinstance.py:2879} INFO - Executing <Task(PythonOperator): tiktok_videos_scraper_task> on 2025-05-15 09:02:23.948573+00:00
[2025-05-15T09:02:24.976+0000] {standard_task_runner.py:72} INFO - Started process 3978 to run task
[2025-05-15T09:02:24.980+0000] {standard_task_runner.py:104} INFO - Running: ['airflow', 'tasks', 'run', 'tiktok_videos_scraper_dag', 'tiktok_videos_scraper_task', 'manual__2025-05-15T09:02:23.948573+00:00', '--job-id', '5966', '--raw', '--subdir', 'DAGS_FOLDER/pipeline_tiktok.py', '--cfg-path', '/tmp/tmpm6a6zxcl']
[2025-05-15T09:02:24.981+0000] {standard_task_runner.py:105} INFO - Job 5966: Subtask tiktok_videos_scraper_task
[2025-05-15T09:02:25.023+0000] {task_command.py:467} INFO - Running <TaskInstance: tiktok_videos_scraper_dag.tiktok_videos_scraper_task manual__2025-05-15T09:02:23.948573+00:00 [running]> on host 8579eb2523da
[2025-05-15T09:02:25.087+0000] {taskinstance.py:3122} INFO - Exporting env vars: AIRFLOW_CTX_DAG_OWNER='airflow' AIRFLOW_CTX_DAG_ID='tiktok_videos_scraper_dag' AIRFLOW_CTX_TASK_ID='tiktok_videos_scraper_task' AIRFLOW_CTX_EXECUTION_DATE='2025-05-15T09:02:23.948573+00:00' AIRFLOW_CTX_TRY_NUMBER='1' AIRFLOW_CTX_DAG_RUN_ID='manual__2025-05-15T09:02:23.948573+00:00'
[2025-05-15T09:02:25.088+0000] {taskinstance.py:731} INFO - ::endgroup::
[2025-05-15T09:03:31.262+0000] {job.py:229} INFO - Heartbeat recovered after 56.08 seconds
[2025-05-15T09:03:31.956+0000] {logging_mixin.py:190} WARNING - 2025-05-15 09:03:31,902 - TikTokApi.tiktok - ERROR - Failed to create session: Page.goto: Timeout 30000ms exceeded.
Call log:
  - navigating to "https://www.tiktok.com/", waiting until "load"
[2025-05-15T09:03:31.902+0000] {tiktok.py:222} ERROR - Failed to create session: Page.goto: Timeout 30000ms exceeded.
Call log:
  - navigating to "https://www.tiktok.com/", waiting until "load"

[2025-05-15T09:04:52.296+0000] {job.py:229} INFO - Heartbeat recovered after 81.15 seconds
[2025-05-15T09:05:36.963+0000] {job.py:229} INFO - Heartbeat recovered after 47.28 seconds
[2025-05-15T09:05:48.753+0000] {job.py:229} INFO - Heartbeat recovered after 12.50 seconds
[2025-05-15T09:06:55.055+0000] {job.py:229} INFO - Heartbeat recovered after 66.46 seconds
[2025-05-15T09:06:55.308+0000] {logging_mixin.py:190} INFO - Error in TikTok API: Page.goto: Timeout 30000ms exceeded.
Call log:
  - navigating to "https://www.tiktok.com/", waiting until "load"
[2025-05-15T09:06:55.974+0000] {python.py:240} INFO - Done. Returned value was: []
[2025-05-15T09:06:56.024+0000] {taskinstance.py:340} INFO - ::group::Post task execution logs
[2025-05-15T09:06:56.024+0000] {taskinstance.py:352} INFO - Marking task as SUCCESS. dag_id=tiktok_videos_scraper_dag, task_id=tiktok_videos_scraper_task, run_id=manual__2025-05-15T09:02:23.948573+00:00, execution_date=20250515T090223, start_date=20250515T090224, end_date=20250515T090656
[2025-05-15T09:06:56.078+0000] {local_task_job_runner.py:261} INFO - Task exited with return code 0
[2025-05-15T09:06:56.120+0000] {taskinstance.py:3891} INFO - 1 downstream tasks scheduled from follow-on schedule check
[2025-05-15T09:06:56.123+0000] {local_task_job_runner.py:240} INFO - ::endgroup::
