[2025-05-08T07:01:04.483+0000] {local_task_job_runner.py:123} INFO - ::group::Pre task execution logs
[2025-05-08T07:01:04.498+0000] {taskinstance.py:2603} INFO - Dependencies all met for dep_context=non-requeueable deps ti=<TaskInstance: instagram_videos_scraper_dag.ins_videos_scraper manual__2025-05-08T07:01:03.353054+00:00 [queued]>
[2025-05-08T07:01:04.505+0000] {taskinstance.py:2603} INFO - Dependencies all met for dep_context=requeueable deps ti=<TaskInstance: instagram_videos_scraper_dag.ins_videos_scraper manual__2025-05-08T07:01:03.353054+00:00 [queued]>
[2025-05-08T07:01:04.505+0000] {taskinstance.py:2856} INFO - Starting attempt 1 of 1
[2025-05-08T07:01:04.519+0000] {taskinstance.py:2879} INFO - Executing <Task(_PythonDecoratedOperator): ins_videos_scraper> on 2025-05-08 07:01:03.353054+00:00
[2025-05-08T07:01:04.524+0000] {standard_task_runner.py:72} INFO - Started process 104 to run task
[2025-05-08T07:01:04.526+0000] {standard_task_runner.py:104} INFO - Running: ['airflow', 'tasks', 'run', 'instagram_videos_scraper_dag', 'ins_videos_scraper', 'manual__2025-05-08T07:01:03.353054+00:00', '--job-id', '5051', '--raw', '--subdir', 'DAGS_FOLDER/pipeline.py', '--cfg-path', '/tmp/tmpisw7yye_']
[2025-05-08T07:01:04.532+0000] {standard_task_runner.py:105} INFO - Job 5051: Subtask ins_videos_scraper
[2025-05-08T07:01:04.590+0000] {task_command.py:467} INFO - Running <TaskInstance: instagram_videos_scraper_dag.ins_videos_scraper manual__2025-05-08T07:01:03.353054+00:00 [running]> on host 0a5acefefd8e
[2025-05-08T07:01:04.677+0000] {taskinstance.py:3122} INFO - Exporting env vars: AIRFLOW_CTX_DAG_OWNER='airflow' AIRFLOW_CTX_DAG_ID='instagram_videos_scraper_dag' AIRFLOW_CTX_TASK_ID='ins_videos_scraper' AIRFLOW_CTX_EXECUTION_DATE='2025-05-08T07:01:03.353054+00:00' AIRFLOW_CTX_TRY_NUMBER='1' AIRFLOW_CTX_DAG_RUN_ID='manual__2025-05-08T07:01:03.353054+00:00'
[2025-05-08T07:01:04.678+0000] {taskinstance.py:731} INFO - ::endgroup::
[2025-05-08T07:01:04.680+0000] {logging_mixin.py:190} INFO - Scraping Instagram profile: baukrysie
[2025-05-08T07:01:29.647+0000] {selenium_manager.py:133} WARNING - The chromedriver version (136.0.7103.59) detected in PATH at /usr/bin/chromedriver might not be compatible with the detected chrome version (136.0.7103.92); currently, chromedriver 136.0.7103.92 is recommended for chrome 136.*, so it is advised to delete the driver in PATH and retry
[2025-05-08T07:01:30.600+0000] {logging_mixin.py:190} INFO - url: https://www.instagram.com/baukrysie/
[2025-05-08T07:01:32.506+0000] {logging_mixin.py:190} INFO - Step 1 of 2 - Loading profile page
[2025-05-08T07:01:32.506+0000] {logging_mixin.py:190} INFO - Extracting videos...
[2025-05-08T07:01:35.682+0000] {logging_mixin.py:190} INFO - Found 50 video tags
[2025-05-08T07:01:35.886+0000] {logging_mixin.py:190} INFO - Extracted video URL: https://www.instagram.com/baukrysie/reel/DH0KpCARMKo/
[2025-05-08T07:01:35.905+0000] {logging_mixin.py:190} INFO - Extracted video URL: https://www.instagram.com/baukrysie/reel/DGsv_X4y5sv/
[2025-05-08T07:01:38.701+0000] {logging_mixin.py:190} INFO - Found 50 video tags
[2025-05-08T07:01:38.771+0000] {logging_mixin.py:190} INFO - Extracted video URL: https://www.instagram.com/baukrysie/reel/CuOXoAArPXC/
[2025-05-08T07:01:38.781+0000] {logging_mixin.py:190} INFO - Extracted video URL: https://www.instagram.com/baukrysie/reel/DHVTWLmRWeC/
[2025-05-08T07:01:38.792+0000] {logging_mixin.py:190} INFO - Extracted video URL: https://www.instagram.com/baukrysie/reel/DD1nu1WyK2P/
[2025-05-08T07:01:38.797+0000] {logging_mixin.py:190} INFO - Extracted video URL: https://www.instagram.com/baukrysie/reel/DDWD9fTyh4A/
[2025-05-08T07:01:38.802+0000] {logging_mixin.py:190} INFO - Extracted video URL: https://www.instagram.com/baukrysie/reel/C9ARIS4SLH4/
[2025-05-08T07:01:38.807+0000] {logging_mixin.py:190} INFO - Extracted video URL: https://www.instagram.com/baukrysie/reel/C8ozeuUvucg/
[2025-05-08T07:01:38.812+0000] {logging_mixin.py:190} INFO - Extracted video URL: https://www.instagram.com/baukrysie/reel/C78m2CaP1dp/
[2025-05-08T07:01:38.817+0000] {logging_mixin.py:190} INFO - Extracted video URL: https://www.instagram.com/baukrysie/reel/C6dYezvvnt5/
[2025-05-08T07:01:38.822+0000] {logging_mixin.py:190} INFO - Extracted video URL: https://www.instagram.com/baukrysie/reel/C3_6T7txC9G/
[2025-05-08T07:01:38.828+0000] {logging_mixin.py:190} INFO - Extracted video URL: https://www.instagram.com/baukrysie/reel/C3Ftd_LxKth/
[2025-05-08T07:01:50.547+0000] {logging_mixin.py:190} INFO - Found 62 video tags
[2025-05-08T07:01:41.710+0000] {logging_mixin.py:190} INFO - Extracted video URL: https://www.instagram.com/baukrysie/reel/CxzFtriv_xJ/
[2025-05-08T07:01:41.718+0000] {logging_mixin.py:190} INFO - Extracted video URL: https://www.instagram.com/baukrysie/reel/CxAjai1x7MO/
[2025-05-08T07:01:41.725+0000] {logging_mixin.py:190} INFO - Extracted video URL: https://www.instagram.com/baukrysie/reel/CvUBhcfPPDN/
[2025-05-08T07:01:41.733+0000] {logging_mixin.py:190} INFO - Extracted video URL: https://www.instagram.com/baukrysie/reel/CurT9KiLdx9/
[2025-05-08T07:01:41.739+0000] {logging_mixin.py:190} INFO - Extracted video URL: https://www.instagram.com/baukrysie/reel/Ct1S7C_vF-p/
[2025-05-08T07:01:41.746+0000] {logging_mixin.py:190} INFO - Extracted video URL: https://www.instagram.com/baukrysie/reel/Cti6MifL3WA/
[2025-05-08T07:01:41.752+0000] {logging_mixin.py:190} INFO - Extracted video URL: https://www.instagram.com/baukrysie/reel/CtREVfUOD5G/
[2025-05-08T07:01:41.757+0000] {logging_mixin.py:190} INFO - Extracted video URL: https://www.instagram.com/baukrysie/reel/CtEs5eKMi8h/
[2025-05-08T07:01:41.763+0000] {logging_mixin.py:190} INFO - Extracted video URL: https://www.instagram.com/baukrysie/reel/CpiD0D9rC7L/
[2025-05-08T07:01:41.770+0000] {logging_mixin.py:190} INFO - Extracted video URL: https://www.instagram.com/baukrysie/reel/CmbeEeCp2ho/
[2025-05-08T07:01:41.776+0000] {logging_mixin.py:190} INFO - Extracted video URL: https://www.instagram.com/baukrysie/reel/Clsej5VNAQL/
[2025-05-08T07:01:41.782+0000] {logging_mixin.py:190} INFO - Extracted video URL: https://www.instagram.com/baukrysie/reel/ClllGjDr_sA/
[2025-05-08T07:01:45.010+0000] {logging_mixin.py:190} INFO - Found 66 video tags
[2025-05-08T07:01:45.223+0000] {logging_mixin.py:190} INFO - Extracted video URL: https://www.instagram.com/baukrysie/reel/ClX3j-JOeCw/
[2025-05-08T07:01:45.229+0000] {logging_mixin.py:190} INFO - Extracted video URL: https://www.instagram.com/baukrysie/reel/ClRR0j6OFJa/
[2025-05-08T07:01:45.234+0000] {logging_mixin.py:190} INFO - Extracted video URL: https://www.instagram.com/baukrysie/reel/ClJY7JeBj9Y/
[2025-05-08T07:01:45.240+0000] {logging_mixin.py:190} INFO - Extracted video URL: https://www.instagram.com/baukrysie/reel/CjKKsU_jH2o/
[2025-05-08T07:01:47.999+0000] {logging_mixin.py:190} INFO - Found 66 video tags
[2025-05-08T07:01:48.349+0000] {logging_mixin.py:190} INFO - Extracted 28 video URLs
[2025-05-08T07:01:48.350+0000] {logging_mixin.py:190} INFO - Step 2 of 2 - Downloading and saving videos
[2025-05-08T07:01:48.350+0000] {logging_mixin.py:190} INFO - Don't close the app! Saving scraped data to database, it can take a while!
[2025-05-08T07:01:48.351+0000] {logging_mixin.py:190} INFO - An error occurred [Errno 13] Permission denied: 'scraped_data/instagram.txt'
[2025-05-08T07:01:48.524+0000] {logging_mixin.py:190} INFO - Reading URLs from scraped_data/instagram.txt...
[2025-05-08T07:01:48.657+0000] {taskinstance.py:3301} ERROR - Task failed with exception
Traceback (most recent call last):
  File "/home/airflow/.local/lib/python3.10/site-packages/airflow/models/taskinstance.py", line 767, in _execute_task
    result = _execute_callable(context=context, **execute_callable_kwargs)
  File "/home/airflow/.local/lib/python3.10/site-packages/airflow/models/taskinstance.py", line 733, in _execute_callable
    return ExecutionCallableRunner(
  File "/home/airflow/.local/lib/python3.10/site-packages/airflow/utils/operator_helpers.py", line 252, in run
    return self.func(*args, **kwargs)
  File "/home/airflow/.local/lib/python3.10/site-packages/airflow/models/baseoperator.py", line 406, in wrapper
    return func(self, *args, **kwargs)
  File "/home/airflow/.local/lib/python3.10/site-packages/airflow/decorators/base.py", line 266, in execute
    return_value = super().execute(context)
  File "/home/airflow/.local/lib/python3.10/site-packages/airflow/models/baseoperator.py", line 406, in wrapper
    return func(self, *args, **kwargs)
  File "/home/airflow/.local/lib/python3.10/site-packages/airflow/operators/python.py", line 238, in execute
    return_value = self.execute_callable()
  File "/home/airflow/.local/lib/python3.10/site-packages/airflow/operators/python.py", line 256, in execute_callable
    return runner.run(*self.op_args, **self.op_kwargs)
  File "/home/airflow/.local/lib/python3.10/site-packages/airflow/utils/operator_helpers.py", line 252, in run
    return self.func(*args, **kwargs)
  File "/opt/airflow/dags/tasks/insta_scraper.py", line 19, in ins_videos_scraper
    batch_download_from_file(INSTAGRAM_FILE_PATH, download_directory, tiktok=False)
  File "/opt/airflow/dags/utils/downloader.py", line 116, in batch_download_from_file
    with open(file_path, "r") as file:
FileNotFoundError: [Errno 2] No such file or directory: 'scraped_data/instagram.txt'
[2025-05-08T07:01:48.666+0000] {taskinstance.py:1225} INFO - Marking task as FAILED. dag_id=instagram_videos_scraper_dag, task_id=ins_videos_scraper, run_id=manual__2025-05-08T07:01:03.353054+00:00, execution_date=20250508T070103, start_date=20250508T070104, end_date=20250508T070148
[2025-05-08T07:01:48.680+0000] {taskinstance.py:340} INFO - ::group::Post task execution logs
[2025-05-08T07:01:48.680+0000] {standard_task_runner.py:124} ERROR - Failed to execute job 5051 for task ins_videos_scraper ([Errno 2] No such file or directory: 'scraped_data/instagram.txt'; 104)
Traceback (most recent call last):
  File "/home/airflow/.local/lib/python3.10/site-packages/airflow/task/task_runner/standard_task_runner.py", line 117, in _start_by_fork
    ret = args.func(args, dag=self.dag)
  File "/home/airflow/.local/lib/python3.10/site-packages/airflow/cli/cli_config.py", line 49, in command
    return func(*args, **kwargs)
  File "/home/airflow/.local/lib/python3.10/site-packages/airflow/utils/cli.py", line 115, in wrapper
    return f(*args, **kwargs)
  File "/home/airflow/.local/lib/python3.10/site-packages/airflow/cli/commands/task_command.py", line 483, in task_run
    task_return_code = _run_task_by_selected_method(args, _dag, ti)
  File "/home/airflow/.local/lib/python3.10/site-packages/airflow/cli/commands/task_command.py", line 256, in _run_task_by_selected_method
    return _run_raw_task(args, ti)
  File "/home/airflow/.local/lib/python3.10/site-packages/airflow/cli/commands/task_command.py", line 341, in _run_raw_task
    return ti._run_raw_task(
  File "/home/airflow/.local/lib/python3.10/site-packages/airflow/utils/session.py", line 97, in wrapper
    return func(*args, session=session, **kwargs)
  File "/home/airflow/.local/lib/python3.10/site-packages/airflow/models/taskinstance.py", line 2995, in _run_raw_task
    return _run_raw_task(
  File "/home/airflow/.local/lib/python3.10/site-packages/airflow/models/taskinstance.py", line 273, in _run_raw_task
    TaskInstance._execute_task_with_callbacks(
  File "/home/airflow/.local/lib/python3.10/site-packages/airflow/models/taskinstance.py", line 3149, in _execute_task_with_callbacks
    result = self._execute_task(context, task_orig)
  File "/home/airflow/.local/lib/python3.10/site-packages/airflow/models/taskinstance.py", line 3173, in _execute_task
    return _execute_task(self, context, task_orig)
  File "/home/airflow/.local/lib/python3.10/site-packages/airflow/models/taskinstance.py", line 767, in _execute_task
    result = _execute_callable(context=context, **execute_callable_kwargs)
  File "/home/airflow/.local/lib/python3.10/site-packages/airflow/models/taskinstance.py", line 733, in _execute_callable
    return ExecutionCallableRunner(
  File "/home/airflow/.local/lib/python3.10/site-packages/airflow/utils/operator_helpers.py", line 252, in run
    return self.func(*args, **kwargs)
  File "/home/airflow/.local/lib/python3.10/site-packages/airflow/models/baseoperator.py", line 406, in wrapper
    return func(self, *args, **kwargs)
  File "/home/airflow/.local/lib/python3.10/site-packages/airflow/decorators/base.py", line 266, in execute
    return_value = super().execute(context)
  File "/home/airflow/.local/lib/python3.10/site-packages/airflow/models/baseoperator.py", line 406, in wrapper
    return func(self, *args, **kwargs)
  File "/home/airflow/.local/lib/python3.10/site-packages/airflow/operators/python.py", line 238, in execute
    return_value = self.execute_callable()
  File "/home/airflow/.local/lib/python3.10/site-packages/airflow/operators/python.py", line 256, in execute_callable
    return runner.run(*self.op_args, **self.op_kwargs)
  File "/home/airflow/.local/lib/python3.10/site-packages/airflow/utils/operator_helpers.py", line 252, in run
    return self.func(*args, **kwargs)
  File "/opt/airflow/dags/tasks/insta_scraper.py", line 19, in ins_videos_scraper
    batch_download_from_file(INSTAGRAM_FILE_PATH, download_directory, tiktok=False)
  File "/opt/airflow/dags/utils/downloader.py", line 116, in batch_download_from_file
    with open(file_path, "r") as file:
FileNotFoundError: [Errno 2] No such file or directory: 'scraped_data/instagram.txt'
[2025-05-08T07:01:48.692+0000] {local_task_job_runner.py:261} INFO - Task exited with return code 1
[2025-05-08T07:01:48.703+0000] {taskinstance.py:3891} INFO - 0 downstream tasks scheduled from follow-on schedule check
[2025-05-08T07:01:48.705+0000] {local_task_job_runner.py:240} INFO - ::endgroup::
