[2025-05-26T02:23:40.914+0000] {local_task_job_runner.py:123} INFO - ::group::Pre task execution logs
[2025-05-26T02:23:40.924+0000] {taskinstance.py:2603} INFO - Dependencies all met for dep_context=non-requeueable deps ti=<TaskInstance: instagram_videos_scraper_dag.get_links_task manual__2025-05-26T02:23:40.226361+00:00 [queued]>
[2025-05-26T02:23:40.930+0000] {taskinstance.py:2603} INFO - Dependencies all met for dep_context=requeueable deps ti=<TaskInstance: instagram_videos_scraper_dag.get_links_task manual__2025-05-26T02:23:40.226361+00:00 [queued]>
[2025-05-26T02:23:40.930+0000] {taskinstance.py:2856} INFO - Starting attempt 1 of 1
[2025-05-26T02:23:40.939+0000] {taskinstance.py:2879} INFO - Executing <Task(PythonOperator): get_links_task> on 2025-05-26 02:23:40.226361+00:00
[2025-05-26T02:23:40.941+0000] {standard_task_runner.py:72} INFO - Started process 635 to run task
[2025-05-26T02:23:40.944+0000] {standard_task_runner.py:104} INFO - Running: ['airflow', 'tasks', 'run', 'instagram_videos_scraper_dag', 'get_links_task', 'manual__2025-05-26T02:23:40.226361+00:00', '--job-id', '6717', '--raw', '--subdir', 'DAGS_FOLDER/pipeline_instagram.py', '--cfg-path', '/tmp/tmpky9aumq5']
[2025-05-26T02:23:40.945+0000] {standard_task_runner.py:105} INFO - Job 6717: Subtask get_links_task
[2025-05-26T02:23:40.979+0000] {task_command.py:467} INFO - Running <TaskInstance: instagram_videos_scraper_dag.get_links_task manual__2025-05-26T02:23:40.226361+00:00 [running]> on host 9e147d34972d
[2025-05-26T02:23:41.039+0000] {taskinstance.py:3122} INFO - Exporting env vars: AIRFLOW_CTX_DAG_OWNER='airflow' AIRFLOW_CTX_DAG_ID='instagram_videos_scraper_dag' AIRFLOW_CTX_TASK_ID='get_links_task' AIRFLOW_CTX_EXECUTION_DATE='2025-05-26T02:23:40.226361+00:00' AIRFLOW_CTX_TRY_NUMBER='1' AIRFLOW_CTX_DAG_RUN_ID='manual__2025-05-26T02:23:40.226361+00:00'
[2025-05-26T02:23:41.040+0000] {taskinstance.py:731} INFO - ::endgroup::
[2025-05-26T02:23:41.110+0000] {selenium_manager.py:133} WARNING - The chromedriver version (136.0.7103.59) detected in PATH at /usr/bin/chromedriver might not be compatible with the detected chrome version (136.0.7103.113); currently, chromedriver 136.0.7103.113 is recommended for chrome 136.*, so it is advised to delete the driver in PATH and retry
[2025-05-26T02:23:44.974+0000] {logging_mixin.py:190} INFO - Step 1 of 2 - Loading profile page
[2025-05-26T02:23:44.975+0000] {logging_mixin.py:190} INFO - Extracting videos...
[2025-05-26T02:23:47.998+0000] {logging_mixin.py:190} INFO - Count: 1, Limit: 1
[2025-05-26T02:23:48.023+0000] {logging_mixin.py:190} INFO - Found 47 video tags
[2025-05-26T02:23:48.093+0000] {logging_mixin.py:190} INFO - Extracted video URL: https://www.instagram.com/fcbarcelona/reel/DKF37pUA1R1/
[2025-05-26T02:23:48.099+0000] {logging_mixin.py:190} INFO - Extracted video URL: https://www.instagram.com/fcbarcelona/reel/DKFzA_euYpR/
[2025-05-26T02:23:48.104+0000] {logging_mixin.py:190} INFO - Extracted video URL: https://www.instagram.com/fcbarcelona/reel/DKFyEK2uyoC/
[2025-05-26T02:23:48.109+0000] {logging_mixin.py:190} INFO - Extracted video URL: https://www.instagram.com/fcbarcelona/reel/DKFp4xVO84G/
[2025-05-26T02:23:48.116+0000] {logging_mixin.py:190} INFO - Extracted video URL: https://www.instagram.com/fcbarcelona/reel/DKFnhLeObd9/
[2025-05-26T02:23:48.121+0000] {logging_mixin.py:190} INFO - Extracted video URL: https://www.instagram.com/fcbarcelona/reel/DKFK_WusWGY/
[2025-05-26T02:23:48.127+0000] {logging_mixin.py:190} INFO - Extracted video URL: https://www.instagram.com/fcbarcelona/reel/DKABZ3ksN4h/
[2025-05-26T02:23:48.134+0000] {logging_mixin.py:190} INFO - Extracted video URL: https://www.instagram.com/fcbarcelona/reel/DJ_3hRgMehQ/
[2025-05-26T02:23:48.139+0000] {logging_mixin.py:190} INFO - Extracted video URL: https://www.instagram.com/fcbarcelona/reel/DJ_fAE2MY2L/
[2025-05-26T02:23:48.150+0000] {logging_mixin.py:190} INFO - Extracted video URL: https://www.instagram.com/fcbarcelona/reel/DJ_RVicuus0/
[2025-05-26T02:23:48.156+0000] {logging_mixin.py:190} INFO - Extracted video URL: https://www.instagram.com/fcbarcelona/reel/DJ-Fth2Omv4/
[2025-05-26T02:23:48.162+0000] {logging_mixin.py:190} INFO - Extracted video URL: https://www.instagram.com/fcbarcelona/reel/DJ94KmJumg0/
[2025-05-26T02:23:48.342+0000] {logging_mixin.py:190} INFO - Scrolled 1 iterations
[2025-05-26T02:23:51.358+0000] {logging_mixin.py:190} INFO - Count: 2, Limit: 1
[2025-05-26T02:23:51.358+0000] {logging_mixin.py:190} INFO - Scrolling stopped after 10 iterations
[2025-05-26T02:23:51.358+0000] {logging_mixin.py:190} INFO - Extracted 12 video URLs
[2025-05-26T02:23:51.359+0000] {logging_mixin.py:190} INFO - Step 2 of 2 - Downloading and saving videos
[2025-05-26T02:23:51.359+0000] {logging_mixin.py:190} INFO - Don't close the app! Saving scraped data to database, it can take a while!
[2025-05-26T02:23:51.372+0000] {logging_mixin.py:190} INFO - New videos: 12
[2025-05-26T02:23:51.543+0000] {python.py:240} INFO - Done. Returned value was: {'id': 'fcbarcelona', 'new_links': ('https://www.instagram.com/fcbarcelona/reel/DKFnhLeObd9/', 'https://www.instagram.com/fcbarcelona/reel/DJ_fAE2MY2L/', 'https://www.instagram.com/fcbarcelona/reel/DKABZ3ksN4h/', 'https://www.instagram.com/fcbarcelona/reel/DKFK_WusWGY/', 'https://www.instagram.com/fcbarcelona/reel/DJ_RVicuus0/', 'https://www.instagram.com/fcbarcelona/reel/DKF37pUA1R1/', 'https://www.instagram.com/fcbarcelona/reel/DKFyEK2uyoC/', 'https://www.instagram.com/fcbarcelona/reel/DKFp4xVO84G/', 'https://www.instagram.com/fcbarcelona/reel/DJ_3hRgMehQ/', 'https://www.instagram.com/fcbarcelona/reel/DKFzA_euYpR/', 'https://www.instagram.com/fcbarcelona/reel/DJ-Fth2Omv4/', 'https://www.instagram.com/fcbarcelona/reel/DJ94KmJumg0/')}
[2025-05-26T02:23:51.560+0000] {taskinstance.py:340} INFO - ::group::Post task execution logs
[2025-05-26T02:23:51.560+0000] {taskinstance.py:352} INFO - Marking task as SUCCESS. dag_id=instagram_videos_scraper_dag, task_id=get_links_task, run_id=manual__2025-05-26T02:23:40.226361+00:00, execution_date=20250526T022340, start_date=20250526T022340, end_date=20250526T022351
[2025-05-26T02:23:51.593+0000] {local_task_job_runner.py:261} INFO - Task exited with return code 0
[2025-05-26T02:23:51.600+0000] {local_task_job_runner.py:240} INFO - ::endgroup::
