[2025-05-16T06:59:16.481+0000] {local_task_job_runner.py:123} INFO - ::group::Pre task execution logs
[2025-05-16T06:59:16.493+0000] {taskinstance.py:2603} INFO - Dependencies all met for dep_context=non-requeueable deps ti=<TaskInstance: facebook_videos_scraper_dag.facebook_videos_scraper_task manual__2025-05-16T06:59:15.716147+00:00 [queued]>
[2025-05-16T06:59:16.499+0000] {taskinstance.py:2603} INFO - Dependencies all met for dep_context=requeueable deps ti=<TaskInstance: facebook_videos_scraper_dag.facebook_videos_scraper_task manual__2025-05-16T06:59:15.716147+00:00 [queued]>
[2025-05-16T06:59:16.499+0000] {taskinstance.py:2856} INFO - Starting attempt 1 of 1
[2025-05-16T06:59:16.510+0000] {taskinstance.py:2879} INFO - Executing <Task(PythonOperator): facebook_videos_scraper_task> on 2025-05-16 06:59:15.716147+00:00
[2025-05-16T06:59:16.513+0000] {standard_task_runner.py:72} INFO - Started process 9495 to run task
[2025-05-16T06:59:16.517+0000] {standard_task_runner.py:104} INFO - Running: ['airflow', 'tasks', 'run', 'facebook_videos_scraper_dag', 'facebook_videos_scraper_task', 'manual__2025-05-16T06:59:15.716147+00:00', '--job-id', '6092', '--raw', '--subdir', 'DAGS_FOLDER/pipeline_fb.py', '--cfg-path', '/tmp/tmp2rb_bhdv']
[2025-05-16T06:59:16.519+0000] {standard_task_runner.py:105} INFO - Job 6092: Subtask facebook_videos_scraper_task
[2025-05-16T06:59:16.561+0000] {task_command.py:467} INFO - Running <TaskInstance: facebook_videos_scraper_dag.facebook_videos_scraper_task manual__2025-05-16T06:59:15.716147+00:00 [running]> on host 8579eb2523da
[2025-05-16T06:59:16.622+0000] {taskinstance.py:3122} INFO - Exporting env vars: AIRFLOW_CTX_DAG_OWNER='airflow' AIRFLOW_CTX_DAG_ID='facebook_videos_scraper_dag' AIRFLOW_CTX_TASK_ID='facebook_videos_scraper_task' AIRFLOW_CTX_EXECUTION_DATE='2025-05-16T06:59:15.716147+00:00' AIRFLOW_CTX_TRY_NUMBER='1' AIRFLOW_CTX_DAG_RUN_ID='manual__2025-05-16T06:59:15.716147+00:00'
[2025-05-16T06:59:16.623+0000] {taskinstance.py:731} INFO - ::endgroup::
[2025-05-16T06:59:18.215+0000] {selenium_manager.py:133} WARNING - The chromedriver version (136.0.7103.59) detected in PATH at /usr/bin/chromedriver might not be compatible with the detected chrome version (136.0.7103.94); currently, chromedriver 136.0.7103.94 is recommended for chrome 136.*, so it is advised to delete the driver in PATH and retry
[2025-05-16T06:59:20.302+0000] {logging_mixin.py:190} INFO - Step 1 of 3 - Load cookies
[2025-05-16T06:59:24.053+0000] {logging_mixin.py:190} INFO - Step 2 of 3 - Scrolling page
[2025-05-16T06:59:24.054+0000] {logging_mixin.py:190} INFO - Scrolling 1 iterations...
[2025-05-16T06:59:27.070+0000] {logging_mixin.py:190} INFO - Scrolled 1 iterations
[2025-05-16T06:59:27.071+0000] {logging_mixin.py:190} INFO - Step 3 of 3 - Extract videos urls
[2025-05-16T06:59:27.081+0000] {logging_mixin.py:190} INFO - Found 31 a tags
[2025-05-16T06:59:27.234+0000] {logging_mixin.py:190} INFO - Found 0 href elements
[2025-05-16T06:59:27.235+0000] {logging_mixin.py:190} INFO -  No data found
[2025-05-16T06:59:27.379+0000] {python.py:240} INFO - Done. Returned value was: []
[2025-05-16T06:59:27.395+0000] {taskinstance.py:340} INFO - ::group::Post task execution logs
[2025-05-16T06:59:27.396+0000] {taskinstance.py:352} INFO - Marking task as SUCCESS. dag_id=facebook_videos_scraper_dag, task_id=facebook_videos_scraper_task, run_id=manual__2025-05-16T06:59:15.716147+00:00, execution_date=20250516T065915, start_date=20250516T065916, end_date=20250516T065927
[2025-05-16T06:59:27.447+0000] {local_task_job_runner.py:261} INFO - Task exited with return code 0
[2025-05-16T06:59:27.461+0000] {taskinstance.py:3891} INFO - 1 downstream tasks scheduled from follow-on schedule check
[2025-05-16T06:59:27.463+0000] {local_task_job_runner.py:240} INFO - ::endgroup::
