[2025-05-21T09:03:54.931+0000] {local_task_job_runner.py:123} INFO - ::group::Pre task execution logs
[2025-05-21T09:03:54.942+0000] {taskinstance.py:2603} INFO - Dependencies all met for dep_context=non-requeueable deps ti=<TaskInstance: instagram_videos_scraper_dag.get_links_task manual__2025-05-21T09:03:52.511235+00:00 [queued]>
[2025-05-21T09:03:54.947+0000] {taskinstance.py:2603} INFO - Dependencies all met for dep_context=requeueable deps ti=<TaskInstance: instagram_videos_scraper_dag.get_links_task manual__2025-05-21T09:03:52.511235+00:00 [queued]>
[2025-05-21T09:03:54.948+0000] {taskinstance.py:2856} INFO - Starting attempt 1 of 1
[2025-05-21T09:03:54.955+0000] {taskinstance.py:2879} INFO - Executing <Task(PythonOperator): get_links_task> on 2025-05-21 09:03:52.511235+00:00
[2025-05-21T09:03:54.959+0000] {standard_task_runner.py:72} INFO - Started process 325925 to run task
[2025-05-21T09:03:54.963+0000] {standard_task_runner.py:104} INFO - Running: ['airflow', 'tasks', 'run', 'instagram_videos_scraper_dag', 'get_links_task', 'manual__2025-05-21T09:03:52.511235+00:00', '--job-id', '6449', '--raw', '--subdir', 'DAGS_FOLDER/pipeline_instagram.py', '--cfg-path', '/tmp/tmp81pe9dly']
[2025-05-21T09:03:54.965+0000] {standard_task_runner.py:105} INFO - Job 6449: Subtask get_links_task
[2025-05-21T09:03:55.003+0000] {task_command.py:467} INFO - Running <TaskInstance: instagram_videos_scraper_dag.get_links_task manual__2025-05-21T09:03:52.511235+00:00 [running]> on host 40367d170eab
[2025-05-21T09:03:55.058+0000] {taskinstance.py:3122} INFO - Exporting env vars: AIRFLOW_CTX_DAG_OWNER='airflow' AIRFLOW_CTX_DAG_ID='instagram_videos_scraper_dag' AIRFLOW_CTX_TASK_ID='get_links_task' AIRFLOW_CTX_EXECUTION_DATE='2025-05-21T09:03:52.511235+00:00' AIRFLOW_CTX_TRY_NUMBER='1' AIRFLOW_CTX_DAG_RUN_ID='manual__2025-05-21T09:03:52.511235+00:00'
[2025-05-21T09:03:55.059+0000] {taskinstance.py:731} INFO - ::endgroup::
[2025-05-21T09:03:55.140+0000] {selenium_manager.py:133} WARNING - The chromedriver version (136.0.7103.59) detected in PATH at /usr/bin/chromedriver might not be compatible with the detected chrome version (136.0.7103.94); currently, chromedriver 136.0.7103.94 is recommended for chrome 136.*, so it is advised to delete the driver in PATH and retry
[2025-05-21T09:03:58.957+0000] {logging_mixin.py:190} INFO - Step 1 of 2 - Loading profile page
[2025-05-21T09:03:58.958+0000] {logging_mixin.py:190} INFO - Extracting videos...
[2025-05-21T09:04:03.379+0000] {logging_mixin.py:190} INFO - Count: 1, Limit: 1
[2025-05-21T09:04:03.456+0000] {logging_mixin.py:190} INFO - Found 46 video tags
[2025-05-21T09:04:03.632+0000] {logging_mixin.py:190} INFO - Extracted video URL: 
https://www.instagram.com/manchesterunited/reel/DJ6G21SMNO-/
[2025-05-21T09:04:03.653+0000] {logging_mixin.py:190} INFO - Extracted video URL: 
https://www.instagram.com/manchesterunited/reel/DJ443cdMUe5/
[2025-05-21T09:04:03.659+0000] {logging_mixin.py:190} INFO - Extracted video URL: 
https://www.instagram.com/manchesterunited/reel/DJ4meX6tBdV/
[2025-05-21T09:04:03.670+0000] {logging_mixin.py:190} INFO - Extracted video URL: 
https://www.instagram.com/manchesterunited/reel/DJ4abSWMa5p/
[2025-05-21T09:04:03.704+0000] {logging_mixin.py:190} INFO - Extracted video URL: 
https://www.instagram.com/manchesterunited/reel/DJ4fCe2sUiN/
[2025-05-21T09:04:03.724+0000] {logging_mixin.py:190} INFO - Extracted video URL: 
https://www.instagram.com/manchesterunited/reel/DJ4Z17gM2tT/
[2025-05-21T09:04:03.741+0000] {logging_mixin.py:190} INFO - Extracted video URL: 
https://www.instagram.com/manchesterunited/reel/DJ4JPKmIqxn/
[2025-05-21T09:04:03.748+0000] {logging_mixin.py:190} INFO - Extracted video URL: 
https://www.instagram.com/manchesterunited/reel/DJ34NGZNnfW/
[2025-05-21T09:04:03.759+0000] {logging_mixin.py:190} INFO - Extracted video URL: 
https://www.instagram.com/manchesterunited/reel/DJ33enNNxgL/
[2025-05-21T09:04:03.765+0000] {logging_mixin.py:190} INFO - Extracted video URL: 
https://www.instagram.com/manchesterunited/reel/DJ3nvGDNbgH/
[2025-05-21T09:04:03.773+0000] {logging_mixin.py:190} INFO - Extracted video URL: 
https://www.instagram.com/manchesterunited/reel/DJ2JtFTiALJ/
[2025-05-21T09:04:03.780+0000] {logging_mixin.py:190} INFO - Extracted video URL: 
https://www.instagram.com/manchesterunited/reel/DJ11Vr0NwHd/
[2025-05-21T09:04:03.971+0000] {logging_mixin.py:190} INFO - Scrolled 1 iterations
[2025-05-21T09:04:09.225+0000] {logging_mixin.py:190} INFO - Count: 2, Limit: 1
[2025-05-21T09:04:09.249+0000] {logging_mixin.py:190} INFO - Scrolling stopped after 10 iterations
[2025-05-21T09:04:09.249+0000] {logging_mixin.py:190} INFO - Extracted 12 video URLs
[2025-05-21T09:04:09.255+0000] {logging_mixin.py:190} INFO - Step 2 of 2 - Downloading and saving videos
[2025-05-21T09:04:09.255+0000] {logging_mixin.py:190} INFO - Don't close the app! Saving scraped data to database, it can take a while!
[2025-05-21T09:04:09.421+0000] {warnings.py:109} WARNING - /opt/airflow/dags/app/core/database_utils.py:34: SAWarning: SELECT statement has a cartesian product between FROM element(s) "instagram" and FROM element "tiktok".  Apply join condition(s) between each element to resolve.
  return db.query(Instagram).filter(Tiktok.status == TaskStatus.SUCCESS.value).all()

[2025-05-21T09:04:09.493+0000] {logging_mixin.py:190} INFO - New videos: 12
[2025-05-21T09:04:11.234+0000] {python.py:240} INFO - Done. Returned value was: {'id': 'manchesterunited', 'new_links': ('https://www.instagram.com/manchesterunited/reel/DJ443cdMUe5/', 'https://www.instagram.com/manchesterunited/reel/DJ4abSWMa5p/', 'https://www.instagram.com/manchesterunited/reel/DJ4Z17gM2tT/', 'https://www.instagram.com/manchesterunited/reel/DJ4JPKmIqxn/', 'https://www.instagram.com/manchesterunited/reel/DJ11Vr0NwHd/', 'https://www.instagram.com/manchesterunited/reel/DJ6G21SMNO-/', 'https://www.instagram.com/manchesterunited/reel/DJ2JtFTiALJ/', 'https://www.instagram.com/manchesterunited/reel/DJ33enNNxgL/', 'https://www.instagram.com/manchesterunited/reel/DJ4fCe2sUiN/', 'https://www.instagram.com/manchesterunited/reel/DJ3nvGDNbgH/', 'https://www.instagram.com/manchesterunited/reel/DJ34NGZNnfW/', 'https://www.instagram.com/manchesterunited/reel/DJ4meX6tBdV/')}
[2025-05-21T09:04:11.269+0000] {taskinstance.py:340} INFO - ::group::Post task execution logs
[2025-05-21T09:04:11.270+0000] {taskinstance.py:352} INFO - Marking task as SUCCESS. dag_id=instagram_videos_scraper_dag, task_id=get_links_task, run_id=manual__2025-05-21T09:03:52.511235+00:00, execution_date=20250521T090352, start_date=20250521T090354, end_date=20250521T090411
[2025-05-21T09:04:11.309+0000] {local_task_job_runner.py:261} INFO - Task exited with return code 0
[2025-05-21T09:04:11.326+0000] {taskinstance.py:3891} INFO - 1 downstream tasks scheduled from follow-on schedule check
[2025-05-21T09:04:11.329+0000] {local_task_job_runner.py:240} INFO - ::endgroup::
