[2025-04-29T02:58:20.413+0000] {local_task_job_runner.py:123} INFO - ::group::Pre task execution logs
[2025-04-29T02:58:20.425+0000] {taskinstance.py:2603} INFO - Dependencies all met for dep_context=non-requeueable deps ti=<TaskInstance: demo.hello scheduled__2025-04-16T00:00:00+00:00 [queued]>
[2025-04-29T02:58:20.432+0000] {taskinstance.py:2603} INFO - Dependencies all met for dep_context=requeueable deps ti=<TaskInstance: demo.hello scheduled__2025-04-16T00:00:00+00:00 [queued]>
[2025-04-29T02:58:20.432+0000] {taskinstance.py:2856} INFO - Starting attempt 1 of 1
[2025-04-29T02:58:20.471+0000] {taskinstance.py:2879} INFO - Executing <Task(BashOperator): hello> on 2025-04-16 00:00:00+00:00
[2025-04-29T02:58:20.474+0000] {standard_task_runner.py:72} INFO - Started process 8698 to run task
[2025-04-29T02:58:20.477+0000] {standard_task_runner.py:104} INFO - Running: ['airflow', 'tasks', 'run', 'demo', 'hello', 'scheduled__2025-04-16T00:00:00+00:00', '--job-id', '2416', '--raw', '--subdir', 'DAGS_FOLDER/simple-dag.py', '--cfg-path', '/tmp/tmp14iol_ol']
[2025-04-29T02:58:20.477+0000] {standard_task_runner.py:105} INFO - Job 2416: Subtask hello
[2025-04-29T02:58:20.516+0000] {task_command.py:467} INFO - Running <TaskInstance: demo.hello scheduled__2025-04-16T00:00:00+00:00 [running]> on host 2c7afa36055b
[2025-04-29T02:58:20.578+0000] {taskinstance.py:3122} INFO - Exporting env vars: AIRFLOW_CTX_DAG_OWNER='airflow' AIRFLOW_CTX_DAG_ID='demo' AIRFLOW_CTX_TASK_ID='hello' AIRFLOW_CTX_EXECUTION_DATE='2025-04-16T00:00:00+00:00' AIRFLOW_CTX_TRY_NUMBER='1' AIRFLOW_CTX_DAG_RUN_ID='scheduled__2025-04-16T00:00:00+00:00'
[2025-04-29T02:58:20.578+0000] {taskinstance.py:731} INFO - ::endgroup::
[2025-04-29T02:58:20.580+0000] {subprocess.py:63} INFO - Tmp dir root location: /tmp
[2025-04-29T02:58:20.580+0000] {subprocess.py:75} INFO - Running command: ['/usr/bin/bash', '-c', 'echo hello']
[2025-04-29T02:58:20.587+0000] {subprocess.py:86} INFO - Output:
[2025-04-29T02:58:20.588+0000] {subprocess.py:93} INFO - hello
[2025-04-29T02:58:20.588+0000] {subprocess.py:97} INFO - Command exited with return code 0
[2025-04-29T02:58:20.610+0000] {taskinstance.py:340} INFO - ::group::Post task execution logs
[2025-04-29T02:58:20.610+0000] {taskinstance.py:352} INFO - Marking task as SUCCESS. dag_id=demo, task_id=hello, run_id=scheduled__2025-04-16T00:00:00+00:00, execution_date=20250416T000000, start_date=20250429T025820, end_date=20250429T025820
[2025-04-29T02:58:20.651+0000] {local_task_job_runner.py:261} INFO - Task exited with return code 0
[2025-04-29T02:58:20.666+0000] {taskinstance.py:3891} INFO - 0 downstream tasks scheduled from follow-on schedule check
[2025-04-29T02:58:20.668+0000] {local_task_job_runner.py:240} INFO - ::endgroup::
