[2025-05-23T07:37:16.105+0000] {local_task_job_runner.py:123} INFO - ::group::Pre task execution logs
[2025-05-23T07:37:16.116+0000] {taskinstance.py:2603} INFO - Dependencies all met for dep_context=non-requeueable deps ti=<TaskInstance: x_videos_scraper_dag.get_links_task manual__2025-05-23T07:37:15.184088+00:00 [queued]>
[2025-05-23T07:37:16.120+0000] {taskinstance.py:2603} INFO - Dependencies all met for dep_context=requeueable deps ti=<TaskInstance: x_videos_scraper_dag.get_links_task manual__2025-05-23T07:37:15.184088+00:00 [queued]>
[2025-05-23T07:37:16.121+0000] {taskinstance.py:2856} INFO - Starting attempt 1 of 1
[2025-05-23T07:37:16.129+0000] {taskinstance.py:2879} INFO - Executing <Task(PythonOperator): get_links_task> on 2025-05-23 07:37:15.184088+00:00
[2025-05-23T07:37:16.133+0000] {standard_task_runner.py:72} INFO - Started process 66 to run task
[2025-05-23T07:37:16.136+0000] {standard_task_runner.py:104} INFO - Running: ['airflow', 'tasks', 'run', 'x_videos_scraper_dag', 'get_links_task', 'manual__2025-05-23T07:37:15.184088+00:00', '--job-id', '6592', '--raw', '--subdir', 'DAGS_FOLDER/pipeline_x.py', '--cfg-path', '/tmp/tmpiam7okmm']
[2025-05-23T07:37:16.138+0000] {standard_task_runner.py:105} INFO - Job 6592: Subtask get_links_task
[2025-05-23T07:37:16.183+0000] {task_command.py:467} INFO - Running <TaskInstance: x_videos_scraper_dag.get_links_task manual__2025-05-23T07:37:15.184088+00:00 [running]> on host 44bceea353f9
[2025-05-23T07:37:16.252+0000] {taskinstance.py:3122} INFO - Exporting env vars: AIRFLOW_CTX_DAG_OWNER='airflow' AIRFLOW_CTX_DAG_ID='x_videos_scraper_dag' AIRFLOW_CTX_TASK_ID='get_links_task' AIRFLOW_CTX_EXECUTION_DATE='2025-05-23T07:37:15.184088+00:00' AIRFLOW_CTX_TRY_NUMBER='1' AIRFLOW_CTX_DAG_RUN_ID='manual__2025-05-23T07:37:15.184088+00:00'
[2025-05-23T07:37:16.253+0000] {taskinstance.py:731} INFO - ::endgroup::
[2025-05-23T07:37:25.047+0000] {logging_mixin.py:190} INFO - Scrolling down... 0
[2025-05-23T07:37:30.250+0000] {logging_mixin.py:190} INFO - https://x.com/ManUtd/status/1925251151848771938/video/1
[2025-05-23T07:37:30.264+0000] {logging_mixin.py:190} INFO - https://x.com/ManUtd/status/1925228260117426432/video/1
[2025-05-23T07:37:30.269+0000] {logging_mixin.py:190} INFO - https://x.com/ManUtd/status/1925224362329677876/video/1
[2025-05-23T07:37:30.277+0000] {logging_mixin.py:190} INFO - https://x.com/ManUtd/status/1925207989285220682/video/1
[2025-05-23T07:37:30.306+0000] {logging_mixin.py:190} INFO - https://x.com/ManUtd/status/1925086909589528946/video/1
[2025-05-23T07:37:30.337+0000] {logging_mixin.py:190} INFO - https://x.com/ManUtd/status/1924901688986497308/video/1
[2025-05-23T07:37:30.344+0000] {logging_mixin.py:190} INFO - https://x.com/ManUtd/status/1924881924297834732/video/1
[2025-05-23T07:37:30.429+0000] {logging_mixin.py:190} INFO - Remaining new videos: 7
[2025-05-23T07:37:30.429+0000] {logging_mixin.py:190} INFO - New videos: 7
[2025-05-23T07:37:30.502+0000] {python.py:240} INFO - Done. Returned value was: {'id': 'ManUtd', 'new_links': ('https://x.com/ManUtd/status/1925251151848771938/video/1', 'https://x.com/ManUtd/status/1925086909589528946/video/1', 'https://x.com/ManUtd/status/1924881924297834732/video/1', 'https://x.com/ManUtd/status/1925224362329677876/video/1', 'https://x.com/ManUtd/status/1924901688986497308/video/1', 'https://x.com/ManUtd/status/1925228260117426432/video/1', 'https://x.com/ManUtd/status/1925207989285220682/video/1')}
[2025-05-23T07:37:30.523+0000] {taskinstance.py:340} INFO - ::group::Post task execution logs
[2025-05-23T07:37:30.523+0000] {taskinstance.py:352} INFO - Marking task as SUCCESS. dag_id=x_videos_scraper_dag, task_id=get_links_task, run_id=manual__2025-05-23T07:37:15.184088+00:00, execution_date=20250523T073715, start_date=20250523T073716, end_date=20250523T073730
[2025-05-23T07:37:30.574+0000] {local_task_job_runner.py:261} INFO - Task exited with return code 0
[2025-05-23T07:37:30.591+0000] {taskinstance.py:3891} INFO - 1 downstream tasks scheduled from follow-on schedule check
[2025-05-23T07:37:30.593+0000] {local_task_job_runner.py:240} INFO - ::endgroup::
