[2025-04-29T02:50:25.806+0000] {local_task_job_runner.py:123} INFO - ::group::Pre task execution logs
[2025-04-29T02:50:25.824+0000] {taskinstance.py:2603} INFO - Dependencies all met for dep_context=non-requeueable deps ti=<TaskInstance: demo.hello scheduled__2022-11-01T00:00:00+00:00 [queued]>
[2025-04-29T02:50:25.831+0000] {taskinstance.py:2603} INFO - Dependencies all met for dep_context=requeueable deps ti=<TaskInstance: demo.hello scheduled__2022-11-01T00:00:00+00:00 [queued]>
[2025-04-29T02:50:25.832+0000] {taskinstance.py:2856} INFO - Starting attempt 1 of 1
[2025-04-29T02:50:25.846+0000] {taskinstance.py:2879} INFO - Executing <Task(BashOperator): hello> on 2022-11-01 00:00:00+00:00
[2025-04-29T02:50:25.849+0000] {standard_task_runner.py:72} INFO - Started process 2295 to run task
[2025-04-29T02:50:25.853+0000] {standard_task_runner.py:104} INFO - Running: ['airflow', 'tasks', 'run', 'demo', 'hello', 'scheduled__2022-11-01T00:00:00+00:00', '--job-id', '618', '--raw', '--subdir', 'DAGS_FOLDER/simple-dag.py', '--cfg-path', '/tmp/tmpld2f6hr0']
[2025-04-29T02:50:25.853+0000] {standard_task_runner.py:105} INFO - Job 618: Subtask hello
[2025-04-29T02:50:25.906+0000] {task_command.py:467} INFO - Running <TaskInstance: demo.hello scheduled__2022-11-01T00:00:00+00:00 [running]> on host 2c7afa36055b
[2025-04-29T02:50:25.992+0000] {taskinstance.py:3122} INFO - Exporting env vars: AIRFLOW_CTX_DAG_OWNER='airflow' AIRFLOW_CTX_DAG_ID='demo' AIRFLOW_CTX_TASK_ID='hello' AIRFLOW_CTX_EXECUTION_DATE='2022-11-01T00:00:00+00:00' AIRFLOW_CTX_TRY_NUMBER='1' AIRFLOW_CTX_DAG_RUN_ID='scheduled__2022-11-01T00:00:00+00:00'
[2025-04-29T02:50:25.993+0000] {taskinstance.py:731} INFO - ::endgroup::
[2025-04-29T02:50:25.995+0000] {subprocess.py:63} INFO - Tmp dir root location: /tmp
[2025-04-29T02:50:25.996+0000] {subprocess.py:75} INFO - Running command: ['/usr/bin/bash', '-c', 'echo hello']
[2025-04-29T02:50:26.004+0000] {subprocess.py:86} INFO - Output:
[2025-04-29T02:50:26.006+0000] {subprocess.py:93} INFO - hello
[2025-04-29T02:50:26.006+0000] {subprocess.py:97} INFO - Command exited with return code 0
[2025-04-29T02:50:26.032+0000] {taskinstance.py:340} INFO - ::group::Post task execution logs
[2025-04-29T02:50:26.032+0000] {taskinstance.py:352} INFO - Marking task as SUCCESS. dag_id=demo, task_id=hello, run_id=scheduled__2022-11-01T00:00:00+00:00, execution_date=20221101T000000, start_date=20250429T025025, end_date=20250429T025026
[2025-04-29T02:50:26.069+0000] {local_task_job_runner.py:261} INFO - Task exited with return code 0
[2025-04-29T02:50:26.096+0000] {taskinstance.py:3891} INFO - 1 downstream tasks scheduled from follow-on schedule check
[2025-04-29T02:50:26.098+0000] {local_task_job_runner.py:240} INFO - ::endgroup::
