[2025-05-14T10:17:02.858+0000] {processor.py:186} INFO - Started process (PID=4250) to work on /opt/airflow/dags/utils/trigger_dag.py
[2025-05-14T10:17:02.858+0000] {processor.py:914} INFO - Processing file /opt/airflow/dags/utils/trigger_dag.py for tasks to queue
[2025-05-14T10:17:02.860+0000] {logging_mixin.py:190} INFO - [2025-05-14T10:17:02.860+0000] {dagbag.py:587} INFO - Filling up the DagBag from /opt/airflow/dags/utils/trigger_dag.py
[2025-05-14T10:17:02.881+0000] {processor.py:927} WARNING - No viable dags retrieved from /opt/airflow/dags/utils/trigger_dag.py
[2025-05-14T10:17:02.891+0000] {processor.py:208} INFO - Processing /opt/airflow/dags/utils/trigger_dag.py took 0.038 seconds
[2025-05-14T10:17:33.216+0000] {processor.py:186} INFO - Started process (PID=4274) to work on /opt/airflow/dags/utils/trigger_dag.py
[2025-05-14T10:17:33.220+0000] {processor.py:914} INFO - Processing file /opt/airflow/dags/utils/trigger_dag.py for tasks to queue
[2025-05-14T10:17:33.222+0000] {logging_mixin.py:190} INFO - [2025-05-14T10:17:33.222+0000] {dagbag.py:587} INFO - Filling up the DagBag from /opt/airflow/dags/utils/trigger_dag.py
[2025-05-14T10:17:33.228+0000] {processor.py:927} WARNING - No viable dags retrieved from /opt/airflow/dags/utils/trigger_dag.py
[2025-05-14T10:17:33.241+0000] {processor.py:208} INFO - Processing /opt/airflow/dags/utils/trigger_dag.py took 0.031 seconds
[2025-05-14T10:18:03.831+0000] {processor.py:186} INFO - Started process (PID=4298) to work on /opt/airflow/dags/utils/trigger_dag.py
[2025-05-14T10:18:03.832+0000] {processor.py:914} INFO - Processing file /opt/airflow/dags/utils/trigger_dag.py for tasks to queue
[2025-05-14T10:18:03.834+0000] {logging_mixin.py:190} INFO - [2025-05-14T10:18:03.834+0000] {dagbag.py:587} INFO - Filling up the DagBag from /opt/airflow/dags/utils/trigger_dag.py
[2025-05-14T10:18:03.838+0000] {processor.py:927} WARNING - No viable dags retrieved from /opt/airflow/dags/utils/trigger_dag.py
[2025-05-14T10:18:03.848+0000] {processor.py:208} INFO - Processing /opt/airflow/dags/utils/trigger_dag.py took 0.022 seconds
[2025-05-14T10:18:34.543+0000] {processor.py:186} INFO - Started process (PID=4322) to work on /opt/airflow/dags/utils/trigger_dag.py
[2025-05-14T10:18:34.547+0000] {processor.py:914} INFO - Processing file /opt/airflow/dags/utils/trigger_dag.py for tasks to queue
[2025-05-14T10:18:34.548+0000] {logging_mixin.py:190} INFO - [2025-05-14T10:18:34.548+0000] {dagbag.py:587} INFO - Filling up the DagBag from /opt/airflow/dags/utils/trigger_dag.py
[2025-05-14T10:18:34.553+0000] {processor.py:927} WARNING - No viable dags retrieved from /opt/airflow/dags/utils/trigger_dag.py
[2025-05-14T10:18:34.565+0000] {processor.py:208} INFO - Processing /opt/airflow/dags/utils/trigger_dag.py took 0.027 seconds
[2025-05-14T10:19:05.261+0000] {processor.py:186} INFO - Started process (PID=4346) to work on /opt/airflow/dags/utils/trigger_dag.py
[2025-05-14T10:19:05.262+0000] {processor.py:914} INFO - Processing file /opt/airflow/dags/utils/trigger_dag.py for tasks to queue
[2025-05-14T10:19:05.264+0000] {logging_mixin.py:190} INFO - [2025-05-14T10:19:05.264+0000] {dagbag.py:587} INFO - Filling up the DagBag from /opt/airflow/dags/utils/trigger_dag.py
[2025-05-14T10:19:05.268+0000] {processor.py:927} WARNING - No viable dags retrieved from /opt/airflow/dags/utils/trigger_dag.py
[2025-05-14T10:19:05.279+0000] {processor.py:208} INFO - Processing /opt/airflow/dags/utils/trigger_dag.py took 0.023 seconds
[2025-05-14T10:19:35.879+0000] {processor.py:186} INFO - Started process (PID=4370) to work on /opt/airflow/dags/utils/trigger_dag.py
[2025-05-14T10:19:35.881+0000] {processor.py:914} INFO - Processing file /opt/airflow/dags/utils/trigger_dag.py for tasks to queue
[2025-05-14T10:19:35.883+0000] {logging_mixin.py:190} INFO - [2025-05-14T10:19:35.882+0000] {dagbag.py:587} INFO - Filling up the DagBag from /opt/airflow/dags/utils/trigger_dag.py
[2025-05-14T10:19:35.887+0000] {processor.py:927} WARNING - No viable dags retrieved from /opt/airflow/dags/utils/trigger_dag.py
[2025-05-14T10:19:35.898+0000] {processor.py:208} INFO - Processing /opt/airflow/dags/utils/trigger_dag.py took 0.024 seconds
[2025-05-14T10:20:06.421+0000] {processor.py:186} INFO - Started process (PID=4394) to work on /opt/airflow/dags/utils/trigger_dag.py
[2025-05-14T10:20:06.422+0000] {processor.py:914} INFO - Processing file /opt/airflow/dags/utils/trigger_dag.py for tasks to queue
[2025-05-14T10:20:06.425+0000] {logging_mixin.py:190} INFO - [2025-05-14T10:20:06.424+0000] {dagbag.py:587} INFO - Filling up the DagBag from /opt/airflow/dags/utils/trigger_dag.py
[2025-05-14T10:20:06.429+0000] {processor.py:927} WARNING - No viable dags retrieved from /opt/airflow/dags/utils/trigger_dag.py
[2025-05-14T10:20:06.442+0000] {processor.py:208} INFO - Processing /opt/airflow/dags/utils/trigger_dag.py took 0.026 seconds
[2025-05-14T10:20:36.980+0000] {processor.py:186} INFO - Started process (PID=4418) to work on /opt/airflow/dags/utils/trigger_dag.py
[2025-05-14T10:20:36.984+0000] {processor.py:914} INFO - Processing file /opt/airflow/dags/utils/trigger_dag.py for tasks to queue
[2025-05-14T10:20:36.986+0000] {logging_mixin.py:190} INFO - [2025-05-14T10:20:36.985+0000] {dagbag.py:587} INFO - Filling up the DagBag from /opt/airflow/dags/utils/trigger_dag.py
[2025-05-14T10:20:36.989+0000] {processor.py:927} WARNING - No viable dags retrieved from /opt/airflow/dags/utils/trigger_dag.py
[2025-05-14T10:20:37.002+0000] {processor.py:208} INFO - Processing /opt/airflow/dags/utils/trigger_dag.py took 0.026 seconds
[2025-05-14T10:21:07.715+0000] {processor.py:186} INFO - Started process (PID=4442) to work on /opt/airflow/dags/utils/trigger_dag.py
[2025-05-14T10:21:07.718+0000] {processor.py:914} INFO - Processing file /opt/airflow/dags/utils/trigger_dag.py for tasks to queue
[2025-05-14T10:21:07.720+0000] {logging_mixin.py:190} INFO - [2025-05-14T10:21:07.720+0000] {dagbag.py:587} INFO - Filling up the DagBag from /opt/airflow/dags/utils/trigger_dag.py
[2025-05-14T10:21:07.724+0000] {processor.py:927} WARNING - No viable dags retrieved from /opt/airflow/dags/utils/trigger_dag.py
[2025-05-14T10:21:07.735+0000] {processor.py:208} INFO - Processing /opt/airflow/dags/utils/trigger_dag.py took 0.025 seconds
[2025-05-14T10:21:38.280+0000] {processor.py:186} INFO - Started process (PID=4466) to work on /opt/airflow/dags/utils/trigger_dag.py
[2025-05-14T10:21:38.284+0000] {processor.py:914} INFO - Processing file /opt/airflow/dags/utils/trigger_dag.py for tasks to queue
[2025-05-14T10:21:38.286+0000] {logging_mixin.py:190} INFO - [2025-05-14T10:21:38.286+0000] {dagbag.py:587} INFO - Filling up the DagBag from /opt/airflow/dags/utils/trigger_dag.py
[2025-05-14T10:21:38.290+0000] {processor.py:927} WARNING - No viable dags retrieved from /opt/airflow/dags/utils/trigger_dag.py
[2025-05-14T10:21:38.301+0000] {processor.py:208} INFO - Processing /opt/airflow/dags/utils/trigger_dag.py took 0.025 seconds
[2025-05-14T10:22:08.542+0000] {processor.py:186} INFO - Started process (PID=4490) to work on /opt/airflow/dags/utils/trigger_dag.py
[2025-05-14T10:22:08.545+0000] {processor.py:914} INFO - Processing file /opt/airflow/dags/utils/trigger_dag.py for tasks to queue
[2025-05-14T10:22:08.547+0000] {logging_mixin.py:190} INFO - [2025-05-14T10:22:08.547+0000] {dagbag.py:587} INFO - Filling up the DagBag from /opt/airflow/dags/utils/trigger_dag.py
[2025-05-14T10:22:08.550+0000] {processor.py:927} WARNING - No viable dags retrieved from /opt/airflow/dags/utils/trigger_dag.py
[2025-05-14T10:22:08.561+0000] {processor.py:208} INFO - Processing /opt/airflow/dags/utils/trigger_dag.py took 0.024 seconds
[2025-05-14T10:22:39.349+0000] {processor.py:186} INFO - Started process (PID=4515) to work on /opt/airflow/dags/utils/trigger_dag.py
[2025-05-14T10:22:39.350+0000] {processor.py:914} INFO - Processing file /opt/airflow/dags/utils/trigger_dag.py for tasks to queue
[2025-05-14T10:22:39.351+0000] {logging_mixin.py:190} INFO - [2025-05-14T10:22:39.351+0000] {dagbag.py:587} INFO - Filling up the DagBag from /opt/airflow/dags/utils/trigger_dag.py
[2025-05-14T10:22:39.355+0000] {processor.py:927} WARNING - No viable dags retrieved from /opt/airflow/dags/utils/trigger_dag.py
[2025-05-14T10:22:39.365+0000] {processor.py:208} INFO - Processing /opt/airflow/dags/utils/trigger_dag.py took 0.021 seconds
[2025-05-14T10:23:10.200+0000] {processor.py:186} INFO - Started process (PID=4539) to work on /opt/airflow/dags/utils/trigger_dag.py
[2025-05-14T10:23:10.201+0000] {processor.py:914} INFO - Processing file /opt/airflow/dags/utils/trigger_dag.py for tasks to queue
[2025-05-14T10:23:10.203+0000] {logging_mixin.py:190} INFO - [2025-05-14T10:23:10.203+0000] {dagbag.py:587} INFO - Filling up the DagBag from /opt/airflow/dags/utils/trigger_dag.py
[2025-05-14T10:23:10.209+0000] {processor.py:927} WARNING - No viable dags retrieved from /opt/airflow/dags/utils/trigger_dag.py
[2025-05-14T10:23:10.223+0000] {processor.py:208} INFO - Processing /opt/airflow/dags/utils/trigger_dag.py took 0.029 seconds
[2025-05-14T10:23:41.104+0000] {processor.py:186} INFO - Started process (PID=4563) to work on /opt/airflow/dags/utils/trigger_dag.py
[2025-05-14T10:23:41.107+0000] {processor.py:914} INFO - Processing file /opt/airflow/dags/utils/trigger_dag.py for tasks to queue
[2025-05-14T10:23:41.110+0000] {logging_mixin.py:190} INFO - [2025-05-14T10:23:41.109+0000] {dagbag.py:587} INFO - Filling up the DagBag from /opt/airflow/dags/utils/trigger_dag.py
[2025-05-14T10:23:41.113+0000] {processor.py:927} WARNING - No viable dags retrieved from /opt/airflow/dags/utils/trigger_dag.py
[2025-05-14T10:23:41.124+0000] {processor.py:208} INFO - Processing /opt/airflow/dags/utils/trigger_dag.py took 0.023 seconds
[2025-05-14T10:24:11.247+0000] {processor.py:186} INFO - Started process (PID=4587) to work on /opt/airflow/dags/utils/trigger_dag.py
[2025-05-14T10:24:11.250+0000] {processor.py:914} INFO - Processing file /opt/airflow/dags/utils/trigger_dag.py for tasks to queue
[2025-05-14T10:24:11.252+0000] {logging_mixin.py:190} INFO - [2025-05-14T10:24:11.252+0000] {dagbag.py:587} INFO - Filling up the DagBag from /opt/airflow/dags/utils/trigger_dag.py
[2025-05-14T10:24:11.256+0000] {processor.py:927} WARNING - No viable dags retrieved from /opt/airflow/dags/utils/trigger_dag.py
[2025-05-14T10:24:11.269+0000] {processor.py:208} INFO - Processing /opt/airflow/dags/utils/trigger_dag.py took 0.026 seconds
[2025-05-14T10:24:42.086+0000] {processor.py:186} INFO - Started process (PID=4617) to work on /opt/airflow/dags/utils/trigger_dag.py
[2025-05-14T10:24:42.088+0000] {processor.py:914} INFO - Processing file /opt/airflow/dags/utils/trigger_dag.py for tasks to queue
[2025-05-14T10:24:42.089+0000] {logging_mixin.py:190} INFO - [2025-05-14T10:24:42.089+0000] {dagbag.py:587} INFO - Filling up the DagBag from /opt/airflow/dags/utils/trigger_dag.py
[2025-05-14T10:24:42.093+0000] {processor.py:927} WARNING - No viable dags retrieved from /opt/airflow/dags/utils/trigger_dag.py
[2025-05-14T10:24:42.105+0000] {processor.py:208} INFO - Processing /opt/airflow/dags/utils/trigger_dag.py took 0.023 seconds
[2025-05-14T10:25:12.925+0000] {processor.py:186} INFO - Started process (PID=4641) to work on /opt/airflow/dags/utils/trigger_dag.py
[2025-05-14T10:25:12.925+0000] {processor.py:914} INFO - Processing file /opt/airflow/dags/utils/trigger_dag.py for tasks to queue
[2025-05-14T10:25:12.927+0000] {logging_mixin.py:190} INFO - [2025-05-14T10:25:12.927+0000] {dagbag.py:587} INFO - Filling up the DagBag from /opt/airflow/dags/utils/trigger_dag.py
[2025-05-14T10:25:12.931+0000] {processor.py:927} WARNING - No viable dags retrieved from /opt/airflow/dags/utils/trigger_dag.py
[2025-05-14T10:25:12.942+0000] {processor.py:208} INFO - Processing /opt/airflow/dags/utils/trigger_dag.py took 0.021 seconds
[2025-05-14T10:25:43.863+0000] {processor.py:186} INFO - Started process (PID=4665) to work on /opt/airflow/dags/utils/trigger_dag.py
[2025-05-14T10:25:43.864+0000] {processor.py:914} INFO - Processing file /opt/airflow/dags/utils/trigger_dag.py for tasks to queue
[2025-05-14T10:25:43.866+0000] {logging_mixin.py:190} INFO - [2025-05-14T10:25:43.866+0000] {dagbag.py:587} INFO - Filling up the DagBag from /opt/airflow/dags/utils/trigger_dag.py
[2025-05-14T10:25:43.870+0000] {processor.py:927} WARNING - No viable dags retrieved from /opt/airflow/dags/utils/trigger_dag.py
[2025-05-14T10:25:43.881+0000] {processor.py:208} INFO - Processing /opt/airflow/dags/utils/trigger_dag.py took 0.022 seconds
[2025-05-14T10:26:14.727+0000] {processor.py:186} INFO - Started process (PID=4689) to work on /opt/airflow/dags/utils/trigger_dag.py
[2025-05-14T10:26:14.730+0000] {processor.py:914} INFO - Processing file /opt/airflow/dags/utils/trigger_dag.py for tasks to queue
[2025-05-14T10:26:14.732+0000] {logging_mixin.py:190} INFO - [2025-05-14T10:26:14.731+0000] {dagbag.py:587} INFO - Filling up the DagBag from /opt/airflow/dags/utils/trigger_dag.py
[2025-05-14T10:26:14.735+0000] {processor.py:927} WARNING - No viable dags retrieved from /opt/airflow/dags/utils/trigger_dag.py
[2025-05-14T10:26:14.746+0000] {processor.py:208} INFO - Processing /opt/airflow/dags/utils/trigger_dag.py took 0.024 seconds
[2025-05-14T10:26:45.557+0000] {processor.py:186} INFO - Started process (PID=4713) to work on /opt/airflow/dags/utils/trigger_dag.py
[2025-05-14T10:26:45.558+0000] {processor.py:914} INFO - Processing file /opt/airflow/dags/utils/trigger_dag.py for tasks to queue
[2025-05-14T10:26:45.560+0000] {logging_mixin.py:190} INFO - [2025-05-14T10:26:45.560+0000] {dagbag.py:587} INFO - Filling up the DagBag from /opt/airflow/dags/utils/trigger_dag.py
[2025-05-14T10:26:45.564+0000] {processor.py:927} WARNING - No viable dags retrieved from /opt/airflow/dags/utils/trigger_dag.py
[2025-05-14T10:26:45.575+0000] {processor.py:208} INFO - Processing /opt/airflow/dags/utils/trigger_dag.py took 0.022 seconds
[2025-05-14T10:27:16.355+0000] {processor.py:186} INFO - Started process (PID=4737) to work on /opt/airflow/dags/utils/trigger_dag.py
[2025-05-14T10:27:16.356+0000] {processor.py:914} INFO - Processing file /opt/airflow/dags/utils/trigger_dag.py for tasks to queue
[2025-05-14T10:27:16.358+0000] {logging_mixin.py:190} INFO - [2025-05-14T10:27:16.358+0000] {dagbag.py:587} INFO - Filling up the DagBag from /opt/airflow/dags/utils/trigger_dag.py
[2025-05-14T10:27:16.361+0000] {processor.py:927} WARNING - No viable dags retrieved from /opt/airflow/dags/utils/trigger_dag.py
[2025-05-14T10:27:16.371+0000] {processor.py:208} INFO - Processing /opt/airflow/dags/utils/trigger_dag.py took 0.020 seconds
[2025-05-14T10:27:47.225+0000] {processor.py:186} INFO - Started process (PID=4761) to work on /opt/airflow/dags/utils/trigger_dag.py
[2025-05-14T10:27:47.229+0000] {processor.py:914} INFO - Processing file /opt/airflow/dags/utils/trigger_dag.py for tasks to queue
[2025-05-14T10:27:47.230+0000] {logging_mixin.py:190} INFO - [2025-05-14T10:27:47.230+0000] {dagbag.py:587} INFO - Filling up the DagBag from /opt/airflow/dags/utils/trigger_dag.py
[2025-05-14T10:27:47.234+0000] {processor.py:927} WARNING - No viable dags retrieved from /opt/airflow/dags/utils/trigger_dag.py
[2025-05-14T10:27:47.245+0000] {processor.py:208} INFO - Processing /opt/airflow/dags/utils/trigger_dag.py took 0.024 seconds
[2025-05-14T10:28:18.039+0000] {processor.py:186} INFO - Started process (PID=4785) to work on /opt/airflow/dags/utils/trigger_dag.py
[2025-05-14T10:28:18.040+0000] {processor.py:914} INFO - Processing file /opt/airflow/dags/utils/trigger_dag.py for tasks to queue
[2025-05-14T10:28:18.041+0000] {logging_mixin.py:190} INFO - [2025-05-14T10:28:18.041+0000] {dagbag.py:587} INFO - Filling up the DagBag from /opt/airflow/dags/utils/trigger_dag.py
[2025-05-14T10:28:18.045+0000] {processor.py:927} WARNING - No viable dags retrieved from /opt/airflow/dags/utils/trigger_dag.py
[2025-05-14T10:28:18.056+0000] {processor.py:208} INFO - Processing /opt/airflow/dags/utils/trigger_dag.py took 0.022 seconds
[2025-05-14T10:28:48.877+0000] {processor.py:186} INFO - Started process (PID=4809) to work on /opt/airflow/dags/utils/trigger_dag.py
[2025-05-14T10:28:48.878+0000] {processor.py:914} INFO - Processing file /opt/airflow/dags/utils/trigger_dag.py for tasks to queue
[2025-05-14T10:28:48.881+0000] {logging_mixin.py:190} INFO - [2025-05-14T10:28:48.881+0000] {dagbag.py:587} INFO - Filling up the DagBag from /opt/airflow/dags/utils/trigger_dag.py
[2025-05-14T10:28:48.887+0000] {processor.py:927} WARNING - No viable dags retrieved from /opt/airflow/dags/utils/trigger_dag.py
[2025-05-14T10:28:48.899+0000] {processor.py:208} INFO - Processing /opt/airflow/dags/utils/trigger_dag.py took 0.027 seconds
[2025-05-14T10:29:19.738+0000] {processor.py:186} INFO - Started process (PID=4833) to work on /opt/airflow/dags/utils/trigger_dag.py
[2025-05-14T10:29:19.739+0000] {processor.py:914} INFO - Processing file /opt/airflow/dags/utils/trigger_dag.py for tasks to queue
[2025-05-14T10:29:19.741+0000] {logging_mixin.py:190} INFO - [2025-05-14T10:29:19.741+0000] {dagbag.py:587} INFO - Filling up the DagBag from /opt/airflow/dags/utils/trigger_dag.py
[2025-05-14T10:29:19.744+0000] {processor.py:927} WARNING - No viable dags retrieved from /opt/airflow/dags/utils/trigger_dag.py
[2025-05-14T10:29:19.754+0000] {processor.py:208} INFO - Processing /opt/airflow/dags/utils/trigger_dag.py took 0.020 seconds
[2025-05-14T10:29:50.570+0000] {processor.py:186} INFO - Started process (PID=4857) to work on /opt/airflow/dags/utils/trigger_dag.py
[2025-05-14T10:29:50.571+0000] {processor.py:914} INFO - Processing file /opt/airflow/dags/utils/trigger_dag.py for tasks to queue
[2025-05-14T10:29:50.572+0000] {logging_mixin.py:190} INFO - [2025-05-14T10:29:50.572+0000] {dagbag.py:587} INFO - Filling up the DagBag from /opt/airflow/dags/utils/trigger_dag.py
[2025-05-14T10:29:50.576+0000] {processor.py:927} WARNING - No viable dags retrieved from /opt/airflow/dags/utils/trigger_dag.py
[2025-05-14T10:29:50.586+0000] {processor.py:208} INFO - Processing /opt/airflow/dags/utils/trigger_dag.py took 0.021 seconds
[2025-05-14T10:30:21.385+0000] {processor.py:186} INFO - Started process (PID=4881) to work on /opt/airflow/dags/utils/trigger_dag.py
[2025-05-14T10:30:21.386+0000] {processor.py:914} INFO - Processing file /opt/airflow/dags/utils/trigger_dag.py for tasks to queue
[2025-05-14T10:30:21.388+0000] {logging_mixin.py:190} INFO - [2025-05-14T10:30:21.388+0000] {dagbag.py:587} INFO - Filling up the DagBag from /opt/airflow/dags/utils/trigger_dag.py
[2025-05-14T10:30:21.391+0000] {processor.py:927} WARNING - No viable dags retrieved from /opt/airflow/dags/utils/trigger_dag.py
[2025-05-14T10:30:21.404+0000] {processor.py:208} INFO - Processing /opt/airflow/dags/utils/trigger_dag.py took 0.023 seconds
[2025-05-14T10:30:52.177+0000] {processor.py:186} INFO - Started process (PID=4905) to work on /opt/airflow/dags/utils/trigger_dag.py
[2025-05-14T10:30:52.179+0000] {processor.py:914} INFO - Processing file /opt/airflow/dags/utils/trigger_dag.py for tasks to queue
[2025-05-14T10:30:52.180+0000] {logging_mixin.py:190} INFO - [2025-05-14T10:30:52.180+0000] {dagbag.py:587} INFO - Filling up the DagBag from /opt/airflow/dags/utils/trigger_dag.py
[2025-05-14T10:30:52.184+0000] {processor.py:927} WARNING - No viable dags retrieved from /opt/airflow/dags/utils/trigger_dag.py
[2025-05-14T10:30:52.194+0000] {processor.py:208} INFO - Processing /opt/airflow/dags/utils/trigger_dag.py took 0.022 seconds
[2025-05-14T10:31:23.031+0000] {processor.py:186} INFO - Started process (PID=4929) to work on /opt/airflow/dags/utils/trigger_dag.py
[2025-05-14T10:31:23.039+0000] {processor.py:914} INFO - Processing file /opt/airflow/dags/utils/trigger_dag.py for tasks to queue
[2025-05-14T10:31:23.040+0000] {logging_mixin.py:190} INFO - [2025-05-14T10:31:23.040+0000] {dagbag.py:587} INFO - Filling up the DagBag from /opt/airflow/dags/utils/trigger_dag.py
[2025-05-14T10:31:23.044+0000] {processor.py:927} WARNING - No viable dags retrieved from /opt/airflow/dags/utils/trigger_dag.py
[2025-05-14T10:31:23.054+0000] {processor.py:208} INFO - Processing /opt/airflow/dags/utils/trigger_dag.py took 0.028 seconds
[2025-05-14T10:31:53.888+0000] {processor.py:186} INFO - Started process (PID=4953) to work on /opt/airflow/dags/utils/trigger_dag.py
[2025-05-14T10:31:53.898+0000] {processor.py:914} INFO - Processing file /opt/airflow/dags/utils/trigger_dag.py for tasks to queue
[2025-05-14T10:31:53.899+0000] {logging_mixin.py:190} INFO - [2025-05-14T10:31:53.899+0000] {dagbag.py:587} INFO - Filling up the DagBag from /opt/airflow/dags/utils/trigger_dag.py
[2025-05-14T10:31:53.903+0000] {processor.py:927} WARNING - No viable dags retrieved from /opt/airflow/dags/utils/trigger_dag.py
[2025-05-14T10:31:53.915+0000] {processor.py:208} INFO - Processing /opt/airflow/dags/utils/trigger_dag.py took 0.031 seconds
[2025-05-14T10:32:24.748+0000] {processor.py:186} INFO - Started process (PID=4977) to work on /opt/airflow/dags/utils/trigger_dag.py
[2025-05-14T10:32:24.750+0000] {processor.py:914} INFO - Processing file /opt/airflow/dags/utils/trigger_dag.py for tasks to queue
[2025-05-14T10:32:24.751+0000] {logging_mixin.py:190} INFO - [2025-05-14T10:32:24.751+0000] {dagbag.py:587} INFO - Filling up the DagBag from /opt/airflow/dags/utils/trigger_dag.py
[2025-05-14T10:32:24.755+0000] {processor.py:927} WARNING - No viable dags retrieved from /opt/airflow/dags/utils/trigger_dag.py
[2025-05-14T10:32:24.766+0000] {processor.py:208} INFO - Processing /opt/airflow/dags/utils/trigger_dag.py took 0.021 seconds
[2025-05-14T10:32:55.586+0000] {processor.py:186} INFO - Started process (PID=5001) to work on /opt/airflow/dags/utils/trigger_dag.py
[2025-05-14T10:32:55.587+0000] {processor.py:914} INFO - Processing file /opt/airflow/dags/utils/trigger_dag.py for tasks to queue
[2025-05-14T10:32:55.589+0000] {logging_mixin.py:190} INFO - [2025-05-14T10:32:55.589+0000] {dagbag.py:587} INFO - Filling up the DagBag from /opt/airflow/dags/utils/trigger_dag.py
[2025-05-14T10:32:55.592+0000] {processor.py:927} WARNING - No viable dags retrieved from /opt/airflow/dags/utils/trigger_dag.py
[2025-05-14T10:32:55.602+0000] {processor.py:208} INFO - Processing /opt/airflow/dags/utils/trigger_dag.py took 0.021 seconds
[2025-05-14T10:33:26.427+0000] {processor.py:186} INFO - Started process (PID=5025) to work on /opt/airflow/dags/utils/trigger_dag.py
[2025-05-14T10:33:26.428+0000] {processor.py:914} INFO - Processing file /opt/airflow/dags/utils/trigger_dag.py for tasks to queue
[2025-05-14T10:33:26.430+0000] {logging_mixin.py:190} INFO - [2025-05-14T10:33:26.430+0000] {dagbag.py:587} INFO - Filling up the DagBag from /opt/airflow/dags/utils/trigger_dag.py
[2025-05-14T10:33:26.435+0000] {processor.py:927} WARNING - No viable dags retrieved from /opt/airflow/dags/utils/trigger_dag.py
[2025-05-14T10:33:26.446+0000] {processor.py:208} INFO - Processing /opt/airflow/dags/utils/trigger_dag.py took 0.023 seconds
[2025-05-14T10:33:57.242+0000] {processor.py:186} INFO - Started process (PID=5049) to work on /opt/airflow/dags/utils/trigger_dag.py
[2025-05-14T10:33:57.243+0000] {processor.py:914} INFO - Processing file /opt/airflow/dags/utils/trigger_dag.py for tasks to queue
[2025-05-14T10:33:57.245+0000] {logging_mixin.py:190} INFO - [2025-05-14T10:33:57.244+0000] {dagbag.py:587} INFO - Filling up the DagBag from /opt/airflow/dags/utils/trigger_dag.py
[2025-05-14T10:33:57.248+0000] {processor.py:927} WARNING - No viable dags retrieved from /opt/airflow/dags/utils/trigger_dag.py
[2025-05-14T10:33:57.261+0000] {processor.py:208} INFO - Processing /opt/airflow/dags/utils/trigger_dag.py took 0.023 seconds
[2025-05-14T10:34:28.072+0000] {processor.py:186} INFO - Started process (PID=5073) to work on /opt/airflow/dags/utils/trigger_dag.py
[2025-05-14T10:34:28.073+0000] {processor.py:914} INFO - Processing file /opt/airflow/dags/utils/trigger_dag.py for tasks to queue
[2025-05-14T10:34:28.075+0000] {logging_mixin.py:190} INFO - [2025-05-14T10:34:28.075+0000] {dagbag.py:587} INFO - Filling up the DagBag from /opt/airflow/dags/utils/trigger_dag.py
[2025-05-14T10:34:28.079+0000] {processor.py:927} WARNING - No viable dags retrieved from /opt/airflow/dags/utils/trigger_dag.py
[2025-05-14T10:34:28.090+0000] {processor.py:208} INFO - Processing /opt/airflow/dags/utils/trigger_dag.py took 0.022 seconds
[2025-05-14T10:34:33.420+0000] {processor.py:186} INFO - Started process (PID=5082) to work on /opt/airflow/dags/utils/trigger_dag.py
[2025-05-14T10:34:33.421+0000] {processor.py:914} INFO - Processing file /opt/airflow/dags/utils/trigger_dag.py for tasks to queue
[2025-05-14T10:34:33.422+0000] {logging_mixin.py:190} INFO - [2025-05-14T10:34:33.422+0000] {dagbag.py:587} INFO - Filling up the DagBag from /opt/airflow/dags/utils/trigger_dag.py
[2025-05-14T10:34:33.426+0000] {processor.py:927} WARNING - No viable dags retrieved from /opt/airflow/dags/utils/trigger_dag.py
[2025-05-14T10:34:33.437+0000] {processor.py:208} INFO - Processing /opt/airflow/dags/utils/trigger_dag.py took 0.022 seconds
[2025-05-14T10:35:04.248+0000] {processor.py:186} INFO - Started process (PID=5106) to work on /opt/airflow/dags/utils/trigger_dag.py
[2025-05-14T10:35:04.248+0000] {processor.py:914} INFO - Processing file /opt/airflow/dags/utils/trigger_dag.py for tasks to queue
[2025-05-14T10:35:04.250+0000] {logging_mixin.py:190} INFO - [2025-05-14T10:35:04.250+0000] {dagbag.py:587} INFO - Filling up the DagBag from /opt/airflow/dags/utils/trigger_dag.py
[2025-05-14T10:35:04.253+0000] {processor.py:927} WARNING - No viable dags retrieved from /opt/airflow/dags/utils/trigger_dag.py
[2025-05-14T10:35:04.262+0000] {processor.py:208} INFO - Processing /opt/airflow/dags/utils/trigger_dag.py took 0.019 seconds
[2025-05-14T10:35:35.158+0000] {processor.py:186} INFO - Started process (PID=5130) to work on /opt/airflow/dags/utils/trigger_dag.py
[2025-05-14T10:35:35.173+0000] {processor.py:914} INFO - Processing file /opt/airflow/dags/utils/trigger_dag.py for tasks to queue
[2025-05-14T10:35:35.175+0000] {logging_mixin.py:190} INFO - [2025-05-14T10:35:35.175+0000] {dagbag.py:587} INFO - Filling up the DagBag from /opt/airflow/dags/utils/trigger_dag.py
[2025-05-14T10:35:35.178+0000] {processor.py:927} WARNING - No viable dags retrieved from /opt/airflow/dags/utils/trigger_dag.py
[2025-05-14T10:35:35.188+0000] {processor.py:208} INFO - Processing /opt/airflow/dags/utils/trigger_dag.py took 0.034 seconds
[2025-05-14T10:36:06.053+0000] {processor.py:186} INFO - Started process (PID=5154) to work on /opt/airflow/dags/utils/trigger_dag.py
[2025-05-14T10:36:06.058+0000] {processor.py:914} INFO - Processing file /opt/airflow/dags/utils/trigger_dag.py for tasks to queue
[2025-05-14T10:36:06.059+0000] {logging_mixin.py:190} INFO - [2025-05-14T10:36:06.059+0000] {dagbag.py:587} INFO - Filling up the DagBag from /opt/airflow/dags/utils/trigger_dag.py
[2025-05-14T10:36:06.063+0000] {processor.py:927} WARNING - No viable dags retrieved from /opt/airflow/dags/utils/trigger_dag.py
[2025-05-14T10:36:06.075+0000] {processor.py:208} INFO - Processing /opt/airflow/dags/utils/trigger_dag.py took 0.027 seconds
[2025-05-14T10:36:37.036+0000] {processor.py:186} INFO - Started process (PID=5178) to work on /opt/airflow/dags/utils/trigger_dag.py
[2025-05-14T10:36:37.037+0000] {processor.py:914} INFO - Processing file /opt/airflow/dags/utils/trigger_dag.py for tasks to queue
[2025-05-14T10:36:37.039+0000] {logging_mixin.py:190} INFO - [2025-05-14T10:36:37.039+0000] {dagbag.py:587} INFO - Filling up the DagBag from /opt/airflow/dags/utils/trigger_dag.py
[2025-05-14T10:36:37.043+0000] {processor.py:927} WARNING - No viable dags retrieved from /opt/airflow/dags/utils/trigger_dag.py
[2025-05-14T10:36:37.054+0000] {processor.py:208} INFO - Processing /opt/airflow/dags/utils/trigger_dag.py took 0.023 seconds
[2025-05-14T10:37:07.896+0000] {processor.py:186} INFO - Started process (PID=5202) to work on /opt/airflow/dags/utils/trigger_dag.py
[2025-05-14T10:37:07.897+0000] {processor.py:914} INFO - Processing file /opt/airflow/dags/utils/trigger_dag.py for tasks to queue
[2025-05-14T10:37:07.899+0000] {logging_mixin.py:190} INFO - [2025-05-14T10:37:07.898+0000] {dagbag.py:587} INFO - Filling up the DagBag from /opt/airflow/dags/utils/trigger_dag.py
[2025-05-14T10:37:07.902+0000] {processor.py:927} WARNING - No viable dags retrieved from /opt/airflow/dags/utils/trigger_dag.py
[2025-05-14T10:37:07.911+0000] {processor.py:208} INFO - Processing /opt/airflow/dags/utils/trigger_dag.py took 0.019 seconds
[2025-05-14T10:37:38.728+0000] {processor.py:186} INFO - Started process (PID=5226) to work on /opt/airflow/dags/utils/trigger_dag.py
[2025-05-14T10:37:38.728+0000] {processor.py:914} INFO - Processing file /opt/airflow/dags/utils/trigger_dag.py for tasks to queue
[2025-05-14T10:37:38.730+0000] {logging_mixin.py:190} INFO - [2025-05-14T10:37:38.730+0000] {dagbag.py:587} INFO - Filling up the DagBag from /opt/airflow/dags/utils/trigger_dag.py
[2025-05-14T10:37:38.734+0000] {processor.py:927} WARNING - No viable dags retrieved from /opt/airflow/dags/utils/trigger_dag.py
[2025-05-14T10:37:38.745+0000] {processor.py:208} INFO - Processing /opt/airflow/dags/utils/trigger_dag.py took 0.021 seconds
[2025-05-14T10:38:09.576+0000] {processor.py:186} INFO - Started process (PID=5250) to work on /opt/airflow/dags/utils/trigger_dag.py
[2025-05-14T10:38:09.578+0000] {processor.py:914} INFO - Processing file /opt/airflow/dags/utils/trigger_dag.py for tasks to queue
[2025-05-14T10:38:09.579+0000] {logging_mixin.py:190} INFO - [2025-05-14T10:38:09.579+0000] {dagbag.py:587} INFO - Filling up the DagBag from /opt/airflow/dags/utils/trigger_dag.py
[2025-05-14T10:38:09.582+0000] {processor.py:927} WARNING - No viable dags retrieved from /opt/airflow/dags/utils/trigger_dag.py
[2025-05-14T10:38:09.591+0000] {processor.py:208} INFO - Processing /opt/airflow/dags/utils/trigger_dag.py took 0.019 seconds
[2025-05-14T10:38:40.454+0000] {processor.py:186} INFO - Started process (PID=5274) to work on /opt/airflow/dags/utils/trigger_dag.py
[2025-05-14T10:38:40.455+0000] {processor.py:914} INFO - Processing file /opt/airflow/dags/utils/trigger_dag.py for tasks to queue
[2025-05-14T10:38:40.457+0000] {logging_mixin.py:190} INFO - [2025-05-14T10:38:40.456+0000] {dagbag.py:587} INFO - Filling up the DagBag from /opt/airflow/dags/utils/trigger_dag.py
[2025-05-14T10:38:40.460+0000] {processor.py:927} WARNING - No viable dags retrieved from /opt/airflow/dags/utils/trigger_dag.py
[2025-05-14T10:38:40.469+0000] {processor.py:208} INFO - Processing /opt/airflow/dags/utils/trigger_dag.py took 0.020 seconds
[2025-05-14T10:39:11.317+0000] {processor.py:186} INFO - Started process (PID=5298) to work on /opt/airflow/dags/utils/trigger_dag.py
[2025-05-14T10:39:11.318+0000] {processor.py:914} INFO - Processing file /opt/airflow/dags/utils/trigger_dag.py for tasks to queue
[2025-05-14T10:39:11.319+0000] {logging_mixin.py:190} INFO - [2025-05-14T10:39:11.319+0000] {dagbag.py:587} INFO - Filling up the DagBag from /opt/airflow/dags/utils/trigger_dag.py
[2025-05-14T10:39:11.323+0000] {processor.py:927} WARNING - No viable dags retrieved from /opt/airflow/dags/utils/trigger_dag.py
[2025-05-14T10:39:11.332+0000] {processor.py:208} INFO - Processing /opt/airflow/dags/utils/trigger_dag.py took 0.020 seconds
[2025-05-14T10:39:42.169+0000] {processor.py:186} INFO - Started process (PID=5322) to work on /opt/airflow/dags/utils/trigger_dag.py
[2025-05-14T10:39:42.170+0000] {processor.py:914} INFO - Processing file /opt/airflow/dags/utils/trigger_dag.py for tasks to queue
[2025-05-14T10:39:42.172+0000] {logging_mixin.py:190} INFO - [2025-05-14T10:39:42.172+0000] {dagbag.py:587} INFO - Filling up the DagBag from /opt/airflow/dags/utils/trigger_dag.py
[2025-05-14T10:39:42.175+0000] {processor.py:927} WARNING - No viable dags retrieved from /opt/airflow/dags/utils/trigger_dag.py
[2025-05-14T10:39:42.186+0000] {processor.py:208} INFO - Processing /opt/airflow/dags/utils/trigger_dag.py took 0.021 seconds
[2025-05-14T10:40:13.031+0000] {processor.py:186} INFO - Started process (PID=5346) to work on /opt/airflow/dags/utils/trigger_dag.py
[2025-05-14T10:40:13.035+0000] {processor.py:914} INFO - Processing file /opt/airflow/dags/utils/trigger_dag.py for tasks to queue
[2025-05-14T10:40:13.036+0000] {logging_mixin.py:190} INFO - [2025-05-14T10:40:13.036+0000] {dagbag.py:587} INFO - Filling up the DagBag from /opt/airflow/dags/utils/trigger_dag.py
[2025-05-14T10:40:13.039+0000] {processor.py:927} WARNING - No viable dags retrieved from /opt/airflow/dags/utils/trigger_dag.py
[2025-05-14T10:40:13.048+0000] {processor.py:208} INFO - Processing /opt/airflow/dags/utils/trigger_dag.py took 0.021 seconds
[2025-05-14T10:40:43.854+0000] {processor.py:186} INFO - Started process (PID=5376) to work on /opt/airflow/dags/utils/trigger_dag.py
[2025-05-14T10:40:43.857+0000] {processor.py:914} INFO - Processing file /opt/airflow/dags/utils/trigger_dag.py for tasks to queue
[2025-05-14T10:40:43.859+0000] {logging_mixin.py:190} INFO - [2025-05-14T10:40:43.859+0000] {dagbag.py:587} INFO - Filling up the DagBag from /opt/airflow/dags/utils/trigger_dag.py
[2025-05-14T10:40:43.862+0000] {processor.py:927} WARNING - No viable dags retrieved from /opt/airflow/dags/utils/trigger_dag.py
[2025-05-14T10:40:43.871+0000] {processor.py:208} INFO - Processing /opt/airflow/dags/utils/trigger_dag.py took 0.021 seconds
[2025-05-14T10:41:14.699+0000] {processor.py:186} INFO - Started process (PID=5400) to work on /opt/airflow/dags/utils/trigger_dag.py
[2025-05-14T10:41:14.700+0000] {processor.py:914} INFO - Processing file /opt/airflow/dags/utils/trigger_dag.py for tasks to queue
[2025-05-14T10:41:14.702+0000] {logging_mixin.py:190} INFO - [2025-05-14T10:41:14.701+0000] {dagbag.py:587} INFO - Filling up the DagBag from /opt/airflow/dags/utils/trigger_dag.py
[2025-05-14T10:41:14.705+0000] {processor.py:927} WARNING - No viable dags retrieved from /opt/airflow/dags/utils/trigger_dag.py
[2025-05-14T10:41:14.715+0000] {processor.py:208} INFO - Processing /opt/airflow/dags/utils/trigger_dag.py took 0.020 seconds
[2025-05-14T10:41:45.551+0000] {processor.py:186} INFO - Started process (PID=5424) to work on /opt/airflow/dags/utils/trigger_dag.py
[2025-05-14T10:41:45.552+0000] {processor.py:914} INFO - Processing file /opt/airflow/dags/utils/trigger_dag.py for tasks to queue
[2025-05-14T10:41:45.553+0000] {logging_mixin.py:190} INFO - [2025-05-14T10:41:45.553+0000] {dagbag.py:587} INFO - Filling up the DagBag from /opt/airflow/dags/utils/trigger_dag.py
[2025-05-14T10:41:45.556+0000] {processor.py:927} WARNING - No viable dags retrieved from /opt/airflow/dags/utils/trigger_dag.py
[2025-05-14T10:41:45.568+0000] {processor.py:208} INFO - Processing /opt/airflow/dags/utils/trigger_dag.py took 0.021 seconds
[2025-05-14T10:42:16.404+0000] {processor.py:186} INFO - Started process (PID=5448) to work on /opt/airflow/dags/utils/trigger_dag.py
[2025-05-14T10:42:16.408+0000] {processor.py:914} INFO - Processing file /opt/airflow/dags/utils/trigger_dag.py for tasks to queue
[2025-05-14T10:42:16.409+0000] {logging_mixin.py:190} INFO - [2025-05-14T10:42:16.409+0000] {dagbag.py:587} INFO - Filling up the DagBag from /opt/airflow/dags/utils/trigger_dag.py
[2025-05-14T10:42:16.412+0000] {processor.py:927} WARNING - No viable dags retrieved from /opt/airflow/dags/utils/trigger_dag.py
[2025-05-14T10:42:16.421+0000] {processor.py:208} INFO - Processing /opt/airflow/dags/utils/trigger_dag.py took 0.021 seconds
[2025-05-14T10:42:47.259+0000] {processor.py:186} INFO - Started process (PID=5472) to work on /opt/airflow/dags/utils/trigger_dag.py
[2025-05-14T10:42:47.260+0000] {processor.py:914} INFO - Processing file /opt/airflow/dags/utils/trigger_dag.py for tasks to queue
[2025-05-14T10:42:47.262+0000] {logging_mixin.py:190} INFO - [2025-05-14T10:42:47.262+0000] {dagbag.py:587} INFO - Filling up the DagBag from /opt/airflow/dags/utils/trigger_dag.py
[2025-05-14T10:42:47.266+0000] {processor.py:927} WARNING - No viable dags retrieved from /opt/airflow/dags/utils/trigger_dag.py
[2025-05-14T10:42:47.276+0000] {processor.py:208} INFO - Processing /opt/airflow/dags/utils/trigger_dag.py took 0.021 seconds
[2025-05-14T10:43:18.126+0000] {processor.py:186} INFO - Started process (PID=5496) to work on /opt/airflow/dags/utils/trigger_dag.py
[2025-05-14T10:43:18.127+0000] {processor.py:914} INFO - Processing file /opt/airflow/dags/utils/trigger_dag.py for tasks to queue
[2025-05-14T10:43:18.129+0000] {logging_mixin.py:190} INFO - [2025-05-14T10:43:18.129+0000] {dagbag.py:587} INFO - Filling up the DagBag from /opt/airflow/dags/utils/trigger_dag.py
[2025-05-14T10:43:18.134+0000] {processor.py:927} WARNING - No viable dags retrieved from /opt/airflow/dags/utils/trigger_dag.py
[2025-05-14T10:43:18.143+0000] {processor.py:208} INFO - Processing /opt/airflow/dags/utils/trigger_dag.py took 0.021 seconds
[2025-05-14T10:43:48.997+0000] {processor.py:186} INFO - Started process (PID=5520) to work on /opt/airflow/dags/utils/trigger_dag.py
[2025-05-14T10:43:48.998+0000] {processor.py:914} INFO - Processing file /opt/airflow/dags/utils/trigger_dag.py for tasks to queue
[2025-05-14T10:43:49.000+0000] {logging_mixin.py:190} INFO - [2025-05-14T10:43:49.000+0000] {dagbag.py:587} INFO - Filling up the DagBag from /opt/airflow/dags/utils/trigger_dag.py
[2025-05-14T10:43:49.004+0000] {processor.py:927} WARNING - No viable dags retrieved from /opt/airflow/dags/utils/trigger_dag.py
[2025-05-14T10:43:49.014+0000] {processor.py:208} INFO - Processing /opt/airflow/dags/utils/trigger_dag.py took 0.021 seconds
[2025-05-14T10:44:19.897+0000] {processor.py:186} INFO - Started process (PID=5544) to work on /opt/airflow/dags/utils/trigger_dag.py
[2025-05-14T10:44:19.900+0000] {processor.py:914} INFO - Processing file /opt/airflow/dags/utils/trigger_dag.py for tasks to queue
[2025-05-14T10:44:19.902+0000] {logging_mixin.py:190} INFO - [2025-05-14T10:44:19.902+0000] {dagbag.py:587} INFO - Filling up the DagBag from /opt/airflow/dags/utils/trigger_dag.py
[2025-05-14T10:44:19.905+0000] {processor.py:927} WARNING - No viable dags retrieved from /opt/airflow/dags/utils/trigger_dag.py
[2025-05-14T10:44:19.914+0000] {processor.py:208} INFO - Processing /opt/airflow/dags/utils/trigger_dag.py took 0.022 seconds
[2025-05-14T10:44:50.755+0000] {processor.py:186} INFO - Started process (PID=5568) to work on /opt/airflow/dags/utils/trigger_dag.py
[2025-05-14T10:44:50.758+0000] {processor.py:914} INFO - Processing file /opt/airflow/dags/utils/trigger_dag.py for tasks to queue
[2025-05-14T10:44:50.760+0000] {logging_mixin.py:190} INFO - [2025-05-14T10:44:50.760+0000] {dagbag.py:587} INFO - Filling up the DagBag from /opt/airflow/dags/utils/trigger_dag.py
[2025-05-14T10:44:50.763+0000] {processor.py:927} WARNING - No viable dags retrieved from /opt/airflow/dags/utils/trigger_dag.py
[2025-05-14T10:44:50.774+0000] {processor.py:208} INFO - Processing /opt/airflow/dags/utils/trigger_dag.py took 0.023 seconds
[2025-05-14T10:45:21.608+0000] {processor.py:186} INFO - Started process (PID=5592) to work on /opt/airflow/dags/utils/trigger_dag.py
[2025-05-14T10:45:21.611+0000] {processor.py:914} INFO - Processing file /opt/airflow/dags/utils/trigger_dag.py for tasks to queue
[2025-05-14T10:45:21.613+0000] {logging_mixin.py:190} INFO - [2025-05-14T10:45:21.613+0000] {dagbag.py:587} INFO - Filling up the DagBag from /opt/airflow/dags/utils/trigger_dag.py
[2025-05-14T10:45:21.616+0000] {processor.py:927} WARNING - No viable dags retrieved from /opt/airflow/dags/utils/trigger_dag.py
[2025-05-14T10:45:21.627+0000] {processor.py:208} INFO - Processing /opt/airflow/dags/utils/trigger_dag.py took 0.023 seconds
[2025-05-14T10:45:52.449+0000] {processor.py:186} INFO - Started process (PID=5616) to work on /opt/airflow/dags/utils/trigger_dag.py
[2025-05-14T10:45:52.452+0000] {processor.py:914} INFO - Processing file /opt/airflow/dags/utils/trigger_dag.py for tasks to queue
[2025-05-14T10:45:52.454+0000] {logging_mixin.py:190} INFO - [2025-05-14T10:45:52.454+0000] {dagbag.py:587} INFO - Filling up the DagBag from /opt/airflow/dags/utils/trigger_dag.py
[2025-05-14T10:45:52.458+0000] {processor.py:927} WARNING - No viable dags retrieved from /opt/airflow/dags/utils/trigger_dag.py
[2025-05-14T10:45:52.468+0000] {processor.py:208} INFO - Processing /opt/airflow/dags/utils/trigger_dag.py took 0.022 seconds
[2025-05-14T10:46:23.329+0000] {processor.py:186} INFO - Started process (PID=5640) to work on /opt/airflow/dags/utils/trigger_dag.py
[2025-05-14T10:46:23.329+0000] {processor.py:914} INFO - Processing file /opt/airflow/dags/utils/trigger_dag.py for tasks to queue
[2025-05-14T10:46:23.331+0000] {logging_mixin.py:190} INFO - [2025-05-14T10:46:23.331+0000] {dagbag.py:587} INFO - Filling up the DagBag from /opt/airflow/dags/utils/trigger_dag.py
[2025-05-14T10:46:23.335+0000] {processor.py:927} WARNING - No viable dags retrieved from /opt/airflow/dags/utils/trigger_dag.py
[2025-05-14T10:46:23.345+0000] {processor.py:208} INFO - Processing /opt/airflow/dags/utils/trigger_dag.py took 0.021 seconds
[2025-05-14T10:46:54.195+0000] {processor.py:186} INFO - Started process (PID=5664) to work on /opt/airflow/dags/utils/trigger_dag.py
[2025-05-14T10:46:54.196+0000] {processor.py:914} INFO - Processing file /opt/airflow/dags/utils/trigger_dag.py for tasks to queue
[2025-05-14T10:46:54.198+0000] {logging_mixin.py:190} INFO - [2025-05-14T10:46:54.198+0000] {dagbag.py:587} INFO - Filling up the DagBag from /opt/airflow/dags/utils/trigger_dag.py
[2025-05-14T10:46:54.202+0000] {processor.py:927} WARNING - No viable dags retrieved from /opt/airflow/dags/utils/trigger_dag.py
[2025-05-14T10:46:54.211+0000] {processor.py:208} INFO - Processing /opt/airflow/dags/utils/trigger_dag.py took 0.020 seconds
[2025-05-14T10:47:25.041+0000] {processor.py:186} INFO - Started process (PID=5690) to work on /opt/airflow/dags/utils/trigger_dag.py
[2025-05-14T10:47:25.042+0000] {processor.py:914} INFO - Processing file /opt/airflow/dags/utils/trigger_dag.py for tasks to queue
[2025-05-14T10:47:25.043+0000] {logging_mixin.py:190} INFO - [2025-05-14T10:47:25.043+0000] {dagbag.py:587} INFO - Filling up the DagBag from /opt/airflow/dags/utils/trigger_dag.py
[2025-05-14T10:47:25.047+0000] {processor.py:927} WARNING - No viable dags retrieved from /opt/airflow/dags/utils/trigger_dag.py
[2025-05-14T10:47:25.056+0000] {processor.py:208} INFO - Processing /opt/airflow/dags/utils/trigger_dag.py took 0.020 seconds
[2025-05-14T10:47:55.921+0000] {processor.py:186} INFO - Started process (PID=5716) to work on /opt/airflow/dags/utils/trigger_dag.py
[2025-05-14T10:47:55.922+0000] {processor.py:914} INFO - Processing file /opt/airflow/dags/utils/trigger_dag.py for tasks to queue
[2025-05-14T10:47:55.924+0000] {logging_mixin.py:190} INFO - [2025-05-14T10:47:55.924+0000] {dagbag.py:587} INFO - Filling up the DagBag from /opt/airflow/dags/utils/trigger_dag.py
[2025-05-14T10:47:55.928+0000] {processor.py:927} WARNING - No viable dags retrieved from /opt/airflow/dags/utils/trigger_dag.py
[2025-05-14T10:47:55.939+0000] {processor.py:208} INFO - Processing /opt/airflow/dags/utils/trigger_dag.py took 0.022 seconds
[2025-05-14T10:48:26.775+0000] {processor.py:186} INFO - Started process (PID=5742) to work on /opt/airflow/dags/utils/trigger_dag.py
[2025-05-14T10:48:26.776+0000] {processor.py:914} INFO - Processing file /opt/airflow/dags/utils/trigger_dag.py for tasks to queue
[2025-05-14T10:48:26.779+0000] {logging_mixin.py:190} INFO - [2025-05-14T10:48:26.778+0000] {dagbag.py:587} INFO - Filling up the DagBag from /opt/airflow/dags/utils/trigger_dag.py
[2025-05-14T10:48:26.782+0000] {processor.py:927} WARNING - No viable dags retrieved from /opt/airflow/dags/utils/trigger_dag.py
[2025-05-14T10:48:26.793+0000] {processor.py:208} INFO - Processing /opt/airflow/dags/utils/trigger_dag.py took 0.022 seconds
[2025-05-14T10:48:57.690+0000] {processor.py:186} INFO - Started process (PID=5768) to work on /opt/airflow/dags/utils/trigger_dag.py
[2025-05-14T10:48:57.691+0000] {processor.py:914} INFO - Processing file /opt/airflow/dags/utils/trigger_dag.py for tasks to queue
[2025-05-14T10:48:57.694+0000] {logging_mixin.py:190} INFO - [2025-05-14T10:48:57.693+0000] {dagbag.py:587} INFO - Filling up the DagBag from /opt/airflow/dags/utils/trigger_dag.py
[2025-05-14T10:48:57.698+0000] {processor.py:927} WARNING - No viable dags retrieved from /opt/airflow/dags/utils/trigger_dag.py
[2025-05-14T10:48:57.710+0000] {processor.py:208} INFO - Processing /opt/airflow/dags/utils/trigger_dag.py took 0.025 seconds
[2025-05-14T10:49:28.548+0000] {processor.py:186} INFO - Started process (PID=5794) to work on /opt/airflow/dags/utils/trigger_dag.py
[2025-05-14T10:49:28.551+0000] {processor.py:914} INFO - Processing file /opt/airflow/dags/utils/trigger_dag.py for tasks to queue
[2025-05-14T10:49:28.553+0000] {logging_mixin.py:190} INFO - [2025-05-14T10:49:28.553+0000] {dagbag.py:587} INFO - Filling up the DagBag from /opt/airflow/dags/utils/trigger_dag.py
[2025-05-14T10:49:28.556+0000] {processor.py:927} WARNING - No viable dags retrieved from /opt/airflow/dags/utils/trigger_dag.py
[2025-05-14T10:49:28.566+0000] {processor.py:208} INFO - Processing /opt/airflow/dags/utils/trigger_dag.py took 0.022 seconds
[2025-05-14T10:49:59.397+0000] {processor.py:186} INFO - Started process (PID=5820) to work on /opt/airflow/dags/utils/trigger_dag.py
[2025-05-14T10:49:59.398+0000] {processor.py:914} INFO - Processing file /opt/airflow/dags/utils/trigger_dag.py for tasks to queue
[2025-05-14T10:49:59.400+0000] {logging_mixin.py:190} INFO - [2025-05-14T10:49:59.400+0000] {dagbag.py:587} INFO - Filling up the DagBag from /opt/airflow/dags/utils/trigger_dag.py
[2025-05-14T10:49:59.404+0000] {processor.py:927} WARNING - No viable dags retrieved from /opt/airflow/dags/utils/trigger_dag.py
[2025-05-14T10:49:59.413+0000] {processor.py:208} INFO - Processing /opt/airflow/dags/utils/trigger_dag.py took 0.019 seconds
[2025-05-14T10:50:30.257+0000] {processor.py:186} INFO - Started process (PID=5846) to work on /opt/airflow/dags/utils/trigger_dag.py
[2025-05-14T10:50:30.260+0000] {processor.py:914} INFO - Processing file /opt/airflow/dags/utils/trigger_dag.py for tasks to queue
[2025-05-14T10:50:30.262+0000] {logging_mixin.py:190} INFO - [2025-05-14T10:50:30.262+0000] {dagbag.py:587} INFO - Filling up the DagBag from /opt/airflow/dags/utils/trigger_dag.py
[2025-05-14T10:50:30.265+0000] {processor.py:927} WARNING - No viable dags retrieved from /opt/airflow/dags/utils/trigger_dag.py
[2025-05-14T10:50:30.274+0000] {processor.py:208} INFO - Processing /opt/airflow/dags/utils/trigger_dag.py took 0.021 seconds
[2025-05-14T10:51:00.478+0000] {processor.py:186} INFO - Started process (PID=5872) to work on /opt/airflow/dags/utils/trigger_dag.py
[2025-05-14T10:51:00.480+0000] {processor.py:914} INFO - Processing file /opt/airflow/dags/utils/trigger_dag.py for tasks to queue
[2025-05-14T10:51:00.481+0000] {logging_mixin.py:190} INFO - [2025-05-14T10:51:00.481+0000] {dagbag.py:587} INFO - Filling up the DagBag from /opt/airflow/dags/utils/trigger_dag.py
[2025-05-14T10:51:00.485+0000] {processor.py:927} WARNING - No viable dags retrieved from /opt/airflow/dags/utils/trigger_dag.py
[2025-05-14T10:51:00.496+0000] {processor.py:208} INFO - Processing /opt/airflow/dags/utils/trigger_dag.py took 0.021 seconds
[2025-05-14T10:51:31.365+0000] {processor.py:186} INFO - Started process (PID=5898) to work on /opt/airflow/dags/utils/trigger_dag.py
[2025-05-14T10:51:31.367+0000] {processor.py:914} INFO - Processing file /opt/airflow/dags/utils/trigger_dag.py for tasks to queue
[2025-05-14T10:51:31.368+0000] {logging_mixin.py:190} INFO - [2025-05-14T10:51:31.368+0000] {dagbag.py:587} INFO - Filling up the DagBag from /opt/airflow/dags/utils/trigger_dag.py
[2025-05-14T10:51:31.372+0000] {processor.py:927} WARNING - No viable dags retrieved from /opt/airflow/dags/utils/trigger_dag.py
[2025-05-14T10:51:31.381+0000] {processor.py:208} INFO - Processing /opt/airflow/dags/utils/trigger_dag.py took 0.020 seconds
[2025-05-14T10:52:02.228+0000] {processor.py:186} INFO - Started process (PID=5926) to work on /opt/airflow/dags/utils/trigger_dag.py
[2025-05-14T10:52:02.232+0000] {processor.py:914} INFO - Processing file /opt/airflow/dags/utils/trigger_dag.py for tasks to queue
[2025-05-14T10:52:02.234+0000] {logging_mixin.py:190} INFO - [2025-05-14T10:52:02.233+0000] {dagbag.py:587} INFO - Filling up the DagBag from /opt/airflow/dags/utils/trigger_dag.py
[2025-05-14T10:52:02.237+0000] {processor.py:927} WARNING - No viable dags retrieved from /opt/airflow/dags/utils/trigger_dag.py
[2025-05-14T10:52:02.247+0000] {processor.py:208} INFO - Processing /opt/airflow/dags/utils/trigger_dag.py took 0.023 seconds
[2025-05-14T10:52:33.168+0000] {processor.py:186} INFO - Started process (PID=5953) to work on /opt/airflow/dags/utils/trigger_dag.py
[2025-05-14T10:52:33.171+0000] {processor.py:914} INFO - Processing file /opt/airflow/dags/utils/trigger_dag.py for tasks to queue
[2025-05-14T10:52:33.173+0000] {logging_mixin.py:190} INFO - [2025-05-14T10:52:33.173+0000] {dagbag.py:587} INFO - Filling up the DagBag from /opt/airflow/dags/utils/trigger_dag.py
[2025-05-14T10:52:33.176+0000] {processor.py:927} WARNING - No viable dags retrieved from /opt/airflow/dags/utils/trigger_dag.py
[2025-05-14T10:52:33.186+0000] {processor.py:208} INFO - Processing /opt/airflow/dags/utils/trigger_dag.py took 0.023 seconds
[2025-05-14T10:53:04.112+0000] {processor.py:186} INFO - Started process (PID=5981) to work on /opt/airflow/dags/utils/trigger_dag.py
[2025-05-14T10:53:04.115+0000] {processor.py:914} INFO - Processing file /opt/airflow/dags/utils/trigger_dag.py for tasks to queue
[2025-05-14T10:53:04.118+0000] {logging_mixin.py:190} INFO - [2025-05-14T10:53:04.117+0000] {dagbag.py:587} INFO - Filling up the DagBag from /opt/airflow/dags/utils/trigger_dag.py
[2025-05-14T10:53:04.121+0000] {processor.py:927} WARNING - No viable dags retrieved from /opt/airflow/dags/utils/trigger_dag.py
[2025-05-14T10:53:04.131+0000] {processor.py:208} INFO - Processing /opt/airflow/dags/utils/trigger_dag.py took 0.023 seconds
[2025-05-14T10:53:35.040+0000] {processor.py:186} INFO - Started process (PID=6008) to work on /opt/airflow/dags/utils/trigger_dag.py
[2025-05-14T10:53:35.041+0000] {processor.py:914} INFO - Processing file /opt/airflow/dags/utils/trigger_dag.py for tasks to queue
[2025-05-14T10:53:35.043+0000] {logging_mixin.py:190} INFO - [2025-05-14T10:53:35.043+0000] {dagbag.py:587} INFO - Filling up the DagBag from /opt/airflow/dags/utils/trigger_dag.py
[2025-05-14T10:53:35.047+0000] {processor.py:927} WARNING - No viable dags retrieved from /opt/airflow/dags/utils/trigger_dag.py
[2025-05-14T10:53:35.057+0000] {processor.py:208} INFO - Processing /opt/airflow/dags/utils/trigger_dag.py took 0.021 seconds
[2025-05-14T10:54:05.943+0000] {processor.py:186} INFO - Started process (PID=6035) to work on /opt/airflow/dags/utils/trigger_dag.py
[2025-05-14T10:54:05.947+0000] {processor.py:914} INFO - Processing file /opt/airflow/dags/utils/trigger_dag.py for tasks to queue
[2025-05-14T10:54:05.949+0000] {logging_mixin.py:190} INFO - [2025-05-14T10:54:05.949+0000] {dagbag.py:587} INFO - Filling up the DagBag from /opt/airflow/dags/utils/trigger_dag.py
[2025-05-14T10:54:05.952+0000] {processor.py:927} WARNING - No viable dags retrieved from /opt/airflow/dags/utils/trigger_dag.py
[2025-05-14T10:54:05.961+0000] {processor.py:208} INFO - Processing /opt/airflow/dags/utils/trigger_dag.py took 0.022 seconds
[2025-05-14T10:54:35.982+0000] {processor.py:186} INFO - Started process (PID=6063) to work on /opt/airflow/dags/utils/trigger_dag.py
[2025-05-14T10:54:35.983+0000] {processor.py:914} INFO - Processing file /opt/airflow/dags/utils/trigger_dag.py for tasks to queue
[2025-05-14T10:54:35.985+0000] {logging_mixin.py:190} INFO - [2025-05-14T10:54:35.985+0000] {dagbag.py:587} INFO - Filling up the DagBag from /opt/airflow/dags/utils/trigger_dag.py
[2025-05-14T10:54:35.988+0000] {processor.py:927} WARNING - No viable dags retrieved from /opt/airflow/dags/utils/trigger_dag.py
[2025-05-14T10:54:35.999+0000] {processor.py:208} INFO - Processing /opt/airflow/dags/utils/trigger_dag.py took 0.022 seconds
[2025-05-14T10:55:06.127+0000] {processor.py:186} INFO - Started process (PID=6090) to work on /opt/airflow/dags/utils/trigger_dag.py
[2025-05-14T10:55:06.128+0000] {processor.py:914} INFO - Processing file /opt/airflow/dags/utils/trigger_dag.py for tasks to queue
[2025-05-14T10:55:06.130+0000] {logging_mixin.py:190} INFO - [2025-05-14T10:55:06.129+0000] {dagbag.py:587} INFO - Filling up the DagBag from /opt/airflow/dags/utils/trigger_dag.py
[2025-05-14T10:55:06.133+0000] {processor.py:927} WARNING - No viable dags retrieved from /opt/airflow/dags/utils/trigger_dag.py
[2025-05-14T10:55:06.142+0000] {processor.py:208} INFO - Processing /opt/airflow/dags/utils/trigger_dag.py took 0.020 seconds
[2025-05-14T10:55:36.368+0000] {processor.py:186} INFO - Started process (PID=6117) to work on /opt/airflow/dags/utils/trigger_dag.py
[2025-05-14T10:55:36.369+0000] {processor.py:914} INFO - Processing file /opt/airflow/dags/utils/trigger_dag.py for tasks to queue
[2025-05-14T10:55:36.371+0000] {logging_mixin.py:190} INFO - [2025-05-14T10:55:36.370+0000] {dagbag.py:587} INFO - Filling up the DagBag from /opt/airflow/dags/utils/trigger_dag.py
[2025-05-14T10:55:36.374+0000] {processor.py:927} WARNING - No viable dags retrieved from /opt/airflow/dags/utils/trigger_dag.py
[2025-05-14T10:55:36.383+0000] {processor.py:208} INFO - Processing /opt/airflow/dags/utils/trigger_dag.py took 0.019 seconds
[2025-05-14T10:56:06.518+0000] {processor.py:186} INFO - Started process (PID=6144) to work on /opt/airflow/dags/utils/trigger_dag.py
[2025-05-14T10:56:06.519+0000] {processor.py:914} INFO - Processing file /opt/airflow/dags/utils/trigger_dag.py for tasks to queue
[2025-05-14T10:56:06.521+0000] {logging_mixin.py:190} INFO - [2025-05-14T10:56:06.521+0000] {dagbag.py:587} INFO - Filling up the DagBag from /opt/airflow/dags/utils/trigger_dag.py
[2025-05-14T10:56:06.524+0000] {processor.py:927} WARNING - No viable dags retrieved from /opt/airflow/dags/utils/trigger_dag.py
[2025-05-14T10:56:06.533+0000] {processor.py:208} INFO - Processing /opt/airflow/dags/utils/trigger_dag.py took 0.018 seconds
[2025-05-14T10:56:36.691+0000] {processor.py:186} INFO - Started process (PID=6171) to work on /opt/airflow/dags/utils/trigger_dag.py
[2025-05-14T10:56:36.692+0000] {processor.py:914} INFO - Processing file /opt/airflow/dags/utils/trigger_dag.py for tasks to queue
[2025-05-14T10:56:36.694+0000] {logging_mixin.py:190} INFO - [2025-05-14T10:56:36.694+0000] {dagbag.py:587} INFO - Filling up the DagBag from /opt/airflow/dags/utils/trigger_dag.py
[2025-05-14T10:56:36.697+0000] {processor.py:927} WARNING - No viable dags retrieved from /opt/airflow/dags/utils/trigger_dag.py
[2025-05-14T10:56:36.707+0000] {processor.py:208} INFO - Processing /opt/airflow/dags/utils/trigger_dag.py took 0.021 seconds
[2025-05-14T10:57:07.598+0000] {processor.py:186} INFO - Started process (PID=6198) to work on /opt/airflow/dags/utils/trigger_dag.py
[2025-05-14T10:57:07.602+0000] {processor.py:914} INFO - Processing file /opt/airflow/dags/utils/trigger_dag.py for tasks to queue
[2025-05-14T10:57:07.604+0000] {logging_mixin.py:190} INFO - [2025-05-14T10:57:07.603+0000] {dagbag.py:587} INFO - Filling up the DagBag from /opt/airflow/dags/utils/trigger_dag.py
[2025-05-14T10:57:07.607+0000] {processor.py:927} WARNING - No viable dags retrieved from /opt/airflow/dags/utils/trigger_dag.py
[2025-05-14T10:57:07.615+0000] {processor.py:208} INFO - Processing /opt/airflow/dags/utils/trigger_dag.py took 0.021 seconds
[2025-05-14T10:57:38.558+0000] {processor.py:186} INFO - Started process (PID=6225) to work on /opt/airflow/dags/utils/trigger_dag.py
[2025-05-14T10:57:38.559+0000] {processor.py:914} INFO - Processing file /opt/airflow/dags/utils/trigger_dag.py for tasks to queue
[2025-05-14T10:57:38.561+0000] {logging_mixin.py:190} INFO - [2025-05-14T10:57:38.560+0000] {dagbag.py:587} INFO - Filling up the DagBag from /opt/airflow/dags/utils/trigger_dag.py
[2025-05-14T10:57:38.564+0000] {processor.py:927} WARNING - No viable dags retrieved from /opt/airflow/dags/utils/trigger_dag.py
[2025-05-14T10:57:38.573+0000] {processor.py:208} INFO - Processing /opt/airflow/dags/utils/trigger_dag.py took 0.020 seconds
[2025-05-14T10:58:09.561+0000] {processor.py:186} INFO - Started process (PID=6252) to work on /opt/airflow/dags/utils/trigger_dag.py
[2025-05-14T10:58:09.569+0000] {processor.py:914} INFO - Processing file /opt/airflow/dags/utils/trigger_dag.py for tasks to queue
[2025-05-14T10:58:09.570+0000] {logging_mixin.py:190} INFO - [2025-05-14T10:58:09.570+0000] {dagbag.py:587} INFO - Filling up the DagBag from /opt/airflow/dags/utils/trigger_dag.py
[2025-05-14T10:58:09.574+0000] {processor.py:927} WARNING - No viable dags retrieved from /opt/airflow/dags/utils/trigger_dag.py
[2025-05-14T10:58:09.585+0000] {processor.py:208} INFO - Processing /opt/airflow/dags/utils/trigger_dag.py took 0.028 seconds
[2025-05-14T10:58:39.755+0000] {processor.py:186} INFO - Started process (PID=6279) to work on /opt/airflow/dags/utils/trigger_dag.py
[2025-05-14T10:58:39.764+0000] {processor.py:914} INFO - Processing file /opt/airflow/dags/utils/trigger_dag.py for tasks to queue
[2025-05-14T10:58:39.766+0000] {logging_mixin.py:190} INFO - [2025-05-14T10:58:39.766+0000] {dagbag.py:587} INFO - Filling up the DagBag from /opt/airflow/dags/utils/trigger_dag.py
[2025-05-14T10:58:39.769+0000] {processor.py:927} WARNING - No viable dags retrieved from /opt/airflow/dags/utils/trigger_dag.py
[2025-05-14T10:58:39.779+0000] {processor.py:208} INFO - Processing /opt/airflow/dags/utils/trigger_dag.py took 0.028 seconds
[2025-05-14T10:59:09.890+0000] {processor.py:186} INFO - Started process (PID=6306) to work on /opt/airflow/dags/utils/trigger_dag.py
[2025-05-14T10:59:09.891+0000] {processor.py:914} INFO - Processing file /opt/airflow/dags/utils/trigger_dag.py for tasks to queue
[2025-05-14T10:59:09.893+0000] {logging_mixin.py:190} INFO - [2025-05-14T10:59:09.893+0000] {dagbag.py:587} INFO - Filling up the DagBag from /opt/airflow/dags/utils/trigger_dag.py
[2025-05-14T10:59:09.897+0000] {processor.py:927} WARNING - No viable dags retrieved from /opt/airflow/dags/utils/trigger_dag.py
[2025-05-14T10:59:09.907+0000] {processor.py:208} INFO - Processing /opt/airflow/dags/utils/trigger_dag.py took 0.021 seconds
[2025-05-14T10:59:40.009+0000] {processor.py:186} INFO - Started process (PID=6333) to work on /opt/airflow/dags/utils/trigger_dag.py
[2025-05-14T10:59:40.010+0000] {processor.py:914} INFO - Processing file /opt/airflow/dags/utils/trigger_dag.py for tasks to queue
[2025-05-14T10:59:40.012+0000] {logging_mixin.py:190} INFO - [2025-05-14T10:59:40.012+0000] {dagbag.py:587} INFO - Filling up the DagBag from /opt/airflow/dags/utils/trigger_dag.py
[2025-05-14T10:59:40.015+0000] {processor.py:927} WARNING - No viable dags retrieved from /opt/airflow/dags/utils/trigger_dag.py
[2025-05-14T10:59:40.027+0000] {processor.py:208} INFO - Processing /opt/airflow/dags/utils/trigger_dag.py took 0.022 seconds
[2025-05-14T11:00:10.120+0000] {processor.py:186} INFO - Started process (PID=6360) to work on /opt/airflow/dags/utils/trigger_dag.py
[2025-05-14T11:00:10.122+0000] {processor.py:914} INFO - Processing file /opt/airflow/dags/utils/trigger_dag.py for tasks to queue
[2025-05-14T11:00:10.124+0000] {logging_mixin.py:190} INFO - [2025-05-14T11:00:10.124+0000] {dagbag.py:587} INFO - Filling up the DagBag from /opt/airflow/dags/utils/trigger_dag.py
[2025-05-14T11:00:10.128+0000] {processor.py:927} WARNING - No viable dags retrieved from /opt/airflow/dags/utils/trigger_dag.py
[2025-05-14T11:00:10.139+0000] {processor.py:208} INFO - Processing /opt/airflow/dags/utils/trigger_dag.py took 0.024 seconds
[2025-05-14T11:00:40.966+0000] {processor.py:186} INFO - Started process (PID=6387) to work on /opt/airflow/dags/utils/trigger_dag.py
[2025-05-14T11:00:40.967+0000] {processor.py:914} INFO - Processing file /opt/airflow/dags/utils/trigger_dag.py for tasks to queue
[2025-05-14T11:00:40.969+0000] {logging_mixin.py:190} INFO - [2025-05-14T11:00:40.969+0000] {dagbag.py:587} INFO - Filling up the DagBag from /opt/airflow/dags/utils/trigger_dag.py
[2025-05-14T11:00:40.972+0000] {processor.py:927} WARNING - No viable dags retrieved from /opt/airflow/dags/utils/trigger_dag.py
[2025-05-14T11:00:40.981+0000] {processor.py:208} INFO - Processing /opt/airflow/dags/utils/trigger_dag.py took 0.019 seconds
[2025-05-14T11:01:11.865+0000] {processor.py:186} INFO - Started process (PID=6414) to work on /opt/airflow/dags/utils/trigger_dag.py
[2025-05-14T11:01:11.866+0000] {processor.py:914} INFO - Processing file /opt/airflow/dags/utils/trigger_dag.py for tasks to queue
[2025-05-14T11:01:11.868+0000] {logging_mixin.py:190} INFO - [2025-05-14T11:01:11.868+0000] {dagbag.py:587} INFO - Filling up the DagBag from /opt/airflow/dags/utils/trigger_dag.py
[2025-05-14T11:01:11.871+0000] {processor.py:927} WARNING - No viable dags retrieved from /opt/airflow/dags/utils/trigger_dag.py
[2025-05-14T11:01:11.881+0000] {processor.py:208} INFO - Processing /opt/airflow/dags/utils/trigger_dag.py took 0.020 seconds
[2025-05-14T11:01:42.736+0000] {processor.py:186} INFO - Started process (PID=6441) to work on /opt/airflow/dags/utils/trigger_dag.py
[2025-05-14T11:01:42.737+0000] {processor.py:914} INFO - Processing file /opt/airflow/dags/utils/trigger_dag.py for tasks to queue
[2025-05-14T11:01:42.739+0000] {logging_mixin.py:190} INFO - [2025-05-14T11:01:42.739+0000] {dagbag.py:587} INFO - Filling up the DagBag from /opt/airflow/dags/utils/trigger_dag.py
[2025-05-14T11:01:42.743+0000] {processor.py:927} WARNING - No viable dags retrieved from /opt/airflow/dags/utils/trigger_dag.py
[2025-05-14T11:01:42.753+0000] {processor.py:208} INFO - Processing /opt/airflow/dags/utils/trigger_dag.py took 0.021 seconds
[2025-05-14T11:02:13.553+0000] {processor.py:186} INFO - Started process (PID=6467) to work on /opt/airflow/dags/utils/trigger_dag.py
[2025-05-14T11:02:13.557+0000] {processor.py:914} INFO - Processing file /opt/airflow/dags/utils/trigger_dag.py for tasks to queue
[2025-05-14T11:02:13.559+0000] {logging_mixin.py:190} INFO - [2025-05-14T11:02:13.559+0000] {dagbag.py:587} INFO - Filling up the DagBag from /opt/airflow/dags/utils/trigger_dag.py
[2025-05-14T11:02:13.562+0000] {processor.py:927} WARNING - No viable dags retrieved from /opt/airflow/dags/utils/trigger_dag.py
[2025-05-14T11:02:13.571+0000] {processor.py:208} INFO - Processing /opt/airflow/dags/utils/trigger_dag.py took 0.022 seconds
[2025-05-14T11:02:43.604+0000] {processor.py:186} INFO - Started process (PID=6494) to work on /opt/airflow/dags/utils/trigger_dag.py
[2025-05-14T11:02:43.617+0000] {processor.py:914} INFO - Processing file /opt/airflow/dags/utils/trigger_dag.py for tasks to queue
[2025-05-14T11:02:43.619+0000] {logging_mixin.py:190} INFO - [2025-05-14T11:02:43.619+0000] {dagbag.py:587} INFO - Filling up the DagBag from /opt/airflow/dags/utils/trigger_dag.py
[2025-05-14T11:02:43.622+0000] {processor.py:927} WARNING - No viable dags retrieved from /opt/airflow/dags/utils/trigger_dag.py
[2025-05-14T11:02:43.633+0000] {processor.py:208} INFO - Processing /opt/airflow/dags/utils/trigger_dag.py took 0.033 seconds
[2025-05-14T11:03:14.533+0000] {processor.py:186} INFO - Started process (PID=6519) to work on /opt/airflow/dags/utils/trigger_dag.py
[2025-05-14T11:03:14.534+0000] {processor.py:914} INFO - Processing file /opt/airflow/dags/utils/trigger_dag.py for tasks to queue
[2025-05-14T11:03:14.536+0000] {logging_mixin.py:190} INFO - [2025-05-14T11:03:14.536+0000] {dagbag.py:587} INFO - Filling up the DagBag from /opt/airflow/dags/utils/trigger_dag.py
[2025-05-14T11:03:14.540+0000] {processor.py:927} WARNING - No viable dags retrieved from /opt/airflow/dags/utils/trigger_dag.py
[2025-05-14T11:03:14.550+0000] {processor.py:208} INFO - Processing /opt/airflow/dags/utils/trigger_dag.py took 0.022 seconds
[2025-05-14T11:03:44.618+0000] {processor.py:186} INFO - Started process (PID=6547) to work on /opt/airflow/dags/utils/trigger_dag.py
[2025-05-14T11:03:44.620+0000] {processor.py:914} INFO - Processing file /opt/airflow/dags/utils/trigger_dag.py for tasks to queue
[2025-05-14T11:03:44.621+0000] {logging_mixin.py:190} INFO - [2025-05-14T11:03:44.621+0000] {dagbag.py:587} INFO - Filling up the DagBag from /opt/airflow/dags/utils/trigger_dag.py
[2025-05-14T11:03:44.625+0000] {processor.py:927} WARNING - No viable dags retrieved from /opt/airflow/dags/utils/trigger_dag.py
[2025-05-14T11:03:44.634+0000] {processor.py:208} INFO - Processing /opt/airflow/dags/utils/trigger_dag.py took 0.020 seconds
[2025-05-14T11:04:14.737+0000] {processor.py:186} INFO - Started process (PID=6574) to work on /opt/airflow/dags/utils/trigger_dag.py
[2025-05-14T11:04:14.738+0000] {processor.py:914} INFO - Processing file /opt/airflow/dags/utils/trigger_dag.py for tasks to queue
[2025-05-14T11:04:14.740+0000] {logging_mixin.py:190} INFO - [2025-05-14T11:04:14.740+0000] {dagbag.py:587} INFO - Filling up the DagBag from /opt/airflow/dags/utils/trigger_dag.py
[2025-05-14T11:04:14.744+0000] {processor.py:927} WARNING - No viable dags retrieved from /opt/airflow/dags/utils/trigger_dag.py
[2025-05-14T11:04:14.755+0000] {processor.py:208} INFO - Processing /opt/airflow/dags/utils/trigger_dag.py took 0.022 seconds
[2025-05-14T11:04:44.778+0000] {processor.py:186} INFO - Started process (PID=6600) to work on /opt/airflow/dags/utils/trigger_dag.py
[2025-05-14T11:04:44.782+0000] {processor.py:914} INFO - Processing file /opt/airflow/dags/utils/trigger_dag.py for tasks to queue
[2025-05-14T11:04:44.783+0000] {logging_mixin.py:190} INFO - [2025-05-14T11:04:44.783+0000] {dagbag.py:587} INFO - Filling up the DagBag from /opt/airflow/dags/utils/trigger_dag.py
[2025-05-14T11:04:44.787+0000] {processor.py:927} WARNING - No viable dags retrieved from /opt/airflow/dags/utils/trigger_dag.py
[2025-05-14T11:04:44.797+0000] {processor.py:208} INFO - Processing /opt/airflow/dags/utils/trigger_dag.py took 0.023 seconds
[2025-05-14T11:05:15.645+0000] {processor.py:186} INFO - Started process (PID=6633) to work on /opt/airflow/dags/utils/trigger_dag.py
[2025-05-14T11:05:15.648+0000] {processor.py:914} INFO - Processing file /opt/airflow/dags/utils/trigger_dag.py for tasks to queue
[2025-05-14T11:05:15.649+0000] {logging_mixin.py:190} INFO - [2025-05-14T11:05:15.649+0000] {dagbag.py:587} INFO - Filling up the DagBag from /opt/airflow/dags/utils/trigger_dag.py
[2025-05-14T11:05:15.653+0000] {processor.py:927} WARNING - No viable dags retrieved from /opt/airflow/dags/utils/trigger_dag.py
[2025-05-14T11:05:15.664+0000] {processor.py:208} INFO - Processing /opt/airflow/dags/utils/trigger_dag.py took 0.024 seconds
[2025-05-14T11:05:46.497+0000] {processor.py:186} INFO - Started process (PID=6660) to work on /opt/airflow/dags/utils/trigger_dag.py
[2025-05-14T11:05:46.498+0000] {processor.py:914} INFO - Processing file /opt/airflow/dags/utils/trigger_dag.py for tasks to queue
[2025-05-14T11:05:46.499+0000] {logging_mixin.py:190} INFO - [2025-05-14T11:05:46.499+0000] {dagbag.py:587} INFO - Filling up the DagBag from /opt/airflow/dags/utils/trigger_dag.py
[2025-05-14T11:05:46.502+0000] {processor.py:927} WARNING - No viable dags retrieved from /opt/airflow/dags/utils/trigger_dag.py
[2025-05-14T11:05:46.512+0000] {processor.py:208} INFO - Processing /opt/airflow/dags/utils/trigger_dag.py took 0.020 seconds
[2025-05-14T11:06:17.373+0000] {processor.py:186} INFO - Started process (PID=6687) to work on /opt/airflow/dags/utils/trigger_dag.py
[2025-05-14T11:06:17.374+0000] {processor.py:914} INFO - Processing file /opt/airflow/dags/utils/trigger_dag.py for tasks to queue
[2025-05-14T11:06:17.375+0000] {logging_mixin.py:190} INFO - [2025-05-14T11:06:17.374+0000] {dagbag.py:587} INFO - Filling up the DagBag from /opt/airflow/dags/utils/trigger_dag.py
[2025-05-14T11:06:17.379+0000] {processor.py:927} WARNING - No viable dags retrieved from /opt/airflow/dags/utils/trigger_dag.py
[2025-05-14T11:06:17.390+0000] {processor.py:208} INFO - Processing /opt/airflow/dags/utils/trigger_dag.py took 0.021 seconds
[2025-05-14T11:06:48.250+0000] {processor.py:186} INFO - Started process (PID=6714) to work on /opt/airflow/dags/utils/trigger_dag.py
[2025-05-14T11:06:48.251+0000] {processor.py:914} INFO - Processing file /opt/airflow/dags/utils/trigger_dag.py for tasks to queue
[2025-05-14T11:06:48.252+0000] {logging_mixin.py:190} INFO - [2025-05-14T11:06:48.252+0000] {dagbag.py:587} INFO - Filling up the DagBag from /opt/airflow/dags/utils/trigger_dag.py
[2025-05-14T11:06:48.256+0000] {processor.py:927} WARNING - No viable dags retrieved from /opt/airflow/dags/utils/trigger_dag.py
[2025-05-14T11:06:48.265+0000] {processor.py:208} INFO - Processing /opt/airflow/dags/utils/trigger_dag.py took 0.019 seconds
[2025-05-14T11:07:19.108+0000] {processor.py:186} INFO - Started process (PID=6741) to work on /opt/airflow/dags/utils/trigger_dag.py
[2025-05-14T11:07:19.110+0000] {processor.py:914} INFO - Processing file /opt/airflow/dags/utils/trigger_dag.py for tasks to queue
[2025-05-14T11:07:19.110+0000] {logging_mixin.py:190} INFO - [2025-05-14T11:07:19.110+0000] {dagbag.py:587} INFO - Filling up the DagBag from /opt/airflow/dags/utils/trigger_dag.py
[2025-05-14T11:07:19.114+0000] {processor.py:927} WARNING - No viable dags retrieved from /opt/airflow/dags/utils/trigger_dag.py
[2025-05-14T11:07:19.124+0000] {processor.py:208} INFO - Processing /opt/airflow/dags/utils/trigger_dag.py took 0.020 seconds
[2025-05-14T11:07:49.968+0000] {processor.py:186} INFO - Started process (PID=6768) to work on /opt/airflow/dags/utils/trigger_dag.py
[2025-05-14T11:07:49.969+0000] {processor.py:914} INFO - Processing file /opt/airflow/dags/utils/trigger_dag.py for tasks to queue
[2025-05-14T11:07:49.970+0000] {logging_mixin.py:190} INFO - [2025-05-14T11:07:49.970+0000] {dagbag.py:587} INFO - Filling up the DagBag from /opt/airflow/dags/utils/trigger_dag.py
[2025-05-14T11:07:49.974+0000] {processor.py:927} WARNING - No viable dags retrieved from /opt/airflow/dags/utils/trigger_dag.py
[2025-05-14T11:07:49.984+0000] {processor.py:208} INFO - Processing /opt/airflow/dags/utils/trigger_dag.py took 0.021 seconds
[2025-05-14T11:08:20.832+0000] {processor.py:186} INFO - Started process (PID=6795) to work on /opt/airflow/dags/utils/trigger_dag.py
[2025-05-14T11:08:20.833+0000] {processor.py:914} INFO - Processing file /opt/airflow/dags/utils/trigger_dag.py for tasks to queue
[2025-05-14T11:08:20.834+0000] {logging_mixin.py:190} INFO - [2025-05-14T11:08:20.834+0000] {dagbag.py:587} INFO - Filling up the DagBag from /opt/airflow/dags/utils/trigger_dag.py
[2025-05-14T11:08:20.838+0000] {processor.py:927} WARNING - No viable dags retrieved from /opt/airflow/dags/utils/trigger_dag.py
[2025-05-14T11:08:20.849+0000] {processor.py:208} INFO - Processing /opt/airflow/dags/utils/trigger_dag.py took 0.022 seconds
[2025-05-14T11:08:51.685+0000] {processor.py:186} INFO - Started process (PID=6822) to work on /opt/airflow/dags/utils/trigger_dag.py
[2025-05-14T11:08:51.686+0000] {processor.py:914} INFO - Processing file /opt/airflow/dags/utils/trigger_dag.py for tasks to queue
[2025-05-14T11:08:51.687+0000] {logging_mixin.py:190} INFO - [2025-05-14T11:08:51.686+0000] {dagbag.py:587} INFO - Filling up the DagBag from /opt/airflow/dags/utils/trigger_dag.py
[2025-05-14T11:08:51.690+0000] {processor.py:927} WARNING - No viable dags retrieved from /opt/airflow/dags/utils/trigger_dag.py
[2025-05-14T11:08:51.701+0000] {processor.py:208} INFO - Processing /opt/airflow/dags/utils/trigger_dag.py took 0.021 seconds
[2025-05-14T11:09:22.540+0000] {processor.py:186} INFO - Started process (PID=6849) to work on /opt/airflow/dags/utils/trigger_dag.py
[2025-05-14T11:09:22.540+0000] {processor.py:914} INFO - Processing file /opt/airflow/dags/utils/trigger_dag.py for tasks to queue
[2025-05-14T11:09:22.541+0000] {logging_mixin.py:190} INFO - [2025-05-14T11:09:22.541+0000] {dagbag.py:587} INFO - Filling up the DagBag from /opt/airflow/dags/utils/trigger_dag.py
[2025-05-14T11:09:22.545+0000] {processor.py:927} WARNING - No viable dags retrieved from /opt/airflow/dags/utils/trigger_dag.py
[2025-05-14T11:09:22.554+0000] {processor.py:208} INFO - Processing /opt/airflow/dags/utils/trigger_dag.py took 0.019 seconds
[2025-05-14T11:09:53.424+0000] {processor.py:186} INFO - Started process (PID=6876) to work on /opt/airflow/dags/utils/trigger_dag.py
[2025-05-14T11:09:53.425+0000] {processor.py:914} INFO - Processing file /opt/airflow/dags/utils/trigger_dag.py for tasks to queue
[2025-05-14T11:09:53.426+0000] {logging_mixin.py:190} INFO - [2025-05-14T11:09:53.426+0000] {dagbag.py:587} INFO - Filling up the DagBag from /opt/airflow/dags/utils/trigger_dag.py
[2025-05-14T11:09:53.430+0000] {processor.py:927} WARNING - No viable dags retrieved from /opt/airflow/dags/utils/trigger_dag.py
[2025-05-14T11:09:53.439+0000] {processor.py:208} INFO - Processing /opt/airflow/dags/utils/trigger_dag.py took 0.020 seconds
[2025-05-14T11:10:24.315+0000] {processor.py:186} INFO - Started process (PID=6903) to work on /opt/airflow/dags/utils/trigger_dag.py
[2025-05-14T11:10:24.318+0000] {processor.py:914} INFO - Processing file /opt/airflow/dags/utils/trigger_dag.py for tasks to queue
[2025-05-14T11:10:24.319+0000] {logging_mixin.py:190} INFO - [2025-05-14T11:10:24.319+0000] {dagbag.py:587} INFO - Filling up the DagBag from /opt/airflow/dags/utils/trigger_dag.py
[2025-05-14T11:10:24.323+0000] {processor.py:927} WARNING - No viable dags retrieved from /opt/airflow/dags/utils/trigger_dag.py
[2025-05-14T11:10:24.332+0000] {processor.py:208} INFO - Processing /opt/airflow/dags/utils/trigger_dag.py took 0.021 seconds
[2025-05-14T11:10:55.182+0000] {processor.py:186} INFO - Started process (PID=6931) to work on /opt/airflow/dags/utils/trigger_dag.py
[2025-05-14T11:10:55.214+0000] {processor.py:914} INFO - Processing file /opt/airflow/dags/utils/trigger_dag.py for tasks to queue
[2025-05-14T11:10:55.215+0000] {logging_mixin.py:190} INFO - [2025-05-14T11:10:55.215+0000] {dagbag.py:587} INFO - Filling up the DagBag from /opt/airflow/dags/utils/trigger_dag.py
[2025-05-14T11:10:55.220+0000] {processor.py:927} WARNING - No viable dags retrieved from /opt/airflow/dags/utils/trigger_dag.py
[2025-05-14T11:10:55.231+0000] {processor.py:208} INFO - Processing /opt/airflow/dags/utils/trigger_dag.py took 0.053 seconds
[2025-05-14T11:11:26.130+0000] {processor.py:186} INFO - Started process (PID=6958) to work on /opt/airflow/dags/utils/trigger_dag.py
[2025-05-14T11:11:26.131+0000] {processor.py:914} INFO - Processing file /opt/airflow/dags/utils/trigger_dag.py for tasks to queue
[2025-05-14T11:11:26.132+0000] {logging_mixin.py:190} INFO - [2025-05-14T11:11:26.132+0000] {dagbag.py:587} INFO - Filling up the DagBag from /opt/airflow/dags/utils/trigger_dag.py
[2025-05-14T11:11:26.136+0000] {processor.py:927} WARNING - No viable dags retrieved from /opt/airflow/dags/utils/trigger_dag.py
[2025-05-14T11:11:26.147+0000] {processor.py:208} INFO - Processing /opt/airflow/dags/utils/trigger_dag.py took 0.021 seconds
[2025-05-14T11:11:57.009+0000] {processor.py:186} INFO - Started process (PID=6985) to work on /opt/airflow/dags/utils/trigger_dag.py
[2025-05-14T11:11:57.011+0000] {processor.py:914} INFO - Processing file /opt/airflow/dags/utils/trigger_dag.py for tasks to queue
[2025-05-14T11:11:57.012+0000] {logging_mixin.py:190} INFO - [2025-05-14T11:11:57.011+0000] {dagbag.py:587} INFO - Filling up the DagBag from /opt/airflow/dags/utils/trigger_dag.py
[2025-05-14T11:11:57.016+0000] {processor.py:927} WARNING - No viable dags retrieved from /opt/airflow/dags/utils/trigger_dag.py
[2025-05-14T11:11:57.026+0000] {processor.py:208} INFO - Processing /opt/airflow/dags/utils/trigger_dag.py took 0.021 seconds
[2025-05-14T11:12:27.882+0000] {processor.py:186} INFO - Started process (PID=7012) to work on /opt/airflow/dags/utils/trigger_dag.py
[2025-05-14T11:12:27.883+0000] {processor.py:914} INFO - Processing file /opt/airflow/dags/utils/trigger_dag.py for tasks to queue
[2025-05-14T11:12:27.884+0000] {logging_mixin.py:190} INFO - [2025-05-14T11:12:27.884+0000] {dagbag.py:587} INFO - Filling up the DagBag from /opt/airflow/dags/utils/trigger_dag.py
[2025-05-14T11:12:27.889+0000] {processor.py:927} WARNING - No viable dags retrieved from /opt/airflow/dags/utils/trigger_dag.py
[2025-05-14T11:12:27.899+0000] {processor.py:208} INFO - Processing /opt/airflow/dags/utils/trigger_dag.py took 0.021 seconds
[2025-05-14T11:12:57.919+0000] {processor.py:186} INFO - Started process (PID=7039) to work on /opt/airflow/dags/utils/trigger_dag.py
[2025-05-14T11:12:57.920+0000] {processor.py:914} INFO - Processing file /opt/airflow/dags/utils/trigger_dag.py for tasks to queue
[2025-05-14T11:12:57.921+0000] {logging_mixin.py:190} INFO - [2025-05-14T11:12:57.920+0000] {dagbag.py:587} INFO - Filling up the DagBag from /opt/airflow/dags/utils/trigger_dag.py
[2025-05-14T11:12:57.924+0000] {processor.py:927} WARNING - No viable dags retrieved from /opt/airflow/dags/utils/trigger_dag.py
[2025-05-14T11:12:57.935+0000] {processor.py:208} INFO - Processing /opt/airflow/dags/utils/trigger_dag.py took 0.020 seconds
[2025-05-14T11:13:28.924+0000] {processor.py:186} INFO - Started process (PID=7065) to work on /opt/airflow/dags/utils/trigger_dag.py
[2025-05-14T11:13:28.928+0000] {processor.py:914} INFO - Processing file /opt/airflow/dags/utils/trigger_dag.py for tasks to queue
[2025-05-14T11:13:28.929+0000] {logging_mixin.py:190} INFO - [2025-05-14T11:13:28.928+0000] {dagbag.py:587} INFO - Filling up the DagBag from /opt/airflow/dags/utils/trigger_dag.py
[2025-05-14T11:13:28.933+0000] {processor.py:927} WARNING - No viable dags retrieved from /opt/airflow/dags/utils/trigger_dag.py
[2025-05-14T11:13:28.945+0000] {processor.py:208} INFO - Processing /opt/airflow/dags/utils/trigger_dag.py took 0.025 seconds
[2025-05-14T11:13:59.817+0000] {processor.py:186} INFO - Started process (PID=7093) to work on /opt/airflow/dags/utils/trigger_dag.py
[2025-05-14T11:13:59.819+0000] {processor.py:914} INFO - Processing file /opt/airflow/dags/utils/trigger_dag.py for tasks to queue
[2025-05-14T11:13:59.820+0000] {logging_mixin.py:190} INFO - [2025-05-14T11:13:59.819+0000] {dagbag.py:587} INFO - Filling up the DagBag from /opt/airflow/dags/utils/trigger_dag.py
[2025-05-14T11:13:59.823+0000] {processor.py:927} WARNING - No viable dags retrieved from /opt/airflow/dags/utils/trigger_dag.py
[2025-05-14T11:13:59.833+0000] {processor.py:208} INFO - Processing /opt/airflow/dags/utils/trigger_dag.py took 0.020 seconds
[2025-05-14T11:14:30.652+0000] {processor.py:186} INFO - Started process (PID=7120) to work on /opt/airflow/dags/utils/trigger_dag.py
[2025-05-14T11:14:30.653+0000] {processor.py:914} INFO - Processing file /opt/airflow/dags/utils/trigger_dag.py for tasks to queue
[2025-05-14T11:14:30.654+0000] {logging_mixin.py:190} INFO - [2025-05-14T11:14:30.654+0000] {dagbag.py:587} INFO - Filling up the DagBag from /opt/airflow/dags/utils/trigger_dag.py
[2025-05-14T11:14:30.658+0000] {processor.py:927} WARNING - No viable dags retrieved from /opt/airflow/dags/utils/trigger_dag.py
[2025-05-14T11:14:30.669+0000] {processor.py:208} INFO - Processing /opt/airflow/dags/utils/trigger_dag.py took 0.022 seconds
[2025-05-14T11:15:01.467+0000] {processor.py:186} INFO - Started process (PID=7147) to work on /opt/airflow/dags/utils/trigger_dag.py
[2025-05-14T11:15:01.468+0000] {processor.py:914} INFO - Processing file /opt/airflow/dags/utils/trigger_dag.py for tasks to queue
[2025-05-14T11:15:01.469+0000] {logging_mixin.py:190} INFO - [2025-05-14T11:15:01.468+0000] {dagbag.py:587} INFO - Filling up the DagBag from /opt/airflow/dags/utils/trigger_dag.py
[2025-05-14T11:15:01.473+0000] {processor.py:927} WARNING - No viable dags retrieved from /opt/airflow/dags/utils/trigger_dag.py
[2025-05-14T11:15:01.483+0000] {processor.py:208} INFO - Processing /opt/airflow/dags/utils/trigger_dag.py took 0.021 seconds
[2025-05-14T11:15:32.262+0000] {processor.py:186} INFO - Started process (PID=7174) to work on /opt/airflow/dags/utils/trigger_dag.py
[2025-05-14T11:15:32.264+0000] {processor.py:914} INFO - Processing file /opt/airflow/dags/utils/trigger_dag.py for tasks to queue
[2025-05-14T11:15:32.265+0000] {logging_mixin.py:190} INFO - [2025-05-14T11:15:32.264+0000] {dagbag.py:587} INFO - Filling up the DagBag from /opt/airflow/dags/utils/trigger_dag.py
[2025-05-14T11:15:32.269+0000] {processor.py:927} WARNING - No viable dags retrieved from /opt/airflow/dags/utils/trigger_dag.py
[2025-05-14T11:15:32.279+0000] {processor.py:208} INFO - Processing /opt/airflow/dags/utils/trigger_dag.py took 0.021 seconds
[2025-05-14T11:16:03.192+0000] {processor.py:186} INFO - Started process (PID=7203) to work on /opt/airflow/dags/utils/trigger_dag.py
[2025-05-14T11:16:03.195+0000] {processor.py:914} INFO - Processing file /opt/airflow/dags/utils/trigger_dag.py for tasks to queue
[2025-05-14T11:16:03.196+0000] {logging_mixin.py:190} INFO - [2025-05-14T11:16:03.196+0000] {dagbag.py:587} INFO - Filling up the DagBag from /opt/airflow/dags/utils/trigger_dag.py
[2025-05-14T11:16:03.200+0000] {processor.py:927} WARNING - No viable dags retrieved from /opt/airflow/dags/utils/trigger_dag.py
[2025-05-14T11:16:03.210+0000] {processor.py:208} INFO - Processing /opt/airflow/dags/utils/trigger_dag.py took 0.022 seconds
[2025-05-14T11:16:33.342+0000] {processor.py:186} INFO - Started process (PID=7230) to work on /opt/airflow/dags/utils/trigger_dag.py
[2025-05-14T11:16:33.343+0000] {processor.py:914} INFO - Processing file /opt/airflow/dags/utils/trigger_dag.py for tasks to queue
[2025-05-14T11:16:33.345+0000] {logging_mixin.py:190} INFO - [2025-05-14T11:16:33.344+0000] {dagbag.py:587} INFO - Filling up the DagBag from /opt/airflow/dags/utils/trigger_dag.py
[2025-05-14T11:16:33.349+0000] {processor.py:927} WARNING - No viable dags retrieved from /opt/airflow/dags/utils/trigger_dag.py
[2025-05-14T11:16:33.364+0000] {processor.py:208} INFO - Processing /opt/airflow/dags/utils/trigger_dag.py took 0.027 seconds
[2025-05-14T11:17:03.567+0000] {processor.py:186} INFO - Started process (PID=7257) to work on /opt/airflow/dags/utils/trigger_dag.py
[2025-05-14T11:17:03.569+0000] {processor.py:914} INFO - Processing file /opt/airflow/dags/utils/trigger_dag.py for tasks to queue
[2025-05-14T11:17:03.570+0000] {logging_mixin.py:190} INFO - [2025-05-14T11:17:03.570+0000] {dagbag.py:587} INFO - Filling up the DagBag from /opt/airflow/dags/utils/trigger_dag.py
[2025-05-14T11:17:03.574+0000] {processor.py:927} WARNING - No viable dags retrieved from /opt/airflow/dags/utils/trigger_dag.py
[2025-05-14T11:17:03.585+0000] {processor.py:208} INFO - Processing /opt/airflow/dags/utils/trigger_dag.py took 0.022 seconds
[2025-05-14T11:17:33.790+0000] {processor.py:186} INFO - Started process (PID=7284) to work on /opt/airflow/dags/utils/trigger_dag.py
[2025-05-14T11:17:33.791+0000] {processor.py:914} INFO - Processing file /opt/airflow/dags/utils/trigger_dag.py for tasks to queue
[2025-05-14T11:17:33.792+0000] {logging_mixin.py:190} INFO - [2025-05-14T11:17:33.791+0000] {dagbag.py:587} INFO - Filling up the DagBag from /opt/airflow/dags/utils/trigger_dag.py
[2025-05-14T11:17:33.796+0000] {processor.py:927} WARNING - No viable dags retrieved from /opt/airflow/dags/utils/trigger_dag.py
[2025-05-14T11:17:33.806+0000] {processor.py:208} INFO - Processing /opt/airflow/dags/utils/trigger_dag.py took 0.021 seconds
[2025-05-14T11:18:04.737+0000] {processor.py:186} INFO - Started process (PID=7311) to work on /opt/airflow/dags/utils/trigger_dag.py
[2025-05-14T11:18:04.738+0000] {processor.py:914} INFO - Processing file /opt/airflow/dags/utils/trigger_dag.py for tasks to queue
[2025-05-14T11:18:04.739+0000] {logging_mixin.py:190} INFO - [2025-05-14T11:18:04.739+0000] {dagbag.py:587} INFO - Filling up the DagBag from /opt/airflow/dags/utils/trigger_dag.py
[2025-05-14T11:18:04.743+0000] {processor.py:927} WARNING - No viable dags retrieved from /opt/airflow/dags/utils/trigger_dag.py
[2025-05-14T11:18:04.753+0000] {processor.py:208} INFO - Processing /opt/airflow/dags/utils/trigger_dag.py took 0.020 seconds
