[2025-05-05T10:38:45.382+0000] {local_task_job_runner.py:123} INFO - ::group::Pre task execution logs
[2025-05-05T10:38:45.392+0000] {taskinstance.py:2603} INFO - Dependencies all met for dep_context=non-requeueable deps ti=<TaskInstance: dag1.group1.task2 scheduled__2022-02-19T00:00:00+00:00 [queued]>
[2025-05-05T10:38:45.397+0000] {taskinstance.py:2603} INFO - Dependencies all met for dep_context=requeueable deps ti=<TaskInstance: dag1.group1.task2 scheduled__2022-02-19T00:00:00+00:00 [queued]>
[2025-05-05T10:38:45.398+0000] {taskinstance.py:2856} INFO - Starting attempt 1 of 3
[2025-05-05T10:38:45.412+0000] {taskinstance.py:2879} INFO - Executing <Task(BashOperator): group1.task2> on 2022-02-19 00:00:00+00:00
[2025-05-05T10:38:45.415+0000] {standard_task_runner.py:72} INFO - Started process 13798 to run task
[2025-05-05T10:38:45.417+0000] {standard_task_runner.py:104} INFO - Running: ['airflow', 'tasks', 'run', 'dag1', 'group1.task2', 'scheduled__2022-02-19T00:00:00+00:00', '--job-id', '4443', '--raw', '--subdir', 'DAGS_FOLDER/tuts/taskgroup_basic.py', '--cfg-path', '/tmp/tmpw3ppz8bj']
[2025-05-05T10:38:45.418+0000] {standard_task_runner.py:105} INFO - Job 4443: Subtask group1.task2
[2025-05-05T10:38:45.456+0000] {task_command.py:467} INFO - Running <TaskInstance: dag1.group1.task2 scheduled__2022-02-19T00:00:00+00:00 [running]> on host 2c7afa36055b
[2025-05-05T10:38:45.508+0000] {taskinstance.py:3122} INFO - Exporting env vars: AIRFLOW_CTX_DAG_OWNER='airflow' AIRFLOW_CTX_DAG_ID='dag1' AIRFLOW_CTX_TASK_ID='group1.task2' AIRFLOW_CTX_EXECUTION_DATE='2022-02-19T00:00:00+00:00' AIRFLOW_CTX_TRY_NUMBER='1' AIRFLOW_CTX_DAG_RUN_ID='scheduled__2022-02-19T00:00:00+00:00'
[2025-05-05T10:38:45.509+0000] {taskinstance.py:731} INFO - ::endgroup::
[2025-05-05T10:38:45.511+0000] {subprocess.py:63} INFO - Tmp dir root location: /tmp
[2025-05-05T10:38:45.512+0000] {subprocess.py:75} INFO - Running command: ['/usr/bin/bash', '-c', 'echo Hello World!']
[2025-05-05T10:38:45.521+0000] {subprocess.py:86} INFO - Output:
[2025-05-05T10:38:45.522+0000] {subprocess.py:93} INFO - Hello World!
[2025-05-05T10:38:45.522+0000] {subprocess.py:97} INFO - Command exited with return code 0
[2025-05-05T10:38:45.545+0000] {taskinstance.py:340} INFO - ::group::Post task execution logs
[2025-05-05T10:38:45.545+0000] {taskinstance.py:352} INFO - Marking task as SUCCESS. dag_id=dag1, task_id=group1.task2, run_id=scheduled__2022-02-19T00:00:00+00:00, execution_date=20220219T000000, start_date=20250505T103845, end_date=20250505T103845
[2025-05-05T10:38:45.591+0000] {local_task_job_runner.py:261} INFO - Task exited with return code 0
[2025-05-05T10:38:45.604+0000] {taskinstance.py:3891} INFO - 0 downstream tasks scheduled from follow-on schedule check
[2025-05-05T10:38:45.605+0000] {local_task_job_runner.py:240} INFO - ::endgroup::
