[2025-05-12T09:33:37.790+0000] {local_task_job_runner.py:123} INFO - ::group::Pre task execution logs
[2025-05-12T09:33:37.804+0000] {taskinstance.py:2603} INFO - Dependencies all met for dep_context=non-requeueable deps ti=<TaskInstance: x_videos_scraper_dag.x_videos_scraper manual__2025-05-12T09:33:36.994093+00:00 [queued]>
[2025-05-12T09:33:37.809+0000] {taskinstance.py:2603} INFO - Dependencies all met for dep_context=requeueable deps ti=<TaskInstance: x_videos_scraper_dag.x_videos_scraper manual__2025-05-12T09:33:36.994093+00:00 [queued]>
[2025-05-12T09:33:37.810+0000] {taskinstance.py:2856} INFO - Starting attempt 1 of 1
[2025-05-12T09:33:37.819+0000] {taskinstance.py:2879} INFO - Executing <Task(_PythonDecoratedOperator): x_videos_scraper> on 2025-05-12 09:33:36.994093+00:00
[2025-05-12T09:33:37.822+0000] {standard_task_runner.py:72} INFO - Started process 1375 to run task
[2025-05-12T09:33:37.825+0000] {standard_task_runner.py:104} INFO - Running: ['airflow', 'tasks', 'run', 'x_videos_scraper_dag', 'x_videos_scraper', 'manual__2025-05-12T09:33:36.994093+00:00', '--job-id', '5245', '--raw', '--subdir', 'DAGS_FOLDER/pipeline.py', '--cfg-path', '/tmp/tmpkgl1t47_']
[2025-05-12T09:33:37.827+0000] {standard_task_runner.py:105} INFO - Job 5245: Subtask x_videos_scraper
[2025-05-12T09:33:37.863+0000] {task_command.py:467} INFO - Running <TaskInstance: x_videos_scraper_dag.x_videos_scraper manual__2025-05-12T09:33:36.994093+00:00 [running]> on host 7630219573fa
[2025-05-12T09:33:37.923+0000] {taskinstance.py:3122} INFO - Exporting env vars: AIRFLOW_CTX_DAG_OWNER='airflow' AIRFLOW_CTX_DAG_ID='x_videos_scraper_dag' AIRFLOW_CTX_TASK_ID='x_videos_scraper' AIRFLOW_CTX_EXECUTION_DATE='2025-05-12T09:33:36.994093+00:00' AIRFLOW_CTX_TRY_NUMBER='1' AIRFLOW_CTX_DAG_RUN_ID='manual__2025-05-12T09:33:36.994093+00:00'
[2025-05-12T09:33:37.924+0000] {taskinstance.py:731} INFO - ::endgroup::
[2025-05-12T09:33:51.766+0000] {logging_mixin.py:190} INFO - Scrolling down... 0
[2025-05-12T09:33:56.898+0000] {logging_mixin.py:190} INFO - https://x.com/elonmusk/status/1921611528467341607/video/1
[2025-05-12T09:33:56.904+0000] {logging_mixin.py:190} INFO - https://x.com/elonmusk/status/1921015655584985240/video/1
[2025-05-12T09:33:56.954+0000] {logging_mixin.py:190} INFO - https://x.com/elonmusk/status/1916999224664953190/video/1
[2025-05-12T09:33:56.970+0000] {logging_mixin.py:190} INFO - https://x.com/elonmusk/status/1916035259990479114/video/1
[2025-05-12T09:33:57.024+0000] {logging_mixin.py:190} INFO - https://x.com/elonmusk/status/1907317741763084507/video/1
[2025-05-12T09:33:57.094+0000] {logging_mixin.py:190} INFO - Scrolling down... 1
[2025-05-12T09:33:59.843+0000] {logging_mixin.py:190} INFO - https://x.com/elonmusk/status/1902389256498094446/video/1
[2025-05-12T09:33:59.889+0000] {logging_mixin.py:190} INFO - Scrolling down... 2
[2025-05-12T09:34:05.415+0000] {logging_mixin.py:190} INFO - Remaining new videos: 6
[2025-05-12T09:34:05.416+0000] {logging_mixin.py:190} INFO - New videos: 6
[2025-05-12T09:34:05.609+0000] {logging_mixin.py:190} INFO - Internet connection detected. Proceeding...
[2025-05-12T09:34:07.829+0000] {logging_mixin.py:190} INFO - Downloaded video 1907317741763084507 to media/1.mp3
[2025-05-12T09:34:07.951+0000] {logging_mixin.py:190} INFO - Internet connection detected. Proceeding...
[2025-05-12T09:34:08.081+0000] {logging_mixin.py:190} INFO - Downloaded video 1916035259990479114 to media/1.mp3
[2025-05-12T09:34:08.206+0000] {logging_mixin.py:190} INFO - Internet connection detected. Proceeding...
[2025-05-12T09:34:08.329+0000] {logging_mixin.py:190} INFO - Downloaded video 1916999224664953190 to media/1.mp3
[2025-05-12T09:34:08.464+0000] {logging_mixin.py:190} INFO - Internet connection detected. Proceeding...
[2025-05-12T09:34:08.587+0000] {logging_mixin.py:190} INFO - Downloaded video 1921611528467341607 to media/1.mp3
[2025-05-12T09:34:08.718+0000] {logging_mixin.py:190} INFO - Internet connection detected. Proceeding...
[2025-05-12T09:34:08.846+0000] {logging_mixin.py:190} INFO - Downloaded video 1902389256498094446 to media/1.mp3
[2025-05-12T09:34:08.980+0000] {logging_mixin.py:190} INFO - Internet connection detected. Proceeding...
[2025-05-12T09:34:09.116+0000] {logging_mixin.py:190} INFO - Downloaded video 1921015655584985240 to media/1.mp3
[2025-05-12T09:34:09.116+0000] {logging_mixin.py:190} INFO - Downloaded 6 new videos.
[2025-05-12T09:34:09.191+0000] {python.py:240} INFO - Done. Returned value was: [{'video_id': '1907317741763084507', 'file_path': 'media/1.mp3'}, {'video_id': '1916035259990479114', 'file_path': 'media/1.mp3'}, {'video_id': '1916999224664953190', 'file_path': 'media/1.mp3'}, {'video_id': '1921611528467341607', 'file_path': 'media/1.mp3'}, {'video_id': '1902389256498094446', 'file_path': 'media/1.mp3'}, {'video_id': '1921015655584985240', 'file_path': 'media/1.mp3'}]
[2025-05-12T09:34:09.209+0000] {taskinstance.py:340} INFO - ::group::Post task execution logs
[2025-05-12T09:34:09.209+0000] {taskinstance.py:352} INFO - Marking task as SUCCESS. dag_id=x_videos_scraper_dag, task_id=x_videos_scraper, run_id=manual__2025-05-12T09:33:36.994093+00:00, execution_date=20250512T093336, start_date=20250512T093337, end_date=20250512T093409
[2025-05-12T09:34:09.236+0000] {local_task_job_runner.py:261} INFO - Task exited with return code 0
[2025-05-12T09:34:09.251+0000] {taskinstance.py:3891} INFO - 1 downstream tasks scheduled from follow-on schedule check
[2025-05-12T09:34:09.260+0000] {local_task_job_runner.py:240} INFO - ::endgroup::
