[2025-05-13T10:31:29.865+0000] {local_task_job_runner.py:123} INFO - ::group::Pre task execution logs
[2025-05-13T10:31:29.877+0000] {taskinstance.py:2603} INFO - Dependencies all met for dep_context=non-requeueable deps ti=<TaskInstance: instagram_videos_scraper_dag.ins_videos_scraper manual__2025-05-13T10:31:28.711674+00:00 [queued]>
[2025-05-13T10:31:29.882+0000] {taskinstance.py:2603} INFO - Dependencies all met for dep_context=requeueable deps ti=<TaskInstance: instagram_videos_scraper_dag.ins_videos_scraper manual__2025-05-13T10:31:28.711674+00:00 [queued]>
[2025-05-13T10:31:29.882+0000] {taskinstance.py:2856} INFO - Starting attempt 1 of 1
[2025-05-13T10:31:29.889+0000] {taskinstance.py:2879} INFO - Executing <Task(_PythonDecoratedOperator): ins_videos_scraper> on 2025-05-13 10:31:28.711674+00:00
[2025-05-13T10:31:29.892+0000] {standard_task_runner.py:72} INFO - Started process 3185 to run task
[2025-05-13T10:31:29.895+0000] {standard_task_runner.py:104} INFO - Running: ['airflow', 'tasks', 'run', 'instagram_videos_scraper_dag', 'ins_videos_scraper', 'manual__2025-05-13T10:31:28.711674+00:00', '--job-id', '5396', '--raw', '--subdir', 'DAGS_FOLDER/pipeline.py', '--cfg-path', '/tmp/tmpq93g6mzz']
[2025-05-13T10:31:29.896+0000] {standard_task_runner.py:105} INFO - Job 5396: Subtask ins_videos_scraper
[2025-05-13T10:31:29.929+0000] {task_command.py:467} INFO - Running <TaskInstance: instagram_videos_scraper_dag.ins_videos_scraper manual__2025-05-13T10:31:28.711674+00:00 [running]> on host 79b7354865cb
[2025-05-13T10:31:29.982+0000] {taskinstance.py:3122} INFO - Exporting env vars: AIRFLOW_CTX_DAG_OWNER='airflow' AIRFLOW_CTX_DAG_ID='instagram_videos_scraper_dag' AIRFLOW_CTX_TASK_ID='ins_videos_scraper' AIRFLOW_CTX_EXECUTION_DATE='2025-05-13T10:31:28.711674+00:00' AIRFLOW_CTX_TRY_NUMBER='1' AIRFLOW_CTX_DAG_RUN_ID='manual__2025-05-13T10:31:28.711674+00:00'
[2025-05-13T10:31:29.983+0000] {taskinstance.py:731} INFO - ::endgroup::
[2025-05-13T10:31:29.985+0000] {logging_mixin.py:190} INFO - Scraping Instagram profile: baukrysie
[2025-05-13T10:31:30.004+0000] {selenium_manager.py:133} WARNING - The chromedriver version (136.0.7103.59) detected in PATH at /usr/bin/chromedriver might not be compatible with the detected chrome version (136.0.7103.92); currently, chromedriver 136.0.7103.92 is recommended for chrome 136.*, so it is advised to delete the driver in PATH and retry
[2025-05-13T10:31:30.811+0000] {logging_mixin.py:190} INFO - url: https://www.instagram.com/baukrysie/
[2025-05-13T10:31:32.871+0000] {logging_mixin.py:190} INFO - Step 1 of 2 - Loading profile page
[2025-05-13T10:31:32.871+0000] {logging_mixin.py:190} INFO - Extracting videos...
[2025-05-13T10:31:32.900+0000] {logging_mixin.py:190} INFO - Error occurred while scrolling: Message: no such element: Unable to locate element: {"method":"xpath","selector":"//a[contains(@href, '/reels/')]"}
  (Session info: chrome=136.0.7103.92); For documentation on this error, please visit: https://www.selenium.dev/documentation/webdriver/troubleshooting/errors#no-such-element-exception
Stacktrace:
#0 0x556066592a8e <unknown>
#1 0x55606604fb0b <unknown>
#2 0x556066099f44 <unknown>
#3 0x55606609a0d1 <unknown>
#4 0x5560660e6ea4 <unknown>
#5 0x5560660c3c2d <unknown>
#6 0x5560660e4dc5 <unknown>
#7 0x5560660c39b3 <unknown>
#8 0x55606608dc59 <unknown>
#9 0x55606608ea08 <unknown>
#10 0x55606655f40a <unknown>
#11 0x55606656285e <unknown>
#12 0x556066562308 <unknown>
#13 0x556066562ce5 <unknown>
#14 0x556066548b7b <unknown>
#15 0x556066563050 <unknown>
#16 0x556066531ae9 <unknown>
#17 0x556066581df5 <unknown>
#18 0x556066581fdb <unknown>
#19 0x556066591c05 <unknown>
#20 0x7fa42da80134 <unknown>
[2025-05-13T10:31:32.901+0000] {logging_mixin.py:190} INFO - Extracted 0 video URLs
[2025-05-13T10:31:32.901+0000] {logging_mixin.py:190} INFO -  No data found
[2025-05-13T10:31:33.016+0000] {python.py:240} INFO - Done. Returned value was: []
[2025-05-13T10:31:33.034+0000] {taskinstance.py:340} INFO - ::group::Post task execution logs
[2025-05-13T10:31:33.034+0000] {taskinstance.py:352} INFO - Marking task as SUCCESS. dag_id=instagram_videos_scraper_dag, task_id=ins_videos_scraper, run_id=manual__2025-05-13T10:31:28.711674+00:00, execution_date=20250513T103128, start_date=20250513T103129, end_date=20250513T103133
[2025-05-13T10:31:33.059+0000] {local_task_job_runner.py:261} INFO - Task exited with return code 0
[2025-05-13T10:31:33.076+0000] {taskinstance.py:3891} INFO - 1 downstream tasks scheduled from follow-on schedule check
[2025-05-13T10:31:33.078+0000] {local_task_job_runner.py:240} INFO - ::endgroup::
