[2025-05-23T08:16:19.985+0000] {local_task_job_runner.py:123} INFO - ::group::Pre task execution logs
[2025-05-23T08:16:19.998+0000] {taskinstance.py:2603} INFO - Dependencies all met for dep_context=non-requeueable deps ti=<TaskInstance: facebook_videos_scraper_dag.get_links_task manual__2025-05-23T08:16:18.870618+00:00 [queued]>
[2025-05-23T08:16:20.003+0000] {taskinstance.py:2603} INFO - Dependencies all met for dep_context=requeueable deps ti=<TaskInstance: facebook_videos_scraper_dag.get_links_task manual__2025-05-23T08:16:18.870618+00:00 [queued]>
[2025-05-23T08:16:20.004+0000] {taskinstance.py:2856} INFO - Starting attempt 1 of 1
[2025-05-23T08:16:20.024+0000] {taskinstance.py:2879} INFO - Executing <Task(PythonOperator): get_links_task> on 2025-05-23 08:16:18.870618+00:00
[2025-05-23T08:16:20.027+0000] {standard_task_runner.py:72} INFO - Started process 174750 to run task
[2025-05-23T08:16:20.030+0000] {standard_task_runner.py:104} INFO - Running: ['airflow', 'tasks', 'run', 'facebook_videos_scraper_dag', 'get_links_task', 'manual__2025-05-23T08:16:18.870618+00:00', '--job-id', '6616', '--raw', '--subdir', 'DAGS_FOLDER/pipeline_fb.py', '--cfg-path', '/tmp/tmp9vy3opxv']
[2025-05-23T08:16:20.031+0000] {standard_task_runner.py:105} INFO - Job 6616: Subtask get_links_task
[2025-05-23T08:16:20.067+0000] {task_command.py:467} INFO - Running <TaskInstance: facebook_videos_scraper_dag.get_links_task manual__2025-05-23T08:16:18.870618+00:00 [running]> on host 6b828e7d8d04
[2025-05-23T08:16:20.123+0000] {taskinstance.py:3122} INFO - Exporting env vars: AIRFLOW_CTX_DAG_OWNER='airflow' AIRFLOW_CTX_DAG_ID='facebook_videos_scraper_dag' AIRFLOW_CTX_TASK_ID='get_links_task' AIRFLOW_CTX_EXECUTION_DATE='2025-05-23T08:16:18.870618+00:00' AIRFLOW_CTX_TRY_NUMBER='1' AIRFLOW_CTX_DAG_RUN_ID='manual__2025-05-23T08:16:18.870618+00:00'
[2025-05-23T08:16:20.124+0000] {taskinstance.py:731} INFO - ::endgroup::
[2025-05-23T08:16:20.161+0000] {selenium_manager.py:133} WARNING - The chromedriver version (136.0.7103.59) detected in PATH at /usr/bin/chromedriver might not be compatible with the detected chrome version (136.0.7103.113); currently, chromedriver 136.0.7103.113 is recommended for chrome 136.*, so it is advised to delete the driver in PATH and retry
[2025-05-23T08:16:22.718+0000] {logging_mixin.py:190} INFO - Step 1 of 3 - Load cookies
[2025-05-23T08:16:27.829+0000] {logging_mixin.py:190} INFO - Step 2 of 3 - Scrolling page
[2025-05-23T08:16:27.829+0000] {logging_mixin.py:190} INFO - Scrolling 1 iterations...
[2025-05-23T08:16:33.858+0000] {logging_mixin.py:190} INFO - Scrolling stopped after 2 iterations
[2025-05-23T08:16:33.858+0000] {logging_mixin.py:190} INFO - Scrolled 2 iterations
[2025-05-23T08:16:33.859+0000] {logging_mixin.py:190} INFO - Step 3 of 3 - Extract videos urls
[2025-05-23T08:16:33.878+0000] {logging_mixin.py:190} INFO - Found 141 a tags
[2025-05-23T08:16:34.261+0000] {logging_mixin.py:190} INFO - Found href: https://www.facebook.com/100044296156511/videos/1362494931698063
[2025-05-23T08:16:34.279+0000] {logging_mixin.py:190} INFO - Found href: https://www.facebook.com/manchesterunited/videos/1362494931698063/?comment_id=1801202197123560&__tn__=R]
[2025-05-23T08:16:34.287+0000] {logging_mixin.py:190} INFO - Found href: https://www.facebook.com/manchesterunited/videos/1760397254561973/
[2025-05-23T08:16:34.299+0000] {logging_mixin.py:190} INFO - Found href: https://www.facebook.com/manchesterunited/videos/1362494931698063/
[2025-05-23T08:16:34.310+0000] {logging_mixin.py:190} INFO - Found href: https://www.facebook.com/manchesterunited/videos/694643923451384/
[2025-05-23T08:16:34.325+0000] {logging_mixin.py:190} INFO - Found href: https://www.facebook.com/manchesterunited/videos/1909441793191388/
[2025-05-23T08:16:34.341+0000] {logging_mixin.py:190} INFO - Found href: https://www.facebook.com/manchesterunited/videos/982409090722070/
[2025-05-23T08:16:34.352+0000] {logging_mixin.py:190} INFO - Found href: https://www.facebook.com/manchesterunited/videos/1773022476944052/
[2025-05-23T08:16:34.381+0000] {logging_mixin.py:190} INFO - Found href: https://www.facebook.com/manchesterunited/videos/8274229069266765/
[2025-05-23T08:16:34.396+0000] {logging_mixin.py:190} INFO - Found href: https://www.facebook.com/manchesterunited/videos/556226863742204/
[2025-05-23T08:16:34.408+0000] {logging_mixin.py:190} INFO - Found href: https://www.facebook.com/manchesterunited/videos/1041336940536570/
[2025-05-23T08:16:34.420+0000] {logging_mixin.py:190} INFO - Found href: https://www.facebook.com/manchesterunited/videos/529340563294260/
[2025-05-23T08:16:34.433+0000] {logging_mixin.py:190} INFO - Found href: https://www.facebook.com/manchesterunited/videos/1276522580331422/
[2025-05-23T08:16:34.451+0000] {logging_mixin.py:190} INFO - Found href: https://www.facebook.com/manchesterunited/videos/882764287377874/
[2025-05-23T08:16:34.553+0000] {logging_mixin.py:190} INFO - Found href: https://www.facebook.com/manchesterunited/videos/1224491469029211/
[2025-05-23T08:16:34.563+0000] {logging_mixin.py:190} INFO - Found href: https://www.facebook.com/manchesterunited/videos/1382642382862628/
[2025-05-23T08:16:34.581+0000] {logging_mixin.py:190} INFO - Found href: https://www.facebook.com/manchesterunited/videos/1036340441761267/
[2025-05-23T08:16:34.598+0000] {logging_mixin.py:190} INFO - Found href: https://www.facebook.com/manchesterunited/videos/1732823114334576/
[2025-05-23T08:16:34.608+0000] {logging_mixin.py:190} INFO - Found href: https://www.facebook.com/manchesterunited/videos/1060728405963374/
[2025-05-23T08:16:34.618+0000] {logging_mixin.py:190} INFO - Found href: https://www.facebook.com/manchesterunited/videos/585960207199512/
[2025-05-23T08:16:34.628+0000] {logging_mixin.py:190} INFO - Found href: https://www.facebook.com/manchesterunited/videos/656884980546031/
[2025-05-23T08:16:34.646+0000] {logging_mixin.py:190} INFO - Found href: https://www.facebook.com/manchesterunited/videos/708154504977360/
[2025-05-23T08:16:34.656+0000] {logging_mixin.py:190} INFO - Found href: https://www.facebook.com/manchesterunited/videos/549543607852382/
[2025-05-23T08:16:34.666+0000] {logging_mixin.py:190} INFO - Found href: https://www.facebook.com/manchesterunited/videos/1098363302098361/
[2025-05-23T08:16:34.676+0000] {logging_mixin.py:190} INFO - Found href: https://www.facebook.com/manchesterunited/videos/630843533284430/
[2025-05-23T08:16:34.686+0000] {logging_mixin.py:190} INFO - Found href: https://www.facebook.com/manchesterunited/videos/670698715660708/
[2025-05-23T08:16:34.700+0000] {logging_mixin.py:190} INFO - Found href: https://www.facebook.com/manchesterunited/videos/1524027855224342/
[2025-05-23T08:16:34.709+0000] {logging_mixin.py:190} INFO - Found href: https://www.facebook.com/manchesterunited/videos/1190062166120574/
[2025-05-23T08:16:34.727+0000] {logging_mixin.py:190} INFO - Found href: https://www.facebook.com/manchesterunited/videos/1815873059208157/
[2025-05-23T08:16:34.738+0000] {logging_mixin.py:190} INFO - Found href: https://www.facebook.com/manchesterunited/videos/712907761084756/
[2025-05-23T08:16:34.753+0000] {logging_mixin.py:190} INFO - Found href: https://www.facebook.com/manchesterunited/videos/3029630467191422/
[2025-05-23T08:16:34.762+0000] {logging_mixin.py:190} INFO - Found href: https://www.facebook.com/manchesterunited/videos/1769184690305703/
[2025-05-23T08:16:34.774+0000] {logging_mixin.py:190} INFO - Found href: https://www.facebook.com/manchesterunited/videos/1356004988974021/
[2025-05-23T08:16:34.785+0000] {logging_mixin.py:190} INFO - Found href: https://www.facebook.com/manchesterunited/videos/1714593262803189/
[2025-05-23T08:16:34.800+0000] {logging_mixin.py:190} INFO - Found href: https://www.facebook.com/manchesterunited/videos/29292281887084616/
[2025-05-23T08:16:34.808+0000] {logging_mixin.py:190} INFO - Found 35 href elements
[2025-05-23T08:16:34.808+0000] {logging_mixin.py:190} INFO -  Scraped data:
[2025-05-23T08:16:34.809+0000] {logging_mixin.py:190} INFO -  - https://www.facebook.com/100044296156511/videos/1362494931698063
[2025-05-23T08:16:34.809+0000] {logging_mixin.py:190} INFO -  - 
https://www.facebook.com/manchesterunited/videos/1362494931698063/?comment_id=18
01202197123560&__tn__=R]
[2025-05-23T08:16:34.810+0000] {logging_mixin.py:190} INFO -  - https://www.facebook.com/manchesterunited/videos/1760397254561973/
[2025-05-23T08:16:34.810+0000] {logging_mixin.py:190} INFO -  - https://www.facebook.com/manchesterunited/videos/1362494931698063/
[2025-05-23T08:16:34.810+0000] {logging_mixin.py:190} INFO -  - https://www.facebook.com/manchesterunited/videos/694643923451384/
[2025-05-23T08:16:34.810+0000] {logging_mixin.py:190} INFO -  - https://www.facebook.com/manchesterunited/videos/1909441793191388/
[2025-05-23T08:16:34.810+0000] {logging_mixin.py:190} INFO -  - https://www.facebook.com/manchesterunited/videos/982409090722070/
[2025-05-23T08:16:34.811+0000] {logging_mixin.py:190} INFO -  - https://www.facebook.com/manchesterunited/videos/1773022476944052/
[2025-05-23T08:16:34.811+0000] {logging_mixin.py:190} INFO -  - https://www.facebook.com/manchesterunited/videos/8274229069266765/
[2025-05-23T08:16:34.811+0000] {logging_mixin.py:190} INFO -  - https://www.facebook.com/manchesterunited/videos/556226863742204/
[2025-05-23T08:16:34.811+0000] {logging_mixin.py:190} INFO -  - https://www.facebook.com/manchesterunited/videos/1041336940536570/
[2025-05-23T08:16:34.812+0000] {logging_mixin.py:190} INFO -  - https://www.facebook.com/manchesterunited/videos/529340563294260/
[2025-05-23T08:16:34.812+0000] {logging_mixin.py:190} INFO -  - https://www.facebook.com/manchesterunited/videos/1276522580331422/
[2025-05-23T08:16:34.812+0000] {logging_mixin.py:190} INFO -  - https://www.facebook.com/manchesterunited/videos/882764287377874/
[2025-05-23T08:16:34.812+0000] {logging_mixin.py:190} INFO -  - https://www.facebook.com/manchesterunited/videos/1224491469029211/
[2025-05-23T08:16:34.812+0000] {logging_mixin.py:190} INFO -  - https://www.facebook.com/manchesterunited/videos/1382642382862628/
[2025-05-23T08:16:34.813+0000] {logging_mixin.py:190} INFO -  - https://www.facebook.com/manchesterunited/videos/1036340441761267/
[2025-05-23T08:16:34.813+0000] {logging_mixin.py:190} INFO -  - https://www.facebook.com/manchesterunited/videos/1732823114334576/
[2025-05-23T08:16:34.813+0000] {logging_mixin.py:190} INFO -  - https://www.facebook.com/manchesterunited/videos/1060728405963374/
[2025-05-23T08:16:34.813+0000] {logging_mixin.py:190} INFO -  - https://www.facebook.com/manchesterunited/videos/585960207199512/
[2025-05-23T08:16:34.813+0000] {logging_mixin.py:190} INFO -  - https://www.facebook.com/manchesterunited/videos/656884980546031/
[2025-05-23T08:16:34.814+0000] {logging_mixin.py:190} INFO -  - https://www.facebook.com/manchesterunited/videos/708154504977360/
[2025-05-23T08:16:34.814+0000] {logging_mixin.py:190} INFO -  - https://www.facebook.com/manchesterunited/videos/549543607852382/
[2025-05-23T08:16:34.814+0000] {logging_mixin.py:190} INFO -  - https://www.facebook.com/manchesterunited/videos/1098363302098361/
[2025-05-23T08:16:34.814+0000] {logging_mixin.py:190} INFO -  - https://www.facebook.com/manchesterunited/videos/630843533284430/
[2025-05-23T08:16:34.815+0000] {logging_mixin.py:190} INFO -  - https://www.facebook.com/manchesterunited/videos/670698715660708/
[2025-05-23T08:16:34.815+0000] {logging_mixin.py:190} INFO -  - https://www.facebook.com/manchesterunited/videos/1524027855224342/
[2025-05-23T08:16:34.815+0000] {logging_mixin.py:190} INFO -  - https://www.facebook.com/manchesterunited/videos/1190062166120574/
[2025-05-23T08:16:34.815+0000] {logging_mixin.py:190} INFO -  - https://www.facebook.com/manchesterunited/videos/1815873059208157/
[2025-05-23T08:16:34.816+0000] {logging_mixin.py:190} INFO -  - https://www.facebook.com/manchesterunited/videos/712907761084756/
[2025-05-23T08:16:34.816+0000] {logging_mixin.py:190} INFO -  - https://www.facebook.com/manchesterunited/videos/3029630467191422/
[2025-05-23T08:16:34.816+0000] {logging_mixin.py:190} INFO -  - https://www.facebook.com/manchesterunited/videos/1769184690305703/
[2025-05-23T08:16:34.816+0000] {logging_mixin.py:190} INFO -  - https://www.facebook.com/manchesterunited/videos/1356004988974021/
[2025-05-23T08:16:34.817+0000] {logging_mixin.py:190} INFO -  - https://www.facebook.com/manchesterunited/videos/1714593262803189/
[2025-05-23T08:16:34.817+0000] {logging_mixin.py:190} INFO -  - https://www.facebook.com/manchesterunited/videos/29292281887084616/
[2025-05-23T08:16:34.817+0000] {logging_mixin.py:190} INFO - Don't close the app! Saving scraped data to database, it can take a while!
[2025-05-23T08:16:34.836+0000] {logging_mixin.py:190} INFO - Remaining new videos: 4
[2025-05-23T08:16:34.836+0000] {logging_mixin.py:190} INFO - New videos: 4
[2025-05-23T08:16:34.968+0000] {python.py:240} INFO - Done. Returned value was: {'id': 'manchesterunited', 'new_links': ('https://www.facebook.com/manchesterunited/videos/1362494931698063/?comment_id=1801202197123560&__tn__=R]', 'https://www.facebook.com/manchesterunited/videos/1773022476944052/', 'https://www.facebook.com/manchesterunited/videos/1714593262803189/', 'https://www.facebook.com/100044296156511/videos/1362494931698063')}
[2025-05-23T08:16:34.988+0000] {taskinstance.py:340} INFO - ::group::Post task execution logs
[2025-05-23T08:16:34.988+0000] {taskinstance.py:352} INFO - Marking task as SUCCESS. dag_id=facebook_videos_scraper_dag, task_id=get_links_task, run_id=manual__2025-05-23T08:16:18.870618+00:00, execution_date=20250523T081618, start_date=20250523T081619, end_date=20250523T081634
[2025-05-23T08:16:35.016+0000] {local_task_job_runner.py:261} INFO - Task exited with return code 0
[2025-05-23T08:16:35.033+0000] {taskinstance.py:3891} INFO - 1 downstream tasks scheduled from follow-on schedule check
[2025-05-23T08:16:35.035+0000] {local_task_job_runner.py:240} INFO - ::endgroup::
[2025-05-23T08:16:35.044+0000] {standard_task_runner.py:217} INFO - Process not found (most likely exited), stop collecting metrics
