[2025-05-15T03:48:57.447+0000] {local_task_job_runner.py:123} INFO - ::group::Pre task execution logs
[2025-05-15T03:48:57.478+0000] {taskinstance.py:2603} INFO - Dependencies all met for dep_context=non-requeueable deps ti=<TaskInstance: tiktok_videos_scraper_dag.tiktok_videos_scraper_task manual__2025-05-15T03:45:37.792102 [queued]>
[2025-05-15T03:48:57.493+0000] {taskinstance.py:2603} INFO - Dependencies all met for dep_context=requeueable deps ti=<TaskInstance: tiktok_videos_scraper_dag.tiktok_videos_scraper_task manual__2025-05-15T03:45:37.792102 [queued]>
[2025-05-15T03:48:57.493+0000] {taskinstance.py:2856} INFO - Starting attempt 1 of 1
[2025-05-15T03:48:57.515+0000] {taskinstance.py:2879} INFO - Executing <Task(PythonOperator): tiktok_videos_scraper_task> on 2025-05-15 03:45:37.792111+00:00
[2025-05-15T03:48:57.520+0000] {standard_task_runner.py:72} INFO - Started process 26737 to run task
[2025-05-15T03:48:57.527+0000] {standard_task_runner.py:104} INFO - Running: ['airflow', 'tasks', 'run', 'tiktok_videos_scraper_dag', 'tiktok_videos_scraper_task', 'manual__2025-05-15T03:45:37.792102', '--job-id', '5812', '--raw', '--subdir', 'DAGS_FOLDER/pipeline_tiktok.py', '--cfg-path', '/tmp/tmp9cd24o8q']
[2025-05-15T03:48:57.531+0000] {standard_task_runner.py:105} INFO - Job 5812: Subtask tiktok_videos_scraper_task
[2025-05-15T03:48:57.615+0000] {task_command.py:467} INFO - Running <TaskInstance: tiktok_videos_scraper_dag.tiktok_videos_scraper_task manual__2025-05-15T03:45:37.792102 [running]> on host 255dbbe6d096
[2025-05-15T03:48:57.747+0000] {taskinstance.py:3122} INFO - Exporting env vars: AIRFLOW_CTX_DAG_OWNER='airflow' AIRFLOW_CTX_DAG_ID='tiktok_videos_scraper_dag' AIRFLOW_CTX_TASK_ID='tiktok_videos_scraper_task' AIRFLOW_CTX_EXECUTION_DATE='2025-05-15T03:45:37.792111+00:00' AIRFLOW_CTX_TRY_NUMBER='1' AIRFLOW_CTX_DAG_RUN_ID='manual__2025-05-15T03:45:37.792102'
[2025-05-15T03:48:57.749+0000] {taskinstance.py:731} INFO - ::endgroup::
[2025-05-15T03:50:18.468+0000] {logging_mixin.py:190} WARNING - 2025-05-15 03:50:18,468 - TikTokApi.tiktok - ERROR - Failed to create session: Page.goto: Timeout 30000ms exceeded.
Call log:
  - navigating to "https://www.tiktok.com/", waiting until "load"
[2025-05-15T03:50:18.468+0000] {tiktok.py:222} ERROR - Failed to create session: Page.goto: Timeout 30000ms exceeded.
Call log:
  - navigating to "https://www.tiktok.com/", waiting until "load"

[2025-05-15T03:50:18.659+0000] {job.py:229} INFO - Heartbeat recovered after 75.54 seconds
[2025-05-15T03:50:19.432+0000] {logging_mixin.py:190} INFO - Error in TikTok API: Page.goto: Timeout 30000ms exceeded.
Call log:
  - navigating to "https://www.tiktok.com/", waiting until "load"
[2025-05-15T03:50:19.812+0000] {python.py:240} INFO - Done. Returned value was: []
[2025-05-15T03:50:19.869+0000] {taskinstance.py:340} INFO - ::group::Post task execution logs
[2025-05-15T03:50:19.870+0000] {taskinstance.py:352} INFO - Marking task as SUCCESS. dag_id=tiktok_videos_scraper_dag, task_id=tiktok_videos_scraper_task, run_id=manual__2025-05-15T03:45:37.792102, execution_date=20250515T034537, start_date=20250515T034857, end_date=20250515T035019
[2025-05-15T03:50:19.929+0000] {local_task_job_runner.py:261} INFO - Task exited with return code 0
[2025-05-15T03:50:19.981+0000] {taskinstance.py:3891} INFO - 1 downstream tasks scheduled from follow-on schedule check
[2025-05-15T03:50:19.986+0000] {local_task_job_runner.py:240} INFO - ::endgroup::
