[2025-05-05T10:37:38.218+0000] {local_task_job_runner.py:123} INFO - ::group::Pre task execution logs
[2025-05-05T10:37:38.229+0000] {taskinstance.py:2603} INFO - Dependencies all met for dep_context=non-requeueable deps ti=<TaskInstance: dag1.group1.task2 scheduled__2021-09-28T00:00:00+00:00 [queued]>
[2025-05-05T10:37:38.234+0000] {taskinstance.py:2603} INFO - Dependencies all met for dep_context=requeueable deps ti=<TaskInstance: dag1.group1.task2 scheduled__2021-09-28T00:00:00+00:00 [queued]>
[2025-05-05T10:37:38.234+0000] {taskinstance.py:2856} INFO - Starting attempt 1 of 3
[2025-05-05T10:37:38.244+0000] {taskinstance.py:2879} INFO - Executing <Task(BashOperator): group1.task2> on 2021-09-28 00:00:00+00:00
[2025-05-05T10:37:38.247+0000] {standard_task_runner.py:72} INFO - Started process 13207 to run task
[2025-05-05T10:37:38.250+0000] {standard_task_runner.py:104} INFO - Running: ['airflow', 'tasks', 'run', 'dag1', 'group1.task2', 'scheduled__2021-09-28T00:00:00+00:00', '--job-id', '4299', '--raw', '--subdir', 'DAGS_FOLDER/tuts/taskgroup_basic.py', '--cfg-path', '/tmp/tmp0lgskuqf']
[2025-05-05T10:37:38.250+0000] {standard_task_runner.py:105} INFO - Job 4299: Subtask group1.task2
[2025-05-05T10:37:38.287+0000] {task_command.py:467} INFO - Running <TaskInstance: dag1.group1.task2 scheduled__2021-09-28T00:00:00+00:00 [running]> on host 2c7afa36055b
[2025-05-05T10:37:38.344+0000] {taskinstance.py:3122} INFO - Exporting env vars: AIRFLOW_CTX_DAG_OWNER='airflow' AIRFLOW_CTX_DAG_ID='dag1' AIRFLOW_CTX_TASK_ID='group1.task2' AIRFLOW_CTX_EXECUTION_DATE='2021-09-28T00:00:00+00:00' AIRFLOW_CTX_TRY_NUMBER='1' AIRFLOW_CTX_DAG_RUN_ID='scheduled__2021-09-28T00:00:00+00:00'
[2025-05-05T10:37:38.345+0000] {taskinstance.py:731} INFO - ::endgroup::
[2025-05-05T10:37:38.347+0000] {subprocess.py:63} INFO - Tmp dir root location: /tmp
[2025-05-05T10:37:38.347+0000] {subprocess.py:75} INFO - Running command: ['/usr/bin/bash', '-c', 'echo Hello World!']
[2025-05-05T10:37:38.352+0000] {subprocess.py:86} INFO - Output:
[2025-05-05T10:37:38.353+0000] {subprocess.py:93} INFO - Hello World!
[2025-05-05T10:37:38.353+0000] {subprocess.py:97} INFO - Command exited with return code 0
[2025-05-05T10:37:38.371+0000] {taskinstance.py:340} INFO - ::group::Post task execution logs
[2025-05-05T10:37:38.372+0000] {taskinstance.py:352} INFO - Marking task as SUCCESS. dag_id=dag1, task_id=group1.task2, run_id=scheduled__2021-09-28T00:00:00+00:00, execution_date=20210928T000000, start_date=20250505T103738, end_date=20250505T103738
[2025-05-05T10:37:38.383+0000] {local_task_job_runner.py:261} INFO - Task exited with return code 0
[2025-05-05T10:37:38.394+0000] {taskinstance.py:3891} INFO - 0 downstream tasks scheduled from follow-on schedule check
[2025-05-05T10:37:38.396+0000] {local_task_job_runner.py:240} INFO - ::endgroup::
