[2025-04-29T02:58:01.068+0000] {local_task_job_runner.py:123} INFO - ::group::Pre task execution logs
[2025-04-29T02:58:01.084+0000] {taskinstance.py:2603} INFO - Dependencies all met for dep_context=non-requeueable deps ti=<TaskInstance: demo.hello scheduled__2025-03-15T00:00:00+00:00 [queued]>
[2025-04-29T02:58:01.092+0000] {taskinstance.py:2603} INFO - Dependencies all met for dep_context=requeueable deps ti=<TaskInstance: demo.hello scheduled__2025-03-15T00:00:00+00:00 [queued]>
[2025-04-29T02:58:01.093+0000] {taskinstance.py:2856} INFO - Starting attempt 1 of 1
[2025-04-29T02:58:01.106+0000] {taskinstance.py:2879} INFO - Executing <Task(BashOperator): hello> on 2025-03-15 00:00:00+00:00
[2025-04-29T02:58:01.109+0000] {standard_task_runner.py:72} INFO - Started process 8464 to run task
[2025-04-29T02:58:01.112+0000] {standard_task_runner.py:104} INFO - Running: ['airflow', 'tasks', 'run', 'demo', 'hello', 'scheduled__2025-03-15T00:00:00+00:00', '--job-id', '2350', '--raw', '--subdir', 'DAGS_FOLDER/simple-dag.py', '--cfg-path', '/tmp/tmp9i9eecm5']
[2025-04-29T02:58:01.113+0000] {standard_task_runner.py:105} INFO - Job 2350: Subtask hello
[2025-04-29T02:58:01.165+0000] {task_command.py:467} INFO - Running <TaskInstance: demo.hello scheduled__2025-03-15T00:00:00+00:00 [running]> on host 2c7afa36055b
[2025-04-29T02:58:01.246+0000] {taskinstance.py:3122} INFO - Exporting env vars: AIRFLOW_CTX_DAG_OWNER='airflow' AIRFLOW_CTX_DAG_ID='demo' AIRFLOW_CTX_TASK_ID='hello' AIRFLOW_CTX_EXECUTION_DATE='2025-03-15T00:00:00+00:00' AIRFLOW_CTX_TRY_NUMBER='1' AIRFLOW_CTX_DAG_RUN_ID='scheduled__2025-03-15T00:00:00+00:00'
[2025-04-29T02:58:01.247+0000] {taskinstance.py:731} INFO - ::endgroup::
[2025-04-29T02:58:01.249+0000] {subprocess.py:63} INFO - Tmp dir root location: /tmp
[2025-04-29T02:58:01.250+0000] {subprocess.py:75} INFO - Running command: ['/usr/bin/bash', '-c', 'echo hello']
[2025-04-29T02:58:01.258+0000] {subprocess.py:86} INFO - Output:
[2025-04-29T02:58:01.259+0000] {subprocess.py:93} INFO - hello
[2025-04-29T02:58:01.260+0000] {subprocess.py:97} INFO - Command exited with return code 0
[2025-04-29T02:58:01.286+0000] {taskinstance.py:340} INFO - ::group::Post task execution logs
[2025-04-29T02:58:01.287+0000] {taskinstance.py:352} INFO - Marking task as SUCCESS. dag_id=demo, task_id=hello, run_id=scheduled__2025-03-15T00:00:00+00:00, execution_date=20250315T000000, start_date=20250429T025801, end_date=20250429T025801
[2025-04-29T02:58:01.330+0000] {local_task_job_runner.py:261} INFO - Task exited with return code 0
[2025-04-29T02:58:01.351+0000] {taskinstance.py:3891} INFO - 1 downstream tasks scheduled from follow-on schedule check
[2025-04-29T02:58:01.355+0000] {local_task_job_runner.py:240} INFO - ::endgroup::
