[2025-04-28T11:36:37.547+0000] {local_task_job_runner.py:123} INFO - ::group::Pre task execution logs
[2025-04-28T11:36:37.559+0000] {taskinstance.py:2603} INFO - Dependencies all met for dep_context=non-requeueable deps ti=<TaskInstance: tutorial.print_date manual__2025-04-28T11:36:36.848833+00:00 [queued]>
[2025-04-28T11:36:37.565+0000] {taskinstance.py:2603} INFO - Dependencies all met for dep_context=requeueable deps ti=<TaskInstance: tutorial.print_date manual__2025-04-28T11:36:36.848833+00:00 [queued]>
[2025-04-28T11:36:37.565+0000] {taskinstance.py:2856} INFO - Starting attempt 1 of 2
[2025-04-28T11:36:37.573+0000] {taskinstance.py:2879} INFO - Executing <Task(BashOperator): print_date> on 2025-04-28 11:36:36.848833+00:00
[2025-04-28T11:36:37.576+0000] {standard_task_runner.py:72} INFO - Started process 124 to run task
[2025-04-28T11:36:37.579+0000] {standard_task_runner.py:104} INFO - Running: ['airflow', 'tasks', 'run', 'tutorial', 'print_date', 'manual__2025-04-28T11:36:36.848833+00:00', '--job-id', '5', '--raw', '--subdir', 'DAGS_FOLDER/tutorial.py', '--cfg-path', '/tmp/tmpep7fehk9']
[2025-04-28T11:36:37.580+0000] {standard_task_runner.py:105} INFO - Job 5: Subtask print_date
[2025-04-28T11:36:37.620+0000] {task_command.py:467} INFO - Running <TaskInstance: tutorial.print_date manual__2025-04-28T11:36:36.848833+00:00 [running]> on host 2c7afa36055b
[2025-04-28T11:36:37.672+0000] {taskinstance.py:3122} INFO - Exporting env vars: AIRFLOW_CTX_DAG_OWNER='airflow' AIRFLOW_CTX_DAG_ID='tutorial' AIRFLOW_CTX_TASK_ID='print_date' AIRFLOW_CTX_EXECUTION_DATE='2025-04-28T11:36:36.848833+00:00' AIRFLOW_CTX_TRY_NUMBER='1' AIRFLOW_CTX_DAG_RUN_ID='manual__2025-04-28T11:36:36.848833+00:00'
[2025-04-28T11:36:37.672+0000] {taskinstance.py:731} INFO - ::endgroup::
[2025-04-28T11:36:37.694+0000] {subprocess.py:63} INFO - Tmp dir root location: /tmp
[2025-04-28T11:36:37.694+0000] {subprocess.py:75} INFO - Running command: ['/usr/bin/bash', '-c', 'date']
[2025-04-28T11:36:37.700+0000] {subprocess.py:86} INFO - Output:
[2025-04-28T11:36:37.703+0000] {subprocess.py:93} INFO - Mon Apr 28 11:36:37 UTC 2025
[2025-04-28T11:36:37.703+0000] {subprocess.py:97} INFO - Command exited with return code 0
[2025-04-28T11:36:37.723+0000] {taskinstance.py:340} INFO - ::group::Post task execution logs
[2025-04-28T11:36:37.723+0000] {taskinstance.py:352} INFO - Marking task as SUCCESS. dag_id=tutorial, task_id=print_date, run_id=manual__2025-04-28T11:36:36.848833+00:00, execution_date=20250428T113636, start_date=20250428T113637, end_date=20250428T113637
[2025-04-28T11:36:37.761+0000] {local_task_job_runner.py:261} INFO - Task exited with return code 0
[2025-04-28T11:36:37.776+0000] {taskinstance.py:3891} INFO - 2 downstream tasks scheduled from follow-on schedule check
[2025-04-28T11:36:37.778+0000] {local_task_job_runner.py:240} INFO - ::endgroup::
