[2025-05-07T09:47:40.197+0000] {local_task_job_runner.py:123} INFO - ::group::Pre task execution logs
[2025-05-07T09:47:40.207+0000] {taskinstance.py:2603} INFO - Dependencies all met for dep_context=non-requeueable deps ti=<TaskInstance: tiktok_videos_scraper_dag.tiktok_videos_scraper manual__2025-05-07T09:47:32.921137+00:00 [queued]>
[2025-05-07T09:47:40.212+0000] {taskinstance.py:2603} INFO - Dependencies all met for dep_context=requeueable deps ti=<TaskInstance: tiktok_videos_scraper_dag.tiktok_videos_scraper manual__2025-05-07T09:47:32.921137+00:00 [queued]>
[2025-05-07T09:47:40.213+0000] {taskinstance.py:2856} INFO - Starting attempt 1 of 1
[2025-05-07T09:47:40.220+0000] {taskinstance.py:2879} INFO - Executing <Task(_PythonDecoratedOperator): tiktok_videos_scraper> on 2025-05-07 09:47:32.921137+00:00
[2025-05-07T09:47:40.223+0000] {standard_task_runner.py:72} INFO - Started process 1316 to run task
[2025-05-07T09:47:40.226+0000] {standard_task_runner.py:104} INFO - Running: ['airflow', 'tasks', 'run', 'tiktok_videos_scraper_dag', 'tiktok_videos_scraper', 'manual__2025-05-07T09:47:32.921137+00:00', '--job-id', '4908', '--raw', '--subdir', 'DAGS_FOLDER/pipeline.py', '--cfg-path', '/tmp/tmp691jx58v']
[2025-05-07T09:47:40.228+0000] {standard_task_runner.py:105} INFO - Job 4908: Subtask tiktok_videos_scraper
[2025-05-07T09:47:40.263+0000] {task_command.py:467} INFO - Running <TaskInstance: tiktok_videos_scraper_dag.tiktok_videos_scraper manual__2025-05-07T09:47:32.921137+00:00 [running]> on host 83f5c4ce7f9b
[2025-05-07T09:47:40.321+0000] {taskinstance.py:3122} INFO - Exporting env vars: AIRFLOW_CTX_DAG_OWNER='airflow' AIRFLOW_CTX_DAG_ID='tiktok_videos_scraper_dag' AIRFLOW_CTX_TASK_ID='tiktok_videos_scraper' AIRFLOW_CTX_EXECUTION_DATE='2025-05-07T09:47:32.921137+00:00' AIRFLOW_CTX_TRY_NUMBER='1' AIRFLOW_CTX_DAG_RUN_ID='manual__2025-05-07T09:47:32.921137+00:00'
[2025-05-07T09:47:40.322+0000] {taskinstance.py:731} INFO - ::endgroup::
[2025-05-07T09:47:47.658+0000] {logging_mixin.py:190} INFO - https://www.tiktok.com/@therock/video/7498828992825396526
[2025-05-07T09:47:47.675+0000] {logging_mixin.py:190} INFO - https://www.tiktok.com/@therock/video/7498176682105294123
[2025-05-07T09:47:47.675+0000] {logging_mixin.py:190} INFO - https://www.tiktok.com/@therock/video/7495761605502848298
[2025-05-07T09:47:47.675+0000] {logging_mixin.py:190} INFO - https://www.tiktok.com/@therock/video/7494644438497529130
[2025-05-07T09:47:47.675+0000] {logging_mixin.py:190} INFO - https://www.tiktok.com/@therock/video/7494316440749755694
[2025-05-07T09:47:47.676+0000] {logging_mixin.py:190} INFO - https://www.tiktok.com/@therock/video/7493217492802882858
[2025-05-07T09:47:47.676+0000] {logging_mixin.py:190} INFO - https://www.tiktok.com/@therock/video/7492481998187990318
[2025-05-07T09:47:47.676+0000] {logging_mixin.py:190} INFO - https://www.tiktok.com/@therock/video/7490673656641637675
[2025-05-07T09:47:47.676+0000] {logging_mixin.py:190} INFO - https://www.tiktok.com/@therock/video/7487701629119171886
[2025-05-07T09:47:47.676+0000] {logging_mixin.py:190} INFO - https://www.tiktok.com/@therock/video/7486515871624596782
[2025-05-07T09:47:47.677+0000] {logging_mixin.py:190} INFO - https://www.tiktok.com/@therock/video/7482814601717910826
[2025-05-07T09:47:47.677+0000] {logging_mixin.py:190} INFO - https://www.tiktok.com/@therock/video/7480993221586292014
[2025-05-07T09:47:47.677+0000] {logging_mixin.py:190} INFO - https://www.tiktok.com/@therock/video/7478382826568568110
[2025-05-07T09:47:47.677+0000] {logging_mixin.py:190} INFO - https://www.tiktok.com/@therock/video/7475105018052480302
[2025-05-07T09:47:47.677+0000] {logging_mixin.py:190} INFO - https://www.tiktok.com/@therock/video/7474681315955150126
[2025-05-07T09:47:47.677+0000] {logging_mixin.py:190} INFO - https://www.tiktok.com/@therock/video/7473147398718573866
[2025-05-07T09:47:47.678+0000] {logging_mixin.py:190} INFO - https://www.tiktok.com/@therock/video/7473137749025967406
[2025-05-07T09:47:47.678+0000] {logging_mixin.py:190} INFO - https://www.tiktok.com/@therock/video/7472396683477830955
[2025-05-07T09:47:47.678+0000] {logging_mixin.py:190} INFO - https://www.tiktok.com/@therock/video/7461443489067240747
[2025-05-07T09:47:47.678+0000] {logging_mixin.py:190} INFO - https://www.tiktok.com/@therock/video/7460513088354258219
[2025-05-07T09:47:47.678+0000] {logging_mixin.py:190} INFO - https://www.tiktok.com/@therock/video/7460511600202648878
[2025-05-07T09:47:47.678+0000] {logging_mixin.py:190} INFO - https://www.tiktok.com/@therock/video/7457228860275395882
[2025-05-07T09:47:47.679+0000] {logging_mixin.py:190} INFO - https://www.tiktok.com/@therock/video/7456475589663362350
[2025-05-07T09:47:47.679+0000] {logging_mixin.py:190} INFO - https://www.tiktok.com/@therock/video/7455784020379716910
[2025-05-07T09:47:47.679+0000] {logging_mixin.py:190} INFO - https://www.tiktok.com/@therock/video/7455388311826287914
[2025-05-07T09:47:47.679+0000] {logging_mixin.py:190} INFO - https://www.tiktok.com/@therock/video/7454241121665944874
[2025-05-07T09:47:47.679+0000] {logging_mixin.py:190} INFO - https://www.tiktok.com/@therock/video/7452740726187642155
[2025-05-07T09:47:47.679+0000] {logging_mixin.py:190} INFO - https://www.tiktok.com/@therock/video/7452738096988294446
[2025-05-07T09:47:47.680+0000] {logging_mixin.py:190} INFO - https://www.tiktok.com/@therock/video/7451804943654276398
[2025-05-07T09:47:47.680+0000] {logging_mixin.py:190} INFO - https://www.tiktok.com/@therock/video/7451345731819965742
[2025-05-07T09:47:47.680+0000] {logging_mixin.py:190} INFO - https://www.tiktok.com/@therock/video/7451022184526482730
[2025-05-07T09:47:47.680+0000] {logging_mixin.py:190} INFO - https://www.tiktok.com/@therock/video/7450249740471749934
[2025-05-07T09:47:47.680+0000] {logging_mixin.py:190} INFO - https://www.tiktok.com/@therock/video/7448020055507422507
[2025-05-07T09:47:47.680+0000] {logging_mixin.py:190} INFO - https://www.tiktok.com/@therock/video/7447975660741610795
[2025-05-07T09:47:47.680+0000] {logging_mixin.py:190} INFO - https://www.tiktok.com/@therock/video/7447285805044993326
[2025-05-07T09:47:47.681+0000] {logging_mixin.py:190} INFO - Reading URLs from data/scraped_data/tiktok.txt...
[2025-05-07T09:47:47.752+0000] {logging_mixin.py:190} INFO - Starting batch download...
[2025-05-07T09:47:47.752+0000] {logging_mixin.py:190} INFO - Getting direct link... https://www.tiktok.com/@therock/video/7498828992825396526
[2025-05-07T09:47:48.429+0000] {logging_mixin.py:190} INFO - ✅ Direct link: https://v77.tiktokcdn.com/3c5c0f378c1b2d2a8c1010f1b2c7d782/681c7e5a/video/tos/maliva/tos-maliva-ve-27dcd7c799-us/oIpACGTBwJWBjO17QCSEVnfiKZBiRMi0wItMcj/?a=1180&bti=ODszNWYuMDE6&ch=0&cr=0&dr=0&er=0&lr=default&cd=0%7C0%7C0%7C0&br=250&bt=125&ft=.NpOcInz7Thj-i2KXq8Zmo&mime_type=audio_mpeg&qs=6&rc=ZDxnNmY3Mzs3aTs0NWVlNkBpanNzN285cm1tMzMzZzU8NEA2MTAwMTBgXi4xNTNiNDRfYSNqbG40MmRzLzVhLS1kMS9zcw%3D%3D&vvpl=1&l=20250507174747F6FE2B66C14C2DFA8298&btag=e00090000&cc=13
[2025-05-07T09:47:49.637+0000] {logging_mixin.py:190} INFO - ✅ File downloaded in media/7498828992825396526.mp3
[2025-05-07T09:47:49.638+0000] {logging_mixin.py:190} INFO - Getting direct link... https://www.tiktok.com/@therock/video/7498176682105294123
[2025-05-07T09:47:50.227+0000] {logging_mixin.py:190} INFO - ✅ Direct link: https://v16m.tiktokcdn.com/97e50661e91af1df283d91c81dc2a8e7/681c7dd4/video/tos/maliva/tos-maliva-v-27dcd7c799-us/o8ujSFDRJUDInEASqOEEPABC4AfgBuAiDofBLA/?a=1180&bti=ODszNWYuMDE6&ch=0&cr=0&dr=0&er=0&lr=default&cd=0%7C0%7C0%7C0&br=250&bt=125&ds=5&ft=.NpOcInz7ThQ-i2KXq8Zmo&mime_type=audio_mpeg&qs=13&rc=amU4c3E5cjdoMzMzZzU8NEBpamU4c3E5cjdoMzMzZzU8NEAtcnI1MmRrLTRhLS1kMS9zYSMtcnI1MmRrLTRhLS1kMS9zcw%3D%3D&vvpl=1&l=202505071747493BE6486A9246046173D0&btag=e00078000&cc=3
[2025-05-07T09:47:51.166+0000] {logging_mixin.py:190} INFO - ✅ File downloaded in media/7498176682105294123.mp3
[2025-05-07T09:47:51.167+0000] {logging_mixin.py:190} INFO - Getting direct link... https://www.tiktok.com/@therock/video/7495761605502848298
[2025-05-07T09:47:51.706+0000] {logging_mixin.py:190} INFO - ✅ Direct link: https://sf9-ies-music-sg.tiktokcdn.com/obj/tos-alisg-ve-2774/ocPH8TAYE6DFjg3FepCnLN4KjqnDzadeQarKfF
[2025-05-07T09:47:51.850+0000] {logging_mixin.py:190} INFO - ✅ File downloaded in media/7495761605502848298.mp3
[2025-05-07T09:47:51.851+0000] {logging_mixin.py:190} INFO - Getting direct link... https://www.tiktok.com/@therock/video/7494644438497529130
[2025-05-07T09:47:51.905+0000] {logging_mixin.py:190} INFO - ✅ Direct link: https://v77.tiktokcdn.com/be80035c82bcce1f74d6b086e4f0ea93/681c7e88/video/tos/maliva/tos-maliva-ve-27dcd7c799-us/oIDy8EfQNMUA9F3U8SSfoSN4v7CNBJgTCoIlCD/?a=1180&bti=ODszNWYuMDE6&ch=0&cr=0&dr=0&er=0&lr=default&cd=0%7C0%7C0%7C0&br=250&bt=125&ft=.NpOcInz7ThS-i2KXq8Zmo&mime_type=audio_mpeg&qs=6&rc=ZGk2Z2U3ZWUzODg8ZWg1M0BpanZldnk5cnk4MzMzZzU8NEBhNi1hMC9hXl8xM2E1YTUuYSMza2Y2MmRjMy5hLS1kMS9zcw%3D%3D&vvpl=1&l=2025050717475168F796D5B6D3D0099F0D&btag=e00098000&cc=13
[2025-05-07T09:47:53.110+0000] {logging_mixin.py:190} INFO - ✅ File downloaded in media/7494644438497529130.mp3
[2025-05-07T09:47:53.111+0000] {logging_mixin.py:190} INFO - Getting direct link... https://www.tiktok.com/@therock/video/7494316440749755694
[2025-05-07T09:47:53.726+0000] {logging_mixin.py:190} INFO - ✅ Direct link: https://v77.tiktokcdn.com/3aec9e9e343ed5867bbdf8507f79ff78/681c7def/video/tos/maliva/tos-maliva-v-27dcd7c799-us/oAICIADAJUkACfDoJFAHfd8d0kpUvEAgSJSlBN/?a=1180&bti=ODszNWYuMDE6&ch=0&cr=0&dr=0&er=0&lr=default&cd=0%7C0%7C0%7C0&br=250&bt=125&ds=5&ft=.NpOcInz7Thv-i2KXq8Zmo&mime_type=audio_mpeg&qs=13&rc=M2g7ZW45cmVsMzMzZzU8NEBpM2g7ZW45cmVsMzMzZzU8NEBxNmpmMmRzZi1hLS1kMS9zYSNxNmpmMmRzZi1hLS1kMS9zcw%3D%3D&vvpl=1&l=20250507174753C198D1E701B5CA80DF16&btag=e00048000&cc=13
[2025-05-07T09:47:54.609+0000] {logging_mixin.py:190} INFO - ✅ File downloaded in media/7494316440749755694.mp3
[2025-05-07T09:47:54.610+0000] {logging_mixin.py:190} INFO - Getting direct link... https://www.tiktok.com/@therock/video/7493217492802882858
[2025-05-07T09:47:55.270+0000] {logging_mixin.py:190} INFO - ✅ Direct link: https://v77.tiktokcdn.com/de1523b345473b2921e8526d69a278ca/681c7f03/video/tos/maliva/tos-maliva-ve-27dcd7c799-us/oIAdaAQGfKgxsqjLITHQpSgyhcv6e9JA4Mxfff/?a=1180&bti=ODszNWYuMDE6&ch=0&cr=0&dr=0&er=0&lr=default&cd=0%7C0%7C0%7C0&br=250&bt=125&ft=.NpOcInz7ThN-i2KXq8Zmo&mime_type=audio_mpeg&qs=6&rc=M2ZlZWRlNzpmO2k0OzplZUBpM3VpZXY5cnFueTMzZzU8NEA1X2MtYV9gNjUxMTU1NDUyYSMtZWViMmRzMHJgLS1kMS9zcw%3D%3D&vvpl=1&l=202505071747549D616D20787B6EDF76B0&btag=e000a0000&cc=13
[2025-05-07T09:47:56.670+0000] {logging_mixin.py:190} INFO - ✅ File downloaded in media/7493217492802882858.mp3
[2025-05-07T09:47:56.690+0000] {logging_mixin.py:190} INFO - Getting direct link... https://www.tiktok.com/@therock/video/7492481998187990318
[2025-05-07T09:47:56.852+0000] {logging_mixin.py:190} INFO - ✅ Direct link: https://sf9-ies-music-sg.tiktokcdn.com/obj/tos-alisg-ve-2774/e50ed17055474a23b0c81ebd301ee7a7
[2025-05-07T09:47:57.049+0000] {logging_mixin.py:190} INFO - ✅ File downloaded in media/7492481998187990318.mp3
[2025-05-07T09:47:57.049+0000] {logging_mixin.py:190} INFO - Getting direct link... https://www.tiktok.com/@therock/video/7490673656641637675
[2025-05-07T09:47:57.729+0000] {logging_mixin.py:190} INFO - ✅ Direct link: https://v77.tiktokcdn.com/42946d1bb62c04bedeeaba7080e30765/681c7de7/video/tos/maliva/tos-maliva-v-27dcd7c799-us/oMUNFSEgStCiSihODXJXweftAwB4DBAERACnW0/?a=1180&bti=ODszNWYuMDE6&ch=0&cr=0&dr=0&er=0&lr=default&cd=0%7C0%7C0%7C0&br=250&bt=125&ds=5&ft=.NpOcInz7ThE-i2KXq8Zmo&mime_type=audio_mpeg&qs=13&rc=M3FvZWo5cjw2eTMzZzU8NEBpM3FvZWo5cjw2eTMzZzU8NEA2LzZfMmRjZG5gLS1kMS9zYSM2LzZfMmRjZG5gLS1kMS9zcw%3D%3D&vvpl=1&l=202505071747578E7F6AE0A71D5E815B31&btag=e00078000&cc=13
[2025-05-07T09:47:58.691+0000] {logging_mixin.py:190} INFO - ✅ File downloaded in media/7490673656641637675.mp3
[2025-05-07T09:47:58.692+0000] {logging_mixin.py:190} INFO - Getting direct link... https://www.tiktok.com/@therock/video/7487701629119171886
[2025-05-07T09:47:59.346+0000] {logging_mixin.py:190} INFO - ✅ Direct link: https://v77.tiktokcdn.com/b71ebc358614aa5f68ac208924682b69/681c7de4/video/tos/maliva/tos-maliva-v-27dcd7c799-us/oQ1SEpV6QBBSqjAFANi3BEzADK9wJAo9E0fqpi/?a=1180&bti=ODszNWYuMDE6&ch=0&cr=0&dr=0&er=0&lr=default&cd=0%7C0%7C0%7C0&br=250&bt=125&ds=5&ft=.NpOcInz7ThH-i2KXq8Zmo&mime_type=audio_mpeg&qs=13&rc=ajxtO3E5cjt0eTMzZzU8NEBpajxtO3E5cjt0eTMzZzU8NEBebnJxMmRjZmhgLS1kMS9zYSNebnJxMmRjZmhgLS1kMS9zcw%3D%3D&vvpl=1&l=20250507174758A5C9E250B85732D8BF39&btag=e00078000&cc=13
[2025-05-07T09:48:00.175+0000] {logging_mixin.py:190} INFO - ✅ File downloaded in media/7487701629119171886.mp3
[2025-05-07T09:48:00.176+0000] {logging_mixin.py:190} INFO - Getting direct link... https://www.tiktok.com/@therock/video/7486515871624596782
[2025-05-07T09:48:00.838+0000] {logging_mixin.py:190} INFO - ✅ Direct link: https://v77.tiktokcdn.com/0d2822db3ec9e813aa9930322ef30a19/681c7e0c/video/tos/maliva/tos-maliva-v-27dcd7c799-us/owEAlzRKAAVAWwEh3JEBDiiBycB1qeAhjPqmpp/?a=1180&bti=ODszNWYuMDE6&ch=0&cr=0&dr=0&er=0&lr=default&cd=0%7C0%7C0%7C0&br=250&bt=125&ds=5&ft=.NpOcInz7Th4-i2KXq8Zmo&mime_type=audio_mpeg&qs=13&rc=M2Q4cnE5cjlxeTMzZzU8NEBpM2Q4cnE5cjlxeTMzZzU8NEBpMDZlMmQ0MmZgLS1kMS9zYSNpMDZlMmQ0MmZgLS1kMS9zcw%3D%3D&vvpl=1&l=202505071748005E8FC024EB87258CF145&btag=e00050000&cc=13
[2025-05-07T09:48:01.794+0000] {logging_mixin.py:190} INFO - ✅ File downloaded in media/7486515871624596782.mp3
[2025-05-07T09:48:01.794+0000] {logging_mixin.py:190} INFO - Getting direct link... https://www.tiktok.com/@therock/video/7482814601717910826
[2025-05-07T09:48:01.930+0000] {logging_mixin.py:190} INFO - ✅ Direct link: https://v16m.tiktokcdn.com/46c86024a0be8c0241e282b660487097/681c7ec1/video/tos/maliva/tos-maliva-v-27dcd7c799-us/oEV2IjRsAjjTEE0GPAEDfoL1oeHYkJeTCWAFGA/?a=1180&bti=ODszNWYuMDE6&ch=0&cr=0&dr=0&er=0&lr=default&cd=0%7C0%7C0%7C0&br=250&bt=125&ds=5&ft=.NpOcInz7Th--i2KXq8Zmo&mime_type=audio_mpeg&qs=13&rc=anA8aXI5cnQ3eTMzZzU8NEBpanA8aXI5cnQ3eTMzZzU8NEAvcHNwMmRrbGBgLS1kMS9zYSMvcHNwMmRrbGBgLS1kMS9zcw%3D%3D&vvpl=1&l=20250507174801A3CC5F0FB922DDD5585C&btag=e00058000&cc=3
[2025-05-07T09:48:04.144+0000] {logging_mixin.py:190} INFO - ✅ File downloaded in media/7482814601717910826.mp3
[2025-05-07T09:48:04.144+0000] {logging_mixin.py:190} INFO - Getting direct link... https://www.tiktok.com/@therock/video/7480993221586292014
[2025-05-07T09:48:04.809+0000] {logging_mixin.py:190} INFO - ✅ Direct link: https://sf9-ies-music-sg.tiktokcdn.com/obj/tos-alisg-ve-2774/o0irIGKLPQDzhmdAVZ1faBYP7keHGeOFACmce8
[2025-05-07T09:48:04.952+0000] {logging_mixin.py:190} INFO - ✅ File downloaded in media/7480993221586292014.mp3
[2025-05-07T09:48:04.952+0000] {logging_mixin.py:190} INFO - Getting direct link... https://www.tiktok.com/@therock/video/7478382826568568110
[2025-05-07T09:48:05.782+0000] {logging_mixin.py:190} INFO - ✅ Direct link: https://sf9-ies-music-sg.tiktokcdn.com/obj/tos-alisg-ve-2774/o8O6CdgnKCPBnBHeDrGDxFQLaDkUbVeAgzYsJf
[2025-05-07T09:48:06.031+0000] {logging_mixin.py:190} INFO - ✅ File downloaded in media/7478382826568568110.mp3
[2025-05-07T09:48:06.031+0000] {logging_mixin.py:190} INFO - Getting direct link... https://www.tiktok.com/@therock/video/7475105018052480302
[2025-05-07T09:48:06.715+0000] {logging_mixin.py:190} INFO - ✅ Direct link: https://v77.tiktokcdn.com/2a8bb57f2969b566e7a96ab4cce5a54f/681c7ed5/video/tos/maliva/tos-maliva-v-27dcd7c799-us/oE8sA4iIXgjz2oBAiUA776ZjJlCAZEJv7ECgs/?a=1180&bti=ODszNWYuMDE6&ch=0&cr=0&dr=0&er=0&lr=default&cd=0%7C0%7C0%7C0&br=250&bt=125&ds=5&ft=.NpOcInz7Th5-i2KXq8Zmo&mime_type=audio_mpeg&qs=13&rc=M3M5NXA5cjZoeDMzZzU8NEBpM3M5NXA5cjZoeDMzZzU8NEBqLTZqMmRrZXJgLS1kMS9zYSNqLTZqMmRrZXJgLS1kMS9zcw%3D%3D&vvpl=1&l=2025050717480577FE3FC8E9C2C483B5E9&btag=e00058000&cc=13
[2025-05-07T09:48:08.086+0000] {logging_mixin.py:190} INFO - ✅ File downloaded in media/7475105018052480302.mp3
[2025-05-07T09:48:08.087+0000] {logging_mixin.py:190} INFO - Getting direct link... https://www.tiktok.com/@therock/video/7474681315955150126
[2025-05-07T09:48:08.713+0000] {logging_mixin.py:190} INFO - ✅ Direct link: https://v16m.tiktokcdn.com/88034901c3c8272d721045dafb4c33ce/681c7dec/video/tos/maliva/tos-maliva-ve-27dcd7c799-us/oM2KoP2ITk0eH5VwzAKsfYmdQEEPGeG1QtmHLC/?a=1180&bti=ODszNWYuMDE6&ch=0&cr=0&dr=0&er=0&lr=default&cd=0%7C0%7C0%7C0&br=250&bt=125&ft=.NpOcInz7ThM-i2KXq8Zmo&mime_type=audio_mpeg&qs=6&rc=PGdmNjQ0PDo6ZThkZWU3ZEBpMzhmOXk5cmdweDMzZzU8NEBeMzIwNGIzNjQxY2MyLjM2YSNgNGQuMmRrYnFgLS1kMS9zcw%3D%3D&vvpl=1&l=202505071748087C2E7A411285CA6EF5B8&btag=e000b8000&cc=3
[2025-05-07T09:48:08.992+0000] {logging_mixin.py:190} INFO - ✅ File downloaded in media/7474681315955150126.mp3
[2025-05-07T09:48:08.993+0000] {logging_mixin.py:190} INFO - Getting direct link... https://www.tiktok.com/@therock/video/7473147398718573866
[2025-05-07T09:48:09.556+0000] {logging_mixin.py:190} INFO - ✅ Direct link: https://v77.tiktokcdn.com/20ad6a1a6838d06c864cf399ac3f7fbf/681c7ddf/video/tos/alisg/tos-alisg-v-27dcd7/a50e4d75773449f385c9a0f55887d6c6/?a=1180&bti=ODszNWYuMDE6&ch=0&cr=0&dr=0&er=0&lr=default&cd=0%7C0%7C0%7C0&br=250&bt=125&ds=5&ft=.NpOcInz7ThX-i2KXq8Zmo&mime_type=audio_mp4&qs=13&rc=M3M2bTZ1eHI1NjMzODU8M0BpM3M2bTZ1eHI1NjMzODU8M0BrcmE2ZGJvcy1gLS1kMTRzYSNrcmE2ZGJvcy1gLS1kMTRzcw%3D%3D&vvpl=1&l=20250507174808B0EEC42111EEB88CC1D1&btag=e00070000&cc=13
[2025-05-07T09:48:10.019+0000] {logging_mixin.py:190} INFO - ✅ File downloaded in media/7473147398718573866.mp3
[2025-05-07T09:48:10.019+0000] {logging_mixin.py:190} INFO - Getting direct link... https://www.tiktok.com/@therock/video/7473137749025967406
[2025-05-07T09:48:10.586+0000] {logging_mixin.py:190} INFO - ✅ Direct link: https://v77.tiktokcdn.com/c7642c41bcc0023c4e77850918b0ceee/681c7eaf/video/tos/maliva/tos-maliva-v-27dcd7c799-us/o0DbAE1AtI1aFFfotkpfF5roTlAwCTAkrPIeEH/?a=1180&bti=ODszNWYuMDE6&ch=0&cr=0&dr=0&er=0&lr=default&cd=0%7C0%7C0%7C0&br=250&bt=125&ds=5&ft=.NpOcInz7Thx-i2KXq8Zmo&mime_type=audio_mpeg&qs=13&rc=M3BtNnQ5cmt4eDMzZzU8NEBpM3BtNnQ5cmt4eDMzZzU8NEBwMmNtMmRjam5gLS1kMS9zYSNwMmNtMmRjam5gLS1kMS9zcw%3D%3D&vvpl=1&l=2025050717480913D42968C819152D3A31&btag=e00058000&cc=13
[2025-05-07T09:48:12.044+0000] {logging_mixin.py:190} INFO - ✅ File downloaded in media/7473137749025967406.mp3
[2025-05-07T09:48:12.044+0000] {logging_mixin.py:190} INFO - Getting direct link... https://www.tiktok.com/@therock/video/7472396683477830955
[2025-05-07T09:48:12.155+0000] {logging_mixin.py:190} INFO - ✅ Direct link: https://v77.tiktokcdn.com/012304e7a194513e8ac5324be0fd343f/681c7ded/video/tos/maliva/tos-maliva-v-27dcd7c799-us/oACESESOgClZDQfdJFfZ0nDBhAs0AEU3WAtoAz/?a=1180&bti=ODszNWYuMDE6&ch=0&cr=0&dr=0&er=0&lr=default&cd=0%7C0%7C0%7C0&br=250&bt=125&ds=5&ft=.NpOcInz7ThD-i2KXq8Zmo&mime_type=audio_mpeg&qs=13&rc=M3dxOXk5cnRueDMzZzU8NEBpM3dxOXk5cnRueDMzZzU8NEAtYmE1MmQ0Zm1gLS1kMS9zYSMtYmE1MmQ0Zm1gLS1kMS9zcw%3D%3D&vvpl=1&l=20250507174811846F81113D2CABB84ECA&btag=e00078000&cc=13
[2025-05-07T09:48:12.963+0000] {logging_mixin.py:190} INFO - ✅ File downloaded in media/7472396683477830955.mp3
[2025-05-07T09:48:12.963+0000] {logging_mixin.py:190} INFO - Getting direct link... https://www.tiktok.com/@therock/video/7461443489067240747
[2025-05-07T09:48:13.570+0000] {logging_mixin.py:190} INFO - ✅ Direct link: https://v77.tiktokcdn.com/4f30f50c960b062db5a73948161a6684/681c7df6/video/tos/maliva/tos-maliva-v-27dcd7c799-us/oYpvBQvBpE4vE0zK6XIXCx6iMA1BoifAiAAWEw/?a=1180&bti=ODszNWYuMDE6&ch=0&cr=0&dr=0&er=0&lr=default&cd=0%7C0%7C0%7C0&br=250&bt=125&ds=5&ft=.NpOcInz7Th7-i2KXq8Zmo&mime_type=audio_mpeg&qs=13&rc=anQ2ZXI5cnA4eDMzZzU8NEBpanQ2ZXI5cnA4eDMzZzU8NEBfNm5xMmRrcjNgLS1kMS9zYSNfNm5xMmRrcjNgLS1kMS9zcw%3D%3D&vvpl=1&l=2025050717481326FA2C047592680690FC&btag=e00078000&cc=13
[2025-05-07T09:48:14.447+0000] {logging_mixin.py:190} INFO - ✅ File downloaded in media/7461443489067240747.mp3
[2025-05-07T09:48:14.447+0000] {logging_mixin.py:190} INFO - Getting direct link... https://www.tiktok.com/@therock/video/7460513088354258219
[2025-05-07T09:48:15.121+0000] {logging_mixin.py:190} INFO - ✅ Direct link: https://v58.tiktokcdn.com/video/tos/maliva/tos-maliva-v-27dcd7c799-us/ocgYixAHEinWE4ABIEzKJBTAxERRpOAfwBxiCE/?a=1180&bti=ODszNWYuMDE6&ch=0&cr=0&dr=0&er=0&lr=default&cd=0%7C0%7C0%7C0&br=250&bt=125&ds=5&ft=.NpOcInz7ThV-i2KXq8Zmo&mime_type=audio_mpeg&qs=13&rc=ajpybms5cmZreDMzZzU8NEBpajpybms5cmZreDMzZzU8NEAwcV5sMmRjLzFgLS1kMS9zYSMwcV5sMmRjLzFgLS1kMS9zcw%3D%3D&vvpl=1&l=20250507174814FFDD50B64EF555A4EEA8&VExpiration=1746698015&VSignature=3R4IVgskvlMML6WHgMBRNg&btag=e00060000&cc=14
[2025-05-07T09:48:15.789+0000] {logging_mixin.py:190} INFO - ✅ File downloaded in media/7460513088354258219.mp3
[2025-05-07T09:48:15.790+0000] {logging_mixin.py:190} INFO - Getting direct link... https://www.tiktok.com/@therock/video/7460511600202648878
[2025-05-07T09:48:16.401+0000] {logging_mixin.py:190} INFO - ✅ Direct link: https://v16m.tiktokcdn.com/8fe518a0008d92a2dc5726950d751ca3/681c7e84/video/tos/maliva/tos-maliva-v-27dcd7c799-us/owGJ4CUiZPSCAB7lA1P9sAE8J64AEgkMlDiQ1/?a=1180&bti=ODszNWYuMDE6&ch=0&cr=0&dr=0&er=0&lr=default&cd=0%7C0%7C0%7C0&br=250&bt=125&ds=5&ft=.NpOcInz7ThI-i2KXq8Zmo&mime_type=audio_mpeg&qs=13&rc=M3Y5aHQ5cm9qeDMzZzU8NEBpM3Y5aHQ5cm9qeDMzZzU8NEA1X20wMmQ0czFgLS1kMS9zYSM1X20wMmQ0czFgLS1kMS9zcw%3D%3D&vvpl=1&l=20250507174815B263002907CF454D000A&btag=e00050000&cc=3
[2025-05-07T09:48:17.711+0000] {logging_mixin.py:190} INFO - ✅ File downloaded in media/7460511600202648878.mp3
[2025-05-07T09:48:17.712+0000] {logging_mixin.py:190} INFO - Getting direct link... https://www.tiktok.com/@therock/video/7457228860275395882
[2025-05-07T09:48:18.337+0000] {logging_mixin.py:190} INFO - ✅ Direct link: https://v77.tiktokcdn.com/8ad4818e6a8b41e18b898503eb89aafa/681c815a/video/tos/maliva/tos-maliva-ve-27dcd7c799-us/ogkVZr3uBMJnr92MBriQpmEiFAfEzNBIiuw1Kv/?a=1180&bti=ODszNWYuMDE6&ch=0&cr=0&dr=0&er=0&lr=default&cd=0%7C0%7C0%7C0&br=250&bt=125&ft=.NpOcInz7Thm-i2KXq8Zmo&mime_type=audio_mpeg&qs=6&rc=NTo6N2Y5M2hkZmU1aGRoM0BpajhwZ3A5cmtwdzMzZzU8NEBfYS9eNTYvNjAxNS0uLWJhYSNpal5rMmRjYHJgLS1kMS9zcw%3D%3D&vvpl=1&l=202505071748172EA693D9B3D12837BF63&btag=e000a8000&cc=13
[2025-05-07T09:48:20.891+0000] {logging_mixin.py:190} INFO - ✅ File downloaded in media/7457228860275395882.mp3
[2025-05-07T09:48:20.891+0000] {logging_mixin.py:190} INFO - Getting direct link... https://www.tiktok.com/@therock/video/7456475589663362350
[2025-05-07T09:48:21.483+0000] {logging_mixin.py:190} INFO - ✅ Direct link: https://v77.tiktokcdn.com/50540a0bcb5f46db78dc4e0afbf1acf6/681c7e29/video/tos/maliva/tos-maliva-v-27dcd7c799-us/oEBELufRE1lokDeCW6aDfHhTkWEFAArAAmFOEp/?a=1180&bti=ODszNWYuMDE6&ch=0&cr=0&dr=0&er=0&lr=default&cd=0%7C0%7C0%7C0&br=250&bt=125&ds=5&ft=.NpOcInz7ThU-i2KXq8Zmo&mime_type=audio_mpeg&qs=13&rc=anBxZ2w5cjhldzMzZzU8NEBpanBxZ2w5cjhldzMzZzU8NEBkcjFxMmRrZnFgLS1kMS9zYSNkcjFxMmRrZnFgLS1kMS9zcw%3D%3D&vvpl=1&l=20250507174820BE9DEAEFA80A1CA7CCE1&btag=e00050000&cc=13
[2025-05-07T09:48:21.940+0000] {logging_mixin.py:190} INFO - ✅ File downloaded in media/7456475589663362350.mp3
[2025-05-07T09:48:21.941+0000] {logging_mixin.py:190} INFO - Getting direct link... https://www.tiktok.com/@therock/video/7455784020379716910
[2025-05-07T09:48:22.490+0000] {logging_mixin.py:190} INFO - ✅ Direct link: https://v16m.tiktokcdn.com/5c22c782c424b9208eb5b28697f3b3c7/681c7def/video/tos/maliva/tos-maliva-ve-27dcd7c799-us/okQswOwo0CEieATJuFYEzFEHQiDC5eEq8fScDk/?a=1180&bti=ODszNWYuMDE6&ch=0&cr=0&dr=0&er=0&lr=default&cd=0%7C0%7C0%7C0&br=250&bt=125&ft=.NpOcInz7Tht-i2KXq8Zmo&mime_type=audio_mpeg&qs=6&rc=PDxnOmc2PDdkN2QzN2g4OUBpanZlNHE5cjo3dzMzZzU8NEA0MTI1NS9fXjMxX2E1YGI0YSNoZDFjMmQ0NXBgLS1kMS9zcw%3D%3D&vvpl=1&l=202505071748226847D30678A84FAD2E6A&btag=e000b0000&cc=3
[2025-05-07T09:48:23.428+0000] {logging_mixin.py:190} INFO - ✅ File downloaded in media/7455784020379716910.mp3
[2025-05-07T09:48:23.428+0000] {logging_mixin.py:190} INFO - Getting direct link... https://www.tiktok.com/@therock/video/7455388311826287914
[2025-05-07T09:48:24.024+0000] {logging_mixin.py:190} INFO - ✅ Direct link: https://v58.tiktokcdn.com/video/tos/maliva/tos-maliva-v-27dcd7c799-us/oUwA3i2nzBAE3gg2BBApBjsuiA4EpEfEEKIK2l/?a=1180&bti=ODszNWYuMDE6&ch=0&cr=0&dr=0&er=0&lr=default&cd=0%7C0%7C0%7C0&br=250&bt=125&ds=5&ft=.NpOcInz7Thd-i2KXq8Zmo&mime_type=audio_mpeg&qs=13&rc=ajN5NXA5cmpndzMzZzU8NEBpajN5NXA5cmpndzMzZzU8NEBmYzEyMmRjbG9gLS1kMS9zYSNmYzEyMmRjbG9gLS1kMS9zcw%3D%3D&vvpl=1&l=2025050717482377D2D016BEF7AAE07AB6&VExpiration=1746697950&VSignature=nV4zehVEjEDo6um-Vqz-Ww&btag=e00058000&cc=14
[2025-05-07T09:48:25.172+0000] {logging_mixin.py:190} INFO - ✅ File downloaded in media/7455388311826287914.mp3
[2025-05-07T09:48:25.173+0000] {logging_mixin.py:190} INFO - Getting direct link... https://www.tiktok.com/@therock/video/7454241121665944874
[2025-05-07T09:48:25.822+0000] {logging_mixin.py:190} INFO - ✅ Direct link: https://v16m.tiktokcdn.com/428ff83cce71a786855582098fbf3b99/681c7e71/video/tos/maliva/tos-maliva-v-27dcd7c799-us/o4gCIL3yhyAABEjKNgPlZyA5Ci4BciAEzUL20/?a=1180&bti=ODszNWYuMDE6&ch=0&cr=0&dr=0&er=0&lr=default&cd=0%7C0%7C0%7C0&br=250&bt=125&ds=5&ft=.NpOcInz7ThZ-i2KXq8Zmo&mime_type=audio_mpeg&qs=13&rc=ajQ7Om45cnBmdzMzZzU8NEBpajQ7Om45cnBmdzMzZzU8NEAyaS1tMmQ0ZW1gLS1kMS9zYSMyaS1tMmQ0ZW1gLS1kMS9zcw%3D%3D&vvpl=1&l=20250507174825B186531D18E080A5BFFC&btag=e00050000&cc=3
[2025-05-07T09:48:26.265+0000] {logging_mixin.py:190} INFO - ✅ File downloaded in media/7454241121665944874.mp3
[2025-05-07T09:48:26.265+0000] {logging_mixin.py:190} INFO - Getting direct link... https://www.tiktok.com/@therock/video/7452740726187642155
[2025-05-07T09:48:26.845+0000] {logging_mixin.py:190} INFO - ✅ Direct link: https://v77.tiktokcdn.com/baac0995afc32eb960d7ae42b843b917/681c7e05/video/tos/maliva/tos-maliva-v-27dcd7c799-us/o8Bl2BAARIiAFEwiCyg7PAB9ZtEPP40D1diUB/?a=1180&bti=ODszNWYuMDE6&ch=0&cr=0&dr=0&er=0&lr=default&cd=0%7C0%7C0%7C0&br=250&bt=125&ds=5&ft=.NpOcInz7Thp-i2KXq8Zmo&mime_type=audio_mpeg&qs=13&rc=anczcmo5cmlxdzMzZzU8NEBpanczcmo5cmlxdzMzZzU8NEA1c2UtMmQ0NWpgLS1kMS9zYSM1c2UtMmQ0NWpgLS1kMS9zcw%3D%3D&vvpl=1&l=202505071748250233A6FC790F5C502D16&btag=e00078000&cc=13
[2025-05-07T09:48:27.185+0000] {logging_mixin.py:190} INFO - ✅ File downloaded in media/7452740726187642155.mp3
[2025-05-07T09:48:27.185+0000] {logging_mixin.py:190} INFO - Getting direct link... https://www.tiktok.com/@therock/video/7452738096988294446
[2025-05-07T09:48:27.751+0000] {logging_mixin.py:190} INFO - ✅ Direct link: https://v16m.tiktokcdn.com/3d2b874bae109f4e29c07fbe43dbdedd/681c7e74/video/tos/maliva/tos-maliva-v-27dcd7c799-us/ocMUYBFbfEDUZtACH6AgfyEKntElJ9bDSAdXcB/?a=1180&bti=ODszNWYuMDE6&ch=0&cr=0&dr=0&er=0&lr=default&cd=0%7C0%7C0%7C0&br=250&bt=125&ds=5&ft=.NpOcInz7Th2-i2KXq8Zmo&mime_type=audio_mpeg&qs=13&rc=M3lwcHA5cnBxdzMzZzU8NEBpM3lwcHA5cnBxdzMzZzU8NEBxbDZmMmRjMGpgLS1kMS9zYSNxbDZmMmRjMGpgLS1kMS9zcw%3D%3D&vvpl=1&l=20250507174827DDB2D49ADE3921A47972&btag=e00050000&cc=3
[2025-05-07T09:48:28.221+0000] {logging_mixin.py:190} INFO - ✅ File downloaded in media/7452738096988294446.mp3
[2025-05-07T09:48:28.221+0000] {logging_mixin.py:190} INFO - Getting direct link... https://www.tiktok.com/@therock/video/7451804943654276398
[2025-05-07T09:48:28.786+0000] {logging_mixin.py:190} INFO - ✅ Direct link: https://v77.tiktokcdn.com/9477405ebc609ce8ad73a2ea97d747d0/681c7f12/video/tos/maliva/tos-maliva-ve-27dcd7c799-us/ow2nE1gsQE3wy8IDiInUqDTBaYDuSEffgCIFxJ/?a=1180&bti=ODszNWYuMDE6&ch=0&cr=0&dr=0&er=0&lr=default&cd=0%7C0%7C0%7C0&br=250&bt=125&ft=.NpOcInz7Thz-i2KXq8Zmo&mime_type=audio_mpeg&qs=6&rc=ZDQ0aDY3OjVkZGU2ZzU2Z0BpM3UzOHQ5cjw1dzMzZzU8NEBeYGAzX2E1NV8xMC0vNWAwYSNvMW9mMmRzL2lgLS1kMS9zcw%3D%3D&vvpl=1&l=202505071748287A148B700713F75BFC5D&btag=e00098000&cc=13
[2025-05-07T09:48:30.215+0000] {logging_mixin.py:190} INFO - ✅ File downloaded in media/7451804943654276398.mp3
[2025-05-07T09:48:30.216+0000] {logging_mixin.py:190} INFO - Getting direct link... https://www.tiktok.com/@therock/video/7451345731819965742
[2025-05-07T09:48:30.846+0000] {logging_mixin.py:190} INFO - ✅ Direct link: https://v77.tiktokcdn.com/1170295f273fdbb83e8976ecefa37df2/681c7e57/video/tos/maliva/tos-maliva-v-27dcd7c799-us/o8A7TeifTOEXDkHNCADQX7FPA3V0AEsIl6fAIo/?a=1180&bti=ODszNWYuMDE6&ch=0&cr=0&dr=0&er=0&lr=default&cd=0%7C0%7C0%7C0&br=250&bt=125&ds=5&ft=.NpOcInz7Thn-i2KXq8Zmo&mime_type=audio_mpeg&qs=13&rc=anczZHA5cnk6dzMzZzU8NEBpanczZHA5cnk6dzMzZzU8NEBsa2A2MmRrcmhgLS1kMS9zYSNsa2A2MmRrcmhgLS1kMS9zcw%3D%3D&vvpl=1&l=20250507174830BD3F92A6A35B1B3AE26A&btag=e00050000&cc=13
[2025-05-07T09:48:31.928+0000] {logging_mixin.py:190} INFO - ✅ File downloaded in media/7451345731819965742.mp3
[2025-05-07T09:48:31.928+0000] {logging_mixin.py:190} INFO - Getting direct link... https://www.tiktok.com/@therock/video/7451022184526482730
[2025-05-07T09:48:32.018+0000] {logging_mixin.py:190} INFO - ✅ Direct link: https://v77.tiktokcdn.com/f589d75e74d4faf0fe26364db397700a/681c7ea1/video/tos/maliva/tos-maliva-ve-27dcd7c799-us/owrMDyfDSQodJ8nUpseyrZT1OBoCKEkcFgF9Yg/?a=1180&bti=ODszNWYuMDE6&ch=0&cr=0&dr=0&er=0&lr=default&cd=0%7C0%7C0%7C0&br=250&bt=125&ft=.NpOcInz7The-i2KXq8Zmo&mime_type=audio_mpeg&qs=6&rc=ZjdkNDk0Zjg1ZGg3ZTM7aUBpajw4PG45cmlvdzMzZzU8NEAzYV41NGAxNWAxX2BeMTRfYSNwcGdeMmRjZmdgLS1kMS9zcw%3D%3D&vvpl=1&l=20250507174831E881D0D21C08615E850D&btag=e00090000&cc=13
[2025-05-07T09:48:33.232+0000] {logging_mixin.py:190} INFO - ✅ File downloaded in media/7451022184526482730.mp3
[2025-05-07T09:48:33.232+0000] {logging_mixin.py:190} INFO - Getting direct link... https://www.tiktok.com/@therock/video/7450249740471749934
[2025-05-07T09:48:33.866+0000] {logging_mixin.py:190} INFO - ✅ Direct link: https://v16m.tiktokcdn.com/431790ae4b04dc71de0f4e056753fbe5/681c7e79/video/tos/maliva/tos-maliva-ve-27dcd7c799-us/oEmrHFxUEM9IgDZTJkfqfCzCJEApnDS8DQOrB5/?a=1180&bti=ODszNWYuMDE6&ch=0&cr=0&dr=0&er=0&lr=default&cd=0%7C0%7C0%7C0&br=250&bt=125&ft=.NpOcInz7Th3-i2KXq8Zmo&mime_type=audio_mpeg&qs=6&rc=NGk8aDtmO2hpOWhmM2Y5NEBpajZyO285cmY8dzMzZzU8NEBeX2FjNS1iXy4xLS40Yy01YSNzZzBwMmRzaWZgLS1kMS9zcw%3D%3D&vvpl=1&l=20250507174833AE29399EEFEC3B6E54B0&btag=e00090000&cc=3
[2025-05-07T09:48:34.162+0000] {logging_mixin.py:190} INFO - ✅ File downloaded in media/7450249740471749934.mp3
[2025-05-07T09:48:34.162+0000] {logging_mixin.py:190} INFO - Getting direct link... https://www.tiktok.com/@therock/video/7448020055507422507
[2025-05-07T09:48:34.785+0000] {logging_mixin.py:190} INFO - ✅ Direct link: https://sf16-music-sign.tiktokcdn.com/obj/tos-alisg-ve-2774/oUIobnat7B21FgZI5eMC9FEB2bDjvWOIbfcQZQ?lk3s=08d74b56&x-expires=1746632914&x-signature=IZlysEWYXm3h45WJo81iSrADXEI%3D
[2025-05-07T09:48:34.988+0000] {logging_mixin.py:190} INFO - ✅ File downloaded in media/7448020055507422507.mp3
[2025-05-07T09:48:34.988+0000] {logging_mixin.py:190} INFO - Getting direct link... https://www.tiktok.com/@therock/video/7447975660741610795
[2025-05-07T09:48:35.560+0000] {logging_mixin.py:190} INFO - ✅ Direct link: https://v77.tiktokcdn.com/fdb4d225fe12fd8f6d3fa101f607d604/681c7e0c/video/tos/useast2a/tos-useast2a-v-27dcd7/oYQfoMCuTrafE3nHweHQbO7qO7VoqDhgSo6uCK/?a=1180&bti=ODszNWYuMDE6&ch=0&cr=0&dr=0&er=0&lr=default&cd=0%7C0%7C0%7C0&br=250&bt=125&ft=.NpOcInz7Th.-i2KXq8Zmo&mime_type=audio_mpeg&qs=6&rc=N2k4MzM4Njk1O2Q1aDs1aEBpajpvOGQ6ZnR0aTMzNzU8M0A1MzAxNDIwNS4xX15iYWM2YSMwNTZwcjRncXNgLS1kMTZzcw%3D%3D&vvpl=1&l=20250507174834C056514FFC89515DC38A&btag=e000b8000&cc=13
[2025-05-07T09:48:36.582+0000] {logging_mixin.py:190} INFO - ✅ File downloaded in media/7447975660741610795.mp3
[2025-05-07T09:48:36.582+0000] {logging_mixin.py:190} INFO - Getting direct link... https://www.tiktok.com/@therock/video/7447285805044993326
[2025-05-07T09:48:42.551+0000] {logging_mixin.py:190} INFO - ✅ Direct link: https://v77.tiktokcdn.com/9afa964b2dba584e65c07dce284fea71/681c7e20/video/tos/maliva/tos-maliva-v-27dcd7c799-us/oAwUVfhaegPJDiAEAu2ECDBSEDWFEzR3njMWAB/?a=1180&bti=ODszNWYuMDE6&ch=0&cr=0&dr=0&er=0&lr=default&cd=0%7C0%7C0%7C0&br=250&bt=125&ds=5&ft=.NpOcInz7Thb-i2KXq8Zmo&mime_type=audio_mpeg&qs=13&rc=ajZ3cHU5cjM0dzMzZzU8NEBpajZ3cHU5cjM0dzMzZzU8NEBecXIyMmRzM2FgLS1kMS9zYSNecXIyMmRzM2FgLS1kMS9zcw%3D%3D&vvpl=1&l=202505071748365F0B0C7CE1798AE0AB95&btag=e00048000&cc=13
[2025-05-07T09:48:37.592+0000] {logging_mixin.py:190} INFO - ✅ File downloaded in media/7447285805044993326.mp3
[2025-05-07T09:48:37.593+0000] {warnings.py:109} WARNING - /opt/airflow/dags/utils/downloader.py:126: RuntimeWarning: coroutine 'tqdm_asyncio.gather' was never awaited
  tqdm_asyncio.gather(*tasks, desc="Facebook/Youtube/Tiktok/Instagram Batch")

[2025-05-07T09:48:37.594+0000] {logging_mixin.py:190} INFO - Download complete.
[2025-05-07T09:48:37.983+0000] {python.py:240} INFO - Done. Returned value was: None
[2025-05-07T09:48:37.992+0000] {taskinstance.py:340} INFO - ::group::Post task execution logs
[2025-05-07T09:48:37.993+0000] {taskinstance.py:352} INFO - Marking task as SUCCESS. dag_id=tiktok_videos_scraper_dag, task_id=tiktok_videos_scraper, run_id=manual__2025-05-07T09:47:32.921137+00:00, execution_date=20250507T094732, start_date=20250507T094740, end_date=20250507T094837
[2025-05-07T09:48:38.021+0000] {local_task_job_runner.py:261} INFO - Task exited with return code 0
[2025-05-07T09:48:38.033+0000] {taskinstance.py:3891} INFO - 0 downstream tasks scheduled from follow-on schedule check
[2025-05-07T09:48:38.035+0000] {local_task_job_runner.py:240} INFO - ::endgroup::
