[2025-05-08T08:14:28.235+0000] {local_task_job_runner.py:123} INFO - ::group::Pre task execution logs
[2025-05-08T08:14:28.248+0000] {taskinstance.py:2603} INFO - Dependencies all met for dep_context=non-requeueable deps ti=<TaskInstance: x_videos_scraper_dag.x_videos_scraper manual__2025-05-08T08:14:27.241944+00:00 [queued]>
[2025-05-08T08:14:28.254+0000] {taskinstance.py:2603} INFO - Dependencies all met for dep_context=requeueable deps ti=<TaskInstance: x_videos_scraper_dag.x_videos_scraper manual__2025-05-08T08:14:27.241944+00:00 [queued]>
[2025-05-08T08:14:28.254+0000] {taskinstance.py:2856} INFO - Starting attempt 1 of 1
[2025-05-08T08:14:28.265+0000] {taskinstance.py:2879} INFO - Executing <Task(_PythonDecoratedOperator): x_videos_scraper> on 2025-05-08 08:14:27.241944+00:00
[2025-05-08T08:14:28.268+0000] {standard_task_runner.py:72} INFO - Started process 76 to run task
[2025-05-08T08:14:28.274+0000] {standard_task_runner.py:104} INFO - Running: ['airflow', 'tasks', 'run', 'x_videos_scraper_dag', 'x_videos_scraper', 'manual__2025-05-08T08:14:27.241944+00:00', '--job-id', '5156', '--raw', '--subdir', 'DAGS_FOLDER/pipeline.py', '--cfg-path', '/tmp/tmpjimdg5jy']
[2025-05-08T08:14:28.278+0000] {standard_task_runner.py:105} INFO - Job 5156: Subtask x_videos_scraper
[2025-05-08T08:14:28.329+0000] {task_command.py:467} INFO - Running <TaskInstance: x_videos_scraper_dag.x_videos_scraper manual__2025-05-08T08:14:27.241944+00:00 [running]> on host 240c8cc615e3
[2025-05-08T08:14:28.405+0000] {taskinstance.py:3122} INFO - Exporting env vars: AIRFLOW_CTX_DAG_OWNER='airflow' AIRFLOW_CTX_DAG_ID='x_videos_scraper_dag' AIRFLOW_CTX_TASK_ID='x_videos_scraper' AIRFLOW_CTX_EXECUTION_DATE='2025-05-08T08:14:27.241944+00:00' AIRFLOW_CTX_TRY_NUMBER='1' AIRFLOW_CTX_DAG_RUN_ID='manual__2025-05-08T08:14:27.241944+00:00'
[2025-05-08T08:14:28.406+0000] {taskinstance.py:731} INFO - ::endgroup::
[2025-05-08T08:14:28.474+0000] {logging_mixin.py:190} INFO - Invalid or empty storage_state.json, will not use it.
[2025-05-08T08:14:35.773+0000] {logging_mixin.py:190} INFO - Scrolling down... 0
[2025-05-08T08:14:40.584+0000] {logging_mixin.py:190} INFO - Reading URLs from scraped_data/x.txt...
[2025-05-08T08:14:40.830+0000] {logging_mixin.py:190} INFO - No URLs found in the file.
[2025-05-08T08:14:40.830+0000] {python.py:240} INFO - Done. Returned value was: None
[2025-05-08T08:14:40.837+0000] {taskinstance.py:340} INFO - ::group::Post task execution logs
[2025-05-08T08:14:40.838+0000] {taskinstance.py:352} INFO - Marking task as SUCCESS. dag_id=x_videos_scraper_dag, task_id=x_videos_scraper, run_id=manual__2025-05-08T08:14:27.241944+00:00, execution_date=20250508T081427, start_date=20250508T081428, end_date=20250508T081440
[2025-05-08T08:14:40.883+0000] {local_task_job_runner.py:261} INFO - Task exited with return code 0
[2025-05-08T08:14:40.895+0000] {taskinstance.py:3891} INFO - 0 downstream tasks scheduled from follow-on schedule check
[2025-05-08T08:14:40.896+0000] {local_task_job_runner.py:240} INFO - ::endgroup::
