[2025-05-13T03:23:29.126+0000] {local_task_job_runner.py:123} INFO - ::group::Pre task execution logs
[2025-05-13T03:23:29.136+0000] {taskinstance.py:2603} INFO - Dependencies all met for dep_context=non-requeueable deps ti=<TaskInstance: facebook_videos_scraper_dag.fb_videos_scraper manual__2025-05-13T03:23:28.667956+00:00 [queued]>
[2025-05-13T03:23:29.141+0000] {taskinstance.py:2603} INFO - Dependencies all met for dep_context=requeueable deps ti=<TaskInstance: facebook_videos_scraper_dag.fb_videos_scraper manual__2025-05-13T03:23:28.667956+00:00 [queued]>
[2025-05-13T03:23:29.141+0000] {taskinstance.py:2856} INFO - Starting attempt 1 of 1
[2025-05-13T03:23:29.149+0000] {taskinstance.py:2879} INFO - Executing <Task(_PythonDecoratedOperator): fb_videos_scraper> on 2025-05-13 03:23:28.667956+00:00
[2025-05-13T03:23:29.152+0000] {standard_task_runner.py:72} INFO - Started process 10193 to run task
[2025-05-13T03:23:29.155+0000] {standard_task_runner.py:104} INFO - Running: ['airflow', 'tasks', 'run', 'facebook_videos_scraper_dag', 'fb_videos_scraper', 'manual__2025-05-13T03:23:28.667956+00:00', '--job-id', '5355', '--raw', '--subdir', 'DAGS_FOLDER/pipeline.py', '--cfg-path', '/tmp/tmpfx1q55ql']
[2025-05-13T03:23:29.156+0000] {standard_task_runner.py:105} INFO - Job 5355: Subtask fb_videos_scraper
[2025-05-13T03:23:29.188+0000] {task_command.py:467} INFO - Running <TaskInstance: facebook_videos_scraper_dag.fb_videos_scraper manual__2025-05-13T03:23:28.667956+00:00 [running]> on host 79b7354865cb
[2025-05-13T03:23:29.238+0000] {taskinstance.py:3122} INFO - Exporting env vars: AIRFLOW_CTX_DAG_OWNER='airflow' AIRFLOW_CTX_DAG_ID='facebook_videos_scraper_dag' AIRFLOW_CTX_TASK_ID='fb_videos_scraper' AIRFLOW_CTX_EXECUTION_DATE='2025-05-13T03:23:28.667956+00:00' AIRFLOW_CTX_TRY_NUMBER='1' AIRFLOW_CTX_DAG_RUN_ID='manual__2025-05-13T03:23:28.667956+00:00'
[2025-05-13T03:23:29.238+0000] {taskinstance.py:731} INFO - ::endgroup::
[2025-05-13T03:23:29.258+0000] {selenium_manager.py:133} WARNING - The chromedriver version (136.0.7103.59) detected in PATH at /usr/bin/chromedriver might not be compatible with the detected chrome version (136.0.7103.92); currently, chromedriver 136.0.7103.92 is recommended for chrome 136.*, so it is advised to delete the driver in PATH and retry
[2025-05-13T03:24:04.485+0000] {local_task_job_runner.py:341} WARNING - State of this instance has been externally set to failed. Terminating instance.
[2025-05-13T03:24:04.486+0000] {local_task_job_runner.py:240} INFO - ::endgroup::
[2025-05-13T03:24:04.487+0000] {process_utils.py:132} INFO - Sending 15 to group 10193. PIDs of all processes in the group: [10206, 10212, 10216, 10219, 10242, 10248, 10273, 10274, 10323, 10193]
[2025-05-13T03:24:04.487+0000] {process_utils.py:87} INFO - Sending the signal 15 to group 10193
[2025-05-13T03:24:04.488+0000] {taskinstance.py:3083} ERROR - Received SIGTERM. Terminating subprocesses.
[2025-05-13T03:24:04.503+0000] {taskinstance.py:340} INFO - ::group::Post task execution logs
[2025-05-13T03:24:04.514+0000] {process_utils.py:80} INFO - Process psutil.Process(pid=10193, status='terminated', exitcode=0, started='03:23:28') (10193) terminated with exit code 0
[2025-05-13T03:24:04.514+0000] {process_utils.py:80} INFO - Process psutil.Process(pid=10248, status='terminated', started='03:23:29') (10248) terminated with exit code None
[2025-05-13T03:24:04.515+0000] {process_utils.py:80} INFO - Process psutil.Process(pid=10273, status='terminated', started='03:23:29') (10273) terminated with exit code None
[2025-05-13T03:24:04.515+0000] {process_utils.py:80} INFO - Process psutil.Process(pid=10274, status='terminated', started='03:23:29') (10274) terminated with exit code None
[2025-05-13T03:24:04.567+0000] {process_utils.py:80} INFO - Process psutil.Process(pid=10212, status='terminated', started='03:23:29') (10212) terminated with exit code None
[2025-05-13T03:24:04.568+0000] {process_utils.py:80} INFO - Process psutil.Process(pid=10242, status='terminated', started='03:23:29') (10242) terminated with exit code None
[2025-05-13T03:24:04.568+0000] {process_utils.py:80} INFO - Process psutil.Process(pid=10323, status='terminated', started='03:23:29') (10323) terminated with exit code None
[2025-05-13T03:24:04.568+0000] {process_utils.py:80} INFO - Process psutil.Process(pid=10216, status='terminated', started='03:23:29') (10216) terminated with exit code None
[2025-05-13T03:24:04.568+0000] {process_utils.py:80} INFO - Process psutil.Process(pid=10219, status='terminated', started='03:23:29') (10219) terminated with exit code None
[2025-05-13T03:24:04.568+0000] {process_utils.py:80} INFO - Process psutil.Process(pid=10206, status='terminated', started='03:23:28') (10206) terminated with exit code None
