[2025-05-26T08:32:38.223+0000] {local_task_job_runner.py:123} INFO - ::group::Pre task execution logs
[2025-05-26T08:32:38.235+0000] {taskinstance.py:2603} INFO - Dependencies all met for dep_context=non-requeueable deps ti=<TaskInstance: x_videos_scraper_dag.get_links_task manual__2025-05-26T08:32:28.881826+00:00 [queued]>
[2025-05-26T08:32:38.240+0000] {taskinstance.py:2603} INFO - Dependencies all met for dep_context=requeueable deps ti=<TaskInstance: x_videos_scraper_dag.get_links_task manual__2025-05-26T08:32:28.881826+00:00 [queued]>
[2025-05-26T08:32:38.240+0000] {taskinstance.py:2856} INFO - Starting attempt 1 of 6
[2025-05-26T08:32:38.249+0000] {taskinstance.py:2879} INFO - Executing <Task(PythonOperator): get_links_task> on 2025-05-26 08:32:28.881826+00:00
[2025-05-26T08:32:38.252+0000] {standard_task_runner.py:72} INFO - Started process 49217 to run task
[2025-05-26T08:32:38.255+0000] {standard_task_runner.py:104} INFO - Running: ['airflow', 'tasks', 'run', 'x_videos_scraper_dag', 'get_links_task', 'manual__2025-05-26T08:32:28.881826+00:00', '--job-id', '6784', '--raw', '--subdir', 'DAGS_FOLDER/pipeline_x.py', '--cfg-path', '/tmp/tmpor_7yzfg']
[2025-05-26T08:32:38.256+0000] {standard_task_runner.py:105} INFO - Job 6784: Subtask get_links_task
[2025-05-26T08:32:38.296+0000] {task_command.py:467} INFO - Running <TaskInstance: x_videos_scraper_dag.get_links_task manual__2025-05-26T08:32:28.881826+00:00 [running]> on host f541e6bad3a5
[2025-05-26T08:32:38.356+0000] {taskinstance.py:3122} INFO - Exporting env vars: AIRFLOW_CTX_DAG_OWNER='airflow' AIRFLOW_CTX_DAG_ID='x_videos_scraper_dag' AIRFLOW_CTX_TASK_ID='get_links_task' AIRFLOW_CTX_EXECUTION_DATE='2025-05-26T08:32:28.881826+00:00' AIRFLOW_CTX_TRY_NUMBER='1' AIRFLOW_CTX_DAG_RUN_ID='manual__2025-05-26T08:32:28.881826+00:00'
[2025-05-26T08:32:38.357+0000] {taskinstance.py:731} INFO - ::endgroup::
[2025-05-26T08:32:50.853+0000] {logging_mixin.py:190} INFO - https://x.com/ManCity/status/1926913878014701857/video/1
[2025-05-26T08:32:50.860+0000] {logging_mixin.py:190} INFO - https://x.com/ManCity/status/1926750119032152371/video/1
[2025-05-26T08:32:50.865+0000] {logging_mixin.py:190} INFO - https://x.com/ManCity/status/1926747602542002315/video/1
[2025-05-26T08:32:50.869+0000] {logging_mixin.py:190} INFO - https://x.com/ManCity/status/1926745087414829232/video/1
[2025-05-26T08:32:50.873+0000] {logging_mixin.py:190} INFO - https://x.com/ManCity/status/1926709942288855300/video/1
[2025-05-26T08:32:50.888+0000] {logging_mixin.py:190} INFO - https://x.com/ManCity/status/1926698131439140936/video/1
[2025-05-26T08:32:50.915+0000] {logging_mixin.py:190} INFO - https://x.com/ManCity/status/1926678327118479510/video/1
[2025-05-26T08:32:50.933+0000] {logging_mixin.py:190} INFO - https://x.com/ManCity/status/1926660027869245813/video/1
[2025-05-26T08:32:50.971+0000] {logging_mixin.py:190} INFO - https://x.com/ManCity/status/1926352528414744716/video/1
[2025-05-26T08:32:50.982+0000] {logging_mixin.py:190} INFO - https://x.com/ManCity/status/1926231736901407125/video/1
[2025-05-26T08:32:50.986+0000] {logging_mixin.py:190} INFO - https://x.com/ManCity/status/1926216780638192037/video/1
[2025-05-26T08:32:50.998+0000] {logging_mixin.py:190} INFO - https://x.com/ManCity/status/1925944832612012205/video/1
[2025-05-26T08:32:51.001+0000] {logging_mixin.py:190} INFO - https://x.com/ManCity/status/1925893335006195900/video/1
[2025-05-26T08:32:51.004+0000] {logging_mixin.py:190} INFO - https://x.com/ManCity/status/1925892968231109016/video/1
[2025-05-26T08:32:51.014+0000] {logging_mixin.py:190} INFO - https://x.com/ManCity/status/1925861711950512549/video/1
[2025-05-26T08:32:51.027+0000] {logging_mixin.py:190} INFO - https://x.com/ManCity/status/1925653957633855876/video/1
[2025-05-26T08:32:51.082+0000] {logging_mixin.py:190} INFO - Remaining new videos: 16
[2025-05-26T08:32:51.083+0000] {logging_mixin.py:190} INFO - Total new videos to process: 1
[2025-05-26T08:32:51.083+0000] {logging_mixin.py:190} INFO - New videos: 1
[2025-05-26T08:32:51.159+0000] {python.py:240} INFO - Done. Returned value was: {'id': 'ManCity', 'new_links': ('https://x.com/ManCity/status/1926913878014701857/video/1',)}
[2025-05-26T08:32:51.178+0000] {taskinstance.py:340} INFO - ::group::Post task execution logs
[2025-05-26T08:32:51.178+0000] {taskinstance.py:352} INFO - Marking task as SUCCESS. dag_id=x_videos_scraper_dag, task_id=get_links_task, run_id=manual__2025-05-26T08:32:28.881826+00:00, execution_date=20250526T083228, start_date=20250526T083238, end_date=20250526T083251
[2025-05-26T08:32:51.178+0000] {taskinstance.py:1554} INFO - Executing <lambda> callback
[2025-05-26T08:32:51.179+0000] {pipeline_x.py:39} INFO - DAG runs successfully
[2025-05-26T08:32:51.214+0000] {local_task_job_runner.py:261} INFO - Task exited with return code 0
[2025-05-26T08:32:51.232+0000] {taskinstance.py:3891} INFO - 1 downstream tasks scheduled from follow-on schedule check
[2025-05-26T08:32:51.235+0000] {local_task_job_runner.py:240} INFO - ::endgroup::
