[2025-05-21T08:56:52.030+0000] {local_task_job_runner.py:123} INFO - ::group::Pre task execution logs
[2025-05-21T08:56:52.044+0000] {taskinstance.py:2603} INFO - Dependencies all met for dep_context=non-requeueable deps ti=<TaskInstance: instagram_videos_scraper_dag.get_links_task manual__2025-05-21T08:56:49.957960+00:00 [queued]>
[2025-05-21T08:56:52.051+0000] {taskinstance.py:2603} INFO - Dependencies all met for dep_context=requeueable deps ti=<TaskInstance: instagram_videos_scraper_dag.get_links_task manual__2025-05-21T08:56:49.957960+00:00 [queued]>
[2025-05-21T08:56:52.051+0000] {taskinstance.py:2856} INFO - Starting attempt 1 of 1
[2025-05-21T08:56:52.063+0000] {taskinstance.py:2879} INFO - Executing <Task(PythonOperator): get_links_task> on 2025-05-21 08:56:49.957960+00:00
[2025-05-21T08:56:52.068+0000] {standard_task_runner.py:72} INFO - Started process 261283 to run task
[2025-05-21T08:56:52.072+0000] {standard_task_runner.py:104} INFO - Running: ['airflow', 'tasks', 'run', 'instagram_videos_scraper_dag', 'get_links_task', 'manual__2025-05-21T08:56:49.957960+00:00', '--job-id', '6446', '--raw', '--subdir', 'DAGS_FOLDER/pipeline_instagram.py', '--cfg-path', '/tmp/tmpjkk9rtdi']
[2025-05-21T08:56:52.075+0000] {standard_task_runner.py:105} INFO - Job 6446: Subtask get_links_task
[2025-05-21T08:56:52.122+0000] {task_command.py:467} INFO - Running <TaskInstance: instagram_videos_scraper_dag.get_links_task manual__2025-05-21T08:56:49.957960+00:00 [running]> on host 40367d170eab
[2025-05-21T08:56:52.193+0000] {taskinstance.py:3122} INFO - Exporting env vars: AIRFLOW_CTX_DAG_OWNER='airflow' AIRFLOW_CTX_DAG_ID='instagram_videos_scraper_dag' AIRFLOW_CTX_TASK_ID='get_links_task' AIRFLOW_CTX_EXECUTION_DATE='2025-05-21T08:56:49.957960+00:00' AIRFLOW_CTX_TRY_NUMBER='1' AIRFLOW_CTX_DAG_RUN_ID='manual__2025-05-21T08:56:49.957960+00:00'
[2025-05-21T08:56:52.194+0000] {taskinstance.py:731} INFO - ::endgroup::
[2025-05-21T08:56:52.253+0000] {selenium_manager.py:133} WARNING - The chromedriver version (136.0.7103.59) detected in PATH at /usr/bin/chromedriver might not be compatible with the detected chrome version (136.0.7103.94); currently, chromedriver 136.0.7103.94 is recommended for chrome 136.*, so it is advised to delete the driver in PATH and retry
[2025-05-21T08:56:58.012+0000] {logging_mixin.py:190} INFO - Step 1 of 2 - Loading profile page
[2025-05-21T08:56:58.012+0000] {logging_mixin.py:190} INFO - Extracting videos...
[2025-05-21T08:57:01.039+0000] {logging_mixin.py:190} INFO - Count: 1, Limit: 1
[2025-05-21T08:57:01.056+0000] {logging_mixin.py:190} INFO - Found 46 video tags
[2025-05-21T08:57:01.135+0000] {logging_mixin.py:190} INFO - Extracted video URL: https://www.instagram.com/karpathy/reel/Chu7-vHPshc/
[2025-05-21T08:57:01.141+0000] {logging_mixin.py:190} INFO - Extracted video URL: https://www.instagram.com/karpathy/reel/CcvPXSKvIMA/
[2025-05-21T08:57:01.149+0000] {logging_mixin.py:190} INFO - Extracted video URL: https://www.instagram.com/karpathy/reel/Ccccp9zlEe1/
[2025-05-21T08:57:01.156+0000] {logging_mixin.py:190} INFO - Extracted video URL: https://www.instagram.com/karpathy/reel/Cca6pHnD-rQ/
[2025-05-21T08:57:01.166+0000] {logging_mixin.py:190} INFO - Extracted video URL: https://www.instagram.com/karpathy/reel/CPgf_VCHQ0u/
[2025-05-21T08:57:01.197+0000] {logging_mixin.py:190} INFO - Extracted video URL: https://www.instagram.com/karpathy/reel/CM303Fxnd5R/
[2025-05-21T08:57:01.208+0000] {logging_mixin.py:190} INFO - Extracted video URL: https://www.instagram.com/karpathy/reel/CMYaD00nEMd/
[2025-05-21T08:57:01.242+0000] {logging_mixin.py:190} INFO - Extracted video URL: https://www.instagram.com/karpathy/reel/CLODCO_n2q_/
[2025-05-21T08:57:01.284+0000] {logging_mixin.py:190} INFO - Extracted video URL: https://www.instagram.com/karpathy/reel/CIwdx3MHFPK/
[2025-05-21T08:57:01.294+0000] {logging_mixin.py:190} INFO - Extracted video URL: https://www.instagram.com/karpathy/reel/Blyi55VAi6s/
[2025-05-21T08:57:01.305+0000] {logging_mixin.py:190} INFO - Extracted video URL: https://www.instagram.com/karpathy/reel/Bjptl4GByHR/
[2025-05-21T08:57:01.312+0000] {logging_mixin.py:190} INFO - Extracted video URL: https://www.instagram.com/karpathy/reel/BS0NNYKAU7S/
[2025-05-21T08:57:01.487+0000] {logging_mixin.py:190} INFO - Scrolled 1 iterations
[2025-05-21T08:57:02.491+0000] {logging_mixin.py:190} INFO - Count: 2, Limit: 1
[2025-05-21T08:57:02.501+0000] {logging_mixin.py:190} INFO - Scrolling stopped after 10 iterations
[2025-05-21T08:57:02.501+0000] {logging_mixin.py:190} INFO - Extracted 12 video URLs
[2025-05-21T08:57:02.503+0000] {logging_mixin.py:190} INFO - Step 2 of 2 - Downloading and saving videos
[2025-05-21T08:57:02.503+0000] {logging_mixin.py:190} INFO - Don't close the app! Saving scraped data to database, it can take a while!
[2025-05-21T08:57:02.680+0000] {warnings.py:109} WARNING - /opt/airflow/dags/app/core/database_utils.py:34: SAWarning: SELECT statement has a cartesian product between FROM element(s) "instagram" and FROM element "tiktok".  Apply join condition(s) between each element to resolve.
  return db.query(Instagram).filter(Tiktok.status == TaskStatus.SUCCESS.value).all()

[2025-05-21T08:57:02.724+0000] {logging_mixin.py:190} INFO - New videos to download: 12
[2025-05-21T08:57:03.713+0000] {python.py:240} INFO - Done. Returned value was: {'id': 'karpathy', 'new_links': ('https://www.instagram.com/karpathy/reel/Bjptl4GByHR/', 'https://www.instagram.com/karpathy/reel/CM303Fxnd5R/', 'https://www.instagram.com/karpathy/reel/CPgf_VCHQ0u/', 'https://www.instagram.com/karpathy/reel/Cca6pHnD-rQ/', 'https://www.instagram.com/karpathy/reel/CIwdx3MHFPK/', 'https://www.instagram.com/karpathy/reel/CLODCO_n2q_/', 'https://www.instagram.com/karpathy/reel/Blyi55VAi6s/', 'https://www.instagram.com/karpathy/reel/CcvPXSKvIMA/', 'https://www.instagram.com/karpathy/reel/BS0NNYKAU7S/', 'https://www.instagram.com/karpathy/reel/Chu7-vHPshc/', 'https://www.instagram.com/karpathy/reel/Ccccp9zlEe1/', 'https://www.instagram.com/karpathy/reel/CMYaD00nEMd/')}
[2025-05-21T08:57:03.735+0000] {taskinstance.py:340} INFO - ::group::Post task execution logs
[2025-05-21T08:57:03.735+0000] {taskinstance.py:352} INFO - Marking task as SUCCESS. dag_id=instagram_videos_scraper_dag, task_id=get_links_task, run_id=manual__2025-05-21T08:56:49.957960+00:00, execution_date=20250521T085649, start_date=20250521T085652, end_date=20250521T085703
[2025-05-21T08:57:03.778+0000] {local_task_job_runner.py:261} INFO - Task exited with return code 0
[2025-05-21T08:57:03.797+0000] {taskinstance.py:3891} INFO - 1 downstream tasks scheduled from follow-on schedule check
[2025-05-21T08:57:03.798+0000] {local_task_job_runner.py:240} INFO - ::endgroup::
