[2025-05-21T03:08:48.506+0000] {local_task_job_runner.py:123} INFO - ::group::Pre task execution logs
[2025-05-21T03:08:48.523+0000] {taskinstance.py:2603} INFO - Dependencies all met for dep_context=non-requeueable deps ti=<TaskInstance: tiktok_videos_scraper_dag.tiktok_videos_scraper_task manual__2025-05-21T03:08:48.125110+00:00 [queued]>
[2025-05-21T03:08:48.530+0000] {taskinstance.py:2603} INFO - Dependencies all met for dep_context=requeueable deps ti=<TaskInstance: tiktok_videos_scraper_dag.tiktok_videos_scraper_task manual__2025-05-21T03:08:48.125110+00:00 [queued]>
[2025-05-21T03:08:48.530+0000] {taskinstance.py:2856} INFO - Starting attempt 1 of 1
[2025-05-21T03:08:48.541+0000] {taskinstance.py:2879} INFO - Executing <Task(PythonOperator): tiktok_videos_scraper_task> on 2025-05-21 03:08:48.125110+00:00
[2025-05-21T03:08:48.544+0000] {standard_task_runner.py:72} INFO - Started process 5005 to run task
[2025-05-21T03:08:48.547+0000] {standard_task_runner.py:104} INFO - Running: ['airflow', 'tasks', 'run', 'tiktok_videos_scraper_dag', 'tiktok_videos_scraper_task', 'manual__2025-05-21T03:08:48.125110+00:00', '--job-id', '6354', '--raw', '--subdir', 'DAGS_FOLDER/pipeline_tiktok.py', '--cfg-path', '/tmp/tmpuiq8w7ig']
[2025-05-21T03:08:48.548+0000] {standard_task_runner.py:105} INFO - Job 6354: Subtask tiktok_videos_scraper_task
[2025-05-21T03:08:48.580+0000] {task_command.py:467} INFO - Running <TaskInstance: tiktok_videos_scraper_dag.tiktok_videos_scraper_task manual__2025-05-21T03:08:48.125110+00:00 [running]> on host 05534d39966d
[2025-05-21T03:08:48.634+0000] {taskinstance.py:3122} INFO - Exporting env vars: AIRFLOW_CTX_DAG_OWNER='airflow' AIRFLOW_CTX_DAG_ID='tiktok_videos_scraper_dag' AIRFLOW_CTX_TASK_ID='tiktok_videos_scraper_task' AIRFLOW_CTX_EXECUTION_DATE='2025-05-21T03:08:48.125110+00:00' AIRFLOW_CTX_TRY_NUMBER='1' AIRFLOW_CTX_DAG_RUN_ID='manual__2025-05-21T03:08:48.125110+00:00'
[2025-05-21T03:08:48.634+0000] {taskinstance.py:731} INFO - ::endgroup::
[2025-05-21T03:12:30.089+0000] {local_task_job_runner.py:341} WARNING - State of this instance has been externally set to restarting. Terminating instance.
[2025-05-21T03:12:30.090+0000] {local_task_job_runner.py:240} INFO - ::endgroup::
[2025-05-21T03:12:30.091+0000] {process_utils.py:132} INFO - Sending 15 to group 5005. PIDs of all processes in the group: [5008, 5020, 5027, 5028, 5056, 5057, 5112, 5113, 5140, 5188, 5005]
[2025-05-21T03:12:30.091+0000] {process_utils.py:87} INFO - Sending the signal 15 to group 5005
[2025-05-21T03:12:30.092+0000] {taskinstance.py:3083} ERROR - Received SIGTERM. Terminating subprocesses.
[2025-05-21T03:12:30.106+0000] {process_utils.py:80} INFO - Process psutil.Process(pid=5027, status='terminated', started='03:08:49') (5027) terminated with exit code None
[2025-05-21T03:12:30.106+0000] {process_utils.py:80} INFO - Process psutil.Process(pid=5188, status='terminated', started='03:11:49') (5188) terminated with exit code None
[2025-05-21T03:12:30.203+0000] {process_utils.py:80} INFO - Process psutil.Process(pid=5020, status='terminated', started='03:08:48') (5020) terminated with exit code None
[2025-05-21T03:12:30.204+0000] {process_utils.py:80} INFO - Process psutil.Process(pid=5112, status='terminated', started='03:08:50') (5112) terminated with exit code None
[2025-05-21T03:12:30.298+0000] {process_utils.py:80} INFO - Process psutil.Process(pid=5113, status='terminated', started='03:08:50') (5113) terminated with exit code None
[2025-05-21T03:12:30.299+0000] {process_utils.py:80} INFO - Process psutil.Process(pid=5140, status='terminated', started='03:08:50') (5140) terminated with exit code None
[2025-05-21T03:12:30.299+0000] {process_utils.py:80} INFO - Process psutil.Process(pid=5028, status='terminated', started='03:08:49') (5028) terminated with exit code None
[2025-05-21T03:12:30.299+0000] {process_utils.py:80} INFO - Process psutil.Process(pid=5056, status='terminated', started='03:08:49') (5056) terminated with exit code None
[2025-05-21T03:12:30.299+0000] {process_utils.py:80} INFO - Process psutil.Process(pid=5057, status='terminated', started='03:08:49') (5057) terminated with exit code None
[2025-05-21T03:13:25.101+0000] {process_utils.py:150} WARNING - process psutil.Process(pid=5005, name='airflow task ru', status='sleeping', started='03:08:47') did not respond to SIGTERM. Trying SIGKILL
[2025-05-21T03:13:25.103+0000] {process_utils.py:150} WARNING - process psutil.Process(pid=5008, name='node', status='sleeping', started='03:08:48') did not respond to SIGTERM. Trying SIGKILL
[2025-05-21T03:13:25.103+0000] {process_utils.py:87} INFO - Sending the signal 9 to group 5005
[2025-05-21T03:13:25.111+0000] {process_utils.py:80} INFO - Process psutil.Process(pid=5005, name='airflow task ru', status='terminated', exitcode=<Negsignal.SIGKILL: -9>, started='03:08:47') (5005) terminated with exit code -9
[2025-05-21T03:13:25.111+0000] {process_utils.py:80} INFO - Process psutil.Process(pid=5008, name='node', status='terminated', started='03:08:48') (5008) terminated with exit code None
[2025-05-21T03:13:25.111+0000] {standard_task_runner.py:190} ERROR - ('Job 6354 was killed before it finished (likely due to running out of memory)', 'For more information, see https://airflow.apache.org/docs/apache-airflow/stable/troubleshooting.html#LocalTaskJob-killed')
