[2025-05-13T03:22:32.746+0000] {local_task_job_runner.py:123} INFO - ::group::Pre task execution logs
[2025-05-13T03:22:32.757+0000] {taskinstance.py:2603} INFO - Dependencies all met for dep_context=non-requeueable deps ti=<TaskInstance: facebook_videos_scraper_dag.fb_videos_scraper manual__2025-05-13T03:22:32.159176+00:00 [queued]>
[2025-05-13T03:22:32.762+0000] {taskinstance.py:2603} INFO - Dependencies all met for dep_context=requeueable deps ti=<TaskInstance: facebook_videos_scraper_dag.fb_videos_scraper manual__2025-05-13T03:22:32.159176+00:00 [queued]>
[2025-05-13T03:22:32.763+0000] {taskinstance.py:2856} INFO - Starting attempt 1 of 1
[2025-05-13T03:22:32.771+0000] {taskinstance.py:2879} INFO - Executing <Task(_PythonDecoratedOperator): fb_videos_scraper> on 2025-05-13 03:22:32.159176+00:00
[2025-05-13T03:22:32.774+0000] {standard_task_runner.py:72} INFO - Started process 10052 to run task
[2025-05-13T03:22:32.776+0000] {standard_task_runner.py:104} INFO - Running: ['airflow', 'tasks', 'run', 'facebook_videos_scraper_dag', 'fb_videos_scraper', 'manual__2025-05-13T03:22:32.159176+00:00', '--job-id', '5354', '--raw', '--subdir', 'DAGS_FOLDER/pipeline.py', '--cfg-path', '/tmp/tmpabxw73kd']
[2025-05-13T03:22:32.778+0000] {standard_task_runner.py:105} INFO - Job 5354: Subtask fb_videos_scraper
[2025-05-13T03:22:32.810+0000] {task_command.py:467} INFO - Running <TaskInstance: facebook_videos_scraper_dag.fb_videos_scraper manual__2025-05-13T03:22:32.159176+00:00 [running]> on host 79b7354865cb
[2025-05-13T03:22:32.863+0000] {taskinstance.py:3122} INFO - Exporting env vars: AIRFLOW_CTX_DAG_OWNER='airflow' AIRFLOW_CTX_DAG_ID='facebook_videos_scraper_dag' AIRFLOW_CTX_TASK_ID='fb_videos_scraper' AIRFLOW_CTX_EXECUTION_DATE='2025-05-13T03:22:32.159176+00:00' AIRFLOW_CTX_TRY_NUMBER='1' AIRFLOW_CTX_DAG_RUN_ID='manual__2025-05-13T03:22:32.159176+00:00'
[2025-05-13T03:22:32.864+0000] {taskinstance.py:731} INFO - ::endgroup::
[2025-05-13T03:22:32.880+0000] {selenium_manager.py:133} WARNING - The chromedriver version (136.0.7103.59) detected in PATH at /usr/bin/chromedriver might not be compatible with the detected chrome version (136.0.7103.92); currently, chromedriver 136.0.7103.92 is recommended for chrome 136.*, so it is advised to delete the driver in PATH and retry
[2025-05-13T03:23:03.075+0000] {local_task_job_runner.py:341} WARNING - State of this instance has been externally set to failed. Terminating instance.
[2025-05-13T03:23:03.076+0000] {local_task_job_runner.py:240} INFO - ::endgroup::
[2025-05-13T03:23:03.077+0000] {process_utils.py:132} INFO - Sending 15 to group 10052. PIDs of all processes in the group: [10065, 10071, 10076, 10078, 10102, 10108, 10132, 10133, 10169, 10052]
[2025-05-13T03:23:03.077+0000] {process_utils.py:87} INFO - Sending the signal 15 to group 10052
[2025-05-13T03:23:03.078+0000] {taskinstance.py:3083} ERROR - Received SIGTERM. Terminating subprocesses.
[2025-05-13T03:23:03.095+0000] {taskinstance.py:340} INFO - ::group::Post task execution logs
[2025-05-13T03:23:03.104+0000] {process_utils.py:80} INFO - Process psutil.Process(pid=10052, status='terminated', exitcode=0, started='03:22:32') (10052) terminated with exit code 0
[2025-05-13T03:23:03.157+0000] {process_utils.py:80} INFO - Process psutil.Process(pid=10102, status='terminated', started='03:22:32') (10102) terminated with exit code None
[2025-05-13T03:23:03.157+0000] {process_utils.py:80} INFO - Process psutil.Process(pid=10108, status='terminated', started='03:22:32') (10108) terminated with exit code None
[2025-05-13T03:23:03.158+0000] {process_utils.py:80} INFO - Process psutil.Process(pid=10076, status='terminated', started='03:22:32') (10076) terminated with exit code None
[2025-05-13T03:23:03.158+0000] {process_utils.py:80} INFO - Process psutil.Process(pid=10071, status='terminated', started='03:22:32') (10071) terminated with exit code None
[2025-05-13T03:23:03.158+0000] {process_utils.py:80} INFO - Process psutil.Process(pid=10169, status='terminated', started='03:22:32') (10169) terminated with exit code None
[2025-05-13T03:23:03.158+0000] {process_utils.py:80} INFO - Process psutil.Process(pid=10132, status='terminated', started='03:22:32') (10132) terminated with exit code None
[2025-05-13T03:23:03.158+0000] {process_utils.py:80} INFO - Process psutil.Process(pid=10078, status='terminated', started='03:22:32') (10078) terminated with exit code None
[2025-05-13T03:23:03.158+0000] {process_utils.py:80} INFO - Process psutil.Process(pid=10133, status='terminated', started='03:22:32') (10133) terminated with exit code None
[2025-05-13T03:23:03.158+0000] {process_utils.py:80} INFO - Process psutil.Process(pid=10065, status='terminated', started='03:22:32') (10065) terminated with exit code None
