[2025-05-26T08:34:14.410+0000] {local_task_job_runner.py:123} INFO - ::group::Pre task execution logs
[2025-05-26T08:34:14.420+0000] {taskinstance.py:2603} INFO - Dependencies all met for dep_context=non-requeueable deps ti=<TaskInstance: instagram_videos_scraper_dag.get_links_task manual__2025-05-26T08:34:13.243569+00:00 [queued]>
[2025-05-26T08:34:14.425+0000] {taskinstance.py:2603} INFO - Dependencies all met for dep_context=requeueable deps ti=<TaskInstance: instagram_videos_scraper_dag.get_links_task manual__2025-05-26T08:34:13.243569+00:00 [queued]>
[2025-05-26T08:34:14.425+0000] {taskinstance.py:2856} INFO - Starting attempt 1 of 6
[2025-05-26T08:34:14.433+0000] {taskinstance.py:2879} INFO - Executing <Task(PythonOperator): get_links_task> on 2025-05-26 08:34:13.243569+00:00
[2025-05-26T08:34:14.436+0000] {standard_task_runner.py:72} INFO - Started process 53522 to run task
[2025-05-26T08:34:14.439+0000] {standard_task_runner.py:104} INFO - Running: ['airflow', 'tasks', 'run', 'instagram_videos_scraper_dag', 'get_links_task', 'manual__2025-05-26T08:34:13.243569+00:00', '--job-id', '6787', '--raw', '--subdir', 'DAGS_FOLDER/pipeline_instagram.py', '--cfg-path', '/tmp/tmp2i6bj2my']
[2025-05-26T08:34:14.440+0000] {standard_task_runner.py:105} INFO - Job 6787: Subtask get_links_task
[2025-05-26T08:34:14.473+0000] {task_command.py:467} INFO - Running <TaskInstance: instagram_videos_scraper_dag.get_links_task manual__2025-05-26T08:34:13.243569+00:00 [running]> on host f541e6bad3a5
[2025-05-26T08:34:14.527+0000] {taskinstance.py:3122} INFO - Exporting env vars: AIRFLOW_CTX_DAG_OWNER='airflow' AIRFLOW_CTX_DAG_ID='instagram_videos_scraper_dag' AIRFLOW_CTX_TASK_ID='get_links_task' AIRFLOW_CTX_EXECUTION_DATE='2025-05-26T08:34:13.243569+00:00' AIRFLOW_CTX_TRY_NUMBER='1' AIRFLOW_CTX_DAG_RUN_ID='manual__2025-05-26T08:34:13.243569+00:00'
[2025-05-26T08:34:14.528+0000] {taskinstance.py:731} INFO - ::endgroup::
[2025-05-26T08:34:36.033+0000] {selenium_manager.py:133} WARNING - The chromedriver version (136.0.7103.59) detected in PATH at /usr/bin/chromedriver might not be compatible with the detected chrome version (136.0.7103.113); currently, chromedriver 136.0.7103.113 is recommended for chrome 136.*, so it is advised to delete the driver in PATH and retry
[2025-05-26T08:34:40.072+0000] {logging_mixin.py:190} INFO - Step 1 of 2 - Loading profile page
[2025-05-26T08:34:40.073+0000] {logging_mixin.py:190} INFO - Extracting videos...
[2025-05-26T08:34:43.101+0000] {logging_mixin.py:190} INFO - Count: 1, Limit: 1
[2025-05-26T08:34:43.122+0000] {logging_mixin.py:190} INFO - Found 46 video tags
[2025-05-26T08:34:43.198+0000] {logging_mixin.py:190} INFO - Extracted video URL: https://www.instagram.com/mancity/reel/DKHAzbwuni3/
[2025-05-26T08:34:43.204+0000] {logging_mixin.py:190} INFO - Extracted video URL: https://www.instagram.com/mancity/reel/DKF0vIOO-rj/
[2025-05-26T08:34:43.211+0000] {logging_mixin.py:190} INFO - Extracted video URL: https://www.instagram.com/mancity/reel/DKF0DScO6Zu/
[2025-05-26T08:34:43.217+0000] {logging_mixin.py:190} INFO - Extracted video URL: https://www.instagram.com/mancity/reel/DKFjtc5OxM2/
[2025-05-26T08:34:43.222+0000] {logging_mixin.py:190} INFO - Extracted video URL: https://www.instagram.com/mancity/reel/DKFeTXcMOKL/
[2025-05-26T08:34:43.230+0000] {logging_mixin.py:190} INFO - Extracted video URL: https://www.instagram.com/mancity/reel/DKFL6eWsX7o/
[2025-05-26T08:34:43.236+0000] {logging_mixin.py:190} INFO - Extracted video URL: https://www.instagram.com/mancity/reel/DKFKDtZsmYU/
[2025-05-26T08:34:43.244+0000] {logging_mixin.py:190} INFO - Extracted video URL: https://www.instagram.com/mancity/reel/DKFErXssX4U/
[2025-05-26T08:34:43.252+0000] {logging_mixin.py:190} INFO - Extracted video URL: https://www.instagram.com/mancity/reel/DKDBguAuWH0/
[2025-05-26T08:34:43.259+0000] {logging_mixin.py:190} INFO - Extracted video URL: https://www.instagram.com/mancity/reel/DKCJTJSs4BD/
[2025-05-26T08:34:43.265+0000] {logging_mixin.py:190} INFO - Extracted video URL: https://www.instagram.com/mancity/reel/DKCDqUGsAeK/
[2025-05-26T08:34:43.271+0000] {logging_mixin.py:190} INFO - Extracted video URL: https://www.instagram.com/mancity/reel/DKB9oX2CbLV/
[2025-05-26T08:34:43.522+0000] {logging_mixin.py:190} INFO - Scrolled 1 iterations
[2025-05-26T08:34:46.544+0000] {logging_mixin.py:190} INFO - Count: 2, Limit: 1
[2025-05-26T08:34:46.544+0000] {logging_mixin.py:190} INFO - Scrolling stopped after 10 iterations
[2025-05-26T08:34:46.544+0000] {logging_mixin.py:190} INFO - Extracted 12 video URLs
[2025-05-26T08:34:46.545+0000] {logging_mixin.py:190} INFO - Step 2 of 2 - Downloading and saving videos
[2025-05-26T08:34:46.545+0000] {logging_mixin.py:190} INFO - Don't close the app! Saving scraped data to database, it can take a while!
[2025-05-26T08:34:46.561+0000] {logging_mixin.py:190} INFO - New videos: 1
[2025-05-26T08:34:46.729+0000] {python.py:240} INFO - Done. Returned value was: {'id': 'mancity', 'new_links': ('https://www.instagram.com/mancity/reel/DKHAzbwuni3/',)}
[2025-05-26T08:34:46.748+0000] {taskinstance.py:340} INFO - ::group::Post task execution logs
[2025-05-26T08:34:46.748+0000] {taskinstance.py:352} INFO - Marking task as SUCCESS. dag_id=instagram_videos_scraper_dag, task_id=get_links_task, run_id=manual__2025-05-26T08:34:13.243569+00:00, execution_date=20250526T083413, start_date=20250526T083414, end_date=20250526T083446
[2025-05-26T08:34:46.749+0000] {taskinstance.py:1554} INFO - Executing <lambda> callback
[2025-05-26T08:34:46.749+0000] {pipeline_instagram.py:29} INFO - DAG runs successfully
[2025-05-26T08:34:46.772+0000] {local_task_job_runner.py:261} INFO - Task exited with return code 0
[2025-05-26T08:34:46.804+0000] {taskinstance.py:3891} INFO - 1 downstream tasks scheduled from follow-on schedule check
[2025-05-26T08:34:46.806+0000] {local_task_job_runner.py:240} INFO - ::endgroup::
