[2025-04-28T11:30:57.430+0000] {processor.py:186} INFO - Started process (PID=188) to work on /opt/airflow/dags/tutorial-taskflow-api.py
[2025-04-28T11:30:57.430+0000] {processor.py:914} INFO - Processing file /opt/airflow/dags/tutorial-taskflow-api.py for tasks to queue
[2025-04-28T11:30:57.435+0000] {logging_mixin.py:190} INFO - [2025-04-28T11:30:57.434+0000] {dagbag.py:587} INFO - Filling up the DagBag from /opt/airflow/dags/tutorial-taskflow-api.py
[2025-04-28T11:30:57.452+0000] {logging_mixin.py:190} INFO - [2025-04-28T11:30:57.439+0000] {dagbag.py:386} ERROR - Failed to import: /opt/airflow/dags/tutorial-taskflow-api.py
Traceback (most recent call last):
  File "/home/airflow/.local/lib/python3.10/site-packages/airflow/models/dagbag.py", line 382, in parse
    loader.exec_module(new_module)
  File "<frozen importlib._bootstrap_external>", line 883, in exec_module
  File "<frozen importlib._bootstrap>", line 241, in _call_with_frames_removed
  File "/opt/airflow/dags/tutorial-taskflow-api.py", line 6, in <module>
    from airflow.sdk import dag, task
ModuleNotFoundError: No module named 'airflow.sdk'
[2025-04-28T11:30:57.452+0000] {processor.py:927} WARNING - No viable dags retrieved from /opt/airflow/dags/tutorial-taskflow-api.py
[2025-04-28T11:30:57.466+0000] {processor.py:208} INFO - Processing /opt/airflow/dags/tutorial-taskflow-api.py took 0.045 seconds
[2025-04-28T11:31:27.538+0000] {processor.py:186} INFO - Started process (PID=198) to work on /opt/airflow/dags/tutorial-taskflow-api.py
[2025-04-28T11:31:27.538+0000] {processor.py:914} INFO - Processing file /opt/airflow/dags/tutorial-taskflow-api.py for tasks to queue
[2025-04-28T11:31:27.540+0000] {logging_mixin.py:190} INFO - [2025-04-28T11:31:27.540+0000] {dagbag.py:587} INFO - Filling up the DagBag from /opt/airflow/dags/tutorial-taskflow-api.py
[2025-04-28T11:31:27.542+0000] {logging_mixin.py:190} INFO - [2025-04-28T11:31:27.541+0000] {dagbag.py:386} ERROR - Failed to import: /opt/airflow/dags/tutorial-taskflow-api.py
Traceback (most recent call last):
  File "/home/airflow/.local/lib/python3.10/site-packages/airflow/models/dagbag.py", line 382, in parse
    loader.exec_module(new_module)
  File "<frozen importlib._bootstrap_external>", line 883, in exec_module
  File "<frozen importlib._bootstrap>", line 241, in _call_with_frames_removed
  File "/opt/airflow/dags/tutorial-taskflow-api.py", line 6, in <module>
    from airflow.sdk import dag, task
ModuleNotFoundError: No module named 'airflow.sdk'
[2025-04-28T11:31:27.542+0000] {processor.py:927} WARNING - No viable dags retrieved from /opt/airflow/dags/tutorial-taskflow-api.py
[2025-04-28T11:31:27.613+0000] {processor.py:208} INFO - Processing /opt/airflow/dags/tutorial-taskflow-api.py took 0.080 seconds
