[2025-05-13T10:27:55.561+0000] {local_task_job_runner.py:123} INFO - ::group::Pre task execution logs
[2025-05-13T10:27:55.573+0000] {taskinstance.py:2603} INFO - Dependencies all met for dep_context=non-requeueable deps ti=<TaskInstance: instagram_videos_scraper_dag.ins_videos_scraper manual__2025-05-13T10:27:54.808681+00:00 [queued]>
[2025-05-13T10:27:55.577+0000] {taskinstance.py:2603} INFO - Dependencies all met for dep_context=requeueable deps ti=<TaskInstance: instagram_videos_scraper_dag.ins_videos_scraper manual__2025-05-13T10:27:54.808681+00:00 [queued]>
[2025-05-13T10:27:55.577+0000] {taskinstance.py:2856} INFO - Starting attempt 1 of 1
[2025-05-13T10:27:55.584+0000] {taskinstance.py:2879} INFO - Executing <Task(_PythonDecoratedOperator): ins_videos_scraper> on 2025-05-13 10:27:54.808681+00:00
[2025-05-13T10:27:55.587+0000] {standard_task_runner.py:72} INFO - Started process 2958 to run task
[2025-05-13T10:27:55.590+0000] {standard_task_runner.py:104} INFO - Running: ['airflow', 'tasks', 'run', 'instagram_videos_scraper_dag', 'ins_videos_scraper', 'manual__2025-05-13T10:27:54.808681+00:00', '--job-id', '5394', '--raw', '--subdir', 'DAGS_FOLDER/pipeline.py', '--cfg-path', '/tmp/tmppf35snu0']
[2025-05-13T10:27:55.591+0000] {standard_task_runner.py:105} INFO - Job 5394: Subtask ins_videos_scraper
[2025-05-13T10:27:55.622+0000] {task_command.py:467} INFO - Running <TaskInstance: instagram_videos_scraper_dag.ins_videos_scraper manual__2025-05-13T10:27:54.808681+00:00 [running]> on host 79b7354865cb
[2025-05-13T10:27:55.674+0000] {taskinstance.py:3122} INFO - Exporting env vars: AIRFLOW_CTX_DAG_OWNER='airflow' AIRFLOW_CTX_DAG_ID='instagram_videos_scraper_dag' AIRFLOW_CTX_TASK_ID='ins_videos_scraper' AIRFLOW_CTX_EXECUTION_DATE='2025-05-13T10:27:54.808681+00:00' AIRFLOW_CTX_TRY_NUMBER='1' AIRFLOW_CTX_DAG_RUN_ID='manual__2025-05-13T10:27:54.808681+00:00'
[2025-05-13T10:27:55.675+0000] {taskinstance.py:731} INFO - ::endgroup::
[2025-05-13T10:27:55.676+0000] {logging_mixin.py:190} INFO - Scraping Instagram profile: baukrysie
[2025-05-13T10:27:55.692+0000] {selenium_manager.py:133} WARNING - The chromedriver version (136.0.7103.59) detected in PATH at /usr/bin/chromedriver might not be compatible with the detected chrome version (136.0.7103.92); currently, chromedriver 136.0.7103.92 is recommended for chrome 136.*, so it is advised to delete the driver in PATH and retry
[2025-05-13T10:27:56.501+0000] {logging_mixin.py:190} INFO - url: https://www.instagram.com/baukrysie/
[2025-05-13T10:27:58.747+0000] {logging_mixin.py:190} INFO - Step 1 of 2 - Loading profile page
[2025-05-13T10:27:58.748+0000] {logging_mixin.py:190} INFO - Extracting videos...
[2025-05-13T10:27:58.794+0000] {logging_mixin.py:190} INFO - Error occurred while scrolling: Message: no such element: Unable to locate element: {"method":"xpath","selector":"//a[contains(@href, '/reels/')]"}
  (Session info: chrome=136.0.7103.92); For documentation on this error, please visit: https://www.selenium.dev/documentation/webdriver/troubleshooting/errors#no-such-element-exception
Stacktrace:
#0 0x560757301a8e <unknown>
#1 0x560756dbeb0b <unknown>
#2 0x560756e08f44 <unknown>
#3 0x560756e090d1 <unknown>
#4 0x560756e55ea4 <unknown>
#5 0x560756e32c2d <unknown>
#6 0x560756e53dc5 <unknown>
#7 0x560756e329b3 <unknown>
#8 0x560756dfcc59 <unknown>
#9 0x560756dfda08 <unknown>
#10 0x5607572ce40a <unknown>
#11 0x5607572d185e <unknown>
#12 0x5607572d1308 <unknown>
#13 0x5607572d1ce5 <unknown>
#14 0x5607572b7b7b <unknown>
#15 0x5607572d2050 <unknown>
#16 0x5607572a0ae9 <unknown>
#17 0x5607572f0df5 <unknown>
#18 0x5607572f0fdb <unknown>
#19 0x560757300c05 <unknown>
#20 0x7fdd63a22134 <unknown>
[2025-05-13T10:27:58.794+0000] {logging_mixin.py:190} INFO - Extracted 0 video URLs
[2025-05-13T10:27:58.794+0000] {logging_mixin.py:190} INFO -  No data found
[2025-05-13T10:27:58.927+0000] {python.py:240} INFO - Done. Returned value was: []
[2025-05-13T10:27:58.956+0000] {taskinstance.py:340} INFO - ::group::Post task execution logs
[2025-05-13T10:27:58.956+0000] {taskinstance.py:352} INFO - Marking task as SUCCESS. dag_id=instagram_videos_scraper_dag, task_id=ins_videos_scraper, run_id=manual__2025-05-13T10:27:54.808681+00:00, execution_date=20250513T102754, start_date=20250513T102755, end_date=20250513T102758
[2025-05-13T10:27:58.992+0000] {local_task_job_runner.py:261} INFO - Task exited with return code 0
[2025-05-13T10:27:59.008+0000] {taskinstance.py:3891} INFO - 1 downstream tasks scheduled from follow-on schedule check
[2025-05-13T10:27:59.026+0000] {local_task_job_runner.py:240} INFO - ::endgroup::
