[2025-04-29T02:37:09.355+0000] {processor.py:186} INFO - Started process (PID=208) to work on /opt/airflow/dags/simple-dag.py
[2025-04-29T02:37:09.356+0000] {processor.py:914} INFO - Processing file /opt/airflow/dags/simple-dag.py for tasks to queue
[2025-04-29T02:37:09.358+0000] {logging_mixin.py:190} INFO - [2025-04-29T02:37:09.357+0000] {dagbag.py:587} INFO - Filling up the DagBag from /opt/airflow/dags/simple-dag.py
[2025-04-29T02:37:09.360+0000] {logging_mixin.py:190} INFO - [2025-04-29T02:37:09.359+0000] {dagbag.py:386} ERROR - Failed to import: /opt/airflow/dags/simple-dag.py
Traceback (most recent call last):
  File "/home/airflow/.local/lib/python3.10/site-packages/airflow/models/dagbag.py", line 382, in parse
    loader.exec_module(new_module)
  File "<frozen importlib._bootstrap_external>", line 883, in exec_module
  File "<frozen importlib._bootstrap>", line 241, in _call_with_frames_removed
  File "/opt/airflow/dags/simple-dag.py", line 3, in <module>
    from airflow.sdk import DAG, task
ModuleNotFoundError: No module named 'airflow.sdk'
[2025-04-29T02:37:09.360+0000] {processor.py:927} WARNING - No viable dags retrieved from /opt/airflow/dags/simple-dag.py
[2025-04-29T02:37:09.377+0000] {processor.py:208} INFO - Processing /opt/airflow/dags/simple-dag.py took 0.027 seconds
[2025-04-29T02:37:35.995+0000] {processor.py:186} INFO - Started process (PID=51) to work on /opt/airflow/dags/simple-dag.py
[2025-04-29T02:37:35.996+0000] {processor.py:914} INFO - Processing file /opt/airflow/dags/simple-dag.py for tasks to queue
[2025-04-29T02:37:35.999+0000] {logging_mixin.py:190} INFO - [2025-04-29T02:37:35.999+0000] {dagbag.py:587} INFO - Filling up the DagBag from /opt/airflow/dags/simple-dag.py
[2025-04-29T02:37:36.002+0000] {logging_mixin.py:190} INFO - [2025-04-29T02:37:36.001+0000] {dagbag.py:386} ERROR - Failed to import: /opt/airflow/dags/simple-dag.py
Traceback (most recent call last):
  File "/home/airflow/.local/lib/python3.10/site-packages/airflow/models/dagbag.py", line 382, in parse
    loader.exec_module(new_module)
  File "<frozen importlib._bootstrap_external>", line 883, in exec_module
  File "<frozen importlib._bootstrap>", line 241, in _call_with_frames_removed
  File "/opt/airflow/dags/simple-dag.py", line 3, in <module>
    from airflow.sdk import DAG, task
ModuleNotFoundError: No module named 'airflow.sdk'
[2025-04-29T02:37:36.002+0000] {processor.py:927} WARNING - No viable dags retrieved from /opt/airflow/dags/simple-dag.py
[2025-04-29T02:37:36.023+0000] {processor.py:208} INFO - Processing /opt/airflow/dags/simple-dag.py took 0.035 seconds
[2025-04-29T02:38:06.860+0000] {processor.py:186} INFO - Started process (PID=67) to work on /opt/airflow/dags/simple-dag.py
[2025-04-29T02:38:06.861+0000] {processor.py:914} INFO - Processing file /opt/airflow/dags/simple-dag.py for tasks to queue
[2025-04-29T02:38:06.863+0000] {logging_mixin.py:190} INFO - [2025-04-29T02:38:06.863+0000] {dagbag.py:587} INFO - Filling up the DagBag from /opt/airflow/dags/simple-dag.py
[2025-04-29T02:38:06.865+0000] {logging_mixin.py:190} INFO - [2025-04-29T02:38:06.865+0000] {dagbag.py:386} ERROR - Failed to import: /opt/airflow/dags/simple-dag.py
Traceback (most recent call last):
  File "/home/airflow/.local/lib/python3.10/site-packages/airflow/models/dagbag.py", line 382, in parse
    loader.exec_module(new_module)
  File "<frozen importlib._bootstrap_external>", line 883, in exec_module
  File "<frozen importlib._bootstrap>", line 241, in _call_with_frames_removed
  File "/opt/airflow/dags/simple-dag.py", line 3, in <module>
    from airflow.sdk import DAG, task
ModuleNotFoundError: No module named 'airflow.sdk'
[2025-04-29T02:38:06.866+0000] {processor.py:927} WARNING - No viable dags retrieved from /opt/airflow/dags/simple-dag.py
[2025-04-29T02:38:06.880+0000] {processor.py:208} INFO - Processing /opt/airflow/dags/simple-dag.py took 0.024 seconds
[2025-04-29T02:38:37.098+0000] {processor.py:186} INFO - Started process (PID=77) to work on /opt/airflow/dags/simple-dag.py
[2025-04-29T02:38:37.099+0000] {processor.py:914} INFO - Processing file /opt/airflow/dags/simple-dag.py for tasks to queue
[2025-04-29T02:38:37.101+0000] {logging_mixin.py:190} INFO - [2025-04-29T02:38:37.101+0000] {dagbag.py:587} INFO - Filling up the DagBag from /opt/airflow/dags/simple-dag.py
[2025-04-29T02:38:37.103+0000] {logging_mixin.py:190} INFO - [2025-04-29T02:38:37.102+0000] {dagbag.py:386} ERROR - Failed to import: /opt/airflow/dags/simple-dag.py
Traceback (most recent call last):
  File "/home/airflow/.local/lib/python3.10/site-packages/airflow/models/dagbag.py", line 382, in parse
    loader.exec_module(new_module)
  File "<frozen importlib._bootstrap_external>", line 883, in exec_module
  File "<frozen importlib._bootstrap>", line 241, in _call_with_frames_removed
  File "/opt/airflow/dags/simple-dag.py", line 3, in <module>
    from airflow.sdk import DAG, task
ModuleNotFoundError: No module named 'airflow.sdk'
[2025-04-29T02:38:37.103+0000] {processor.py:927} WARNING - No viable dags retrieved from /opt/airflow/dags/simple-dag.py
[2025-04-29T02:38:37.122+0000] {processor.py:208} INFO - Processing /opt/airflow/dags/simple-dag.py took 0.029 seconds
[2025-04-29T02:39:07.177+0000] {processor.py:186} INFO - Started process (PID=86) to work on /opt/airflow/dags/simple-dag.py
[2025-04-29T02:39:07.179+0000] {processor.py:914} INFO - Processing file /opt/airflow/dags/simple-dag.py for tasks to queue
[2025-04-29T02:39:07.181+0000] {logging_mixin.py:190} INFO - [2025-04-29T02:39:07.180+0000] {dagbag.py:587} INFO - Filling up the DagBag from /opt/airflow/dags/simple-dag.py
[2025-04-29T02:39:07.182+0000] {logging_mixin.py:190} INFO - [2025-04-29T02:39:07.182+0000] {dagbag.py:386} ERROR - Failed to import: /opt/airflow/dags/simple-dag.py
Traceback (most recent call last):
  File "/home/airflow/.local/lib/python3.10/site-packages/airflow/models/dagbag.py", line 382, in parse
    loader.exec_module(new_module)
  File "<frozen importlib._bootstrap_external>", line 883, in exec_module
  File "<frozen importlib._bootstrap>", line 241, in _call_with_frames_removed
  File "/opt/airflow/dags/simple-dag.py", line 3, in <module>
    from airflow.sdk import DAG, task
ModuleNotFoundError: No module named 'airflow.sdk'
[2025-04-29T02:39:07.183+0000] {processor.py:927} WARNING - No viable dags retrieved from /opt/airflow/dags/simple-dag.py
[2025-04-29T02:39:07.198+0000] {processor.py:208} INFO - Processing /opt/airflow/dags/simple-dag.py took 0.025 seconds
[2025-04-29T02:39:37.283+0000] {processor.py:186} INFO - Started process (PID=96) to work on /opt/airflow/dags/simple-dag.py
[2025-04-29T02:39:37.284+0000] {processor.py:914} INFO - Processing file /opt/airflow/dags/simple-dag.py for tasks to queue
[2025-04-29T02:39:37.286+0000] {logging_mixin.py:190} INFO - [2025-04-29T02:39:37.286+0000] {dagbag.py:587} INFO - Filling up the DagBag from /opt/airflow/dags/simple-dag.py
[2025-04-29T02:39:37.288+0000] {logging_mixin.py:190} INFO - [2025-04-29T02:39:37.287+0000] {dagbag.py:386} ERROR - Failed to import: /opt/airflow/dags/simple-dag.py
Traceback (most recent call last):
  File "/home/airflow/.local/lib/python3.10/site-packages/airflow/models/dagbag.py", line 382, in parse
    loader.exec_module(new_module)
  File "<frozen importlib._bootstrap_external>", line 883, in exec_module
  File "<frozen importlib._bootstrap>", line 241, in _call_with_frames_removed
  File "/opt/airflow/dags/simple-dag.py", line 3, in <module>
    from airflow.sdk import DAG, task
ModuleNotFoundError: No module named 'airflow.sdk'
[2025-04-29T02:39:37.288+0000] {processor.py:927} WARNING - No viable dags retrieved from /opt/airflow/dags/simple-dag.py
[2025-04-29T02:39:37.306+0000] {processor.py:208} INFO - Processing /opt/airflow/dags/simple-dag.py took 0.028 seconds
[2025-04-29T02:40:07.345+0000] {processor.py:186} INFO - Started process (PID=106) to work on /opt/airflow/dags/simple-dag.py
[2025-04-29T02:40:07.345+0000] {processor.py:914} INFO - Processing file /opt/airflow/dags/simple-dag.py for tasks to queue
[2025-04-29T02:40:07.347+0000] {logging_mixin.py:190} INFO - [2025-04-29T02:40:07.347+0000] {dagbag.py:587} INFO - Filling up the DagBag from /opt/airflow/dags/simple-dag.py
[2025-04-29T02:40:07.349+0000] {logging_mixin.py:190} INFO - [2025-04-29T02:40:07.348+0000] {dagbag.py:386} ERROR - Failed to import: /opt/airflow/dags/simple-dag.py
Traceback (most recent call last):
  File "/home/airflow/.local/lib/python3.10/site-packages/airflow/models/dagbag.py", line 382, in parse
    loader.exec_module(new_module)
  File "<frozen importlib._bootstrap_external>", line 883, in exec_module
  File "<frozen importlib._bootstrap>", line 241, in _call_with_frames_removed
  File "/opt/airflow/dags/simple-dag.py", line 3, in <module>
    from airflow.sdk import DAG, task
ModuleNotFoundError: No module named 'airflow.sdk'
[2025-04-29T02:40:07.349+0000] {processor.py:927} WARNING - No viable dags retrieved from /opt/airflow/dags/simple-dag.py
[2025-04-29T02:40:07.364+0000] {processor.py:208} INFO - Processing /opt/airflow/dags/simple-dag.py took 0.024 seconds
[2025-04-29T02:40:37.993+0000] {processor.py:186} INFO - Started process (PID=116) to work on /opt/airflow/dags/simple-dag.py
[2025-04-29T02:40:37.994+0000] {processor.py:914} INFO - Processing file /opt/airflow/dags/simple-dag.py for tasks to queue
[2025-04-29T02:40:37.996+0000] {logging_mixin.py:190} INFO - [2025-04-29T02:40:37.995+0000] {dagbag.py:587} INFO - Filling up the DagBag from /opt/airflow/dags/simple-dag.py
[2025-04-29T02:40:37.997+0000] {logging_mixin.py:190} INFO - [2025-04-29T02:40:37.997+0000] {dagbag.py:386} ERROR - Failed to import: /opt/airflow/dags/simple-dag.py
Traceback (most recent call last):
  File "/home/airflow/.local/lib/python3.10/site-packages/airflow/models/dagbag.py", line 382, in parse
    loader.exec_module(new_module)
  File "<frozen importlib._bootstrap_external>", line 883, in exec_module
  File "<frozen importlib._bootstrap>", line 241, in _call_with_frames_removed
  File "/opt/airflow/dags/simple-dag.py", line 3, in <module>
    from airflow.sdk import DAG, task
ModuleNotFoundError: No module named 'airflow.sdk'
[2025-04-29T02:40:37.998+0000] {processor.py:927} WARNING - No viable dags retrieved from /opt/airflow/dags/simple-dag.py
[2025-04-29T02:40:38.011+0000] {processor.py:208} INFO - Processing /opt/airflow/dags/simple-dag.py took 0.023 seconds
[2025-04-29T02:41:08.333+0000] {processor.py:186} INFO - Started process (PID=126) to work on /opt/airflow/dags/simple-dag.py
[2025-04-29T02:41:08.334+0000] {processor.py:914} INFO - Processing file /opt/airflow/dags/simple-dag.py for tasks to queue
[2025-04-29T02:41:08.335+0000] {logging_mixin.py:190} INFO - [2025-04-29T02:41:08.335+0000] {dagbag.py:587} INFO - Filling up the DagBag from /opt/airflow/dags/simple-dag.py
[2025-04-29T02:41:08.337+0000] {logging_mixin.py:190} INFO - [2025-04-29T02:41:08.337+0000] {dagbag.py:386} ERROR - Failed to import: /opt/airflow/dags/simple-dag.py
Traceback (most recent call last):
  File "/home/airflow/.local/lib/python3.10/site-packages/airflow/models/dagbag.py", line 382, in parse
    loader.exec_module(new_module)
  File "<frozen importlib._bootstrap_external>", line 883, in exec_module
  File "<frozen importlib._bootstrap>", line 241, in _call_with_frames_removed
  File "/opt/airflow/dags/simple-dag.py", line 3, in <module>
    from airflow.sdk import DAG, task
ModuleNotFoundError: No module named 'airflow.sdk'
[2025-04-29T02:41:08.337+0000] {processor.py:927} WARNING - No viable dags retrieved from /opt/airflow/dags/simple-dag.py
[2025-04-29T02:41:08.352+0000] {processor.py:208} INFO - Processing /opt/airflow/dags/simple-dag.py took 0.024 seconds
[2025-04-29T02:41:38.379+0000] {processor.py:186} INFO - Started process (PID=136) to work on /opt/airflow/dags/simple-dag.py
[2025-04-29T02:41:38.380+0000] {processor.py:914} INFO - Processing file /opt/airflow/dags/simple-dag.py for tasks to queue
[2025-04-29T02:41:38.382+0000] {logging_mixin.py:190} INFO - [2025-04-29T02:41:38.381+0000] {dagbag.py:587} INFO - Filling up the DagBag from /opt/airflow/dags/simple-dag.py
[2025-04-29T02:41:38.384+0000] {logging_mixin.py:190} INFO - [2025-04-29T02:41:38.383+0000] {dagbag.py:386} ERROR - Failed to import: /opt/airflow/dags/simple-dag.py
Traceback (most recent call last):
  File "/home/airflow/.local/lib/python3.10/site-packages/airflow/models/dagbag.py", line 382, in parse
    loader.exec_module(new_module)
  File "<frozen importlib._bootstrap_external>", line 883, in exec_module
  File "<frozen importlib._bootstrap>", line 241, in _call_with_frames_removed
  File "/opt/airflow/dags/simple-dag.py", line 3, in <module>
    from airflow.sdk import DAG, task
ModuleNotFoundError: No module named 'airflow.sdk'
[2025-04-29T02:41:38.384+0000] {processor.py:927} WARNING - No viable dags retrieved from /opt/airflow/dags/simple-dag.py
[2025-04-29T02:41:38.400+0000] {processor.py:208} INFO - Processing /opt/airflow/dags/simple-dag.py took 0.026 seconds
[2025-04-29T02:42:09.412+0000] {processor.py:186} INFO - Started process (PID=146) to work on /opt/airflow/dags/simple-dag.py
[2025-04-29T02:42:09.413+0000] {processor.py:914} INFO - Processing file /opt/airflow/dags/simple-dag.py for tasks to queue
[2025-04-29T02:42:09.414+0000] {logging_mixin.py:190} INFO - [2025-04-29T02:42:09.414+0000] {dagbag.py:587} INFO - Filling up the DagBag from /opt/airflow/dags/simple-dag.py
[2025-04-29T02:42:09.416+0000] {logging_mixin.py:190} INFO - [2025-04-29T02:42:09.416+0000] {dagbag.py:386} ERROR - Failed to import: /opt/airflow/dags/simple-dag.py
Traceback (most recent call last):
  File "/home/airflow/.local/lib/python3.10/site-packages/airflow/models/dagbag.py", line 382, in parse
    loader.exec_module(new_module)
  File "<frozen importlib._bootstrap_external>", line 883, in exec_module
  File "<frozen importlib._bootstrap>", line 241, in _call_with_frames_removed
  File "/opt/airflow/dags/simple-dag.py", line 3, in <module>
    from airflow.sdk import DAG, task
ModuleNotFoundError: No module named 'airflow.sdk'
[2025-04-29T02:42:09.416+0000] {processor.py:927} WARNING - No viable dags retrieved from /opt/airflow/dags/simple-dag.py
[2025-04-29T02:42:09.430+0000] {processor.py:208} INFO - Processing /opt/airflow/dags/simple-dag.py took 0.023 seconds
[2025-04-29T02:42:39.467+0000] {processor.py:186} INFO - Started process (PID=156) to work on /opt/airflow/dags/simple-dag.py
[2025-04-29T02:42:39.468+0000] {processor.py:914} INFO - Processing file /opt/airflow/dags/simple-dag.py for tasks to queue
[2025-04-29T02:42:39.470+0000] {logging_mixin.py:190} INFO - [2025-04-29T02:42:39.470+0000] {dagbag.py:587} INFO - Filling up the DagBag from /opt/airflow/dags/simple-dag.py
[2025-04-29T02:42:39.472+0000] {logging_mixin.py:190} INFO - [2025-04-29T02:42:39.472+0000] {dagbag.py:386} ERROR - Failed to import: /opt/airflow/dags/simple-dag.py
Traceback (most recent call last):
  File "/home/airflow/.local/lib/python3.10/site-packages/airflow/models/dagbag.py", line 382, in parse
    loader.exec_module(new_module)
  File "<frozen importlib._bootstrap_external>", line 883, in exec_module
  File "<frozen importlib._bootstrap>", line 241, in _call_with_frames_removed
  File "/opt/airflow/dags/simple-dag.py", line 3, in <module>
    from airflow.sdk import DAG, task
ModuleNotFoundError: No module named 'airflow.sdk'
[2025-04-29T02:42:39.472+0000] {processor.py:927} WARNING - No viable dags retrieved from /opt/airflow/dags/simple-dag.py
[2025-04-29T02:42:39.490+0000] {processor.py:208} INFO - Processing /opt/airflow/dags/simple-dag.py took 0.028 seconds
[2025-04-29T02:42:55.782+0000] {processor.py:186} INFO - Started process (PID=51) to work on /opt/airflow/dags/simple-dag.py
[2025-04-29T02:42:55.784+0000] {processor.py:914} INFO - Processing file /opt/airflow/dags/simple-dag.py for tasks to queue
[2025-04-29T02:42:55.785+0000] {logging_mixin.py:190} INFO - [2025-04-29T02:42:55.785+0000] {dagbag.py:587} INFO - Filling up the DagBag from /opt/airflow/dags/simple-dag.py
[2025-04-29T02:42:55.787+0000] {logging_mixin.py:190} INFO - [2025-04-29T02:42:55.787+0000] {dagbag.py:386} ERROR - Failed to import: /opt/airflow/dags/simple-dag.py
Traceback (most recent call last):
  File "/home/airflow/.local/lib/python3.10/site-packages/airflow/models/dagbag.py", line 382, in parse
    loader.exec_module(new_module)
  File "<frozen importlib._bootstrap_external>", line 883, in exec_module
  File "<frozen importlib._bootstrap>", line 241, in _call_with_frames_removed
  File "/opt/airflow/dags/simple-dag.py", line 3, in <module>
    from airflow.sdk import DAG, task
ModuleNotFoundError: No module named 'airflow.sdk'
[2025-04-29T02:42:55.787+0000] {processor.py:927} WARNING - No viable dags retrieved from /opt/airflow/dags/simple-dag.py
[2025-04-29T02:42:55.804+0000] {processor.py:208} INFO - Processing /opt/airflow/dags/simple-dag.py took 0.026 seconds
[2025-04-29T02:43:26.156+0000] {processor.py:186} INFO - Started process (PID=61) to work on /opt/airflow/dags/simple-dag.py
[2025-04-29T02:43:26.157+0000] {processor.py:914} INFO - Processing file /opt/airflow/dags/simple-dag.py for tasks to queue
[2025-04-29T02:43:26.159+0000] {logging_mixin.py:190} INFO - [2025-04-29T02:43:26.158+0000] {dagbag.py:587} INFO - Filling up the DagBag from /opt/airflow/dags/simple-dag.py
[2025-04-29T02:43:26.161+0000] {logging_mixin.py:190} INFO - [2025-04-29T02:43:26.160+0000] {dagbag.py:386} ERROR - Failed to import: /opt/airflow/dags/simple-dag.py
Traceback (most recent call last):
  File "/home/airflow/.local/lib/python3.10/site-packages/airflow/models/dagbag.py", line 382, in parse
    loader.exec_module(new_module)
  File "<frozen importlib._bootstrap_external>", line 883, in exec_module
  File "<frozen importlib._bootstrap>", line 241, in _call_with_frames_removed
  File "/opt/airflow/dags/simple-dag.py", line 3, in <module>
    from airflow.sdk import DAG, task
ModuleNotFoundError: No module named 'airflow.sdk'
[2025-04-29T02:43:26.161+0000] {processor.py:927} WARNING - No viable dags retrieved from /opt/airflow/dags/simple-dag.py
[2025-04-29T02:43:26.177+0000] {processor.py:208} INFO - Processing /opt/airflow/dags/simple-dag.py took 0.026 seconds
[2025-04-29T02:43:57.176+0000] {processor.py:186} INFO - Started process (PID=77) to work on /opt/airflow/dags/simple-dag.py
[2025-04-29T02:43:57.177+0000] {processor.py:914} INFO - Processing file /opt/airflow/dags/simple-dag.py for tasks to queue
[2025-04-29T02:43:57.178+0000] {logging_mixin.py:190} INFO - [2025-04-29T02:43:57.178+0000] {dagbag.py:587} INFO - Filling up the DagBag from /opt/airflow/dags/simple-dag.py
[2025-04-29T02:43:57.180+0000] {logging_mixin.py:190} INFO - [2025-04-29T02:43:57.180+0000] {dagbag.py:386} ERROR - Failed to import: /opt/airflow/dags/simple-dag.py
Traceback (most recent call last):
  File "/home/airflow/.local/lib/python3.10/site-packages/airflow/models/dagbag.py", line 382, in parse
    loader.exec_module(new_module)
  File "<frozen importlib._bootstrap_external>", line 883, in exec_module
  File "<frozen importlib._bootstrap>", line 241, in _call_with_frames_removed
  File "/opt/airflow/dags/simple-dag.py", line 3, in <module>
    from airflow.sdk import DAG, task
ModuleNotFoundError: No module named 'airflow.sdk'
[2025-04-29T02:43:57.181+0000] {processor.py:927} WARNING - No viable dags retrieved from /opt/airflow/dags/simple-dag.py
[2025-04-29T02:43:57.197+0000] {processor.py:208} INFO - Processing /opt/airflow/dags/simple-dag.py took 0.026 seconds
[2025-04-29T02:44:27.583+0000] {processor.py:186} INFO - Started process (PID=87) to work on /opt/airflow/dags/simple-dag.py
[2025-04-29T02:44:27.584+0000] {processor.py:914} INFO - Processing file /opt/airflow/dags/simple-dag.py for tasks to queue
[2025-04-29T02:44:27.586+0000] {logging_mixin.py:190} INFO - [2025-04-29T02:44:27.586+0000] {dagbag.py:587} INFO - Filling up the DagBag from /opt/airflow/dags/simple-dag.py
[2025-04-29T02:44:27.588+0000] {logging_mixin.py:190} INFO - [2025-04-29T02:44:27.587+0000] {dagbag.py:386} ERROR - Failed to import: /opt/airflow/dags/simple-dag.py
Traceback (most recent call last):
  File "/home/airflow/.local/lib/python3.10/site-packages/airflow/models/dagbag.py", line 382, in parse
    loader.exec_module(new_module)
  File "<frozen importlib._bootstrap_external>", line 883, in exec_module
  File "<frozen importlib._bootstrap>", line 241, in _call_with_frames_removed
  File "/opt/airflow/dags/simple-dag.py", line 3, in <module>
    from airflow.sdk import DAG, task
ModuleNotFoundError: No module named 'airflow.sdk'
[2025-04-29T02:44:27.588+0000] {processor.py:927} WARNING - No viable dags retrieved from /opt/airflow/dags/simple-dag.py
[2025-04-29T02:44:27.604+0000] {processor.py:208} INFO - Processing /opt/airflow/dags/simple-dag.py took 0.025 seconds
[2025-04-29T02:44:58.528+0000] {processor.py:186} INFO - Started process (PID=95) to work on /opt/airflow/dags/simple-dag.py
[2025-04-29T02:44:58.530+0000] {processor.py:914} INFO - Processing file /opt/airflow/dags/simple-dag.py for tasks to queue
[2025-04-29T02:44:58.531+0000] {logging_mixin.py:190} INFO - [2025-04-29T02:44:58.531+0000] {dagbag.py:587} INFO - Filling up the DagBag from /opt/airflow/dags/simple-dag.py
[2025-04-29T02:44:58.534+0000] {logging_mixin.py:190} INFO - [2025-04-29T02:44:58.533+0000] {dagbag.py:386} ERROR - Failed to import: /opt/airflow/dags/simple-dag.py
Traceback (most recent call last):
  File "/home/airflow/.local/lib/python3.10/site-packages/airflow/models/dagbag.py", line 382, in parse
    loader.exec_module(new_module)
  File "<frozen importlib._bootstrap_external>", line 883, in exec_module
  File "<frozen importlib._bootstrap>", line 241, in _call_with_frames_removed
  File "/opt/airflow/dags/simple-dag.py", line 5, in <module>
    from airflow.providers.standard.operators.bash import BashOperator
ModuleNotFoundError: No module named 'airflow.providers.standard'
[2025-04-29T02:44:58.534+0000] {processor.py:927} WARNING - No viable dags retrieved from /opt/airflow/dags/simple-dag.py
[2025-04-29T02:44:58.550+0000] {processor.py:208} INFO - Processing /opt/airflow/dags/simple-dag.py took 0.026 seconds
[2025-04-29T02:45:29.514+0000] {processor.py:186} INFO - Started process (PID=106) to work on /opt/airflow/dags/simple-dag.py
[2025-04-29T02:45:29.524+0000] {processor.py:914} INFO - Processing file /opt/airflow/dags/simple-dag.py for tasks to queue
[2025-04-29T02:45:29.526+0000] {logging_mixin.py:190} INFO - [2025-04-29T02:45:29.525+0000] {dagbag.py:587} INFO - Filling up the DagBag from /opt/airflow/dags/simple-dag.py
[2025-04-29T02:45:29.528+0000] {logging_mixin.py:190} INFO - [2025-04-29T02:45:29.527+0000] {dagbag.py:386} ERROR - Failed to import: /opt/airflow/dags/simple-dag.py
Traceback (most recent call last):
  File "/home/airflow/.local/lib/python3.10/site-packages/airflow/models/dagbag.py", line 382, in parse
    loader.exec_module(new_module)
  File "<frozen importlib._bootstrap_external>", line 883, in exec_module
  File "<frozen importlib._bootstrap>", line 241, in _call_with_frames_removed
  File "/opt/airflow/dags/simple-dag.py", line 5, in <module>
    from airflow.providers.standard.operators.bash import BashOperator
ModuleNotFoundError: No module named 'airflow.providers.standard'
[2025-04-29T02:45:29.528+0000] {processor.py:927} WARNING - No viable dags retrieved from /opt/airflow/dags/simple-dag.py
[2025-04-29T02:45:29.543+0000] {processor.py:208} INFO - Processing /opt/airflow/dags/simple-dag.py took 0.034 seconds
[2025-04-29T02:46:00.560+0000] {processor.py:186} INFO - Started process (PID=116) to work on /opt/airflow/dags/simple-dag.py
[2025-04-29T02:46:00.561+0000] {processor.py:914} INFO - Processing file /opt/airflow/dags/simple-dag.py for tasks to queue
[2025-04-29T02:46:00.563+0000] {logging_mixin.py:190} INFO - [2025-04-29T02:46:00.563+0000] {dagbag.py:587} INFO - Filling up the DagBag from /opt/airflow/dags/simple-dag.py
[2025-04-29T02:46:00.565+0000] {logging_mixin.py:190} INFO - [2025-04-29T02:46:00.565+0000] {dagbag.py:386} ERROR - Failed to import: /opt/airflow/dags/simple-dag.py
Traceback (most recent call last):
  File "/home/airflow/.local/lib/python3.10/site-packages/airflow/models/dagbag.py", line 382, in parse
    loader.exec_module(new_module)
  File "<frozen importlib._bootstrap_external>", line 883, in exec_module
  File "<frozen importlib._bootstrap>", line 241, in _call_with_frames_removed
  File "/opt/airflow/dags/simple-dag.py", line 5, in <module>
    from airflow.providers.standard.operators.bash import BashOperator
ModuleNotFoundError: No module named 'airflow.providers.standard'
[2025-04-29T02:46:00.566+0000] {processor.py:927} WARNING - No viable dags retrieved from /opt/airflow/dags/simple-dag.py
[2025-04-29T02:46:00.582+0000] {processor.py:208} INFO - Processing /opt/airflow/dags/simple-dag.py took 0.027 seconds
[2025-04-29T02:46:30.781+0000] {processor.py:186} INFO - Started process (PID=126) to work on /opt/airflow/dags/simple-dag.py
[2025-04-29T02:46:30.782+0000] {processor.py:914} INFO - Processing file /opt/airflow/dags/simple-dag.py for tasks to queue
[2025-04-29T02:46:30.784+0000] {logging_mixin.py:190} INFO - [2025-04-29T02:46:30.784+0000] {dagbag.py:587} INFO - Filling up the DagBag from /opt/airflow/dags/simple-dag.py
[2025-04-29T02:46:30.794+0000] {processor.py:925} INFO - DAG(s) 'demo' retrieved from /opt/airflow/dags/simple-dag.py
[2025-04-29T02:46:30.872+0000] {logging_mixin.py:190} INFO - [2025-04-29T02:46:30.871+0000] {override.py:1858} INFO - Created Permission View: can edit on DAG:demo
[2025-04-29T02:46:30.881+0000] {logging_mixin.py:190} INFO - [2025-04-29T02:46:30.880+0000] {override.py:1858} INFO - Created Permission View: can read on DAG:demo
[2025-04-29T02:46:30.886+0000] {logging_mixin.py:190} INFO - [2025-04-29T02:46:30.886+0000] {override.py:1858} INFO - Created Permission View: can delete on DAG:demo
[2025-04-29T02:46:30.887+0000] {logging_mixin.py:190} INFO - [2025-04-29T02:46:30.887+0000] {dag.py:3211} INFO - Sync 1 DAGs
[2025-04-29T02:46:30.896+0000] {logging_mixin.py:190} INFO - [2025-04-29T02:46:30.896+0000] {dag.py:3234} INFO - Creating ORM DAG for demo
[2025-04-29T02:46:30.905+0000] {logging_mixin.py:190} INFO - [2025-04-29T02:46:30.904+0000] {dag.py:4138} INFO - Setting next_dagrun for demo to 2022-01-01 00:00:00+00:00, run_after=2022-01-02 00:00:00+00:00
[2025-04-29T02:46:30.918+0000] {processor.py:208} INFO - Processing /opt/airflow/dags/simple-dag.py took 0.143 seconds
[2025-04-29T02:47:00.959+0000] {processor.py:186} INFO - Started process (PID=136) to work on /opt/airflow/dags/simple-dag.py
[2025-04-29T02:47:00.960+0000] {processor.py:914} INFO - Processing file /opt/airflow/dags/simple-dag.py for tasks to queue
[2025-04-29T02:47:00.962+0000] {logging_mixin.py:190} INFO - [2025-04-29T02:47:00.961+0000] {dagbag.py:587} INFO - Filling up the DagBag from /opt/airflow/dags/simple-dag.py
[2025-04-29T02:47:00.970+0000] {processor.py:925} INFO - DAG(s) 'demo' retrieved from /opt/airflow/dags/simple-dag.py
[2025-04-29T02:47:00.992+0000] {logging_mixin.py:190} INFO - [2025-04-29T02:47:00.992+0000] {dag.py:3211} INFO - Sync 1 DAGs
[2025-04-29T02:47:01.010+0000] {logging_mixin.py:190} INFO - [2025-04-29T02:47:01.010+0000] {dag.py:4138} INFO - Setting next_dagrun for demo to 2022-01-01 00:00:00+00:00, run_after=2022-01-02 00:00:00+00:00
[2025-04-29T02:47:01.024+0000] {processor.py:208} INFO - Processing /opt/airflow/dags/simple-dag.py took 0.070 seconds
[2025-04-29T02:47:31.210+0000] {processor.py:186} INFO - Started process (PID=146) to work on /opt/airflow/dags/simple-dag.py
[2025-04-29T02:47:31.211+0000] {processor.py:914} INFO - Processing file /opt/airflow/dags/simple-dag.py for tasks to queue
[2025-04-29T02:47:31.214+0000] {logging_mixin.py:190} INFO - [2025-04-29T02:47:31.213+0000] {dagbag.py:587} INFO - Filling up the DagBag from /opt/airflow/dags/simple-dag.py
[2025-04-29T02:47:31.223+0000] {processor.py:925} INFO - DAG(s) 'demo' retrieved from /opt/airflow/dags/simple-dag.py
[2025-04-29T02:47:31.247+0000] {logging_mixin.py:190} INFO - [2025-04-29T02:47:31.247+0000] {dag.py:3211} INFO - Sync 1 DAGs
[2025-04-29T02:47:31.263+0000] {logging_mixin.py:190} INFO - [2025-04-29T02:47:31.263+0000] {dag.py:4138} INFO - Setting next_dagrun for demo to 2022-01-01 00:00:00+00:00, run_after=2022-01-02 00:00:00+00:00
[2025-04-29T02:47:31.275+0000] {processor.py:208} INFO - Processing /opt/airflow/dags/simple-dag.py took 0.070 seconds
[2025-04-29T02:48:01.543+0000] {processor.py:186} INFO - Started process (PID=209) to work on /opt/airflow/dags/simple-dag.py
[2025-04-29T02:48:01.544+0000] {processor.py:914} INFO - Processing file /opt/airflow/dags/simple-dag.py for tasks to queue
[2025-04-29T02:48:01.546+0000] {logging_mixin.py:190} INFO - [2025-04-29T02:48:01.546+0000] {dagbag.py:587} INFO - Filling up the DagBag from /opt/airflow/dags/simple-dag.py
[2025-04-29T02:48:01.555+0000] {processor.py:925} INFO - DAG(s) 'demo' retrieved from /opt/airflow/dags/simple-dag.py
[2025-04-29T02:48:01.582+0000] {logging_mixin.py:190} INFO - [2025-04-29T02:48:01.581+0000] {dag.py:3211} INFO - Sync 1 DAGs
[2025-04-29T02:48:01.611+0000] {logging_mixin.py:190} INFO - [2025-04-29T02:48:01.611+0000] {dag.py:4138} INFO - Setting next_dagrun for demo to 2022-01-28 00:00:00+00:00, run_after=2022-01-29 00:00:00+00:00
[2025-04-29T02:48:01.636+0000] {processor.py:208} INFO - Processing /opt/airflow/dags/simple-dag.py took 0.099 seconds
[2025-04-29T02:48:31.677+0000] {processor.py:186} INFO - Started process (PID=367) to work on /opt/airflow/dags/simple-dag.py
[2025-04-29T02:48:31.678+0000] {processor.py:914} INFO - Processing file /opt/airflow/dags/simple-dag.py for tasks to queue
[2025-04-29T02:48:31.679+0000] {logging_mixin.py:190} INFO - [2025-04-29T02:48:31.679+0000] {dagbag.py:587} INFO - Filling up the DagBag from /opt/airflow/dags/simple-dag.py
[2025-04-29T02:48:31.686+0000] {processor.py:925} INFO - DAG(s) 'demo' retrieved from /opt/airflow/dags/simple-dag.py
[2025-04-29T02:48:31.704+0000] {logging_mixin.py:190} INFO - [2025-04-29T02:48:31.704+0000] {dag.py:3211} INFO - Sync 1 DAGs
[2025-04-29T02:48:31.718+0000] {logging_mixin.py:190} INFO - [2025-04-29T02:48:31.718+0000] {dag.py:4138} INFO - Setting next_dagrun for demo to 2022-03-30 00:00:00+00:00, run_after=2022-03-31 00:00:00+00:00
[2025-04-29T02:48:31.729+0000] {processor.py:208} INFO - Processing /opt/airflow/dags/simple-dag.py took 0.057 seconds
[2025-04-29T02:49:02.545+0000] {processor.py:186} INFO - Started process (PID=459) to work on /opt/airflow/dags/simple-dag.py
[2025-04-29T02:49:02.546+0000] {processor.py:914} INFO - Processing file /opt/airflow/dags/simple-dag.py for tasks to queue
[2025-04-29T02:49:02.547+0000] {logging_mixin.py:190} INFO - [2025-04-29T02:49:02.547+0000] {dagbag.py:587} INFO - Filling up the DagBag from /opt/airflow/dags/simple-dag.py
[2025-04-29T02:49:02.554+0000] {processor.py:925} INFO - DAG(s) 'demo' retrieved from /opt/airflow/dags/simple-dag.py
[2025-04-29T02:49:02.573+0000] {logging_mixin.py:190} INFO - [2025-04-29T02:49:02.572+0000] {dag.py:3211} INFO - Sync 1 DAGs
[2025-04-29T02:49:02.587+0000] {logging_mixin.py:190} INFO - [2025-04-29T02:49:02.587+0000] {dag.py:4138} INFO - Setting next_dagrun for demo to 2022-05-31 00:00:00+00:00, run_after=2022-06-01 00:00:00+00:00
[2025-04-29T02:49:02.599+0000] {processor.py:208} INFO - Processing /opt/airflow/dags/simple-dag.py took 0.058 seconds
[2025-04-29T02:49:33.413+0000] {processor.py:186} INFO - Started process (PID=601) to work on /opt/airflow/dags/simple-dag.py
[2025-04-29T02:49:33.414+0000] {processor.py:914} INFO - Processing file /opt/airflow/dags/simple-dag.py for tasks to queue
[2025-04-29T02:49:33.416+0000] {logging_mixin.py:190} INFO - [2025-04-29T02:49:33.415+0000] {dagbag.py:587} INFO - Filling up the DagBag from /opt/airflow/dags/simple-dag.py
[2025-04-29T02:49:33.424+0000] {processor.py:925} INFO - DAG(s) 'demo' retrieved from /opt/airflow/dags/simple-dag.py
[2025-04-29T02:49:33.445+0000] {logging_mixin.py:190} INFO - [2025-04-29T02:49:33.445+0000] {dag.py:3211} INFO - Sync 1 DAGs
[2025-04-29T02:49:33.463+0000] {logging_mixin.py:190} INFO - [2025-04-29T02:49:33.463+0000] {dag.py:4138} INFO - Setting next_dagrun for demo to 2022-07-27 00:00:00+00:00, run_after=2022-07-28 00:00:00+00:00
[2025-04-29T02:49:33.477+0000] {processor.py:208} INFO - Processing /opt/airflow/dags/simple-dag.py took 0.068 seconds
[2025-04-29T02:50:04.324+0000] {processor.py:186} INFO - Started process (PID=743) to work on /opt/airflow/dags/simple-dag.py
[2025-04-29T02:50:04.336+0000] {processor.py:914} INFO - Processing file /opt/airflow/dags/simple-dag.py for tasks to queue
[2025-04-29T02:50:04.338+0000] {logging_mixin.py:190} INFO - [2025-04-29T02:50:04.338+0000] {dagbag.py:587} INFO - Filling up the DagBag from /opt/airflow/dags/simple-dag.py
[2025-04-29T02:50:04.344+0000] {processor.py:925} INFO - DAG(s) 'demo' retrieved from /opt/airflow/dags/simple-dag.py
[2025-04-29T02:50:04.362+0000] {logging_mixin.py:190} INFO - [2025-04-29T02:50:04.362+0000] {dag.py:3211} INFO - Sync 1 DAGs
[2025-04-29T02:50:04.377+0000] {logging_mixin.py:190} INFO - [2025-04-29T02:50:04.377+0000] {dag.py:4138} INFO - Setting next_dagrun for demo to 2022-09-23 00:00:00+00:00, run_after=2022-09-24 00:00:00+00:00
[2025-04-29T02:50:04.388+0000] {processor.py:208} INFO - Processing /opt/airflow/dags/simple-dag.py took 0.069 seconds
[2025-04-29T02:50:35.160+0000] {processor.py:186} INFO - Started process (PID=848) to work on /opt/airflow/dags/simple-dag.py
[2025-04-29T02:50:35.175+0000] {processor.py:914} INFO - Processing file /opt/airflow/dags/simple-dag.py for tasks to queue
[2025-04-29T02:50:35.176+0000] {logging_mixin.py:190} INFO - [2025-04-29T02:50:35.176+0000] {dagbag.py:587} INFO - Filling up the DagBag from /opt/airflow/dags/simple-dag.py
[2025-04-29T02:50:35.183+0000] {processor.py:925} INFO - DAG(s) 'demo' retrieved from /opt/airflow/dags/simple-dag.py
[2025-04-29T02:50:35.201+0000] {logging_mixin.py:190} INFO - [2025-04-29T02:50:35.200+0000] {dag.py:3211} INFO - Sync 1 DAGs
[2025-04-29T02:50:35.215+0000] {logging_mixin.py:190} INFO - [2025-04-29T02:50:35.215+0000] {dag.py:4138} INFO - Setting next_dagrun for demo to 2022-11-23 00:00:00+00:00, run_after=2022-11-24 00:00:00+00:00
[2025-04-29T02:50:35.226+0000] {processor.py:208} INFO - Processing /opt/airflow/dags/simple-dag.py took 0.070 seconds
[2025-04-29T02:51:06.050+0000] {processor.py:186} INFO - Started process (PID=968) to work on /opt/airflow/dags/simple-dag.py
[2025-04-29T02:51:06.051+0000] {processor.py:914} INFO - Processing file /opt/airflow/dags/simple-dag.py for tasks to queue
[2025-04-29T02:51:06.053+0000] {logging_mixin.py:190} INFO - [2025-04-29T02:51:06.053+0000] {dagbag.py:587} INFO - Filling up the DagBag from /opt/airflow/dags/simple-dag.py
[2025-04-29T02:51:06.060+0000] {processor.py:925} INFO - DAG(s) 'demo' retrieved from /opt/airflow/dags/simple-dag.py
[2025-04-29T02:51:06.079+0000] {logging_mixin.py:190} INFO - [2025-04-29T02:51:06.079+0000] {dag.py:3211} INFO - Sync 1 DAGs
[2025-04-29T02:51:06.093+0000] {logging_mixin.py:190} INFO - [2025-04-29T02:51:06.093+0000] {dag.py:4138} INFO - Setting next_dagrun for demo to 2023-01-21 00:00:00+00:00, run_after=2023-01-22 00:00:00+00:00
[2025-04-29T02:51:06.106+0000] {processor.py:208} INFO - Processing /opt/airflow/dags/simple-dag.py took 0.061 seconds
[2025-04-29T02:51:36.975+0000] {processor.py:186} INFO - Started process (PID=1077) to work on /opt/airflow/dags/simple-dag.py
[2025-04-29T02:51:36.976+0000] {processor.py:914} INFO - Processing file /opt/airflow/dags/simple-dag.py for tasks to queue
[2025-04-29T02:51:36.978+0000] {logging_mixin.py:190} INFO - [2025-04-29T02:51:36.978+0000] {dagbag.py:587} INFO - Filling up the DagBag from /opt/airflow/dags/simple-dag.py
[2025-04-29T02:51:36.989+0000] {processor.py:925} INFO - DAG(s) 'demo' retrieved from /opt/airflow/dags/simple-dag.py
[2025-04-29T02:51:37.019+0000] {logging_mixin.py:190} INFO - [2025-04-29T02:51:37.019+0000] {dag.py:3211} INFO - Sync 1 DAGs
[2025-04-29T02:51:37.049+0000] {logging_mixin.py:190} INFO - [2025-04-29T02:51:37.048+0000] {dag.py:4138} INFO - Setting next_dagrun for demo to 2023-03-25 00:00:00+00:00, run_after=2023-03-26 00:00:00+00:00
[2025-04-29T02:51:37.069+0000] {processor.py:208} INFO - Processing /opt/airflow/dags/simple-dag.py took 0.101 seconds
[2025-04-29T02:52:08.035+0000] {processor.py:186} INFO - Started process (PID=1192) to work on /opt/airflow/dags/simple-dag.py
[2025-04-29T02:52:08.037+0000] {processor.py:914} INFO - Processing file /opt/airflow/dags/simple-dag.py for tasks to queue
[2025-04-29T02:52:08.040+0000] {logging_mixin.py:190} INFO - [2025-04-29T02:52:08.040+0000] {dagbag.py:587} INFO - Filling up the DagBag from /opt/airflow/dags/simple-dag.py
[2025-04-29T02:52:08.048+0000] {processor.py:925} INFO - DAG(s) 'demo' retrieved from /opt/airflow/dags/simple-dag.py
[2025-04-29T02:52:08.069+0000] {logging_mixin.py:190} INFO - [2025-04-29T02:52:08.069+0000] {dag.py:3211} INFO - Sync 1 DAGs
[2025-04-29T02:52:08.087+0000] {logging_mixin.py:190} INFO - [2025-04-29T02:52:08.086+0000] {dag.py:4138} INFO - Setting next_dagrun for demo to 2023-05-15 00:00:00+00:00, run_after=2023-05-16 00:00:00+00:00
[2025-04-29T02:52:08.102+0000] {processor.py:208} INFO - Processing /opt/airflow/dags/simple-dag.py took 0.073 seconds
[2025-04-29T02:52:39.109+0000] {processor.py:186} INFO - Started process (PID=1341) to work on /opt/airflow/dags/simple-dag.py
[2025-04-29T02:52:39.110+0000] {processor.py:914} INFO - Processing file /opt/airflow/dags/simple-dag.py for tasks to queue
[2025-04-29T02:52:39.111+0000] {logging_mixin.py:190} INFO - [2025-04-29T02:52:39.111+0000] {dagbag.py:587} INFO - Filling up the DagBag from /opt/airflow/dags/simple-dag.py
[2025-04-29T02:52:39.118+0000] {processor.py:925} INFO - DAG(s) 'demo' retrieved from /opt/airflow/dags/simple-dag.py
[2025-04-29T02:52:39.135+0000] {logging_mixin.py:190} INFO - [2025-04-29T02:52:39.135+0000] {dag.py:3211} INFO - Sync 1 DAGs
[2025-04-29T02:52:39.150+0000] {logging_mixin.py:190} INFO - [2025-04-29T02:52:39.150+0000] {dag.py:4138} INFO - Setting next_dagrun for demo to 2023-07-20 00:00:00+00:00, run_after=2023-07-21 00:00:00+00:00
[2025-04-29T02:52:39.162+0000] {processor.py:208} INFO - Processing /opt/airflow/dags/simple-dag.py took 0.057 seconds
[2025-04-29T02:53:10.043+0000] {processor.py:186} INFO - Started process (PID=1413) to work on /opt/airflow/dags/simple-dag.py
[2025-04-29T02:53:10.044+0000] {processor.py:914} INFO - Processing file /opt/airflow/dags/simple-dag.py for tasks to queue
[2025-04-29T02:53:10.045+0000] {logging_mixin.py:190} INFO - [2025-04-29T02:53:10.045+0000] {dagbag.py:587} INFO - Filling up the DagBag from /opt/airflow/dags/simple-dag.py
[2025-04-29T02:53:10.053+0000] {processor.py:925} INFO - DAG(s) 'demo' retrieved from /opt/airflow/dags/simple-dag.py
[2025-04-29T02:53:10.074+0000] {logging_mixin.py:190} INFO - [2025-04-29T02:53:10.074+0000] {dag.py:3211} INFO - Sync 1 DAGs
[2025-04-29T02:53:10.090+0000] {logging_mixin.py:190} INFO - [2025-04-29T02:53:10.090+0000] {dag.py:4138} INFO - Setting next_dagrun for demo to 2023-09-15 00:00:00+00:00, run_after=2023-09-16 00:00:00+00:00
[2025-04-29T02:53:10.102+0000] {processor.py:208} INFO - Processing /opt/airflow/dags/simple-dag.py took 0.062 seconds
[2025-04-29T02:53:40.870+0000] {processor.py:186} INFO - Started process (PID=1517) to work on /opt/airflow/dags/simple-dag.py
[2025-04-29T02:53:40.871+0000] {processor.py:914} INFO - Processing file /opt/airflow/dags/simple-dag.py for tasks to queue
[2025-04-29T02:53:40.873+0000] {logging_mixin.py:190} INFO - [2025-04-29T02:53:40.873+0000] {dagbag.py:587} INFO - Filling up the DagBag from /opt/airflow/dags/simple-dag.py
[2025-04-29T02:53:40.882+0000] {processor.py:925} INFO - DAG(s) 'demo' retrieved from /opt/airflow/dags/simple-dag.py
[2025-04-29T02:53:40.907+0000] {logging_mixin.py:190} INFO - [2025-04-29T02:53:40.907+0000] {dag.py:3211} INFO - Sync 1 DAGs
[2025-04-29T02:53:40.932+0000] {logging_mixin.py:190} INFO - [2025-04-29T02:53:40.932+0000] {dag.py:4138} INFO - Setting next_dagrun for demo to 2023-11-15 00:00:00+00:00, run_after=2023-11-16 00:00:00+00:00
[2025-04-29T02:53:40.950+0000] {processor.py:208} INFO - Processing /opt/airflow/dags/simple-dag.py took 0.085 seconds
[2025-04-29T02:54:11.729+0000] {processor.py:186} INFO - Started process (PID=1612) to work on /opt/airflow/dags/simple-dag.py
[2025-04-29T02:54:11.730+0000] {processor.py:914} INFO - Processing file /opt/airflow/dags/simple-dag.py for tasks to queue
[2025-04-29T02:54:11.731+0000] {logging_mixin.py:190} INFO - [2025-04-29T02:54:11.731+0000] {dagbag.py:587} INFO - Filling up the DagBag from /opt/airflow/dags/simple-dag.py
[2025-04-29T02:54:11.738+0000] {processor.py:925} INFO - DAG(s) 'demo' retrieved from /opt/airflow/dags/simple-dag.py
[2025-04-29T02:54:11.756+0000] {logging_mixin.py:190} INFO - [2025-04-29T02:54:11.755+0000] {dag.py:3211} INFO - Sync 1 DAGs
[2025-04-29T02:54:11.771+0000] {logging_mixin.py:190} INFO - [2025-04-29T02:54:11.771+0000] {dag.py:4138} INFO - Setting next_dagrun for demo to 2024-01-14 00:00:00+00:00, run_after=2024-01-15 00:00:00+00:00
[2025-04-29T02:54:11.785+0000] {processor.py:208} INFO - Processing /opt/airflow/dags/simple-dag.py took 0.060 seconds
[2025-04-29T02:54:42.699+0000] {processor.py:186} INFO - Started process (PID=1680) to work on /opt/airflow/dags/simple-dag.py
[2025-04-29T02:54:42.699+0000] {processor.py:914} INFO - Processing file /opt/airflow/dags/simple-dag.py for tasks to queue
[2025-04-29T02:54:42.701+0000] {logging_mixin.py:190} INFO - [2025-04-29T02:54:42.701+0000] {dagbag.py:587} INFO - Filling up the DagBag from /opt/airflow/dags/simple-dag.py
[2025-04-29T02:54:42.708+0000] {processor.py:925} INFO - DAG(s) 'demo' retrieved from /opt/airflow/dags/simple-dag.py
[2025-04-29T02:54:42.728+0000] {logging_mixin.py:190} INFO - [2025-04-29T02:54:42.728+0000] {dag.py:3211} INFO - Sync 1 DAGs
[2025-04-29T02:54:42.744+0000] {logging_mixin.py:190} INFO - [2025-04-29T02:54:42.744+0000] {dag.py:4138} INFO - Setting next_dagrun for demo to 2024-02-28 00:00:00+00:00, run_after=2024-02-29 00:00:00+00:00
[2025-04-29T02:54:42.755+0000] {processor.py:208} INFO - Processing /opt/airflow/dags/simple-dag.py took 0.061 seconds
[2025-04-29T02:55:13.708+0000] {processor.py:186} INFO - Started process (PID=1826) to work on /opt/airflow/dags/simple-dag.py
[2025-04-29T02:55:13.709+0000] {processor.py:914} INFO - Processing file /opt/airflow/dags/simple-dag.py for tasks to queue
[2025-04-29T02:55:13.710+0000] {logging_mixin.py:190} INFO - [2025-04-29T02:55:13.710+0000] {dagbag.py:587} INFO - Filling up the DagBag from /opt/airflow/dags/simple-dag.py
[2025-04-29T02:55:13.717+0000] {processor.py:925} INFO - DAG(s) 'demo' retrieved from /opt/airflow/dags/simple-dag.py
[2025-04-29T02:55:13.735+0000] {logging_mixin.py:190} INFO - [2025-04-29T02:55:13.735+0000] {dag.py:3211} INFO - Sync 1 DAGs
[2025-04-29T02:55:13.750+0000] {logging_mixin.py:190} INFO - [2025-04-29T02:55:13.749+0000] {dag.py:4138} INFO - Setting next_dagrun for demo to 2024-04-28 00:00:00+00:00, run_after=2024-04-29 00:00:00+00:00
[2025-04-29T02:55:13.762+0000] {processor.py:208} INFO - Processing /opt/airflow/dags/simple-dag.py took 0.058 seconds
[2025-04-29T02:55:44.602+0000] {processor.py:186} INFO - Started process (PID=1906) to work on /opt/airflow/dags/simple-dag.py
[2025-04-29T02:55:44.603+0000] {processor.py:914} INFO - Processing file /opt/airflow/dags/simple-dag.py for tasks to queue
[2025-04-29T02:55:44.605+0000] {logging_mixin.py:190} INFO - [2025-04-29T02:55:44.604+0000] {dagbag.py:587} INFO - Filling up the DagBag from /opt/airflow/dags/simple-dag.py
[2025-04-29T02:55:44.613+0000] {processor.py:925} INFO - DAG(s) 'demo' retrieved from /opt/airflow/dags/simple-dag.py
[2025-04-29T02:55:44.633+0000] {logging_mixin.py:190} INFO - [2025-04-29T02:55:44.633+0000] {dag.py:3211} INFO - Sync 1 DAGs
[2025-04-29T02:55:44.649+0000] {logging_mixin.py:190} INFO - [2025-04-29T02:55:44.649+0000] {dag.py:4138} INFO - Setting next_dagrun for demo to 2024-06-21 00:00:00+00:00, run_after=2024-06-22 00:00:00+00:00
[2025-04-29T02:55:44.661+0000] {processor.py:208} INFO - Processing /opt/airflow/dags/simple-dag.py took 0.063 seconds
[2025-04-29T02:56:14.915+0000] {processor.py:186} INFO - Started process (PID=2025) to work on /opt/airflow/dags/simple-dag.py
[2025-04-29T02:56:14.927+0000] {processor.py:914} INFO - Processing file /opt/airflow/dags/simple-dag.py for tasks to queue
[2025-04-29T02:56:14.928+0000] {logging_mixin.py:190} INFO - [2025-04-29T02:56:14.928+0000] {dagbag.py:587} INFO - Filling up the DagBag from /opt/airflow/dags/simple-dag.py
[2025-04-29T02:56:14.935+0000] {processor.py:925} INFO - DAG(s) 'demo' retrieved from /opt/airflow/dags/simple-dag.py
[2025-04-29T02:56:14.953+0000] {logging_mixin.py:190} INFO - [2025-04-29T02:56:14.953+0000] {dag.py:3211} INFO - Sync 1 DAGs
[2025-04-29T02:56:14.969+0000] {logging_mixin.py:190} INFO - [2025-04-29T02:56:14.969+0000] {dag.py:4138} INFO - Setting next_dagrun for demo to 2024-08-17 00:00:00+00:00, run_after=2024-08-18 00:00:00+00:00
[2025-04-29T02:56:14.980+0000] {processor.py:208} INFO - Processing /opt/airflow/dags/simple-dag.py took 0.069 seconds
[2025-04-29T02:56:45.834+0000] {processor.py:186} INFO - Started process (PID=2067) to work on /opt/airflow/dags/simple-dag.py
[2025-04-29T02:56:45.834+0000] {processor.py:914} INFO - Processing file /opt/airflow/dags/simple-dag.py for tasks to queue
[2025-04-29T02:56:45.836+0000] {logging_mixin.py:190} INFO - [2025-04-29T02:56:45.836+0000] {dagbag.py:587} INFO - Filling up the DagBag from /opt/airflow/dags/simple-dag.py
[2025-04-29T02:56:45.842+0000] {processor.py:925} INFO - DAG(s) 'demo' retrieved from /opt/airflow/dags/simple-dag.py
[2025-04-29T02:56:45.861+0000] {logging_mixin.py:190} INFO - [2025-04-29T02:56:45.861+0000] {dag.py:3211} INFO - Sync 1 DAGs
[2025-04-29T02:56:45.877+0000] {logging_mixin.py:190} INFO - [2025-04-29T02:56:45.876+0000] {dag.py:4138} INFO - Setting next_dagrun for demo to 2024-10-12 00:00:00+00:00, run_after=2024-10-13 00:00:00+00:00
[2025-04-29T02:56:45.890+0000] {processor.py:208} INFO - Processing /opt/airflow/dags/simple-dag.py took 0.061 seconds
[2025-04-29T02:57:16.789+0000] {processor.py:186} INFO - Started process (PID=2197) to work on /opt/airflow/dags/simple-dag.py
[2025-04-29T02:57:16.790+0000] {processor.py:914} INFO - Processing file /opt/airflow/dags/simple-dag.py for tasks to queue
[2025-04-29T02:57:16.791+0000] {logging_mixin.py:190} INFO - [2025-04-29T02:57:16.791+0000] {dagbag.py:587} INFO - Filling up the DagBag from /opt/airflow/dags/simple-dag.py
[2025-04-29T02:57:16.799+0000] {processor.py:925} INFO - DAG(s) 'demo' retrieved from /opt/airflow/dags/simple-dag.py
[2025-04-29T02:57:16.825+0000] {logging_mixin.py:190} INFO - [2025-04-29T02:57:16.824+0000] {dag.py:3211} INFO - Sync 1 DAGs
[2025-04-29T02:57:16.843+0000] {logging_mixin.py:190} INFO - [2025-04-29T02:57:16.843+0000] {dag.py:4138} INFO - Setting next_dagrun for demo to 2024-12-15 00:00:00+00:00, run_after=2024-12-16 00:00:00+00:00
[2025-04-29T02:57:16.859+0000] {processor.py:208} INFO - Processing /opt/airflow/dags/simple-dag.py took 0.075 seconds
[2025-04-29T02:57:47.650+0000] {processor.py:186} INFO - Started process (PID=2299) to work on /opt/airflow/dags/simple-dag.py
[2025-04-29T02:57:47.651+0000] {processor.py:914} INFO - Processing file /opt/airflow/dags/simple-dag.py for tasks to queue
[2025-04-29T02:57:47.653+0000] {logging_mixin.py:190} INFO - [2025-04-29T02:57:47.653+0000] {dagbag.py:587} INFO - Filling up the DagBag from /opt/airflow/dags/simple-dag.py
[2025-04-29T02:57:47.660+0000] {processor.py:925} INFO - DAG(s) 'demo' retrieved from /opt/airflow/dags/simple-dag.py
[2025-04-29T02:57:47.677+0000] {logging_mixin.py:190} INFO - [2025-04-29T02:57:47.677+0000] {dag.py:3211} INFO - Sync 1 DAGs
[2025-04-29T02:57:47.692+0000] {logging_mixin.py:190} INFO - [2025-04-29T02:57:47.692+0000] {dag.py:4138} INFO - Setting next_dagrun for demo to 2025-02-13 00:00:00+00:00, run_after=2025-02-14 00:00:00+00:00
[2025-04-29T02:57:47.703+0000] {processor.py:208} INFO - Processing /opt/airflow/dags/simple-dag.py took 0.057 seconds
[2025-04-29T02:58:18.542+0000] {processor.py:186} INFO - Started process (PID=2434) to work on /opt/airflow/dags/simple-dag.py
[2025-04-29T02:58:18.542+0000] {processor.py:914} INFO - Processing file /opt/airflow/dags/simple-dag.py for tasks to queue
[2025-04-29T02:58:18.544+0000] {logging_mixin.py:190} INFO - [2025-04-29T02:58:18.544+0000] {dagbag.py:587} INFO - Filling up the DagBag from /opt/airflow/dags/simple-dag.py
[2025-04-29T02:58:18.551+0000] {processor.py:925} INFO - DAG(s) 'demo' retrieved from /opt/airflow/dags/simple-dag.py
[2025-04-29T02:58:18.569+0000] {logging_mixin.py:190} INFO - [2025-04-29T02:58:18.569+0000] {dag.py:3211} INFO - Sync 1 DAGs
[2025-04-29T02:58:18.584+0000] {logging_mixin.py:190} INFO - [2025-04-29T02:58:18.584+0000] {dag.py:4138} INFO - Setting next_dagrun for demo to 2025-04-12 00:00:00+00:00, run_after=2025-04-13 00:00:00+00:00
[2025-04-29T02:58:18.599+0000] {processor.py:208} INFO - Processing /opt/airflow/dags/simple-dag.py took 0.061 seconds
[2025-04-29T02:58:49.586+0000] {processor.py:186} INFO - Started process (PID=2460) to work on /opt/airflow/dags/simple-dag.py
[2025-04-29T02:58:49.587+0000] {processor.py:914} INFO - Processing file /opt/airflow/dags/simple-dag.py for tasks to queue
[2025-04-29T02:58:49.589+0000] {logging_mixin.py:190} INFO - [2025-04-29T02:58:49.589+0000] {dagbag.py:587} INFO - Filling up the DagBag from /opt/airflow/dags/simple-dag.py
[2025-04-29T02:58:49.596+0000] {processor.py:925} INFO - DAG(s) 'demo' retrieved from /opt/airflow/dags/simple-dag.py
[2025-04-29T02:58:49.616+0000] {logging_mixin.py:190} INFO - [2025-04-29T02:58:49.616+0000] {dag.py:3211} INFO - Sync 1 DAGs
[2025-04-29T02:58:49.631+0000] {logging_mixin.py:190} INFO - [2025-04-29T02:58:49.631+0000] {dag.py:4138} INFO - Setting next_dagrun for demo to 2025-04-29 00:00:00+00:00, run_after=2025-04-30 00:00:00+00:00
[2025-04-29T02:58:49.643+0000] {processor.py:208} INFO - Processing /opt/airflow/dags/simple-dag.py took 0.061 seconds
[2025-04-29T02:59:20.614+0000] {processor.py:186} INFO - Started process (PID=2470) to work on /opt/airflow/dags/simple-dag.py
[2025-04-29T02:59:20.615+0000] {processor.py:914} INFO - Processing file /opt/airflow/dags/simple-dag.py for tasks to queue
[2025-04-29T02:59:20.617+0000] {logging_mixin.py:190} INFO - [2025-04-29T02:59:20.617+0000] {dagbag.py:587} INFO - Filling up the DagBag from /opt/airflow/dags/simple-dag.py
[2025-04-29T02:59:20.624+0000] {processor.py:925} INFO - DAG(s) 'demo' retrieved from /opt/airflow/dags/simple-dag.py
[2025-04-29T02:59:20.642+0000] {logging_mixin.py:190} INFO - [2025-04-29T02:59:20.642+0000] {dag.py:3211} INFO - Sync 1 DAGs
[2025-04-29T02:59:20.658+0000] {logging_mixin.py:190} INFO - [2025-04-29T02:59:20.658+0000] {dag.py:4138} INFO - Setting next_dagrun for demo to 2025-04-29 00:00:00+00:00, run_after=2025-04-30 00:00:00+00:00
[2025-04-29T02:59:20.672+0000] {processor.py:208} INFO - Processing /opt/airflow/dags/simple-dag.py took 0.064 seconds
[2025-04-29T02:59:51.617+0000] {processor.py:186} INFO - Started process (PID=2480) to work on /opt/airflow/dags/simple-dag.py
[2025-04-29T02:59:51.618+0000] {processor.py:914} INFO - Processing file /opt/airflow/dags/simple-dag.py for tasks to queue
[2025-04-29T02:59:51.620+0000] {logging_mixin.py:190} INFO - [2025-04-29T02:59:51.619+0000] {dagbag.py:587} INFO - Filling up the DagBag from /opt/airflow/dags/simple-dag.py
[2025-04-29T02:59:51.626+0000] {processor.py:925} INFO - DAG(s) 'demo' retrieved from /opt/airflow/dags/simple-dag.py
[2025-04-29T02:59:51.648+0000] {logging_mixin.py:190} INFO - [2025-04-29T02:59:51.648+0000] {dag.py:3211} INFO - Sync 1 DAGs
[2025-04-29T02:59:51.664+0000] {logging_mixin.py:190} INFO - [2025-04-29T02:59:51.663+0000] {dag.py:4138} INFO - Setting next_dagrun for demo to 2025-04-29 00:00:00+00:00, run_after=2025-04-30 00:00:00+00:00
[2025-04-29T02:59:51.676+0000] {processor.py:208} INFO - Processing /opt/airflow/dags/simple-dag.py took 0.064 seconds
[2025-04-29T03:00:22.476+0000] {processor.py:186} INFO - Started process (PID=2490) to work on /opt/airflow/dags/simple-dag.py
[2025-04-29T03:00:22.480+0000] {processor.py:914} INFO - Processing file /opt/airflow/dags/simple-dag.py for tasks to queue
[2025-04-29T03:00:22.482+0000] {logging_mixin.py:190} INFO - [2025-04-29T03:00:22.481+0000] {dagbag.py:587} INFO - Filling up the DagBag from /opt/airflow/dags/simple-dag.py
[2025-04-29T03:00:22.489+0000] {processor.py:925} INFO - DAG(s) 'demo' retrieved from /opt/airflow/dags/simple-dag.py
[2025-04-29T03:00:22.506+0000] {logging_mixin.py:190} INFO - [2025-04-29T03:00:22.506+0000] {dag.py:3211} INFO - Sync 1 DAGs
[2025-04-29T03:00:22.522+0000] {logging_mixin.py:190} INFO - [2025-04-29T03:00:22.522+0000] {dag.py:4138} INFO - Setting next_dagrun for demo to 2025-04-29 00:00:00+00:00, run_after=2025-04-30 00:00:00+00:00
[2025-04-29T03:00:22.533+0000] {processor.py:208} INFO - Processing /opt/airflow/dags/simple-dag.py took 0.062 seconds
[2025-04-29T03:00:53.449+0000] {processor.py:186} INFO - Started process (PID=2500) to work on /opt/airflow/dags/simple-dag.py
[2025-04-29T03:00:53.450+0000] {processor.py:914} INFO - Processing file /opt/airflow/dags/simple-dag.py for tasks to queue
[2025-04-29T03:00:53.452+0000] {logging_mixin.py:190} INFO - [2025-04-29T03:00:53.451+0000] {dagbag.py:587} INFO - Filling up the DagBag from /opt/airflow/dags/simple-dag.py
[2025-04-29T03:00:53.458+0000] {processor.py:925} INFO - DAG(s) 'demo' retrieved from /opt/airflow/dags/simple-dag.py
[2025-04-29T03:00:53.477+0000] {logging_mixin.py:190} INFO - [2025-04-29T03:00:53.477+0000] {dag.py:3211} INFO - Sync 1 DAGs
[2025-04-29T03:00:53.494+0000] {logging_mixin.py:190} INFO - [2025-04-29T03:00:53.494+0000] {dag.py:4138} INFO - Setting next_dagrun for demo to 2025-04-29 00:00:00+00:00, run_after=2025-04-30 00:00:00+00:00
[2025-04-29T03:00:53.506+0000] {processor.py:208} INFO - Processing /opt/airflow/dags/simple-dag.py took 0.061 seconds
[2025-04-29T03:01:24.357+0000] {processor.py:186} INFO - Started process (PID=2510) to work on /opt/airflow/dags/simple-dag.py
[2025-04-29T03:01:24.358+0000] {processor.py:914} INFO - Processing file /opt/airflow/dags/simple-dag.py for tasks to queue
[2025-04-29T03:01:24.360+0000] {logging_mixin.py:190} INFO - [2025-04-29T03:01:24.360+0000] {dagbag.py:587} INFO - Filling up the DagBag from /opt/airflow/dags/simple-dag.py
[2025-04-29T03:01:24.368+0000] {processor.py:925} INFO - DAG(s) 'demo' retrieved from /opt/airflow/dags/simple-dag.py
[2025-04-29T03:01:24.390+0000] {logging_mixin.py:190} INFO - [2025-04-29T03:01:24.390+0000] {dag.py:3211} INFO - Sync 1 DAGs
[2025-04-29T03:01:24.408+0000] {logging_mixin.py:190} INFO - [2025-04-29T03:01:24.407+0000] {dag.py:4138} INFO - Setting next_dagrun for demo to 2025-04-29 00:00:00+00:00, run_after=2025-04-30 00:00:00+00:00
[2025-04-29T03:01:24.421+0000] {processor.py:208} INFO - Processing /opt/airflow/dags/simple-dag.py took 0.068 seconds
[2025-04-29T03:01:55.318+0000] {processor.py:186} INFO - Started process (PID=2520) to work on /opt/airflow/dags/simple-dag.py
[2025-04-29T03:01:55.329+0000] {processor.py:914} INFO - Processing file /opt/airflow/dags/simple-dag.py for tasks to queue
[2025-04-29T03:01:55.330+0000] {logging_mixin.py:190} INFO - [2025-04-29T03:01:55.330+0000] {dagbag.py:587} INFO - Filling up the DagBag from /opt/airflow/dags/simple-dag.py
[2025-04-29T03:01:55.337+0000] {processor.py:925} INFO - DAG(s) 'demo' retrieved from /opt/airflow/dags/simple-dag.py
[2025-04-29T03:01:55.357+0000] {logging_mixin.py:190} INFO - [2025-04-29T03:01:55.357+0000] {dag.py:3211} INFO - Sync 1 DAGs
[2025-04-29T03:01:55.373+0000] {logging_mixin.py:190} INFO - [2025-04-29T03:01:55.372+0000] {dag.py:4138} INFO - Setting next_dagrun for demo to 2025-04-29 00:00:00+00:00, run_after=2025-04-30 00:00:00+00:00
[2025-04-29T03:01:55.385+0000] {processor.py:208} INFO - Processing /opt/airflow/dags/simple-dag.py took 0.072 seconds
[2025-04-29T03:02:25.869+0000] {processor.py:186} INFO - Started process (PID=2536) to work on /opt/airflow/dags/simple-dag.py
[2025-04-29T03:02:25.870+0000] {processor.py:914} INFO - Processing file /opt/airflow/dags/simple-dag.py for tasks to queue
[2025-04-29T03:02:25.871+0000] {logging_mixin.py:190} INFO - [2025-04-29T03:02:25.871+0000] {dagbag.py:587} INFO - Filling up the DagBag from /opt/airflow/dags/simple-dag.py
[2025-04-29T03:02:25.878+0000] {processor.py:925} INFO - DAG(s) 'demo' retrieved from /opt/airflow/dags/simple-dag.py
[2025-04-29T03:02:25.905+0000] {logging_mixin.py:190} INFO - [2025-04-29T03:02:25.905+0000] {dag.py:3211} INFO - Sync 1 DAGs
[2025-04-29T03:02:25.924+0000] {logging_mixin.py:190} INFO - [2025-04-29T03:02:25.923+0000] {dag.py:4138} INFO - Setting next_dagrun for demo to 2025-04-29 00:00:00+00:00, run_after=2025-04-30 00:00:00+00:00
[2025-04-29T03:02:25.936+0000] {processor.py:208} INFO - Processing /opt/airflow/dags/simple-dag.py took 0.072 seconds
[2025-04-29T03:02:56.833+0000] {processor.py:186} INFO - Started process (PID=2546) to work on /opt/airflow/dags/simple-dag.py
[2025-04-29T03:02:56.834+0000] {processor.py:914} INFO - Processing file /opt/airflow/dags/simple-dag.py for tasks to queue
[2025-04-29T03:02:56.836+0000] {logging_mixin.py:190} INFO - [2025-04-29T03:02:56.836+0000] {dagbag.py:587} INFO - Filling up the DagBag from /opt/airflow/dags/simple-dag.py
[2025-04-29T03:02:56.844+0000] {processor.py:925} INFO - DAG(s) 'demo' retrieved from /opt/airflow/dags/simple-dag.py
[2025-04-29T03:02:56.864+0000] {logging_mixin.py:190} INFO - [2025-04-29T03:02:56.863+0000] {dag.py:3211} INFO - Sync 1 DAGs
[2025-04-29T03:02:56.878+0000] {logging_mixin.py:190} INFO - [2025-04-29T03:02:56.878+0000] {dag.py:4138} INFO - Setting next_dagrun for demo to 2025-04-29 00:00:00+00:00, run_after=2025-04-30 00:00:00+00:00
[2025-04-29T03:02:56.890+0000] {processor.py:208} INFO - Processing /opt/airflow/dags/simple-dag.py took 0.063 seconds
[2025-04-29T03:03:27.890+0000] {processor.py:186} INFO - Started process (PID=2556) to work on /opt/airflow/dags/simple-dag.py
[2025-04-29T03:03:27.892+0000] {processor.py:914} INFO - Processing file /opt/airflow/dags/simple-dag.py for tasks to queue
[2025-04-29T03:03:27.893+0000] {logging_mixin.py:190} INFO - [2025-04-29T03:03:27.893+0000] {dagbag.py:587} INFO - Filling up the DagBag from /opt/airflow/dags/simple-dag.py
[2025-04-29T03:03:27.900+0000] {processor.py:925} INFO - DAG(s) 'demo' retrieved from /opt/airflow/dags/simple-dag.py
[2025-04-29T03:03:27.918+0000] {logging_mixin.py:190} INFO - [2025-04-29T03:03:27.918+0000] {dag.py:3211} INFO - Sync 1 DAGs
[2025-04-29T03:03:27.935+0000] {logging_mixin.py:190} INFO - [2025-04-29T03:03:27.934+0000] {dag.py:4138} INFO - Setting next_dagrun for demo to 2025-04-29 00:00:00+00:00, run_after=2025-04-30 00:00:00+00:00
[2025-04-29T03:03:27.946+0000] {processor.py:208} INFO - Processing /opt/airflow/dags/simple-dag.py took 0.060 seconds
[2025-04-29T03:03:57.984+0000] {processor.py:186} INFO - Started process (PID=2566) to work on /opt/airflow/dags/simple-dag.py
[2025-04-29T03:03:57.985+0000] {processor.py:914} INFO - Processing file /opt/airflow/dags/simple-dag.py for tasks to queue
[2025-04-29T03:03:57.986+0000] {logging_mixin.py:190} INFO - [2025-04-29T03:03:57.986+0000] {dagbag.py:587} INFO - Filling up the DagBag from /opt/airflow/dags/simple-dag.py
[2025-04-29T03:03:57.993+0000] {processor.py:925} INFO - DAG(s) 'demo' retrieved from /opt/airflow/dags/simple-dag.py
[2025-04-29T03:03:58.012+0000] {logging_mixin.py:190} INFO - [2025-04-29T03:03:58.012+0000] {dag.py:3211} INFO - Sync 1 DAGs
[2025-04-29T03:03:58.029+0000] {logging_mixin.py:190} INFO - [2025-04-29T03:03:58.028+0000] {dag.py:4138} INFO - Setting next_dagrun for demo to 2025-04-29 00:00:00+00:00, run_after=2025-04-30 00:00:00+00:00
[2025-04-29T03:03:58.040+0000] {processor.py:208} INFO - Processing /opt/airflow/dags/simple-dag.py took 0.061 seconds
[2025-04-29T03:04:28.087+0000] {processor.py:186} INFO - Started process (PID=2576) to work on /opt/airflow/dags/simple-dag.py
[2025-04-29T03:04:28.088+0000] {processor.py:914} INFO - Processing file /opt/airflow/dags/simple-dag.py for tasks to queue
[2025-04-29T03:04:28.090+0000] {logging_mixin.py:190} INFO - [2025-04-29T03:04:28.089+0000] {dagbag.py:587} INFO - Filling up the DagBag from /opt/airflow/dags/simple-dag.py
[2025-04-29T03:04:28.097+0000] {processor.py:925} INFO - DAG(s) 'demo' retrieved from /opt/airflow/dags/simple-dag.py
[2025-04-29T03:04:28.120+0000] {logging_mixin.py:190} INFO - [2025-04-29T03:04:28.120+0000] {dag.py:3211} INFO - Sync 1 DAGs
[2025-04-29T03:04:28.138+0000] {logging_mixin.py:190} INFO - [2025-04-29T03:04:28.138+0000] {dag.py:4138} INFO - Setting next_dagrun for demo to 2025-04-29 00:00:00+00:00, run_after=2025-04-30 00:00:00+00:00
[2025-04-29T03:04:28.152+0000] {processor.py:208} INFO - Processing /opt/airflow/dags/simple-dag.py took 0.069 seconds
[2025-04-29T03:04:58.481+0000] {processor.py:186} INFO - Started process (PID=2586) to work on /opt/airflow/dags/simple-dag.py
[2025-04-29T03:04:58.482+0000] {processor.py:914} INFO - Processing file /opt/airflow/dags/simple-dag.py for tasks to queue
[2025-04-29T03:04:58.483+0000] {logging_mixin.py:190} INFO - [2025-04-29T03:04:58.483+0000] {dagbag.py:587} INFO - Filling up the DagBag from /opt/airflow/dags/simple-dag.py
[2025-04-29T03:04:58.490+0000] {processor.py:925} INFO - DAG(s) 'demo' retrieved from /opt/airflow/dags/simple-dag.py
[2025-04-29T03:04:58.510+0000] {logging_mixin.py:190} INFO - [2025-04-29T03:04:58.510+0000] {dag.py:3211} INFO - Sync 1 DAGs
[2025-04-29T03:04:58.526+0000] {logging_mixin.py:190} INFO - [2025-04-29T03:04:58.526+0000] {dag.py:4138} INFO - Setting next_dagrun for demo to 2025-04-29 00:00:00+00:00, run_after=2025-04-30 00:00:00+00:00
[2025-04-29T03:04:58.539+0000] {processor.py:208} INFO - Processing /opt/airflow/dags/simple-dag.py took 0.062 seconds
[2025-04-29T03:05:29.500+0000] {processor.py:186} INFO - Started process (PID=2596) to work on /opt/airflow/dags/simple-dag.py
[2025-04-29T03:05:29.501+0000] {processor.py:914} INFO - Processing file /opt/airflow/dags/simple-dag.py for tasks to queue
[2025-04-29T03:05:29.503+0000] {logging_mixin.py:190} INFO - [2025-04-29T03:05:29.503+0000] {dagbag.py:587} INFO - Filling up the DagBag from /opt/airflow/dags/simple-dag.py
[2025-04-29T03:05:29.512+0000] {processor.py:925} INFO - DAG(s) 'demo' retrieved from /opt/airflow/dags/simple-dag.py
[2025-04-29T03:05:29.532+0000] {logging_mixin.py:190} INFO - [2025-04-29T03:05:29.532+0000] {dag.py:3211} INFO - Sync 1 DAGs
[2025-04-29T03:05:29.546+0000] {logging_mixin.py:190} INFO - [2025-04-29T03:05:29.546+0000] {dag.py:4138} INFO - Setting next_dagrun for demo to 2025-04-29 00:00:00+00:00, run_after=2025-04-30 00:00:00+00:00
[2025-04-29T03:05:29.557+0000] {processor.py:208} INFO - Processing /opt/airflow/dags/simple-dag.py took 0.061 seconds
[2025-04-29T03:05:59.691+0000] {processor.py:186} INFO - Started process (PID=2607) to work on /opt/airflow/dags/simple-dag.py
[2025-04-29T03:05:59.692+0000] {processor.py:914} INFO - Processing file /opt/airflow/dags/simple-dag.py for tasks to queue
[2025-04-29T03:05:59.694+0000] {logging_mixin.py:190} INFO - [2025-04-29T03:05:59.694+0000] {dagbag.py:587} INFO - Filling up the DagBag from /opt/airflow/dags/simple-dag.py
[2025-04-29T03:05:59.700+0000] {processor.py:925} INFO - DAG(s) 'demo' retrieved from /opt/airflow/dags/simple-dag.py
[2025-04-29T03:05:59.719+0000] {logging_mixin.py:190} INFO - [2025-04-29T03:05:59.718+0000] {dag.py:3211} INFO - Sync 1 DAGs
[2025-04-29T03:05:59.733+0000] {logging_mixin.py:190} INFO - [2025-04-29T03:05:59.732+0000] {dag.py:4138} INFO - Setting next_dagrun for demo to 2025-04-29 00:00:00+00:00, run_after=2025-04-30 00:00:00+00:00
[2025-04-29T03:05:59.743+0000] {processor.py:208} INFO - Processing /opt/airflow/dags/simple-dag.py took 0.057 seconds
[2025-04-29T03:06:29.792+0000] {processor.py:186} INFO - Started process (PID=2617) to work on /opt/airflow/dags/simple-dag.py
[2025-04-29T03:06:29.793+0000] {processor.py:914} INFO - Processing file /opt/airflow/dags/simple-dag.py for tasks to queue
[2025-04-29T03:06:29.795+0000] {logging_mixin.py:190} INFO - [2025-04-29T03:06:29.795+0000] {dagbag.py:587} INFO - Filling up the DagBag from /opt/airflow/dags/simple-dag.py
[2025-04-29T03:06:29.802+0000] {processor.py:925} INFO - DAG(s) 'demo' retrieved from /opt/airflow/dags/simple-dag.py
[2025-04-29T03:06:29.821+0000] {logging_mixin.py:190} INFO - [2025-04-29T03:06:29.821+0000] {dag.py:3211} INFO - Sync 1 DAGs
[2025-04-29T03:06:29.836+0000] {logging_mixin.py:190} INFO - [2025-04-29T03:06:29.836+0000] {dag.py:4138} INFO - Setting next_dagrun for demo to 2025-04-29 00:00:00+00:00, run_after=2025-04-30 00:00:00+00:00
[2025-04-29T03:06:29.847+0000] {processor.py:208} INFO - Processing /opt/airflow/dags/simple-dag.py took 0.060 seconds
[2025-04-29T03:07:00.311+0000] {processor.py:186} INFO - Started process (PID=2633) to work on /opt/airflow/dags/simple-dag.py
[2025-04-29T03:07:00.312+0000] {processor.py:914} INFO - Processing file /opt/airflow/dags/simple-dag.py for tasks to queue
[2025-04-29T03:07:00.314+0000] {logging_mixin.py:190} INFO - [2025-04-29T03:07:00.314+0000] {dagbag.py:587} INFO - Filling up the DagBag from /opt/airflow/dags/simple-dag.py
[2025-04-29T03:07:00.321+0000] {processor.py:925} INFO - DAG(s) 'demo' retrieved from /opt/airflow/dags/simple-dag.py
[2025-04-29T03:07:00.340+0000] {logging_mixin.py:190} INFO - [2025-04-29T03:07:00.340+0000] {dag.py:3211} INFO - Sync 1 DAGs
[2025-04-29T03:07:00.356+0000] {logging_mixin.py:190} INFO - [2025-04-29T03:07:00.356+0000] {dag.py:4138} INFO - Setting next_dagrun for demo to 2025-04-29 00:00:00+00:00, run_after=2025-04-30 00:00:00+00:00
[2025-04-29T03:07:00.369+0000] {processor.py:208} INFO - Processing /opt/airflow/dags/simple-dag.py took 0.063 seconds
[2025-04-29T03:07:30.484+0000] {processor.py:186} INFO - Started process (PID=2643) to work on /opt/airflow/dags/simple-dag.py
[2025-04-29T03:07:30.486+0000] {processor.py:914} INFO - Processing file /opt/airflow/dags/simple-dag.py for tasks to queue
[2025-04-29T03:07:30.488+0000] {logging_mixin.py:190} INFO - [2025-04-29T03:07:30.488+0000] {dagbag.py:587} INFO - Filling up the DagBag from /opt/airflow/dags/simple-dag.py
[2025-04-29T03:07:30.495+0000] {processor.py:925} INFO - DAG(s) 'demo' retrieved from /opt/airflow/dags/simple-dag.py
[2025-04-29T03:07:30.514+0000] {logging_mixin.py:190} INFO - [2025-04-29T03:07:30.514+0000] {dag.py:3211} INFO - Sync 1 DAGs
[2025-04-29T03:07:30.532+0000] {logging_mixin.py:190} INFO - [2025-04-29T03:07:30.532+0000] {dag.py:4138} INFO - Setting next_dagrun for demo to 2025-04-29 00:00:00+00:00, run_after=2025-04-30 00:00:00+00:00
[2025-04-29T03:07:30.544+0000] {processor.py:208} INFO - Processing /opt/airflow/dags/simple-dag.py took 0.064 seconds
[2025-04-29T03:08:00.925+0000] {processor.py:186} INFO - Started process (PID=2653) to work on /opt/airflow/dags/simple-dag.py
[2025-04-29T03:08:00.926+0000] {processor.py:914} INFO - Processing file /opt/airflow/dags/simple-dag.py for tasks to queue
[2025-04-29T03:08:00.928+0000] {logging_mixin.py:190} INFO - [2025-04-29T03:08:00.927+0000] {dagbag.py:587} INFO - Filling up the DagBag from /opt/airflow/dags/simple-dag.py
[2025-04-29T03:08:00.935+0000] {processor.py:925} INFO - DAG(s) 'demo' retrieved from /opt/airflow/dags/simple-dag.py
[2025-04-29T03:08:00.958+0000] {logging_mixin.py:190} INFO - [2025-04-29T03:08:00.957+0000] {dag.py:3211} INFO - Sync 1 DAGs
[2025-04-29T03:08:00.975+0000] {logging_mixin.py:190} INFO - [2025-04-29T03:08:00.975+0000] {dag.py:4138} INFO - Setting next_dagrun for demo to 2025-04-29 00:00:00+00:00, run_after=2025-04-30 00:00:00+00:00
[2025-04-29T03:08:00.987+0000] {processor.py:208} INFO - Processing /opt/airflow/dags/simple-dag.py took 0.067 seconds
[2025-04-29T03:08:31.033+0000] {processor.py:186} INFO - Started process (PID=2663) to work on /opt/airflow/dags/simple-dag.py
[2025-04-29T03:08:31.034+0000] {processor.py:914} INFO - Processing file /opt/airflow/dags/simple-dag.py for tasks to queue
[2025-04-29T03:08:31.036+0000] {logging_mixin.py:190} INFO - [2025-04-29T03:08:31.036+0000] {dagbag.py:587} INFO - Filling up the DagBag from /opt/airflow/dags/simple-dag.py
[2025-04-29T03:08:31.043+0000] {processor.py:925} INFO - DAG(s) 'demo' retrieved from /opt/airflow/dags/simple-dag.py
[2025-04-29T03:08:31.063+0000] {logging_mixin.py:190} INFO - [2025-04-29T03:08:31.062+0000] {dag.py:3211} INFO - Sync 1 DAGs
[2025-04-29T03:08:31.079+0000] {logging_mixin.py:190} INFO - [2025-04-29T03:08:31.079+0000] {dag.py:4138} INFO - Setting next_dagrun for demo to 2025-04-29 00:00:00+00:00, run_after=2025-04-30 00:00:00+00:00
[2025-04-29T03:08:31.092+0000] {processor.py:208} INFO - Processing /opt/airflow/dags/simple-dag.py took 0.064 seconds
[2025-04-29T03:09:01.314+0000] {processor.py:186} INFO - Started process (PID=2673) to work on /opt/airflow/dags/simple-dag.py
[2025-04-29T03:09:01.317+0000] {processor.py:914} INFO - Processing file /opt/airflow/dags/simple-dag.py for tasks to queue
[2025-04-29T03:09:01.319+0000] {logging_mixin.py:190} INFO - [2025-04-29T03:09:01.319+0000] {dagbag.py:587} INFO - Filling up the DagBag from /opt/airflow/dags/simple-dag.py
[2025-04-29T03:09:01.326+0000] {processor.py:925} INFO - DAG(s) 'demo' retrieved from /opt/airflow/dags/simple-dag.py
[2025-04-29T03:09:01.347+0000] {logging_mixin.py:190} INFO - [2025-04-29T03:09:01.347+0000] {dag.py:3211} INFO - Sync 1 DAGs
[2025-04-29T03:09:01.365+0000] {logging_mixin.py:190} INFO - [2025-04-29T03:09:01.364+0000] {dag.py:4138} INFO - Setting next_dagrun for demo to 2025-04-29 00:00:00+00:00, run_after=2025-04-30 00:00:00+00:00
[2025-04-29T03:09:01.377+0000] {processor.py:208} INFO - Processing /opt/airflow/dags/simple-dag.py took 0.069 seconds
[2025-04-29T03:09:31.715+0000] {processor.py:186} INFO - Started process (PID=2683) to work on /opt/airflow/dags/simple-dag.py
[2025-04-29T03:09:31.718+0000] {processor.py:914} INFO - Processing file /opt/airflow/dags/simple-dag.py for tasks to queue
[2025-04-29T03:09:31.720+0000] {logging_mixin.py:190} INFO - [2025-04-29T03:09:31.720+0000] {dagbag.py:587} INFO - Filling up the DagBag from /opt/airflow/dags/simple-dag.py
[2025-04-29T03:09:31.727+0000] {processor.py:925} INFO - DAG(s) 'demo' retrieved from /opt/airflow/dags/simple-dag.py
[2025-04-29T03:09:31.747+0000] {logging_mixin.py:190} INFO - [2025-04-29T03:09:31.747+0000] {dag.py:3211} INFO - Sync 1 DAGs
[2025-04-29T03:09:31.763+0000] {logging_mixin.py:190} INFO - [2025-04-29T03:09:31.763+0000] {dag.py:4138} INFO - Setting next_dagrun for demo to 2025-04-29 00:00:00+00:00, run_after=2025-04-30 00:00:00+00:00
[2025-04-29T03:09:31.774+0000] {processor.py:208} INFO - Processing /opt/airflow/dags/simple-dag.py took 0.064 seconds
[2025-04-29T03:10:01.917+0000] {processor.py:186} INFO - Started process (PID=2692) to work on /opt/airflow/dags/simple-dag.py
[2025-04-29T03:10:01.921+0000] {processor.py:914} INFO - Processing file /opt/airflow/dags/simple-dag.py for tasks to queue
[2025-04-29T03:10:01.922+0000] {logging_mixin.py:190} INFO - [2025-04-29T03:10:01.922+0000] {dagbag.py:587} INFO - Filling up the DagBag from /opt/airflow/dags/simple-dag.py
[2025-04-29T03:10:01.929+0000] {processor.py:925} INFO - DAG(s) 'demo' retrieved from /opt/airflow/dags/simple-dag.py
[2025-04-29T03:10:01.947+0000] {logging_mixin.py:190} INFO - [2025-04-29T03:10:01.946+0000] {dag.py:3211} INFO - Sync 1 DAGs
[2025-04-29T03:10:01.964+0000] {logging_mixin.py:190} INFO - [2025-04-29T03:10:01.964+0000] {dag.py:4138} INFO - Setting next_dagrun for demo to 2025-04-29 00:00:00+00:00, run_after=2025-04-30 00:00:00+00:00
[2025-04-29T03:10:01.976+0000] {processor.py:208} INFO - Processing /opt/airflow/dags/simple-dag.py took 0.064 seconds
