[2025-04-29T02:27:08.304+0000] {processor.py:186} INFO - Started process (PID=54) to work on /opt/airflow/dags/tutorial.py
[2025-04-29T02:27:08.305+0000] {processor.py:914} INFO - Processing file /opt/airflow/dags/tutorial.py for tasks to queue
[2025-04-29T02:27:08.307+0000] {logging_mixin.py:190} INFO - [2025-04-29T02:27:08.307+0000] {dagbag.py:587} INFO - Filling up the DagBag from /opt/airflow/dags/tutorial.py
[2025-04-29T02:27:08.321+0000] {processor.py:925} INFO - DAG(s) 'tutorial' retrieved from /opt/airflow/dags/tutorial.py
[2025-04-29T02:27:08.446+0000] {logging_mixin.py:190} INFO - [2025-04-29T02:27:08.446+0000] {dag.py:3211} INFO - Sync 1 DAGs
[2025-04-29T02:27:08.462+0000] {logging_mixin.py:190} INFO - [2025-04-29T02:27:08.462+0000] {dag.py:4138} INFO - Setting next_dagrun for tutorial to 2025-04-29 02:27:08.309364+00:00, run_after=2025-04-30 02:27:08.309364+00:00
[2025-04-29T02:27:08.476+0000] {processor.py:208} INFO - Processing /opt/airflow/dags/tutorial.py took 0.177 seconds
[2025-04-29T02:27:39.501+0000] {processor.py:186} INFO - Started process (PID=67) to work on /opt/airflow/dags/tutorial.py
[2025-04-29T02:27:39.502+0000] {processor.py:914} INFO - Processing file /opt/airflow/dags/tutorial.py for tasks to queue
[2025-04-29T02:27:39.504+0000] {logging_mixin.py:190} INFO - [2025-04-29T02:27:39.504+0000] {dagbag.py:587} INFO - Filling up the DagBag from /opt/airflow/dags/tutorial.py
[2025-04-29T02:27:39.514+0000] {processor.py:925} INFO - DAG(s) 'tutorial' retrieved from /opt/airflow/dags/tutorial.py
[2025-04-29T02:27:39.589+0000] {logging_mixin.py:190} INFO - [2025-04-29T02:27:39.589+0000] {dag.py:3211} INFO - Sync 1 DAGs
[2025-04-29T02:27:39.611+0000] {logging_mixin.py:190} INFO - [2025-04-29T02:27:39.611+0000] {dag.py:4138} INFO - Setting next_dagrun for tutorial to 2025-04-29 02:27:39.506381+00:00, run_after=2025-04-30 02:27:39.506381+00:00
[2025-04-29T02:27:39.636+0000] {processor.py:208} INFO - Processing /opt/airflow/dags/tutorial.py took 0.140 seconds
[2025-04-29T02:28:09.963+0000] {processor.py:186} INFO - Started process (PID=74) to work on /opt/airflow/dags/tutorial.py
[2025-04-29T02:28:09.964+0000] {processor.py:914} INFO - Processing file /opt/airflow/dags/tutorial.py for tasks to queue
[2025-04-29T02:28:09.966+0000] {logging_mixin.py:190} INFO - [2025-04-29T02:28:09.966+0000] {dagbag.py:587} INFO - Filling up the DagBag from /opt/airflow/dags/tutorial.py
[2025-04-29T02:28:09.975+0000] {processor.py:925} INFO - DAG(s) 'tutorial' retrieved from /opt/airflow/dags/tutorial.py
[2025-04-29T02:28:10.046+0000] {logging_mixin.py:190} INFO - [2025-04-29T02:28:10.046+0000] {dag.py:3211} INFO - Sync 1 DAGs
[2025-04-29T02:28:10.060+0000] {logging_mixin.py:190} INFO - [2025-04-29T02:28:10.060+0000] {dag.py:4138} INFO - Setting next_dagrun for tutorial to 2025-04-29 02:28:09.968658+00:00, run_after=2025-04-30 02:28:09.968658+00:00
[2025-04-29T02:28:10.071+0000] {processor.py:208} INFO - Processing /opt/airflow/dags/tutorial.py took 0.113 seconds
[2025-04-29T02:28:40.519+0000] {processor.py:186} INFO - Started process (PID=81) to work on /opt/airflow/dags/tutorial.py
[2025-04-29T02:28:40.523+0000] {processor.py:914} INFO - Processing file /opt/airflow/dags/tutorial.py for tasks to queue
[2025-04-29T02:28:40.524+0000] {logging_mixin.py:190} INFO - [2025-04-29T02:28:40.524+0000] {dagbag.py:587} INFO - Filling up the DagBag from /opt/airflow/dags/tutorial.py
[2025-04-29T02:28:40.532+0000] {processor.py:925} INFO - DAG(s) 'tutorial' retrieved from /opt/airflow/dags/tutorial.py
[2025-04-29T02:28:40.598+0000] {logging_mixin.py:190} INFO - [2025-04-29T02:28:40.597+0000] {dag.py:3211} INFO - Sync 1 DAGs
[2025-04-29T02:28:40.612+0000] {logging_mixin.py:190} INFO - [2025-04-29T02:28:40.611+0000] {dag.py:4138} INFO - Setting next_dagrun for tutorial to 2025-04-29 02:28:40.526463+00:00, run_after=2025-04-30 02:28:40.526463+00:00
[2025-04-29T02:28:40.623+0000] {processor.py:208} INFO - Processing /opt/airflow/dags/tutorial.py took 0.108 seconds
[2025-04-29T02:29:11.537+0000] {processor.py:186} INFO - Started process (PID=88) to work on /opt/airflow/dags/tutorial.py
[2025-04-29T02:29:11.538+0000] {processor.py:914} INFO - Processing file /opt/airflow/dags/tutorial.py for tasks to queue
[2025-04-29T02:29:11.540+0000] {logging_mixin.py:190} INFO - [2025-04-29T02:29:11.540+0000] {dagbag.py:587} INFO - Filling up the DagBag from /opt/airflow/dags/tutorial.py
[2025-04-29T02:29:11.546+0000] {processor.py:925} INFO - DAG(s) 'tutorial' retrieved from /opt/airflow/dags/tutorial.py
[2025-04-29T02:29:11.604+0000] {logging_mixin.py:190} INFO - [2025-04-29T02:29:11.604+0000] {dag.py:3211} INFO - Sync 1 DAGs
[2025-04-29T02:29:11.615+0000] {logging_mixin.py:190} INFO - [2025-04-29T02:29:11.615+0000] {dag.py:4138} INFO - Setting next_dagrun for tutorial to 2025-04-29 02:29:11.541539+00:00, run_after=2025-04-30 02:29:11.541539+00:00
[2025-04-29T02:29:11.626+0000] {processor.py:208} INFO - Processing /opt/airflow/dags/tutorial.py took 0.093 seconds
[2025-04-29T02:29:42.664+0000] {processor.py:186} INFO - Started process (PID=95) to work on /opt/airflow/dags/tutorial.py
[2025-04-29T02:29:42.667+0000] {processor.py:914} INFO - Processing file /opt/airflow/dags/tutorial.py for tasks to queue
[2025-04-29T02:29:42.668+0000] {logging_mixin.py:190} INFO - [2025-04-29T02:29:42.668+0000] {dagbag.py:587} INFO - Filling up the DagBag from /opt/airflow/dags/tutorial.py
[2025-04-29T02:29:42.675+0000] {processor.py:925} INFO - DAG(s) 'tutorial' retrieved from /opt/airflow/dags/tutorial.py
[2025-04-29T02:29:42.742+0000] {logging_mixin.py:190} INFO - [2025-04-29T02:29:42.742+0000] {dag.py:3211} INFO - Sync 1 DAGs
[2025-04-29T02:29:42.756+0000] {logging_mixin.py:190} INFO - [2025-04-29T02:29:42.756+0000] {dag.py:4138} INFO - Setting next_dagrun for tutorial to 2025-04-29 02:29:42.670340+00:00, run_after=2025-04-30 02:29:42.670340+00:00
[2025-04-29T02:29:42.769+0000] {processor.py:208} INFO - Processing /opt/airflow/dags/tutorial.py took 0.110 seconds
[2025-04-29T02:30:13.635+0000] {processor.py:186} INFO - Started process (PID=102) to work on /opt/airflow/dags/tutorial.py
[2025-04-29T02:30:13.637+0000] {processor.py:914} INFO - Processing file /opt/airflow/dags/tutorial.py for tasks to queue
[2025-04-29T02:30:13.638+0000] {logging_mixin.py:190} INFO - [2025-04-29T02:30:13.638+0000] {dagbag.py:587} INFO - Filling up the DagBag from /opt/airflow/dags/tutorial.py
[2025-04-29T02:30:13.644+0000] {processor.py:925} INFO - DAG(s) 'tutorial' retrieved from /opt/airflow/dags/tutorial.py
[2025-04-29T02:30:13.709+0000] {logging_mixin.py:190} INFO - [2025-04-29T02:30:13.708+0000] {dag.py:3211} INFO - Sync 1 DAGs
[2025-04-29T02:30:13.722+0000] {logging_mixin.py:190} INFO - [2025-04-29T02:30:13.722+0000] {dag.py:4138} INFO - Setting next_dagrun for tutorial to 2025-04-29 02:30:13.639863+00:00, run_after=2025-04-30 02:30:13.639863+00:00
[2025-04-29T02:30:13.735+0000] {processor.py:208} INFO - Processing /opt/airflow/dags/tutorial.py took 0.103 seconds
[2025-04-29T02:30:44.205+0000] {processor.py:186} INFO - Started process (PID=109) to work on /opt/airflow/dags/tutorial.py
[2025-04-29T02:30:44.208+0000] {processor.py:914} INFO - Processing file /opt/airflow/dags/tutorial.py for tasks to queue
[2025-04-29T02:30:44.210+0000] {logging_mixin.py:190} INFO - [2025-04-29T02:30:44.209+0000] {dagbag.py:587} INFO - Filling up the DagBag from /opt/airflow/dags/tutorial.py
[2025-04-29T02:30:44.216+0000] {processor.py:925} INFO - DAG(s) 'tutorial' retrieved from /opt/airflow/dags/tutorial.py
[2025-04-29T02:30:44.279+0000] {logging_mixin.py:190} INFO - [2025-04-29T02:30:44.279+0000] {dag.py:3211} INFO - Sync 1 DAGs
[2025-04-29T02:30:44.292+0000] {logging_mixin.py:190} INFO - [2025-04-29T02:30:44.292+0000] {dag.py:4138} INFO - Setting next_dagrun for tutorial to 2025-04-29 02:30:44.211300+00:00, run_after=2025-04-30 02:30:44.211300+00:00
[2025-04-29T02:30:44.305+0000] {processor.py:208} INFO - Processing /opt/airflow/dags/tutorial.py took 0.105 seconds
[2025-04-29T02:31:14.882+0000] {processor.py:186} INFO - Started process (PID=116) to work on /opt/airflow/dags/tutorial.py
[2025-04-29T02:31:14.886+0000] {processor.py:914} INFO - Processing file /opt/airflow/dags/tutorial.py for tasks to queue
[2025-04-29T02:31:14.887+0000] {logging_mixin.py:190} INFO - [2025-04-29T02:31:14.887+0000] {dagbag.py:587} INFO - Filling up the DagBag from /opt/airflow/dags/tutorial.py
[2025-04-29T02:31:14.893+0000] {processor.py:925} INFO - DAG(s) 'tutorial' retrieved from /opt/airflow/dags/tutorial.py
[2025-04-29T02:31:14.952+0000] {logging_mixin.py:190} INFO - [2025-04-29T02:31:14.952+0000] {dag.py:3211} INFO - Sync 1 DAGs
[2025-04-29T02:31:14.965+0000] {logging_mixin.py:190} INFO - [2025-04-29T02:31:14.965+0000] {dag.py:4138} INFO - Setting next_dagrun for tutorial to 2025-04-29 02:31:14.888940+00:00, run_after=2025-04-30 02:31:14.888940+00:00
[2025-04-29T02:31:14.979+0000] {processor.py:208} INFO - Processing /opt/airflow/dags/tutorial.py took 0.100 seconds
[2025-04-29T02:31:45.176+0000] {processor.py:186} INFO - Started process (PID=123) to work on /opt/airflow/dags/tutorial.py
[2025-04-29T02:31:45.177+0000] {processor.py:914} INFO - Processing file /opt/airflow/dags/tutorial.py for tasks to queue
[2025-04-29T02:31:45.178+0000] {logging_mixin.py:190} INFO - [2025-04-29T02:31:45.178+0000] {dagbag.py:587} INFO - Filling up the DagBag from /opt/airflow/dags/tutorial.py
[2025-04-29T02:31:45.185+0000] {processor.py:925} INFO - DAG(s) 'tutorial' retrieved from /opt/airflow/dags/tutorial.py
[2025-04-29T02:31:45.251+0000] {logging_mixin.py:190} INFO - [2025-04-29T02:31:45.251+0000] {dag.py:3211} INFO - Sync 1 DAGs
[2025-04-29T02:31:45.264+0000] {logging_mixin.py:190} INFO - [2025-04-29T02:31:45.264+0000] {dag.py:4138} INFO - Setting next_dagrun for tutorial to 2025-04-29 02:31:45.180038+00:00, run_after=2025-04-30 02:31:45.180038+00:00
[2025-04-29T02:31:45.276+0000] {processor.py:208} INFO - Processing /opt/airflow/dags/tutorial.py took 0.104 seconds
[2025-04-29T02:32:15.882+0000] {processor.py:186} INFO - Started process (PID=130) to work on /opt/airflow/dags/tutorial.py
[2025-04-29T02:32:15.882+0000] {processor.py:914} INFO - Processing file /opt/airflow/dags/tutorial.py for tasks to queue
[2025-04-29T02:32:15.884+0000] {logging_mixin.py:190} INFO - [2025-04-29T02:32:15.884+0000] {dagbag.py:587} INFO - Filling up the DagBag from /opt/airflow/dags/tutorial.py
[2025-04-29T02:32:15.890+0000] {processor.py:925} INFO - DAG(s) 'tutorial' retrieved from /opt/airflow/dags/tutorial.py
[2025-04-29T02:32:15.949+0000] {logging_mixin.py:190} INFO - [2025-04-29T02:32:15.949+0000] {dag.py:3211} INFO - Sync 1 DAGs
[2025-04-29T02:32:15.961+0000] {logging_mixin.py:190} INFO - [2025-04-29T02:32:15.961+0000] {dag.py:4138} INFO - Setting next_dagrun for tutorial to 2025-04-29 02:32:15.885332+00:00, run_after=2025-04-30 02:32:15.885332+00:00
[2025-04-29T02:32:15.973+0000] {processor.py:208} INFO - Processing /opt/airflow/dags/tutorial.py took 0.095 seconds
[2025-04-29T02:32:46.968+0000] {processor.py:186} INFO - Started process (PID=143) to work on /opt/airflow/dags/tutorial.py
[2025-04-29T02:32:46.969+0000] {processor.py:914} INFO - Processing file /opt/airflow/dags/tutorial.py for tasks to queue
[2025-04-29T02:32:46.971+0000] {logging_mixin.py:190} INFO - [2025-04-29T02:32:46.971+0000] {dagbag.py:587} INFO - Filling up the DagBag from /opt/airflow/dags/tutorial.py
[2025-04-29T02:32:46.977+0000] {processor.py:925} INFO - DAG(s) 'tutorial' retrieved from /opt/airflow/dags/tutorial.py
[2025-04-29T02:32:47.042+0000] {logging_mixin.py:190} INFO - [2025-04-29T02:32:47.041+0000] {dag.py:3211} INFO - Sync 1 DAGs
[2025-04-29T02:32:47.054+0000] {logging_mixin.py:190} INFO - [2025-04-29T02:32:47.054+0000] {dag.py:4138} INFO - Setting next_dagrun for tutorial to 2025-04-29 02:32:46.972932+00:00, run_after=2025-04-30 02:32:46.972932+00:00
[2025-04-29T02:32:47.067+0000] {processor.py:208} INFO - Processing /opt/airflow/dags/tutorial.py took 0.103 seconds
[2025-04-29T02:33:18.054+0000] {processor.py:186} INFO - Started process (PID=150) to work on /opt/airflow/dags/tutorial.py
[2025-04-29T02:33:18.054+0000] {processor.py:914} INFO - Processing file /opt/airflow/dags/tutorial.py for tasks to queue
[2025-04-29T02:33:18.056+0000] {logging_mixin.py:190} INFO - [2025-04-29T02:33:18.056+0000] {dagbag.py:587} INFO - Filling up the DagBag from /opt/airflow/dags/tutorial.py
[2025-04-29T02:33:18.062+0000] {processor.py:925} INFO - DAG(s) 'tutorial' retrieved from /opt/airflow/dags/tutorial.py
[2025-04-29T02:33:18.123+0000] {logging_mixin.py:190} INFO - [2025-04-29T02:33:18.122+0000] {dag.py:3211} INFO - Sync 1 DAGs
[2025-04-29T02:33:18.135+0000] {logging_mixin.py:190} INFO - [2025-04-29T02:33:18.135+0000] {dag.py:4138} INFO - Setting next_dagrun for tutorial to 2025-04-29 02:33:18.057556+00:00, run_after=2025-04-30 02:33:18.057556+00:00
[2025-04-29T02:33:18.148+0000] {processor.py:208} INFO - Processing /opt/airflow/dags/tutorial.py took 0.098 seconds
[2025-04-29T02:33:48.984+0000] {processor.py:186} INFO - Started process (PID=157) to work on /opt/airflow/dags/tutorial.py
[2025-04-29T02:33:48.988+0000] {processor.py:914} INFO - Processing file /opt/airflow/dags/tutorial.py for tasks to queue
[2025-04-29T02:33:48.989+0000] {logging_mixin.py:190} INFO - [2025-04-29T02:33:48.989+0000] {dagbag.py:587} INFO - Filling up the DagBag from /opt/airflow/dags/tutorial.py
[2025-04-29T02:33:48.995+0000] {processor.py:925} INFO - DAG(s) 'tutorial' retrieved from /opt/airflow/dags/tutorial.py
[2025-04-29T02:33:49.059+0000] {logging_mixin.py:190} INFO - [2025-04-29T02:33:49.059+0000] {dag.py:3211} INFO - Sync 1 DAGs
[2025-04-29T02:33:49.073+0000] {logging_mixin.py:190} INFO - [2025-04-29T02:33:49.072+0000] {dag.py:4138} INFO - Setting next_dagrun for tutorial to 2025-04-29 02:33:48.991033+00:00, run_after=2025-04-30 02:33:48.991033+00:00
[2025-04-29T02:33:49.085+0000] {processor.py:208} INFO - Processing /opt/airflow/dags/tutorial.py took 0.105 seconds
[2025-04-29T02:34:19.129+0000] {processor.py:186} INFO - Started process (PID=164) to work on /opt/airflow/dags/tutorial.py
[2025-04-29T02:34:19.130+0000] {processor.py:914} INFO - Processing file /opt/airflow/dags/tutorial.py for tasks to queue
[2025-04-29T02:34:19.131+0000] {logging_mixin.py:190} INFO - [2025-04-29T02:34:19.131+0000] {dagbag.py:587} INFO - Filling up the DagBag from /opt/airflow/dags/tutorial.py
[2025-04-29T02:34:19.138+0000] {processor.py:925} INFO - DAG(s) 'tutorial' retrieved from /opt/airflow/dags/tutorial.py
[2025-04-29T02:34:19.205+0000] {logging_mixin.py:190} INFO - [2025-04-29T02:34:19.205+0000] {dag.py:3211} INFO - Sync 1 DAGs
[2025-04-29T02:34:19.218+0000] {logging_mixin.py:190} INFO - [2025-04-29T02:34:19.218+0000] {dag.py:4138} INFO - Setting next_dagrun for tutorial to 2025-04-29 02:34:19.133403+00:00, run_after=2025-04-30 02:34:19.133403+00:00
[2025-04-29T02:34:19.242+0000] {processor.py:208} INFO - Processing /opt/airflow/dags/tutorial.py took 0.118 seconds
[2025-04-29T02:34:50.020+0000] {processor.py:186} INFO - Started process (PID=171) to work on /opt/airflow/dags/tutorial.py
[2025-04-29T02:34:50.029+0000] {processor.py:914} INFO - Processing file /opt/airflow/dags/tutorial.py for tasks to queue
[2025-04-29T02:34:50.031+0000] {logging_mixin.py:190} INFO - [2025-04-29T02:34:50.031+0000] {dagbag.py:587} INFO - Filling up the DagBag from /opt/airflow/dags/tutorial.py
[2025-04-29T02:34:50.037+0000] {processor.py:925} INFO - DAG(s) 'tutorial' retrieved from /opt/airflow/dags/tutorial.py
[2025-04-29T02:34:50.099+0000] {logging_mixin.py:190} INFO - [2025-04-29T02:34:50.099+0000] {dag.py:3211} INFO - Sync 1 DAGs
[2025-04-29T02:34:50.111+0000] {logging_mixin.py:190} INFO - [2025-04-29T02:34:50.110+0000] {dag.py:4138} INFO - Setting next_dagrun for tutorial to 2025-04-29 02:34:50.032568+00:00, run_after=2025-04-30 02:34:50.032568+00:00
[2025-04-29T02:34:50.130+0000] {processor.py:208} INFO - Processing /opt/airflow/dags/tutorial.py took 0.115 seconds
[2025-04-29T02:35:20.887+0000] {processor.py:186} INFO - Started process (PID=178) to work on /opt/airflow/dags/tutorial.py
[2025-04-29T02:35:20.888+0000] {processor.py:914} INFO - Processing file /opt/airflow/dags/tutorial.py for tasks to queue
[2025-04-29T02:35:20.891+0000] {logging_mixin.py:190} INFO - [2025-04-29T02:35:20.891+0000] {dagbag.py:587} INFO - Filling up the DagBag from /opt/airflow/dags/tutorial.py
[2025-04-29T02:35:20.901+0000] {processor.py:925} INFO - DAG(s) 'tutorial' retrieved from /opt/airflow/dags/tutorial.py
[2025-04-29T02:35:21.007+0000] {logging_mixin.py:190} INFO - [2025-04-29T02:35:21.007+0000] {dag.py:3211} INFO - Sync 1 DAGs
[2025-04-29T02:35:21.032+0000] {logging_mixin.py:190} INFO - [2025-04-29T02:35:21.032+0000] {dag.py:4138} INFO - Setting next_dagrun for tutorial to 2025-04-29 02:35:20.893689+00:00, run_after=2025-04-30 02:35:20.893689+00:00
[2025-04-29T02:35:21.051+0000] {processor.py:208} INFO - Processing /opt/airflow/dags/tutorial.py took 0.171 seconds
[2025-04-29T02:35:51.656+0000] {processor.py:186} INFO - Started process (PID=185) to work on /opt/airflow/dags/tutorial.py
[2025-04-29T02:35:51.672+0000] {processor.py:914} INFO - Processing file /opt/airflow/dags/tutorial.py for tasks to queue
[2025-04-29T02:35:51.674+0000] {logging_mixin.py:190} INFO - [2025-04-29T02:35:51.674+0000] {dagbag.py:587} INFO - Filling up the DagBag from /opt/airflow/dags/tutorial.py
[2025-04-29T02:35:51.681+0000] {processor.py:925} INFO - DAG(s) 'tutorial' retrieved from /opt/airflow/dags/tutorial.py
[2025-04-29T02:35:51.758+0000] {logging_mixin.py:190} INFO - [2025-04-29T02:35:51.758+0000] {dag.py:3211} INFO - Sync 1 DAGs
[2025-04-29T02:35:51.772+0000] {logging_mixin.py:190} INFO - [2025-04-29T02:35:51.772+0000] {dag.py:4138} INFO - Setting next_dagrun for tutorial to 2025-04-29 02:35:51.676226+00:00, run_after=2025-04-30 02:35:51.676226+00:00
[2025-04-29T02:35:51.801+0000] {processor.py:208} INFO - Processing /opt/airflow/dags/tutorial.py took 0.150 seconds
[2025-04-29T02:36:22.671+0000] {processor.py:186} INFO - Started process (PID=192) to work on /opt/airflow/dags/tutorial.py
[2025-04-29T02:36:22.675+0000] {processor.py:914} INFO - Processing file /opt/airflow/dags/tutorial.py for tasks to queue
[2025-04-29T02:36:22.677+0000] {logging_mixin.py:190} INFO - [2025-04-29T02:36:22.677+0000] {dagbag.py:587} INFO - Filling up the DagBag from /opt/airflow/dags/tutorial.py
[2025-04-29T02:36:22.686+0000] {processor.py:925} INFO - DAG(s) 'tutorial' retrieved from /opt/airflow/dags/tutorial.py
[2025-04-29T02:36:22.753+0000] {logging_mixin.py:190} INFO - [2025-04-29T02:36:22.752+0000] {dag.py:3211} INFO - Sync 1 DAGs
[2025-04-29T02:36:22.767+0000] {logging_mixin.py:190} INFO - [2025-04-29T02:36:22.767+0000] {dag.py:4138} INFO - Setting next_dagrun for tutorial to 2025-04-29 02:36:22.679272+00:00, run_after=2025-04-30 02:36:22.679272+00:00
[2025-04-29T02:36:22.780+0000] {processor.py:208} INFO - Processing /opt/airflow/dags/tutorial.py took 0.114 seconds
[2025-04-29T02:36:53.473+0000] {processor.py:186} INFO - Started process (PID=199) to work on /opt/airflow/dags/tutorial.py
[2025-04-29T02:36:53.474+0000] {processor.py:914} INFO - Processing file /opt/airflow/dags/tutorial.py for tasks to queue
[2025-04-29T02:36:53.475+0000] {logging_mixin.py:190} INFO - [2025-04-29T02:36:53.475+0000] {dagbag.py:587} INFO - Filling up the DagBag from /opt/airflow/dags/tutorial.py
[2025-04-29T02:36:53.482+0000] {processor.py:925} INFO - DAG(s) 'tutorial' retrieved from /opt/airflow/dags/tutorial.py
[2025-04-29T02:36:53.548+0000] {logging_mixin.py:190} INFO - [2025-04-29T02:36:53.548+0000] {dag.py:3211} INFO - Sync 1 DAGs
[2025-04-29T02:36:53.562+0000] {logging_mixin.py:190} INFO - [2025-04-29T02:36:53.562+0000] {dag.py:4138} INFO - Setting next_dagrun for tutorial to 2025-04-29 02:36:53.477353+00:00, run_after=2025-04-30 02:36:53.477353+00:00
[2025-04-29T02:36:53.576+0000] {processor.py:208} INFO - Processing /opt/airflow/dags/tutorial.py took 0.107 seconds
[2025-04-29T02:37:24.498+0000] {processor.py:186} INFO - Started process (PID=215) to work on /opt/airflow/dags/tutorial.py
[2025-04-29T02:37:24.499+0000] {processor.py:914} INFO - Processing file /opt/airflow/dags/tutorial.py for tasks to queue
[2025-04-29T02:37:24.500+0000] {logging_mixin.py:190} INFO - [2025-04-29T02:37:24.500+0000] {dagbag.py:587} INFO - Filling up the DagBag from /opt/airflow/dags/tutorial.py
[2025-04-29T02:37:24.507+0000] {processor.py:925} INFO - DAG(s) 'tutorial' retrieved from /opt/airflow/dags/tutorial.py
[2025-04-29T02:37:24.572+0000] {logging_mixin.py:190} INFO - [2025-04-29T02:37:24.572+0000] {dag.py:3211} INFO - Sync 1 DAGs
[2025-04-29T02:37:24.586+0000] {logging_mixin.py:190} INFO - [2025-04-29T02:37:24.585+0000] {dag.py:4138} INFO - Setting next_dagrun for tutorial to 2025-04-29 02:37:24.502288+00:00, run_after=2025-04-30 02:37:24.502288+00:00
[2025-04-29T02:37:24.597+0000] {processor.py:208} INFO - Processing /opt/airflow/dags/tutorial.py took 0.104 seconds
[2025-04-29T02:37:35.910+0000] {processor.py:186} INFO - Started process (PID=48) to work on /opt/airflow/dags/tutorial.py
[2025-04-29T02:37:35.912+0000] {processor.py:914} INFO - Processing file /opt/airflow/dags/tutorial.py for tasks to queue
[2025-04-29T02:37:35.914+0000] {logging_mixin.py:190} INFO - [2025-04-29T02:37:35.914+0000] {dagbag.py:587} INFO - Filling up the DagBag from /opt/airflow/dags/tutorial.py
[2025-04-29T02:37:35.922+0000] {processor.py:925} INFO - DAG(s) 'tutorial' retrieved from /opt/airflow/dags/tutorial.py
[2025-04-29T02:37:35.935+0000] {logging_mixin.py:190} INFO - [2025-04-29T02:37:35.935+0000] {dag.py:3211} INFO - Sync 1 DAGs
[2025-04-29T02:37:35.957+0000] {logging_mixin.py:190} INFO - [2025-04-29T02:37:35.957+0000] {dag.py:4138} INFO - Setting next_dagrun for tutorial to 2025-04-29 02:37:35.916423+00:00, run_after=2025-04-30 02:37:35.916423+00:00
[2025-04-29T02:37:35.972+0000] {processor.py:208} INFO - Processing /opt/airflow/dags/tutorial.py took 0.067 seconds
[2025-04-29T02:38:06.780+0000] {processor.py:186} INFO - Started process (PID=64) to work on /opt/airflow/dags/tutorial.py
[2025-04-29T02:38:06.782+0000] {processor.py:914} INFO - Processing file /opt/airflow/dags/tutorial.py for tasks to queue
[2025-04-29T02:38:06.784+0000] {logging_mixin.py:190} INFO - [2025-04-29T02:38:06.784+0000] {dagbag.py:587} INFO - Filling up the DagBag from /opt/airflow/dags/tutorial.py
[2025-04-29T02:38:06.795+0000] {processor.py:925} INFO - DAG(s) 'tutorial' retrieved from /opt/airflow/dags/tutorial.py
[2025-04-29T02:38:06.868+0000] {logging_mixin.py:190} INFO - [2025-04-29T02:38:06.868+0000] {dag.py:3211} INFO - Sync 1 DAGs
[2025-04-29T02:38:06.882+0000] {logging_mixin.py:190} INFO - [2025-04-29T02:38:06.882+0000] {dag.py:4138} INFO - Setting next_dagrun for tutorial to 2025-04-29 02:38:06.787073+00:00, run_after=2025-04-30 02:38:06.787073+00:00
[2025-04-29T02:38:06.895+0000] {processor.py:208} INFO - Processing /opt/airflow/dags/tutorial.py took 0.123 seconds
[2025-04-29T02:38:37.006+0000] {processor.py:186} INFO - Started process (PID=74) to work on /opt/airflow/dags/tutorial.py
[2025-04-29T02:38:37.007+0000] {processor.py:914} INFO - Processing file /opt/airflow/dags/tutorial.py for tasks to queue
[2025-04-29T02:38:37.010+0000] {logging_mixin.py:190} INFO - [2025-04-29T02:38:37.010+0000] {dagbag.py:587} INFO - Filling up the DagBag from /opt/airflow/dags/tutorial.py
[2025-04-29T02:38:37.019+0000] {processor.py:925} INFO - DAG(s) 'tutorial' retrieved from /opt/airflow/dags/tutorial.py
[2025-04-29T02:38:37.098+0000] {logging_mixin.py:190} INFO - [2025-04-29T02:38:37.097+0000] {dag.py:3211} INFO - Sync 1 DAGs
[2025-04-29T02:38:37.113+0000] {logging_mixin.py:190} INFO - [2025-04-29T02:38:37.112+0000] {dag.py:4138} INFO - Setting next_dagrun for tutorial to 2025-04-29 02:38:37.013230+00:00, run_after=2025-04-30 02:38:37.013230+00:00
[2025-04-29T02:38:37.126+0000] {processor.py:208} INFO - Processing /opt/airflow/dags/tutorial.py took 0.127 seconds
[2025-04-29T02:39:07.214+0000] {processor.py:186} INFO - Started process (PID=87) to work on /opt/airflow/dags/tutorial.py
[2025-04-29T02:39:07.215+0000] {processor.py:914} INFO - Processing file /opt/airflow/dags/tutorial.py for tasks to queue
[2025-04-29T02:39:07.217+0000] {logging_mixin.py:190} INFO - [2025-04-29T02:39:07.216+0000] {dagbag.py:587} INFO - Filling up the DagBag from /opt/airflow/dags/tutorial.py
[2025-04-29T02:39:07.224+0000] {processor.py:925} INFO - DAG(s) 'tutorial' retrieved from /opt/airflow/dags/tutorial.py
[2025-04-29T02:39:07.289+0000] {logging_mixin.py:190} INFO - [2025-04-29T02:39:07.289+0000] {dag.py:3211} INFO - Sync 1 DAGs
[2025-04-29T02:39:07.304+0000] {logging_mixin.py:190} INFO - [2025-04-29T02:39:07.303+0000] {dag.py:4138} INFO - Setting next_dagrun for tutorial to 2025-04-29 02:39:07.218527+00:00, run_after=2025-04-30 02:39:07.218527+00:00
[2025-04-29T02:39:07.317+0000] {processor.py:208} INFO - Processing /opt/airflow/dags/tutorial.py took 0.108 seconds
[2025-04-29T02:39:38.304+0000] {processor.py:186} INFO - Started process (PID=97) to work on /opt/airflow/dags/tutorial.py
[2025-04-29T02:39:38.305+0000] {processor.py:914} INFO - Processing file /opt/airflow/dags/tutorial.py for tasks to queue
[2025-04-29T02:39:38.307+0000] {logging_mixin.py:190} INFO - [2025-04-29T02:39:38.307+0000] {dagbag.py:587} INFO - Filling up the DagBag from /opt/airflow/dags/tutorial.py
[2025-04-29T02:39:38.314+0000] {processor.py:925} INFO - DAG(s) 'tutorial' retrieved from /opt/airflow/dags/tutorial.py
[2025-04-29T02:39:38.392+0000] {logging_mixin.py:190} INFO - [2025-04-29T02:39:38.392+0000] {dag.py:3211} INFO - Sync 1 DAGs
[2025-04-29T02:39:38.407+0000] {logging_mixin.py:190} INFO - [2025-04-29T02:39:38.407+0000] {dag.py:4138} INFO - Setting next_dagrun for tutorial to 2025-04-29 02:39:38.308623+00:00, run_after=2025-04-30 02:39:38.308623+00:00
[2025-04-29T02:39:38.422+0000] {processor.py:208} INFO - Processing /opt/airflow/dags/tutorial.py took 0.123 seconds
[2025-04-29T02:40:09.364+0000] {processor.py:186} INFO - Started process (PID=107) to work on /opt/airflow/dags/tutorial.py
[2025-04-29T02:40:09.365+0000] {processor.py:914} INFO - Processing file /opt/airflow/dags/tutorial.py for tasks to queue
[2025-04-29T02:40:09.367+0000] {logging_mixin.py:190} INFO - [2025-04-29T02:40:09.367+0000] {dagbag.py:587} INFO - Filling up the DagBag from /opt/airflow/dags/tutorial.py
[2025-04-29T02:40:09.374+0000] {processor.py:925} INFO - DAG(s) 'tutorial' retrieved from /opt/airflow/dags/tutorial.py
[2025-04-29T02:40:09.441+0000] {logging_mixin.py:190} INFO - [2025-04-29T02:40:09.441+0000] {dag.py:3211} INFO - Sync 1 DAGs
[2025-04-29T02:40:09.455+0000] {logging_mixin.py:190} INFO - [2025-04-29T02:40:09.455+0000] {dag.py:4138} INFO - Setting next_dagrun for tutorial to 2025-04-29 02:40:09.368995+00:00, run_after=2025-04-30 02:40:09.368995+00:00
[2025-04-29T02:40:09.483+0000] {processor.py:208} INFO - Processing /opt/airflow/dags/tutorial.py took 0.123 seconds
[2025-04-29T02:40:40.009+0000] {processor.py:186} INFO - Started process (PID=117) to work on /opt/airflow/dags/tutorial.py
[2025-04-29T02:40:40.019+0000] {processor.py:914} INFO - Processing file /opt/airflow/dags/tutorial.py for tasks to queue
[2025-04-29T02:40:40.021+0000] {logging_mixin.py:190} INFO - [2025-04-29T02:40:40.020+0000] {dagbag.py:587} INFO - Filling up the DagBag from /opt/airflow/dags/tutorial.py
[2025-04-29T02:40:40.029+0000] {processor.py:925} INFO - DAG(s) 'tutorial' retrieved from /opt/airflow/dags/tutorial.py
[2025-04-29T02:40:40.100+0000] {logging_mixin.py:190} INFO - [2025-04-29T02:40:40.099+0000] {dag.py:3211} INFO - Sync 1 DAGs
[2025-04-29T02:40:40.113+0000] {logging_mixin.py:190} INFO - [2025-04-29T02:40:40.113+0000] {dag.py:4138} INFO - Setting next_dagrun for tutorial to 2025-04-29 02:40:40.023796+00:00, run_after=2025-04-30 02:40:40.023796+00:00
[2025-04-29T02:40:40.146+0000] {processor.py:208} INFO - Processing /opt/airflow/dags/tutorial.py took 0.143 seconds
[2025-04-29T02:41:10.344+0000] {processor.py:186} INFO - Started process (PID=127) to work on /opt/airflow/dags/tutorial.py
[2025-04-29T02:41:10.345+0000] {processor.py:914} INFO - Processing file /opt/airflow/dags/tutorial.py for tasks to queue
[2025-04-29T02:41:10.347+0000] {logging_mixin.py:190} INFO - [2025-04-29T02:41:10.347+0000] {dagbag.py:587} INFO - Filling up the DagBag from /opt/airflow/dags/tutorial.py
[2025-04-29T02:41:10.353+0000] {processor.py:925} INFO - DAG(s) 'tutorial' retrieved from /opt/airflow/dags/tutorial.py
[2025-04-29T02:41:10.415+0000] {logging_mixin.py:190} INFO - [2025-04-29T02:41:10.414+0000] {dag.py:3211} INFO - Sync 1 DAGs
[2025-04-29T02:41:10.430+0000] {logging_mixin.py:190} INFO - [2025-04-29T02:41:10.430+0000] {dag.py:4138} INFO - Setting next_dagrun for tutorial to 2025-04-29 02:41:10.348519+00:00, run_after=2025-04-30 02:41:10.348519+00:00
[2025-04-29T02:41:10.441+0000] {processor.py:208} INFO - Processing /opt/airflow/dags/tutorial.py took 0.101 seconds
[2025-04-29T02:41:41.438+0000] {processor.py:186} INFO - Started process (PID=137) to work on /opt/airflow/dags/tutorial.py
[2025-04-29T02:41:41.439+0000] {processor.py:914} INFO - Processing file /opt/airflow/dags/tutorial.py for tasks to queue
[2025-04-29T02:41:41.441+0000] {logging_mixin.py:190} INFO - [2025-04-29T02:41:41.441+0000] {dagbag.py:587} INFO - Filling up the DagBag from /opt/airflow/dags/tutorial.py
[2025-04-29T02:41:41.447+0000] {processor.py:925} INFO - DAG(s) 'tutorial' retrieved from /opt/airflow/dags/tutorial.py
[2025-04-29T02:41:41.507+0000] {logging_mixin.py:190} INFO - [2025-04-29T02:41:41.507+0000] {dag.py:3211} INFO - Sync 1 DAGs
[2025-04-29T02:41:41.520+0000] {logging_mixin.py:190} INFO - [2025-04-29T02:41:41.520+0000] {dag.py:4138} INFO - Setting next_dagrun for tutorial to 2025-04-29 02:41:41.442512+00:00, run_after=2025-04-30 02:41:41.442512+00:00
[2025-04-29T02:41:41.533+0000] {processor.py:208} INFO - Processing /opt/airflow/dags/tutorial.py took 0.099 seconds
[2025-04-29T02:42:12.549+0000] {processor.py:186} INFO - Started process (PID=147) to work on /opt/airflow/dags/tutorial.py
[2025-04-29T02:42:12.550+0000] {processor.py:914} INFO - Processing file /opt/airflow/dags/tutorial.py for tasks to queue
[2025-04-29T02:42:12.552+0000] {logging_mixin.py:190} INFO - [2025-04-29T02:42:12.551+0000] {dagbag.py:587} INFO - Filling up the DagBag from /opt/airflow/dags/tutorial.py
[2025-04-29T02:42:12.560+0000] {processor.py:925} INFO - DAG(s) 'tutorial' retrieved from /opt/airflow/dags/tutorial.py
[2025-04-29T02:42:12.619+0000] {logging_mixin.py:190} INFO - [2025-04-29T02:42:12.618+0000] {dag.py:3211} INFO - Sync 1 DAGs
[2025-04-29T02:42:12.630+0000] {logging_mixin.py:190} INFO - [2025-04-29T02:42:12.630+0000] {dag.py:4138} INFO - Setting next_dagrun for tutorial to 2025-04-29 02:42:12.553261+00:00, run_after=2025-04-30 02:42:12.553261+00:00
[2025-04-29T02:42:12.642+0000] {processor.py:208} INFO - Processing /opt/airflow/dags/tutorial.py took 0.097 seconds
[2025-04-29T02:42:43.496+0000] {processor.py:186} INFO - Started process (PID=163) to work on /opt/airflow/dags/tutorial.py
[2025-04-29T02:42:43.497+0000] {processor.py:914} INFO - Processing file /opt/airflow/dags/tutorial.py for tasks to queue
[2025-04-29T02:42:43.498+0000] {logging_mixin.py:190} INFO - [2025-04-29T02:42:43.498+0000] {dagbag.py:587} INFO - Filling up the DagBag from /opt/airflow/dags/tutorial.py
[2025-04-29T02:42:43.505+0000] {processor.py:925} INFO - DAG(s) 'tutorial' retrieved from /opt/airflow/dags/tutorial.py
[2025-04-29T02:42:43.573+0000] {logging_mixin.py:190} INFO - [2025-04-29T02:42:43.573+0000] {dag.py:3211} INFO - Sync 1 DAGs
[2025-04-29T02:42:43.587+0000] {logging_mixin.py:190} INFO - [2025-04-29T02:42:43.587+0000] {dag.py:4138} INFO - Setting next_dagrun for tutorial to 2025-04-29 02:42:43.500566+00:00, run_after=2025-04-30 02:42:43.500566+00:00
[2025-04-29T02:42:43.601+0000] {processor.py:208} INFO - Processing /opt/airflow/dags/tutorial.py took 0.110 seconds
[2025-04-29T02:42:55.706+0000] {processor.py:186} INFO - Started process (PID=49) to work on /opt/airflow/dags/tutorial.py
[2025-04-29T02:42:55.707+0000] {processor.py:914} INFO - Processing file /opt/airflow/dags/tutorial.py for tasks to queue
[2025-04-29T02:42:55.709+0000] {logging_mixin.py:190} INFO - [2025-04-29T02:42:55.709+0000] {dagbag.py:587} INFO - Filling up the DagBag from /opt/airflow/dags/tutorial.py
[2025-04-29T02:42:55.716+0000] {processor.py:925} INFO - DAG(s) 'tutorial' retrieved from /opt/airflow/dags/tutorial.py
[2025-04-29T02:42:55.727+0000] {logging_mixin.py:190} INFO - [2025-04-29T02:42:55.727+0000] {dag.py:3211} INFO - Sync 1 DAGs
[2025-04-29T02:42:55.748+0000] {logging_mixin.py:190} INFO - [2025-04-29T02:42:55.748+0000] {dag.py:4138} INFO - Setting next_dagrun for tutorial to 2025-04-29 02:42:55.711584+00:00, run_after=2025-04-30 02:42:55.711584+00:00
[2025-04-29T02:42:55.764+0000] {processor.py:208} INFO - Processing /opt/airflow/dags/tutorial.py took 0.062 seconds
[2025-04-29T02:43:26.075+0000] {processor.py:186} INFO - Started process (PID=59) to work on /opt/airflow/dags/tutorial.py
[2025-04-29T02:43:26.076+0000] {processor.py:914} INFO - Processing file /opt/airflow/dags/tutorial.py for tasks to queue
[2025-04-29T02:43:26.078+0000] {logging_mixin.py:190} INFO - [2025-04-29T02:43:26.078+0000] {dagbag.py:587} INFO - Filling up the DagBag from /opt/airflow/dags/tutorial.py
[2025-04-29T02:43:26.086+0000] {processor.py:925} INFO - DAG(s) 'tutorial' retrieved from /opt/airflow/dags/tutorial.py
[2025-04-29T02:43:26.164+0000] {logging_mixin.py:190} INFO - [2025-04-29T02:43:26.164+0000] {dag.py:3211} INFO - Sync 1 DAGs
[2025-04-29T02:43:26.181+0000] {logging_mixin.py:190} INFO - [2025-04-29T02:43:26.180+0000] {dag.py:4138} INFO - Setting next_dagrun for tutorial to 2025-04-29 02:43:26.080084+00:00, run_after=2025-04-30 02:43:26.080084+00:00
[2025-04-29T02:43:26.194+0000] {processor.py:208} INFO - Processing /opt/airflow/dags/tutorial.py took 0.123 seconds
[2025-04-29T02:43:57.101+0000] {processor.py:186} INFO - Started process (PID=75) to work on /opt/airflow/dags/tutorial.py
[2025-04-29T02:43:57.102+0000] {processor.py:914} INFO - Processing file /opt/airflow/dags/tutorial.py for tasks to queue
[2025-04-29T02:43:57.104+0000] {logging_mixin.py:190} INFO - [2025-04-29T02:43:57.104+0000] {dagbag.py:587} INFO - Filling up the DagBag from /opt/airflow/dags/tutorial.py
[2025-04-29T02:43:57.111+0000] {processor.py:925} INFO - DAG(s) 'tutorial' retrieved from /opt/airflow/dags/tutorial.py
[2025-04-29T02:43:57.179+0000] {logging_mixin.py:190} INFO - [2025-04-29T02:43:57.179+0000] {dag.py:3211} INFO - Sync 1 DAGs
[2025-04-29T02:43:57.193+0000] {logging_mixin.py:190} INFO - [2025-04-29T02:43:57.193+0000] {dag.py:4138} INFO - Setting next_dagrun for tutorial to 2025-04-29 02:43:57.106016+00:00, run_after=2025-04-30 02:43:57.106016+00:00
[2025-04-29T02:43:57.206+0000] {processor.py:208} INFO - Processing /opt/airflow/dags/tutorial.py took 0.110 seconds
[2025-04-29T02:44:27.511+0000] {processor.py:186} INFO - Started process (PID=85) to work on /opt/airflow/dags/tutorial.py
[2025-04-29T02:44:27.511+0000] {processor.py:914} INFO - Processing file /opt/airflow/dags/tutorial.py for tasks to queue
[2025-04-29T02:44:27.513+0000] {logging_mixin.py:190} INFO - [2025-04-29T02:44:27.513+0000] {dagbag.py:587} INFO - Filling up the DagBag from /opt/airflow/dags/tutorial.py
[2025-04-29T02:44:27.519+0000] {processor.py:925} INFO - DAG(s) 'tutorial' retrieved from /opt/airflow/dags/tutorial.py
[2025-04-29T02:44:27.586+0000] {logging_mixin.py:190} INFO - [2025-04-29T02:44:27.586+0000] {dag.py:3211} INFO - Sync 1 DAGs
[2025-04-29T02:44:27.599+0000] {logging_mixin.py:190} INFO - [2025-04-29T02:44:27.599+0000] {dag.py:4138} INFO - Setting next_dagrun for tutorial to 2025-04-29 02:44:27.514949+00:00, run_after=2025-04-30 02:44:27.514949+00:00
[2025-04-29T02:44:27.612+0000] {processor.py:208} INFO - Processing /opt/airflow/dags/tutorial.py took 0.105 seconds
[2025-04-29T02:44:58.531+0000] {processor.py:186} INFO - Started process (PID=96) to work on /opt/airflow/dags/tutorial.py
[2025-04-29T02:44:58.532+0000] {processor.py:914} INFO - Processing file /opt/airflow/dags/tutorial.py for tasks to queue
[2025-04-29T02:44:58.533+0000] {logging_mixin.py:190} INFO - [2025-04-29T02:44:58.533+0000] {dagbag.py:587} INFO - Filling up the DagBag from /opt/airflow/dags/tutorial.py
[2025-04-29T02:44:58.539+0000] {processor.py:925} INFO - DAG(s) 'tutorial' retrieved from /opt/airflow/dags/tutorial.py
[2025-04-29T02:44:58.604+0000] {logging_mixin.py:190} INFO - [2025-04-29T02:44:58.604+0000] {dag.py:3211} INFO - Sync 1 DAGs
[2025-04-29T02:44:58.616+0000] {logging_mixin.py:190} INFO - [2025-04-29T02:44:58.616+0000] {dag.py:4138} INFO - Setting next_dagrun for tutorial to 2025-04-29 02:44:58.535547+00:00, run_after=2025-04-30 02:44:58.535547+00:00
[2025-04-29T02:44:58.629+0000] {processor.py:208} INFO - Processing /opt/airflow/dags/tutorial.py took 0.102 seconds
[2025-04-29T02:45:29.517+0000] {processor.py:186} INFO - Started process (PID=107) to work on /opt/airflow/dags/tutorial.py
[2025-04-29T02:45:29.524+0000] {processor.py:914} INFO - Processing file /opt/airflow/dags/tutorial.py for tasks to queue
[2025-04-29T02:45:29.526+0000] {logging_mixin.py:190} INFO - [2025-04-29T02:45:29.525+0000] {dagbag.py:587} INFO - Filling up the DagBag from /opt/airflow/dags/tutorial.py
[2025-04-29T02:45:29.533+0000] {processor.py:925} INFO - DAG(s) 'tutorial' retrieved from /opt/airflow/dags/tutorial.py
[2025-04-29T02:45:29.595+0000] {logging_mixin.py:190} INFO - [2025-04-29T02:45:29.595+0000] {dag.py:3211} INFO - Sync 1 DAGs
[2025-04-29T02:45:29.609+0000] {logging_mixin.py:190} INFO - [2025-04-29T02:45:29.609+0000] {dag.py:4138} INFO - Setting next_dagrun for tutorial to 2025-04-29 02:45:29.527497+00:00, run_after=2025-04-30 02:45:29.527497+00:00
[2025-04-29T02:45:29.625+0000] {processor.py:208} INFO - Processing /opt/airflow/dags/tutorial.py took 0.111 seconds
[2025-04-29T02:46:00.563+0000] {processor.py:186} INFO - Started process (PID=117) to work on /opt/airflow/dags/tutorial.py
[2025-04-29T02:46:00.564+0000] {processor.py:914} INFO - Processing file /opt/airflow/dags/tutorial.py for tasks to queue
[2025-04-29T02:46:00.565+0000] {logging_mixin.py:190} INFO - [2025-04-29T02:46:00.565+0000] {dagbag.py:587} INFO - Filling up the DagBag from /opt/airflow/dags/tutorial.py
[2025-04-29T02:46:00.572+0000] {processor.py:925} INFO - DAG(s) 'tutorial' retrieved from /opt/airflow/dags/tutorial.py
[2025-04-29T02:46:00.640+0000] {logging_mixin.py:190} INFO - [2025-04-29T02:46:00.640+0000] {dag.py:3211} INFO - Sync 1 DAGs
[2025-04-29T02:46:00.657+0000] {logging_mixin.py:190} INFO - [2025-04-29T02:46:00.656+0000] {dag.py:4138} INFO - Setting next_dagrun for tutorial to 2025-04-29 02:46:00.567370+00:00, run_after=2025-04-30 02:46:00.567370+00:00
[2025-04-29T02:46:00.671+0000] {processor.py:208} INFO - Processing /opt/airflow/dags/tutorial.py took 0.112 seconds
[2025-04-29T02:46:30.784+0000] {processor.py:186} INFO - Started process (PID=127) to work on /opt/airflow/dags/tutorial.py
[2025-04-29T02:46:30.785+0000] {processor.py:914} INFO - Processing file /opt/airflow/dags/tutorial.py for tasks to queue
[2025-04-29T02:46:30.787+0000] {logging_mixin.py:190} INFO - [2025-04-29T02:46:30.787+0000] {dagbag.py:587} INFO - Filling up the DagBag from /opt/airflow/dags/tutorial.py
[2025-04-29T02:46:30.794+0000] {processor.py:925} INFO - DAG(s) 'tutorial' retrieved from /opt/airflow/dags/tutorial.py
[2025-04-29T02:46:30.871+0000] {logging_mixin.py:190} INFO - [2025-04-29T02:46:30.870+0000] {dag.py:3211} INFO - Sync 1 DAGs
[2025-04-29T02:46:30.888+0000] {logging_mixin.py:190} INFO - [2025-04-29T02:46:30.888+0000] {dag.py:4138} INFO - Setting next_dagrun for tutorial to 2025-04-29 02:46:30.789241+00:00, run_after=2025-04-30 02:46:30.789241+00:00
[2025-04-29T02:46:30.904+0000] {processor.py:208} INFO - Processing /opt/airflow/dags/tutorial.py took 0.124 seconds
[2025-04-29T02:47:00.962+0000] {processor.py:186} INFO - Started process (PID=137) to work on /opt/airflow/dags/tutorial.py
[2025-04-29T02:47:00.963+0000] {processor.py:914} INFO - Processing file /opt/airflow/dags/tutorial.py for tasks to queue
[2025-04-29T02:47:00.964+0000] {logging_mixin.py:190} INFO - [2025-04-29T02:47:00.964+0000] {dagbag.py:587} INFO - Filling up the DagBag from /opt/airflow/dags/tutorial.py
[2025-04-29T02:47:00.971+0000] {processor.py:925} INFO - DAG(s) 'tutorial' retrieved from /opt/airflow/dags/tutorial.py
[2025-04-29T02:47:01.044+0000] {logging_mixin.py:190} INFO - [2025-04-29T02:47:01.044+0000] {dag.py:3211} INFO - Sync 1 DAGs
[2025-04-29T02:47:01.059+0000] {logging_mixin.py:190} INFO - [2025-04-29T02:47:01.059+0000] {dag.py:4138} INFO - Setting next_dagrun for tutorial to 2025-04-29 02:47:00.966557+00:00, run_after=2025-04-30 02:47:00.966557+00:00
[2025-04-29T02:47:01.072+0000] {processor.py:208} INFO - Processing /opt/airflow/dags/tutorial.py took 0.114 seconds
[2025-04-29T02:47:31.213+0000] {processor.py:186} INFO - Started process (PID=147) to work on /opt/airflow/dags/tutorial.py
[2025-04-29T02:47:31.214+0000] {processor.py:914} INFO - Processing file /opt/airflow/dags/tutorial.py for tasks to queue
[2025-04-29T02:47:31.216+0000] {logging_mixin.py:190} INFO - [2025-04-29T02:47:31.216+0000] {dagbag.py:587} INFO - Filling up the DagBag from /opt/airflow/dags/tutorial.py
[2025-04-29T02:47:31.223+0000] {processor.py:925} INFO - DAG(s) 'tutorial' retrieved from /opt/airflow/dags/tutorial.py
[2025-04-29T02:47:31.297+0000] {logging_mixin.py:190} INFO - [2025-04-29T02:47:31.297+0000] {dag.py:3211} INFO - Sync 1 DAGs
[2025-04-29T02:47:31.311+0000] {logging_mixin.py:190} INFO - [2025-04-29T02:47:31.311+0000] {dag.py:4138} INFO - Setting next_dagrun for tutorial to 2025-04-29 02:47:31.218619+00:00, run_after=2025-04-30 02:47:31.218619+00:00
[2025-04-29T02:47:31.326+0000] {processor.py:208} INFO - Processing /opt/airflow/dags/tutorial.py took 0.117 seconds
[2025-04-29T02:48:01.547+0000] {processor.py:186} INFO - Started process (PID=210) to work on /opt/airflow/dags/tutorial.py
[2025-04-29T02:48:01.548+0000] {processor.py:914} INFO - Processing file /opt/airflow/dags/tutorial.py for tasks to queue
[2025-04-29T02:48:01.550+0000] {logging_mixin.py:190} INFO - [2025-04-29T02:48:01.550+0000] {dagbag.py:587} INFO - Filling up the DagBag from /opt/airflow/dags/tutorial.py
[2025-04-29T02:48:01.557+0000] {processor.py:925} INFO - DAG(s) 'tutorial' retrieved from /opt/airflow/dags/tutorial.py
[2025-04-29T02:48:01.661+0000] {logging_mixin.py:190} INFO - [2025-04-29T02:48:01.661+0000] {dag.py:3211} INFO - Sync 1 DAGs
[2025-04-29T02:48:01.683+0000] {logging_mixin.py:190} INFO - [2025-04-29T02:48:01.683+0000] {dag.py:4138} INFO - Setting next_dagrun for tutorial to 2025-04-29 02:48:01.552177+00:00, run_after=2025-04-30 02:48:01.552177+00:00
[2025-04-29T02:48:01.703+0000] {processor.py:208} INFO - Processing /opt/airflow/dags/tutorial.py took 0.161 seconds
[2025-04-29T02:48:31.745+0000] {processor.py:186} INFO - Started process (PID=368) to work on /opt/airflow/dags/tutorial.py
[2025-04-29T02:48:31.746+0000] {processor.py:914} INFO - Processing file /opt/airflow/dags/tutorial.py for tasks to queue
[2025-04-29T02:48:31.748+0000] {logging_mixin.py:190} INFO - [2025-04-29T02:48:31.748+0000] {dagbag.py:587} INFO - Filling up the DagBag from /opt/airflow/dags/tutorial.py
[2025-04-29T02:48:31.753+0000] {processor.py:925} INFO - DAG(s) 'tutorial' retrieved from /opt/airflow/dags/tutorial.py
[2025-04-29T02:48:31.822+0000] {logging_mixin.py:190} INFO - [2025-04-29T02:48:31.821+0000] {dag.py:3211} INFO - Sync 1 DAGs
[2025-04-29T02:48:31.835+0000] {logging_mixin.py:190} INFO - [2025-04-29T02:48:31.835+0000] {dag.py:4138} INFO - Setting next_dagrun for tutorial to 2025-04-29 02:48:31.749790+00:00, run_after=2025-04-30 02:48:31.749790+00:00
[2025-04-29T02:48:31.848+0000] {processor.py:208} INFO - Processing /opt/airflow/dags/tutorial.py took 0.107 seconds
[2025-04-29T02:49:02.548+0000] {processor.py:186} INFO - Started process (PID=460) to work on /opt/airflow/dags/tutorial.py
[2025-04-29T02:49:02.549+0000] {processor.py:914} INFO - Processing file /opt/airflow/dags/tutorial.py for tasks to queue
[2025-04-29T02:49:02.551+0000] {logging_mixin.py:190} INFO - [2025-04-29T02:49:02.550+0000] {dagbag.py:587} INFO - Filling up the DagBag from /opt/airflow/dags/tutorial.py
[2025-04-29T02:49:02.556+0000] {processor.py:925} INFO - DAG(s) 'tutorial' retrieved from /opt/airflow/dags/tutorial.py
[2025-04-29T02:49:02.618+0000] {logging_mixin.py:190} INFO - [2025-04-29T02:49:02.618+0000] {dag.py:3211} INFO - Sync 1 DAGs
[2025-04-29T02:49:02.631+0000] {logging_mixin.py:190} INFO - [2025-04-29T02:49:02.630+0000] {dag.py:4138} INFO - Setting next_dagrun for tutorial to 2025-04-29 02:49:02.552349+00:00, run_after=2025-04-30 02:49:02.552349+00:00
[2025-04-29T02:49:02.643+0000] {processor.py:208} INFO - Processing /opt/airflow/dags/tutorial.py took 0.098 seconds
[2025-04-29T02:49:33.418+0000] {processor.py:186} INFO - Started process (PID=602) to work on /opt/airflow/dags/tutorial.py
[2025-04-29T02:49:33.418+0000] {processor.py:914} INFO - Processing file /opt/airflow/dags/tutorial.py for tasks to queue
[2025-04-29T02:49:33.420+0000] {logging_mixin.py:190} INFO - [2025-04-29T02:49:33.420+0000] {dagbag.py:587} INFO - Filling up the DagBag from /opt/airflow/dags/tutorial.py
[2025-04-29T02:49:33.426+0000] {processor.py:925} INFO - DAG(s) 'tutorial' retrieved from /opt/airflow/dags/tutorial.py
[2025-04-29T02:49:33.495+0000] {logging_mixin.py:190} INFO - [2025-04-29T02:49:33.495+0000] {dag.py:3211} INFO - Sync 1 DAGs
[2025-04-29T02:49:33.510+0000] {logging_mixin.py:190} INFO - [2025-04-29T02:49:33.510+0000] {dag.py:4138} INFO - Setting next_dagrun for tutorial to 2025-04-29 02:49:33.421994+00:00, run_after=2025-04-30 02:49:33.421994+00:00
[2025-04-29T02:49:33.525+0000] {processor.py:208} INFO - Processing /opt/airflow/dags/tutorial.py took 0.112 seconds
[2025-04-29T02:50:04.326+0000] {processor.py:186} INFO - Started process (PID=744) to work on /opt/airflow/dags/tutorial.py
[2025-04-29T02:50:04.336+0000] {processor.py:914} INFO - Processing file /opt/airflow/dags/tutorial.py for tasks to queue
[2025-04-29T02:50:04.338+0000] {logging_mixin.py:190} INFO - [2025-04-29T02:50:04.338+0000] {dagbag.py:587} INFO - Filling up the DagBag from /opt/airflow/dags/tutorial.py
[2025-04-29T02:50:04.343+0000] {processor.py:925} INFO - DAG(s) 'tutorial' retrieved from /opt/airflow/dags/tutorial.py
[2025-04-29T02:50:04.405+0000] {logging_mixin.py:190} INFO - [2025-04-29T02:50:04.405+0000] {dag.py:3211} INFO - Sync 1 DAGs
[2025-04-29T02:50:04.417+0000] {logging_mixin.py:190} INFO - [2025-04-29T02:50:04.417+0000] {dag.py:4138} INFO - Setting next_dagrun for tutorial to 2025-04-29 02:50:04.339504+00:00, run_after=2025-04-30 02:50:04.339504+00:00
[2025-04-29T02:50:04.444+0000] {processor.py:208} INFO - Processing /opt/airflow/dags/tutorial.py took 0.122 seconds
[2025-04-29T02:50:35.164+0000] {processor.py:186} INFO - Started process (PID=849) to work on /opt/airflow/dags/tutorial.py
[2025-04-29T02:50:35.175+0000] {processor.py:914} INFO - Processing file /opt/airflow/dags/tutorial.py for tasks to queue
[2025-04-29T02:50:35.176+0000] {logging_mixin.py:190} INFO - [2025-04-29T02:50:35.176+0000] {dagbag.py:587} INFO - Filling up the DagBag from /opt/airflow/dags/tutorial.py
[2025-04-29T02:50:35.182+0000] {processor.py:925} INFO - DAG(s) 'tutorial' retrieved from /opt/airflow/dags/tutorial.py
[2025-04-29T02:50:35.243+0000] {logging_mixin.py:190} INFO - [2025-04-29T02:50:35.243+0000] {dag.py:3211} INFO - Sync 1 DAGs
[2025-04-29T02:50:35.255+0000] {logging_mixin.py:190} INFO - [2025-04-29T02:50:35.255+0000] {dag.py:4138} INFO - Setting next_dagrun for tutorial to 2025-04-29 02:50:35.178388+00:00, run_after=2025-04-30 02:50:35.178388+00:00
[2025-04-29T02:50:35.283+0000] {processor.py:208} INFO - Processing /opt/airflow/dags/tutorial.py took 0.123 seconds
[2025-04-29T02:51:06.053+0000] {processor.py:186} INFO - Started process (PID=969) to work on /opt/airflow/dags/tutorial.py
[2025-04-29T02:51:06.054+0000] {processor.py:914} INFO - Processing file /opt/airflow/dags/tutorial.py for tasks to queue
[2025-04-29T02:51:06.056+0000] {logging_mixin.py:190} INFO - [2025-04-29T02:51:06.055+0000] {dagbag.py:587} INFO - Filling up the DagBag from /opt/airflow/dags/tutorial.py
[2025-04-29T02:51:06.061+0000] {processor.py:925} INFO - DAG(s) 'tutorial' retrieved from /opt/airflow/dags/tutorial.py
[2025-04-29T02:51:06.122+0000] {logging_mixin.py:190} INFO - [2025-04-29T02:51:06.122+0000] {dag.py:3211} INFO - Sync 1 DAGs
[2025-04-29T02:51:06.135+0000] {logging_mixin.py:190} INFO - [2025-04-29T02:51:06.135+0000] {dag.py:4138} INFO - Setting next_dagrun for tutorial to 2025-04-29 02:51:06.057400+00:00, run_after=2025-04-30 02:51:06.057400+00:00
[2025-04-29T02:51:06.147+0000] {processor.py:208} INFO - Processing /opt/airflow/dags/tutorial.py took 0.098 seconds
[2025-04-29T02:51:36.980+0000] {processor.py:186} INFO - Started process (PID=1078) to work on /opt/airflow/dags/tutorial.py
[2025-04-29T02:51:36.981+0000] {processor.py:914} INFO - Processing file /opt/airflow/dags/tutorial.py for tasks to queue
[2025-04-29T02:51:36.984+0000] {logging_mixin.py:190} INFO - [2025-04-29T02:51:36.983+0000] {dagbag.py:587} INFO - Filling up the DagBag from /opt/airflow/dags/tutorial.py
[2025-04-29T02:51:36.996+0000] {processor.py:925} INFO - DAG(s) 'tutorial' retrieved from /opt/airflow/dags/tutorial.py
[2025-04-29T02:51:37.103+0000] {logging_mixin.py:190} INFO - [2025-04-29T02:51:37.103+0000] {dag.py:3211} INFO - Sync 1 DAGs
[2025-04-29T02:51:37.122+0000] {logging_mixin.py:190} INFO - [2025-04-29T02:51:37.122+0000] {dag.py:4138} INFO - Setting next_dagrun for tutorial to 2025-04-29 02:51:36.987085+00:00, run_after=2025-04-30 02:51:36.987085+00:00
[2025-04-29T02:51:37.143+0000] {processor.py:208} INFO - Processing /opt/airflow/dags/tutorial.py took 0.169 seconds
[2025-04-29T02:52:08.038+0000] {processor.py:186} INFO - Started process (PID=1193) to work on /opt/airflow/dags/tutorial.py
[2025-04-29T02:52:08.039+0000] {processor.py:914} INFO - Processing file /opt/airflow/dags/tutorial.py for tasks to queue
[2025-04-29T02:52:08.041+0000] {logging_mixin.py:190} INFO - [2025-04-29T02:52:08.041+0000] {dagbag.py:587} INFO - Filling up the DagBag from /opt/airflow/dags/tutorial.py
[2025-04-29T02:52:08.048+0000] {processor.py:925} INFO - DAG(s) 'tutorial' retrieved from /opt/airflow/dags/tutorial.py
[2025-04-29T02:52:08.119+0000] {logging_mixin.py:190} INFO - [2025-04-29T02:52:08.119+0000] {dag.py:3211} INFO - Sync 1 DAGs
[2025-04-29T02:52:08.133+0000] {logging_mixin.py:190} INFO - [2025-04-29T02:52:08.133+0000] {dag.py:4138} INFO - Setting next_dagrun for tutorial to 2025-04-29 02:52:08.043453+00:00, run_after=2025-04-30 02:52:08.043453+00:00
[2025-04-29T02:52:08.146+0000] {processor.py:208} INFO - Processing /opt/airflow/dags/tutorial.py took 0.112 seconds
[2025-04-29T02:52:39.137+0000] {processor.py:186} INFO - Started process (PID=1342) to work on /opt/airflow/dags/tutorial.py
[2025-04-29T02:52:39.138+0000] {processor.py:914} INFO - Processing file /opt/airflow/dags/tutorial.py for tasks to queue
[2025-04-29T02:52:39.139+0000] {logging_mixin.py:190} INFO - [2025-04-29T02:52:39.139+0000] {dagbag.py:587} INFO - Filling up the DagBag from /opt/airflow/dags/tutorial.py
[2025-04-29T02:52:39.145+0000] {processor.py:925} INFO - DAG(s) 'tutorial' retrieved from /opt/airflow/dags/tutorial.py
[2025-04-29T02:52:39.208+0000] {logging_mixin.py:190} INFO - [2025-04-29T02:52:39.208+0000] {dag.py:3211} INFO - Sync 1 DAGs
[2025-04-29T02:52:39.224+0000] {logging_mixin.py:190} INFO - [2025-04-29T02:52:39.224+0000] {dag.py:4138} INFO - Setting next_dagrun for tutorial to 2025-04-29 02:52:39.141498+00:00, run_after=2025-04-30 02:52:39.141498+00:00
[2025-04-29T02:52:39.250+0000] {processor.py:208} INFO - Processing /opt/airflow/dags/tutorial.py took 0.118 seconds
[2025-04-29T02:53:10.074+0000] {processor.py:186} INFO - Started process (PID=1414) to work on /opt/airflow/dags/tutorial.py
[2025-04-29T02:53:10.074+0000] {processor.py:914} INFO - Processing file /opt/airflow/dags/tutorial.py for tasks to queue
[2025-04-29T02:53:10.076+0000] {logging_mixin.py:190} INFO - [2025-04-29T02:53:10.076+0000] {dagbag.py:587} INFO - Filling up the DagBag from /opt/airflow/dags/tutorial.py
[2025-04-29T02:53:10.082+0000] {processor.py:925} INFO - DAG(s) 'tutorial' retrieved from /opt/airflow/dags/tutorial.py
[2025-04-29T02:53:10.146+0000] {logging_mixin.py:190} INFO - [2025-04-29T02:53:10.146+0000] {dag.py:3211} INFO - Sync 1 DAGs
[2025-04-29T02:53:10.159+0000] {logging_mixin.py:190} INFO - [2025-04-29T02:53:10.159+0000] {dag.py:4138} INFO - Setting next_dagrun for tutorial to 2025-04-29 02:53:10.077884+00:00, run_after=2025-04-30 02:53:10.077884+00:00
[2025-04-29T02:53:10.171+0000] {processor.py:208} INFO - Processing /opt/airflow/dags/tutorial.py took 0.102 seconds
[2025-04-29T02:53:40.911+0000] {processor.py:186} INFO - Started process (PID=1518) to work on /opt/airflow/dags/tutorial.py
[2025-04-29T02:53:40.913+0000] {processor.py:914} INFO - Processing file /opt/airflow/dags/tutorial.py for tasks to queue
[2025-04-29T02:53:40.915+0000] {logging_mixin.py:190} INFO - [2025-04-29T02:53:40.915+0000] {dagbag.py:587} INFO - Filling up the DagBag from /opt/airflow/dags/tutorial.py
[2025-04-29T02:53:40.923+0000] {processor.py:925} INFO - DAG(s) 'tutorial' retrieved from /opt/airflow/dags/tutorial.py
[2025-04-29T02:53:41.007+0000] {logging_mixin.py:190} INFO - [2025-04-29T02:53:41.007+0000] {dag.py:3211} INFO - Sync 1 DAGs
[2025-04-29T02:53:41.022+0000] {logging_mixin.py:190} INFO - [2025-04-29T02:53:41.022+0000] {dag.py:4138} INFO - Setting next_dagrun for tutorial to 2025-04-29 02:53:40.917843+00:00, run_after=2025-04-30 02:53:40.917843+00:00
[2025-04-29T02:53:41.038+0000] {processor.py:208} INFO - Processing /opt/airflow/dags/tutorial.py took 0.132 seconds
[2025-04-29T02:54:11.760+0000] {processor.py:186} INFO - Started process (PID=1613) to work on /opt/airflow/dags/tutorial.py
[2025-04-29T02:54:11.761+0000] {processor.py:914} INFO - Processing file /opt/airflow/dags/tutorial.py for tasks to queue
[2025-04-29T02:54:11.763+0000] {logging_mixin.py:190} INFO - [2025-04-29T02:54:11.763+0000] {dagbag.py:587} INFO - Filling up the DagBag from /opt/airflow/dags/tutorial.py
[2025-04-29T02:54:11.769+0000] {processor.py:925} INFO - DAG(s) 'tutorial' retrieved from /opt/airflow/dags/tutorial.py
[2025-04-29T02:54:11.832+0000] {logging_mixin.py:190} INFO - [2025-04-29T02:54:11.831+0000] {dag.py:3211} INFO - Sync 1 DAGs
[2025-04-29T02:54:11.843+0000] {logging_mixin.py:190} INFO - [2025-04-29T02:54:11.843+0000] {dag.py:4138} INFO - Setting next_dagrun for tutorial to 2025-04-29 02:54:11.764993+00:00, run_after=2025-04-30 02:54:11.764993+00:00
[2025-04-29T02:54:11.855+0000] {processor.py:208} INFO - Processing /opt/airflow/dags/tutorial.py took 0.100 seconds
[2025-04-29T02:54:42.729+0000] {processor.py:186} INFO - Started process (PID=1681) to work on /opt/airflow/dags/tutorial.py
[2025-04-29T02:54:42.730+0000] {processor.py:914} INFO - Processing file /opt/airflow/dags/tutorial.py for tasks to queue
[2025-04-29T02:54:42.731+0000] {logging_mixin.py:190} INFO - [2025-04-29T02:54:42.731+0000] {dagbag.py:587} INFO - Filling up the DagBag from /opt/airflow/dags/tutorial.py
[2025-04-29T02:54:42.737+0000] {processor.py:925} INFO - DAG(s) 'tutorial' retrieved from /opt/airflow/dags/tutorial.py
[2025-04-29T02:54:42.804+0000] {logging_mixin.py:190} INFO - [2025-04-29T02:54:42.804+0000] {dag.py:3211} INFO - Sync 1 DAGs
[2025-04-29T02:54:42.817+0000] {logging_mixin.py:190} INFO - [2025-04-29T02:54:42.817+0000] {dag.py:4138} INFO - Setting next_dagrun for tutorial to 2025-04-29 02:54:42.733322+00:00, run_after=2025-04-30 02:54:42.733322+00:00
[2025-04-29T02:54:42.831+0000] {processor.py:208} INFO - Processing /opt/airflow/dags/tutorial.py took 0.107 seconds
[2025-04-29T02:55:13.740+0000] {processor.py:186} INFO - Started process (PID=1827) to work on /opt/airflow/dags/tutorial.py
[2025-04-29T02:55:13.741+0000] {processor.py:914} INFO - Processing file /opt/airflow/dags/tutorial.py for tasks to queue
[2025-04-29T02:55:13.743+0000] {logging_mixin.py:190} INFO - [2025-04-29T02:55:13.743+0000] {dagbag.py:587} INFO - Filling up the DagBag from /opt/airflow/dags/tutorial.py
[2025-04-29T02:55:13.749+0000] {processor.py:925} INFO - DAG(s) 'tutorial' retrieved from /opt/airflow/dags/tutorial.py
[2025-04-29T02:55:13.810+0000] {logging_mixin.py:190} INFO - [2025-04-29T02:55:13.810+0000] {dag.py:3211} INFO - Sync 1 DAGs
[2025-04-29T02:55:13.824+0000] {logging_mixin.py:190} INFO - [2025-04-29T02:55:13.824+0000] {dag.py:4138} INFO - Setting next_dagrun for tutorial to 2025-04-29 02:55:13.744783+00:00, run_after=2025-04-30 02:55:13.744783+00:00
[2025-04-29T02:55:13.837+0000] {processor.py:208} INFO - Processing /opt/airflow/dags/tutorial.py took 0.101 seconds
[2025-04-29T02:55:44.634+0000] {processor.py:186} INFO - Started process (PID=1907) to work on /opt/airflow/dags/tutorial.py
[2025-04-29T02:55:44.634+0000] {processor.py:914} INFO - Processing file /opt/airflow/dags/tutorial.py for tasks to queue
[2025-04-29T02:55:44.636+0000] {logging_mixin.py:190} INFO - [2025-04-29T02:55:44.636+0000] {dagbag.py:587} INFO - Filling up the DagBag from /opt/airflow/dags/tutorial.py
[2025-04-29T02:55:44.642+0000] {processor.py:925} INFO - DAG(s) 'tutorial' retrieved from /opt/airflow/dags/tutorial.py
[2025-04-29T02:55:44.708+0000] {logging_mixin.py:190} INFO - [2025-04-29T02:55:44.707+0000] {dag.py:3211} INFO - Sync 1 DAGs
[2025-04-29T02:55:44.720+0000] {logging_mixin.py:190} INFO - [2025-04-29T02:55:44.720+0000] {dag.py:4138} INFO - Setting next_dagrun for tutorial to 2025-04-29 02:55:44.638058+00:00, run_after=2025-04-30 02:55:44.638058+00:00
[2025-04-29T02:55:44.733+0000] {processor.py:208} INFO - Processing /opt/airflow/dags/tutorial.py took 0.104 seconds
[2025-04-29T02:56:14.958+0000] {processor.py:186} INFO - Started process (PID=2026) to work on /opt/airflow/dags/tutorial.py
[2025-04-29T02:56:14.959+0000] {processor.py:914} INFO - Processing file /opt/airflow/dags/tutorial.py for tasks to queue
[2025-04-29T02:56:14.961+0000] {logging_mixin.py:190} INFO - [2025-04-29T02:56:14.961+0000] {dagbag.py:587} INFO - Filling up the DagBag from /opt/airflow/dags/tutorial.py
[2025-04-29T02:56:14.967+0000] {processor.py:925} INFO - DAG(s) 'tutorial' retrieved from /opt/airflow/dags/tutorial.py
[2025-04-29T02:56:15.031+0000] {logging_mixin.py:190} INFO - [2025-04-29T02:56:15.031+0000] {dag.py:3211} INFO - Sync 1 DAGs
[2025-04-29T02:56:15.043+0000] {logging_mixin.py:190} INFO - [2025-04-29T02:56:15.043+0000] {dag.py:4138} INFO - Setting next_dagrun for tutorial to 2025-04-29 02:56:14.963279+00:00, run_after=2025-04-30 02:56:14.963279+00:00
[2025-04-29T02:56:15.064+0000] {processor.py:208} INFO - Processing /opt/airflow/dags/tutorial.py took 0.110 seconds
[2025-04-29T02:56:45.863+0000] {processor.py:186} INFO - Started process (PID=2068) to work on /opt/airflow/dags/tutorial.py
[2025-04-29T02:56:45.864+0000] {processor.py:914} INFO - Processing file /opt/airflow/dags/tutorial.py for tasks to queue
[2025-04-29T02:56:45.866+0000] {logging_mixin.py:190} INFO - [2025-04-29T02:56:45.866+0000] {dagbag.py:587} INFO - Filling up the DagBag from /opt/airflow/dags/tutorial.py
[2025-04-29T02:56:45.872+0000] {processor.py:925} INFO - DAG(s) 'tutorial' retrieved from /opt/airflow/dags/tutorial.py
[2025-04-29T02:56:45.937+0000] {logging_mixin.py:190} INFO - [2025-04-29T02:56:45.937+0000] {dag.py:3211} INFO - Sync 1 DAGs
[2025-04-29T02:56:45.949+0000] {logging_mixin.py:190} INFO - [2025-04-29T02:56:45.949+0000] {dag.py:4138} INFO - Setting next_dagrun for tutorial to 2025-04-29 02:56:45.868033+00:00, run_after=2025-04-30 02:56:45.868033+00:00
[2025-04-29T02:56:45.962+0000] {processor.py:208} INFO - Processing /opt/airflow/dags/tutorial.py took 0.103 seconds
[2025-04-29T02:57:16.823+0000] {processor.py:186} INFO - Started process (PID=2198) to work on /opt/airflow/dags/tutorial.py
[2025-04-29T02:57:16.824+0000] {processor.py:914} INFO - Processing file /opt/airflow/dags/tutorial.py for tasks to queue
[2025-04-29T02:57:16.826+0000] {logging_mixin.py:190} INFO - [2025-04-29T02:57:16.826+0000] {dagbag.py:587} INFO - Filling up the DagBag from /opt/airflow/dags/tutorial.py
[2025-04-29T02:57:16.834+0000] {processor.py:925} INFO - DAG(s) 'tutorial' retrieved from /opt/airflow/dags/tutorial.py
[2025-04-29T02:57:16.909+0000] {logging_mixin.py:190} INFO - [2025-04-29T02:57:16.909+0000] {dag.py:3211} INFO - Sync 1 DAGs
[2025-04-29T02:57:16.926+0000] {logging_mixin.py:190} INFO - [2025-04-29T02:57:16.926+0000] {dag.py:4138} INFO - Setting next_dagrun for tutorial to 2025-04-29 02:57:16.827956+00:00, run_after=2025-04-30 02:57:16.827956+00:00
[2025-04-29T02:57:16.944+0000] {processor.py:208} INFO - Processing /opt/airflow/dags/tutorial.py took 0.126 seconds
[2025-04-29T02:57:47.680+0000] {processor.py:186} INFO - Started process (PID=2300) to work on /opt/airflow/dags/tutorial.py
[2025-04-29T02:57:47.681+0000] {processor.py:914} INFO - Processing file /opt/airflow/dags/tutorial.py for tasks to queue
[2025-04-29T02:57:47.682+0000] {logging_mixin.py:190} INFO - [2025-04-29T02:57:47.682+0000] {dagbag.py:587} INFO - Filling up the DagBag from /opt/airflow/dags/tutorial.py
[2025-04-29T02:57:47.688+0000] {processor.py:925} INFO - DAG(s) 'tutorial' retrieved from /opt/airflow/dags/tutorial.py
[2025-04-29T02:57:47.750+0000] {logging_mixin.py:190} INFO - [2025-04-29T02:57:47.750+0000] {dag.py:3211} INFO - Sync 1 DAGs
[2025-04-29T02:57:47.762+0000] {logging_mixin.py:190} INFO - [2025-04-29T02:57:47.762+0000] {dag.py:4138} INFO - Setting next_dagrun for tutorial to 2025-04-29 02:57:47.684207+00:00, run_after=2025-04-30 02:57:47.684207+00:00
[2025-04-29T02:57:47.774+0000] {processor.py:208} INFO - Processing /opt/airflow/dags/tutorial.py took 0.098 seconds
[2025-04-29T02:58:18.571+0000] {processor.py:186} INFO - Started process (PID=2435) to work on /opt/airflow/dags/tutorial.py
[2025-04-29T02:58:18.572+0000] {processor.py:914} INFO - Processing file /opt/airflow/dags/tutorial.py for tasks to queue
[2025-04-29T02:58:18.573+0000] {logging_mixin.py:190} INFO - [2025-04-29T02:58:18.573+0000] {dagbag.py:587} INFO - Filling up the DagBag from /opt/airflow/dags/tutorial.py
[2025-04-29T02:58:18.578+0000] {processor.py:925} INFO - DAG(s) 'tutorial' retrieved from /opt/airflow/dags/tutorial.py
[2025-04-29T02:58:18.641+0000] {logging_mixin.py:190} INFO - [2025-04-29T02:58:18.641+0000] {dag.py:3211} INFO - Sync 1 DAGs
[2025-04-29T02:58:18.653+0000] {logging_mixin.py:190} INFO - [2025-04-29T02:58:18.653+0000] {dag.py:4138} INFO - Setting next_dagrun for tutorial to 2025-04-29 02:58:18.574886+00:00, run_after=2025-04-30 02:58:18.574886+00:00
[2025-04-29T02:58:18.665+0000] {processor.py:208} INFO - Processing /opt/airflow/dags/tutorial.py took 0.098 seconds
[2025-04-29T02:58:49.590+0000] {processor.py:186} INFO - Started process (PID=2461) to work on /opt/airflow/dags/tutorial.py
[2025-04-29T02:58:49.591+0000] {processor.py:914} INFO - Processing file /opt/airflow/dags/tutorial.py for tasks to queue
[2025-04-29T02:58:49.593+0000] {logging_mixin.py:190} INFO - [2025-04-29T02:58:49.593+0000] {dagbag.py:587} INFO - Filling up the DagBag from /opt/airflow/dags/tutorial.py
[2025-04-29T02:58:49.598+0000] {processor.py:925} INFO - DAG(s) 'tutorial' retrieved from /opt/airflow/dags/tutorial.py
[2025-04-29T02:58:49.661+0000] {logging_mixin.py:190} INFO - [2025-04-29T02:58:49.661+0000] {dag.py:3211} INFO - Sync 1 DAGs
[2025-04-29T02:58:49.674+0000] {logging_mixin.py:190} INFO - [2025-04-29T02:58:49.673+0000] {dag.py:4138} INFO - Setting next_dagrun for tutorial to 2025-04-29 02:58:49.594508+00:00, run_after=2025-04-30 02:58:49.594508+00:00
[2025-04-29T02:58:49.687+0000] {processor.py:208} INFO - Processing /opt/airflow/dags/tutorial.py took 0.101 seconds
[2025-04-29T02:59:20.682+0000] {processor.py:186} INFO - Started process (PID=2472) to work on /opt/airflow/dags/tutorial.py
[2025-04-29T02:59:20.682+0000] {processor.py:914} INFO - Processing file /opt/airflow/dags/tutorial.py for tasks to queue
[2025-04-29T02:59:20.684+0000] {logging_mixin.py:190} INFO - [2025-04-29T02:59:20.684+0000] {dagbag.py:587} INFO - Filling up the DagBag from /opt/airflow/dags/tutorial.py
[2025-04-29T02:59:20.689+0000] {processor.py:925} INFO - DAG(s) 'tutorial' retrieved from /opt/airflow/dags/tutorial.py
[2025-04-29T02:59:20.751+0000] {logging_mixin.py:190} INFO - [2025-04-29T02:59:20.751+0000] {dag.py:3211} INFO - Sync 1 DAGs
[2025-04-29T02:59:20.763+0000] {logging_mixin.py:190} INFO - [2025-04-29T02:59:20.763+0000] {dag.py:4138} INFO - Setting next_dagrun for tutorial to 2025-04-29 02:59:20.685779+00:00, run_after=2025-04-30 02:59:20.685779+00:00
[2025-04-29T02:59:20.775+0000] {processor.py:208} INFO - Processing /opt/airflow/dags/tutorial.py took 0.098 seconds
[2025-04-29T02:59:51.687+0000] {processor.py:186} INFO - Started process (PID=2482) to work on /opt/airflow/dags/tutorial.py
[2025-04-29T02:59:51.688+0000] {processor.py:914} INFO - Processing file /opt/airflow/dags/tutorial.py for tasks to queue
[2025-04-29T02:59:51.689+0000] {logging_mixin.py:190} INFO - [2025-04-29T02:59:51.689+0000] {dagbag.py:587} INFO - Filling up the DagBag from /opt/airflow/dags/tutorial.py
[2025-04-29T02:59:51.695+0000] {processor.py:925} INFO - DAG(s) 'tutorial' retrieved from /opt/airflow/dags/tutorial.py
[2025-04-29T02:59:51.754+0000] {logging_mixin.py:190} INFO - [2025-04-29T02:59:51.754+0000] {dag.py:3211} INFO - Sync 1 DAGs
[2025-04-29T02:59:51.766+0000] {logging_mixin.py:190} INFO - [2025-04-29T02:59:51.766+0000] {dag.py:4138} INFO - Setting next_dagrun for tutorial to 2025-04-29 02:59:51.691162+00:00, run_after=2025-04-30 02:59:51.691162+00:00
[2025-04-29T02:59:51.778+0000] {processor.py:208} INFO - Processing /opt/airflow/dags/tutorial.py took 0.096 seconds
[2025-04-29T03:00:22.544+0000] {processor.py:186} INFO - Started process (PID=2492) to work on /opt/airflow/dags/tutorial.py
[2025-04-29T03:00:22.545+0000] {processor.py:914} INFO - Processing file /opt/airflow/dags/tutorial.py for tasks to queue
[2025-04-29T03:00:22.546+0000] {logging_mixin.py:190} INFO - [2025-04-29T03:00:22.546+0000] {dagbag.py:587} INFO - Filling up the DagBag from /opt/airflow/dags/tutorial.py
[2025-04-29T03:00:22.552+0000] {processor.py:925} INFO - DAG(s) 'tutorial' retrieved from /opt/airflow/dags/tutorial.py
[2025-04-29T03:00:22.617+0000] {logging_mixin.py:190} INFO - [2025-04-29T03:00:22.617+0000] {dag.py:3211} INFO - Sync 1 DAGs
[2025-04-29T03:00:22.631+0000] {logging_mixin.py:190} INFO - [2025-04-29T03:00:22.630+0000] {dag.py:4138} INFO - Setting next_dagrun for tutorial to 2025-04-29 03:00:22.548139+00:00, run_after=2025-04-30 03:00:22.548139+00:00
[2025-04-29T03:00:22.642+0000] {processor.py:208} INFO - Processing /opt/airflow/dags/tutorial.py took 0.102 seconds
[2025-04-29T03:00:53.515+0000] {processor.py:186} INFO - Started process (PID=2502) to work on /opt/airflow/dags/tutorial.py
[2025-04-29T03:00:53.515+0000] {processor.py:914} INFO - Processing file /opt/airflow/dags/tutorial.py for tasks to queue
[2025-04-29T03:00:53.517+0000] {logging_mixin.py:190} INFO - [2025-04-29T03:00:53.517+0000] {dagbag.py:587} INFO - Filling up the DagBag from /opt/airflow/dags/tutorial.py
[2025-04-29T03:00:53.522+0000] {processor.py:925} INFO - DAG(s) 'tutorial' retrieved from /opt/airflow/dags/tutorial.py
[2025-04-29T03:00:53.582+0000] {logging_mixin.py:190} INFO - [2025-04-29T03:00:53.582+0000] {dag.py:3211} INFO - Sync 1 DAGs
[2025-04-29T03:00:53.594+0000] {logging_mixin.py:190} INFO - [2025-04-29T03:00:53.594+0000] {dag.py:4138} INFO - Setting next_dagrun for tutorial to 2025-04-29 03:00:53.518723+00:00, run_after=2025-04-30 03:00:53.518723+00:00
[2025-04-29T03:00:53.605+0000] {processor.py:208} INFO - Processing /opt/airflow/dags/tutorial.py took 0.095 seconds
[2025-04-29T03:01:24.434+0000] {processor.py:186} INFO - Started process (PID=2512) to work on /opt/airflow/dags/tutorial.py
[2025-04-29T03:01:24.435+0000] {processor.py:914} INFO - Processing file /opt/airflow/dags/tutorial.py for tasks to queue
[2025-04-29T03:01:24.437+0000] {logging_mixin.py:190} INFO - [2025-04-29T03:01:24.437+0000] {dagbag.py:587} INFO - Filling up the DagBag from /opt/airflow/dags/tutorial.py
[2025-04-29T03:01:24.443+0000] {processor.py:925} INFO - DAG(s) 'tutorial' retrieved from /opt/airflow/dags/tutorial.py
[2025-04-29T03:01:24.507+0000] {logging_mixin.py:190} INFO - [2025-04-29T03:01:24.507+0000] {dag.py:3211} INFO - Sync 1 DAGs
[2025-04-29T03:01:24.521+0000] {logging_mixin.py:190} INFO - [2025-04-29T03:01:24.521+0000] {dag.py:4138} INFO - Setting next_dagrun for tutorial to 2025-04-29 03:01:24.438862+00:00, run_after=2025-04-30 03:01:24.438862+00:00
[2025-04-29T03:01:24.536+0000] {processor.py:208} INFO - Processing /opt/airflow/dags/tutorial.py took 0.106 seconds
[2025-04-29T03:01:55.396+0000] {processor.py:186} INFO - Started process (PID=2522) to work on /opt/airflow/dags/tutorial.py
[2025-04-29T03:01:55.397+0000] {processor.py:914} INFO - Processing file /opt/airflow/dags/tutorial.py for tasks to queue
[2025-04-29T03:01:55.398+0000] {logging_mixin.py:190} INFO - [2025-04-29T03:01:55.398+0000] {dagbag.py:587} INFO - Filling up the DagBag from /opt/airflow/dags/tutorial.py
[2025-04-29T03:01:55.404+0000] {processor.py:925} INFO - DAG(s) 'tutorial' retrieved from /opt/airflow/dags/tutorial.py
[2025-04-29T03:01:55.465+0000] {logging_mixin.py:190} INFO - [2025-04-29T03:01:55.465+0000] {dag.py:3211} INFO - Sync 1 DAGs
[2025-04-29T03:01:55.477+0000] {logging_mixin.py:190} INFO - [2025-04-29T03:01:55.477+0000] {dag.py:4138} INFO - Setting next_dagrun for tutorial to 2025-04-29 03:01:55.400267+00:00, run_after=2025-04-30 03:01:55.400267+00:00
[2025-04-29T03:01:55.498+0000] {processor.py:208} INFO - Processing /opt/airflow/dags/tutorial.py took 0.107 seconds
[2025-04-29T03:02:25.947+0000] {processor.py:186} INFO - Started process (PID=2538) to work on /opt/airflow/dags/tutorial.py
[2025-04-29T03:02:25.948+0000] {processor.py:914} INFO - Processing file /opt/airflow/dags/tutorial.py for tasks to queue
[2025-04-29T03:02:25.950+0000] {logging_mixin.py:190} INFO - [2025-04-29T03:02:25.950+0000] {dagbag.py:587} INFO - Filling up the DagBag from /opt/airflow/dags/tutorial.py
[2025-04-29T03:02:25.956+0000] {processor.py:925} INFO - DAG(s) 'tutorial' retrieved from /opt/airflow/dags/tutorial.py
[2025-04-29T03:02:26.019+0000] {logging_mixin.py:190} INFO - [2025-04-29T03:02:26.019+0000] {dag.py:3211} INFO - Sync 1 DAGs
[2025-04-29T03:02:26.033+0000] {logging_mixin.py:190} INFO - [2025-04-29T03:02:26.033+0000] {dag.py:4138} INFO - Setting next_dagrun for tutorial to 2025-04-29 03:02:25.951922+00:00, run_after=2025-04-30 03:02:25.951922+00:00
[2025-04-29T03:02:26.046+0000] {processor.py:208} INFO - Processing /opt/airflow/dags/tutorial.py took 0.103 seconds
[2025-04-29T03:02:56.901+0000] {processor.py:186} INFO - Started process (PID=2548) to work on /opt/airflow/dags/tutorial.py
[2025-04-29T03:02:56.902+0000] {processor.py:914} INFO - Processing file /opt/airflow/dags/tutorial.py for tasks to queue
[2025-04-29T03:02:56.903+0000] {logging_mixin.py:190} INFO - [2025-04-29T03:02:56.903+0000] {dagbag.py:587} INFO - Filling up the DagBag from /opt/airflow/dags/tutorial.py
[2025-04-29T03:02:56.909+0000] {processor.py:925} INFO - DAG(s) 'tutorial' retrieved from /opt/airflow/dags/tutorial.py
[2025-04-29T03:02:56.975+0000] {logging_mixin.py:190} INFO - [2025-04-29T03:02:56.975+0000] {dag.py:3211} INFO - Sync 1 DAGs
[2025-04-29T03:02:56.989+0000] {logging_mixin.py:190} INFO - [2025-04-29T03:02:56.989+0000] {dag.py:4138} INFO - Setting next_dagrun for tutorial to 2025-04-29 03:02:56.905274+00:00, run_after=2025-04-30 03:02:56.905274+00:00
[2025-04-29T03:02:57.003+0000] {processor.py:208} INFO - Processing /opt/airflow/dags/tutorial.py took 0.107 seconds
[2025-04-29T03:03:27.956+0000] {processor.py:186} INFO - Started process (PID=2558) to work on /opt/airflow/dags/tutorial.py
[2025-04-29T03:03:27.957+0000] {processor.py:914} INFO - Processing file /opt/airflow/dags/tutorial.py for tasks to queue
[2025-04-29T03:03:27.958+0000] {logging_mixin.py:190} INFO - [2025-04-29T03:03:27.958+0000] {dagbag.py:587} INFO - Filling up the DagBag from /opt/airflow/dags/tutorial.py
[2025-04-29T03:03:27.964+0000] {processor.py:925} INFO - DAG(s) 'tutorial' retrieved from /opt/airflow/dags/tutorial.py
[2025-04-29T03:03:28.027+0000] {logging_mixin.py:190} INFO - [2025-04-29T03:03:28.027+0000] {dag.py:3211} INFO - Sync 1 DAGs
[2025-04-29T03:03:28.039+0000] {logging_mixin.py:190} INFO - [2025-04-29T03:03:28.039+0000] {dag.py:4138} INFO - Setting next_dagrun for tutorial to 2025-04-29 03:03:27.959804+00:00, run_after=2025-04-30 03:03:27.959804+00:00
[2025-04-29T03:03:28.051+0000] {processor.py:208} INFO - Processing /opt/airflow/dags/tutorial.py took 0.099 seconds
[2025-04-29T03:03:59.100+0000] {processor.py:186} INFO - Started process (PID=2568) to work on /opt/airflow/dags/tutorial.py
[2025-04-29T03:03:59.103+0000] {processor.py:914} INFO - Processing file /opt/airflow/dags/tutorial.py for tasks to queue
[2025-04-29T03:03:59.105+0000] {logging_mixin.py:190} INFO - [2025-04-29T03:03:59.104+0000] {dagbag.py:587} INFO - Filling up the DagBag from /opt/airflow/dags/tutorial.py
[2025-04-29T03:03:59.110+0000] {processor.py:925} INFO - DAG(s) 'tutorial' retrieved from /opt/airflow/dags/tutorial.py
[2025-04-29T03:03:59.169+0000] {logging_mixin.py:190} INFO - [2025-04-29T03:03:59.168+0000] {dag.py:3211} INFO - Sync 1 DAGs
[2025-04-29T03:03:59.180+0000] {logging_mixin.py:190} INFO - [2025-04-29T03:03:59.180+0000] {dag.py:4138} INFO - Setting next_dagrun for tutorial to 2025-04-29 03:03:59.106436+00:00, run_after=2025-04-30 03:03:59.106436+00:00
[2025-04-29T03:03:59.193+0000] {processor.py:208} INFO - Processing /opt/airflow/dags/tutorial.py took 0.097 seconds
[2025-04-29T03:04:30.180+0000] {processor.py:186} INFO - Started process (PID=2578) to work on /opt/airflow/dags/tutorial.py
[2025-04-29T03:04:30.181+0000] {processor.py:914} INFO - Processing file /opt/airflow/dags/tutorial.py for tasks to queue
[2025-04-29T03:04:30.183+0000] {logging_mixin.py:190} INFO - [2025-04-29T03:04:30.183+0000] {dagbag.py:587} INFO - Filling up the DagBag from /opt/airflow/dags/tutorial.py
[2025-04-29T03:04:30.191+0000] {processor.py:925} INFO - DAG(s) 'tutorial' retrieved from /opt/airflow/dags/tutorial.py
[2025-04-29T03:04:30.267+0000] {logging_mixin.py:190} INFO - [2025-04-29T03:04:30.267+0000] {dag.py:3211} INFO - Sync 1 DAGs
[2025-04-29T03:04:30.282+0000] {logging_mixin.py:190} INFO - [2025-04-29T03:04:30.282+0000] {dag.py:4138} INFO - Setting next_dagrun for tutorial to 2025-04-29 03:04:30.185277+00:00, run_after=2025-04-30 03:04:30.185277+00:00
[2025-04-29T03:04:30.295+0000] {processor.py:208} INFO - Processing /opt/airflow/dags/tutorial.py took 0.122 seconds
[2025-04-29T03:05:00.628+0000] {processor.py:186} INFO - Started process (PID=2588) to work on /opt/airflow/dags/tutorial.py
[2025-04-29T03:05:00.629+0000] {processor.py:914} INFO - Processing file /opt/airflow/dags/tutorial.py for tasks to queue
[2025-04-29T03:05:00.631+0000] {logging_mixin.py:190} INFO - [2025-04-29T03:05:00.630+0000] {dagbag.py:587} INFO - Filling up the DagBag from /opt/airflow/dags/tutorial.py
[2025-04-29T03:05:00.637+0000] {processor.py:925} INFO - DAG(s) 'tutorial' retrieved from /opt/airflow/dags/tutorial.py
[2025-04-29T03:05:00.702+0000] {logging_mixin.py:190} INFO - [2025-04-29T03:05:00.702+0000] {dag.py:3211} INFO - Sync 1 DAGs
[2025-04-29T03:05:00.716+0000] {logging_mixin.py:190} INFO - [2025-04-29T03:05:00.716+0000] {dag.py:4138} INFO - Setting next_dagrun for tutorial to 2025-04-29 03:05:00.632551+00:00, run_after=2025-04-30 03:05:00.632551+00:00
[2025-04-29T03:05:00.728+0000] {processor.py:208} INFO - Processing /opt/airflow/dags/tutorial.py took 0.105 seconds
[2025-04-29T03:05:31.642+0000] {processor.py:186} INFO - Started process (PID=2598) to work on /opt/airflow/dags/tutorial.py
[2025-04-29T03:05:31.643+0000] {processor.py:914} INFO - Processing file /opt/airflow/dags/tutorial.py for tasks to queue
[2025-04-29T03:05:31.645+0000] {logging_mixin.py:190} INFO - [2025-04-29T03:05:31.645+0000] {dagbag.py:587} INFO - Filling up the DagBag from /opt/airflow/dags/tutorial.py
[2025-04-29T03:05:31.650+0000] {processor.py:925} INFO - DAG(s) 'tutorial' retrieved from /opt/airflow/dags/tutorial.py
[2025-04-29T03:05:31.711+0000] {logging_mixin.py:190} INFO - [2025-04-29T03:05:31.711+0000] {dag.py:3211} INFO - Sync 1 DAGs
[2025-04-29T03:05:31.723+0000] {logging_mixin.py:190} INFO - [2025-04-29T03:05:31.723+0000] {dag.py:4138} INFO - Setting next_dagrun for tutorial to 2025-04-29 03:05:31.646891+00:00, run_after=2025-04-30 03:05:31.646891+00:00
[2025-04-29T03:05:31.735+0000] {processor.py:208} INFO - Processing /opt/airflow/dags/tutorial.py took 0.099 seconds
[2025-04-29T03:06:01.777+0000] {processor.py:186} INFO - Started process (PID=2609) to work on /opt/airflow/dags/tutorial.py
[2025-04-29T03:06:01.781+0000] {processor.py:914} INFO - Processing file /opt/airflow/dags/tutorial.py for tasks to queue
[2025-04-29T03:06:01.782+0000] {logging_mixin.py:190} INFO - [2025-04-29T03:06:01.782+0000] {dagbag.py:587} INFO - Filling up the DagBag from /opt/airflow/dags/tutorial.py
[2025-04-29T03:06:01.787+0000] {processor.py:925} INFO - DAG(s) 'tutorial' retrieved from /opt/airflow/dags/tutorial.py
[2025-04-29T03:06:01.848+0000] {logging_mixin.py:190} INFO - [2025-04-29T03:06:01.848+0000] {dag.py:3211} INFO - Sync 1 DAGs
[2025-04-29T03:06:01.860+0000] {logging_mixin.py:190} INFO - [2025-04-29T03:06:01.860+0000] {dag.py:4138} INFO - Setting next_dagrun for tutorial to 2025-04-29 03:06:01.784024+00:00, run_after=2025-04-30 03:06:01.784024+00:00
[2025-04-29T03:06:01.872+0000] {processor.py:208} INFO - Processing /opt/airflow/dags/tutorial.py took 0.099 seconds
[2025-04-29T03:06:32.947+0000] {processor.py:186} INFO - Started process (PID=2625) to work on /opt/airflow/dags/tutorial.py
[2025-04-29T03:06:32.948+0000] {processor.py:914} INFO - Processing file /opt/airflow/dags/tutorial.py for tasks to queue
[2025-04-29T03:06:32.949+0000] {logging_mixin.py:190} INFO - [2025-04-29T03:06:32.949+0000] {dagbag.py:587} INFO - Filling up the DagBag from /opt/airflow/dags/tutorial.py
[2025-04-29T03:06:32.955+0000] {processor.py:925} INFO - DAG(s) 'tutorial' retrieved from /opt/airflow/dags/tutorial.py
[2025-04-29T03:06:33.018+0000] {logging_mixin.py:190} INFO - [2025-04-29T03:06:33.018+0000] {dag.py:3211} INFO - Sync 1 DAGs
[2025-04-29T03:06:33.031+0000] {logging_mixin.py:190} INFO - [2025-04-29T03:06:33.031+0000] {dag.py:4138} INFO - Setting next_dagrun for tutorial to 2025-04-29 03:06:32.951287+00:00, run_after=2025-04-30 03:06:32.951287+00:00
[2025-04-29T03:06:33.045+0000] {processor.py:208} INFO - Processing /opt/airflow/dags/tutorial.py took 0.103 seconds
[2025-04-29T03:07:03.532+0000] {processor.py:186} INFO - Started process (PID=2635) to work on /opt/airflow/dags/tutorial.py
[2025-04-29T03:07:03.536+0000] {processor.py:914} INFO - Processing file /opt/airflow/dags/tutorial.py for tasks to queue
[2025-04-29T03:07:03.538+0000] {logging_mixin.py:190} INFO - [2025-04-29T03:07:03.537+0000] {dagbag.py:587} INFO - Filling up the DagBag from /opt/airflow/dags/tutorial.py
[2025-04-29T03:07:03.543+0000] {processor.py:925} INFO - DAG(s) 'tutorial' retrieved from /opt/airflow/dags/tutorial.py
[2025-04-29T03:07:03.600+0000] {logging_mixin.py:190} INFO - [2025-04-29T03:07:03.599+0000] {dag.py:3211} INFO - Sync 1 DAGs
[2025-04-29T03:07:03.612+0000] {logging_mixin.py:190} INFO - [2025-04-29T03:07:03.612+0000] {dag.py:4138} INFO - Setting next_dagrun for tutorial to 2025-04-29 03:07:03.539321+00:00, run_after=2025-04-30 03:07:03.539321+00:00
[2025-04-29T03:07:03.624+0000] {processor.py:208} INFO - Processing /opt/airflow/dags/tutorial.py took 0.097 seconds
[2025-04-29T03:07:33.758+0000] {processor.py:186} INFO - Started process (PID=2645) to work on /opt/airflow/dags/tutorial.py
[2025-04-29T03:07:33.762+0000] {processor.py:914} INFO - Processing file /opt/airflow/dags/tutorial.py for tasks to queue
[2025-04-29T03:07:33.763+0000] {logging_mixin.py:190} INFO - [2025-04-29T03:07:33.763+0000] {dagbag.py:587} INFO - Filling up the DagBag from /opt/airflow/dags/tutorial.py
[2025-04-29T03:07:33.768+0000] {processor.py:925} INFO - DAG(s) 'tutorial' retrieved from /opt/airflow/dags/tutorial.py
[2025-04-29T03:07:33.828+0000] {logging_mixin.py:190} INFO - [2025-04-29T03:07:33.828+0000] {dag.py:3211} INFO - Sync 1 DAGs
[2025-04-29T03:07:33.839+0000] {logging_mixin.py:190} INFO - [2025-04-29T03:07:33.839+0000] {dag.py:4138} INFO - Setting next_dagrun for tutorial to 2025-04-29 03:07:33.764837+00:00, run_after=2025-04-30 03:07:33.764837+00:00
[2025-04-29T03:07:33.852+0000] {processor.py:208} INFO - Processing /opt/airflow/dags/tutorial.py took 0.098 seconds
[2025-04-29T03:08:04.038+0000] {processor.py:186} INFO - Started process (PID=2655) to work on /opt/airflow/dags/tutorial.py
[2025-04-29T03:08:04.041+0000] {processor.py:914} INFO - Processing file /opt/airflow/dags/tutorial.py for tasks to queue
[2025-04-29T03:08:04.042+0000] {logging_mixin.py:190} INFO - [2025-04-29T03:08:04.042+0000] {dagbag.py:587} INFO - Filling up the DagBag from /opt/airflow/dags/tutorial.py
[2025-04-29T03:08:04.048+0000] {processor.py:925} INFO - DAG(s) 'tutorial' retrieved from /opt/airflow/dags/tutorial.py
[2025-04-29T03:08:04.110+0000] {logging_mixin.py:190} INFO - [2025-04-29T03:08:04.110+0000] {dag.py:3211} INFO - Sync 1 DAGs
[2025-04-29T03:08:04.122+0000] {logging_mixin.py:190} INFO - [2025-04-29T03:08:04.122+0000] {dag.py:4138} INFO - Setting next_dagrun for tutorial to 2025-04-29 03:08:04.044313+00:00, run_after=2025-04-30 03:08:04.044313+00:00
[2025-04-29T03:08:04.135+0000] {processor.py:208} INFO - Processing /opt/airflow/dags/tutorial.py took 0.102 seconds
[2025-04-29T03:08:34.216+0000] {processor.py:186} INFO - Started process (PID=2665) to work on /opt/airflow/dags/tutorial.py
[2025-04-29T03:08:34.217+0000] {processor.py:914} INFO - Processing file /opt/airflow/dags/tutorial.py for tasks to queue
[2025-04-29T03:08:34.219+0000] {logging_mixin.py:190} INFO - [2025-04-29T03:08:34.219+0000] {dagbag.py:587} INFO - Filling up the DagBag from /opt/airflow/dags/tutorial.py
[2025-04-29T03:08:34.225+0000] {processor.py:925} INFO - DAG(s) 'tutorial' retrieved from /opt/airflow/dags/tutorial.py
[2025-04-29T03:08:34.284+0000] {logging_mixin.py:190} INFO - [2025-04-29T03:08:34.284+0000] {dag.py:3211} INFO - Sync 1 DAGs
[2025-04-29T03:08:34.296+0000] {logging_mixin.py:190} INFO - [2025-04-29T03:08:34.296+0000] {dag.py:4138} INFO - Setting next_dagrun for tutorial to 2025-04-29 03:08:34.220800+00:00, run_after=2025-04-30 03:08:34.220800+00:00
[2025-04-29T03:08:34.309+0000] {processor.py:208} INFO - Processing /opt/airflow/dags/tutorial.py took 0.097 seconds
[2025-04-29T03:09:04.418+0000] {processor.py:186} INFO - Started process (PID=2675) to work on /opt/airflow/dags/tutorial.py
[2025-04-29T03:09:04.419+0000] {processor.py:914} INFO - Processing file /opt/airflow/dags/tutorial.py for tasks to queue
[2025-04-29T03:09:04.421+0000] {logging_mixin.py:190} INFO - [2025-04-29T03:09:04.420+0000] {dagbag.py:587} INFO - Filling up the DagBag from /opt/airflow/dags/tutorial.py
[2025-04-29T03:09:04.426+0000] {processor.py:925} INFO - DAG(s) 'tutorial' retrieved from /opt/airflow/dags/tutorial.py
[2025-04-29T03:09:04.486+0000] {logging_mixin.py:190} INFO - [2025-04-29T03:09:04.486+0000] {dag.py:3211} INFO - Sync 1 DAGs
[2025-04-29T03:09:04.499+0000] {logging_mixin.py:190} INFO - [2025-04-29T03:09:04.499+0000] {dag.py:4138} INFO - Setting next_dagrun for tutorial to 2025-04-29 03:09:04.422418+00:00, run_after=2025-04-30 03:09:04.422418+00:00
[2025-04-29T03:09:04.511+0000] {processor.py:208} INFO - Processing /opt/airflow/dags/tutorial.py took 0.098 seconds
[2025-04-29T03:09:34.871+0000] {processor.py:186} INFO - Started process (PID=2685) to work on /opt/airflow/dags/tutorial.py
[2025-04-29T03:09:34.872+0000] {processor.py:914} INFO - Processing file /opt/airflow/dags/tutorial.py for tasks to queue
[2025-04-29T03:09:34.874+0000] {logging_mixin.py:190} INFO - [2025-04-29T03:09:34.874+0000] {dagbag.py:587} INFO - Filling up the DagBag from /opt/airflow/dags/tutorial.py
[2025-04-29T03:09:34.880+0000] {processor.py:925} INFO - DAG(s) 'tutorial' retrieved from /opt/airflow/dags/tutorial.py
[2025-04-29T03:09:34.947+0000] {logging_mixin.py:190} INFO - [2025-04-29T03:09:34.946+0000] {dag.py:3211} INFO - Sync 1 DAGs
[2025-04-29T03:09:34.962+0000] {logging_mixin.py:190} INFO - [2025-04-29T03:09:34.962+0000] {dag.py:4138} INFO - Setting next_dagrun for tutorial to 2025-04-29 03:09:34.876081+00:00, run_after=2025-04-30 03:09:34.876081+00:00
[2025-04-29T03:09:34.975+0000] {processor.py:208} INFO - Processing /opt/airflow/dags/tutorial.py took 0.109 seconds
[2025-04-29T03:10:05.011+0000] {processor.py:186} INFO - Started process (PID=2694) to work on /opt/airflow/dags/tutorial.py
[2025-04-29T03:10:05.012+0000] {processor.py:914} INFO - Processing file /opt/airflow/dags/tutorial.py for tasks to queue
[2025-04-29T03:10:05.014+0000] {logging_mixin.py:190} INFO - [2025-04-29T03:10:05.013+0000] {dagbag.py:587} INFO - Filling up the DagBag from /opt/airflow/dags/tutorial.py
[2025-04-29T03:10:05.019+0000] {processor.py:925} INFO - DAG(s) 'tutorial' retrieved from /opt/airflow/dags/tutorial.py
[2025-04-29T03:10:05.078+0000] {logging_mixin.py:190} INFO - [2025-04-29T03:10:05.078+0000] {dag.py:3211} INFO - Sync 1 DAGs
[2025-04-29T03:10:05.092+0000] {logging_mixin.py:190} INFO - [2025-04-29T03:10:05.092+0000] {dag.py:4138} INFO - Setting next_dagrun for tutorial to 2025-04-29 03:10:05.015414+00:00, run_after=2025-04-30 03:10:05.015414+00:00
[2025-04-29T03:10:05.105+0000] {processor.py:208} INFO - Processing /opt/airflow/dags/tutorial.py took 0.098 seconds
