[2025-04-29T02:37:09.312+0000] {processor.py:186} INFO - Started process (PID=207) to work on /opt/airflow/dags/tutorial-taskflow-api.py
[2025-04-29T02:37:09.313+0000] {processor.py:914} INFO - Processing file /opt/airflow/dags/tutorial-taskflow-api.py for tasks to queue
[2025-04-29T02:37:09.315+0000] {logging_mixin.py:190} INFO - [2025-04-29T02:37:09.315+0000] {dagbag.py:587} INFO - Filling up the DagBag from /opt/airflow/dags/tutorial-taskflow-api.py
[2025-04-29T02:37:09.317+0000] {logging_mixin.py:190} INFO - [2025-04-29T02:37:09.317+0000] {dagbag.py:386} ERROR - Failed to import: /opt/airflow/dags/tutorial-taskflow-api.py
Traceback (most recent call last):
  File "/home/airflow/.local/lib/python3.10/site-packages/airflow/models/dagbag.py", line 382, in parse
    loader.exec_module(new_module)
  File "<frozen importlib._bootstrap_external>", line 883, in exec_module
  File "<frozen importlib._bootstrap>", line 241, in _call_with_frames_removed
  File "/opt/airflow/dags/tutorial-taskflow-api.py", line 6, in <module>
    from airflow.sdk import dag, task
ModuleNotFoundError: No module named 'airflow.sdk'
[2025-04-29T02:37:09.317+0000] {processor.py:927} WARNING - No viable dags retrieved from /opt/airflow/dags/tutorial-taskflow-api.py
[2025-04-29T02:37:09.338+0000] {processor.py:208} INFO - Processing /opt/airflow/dags/tutorial-taskflow-api.py took 0.030 seconds
[2025-04-29T02:37:35.959+0000] {processor.py:186} INFO - Started process (PID=50) to work on /opt/airflow/dags/tutorial-taskflow-api.py
[2025-04-29T02:37:35.960+0000] {processor.py:914} INFO - Processing file /opt/airflow/dags/tutorial-taskflow-api.py for tasks to queue
[2025-04-29T02:37:35.962+0000] {logging_mixin.py:190} INFO - [2025-04-29T02:37:35.961+0000] {dagbag.py:587} INFO - Filling up the DagBag from /opt/airflow/dags/tutorial-taskflow-api.py
[2025-04-29T02:37:35.964+0000] {logging_mixin.py:190} INFO - [2025-04-29T02:37:35.963+0000] {dagbag.py:386} ERROR - Failed to import: /opt/airflow/dags/tutorial-taskflow-api.py
Traceback (most recent call last):
  File "/home/airflow/.local/lib/python3.10/site-packages/airflow/models/dagbag.py", line 382, in parse
    loader.exec_module(new_module)
  File "<frozen importlib._bootstrap_external>", line 883, in exec_module
  File "<frozen importlib._bootstrap>", line 241, in _call_with_frames_removed
  File "/opt/airflow/dags/tutorial-taskflow-api.py", line 6, in <module>
    from airflow.sdk import dag, task
ModuleNotFoundError: No module named 'airflow.sdk'
[2025-04-29T02:37:35.964+0000] {processor.py:927} WARNING - No viable dags retrieved from /opt/airflow/dags/tutorial-taskflow-api.py
[2025-04-29T02:37:35.981+0000] {processor.py:208} INFO - Processing /opt/airflow/dags/tutorial-taskflow-api.py took 0.027 seconds
[2025-04-29T02:38:06.823+0000] {processor.py:186} INFO - Started process (PID=66) to work on /opt/airflow/dags/tutorial-taskflow-api.py
[2025-04-29T02:38:06.824+0000] {processor.py:914} INFO - Processing file /opt/airflow/dags/tutorial-taskflow-api.py for tasks to queue
[2025-04-29T02:38:06.826+0000] {logging_mixin.py:190} INFO - [2025-04-29T02:38:06.825+0000] {dagbag.py:587} INFO - Filling up the DagBag from /opt/airflow/dags/tutorial-taskflow-api.py
[2025-04-29T02:38:06.828+0000] {logging_mixin.py:190} INFO - [2025-04-29T02:38:06.828+0000] {dagbag.py:386} ERROR - Failed to import: /opt/airflow/dags/tutorial-taskflow-api.py
Traceback (most recent call last):
  File "/home/airflow/.local/lib/python3.10/site-packages/airflow/models/dagbag.py", line 382, in parse
    loader.exec_module(new_module)
  File "<frozen importlib._bootstrap_external>", line 883, in exec_module
  File "<frozen importlib._bootstrap>", line 241, in _call_with_frames_removed
  File "/opt/airflow/dags/tutorial-taskflow-api.py", line 6, in <module>
    from airflow.sdk import dag, task
ModuleNotFoundError: No module named 'airflow.sdk'
[2025-04-29T02:38:06.829+0000] {processor.py:927} WARNING - No viable dags retrieved from /opt/airflow/dags/tutorial-taskflow-api.py
[2025-04-29T02:38:06.844+0000] {processor.py:208} INFO - Processing /opt/airflow/dags/tutorial-taskflow-api.py took 0.025 seconds
[2025-04-29T02:38:37.056+0000] {processor.py:186} INFO - Started process (PID=76) to work on /opt/airflow/dags/tutorial-taskflow-api.py
[2025-04-29T02:38:37.057+0000] {processor.py:914} INFO - Processing file /opt/airflow/dags/tutorial-taskflow-api.py for tasks to queue
[2025-04-29T02:38:37.059+0000] {logging_mixin.py:190} INFO - [2025-04-29T02:38:37.059+0000] {dagbag.py:587} INFO - Filling up the DagBag from /opt/airflow/dags/tutorial-taskflow-api.py
[2025-04-29T02:38:37.061+0000] {logging_mixin.py:190} INFO - [2025-04-29T02:38:37.061+0000] {dagbag.py:386} ERROR - Failed to import: /opt/airflow/dags/tutorial-taskflow-api.py
Traceback (most recent call last):
  File "/home/airflow/.local/lib/python3.10/site-packages/airflow/models/dagbag.py", line 382, in parse
    loader.exec_module(new_module)
  File "<frozen importlib._bootstrap_external>", line 883, in exec_module
  File "<frozen importlib._bootstrap>", line 241, in _call_with_frames_removed
  File "/opt/airflow/dags/tutorial-taskflow-api.py", line 6, in <module>
    from airflow.sdk import dag, task
ModuleNotFoundError: No module named 'airflow.sdk'
[2025-04-29T02:38:37.062+0000] {processor.py:927} WARNING - No viable dags retrieved from /opt/airflow/dags/tutorial-taskflow-api.py
[2025-04-29T02:38:37.080+0000] {processor.py:208} INFO - Processing /opt/airflow/dags/tutorial-taskflow-api.py took 0.028 seconds
[2025-04-29T02:39:07.143+0000] {processor.py:186} INFO - Started process (PID=85) to work on /opt/airflow/dags/tutorial-taskflow-api.py
[2025-04-29T02:39:07.144+0000] {processor.py:914} INFO - Processing file /opt/airflow/dags/tutorial-taskflow-api.py for tasks to queue
[2025-04-29T02:39:07.146+0000] {logging_mixin.py:190} INFO - [2025-04-29T02:39:07.146+0000] {dagbag.py:587} INFO - Filling up the DagBag from /opt/airflow/dags/tutorial-taskflow-api.py
[2025-04-29T02:39:07.148+0000] {logging_mixin.py:190} INFO - [2025-04-29T02:39:07.148+0000] {dagbag.py:386} ERROR - Failed to import: /opt/airflow/dags/tutorial-taskflow-api.py
Traceback (most recent call last):
  File "/home/airflow/.local/lib/python3.10/site-packages/airflow/models/dagbag.py", line 382, in parse
    loader.exec_module(new_module)
  File "<frozen importlib._bootstrap_external>", line 883, in exec_module
  File "<frozen importlib._bootstrap>", line 241, in _call_with_frames_removed
  File "/opt/airflow/dags/tutorial-taskflow-api.py", line 6, in <module>
    from airflow.sdk import dag, task
ModuleNotFoundError: No module named 'airflow.sdk'
[2025-04-29T02:39:07.148+0000] {processor.py:927} WARNING - No viable dags retrieved from /opt/airflow/dags/tutorial-taskflow-api.py
[2025-04-29T02:39:07.164+0000] {processor.py:208} INFO - Processing /opt/airflow/dags/tutorial-taskflow-api.py took 0.025 seconds
[2025-04-29T02:39:37.238+0000] {processor.py:186} INFO - Started process (PID=95) to work on /opt/airflow/dags/tutorial-taskflow-api.py
[2025-04-29T02:39:37.248+0000] {processor.py:914} INFO - Processing file /opt/airflow/dags/tutorial-taskflow-api.py for tasks to queue
[2025-04-29T02:39:37.250+0000] {logging_mixin.py:190} INFO - [2025-04-29T02:39:37.250+0000] {dagbag.py:587} INFO - Filling up the DagBag from /opt/airflow/dags/tutorial-taskflow-api.py
[2025-04-29T02:39:37.252+0000] {logging_mixin.py:190} INFO - [2025-04-29T02:39:37.251+0000] {dagbag.py:386} ERROR - Failed to import: /opt/airflow/dags/tutorial-taskflow-api.py
Traceback (most recent call last):
  File "/home/airflow/.local/lib/python3.10/site-packages/airflow/models/dagbag.py", line 382, in parse
    loader.exec_module(new_module)
  File "<frozen importlib._bootstrap_external>", line 883, in exec_module
  File "<frozen importlib._bootstrap>", line 241, in _call_with_frames_removed
  File "/opt/airflow/dags/tutorial-taskflow-api.py", line 6, in <module>
    from airflow.sdk import dag, task
ModuleNotFoundError: No module named 'airflow.sdk'
[2025-04-29T02:39:37.252+0000] {processor.py:927} WARNING - No viable dags retrieved from /opt/airflow/dags/tutorial-taskflow-api.py
[2025-04-29T02:39:37.267+0000] {processor.py:208} INFO - Processing /opt/airflow/dags/tutorial-taskflow-api.py took 0.034 seconds
[2025-04-29T02:40:07.313+0000] {processor.py:186} INFO - Started process (PID=105) to work on /opt/airflow/dags/tutorial-taskflow-api.py
[2025-04-29T02:40:07.314+0000] {processor.py:914} INFO - Processing file /opt/airflow/dags/tutorial-taskflow-api.py for tasks to queue
[2025-04-29T02:40:07.315+0000] {logging_mixin.py:190} INFO - [2025-04-29T02:40:07.315+0000] {dagbag.py:587} INFO - Filling up the DagBag from /opt/airflow/dags/tutorial-taskflow-api.py
[2025-04-29T02:40:07.317+0000] {logging_mixin.py:190} INFO - [2025-04-29T02:40:07.317+0000] {dagbag.py:386} ERROR - Failed to import: /opt/airflow/dags/tutorial-taskflow-api.py
Traceback (most recent call last):
  File "/home/airflow/.local/lib/python3.10/site-packages/airflow/models/dagbag.py", line 382, in parse
    loader.exec_module(new_module)
  File "<frozen importlib._bootstrap_external>", line 883, in exec_module
  File "<frozen importlib._bootstrap>", line 241, in _call_with_frames_removed
  File "/opt/airflow/dags/tutorial-taskflow-api.py", line 6, in <module>
    from airflow.sdk import dag, task
ModuleNotFoundError: No module named 'airflow.sdk'
[2025-04-29T02:40:07.317+0000] {processor.py:927} WARNING - No viable dags retrieved from /opt/airflow/dags/tutorial-taskflow-api.py
[2025-04-29T02:40:07.330+0000] {processor.py:208} INFO - Processing /opt/airflow/dags/tutorial-taskflow-api.py took 0.021 seconds
[2025-04-29T02:40:37.946+0000] {processor.py:186} INFO - Started process (PID=115) to work on /opt/airflow/dags/tutorial-taskflow-api.py
[2025-04-29T02:40:37.958+0000] {processor.py:914} INFO - Processing file /opt/airflow/dags/tutorial-taskflow-api.py for tasks to queue
[2025-04-29T02:40:37.960+0000] {logging_mixin.py:190} INFO - [2025-04-29T02:40:37.960+0000] {dagbag.py:587} INFO - Filling up the DagBag from /opt/airflow/dags/tutorial-taskflow-api.py
[2025-04-29T02:40:37.962+0000] {logging_mixin.py:190} INFO - [2025-04-29T02:40:37.961+0000] {dagbag.py:386} ERROR - Failed to import: /opt/airflow/dags/tutorial-taskflow-api.py
Traceback (most recent call last):
  File "/home/airflow/.local/lib/python3.10/site-packages/airflow/models/dagbag.py", line 382, in parse
    loader.exec_module(new_module)
  File "<frozen importlib._bootstrap_external>", line 883, in exec_module
  File "<frozen importlib._bootstrap>", line 241, in _call_with_frames_removed
  File "/opt/airflow/dags/tutorial-taskflow-api.py", line 6, in <module>
    from airflow.sdk import dag, task
ModuleNotFoundError: No module named 'airflow.sdk'
[2025-04-29T02:40:37.962+0000] {processor.py:927} WARNING - No viable dags retrieved from /opt/airflow/dags/tutorial-taskflow-api.py
[2025-04-29T02:40:37.980+0000] {processor.py:208} INFO - Processing /opt/airflow/dags/tutorial-taskflow-api.py took 0.038 seconds
[2025-04-29T02:41:08.300+0000] {processor.py:186} INFO - Started process (PID=125) to work on /opt/airflow/dags/tutorial-taskflow-api.py
[2025-04-29T02:41:08.301+0000] {processor.py:914} INFO - Processing file /opt/airflow/dags/tutorial-taskflow-api.py for tasks to queue
[2025-04-29T02:41:08.303+0000] {logging_mixin.py:190} INFO - [2025-04-29T02:41:08.303+0000] {dagbag.py:587} INFO - Filling up the DagBag from /opt/airflow/dags/tutorial-taskflow-api.py
[2025-04-29T02:41:08.305+0000] {logging_mixin.py:190} INFO - [2025-04-29T02:41:08.305+0000] {dagbag.py:386} ERROR - Failed to import: /opt/airflow/dags/tutorial-taskflow-api.py
Traceback (most recent call last):
  File "/home/airflow/.local/lib/python3.10/site-packages/airflow/models/dagbag.py", line 382, in parse
    loader.exec_module(new_module)
  File "<frozen importlib._bootstrap_external>", line 883, in exec_module
  File "<frozen importlib._bootstrap>", line 241, in _call_with_frames_removed
  File "/opt/airflow/dags/tutorial-taskflow-api.py", line 6, in <module>
    from airflow.sdk import dag, task
ModuleNotFoundError: No module named 'airflow.sdk'
[2025-04-29T02:41:08.305+0000] {processor.py:927} WARNING - No viable dags retrieved from /opt/airflow/dags/tutorial-taskflow-api.py
[2025-04-29T02:41:08.321+0000] {processor.py:208} INFO - Processing /opt/airflow/dags/tutorial-taskflow-api.py took 0.026 seconds
[2025-04-29T02:41:38.351+0000] {processor.py:186} INFO - Started process (PID=135) to work on /opt/airflow/dags/tutorial-taskflow-api.py
[2025-04-29T02:41:38.353+0000] {processor.py:914} INFO - Processing file /opt/airflow/dags/tutorial-taskflow-api.py for tasks to queue
[2025-04-29T02:41:38.355+0000] {logging_mixin.py:190} INFO - [2025-04-29T02:41:38.354+0000] {dagbag.py:587} INFO - Filling up the DagBag from /opt/airflow/dags/tutorial-taskflow-api.py
[2025-04-29T02:41:38.357+0000] {logging_mixin.py:190} INFO - [2025-04-29T02:41:38.356+0000] {dagbag.py:386} ERROR - Failed to import: /opt/airflow/dags/tutorial-taskflow-api.py
Traceback (most recent call last):
  File "/home/airflow/.local/lib/python3.10/site-packages/airflow/models/dagbag.py", line 382, in parse
    loader.exec_module(new_module)
  File "<frozen importlib._bootstrap_external>", line 883, in exec_module
  File "<frozen importlib._bootstrap>", line 241, in _call_with_frames_removed
  File "/opt/airflow/dags/tutorial-taskflow-api.py", line 6, in <module>
    from airflow.sdk import dag, task
ModuleNotFoundError: No module named 'airflow.sdk'
[2025-04-29T02:41:38.357+0000] {processor.py:927} WARNING - No viable dags retrieved from /opt/airflow/dags/tutorial-taskflow-api.py
[2025-04-29T02:41:38.373+0000] {processor.py:208} INFO - Processing /opt/airflow/dags/tutorial-taskflow-api.py took 0.028 seconds
[2025-04-29T02:42:09.382+0000] {processor.py:186} INFO - Started process (PID=145) to work on /opt/airflow/dags/tutorial-taskflow-api.py
[2025-04-29T02:42:09.383+0000] {processor.py:914} INFO - Processing file /opt/airflow/dags/tutorial-taskflow-api.py for tasks to queue
[2025-04-29T02:42:09.384+0000] {logging_mixin.py:190} INFO - [2025-04-29T02:42:09.384+0000] {dagbag.py:587} INFO - Filling up the DagBag from /opt/airflow/dags/tutorial-taskflow-api.py
[2025-04-29T02:42:09.386+0000] {logging_mixin.py:190} INFO - [2025-04-29T02:42:09.385+0000] {dagbag.py:386} ERROR - Failed to import: /opt/airflow/dags/tutorial-taskflow-api.py
Traceback (most recent call last):
  File "/home/airflow/.local/lib/python3.10/site-packages/airflow/models/dagbag.py", line 382, in parse
    loader.exec_module(new_module)
  File "<frozen importlib._bootstrap_external>", line 883, in exec_module
  File "<frozen importlib._bootstrap>", line 241, in _call_with_frames_removed
  File "/opt/airflow/dags/tutorial-taskflow-api.py", line 6, in <module>
    from airflow.sdk import dag, task
ModuleNotFoundError: No module named 'airflow.sdk'
[2025-04-29T02:42:09.386+0000] {processor.py:927} WARNING - No viable dags retrieved from /opt/airflow/dags/tutorial-taskflow-api.py
[2025-04-29T02:42:09.399+0000] {processor.py:208} INFO - Processing /opt/airflow/dags/tutorial-taskflow-api.py took 0.020 seconds
[2025-04-29T02:42:37.382+0000] {processor.py:186} INFO - Started process (PID=154) to work on /opt/airflow/dags/tutorial-taskflow-api.py
[2025-04-29T02:42:37.383+0000] {processor.py:914} INFO - Processing file /opt/airflow/dags/tutorial-taskflow-api.py for tasks to queue
[2025-04-29T02:42:37.386+0000] {logging_mixin.py:190} INFO - [2025-04-29T02:42:37.385+0000] {dagbag.py:587} INFO - Filling up the DagBag from /opt/airflow/dags/tutorial-taskflow-api.py
[2025-04-29T02:42:37.388+0000] {logging_mixin.py:190} INFO - [2025-04-29T02:42:37.387+0000] {dagbag.py:386} ERROR - Failed to import: /opt/airflow/dags/tutorial-taskflow-api.py
Traceback (most recent call last):
  File "/home/airflow/.local/lib/python3.10/site-packages/airflow/models/dagbag.py", line 382, in parse
    loader.exec_module(new_module)
  File "<frozen importlib._bootstrap_external>", line 883, in exec_module
  File "<frozen importlib._bootstrap>", line 241, in _call_with_frames_removed
  File "/opt/airflow/dags/tutorial-taskflow-api.py", line 9, in <module>
    @dag(
NameError: name 'dag' is not defined
[2025-04-29T02:42:37.389+0000] {processor.py:927} WARNING - No viable dags retrieved from /opt/airflow/dags/tutorial-taskflow-api.py
[2025-04-29T02:42:37.404+0000] {processor.py:208} INFO - Processing /opt/airflow/dags/tutorial-taskflow-api.py took 0.026 seconds
[2025-04-29T02:42:55.703+0000] {processor.py:186} INFO - Started process (PID=48) to work on /opt/airflow/dags/tutorial-taskflow-api.py
[2025-04-29T02:42:55.704+0000] {processor.py:914} INFO - Processing file /opt/airflow/dags/tutorial-taskflow-api.py for tasks to queue
[2025-04-29T02:42:55.707+0000] {logging_mixin.py:190} INFO - [2025-04-29T02:42:55.706+0000] {dagbag.py:587} INFO - Filling up the DagBag from /opt/airflow/dags/tutorial-taskflow-api.py
[2025-04-29T02:42:55.710+0000] {logging_mixin.py:190} INFO - [2025-04-29T02:42:55.708+0000] {dagbag.py:386} ERROR - Failed to import: /opt/airflow/dags/tutorial-taskflow-api.py
Traceback (most recent call last):
  File "/home/airflow/.local/lib/python3.10/site-packages/airflow/models/dagbag.py", line 382, in parse
    loader.exec_module(new_module)
  File "<frozen importlib._bootstrap_external>", line 883, in exec_module
  File "<frozen importlib._bootstrap>", line 241, in _call_with_frames_removed
  File "/opt/airflow/dags/tutorial-taskflow-api.py", line 9, in <module>
    @dag(
NameError: name 'dag' is not defined
[2025-04-29T02:42:55.711+0000] {processor.py:927} WARNING - No viable dags retrieved from /opt/airflow/dags/tutorial-taskflow-api.py
[2025-04-29T02:42:55.728+0000] {processor.py:208} INFO - Processing /opt/airflow/dags/tutorial-taskflow-api.py took 0.031 seconds
[2025-04-29T02:43:26.072+0000] {processor.py:186} INFO - Started process (PID=58) to work on /opt/airflow/dags/tutorial-taskflow-api.py
[2025-04-29T02:43:26.073+0000] {processor.py:914} INFO - Processing file /opt/airflow/dags/tutorial-taskflow-api.py for tasks to queue
[2025-04-29T02:43:26.075+0000] {logging_mixin.py:190} INFO - [2025-04-29T02:43:26.075+0000] {dagbag.py:587} INFO - Filling up the DagBag from /opt/airflow/dags/tutorial-taskflow-api.py
[2025-04-29T02:43:26.078+0000] {logging_mixin.py:190} INFO - [2025-04-29T02:43:26.077+0000] {dagbag.py:386} ERROR - Failed to import: /opt/airflow/dags/tutorial-taskflow-api.py
Traceback (most recent call last):
  File "/home/airflow/.local/lib/python3.10/site-packages/airflow/models/dagbag.py", line 382, in parse
    loader.exec_module(new_module)
  File "<frozen importlib._bootstrap_external>", line 883, in exec_module
  File "<frozen importlib._bootstrap>", line 241, in _call_with_frames_removed
  File "/opt/airflow/dags/tutorial-taskflow-api.py", line 9, in <module>
    @dag(
NameError: name 'dag' is not defined
[2025-04-29T02:43:26.078+0000] {processor.py:927} WARNING - No viable dags retrieved from /opt/airflow/dags/tutorial-taskflow-api.py
[2025-04-29T02:43:26.097+0000] {processor.py:208} INFO - Processing /opt/airflow/dags/tutorial-taskflow-api.py took 0.030 seconds
[2025-04-29T02:43:57.097+0000] {processor.py:186} INFO - Started process (PID=74) to work on /opt/airflow/dags/tutorial-taskflow-api.py
[2025-04-29T02:43:57.098+0000] {processor.py:914} INFO - Processing file /opt/airflow/dags/tutorial-taskflow-api.py for tasks to queue
[2025-04-29T02:43:57.100+0000] {logging_mixin.py:190} INFO - [2025-04-29T02:43:57.100+0000] {dagbag.py:587} INFO - Filling up the DagBag from /opt/airflow/dags/tutorial-taskflow-api.py
[2025-04-29T02:43:57.104+0000] {logging_mixin.py:190} INFO - [2025-04-29T02:43:57.103+0000] {dagbag.py:386} ERROR - Failed to import: /opt/airflow/dags/tutorial-taskflow-api.py
Traceback (most recent call last):
  File "/home/airflow/.local/lib/python3.10/site-packages/airflow/models/dagbag.py", line 382, in parse
    loader.exec_module(new_module)
  File "<frozen importlib._bootstrap_external>", line 883, in exec_module
  File "<frozen importlib._bootstrap>", line 241, in _call_with_frames_removed
  File "/opt/airflow/dags/tutorial-taskflow-api.py", line 9, in <module>
    @dag(
NameError: name 'dag' is not defined
[2025-04-29T02:43:57.105+0000] {processor.py:927} WARNING - No viable dags retrieved from /opt/airflow/dags/tutorial-taskflow-api.py
[2025-04-29T02:43:57.121+0000] {processor.py:208} INFO - Processing /opt/airflow/dags/tutorial-taskflow-api.py took 0.030 seconds
[2025-04-29T02:44:27.508+0000] {processor.py:186} INFO - Started process (PID=84) to work on /opt/airflow/dags/tutorial-taskflow-api.py
[2025-04-29T02:44:27.509+0000] {processor.py:914} INFO - Processing file /opt/airflow/dags/tutorial-taskflow-api.py for tasks to queue
[2025-04-29T02:44:27.511+0000] {logging_mixin.py:190} INFO - [2025-04-29T02:44:27.510+0000] {dagbag.py:587} INFO - Filling up the DagBag from /opt/airflow/dags/tutorial-taskflow-api.py
[2025-04-29T02:44:27.513+0000] {logging_mixin.py:190} INFO - [2025-04-29T02:44:27.512+0000] {dagbag.py:386} ERROR - Failed to import: /opt/airflow/dags/tutorial-taskflow-api.py
Traceback (most recent call last):
  File "/home/airflow/.local/lib/python3.10/site-packages/airflow/models/dagbag.py", line 382, in parse
    loader.exec_module(new_module)
  File "<frozen importlib._bootstrap_external>", line 883, in exec_module
  File "<frozen importlib._bootstrap>", line 241, in _call_with_frames_removed
  File "/opt/airflow/dags/tutorial-taskflow-api.py", line 9, in <module>
    @dag(
NameError: name 'dag' is not defined
[2025-04-29T02:44:27.513+0000] {processor.py:927} WARNING - No viable dags retrieved from /opt/airflow/dags/tutorial-taskflow-api.py
[2025-04-29T02:44:27.529+0000] {processor.py:208} INFO - Processing /opt/airflow/dags/tutorial-taskflow-api.py took 0.026 seconds
[2025-04-29T02:44:31.650+0000] {processor.py:186} INFO - Started process (PID=88) to work on /opt/airflow/dags/tutorial-taskflow-api.py
[2025-04-29T02:44:31.651+0000] {processor.py:914} INFO - Processing file /opt/airflow/dags/tutorial-taskflow-api.py for tasks to queue
[2025-04-29T02:44:31.653+0000] {logging_mixin.py:190} INFO - [2025-04-29T02:44:31.653+0000] {dagbag.py:587} INFO - Filling up the DagBag from /opt/airflow/dags/tutorial-taskflow-api.py
[2025-04-29T02:44:31.659+0000] {processor.py:925} INFO - DAG(s) 'tutorial_taskflow_api' retrieved from /opt/airflow/dags/tutorial-taskflow-api.py
[2025-04-29T02:44:31.728+0000] {logging_mixin.py:190} INFO - [2025-04-29T02:44:31.727+0000] {override.py:1858} INFO - Created Permission View: can edit on DAG:tutorial_taskflow_api
[2025-04-29T02:44:31.735+0000] {logging_mixin.py:190} INFO - [2025-04-29T02:44:31.735+0000] {override.py:1858} INFO - Created Permission View: can read on DAG:tutorial_taskflow_api
[2025-04-29T02:44:31.741+0000] {logging_mixin.py:190} INFO - [2025-04-29T02:44:31.741+0000] {override.py:1858} INFO - Created Permission View: can delete on DAG:tutorial_taskflow_api
[2025-04-29T02:44:31.741+0000] {logging_mixin.py:190} INFO - [2025-04-29T02:44:31.741+0000] {dag.py:3211} INFO - Sync 1 DAGs
[2025-04-29T02:44:31.749+0000] {logging_mixin.py:190} INFO - [2025-04-29T02:44:31.748+0000] {dag.py:3234} INFO - Creating ORM DAG for tutorial_taskflow_api
[2025-04-29T02:44:31.749+0000] {logging_mixin.py:190} INFO - [2025-04-29T02:44:31.749+0000] {dag.py:4138} INFO - Setting next_dagrun for tutorial_taskflow_api to None, run_after=None
[2025-04-29T02:44:31.762+0000] {processor.py:208} INFO - Processing /opt/airflow/dags/tutorial-taskflow-api.py took 0.116 seconds
[2025-04-29T02:45:02.629+0000] {processor.py:186} INFO - Started process (PID=98) to work on /opt/airflow/dags/tutorial-taskflow-api.py
[2025-04-29T02:45:02.633+0000] {processor.py:914} INFO - Processing file /opt/airflow/dags/tutorial-taskflow-api.py for tasks to queue
[2025-04-29T02:45:02.635+0000] {logging_mixin.py:190} INFO - [2025-04-29T02:45:02.635+0000] {dagbag.py:587} INFO - Filling up the DagBag from /opt/airflow/dags/tutorial-taskflow-api.py
[2025-04-29T02:45:02.641+0000] {processor.py:925} INFO - DAG(s) 'tutorial_taskflow_api' retrieved from /opt/airflow/dags/tutorial-taskflow-api.py
[2025-04-29T02:45:02.662+0000] {logging_mixin.py:190} INFO - [2025-04-29T02:45:02.661+0000] {dag.py:3211} INFO - Sync 1 DAGs
[2025-04-29T02:45:02.670+0000] {logging_mixin.py:190} INFO - [2025-04-29T02:45:02.670+0000] {dag.py:4138} INFO - Setting next_dagrun for tutorial_taskflow_api to None, run_after=None
[2025-04-29T02:45:02.682+0000] {processor.py:208} INFO - Processing /opt/airflow/dags/tutorial-taskflow-api.py took 0.057 seconds
[2025-04-29T02:45:33.605+0000] {processor.py:186} INFO - Started process (PID=108) to work on /opt/airflow/dags/tutorial-taskflow-api.py
[2025-04-29T02:45:33.622+0000] {processor.py:914} INFO - Processing file /opt/airflow/dags/tutorial-taskflow-api.py for tasks to queue
[2025-04-29T02:45:33.624+0000] {logging_mixin.py:190} INFO - [2025-04-29T02:45:33.624+0000] {dagbag.py:587} INFO - Filling up the DagBag from /opt/airflow/dags/tutorial-taskflow-api.py
[2025-04-29T02:45:33.633+0000] {processor.py:925} INFO - DAG(s) 'tutorial_taskflow_api' retrieved from /opt/airflow/dags/tutorial-taskflow-api.py
[2025-04-29T02:45:33.653+0000] {logging_mixin.py:190} INFO - [2025-04-29T02:45:33.653+0000] {dag.py:3211} INFO - Sync 1 DAGs
[2025-04-29T02:45:33.664+0000] {logging_mixin.py:190} INFO - [2025-04-29T02:45:33.664+0000] {dag.py:4138} INFO - Setting next_dagrun for tutorial_taskflow_api to None, run_after=None
[2025-04-29T02:45:33.675+0000] {processor.py:208} INFO - Processing /opt/airflow/dags/tutorial-taskflow-api.py took 0.075 seconds
[2025-04-29T02:46:03.705+0000] {processor.py:186} INFO - Started process (PID=118) to work on /opt/airflow/dags/tutorial-taskflow-api.py
[2025-04-29T02:46:03.708+0000] {processor.py:914} INFO - Processing file /opt/airflow/dags/tutorial-taskflow-api.py for tasks to queue
[2025-04-29T02:46:03.710+0000] {logging_mixin.py:190} INFO - [2025-04-29T02:46:03.709+0000] {dagbag.py:587} INFO - Filling up the DagBag from /opt/airflow/dags/tutorial-taskflow-api.py
[2025-04-29T02:46:03.716+0000] {processor.py:925} INFO - DAG(s) 'tutorial_taskflow_api' retrieved from /opt/airflow/dags/tutorial-taskflow-api.py
[2025-04-29T02:46:03.734+0000] {logging_mixin.py:190} INFO - [2025-04-29T02:46:03.734+0000] {dag.py:3211} INFO - Sync 1 DAGs
[2025-04-29T02:46:03.744+0000] {logging_mixin.py:190} INFO - [2025-04-29T02:46:03.744+0000] {dag.py:4138} INFO - Setting next_dagrun for tutorial_taskflow_api to None, run_after=None
[2025-04-29T02:46:03.757+0000] {processor.py:208} INFO - Processing /opt/airflow/dags/tutorial-taskflow-api.py took 0.057 seconds
[2025-04-29T02:46:33.988+0000] {processor.py:186} INFO - Started process (PID=128) to work on /opt/airflow/dags/tutorial-taskflow-api.py
[2025-04-29T02:46:33.992+0000] {processor.py:914} INFO - Processing file /opt/airflow/dags/tutorial-taskflow-api.py for tasks to queue
[2025-04-29T02:46:33.994+0000] {logging_mixin.py:190} INFO - [2025-04-29T02:46:33.994+0000] {dagbag.py:587} INFO - Filling up the DagBag from /opt/airflow/dags/tutorial-taskflow-api.py
[2025-04-29T02:46:34.000+0000] {processor.py:925} INFO - DAG(s) 'tutorial_taskflow_api' retrieved from /opt/airflow/dags/tutorial-taskflow-api.py
[2025-04-29T02:46:34.018+0000] {logging_mixin.py:190} INFO - [2025-04-29T02:46:34.018+0000] {dag.py:3211} INFO - Sync 1 DAGs
[2025-04-29T02:46:34.028+0000] {logging_mixin.py:190} INFO - [2025-04-29T02:46:34.028+0000] {dag.py:4138} INFO - Setting next_dagrun for tutorial_taskflow_api to None, run_after=None
[2025-04-29T02:46:34.041+0000] {processor.py:208} INFO - Processing /opt/airflow/dags/tutorial-taskflow-api.py took 0.057 seconds
[2025-04-29T02:47:04.128+0000] {processor.py:186} INFO - Started process (PID=138) to work on /opt/airflow/dags/tutorial-taskflow-api.py
[2025-04-29T02:47:04.131+0000] {processor.py:914} INFO - Processing file /opt/airflow/dags/tutorial-taskflow-api.py for tasks to queue
[2025-04-29T02:47:04.133+0000] {logging_mixin.py:190} INFO - [2025-04-29T02:47:04.133+0000] {dagbag.py:587} INFO - Filling up the DagBag from /opt/airflow/dags/tutorial-taskflow-api.py
[2025-04-29T02:47:04.139+0000] {processor.py:925} INFO - DAG(s) 'tutorial_taskflow_api' retrieved from /opt/airflow/dags/tutorial-taskflow-api.py
[2025-04-29T02:47:04.161+0000] {logging_mixin.py:190} INFO - [2025-04-29T02:47:04.161+0000] {dag.py:3211} INFO - Sync 1 DAGs
[2025-04-29T02:47:04.170+0000] {logging_mixin.py:190} INFO - [2025-04-29T02:47:04.170+0000] {dag.py:4138} INFO - Setting next_dagrun for tutorial_taskflow_api to None, run_after=None
[2025-04-29T02:47:04.183+0000] {processor.py:208} INFO - Processing /opt/airflow/dags/tutorial-taskflow-api.py took 0.059 seconds
[2025-04-29T02:47:34.359+0000] {processor.py:186} INFO - Started process (PID=149) to work on /opt/airflow/dags/tutorial-taskflow-api.py
[2025-04-29T02:47:34.360+0000] {processor.py:914} INFO - Processing file /opt/airflow/dags/tutorial-taskflow-api.py for tasks to queue
[2025-04-29T02:47:34.361+0000] {logging_mixin.py:190} INFO - [2025-04-29T02:47:34.361+0000] {dagbag.py:587} INFO - Filling up the DagBag from /opt/airflow/dags/tutorial-taskflow-api.py
[2025-04-29T02:47:34.367+0000] {processor.py:925} INFO - DAG(s) 'tutorial_taskflow_api' retrieved from /opt/airflow/dags/tutorial-taskflow-api.py
[2025-04-29T02:47:34.388+0000] {logging_mixin.py:190} INFO - [2025-04-29T02:47:34.388+0000] {dag.py:3211} INFO - Sync 1 DAGs
[2025-04-29T02:47:34.401+0000] {logging_mixin.py:190} INFO - [2025-04-29T02:47:34.401+0000] {dag.py:4138} INFO - Setting next_dagrun for tutorial_taskflow_api to None, run_after=None
[2025-04-29T02:47:34.422+0000] {processor.py:208} INFO - Processing /opt/airflow/dags/tutorial-taskflow-api.py took 0.068 seconds
[2025-04-29T02:48:04.676+0000] {processor.py:186} INFO - Started process (PID=243) to work on /opt/airflow/dags/tutorial-taskflow-api.py
[2025-04-29T02:48:04.678+0000] {processor.py:914} INFO - Processing file /opt/airflow/dags/tutorial-taskflow-api.py for tasks to queue
[2025-04-29T02:48:04.682+0000] {logging_mixin.py:190} INFO - [2025-04-29T02:48:04.682+0000] {dagbag.py:587} INFO - Filling up the DagBag from /opt/airflow/dags/tutorial-taskflow-api.py
[2025-04-29T02:48:04.692+0000] {processor.py:925} INFO - DAG(s) 'tutorial_taskflow_api' retrieved from /opt/airflow/dags/tutorial-taskflow-api.py
[2025-04-29T02:48:04.726+0000] {logging_mixin.py:190} INFO - [2025-04-29T02:48:04.726+0000] {dag.py:3211} INFO - Sync 1 DAGs
[2025-04-29T02:48:04.739+0000] {logging_mixin.py:190} INFO - [2025-04-29T02:48:04.739+0000] {dag.py:4138} INFO - Setting next_dagrun for tutorial_taskflow_api to None, run_after=None
[2025-04-29T02:48:04.764+0000] {processor.py:208} INFO - Processing /opt/airflow/dags/tutorial-taskflow-api.py took 0.093 seconds
[2025-04-29T02:48:34.806+0000] {processor.py:186} INFO - Started process (PID=392) to work on /opt/airflow/dags/tutorial-taskflow-api.py
[2025-04-29T02:48:34.806+0000] {processor.py:914} INFO - Processing file /opt/airflow/dags/tutorial-taskflow-api.py for tasks to queue
[2025-04-29T02:48:34.808+0000] {logging_mixin.py:190} INFO - [2025-04-29T02:48:34.808+0000] {dagbag.py:587} INFO - Filling up the DagBag from /opt/airflow/dags/tutorial-taskflow-api.py
[2025-04-29T02:48:34.814+0000] {processor.py:925} INFO - DAG(s) 'tutorial_taskflow_api' retrieved from /opt/airflow/dags/tutorial-taskflow-api.py
[2025-04-29T02:48:34.833+0000] {logging_mixin.py:190} INFO - [2025-04-29T02:48:34.833+0000] {dag.py:3211} INFO - Sync 1 DAGs
[2025-04-29T02:48:34.842+0000] {logging_mixin.py:190} INFO - [2025-04-29T02:48:34.841+0000] {dag.py:4138} INFO - Setting next_dagrun for tutorial_taskflow_api to None, run_after=None
[2025-04-29T02:48:34.855+0000] {processor.py:208} INFO - Processing /opt/airflow/dags/tutorial-taskflow-api.py took 0.054 seconds
[2025-04-29T02:49:05.659+0000] {processor.py:186} INFO - Started process (PID=476) to work on /opt/airflow/dags/tutorial-taskflow-api.py
[2025-04-29T02:49:05.660+0000] {processor.py:914} INFO - Processing file /opt/airflow/dags/tutorial-taskflow-api.py for tasks to queue
[2025-04-29T02:49:05.662+0000] {logging_mixin.py:190} INFO - [2025-04-29T02:49:05.662+0000] {dagbag.py:587} INFO - Filling up the DagBag from /opt/airflow/dags/tutorial-taskflow-api.py
[2025-04-29T02:49:05.669+0000] {processor.py:925} INFO - DAG(s) 'tutorial_taskflow_api' retrieved from /opt/airflow/dags/tutorial-taskflow-api.py
[2025-04-29T02:49:05.697+0000] {logging_mixin.py:190} INFO - [2025-04-29T02:49:05.697+0000] {dag.py:3211} INFO - Sync 1 DAGs
[2025-04-29T02:49:05.718+0000] {logging_mixin.py:190} INFO - [2025-04-29T02:49:05.717+0000] {dag.py:4138} INFO - Setting next_dagrun for tutorial_taskflow_api to None, run_after=None
[2025-04-29T02:49:05.740+0000] {processor.py:208} INFO - Processing /opt/airflow/dags/tutorial-taskflow-api.py took 0.088 seconds
[2025-04-29T02:49:36.555+0000] {processor.py:186} INFO - Started process (PID=626) to work on /opt/airflow/dags/tutorial-taskflow-api.py
[2025-04-29T02:49:36.569+0000] {processor.py:914} INFO - Processing file /opt/airflow/dags/tutorial-taskflow-api.py for tasks to queue
[2025-04-29T02:49:36.571+0000] {logging_mixin.py:190} INFO - [2025-04-29T02:49:36.571+0000] {dagbag.py:587} INFO - Filling up the DagBag from /opt/airflow/dags/tutorial-taskflow-api.py
[2025-04-29T02:49:36.576+0000] {processor.py:925} INFO - DAG(s) 'tutorial_taskflow_api' retrieved from /opt/airflow/dags/tutorial-taskflow-api.py
[2025-04-29T02:49:36.594+0000] {logging_mixin.py:190} INFO - [2025-04-29T02:49:36.594+0000] {dag.py:3211} INFO - Sync 1 DAGs
[2025-04-29T02:49:36.604+0000] {logging_mixin.py:190} INFO - [2025-04-29T02:49:36.604+0000] {dag.py:4138} INFO - Setting next_dagrun for tutorial_taskflow_api to None, run_after=None
[2025-04-29T02:49:36.615+0000] {processor.py:208} INFO - Processing /opt/airflow/dags/tutorial-taskflow-api.py took 0.064 seconds
[2025-04-29T02:50:07.421+0000] {processor.py:186} INFO - Started process (PID=750) to work on /opt/airflow/dags/tutorial-taskflow-api.py
[2025-04-29T02:50:07.422+0000] {processor.py:914} INFO - Processing file /opt/airflow/dags/tutorial-taskflow-api.py for tasks to queue
[2025-04-29T02:50:07.424+0000] {logging_mixin.py:190} INFO - [2025-04-29T02:50:07.424+0000] {dagbag.py:587} INFO - Filling up the DagBag from /opt/airflow/dags/tutorial-taskflow-api.py
[2025-04-29T02:50:07.430+0000] {processor.py:925} INFO - DAG(s) 'tutorial_taskflow_api' retrieved from /opt/airflow/dags/tutorial-taskflow-api.py
[2025-04-29T02:50:07.449+0000] {logging_mixin.py:190} INFO - [2025-04-29T02:50:07.448+0000] {dag.py:3211} INFO - Sync 1 DAGs
[2025-04-29T02:50:07.458+0000] {logging_mixin.py:190} INFO - [2025-04-29T02:50:07.458+0000] {dag.py:4138} INFO - Setting next_dagrun for tutorial_taskflow_api to None, run_after=None
[2025-04-29T02:50:07.470+0000] {processor.py:208} INFO - Processing /opt/airflow/dags/tutorial-taskflow-api.py took 0.053 seconds
[2025-04-29T02:50:38.273+0000] {processor.py:186} INFO - Started process (PID=851) to work on /opt/airflow/dags/tutorial-taskflow-api.py
[2025-04-29T02:50:38.274+0000] {processor.py:914} INFO - Processing file /opt/airflow/dags/tutorial-taskflow-api.py for tasks to queue
[2025-04-29T02:50:38.275+0000] {logging_mixin.py:190} INFO - [2025-04-29T02:50:38.275+0000] {dagbag.py:587} INFO - Filling up the DagBag from /opt/airflow/dags/tutorial-taskflow-api.py
[2025-04-29T02:50:38.281+0000] {processor.py:925} INFO - DAG(s) 'tutorial_taskflow_api' retrieved from /opt/airflow/dags/tutorial-taskflow-api.py
[2025-04-29T02:50:38.299+0000] {logging_mixin.py:190} INFO - [2025-04-29T02:50:38.299+0000] {dag.py:3211} INFO - Sync 1 DAGs
[2025-04-29T02:50:38.307+0000] {logging_mixin.py:190} INFO - [2025-04-29T02:50:38.307+0000] {dag.py:4138} INFO - Setting next_dagrun for tutorial_taskflow_api to None, run_after=None
[2025-04-29T02:50:38.328+0000] {processor.py:208} INFO - Processing /opt/airflow/dags/tutorial-taskflow-api.py took 0.059 seconds
[2025-04-29T02:51:09.164+0000] {processor.py:186} INFO - Started process (PID=975) to work on /opt/airflow/dags/tutorial-taskflow-api.py
[2025-04-29T02:51:09.165+0000] {processor.py:914} INFO - Processing file /opt/airflow/dags/tutorial-taskflow-api.py for tasks to queue
[2025-04-29T02:51:09.167+0000] {logging_mixin.py:190} INFO - [2025-04-29T02:51:09.167+0000] {dagbag.py:587} INFO - Filling up the DagBag from /opt/airflow/dags/tutorial-taskflow-api.py
[2025-04-29T02:51:09.174+0000] {processor.py:925} INFO - DAG(s) 'tutorial_taskflow_api' retrieved from /opt/airflow/dags/tutorial-taskflow-api.py
[2025-04-29T02:51:09.195+0000] {logging_mixin.py:190} INFO - [2025-04-29T02:51:09.195+0000] {dag.py:3211} INFO - Sync 1 DAGs
[2025-04-29T02:51:09.205+0000] {logging_mixin.py:190} INFO - [2025-04-29T02:51:09.205+0000] {dag.py:4138} INFO - Setting next_dagrun for tutorial_taskflow_api to None, run_after=None
[2025-04-29T02:51:09.217+0000] {processor.py:208} INFO - Processing /opt/airflow/dags/tutorial-taskflow-api.py took 0.057 seconds
[2025-04-29T02:51:40.166+0000] {processor.py:186} INFO - Started process (PID=1093) to work on /opt/airflow/dags/tutorial-taskflow-api.py
[2025-04-29T02:51:40.167+0000] {processor.py:914} INFO - Processing file /opt/airflow/dags/tutorial-taskflow-api.py for tasks to queue
[2025-04-29T02:51:40.169+0000] {logging_mixin.py:190} INFO - [2025-04-29T02:51:40.169+0000] {dagbag.py:587} INFO - Filling up the DagBag from /opt/airflow/dags/tutorial-taskflow-api.py
[2025-04-29T02:51:40.177+0000] {processor.py:925} INFO - DAG(s) 'tutorial_taskflow_api' retrieved from /opt/airflow/dags/tutorial-taskflow-api.py
[2025-04-29T02:51:40.204+0000] {logging_mixin.py:190} INFO - [2025-04-29T02:51:40.204+0000] {dag.py:3211} INFO - Sync 1 DAGs
[2025-04-29T02:51:40.219+0000] {logging_mixin.py:190} INFO - [2025-04-29T02:51:40.219+0000] {dag.py:4138} INFO - Setting next_dagrun for tutorial_taskflow_api to None, run_after=None
[2025-04-29T02:51:40.239+0000] {processor.py:208} INFO - Processing /opt/airflow/dags/tutorial-taskflow-api.py took 0.081 seconds
[2025-04-29T02:52:11.193+0000] {processor.py:186} INFO - Started process (PID=1213) to work on /opt/airflow/dags/tutorial-taskflow-api.py
[2025-04-29T02:52:11.194+0000] {processor.py:914} INFO - Processing file /opt/airflow/dags/tutorial-taskflow-api.py for tasks to queue
[2025-04-29T02:52:11.195+0000] {logging_mixin.py:190} INFO - [2025-04-29T02:52:11.195+0000] {dagbag.py:587} INFO - Filling up the DagBag from /opt/airflow/dags/tutorial-taskflow-api.py
[2025-04-29T02:52:11.202+0000] {processor.py:925} INFO - DAG(s) 'tutorial_taskflow_api' retrieved from /opt/airflow/dags/tutorial-taskflow-api.py
[2025-04-29T02:52:11.221+0000] {logging_mixin.py:190} INFO - [2025-04-29T02:52:11.221+0000] {dag.py:3211} INFO - Sync 1 DAGs
[2025-04-29T02:52:11.231+0000] {logging_mixin.py:190} INFO - [2025-04-29T02:52:11.231+0000] {dag.py:4138} INFO - Setting next_dagrun for tutorial_taskflow_api to None, run_after=None
[2025-04-29T02:52:11.243+0000] {processor.py:208} INFO - Processing /opt/airflow/dags/tutorial-taskflow-api.py took 0.055 seconds
[2025-04-29T02:52:41.281+0000] {processor.py:186} INFO - Started process (PID=1353) to work on /opt/airflow/dags/tutorial-taskflow-api.py
[2025-04-29T02:52:41.282+0000] {processor.py:914} INFO - Processing file /opt/airflow/dags/tutorial-taskflow-api.py for tasks to queue
[2025-04-29T02:52:41.284+0000] {logging_mixin.py:190} INFO - [2025-04-29T02:52:41.284+0000] {dagbag.py:587} INFO - Filling up the DagBag from /opt/airflow/dags/tutorial-taskflow-api.py
[2025-04-29T02:52:41.291+0000] {processor.py:925} INFO - DAG(s) 'tutorial_taskflow_api' retrieved from /opt/airflow/dags/tutorial-taskflow-api.py
[2025-04-29T02:52:41.318+0000] {logging_mixin.py:190} INFO - [2025-04-29T02:52:41.318+0000] {dag.py:3211} INFO - Sync 1 DAGs
[2025-04-29T02:52:41.330+0000] {logging_mixin.py:190} INFO - [2025-04-29T02:52:41.330+0000] {dag.py:4138} INFO - Setting next_dagrun for tutorial_taskflow_api to None, run_after=None
[2025-04-29T02:52:41.347+0000] {processor.py:208} INFO - Processing /opt/airflow/dags/tutorial-taskflow-api.py took 0.072 seconds
[2025-04-29T02:53:12.135+0000] {processor.py:186} INFO - Started process (PID=1419) to work on /opt/airflow/dags/tutorial-taskflow-api.py
[2025-04-29T02:53:12.136+0000] {processor.py:914} INFO - Processing file /opt/airflow/dags/tutorial-taskflow-api.py for tasks to queue
[2025-04-29T02:53:12.137+0000] {logging_mixin.py:190} INFO - [2025-04-29T02:53:12.137+0000] {dagbag.py:587} INFO - Filling up the DagBag from /opt/airflow/dags/tutorial-taskflow-api.py
[2025-04-29T02:53:12.143+0000] {processor.py:925} INFO - DAG(s) 'tutorial_taskflow_api' retrieved from /opt/airflow/dags/tutorial-taskflow-api.py
[2025-04-29T02:53:12.162+0000] {logging_mixin.py:190} INFO - [2025-04-29T02:53:12.162+0000] {dag.py:3211} INFO - Sync 1 DAGs
[2025-04-29T02:53:12.171+0000] {logging_mixin.py:190} INFO - [2025-04-29T02:53:12.171+0000] {dag.py:4138} INFO - Setting next_dagrun for tutorial_taskflow_api to None, run_after=None
[2025-04-29T02:53:12.182+0000] {processor.py:208} INFO - Processing /opt/airflow/dags/tutorial-taskflow-api.py took 0.051 seconds
[2025-04-29T02:53:42.982+0000] {processor.py:186} INFO - Started process (PID=1526) to work on /opt/airflow/dags/tutorial-taskflow-api.py
[2025-04-29T02:53:42.983+0000] {processor.py:914} INFO - Processing file /opt/airflow/dags/tutorial-taskflow-api.py for tasks to queue
[2025-04-29T02:53:42.984+0000] {logging_mixin.py:190} INFO - [2025-04-29T02:53:42.984+0000] {dagbag.py:587} INFO - Filling up the DagBag from /opt/airflow/dags/tutorial-taskflow-api.py
[2025-04-29T02:53:42.990+0000] {processor.py:925} INFO - DAG(s) 'tutorial_taskflow_api' retrieved from /opt/airflow/dags/tutorial-taskflow-api.py
[2025-04-29T02:53:43.009+0000] {logging_mixin.py:190} INFO - [2025-04-29T02:53:43.009+0000] {dag.py:3211} INFO - Sync 1 DAGs
[2025-04-29T02:53:43.019+0000] {logging_mixin.py:190} INFO - [2025-04-29T02:53:43.019+0000] {dag.py:4138} INFO - Setting next_dagrun for tutorial_taskflow_api to None, run_after=None
[2025-04-29T02:53:43.031+0000] {processor.py:208} INFO - Processing /opt/airflow/dags/tutorial-taskflow-api.py took 0.054 seconds
[2025-04-29T02:54:13.816+0000] {processor.py:186} INFO - Started process (PID=1618) to work on /opt/airflow/dags/tutorial-taskflow-api.py
[2025-04-29T02:54:13.818+0000] {processor.py:914} INFO - Processing file /opt/airflow/dags/tutorial-taskflow-api.py for tasks to queue
[2025-04-29T02:54:13.822+0000] {logging_mixin.py:190} INFO - [2025-04-29T02:54:13.821+0000] {dagbag.py:587} INFO - Filling up the DagBag from /opt/airflow/dags/tutorial-taskflow-api.py
[2025-04-29T02:54:13.830+0000] {processor.py:925} INFO - DAG(s) 'tutorial_taskflow_api' retrieved from /opt/airflow/dags/tutorial-taskflow-api.py
[2025-04-29T02:54:13.865+0000] {logging_mixin.py:190} INFO - [2025-04-29T02:54:13.865+0000] {dag.py:3211} INFO - Sync 1 DAGs
[2025-04-29T02:54:13.880+0000] {logging_mixin.py:190} INFO - [2025-04-29T02:54:13.880+0000] {dag.py:4138} INFO - Setting next_dagrun for tutorial_taskflow_api to None, run_after=None
[2025-04-29T02:54:13.907+0000] {processor.py:208} INFO - Processing /opt/airflow/dags/tutorial-taskflow-api.py took 0.097 seconds
[2025-04-29T02:54:44.783+0000] {processor.py:186} INFO - Started process (PID=1700) to work on /opt/airflow/dags/tutorial-taskflow-api.py
[2025-04-29T02:54:44.784+0000] {processor.py:914} INFO - Processing file /opt/airflow/dags/tutorial-taskflow-api.py for tasks to queue
[2025-04-29T02:54:44.786+0000] {logging_mixin.py:190} INFO - [2025-04-29T02:54:44.786+0000] {dagbag.py:587} INFO - Filling up the DagBag from /opt/airflow/dags/tutorial-taskflow-api.py
[2025-04-29T02:54:44.792+0000] {processor.py:925} INFO - DAG(s) 'tutorial_taskflow_api' retrieved from /opt/airflow/dags/tutorial-taskflow-api.py
[2025-04-29T02:54:44.810+0000] {logging_mixin.py:190} INFO - [2025-04-29T02:54:44.810+0000] {dag.py:3211} INFO - Sync 1 DAGs
[2025-04-29T02:54:44.819+0000] {logging_mixin.py:190} INFO - [2025-04-29T02:54:44.819+0000] {dag.py:4138} INFO - Setting next_dagrun for tutorial_taskflow_api to None, run_after=None
[2025-04-29T02:54:44.831+0000] {processor.py:208} INFO - Processing /opt/airflow/dags/tutorial-taskflow-api.py took 0.052 seconds
[2025-04-29T02:55:14.858+0000] {processor.py:186} INFO - Started process (PID=1832) to work on /opt/airflow/dags/tutorial-taskflow-api.py
[2025-04-29T02:55:14.859+0000] {processor.py:914} INFO - Processing file /opt/airflow/dags/tutorial-taskflow-api.py for tasks to queue
[2025-04-29T02:55:14.861+0000] {logging_mixin.py:190} INFO - [2025-04-29T02:55:14.861+0000] {dagbag.py:587} INFO - Filling up the DagBag from /opt/airflow/dags/tutorial-taskflow-api.py
[2025-04-29T02:55:14.867+0000] {processor.py:925} INFO - DAG(s) 'tutorial_taskflow_api' retrieved from /opt/airflow/dags/tutorial-taskflow-api.py
[2025-04-29T02:55:14.887+0000] {logging_mixin.py:190} INFO - [2025-04-29T02:55:14.886+0000] {dag.py:3211} INFO - Sync 1 DAGs
[2025-04-29T02:55:14.895+0000] {logging_mixin.py:190} INFO - [2025-04-29T02:55:14.895+0000] {dag.py:4138} INFO - Setting next_dagrun for tutorial_taskflow_api to None, run_after=None
[2025-04-29T02:55:14.908+0000] {processor.py:208} INFO - Processing /opt/airflow/dags/tutorial-taskflow-api.py took 0.055 seconds
[2025-04-29T02:55:45.685+0000] {processor.py:186} INFO - Started process (PID=1908) to work on /opt/airflow/dags/tutorial-taskflow-api.py
[2025-04-29T02:55:45.686+0000] {processor.py:914} INFO - Processing file /opt/airflow/dags/tutorial-taskflow-api.py for tasks to queue
[2025-04-29T02:55:45.688+0000] {logging_mixin.py:190} INFO - [2025-04-29T02:55:45.688+0000] {dagbag.py:587} INFO - Filling up the DagBag from /opt/airflow/dags/tutorial-taskflow-api.py
[2025-04-29T02:55:45.695+0000] {processor.py:925} INFO - DAG(s) 'tutorial_taskflow_api' retrieved from /opt/airflow/dags/tutorial-taskflow-api.py
[2025-04-29T02:55:45.720+0000] {logging_mixin.py:190} INFO - [2025-04-29T02:55:45.719+0000] {dag.py:3211} INFO - Sync 1 DAGs
[2025-04-29T02:55:45.730+0000] {logging_mixin.py:190} INFO - [2025-04-29T02:55:45.730+0000] {dag.py:4138} INFO - Setting next_dagrun for tutorial_taskflow_api to None, run_after=None
[2025-04-29T02:55:45.745+0000] {processor.py:208} INFO - Processing /opt/airflow/dags/tutorial-taskflow-api.py took 0.065 seconds
[2025-04-29T02:56:16.006+0000] {processor.py:186} INFO - Started process (PID=2031) to work on /opt/airflow/dags/tutorial-taskflow-api.py
[2025-04-29T02:56:16.007+0000] {processor.py:914} INFO - Processing file /opt/airflow/dags/tutorial-taskflow-api.py for tasks to queue
[2025-04-29T02:56:16.009+0000] {logging_mixin.py:190} INFO - [2025-04-29T02:56:16.009+0000] {dagbag.py:587} INFO - Filling up the DagBag from /opt/airflow/dags/tutorial-taskflow-api.py
[2025-04-29T02:56:16.019+0000] {processor.py:925} INFO - DAG(s) 'tutorial_taskflow_api' retrieved from /opt/airflow/dags/tutorial-taskflow-api.py
[2025-04-29T02:56:16.047+0000] {logging_mixin.py:190} INFO - [2025-04-29T02:56:16.046+0000] {dag.py:3211} INFO - Sync 1 DAGs
[2025-04-29T02:56:16.060+0000] {logging_mixin.py:190} INFO - [2025-04-29T02:56:16.059+0000] {dag.py:4138} INFO - Setting next_dagrun for tutorial_taskflow_api to None, run_after=None
[2025-04-29T02:56:16.080+0000] {processor.py:208} INFO - Processing /opt/airflow/dags/tutorial-taskflow-api.py took 0.080 seconds
[2025-04-29T02:56:46.914+0000] {processor.py:186} INFO - Started process (PID=2073) to work on /opt/airflow/dags/tutorial-taskflow-api.py
[2025-04-29T02:56:46.915+0000] {processor.py:914} INFO - Processing file /opt/airflow/dags/tutorial-taskflow-api.py for tasks to queue
[2025-04-29T02:56:46.917+0000] {logging_mixin.py:190} INFO - [2025-04-29T02:56:46.917+0000] {dagbag.py:587} INFO - Filling up the DagBag from /opt/airflow/dags/tutorial-taskflow-api.py
[2025-04-29T02:56:46.924+0000] {processor.py:925} INFO - DAG(s) 'tutorial_taskflow_api' retrieved from /opt/airflow/dags/tutorial-taskflow-api.py
[2025-04-29T02:56:46.952+0000] {logging_mixin.py:190} INFO - [2025-04-29T02:56:46.952+0000] {dag.py:3211} INFO - Sync 1 DAGs
[2025-04-29T02:56:46.962+0000] {logging_mixin.py:190} INFO - [2025-04-29T02:56:46.962+0000] {dag.py:4138} INFO - Setting next_dagrun for tutorial_taskflow_api to None, run_after=None
[2025-04-29T02:56:46.979+0000] {processor.py:208} INFO - Processing /opt/airflow/dags/tutorial-taskflow-api.py took 0.070 seconds
[2025-04-29T02:57:17.885+0000] {processor.py:186} INFO - Started process (PID=2199) to work on /opt/airflow/dags/tutorial-taskflow-api.py
[2025-04-29T02:57:17.886+0000] {processor.py:914} INFO - Processing file /opt/airflow/dags/tutorial-taskflow-api.py for tasks to queue
[2025-04-29T02:57:17.888+0000] {logging_mixin.py:190} INFO - [2025-04-29T02:57:17.888+0000] {dagbag.py:587} INFO - Filling up the DagBag from /opt/airflow/dags/tutorial-taskflow-api.py
[2025-04-29T02:57:17.895+0000] {processor.py:925} INFO - DAG(s) 'tutorial_taskflow_api' retrieved from /opt/airflow/dags/tutorial-taskflow-api.py
[2025-04-29T02:57:17.917+0000] {logging_mixin.py:190} INFO - [2025-04-29T02:57:17.917+0000] {dag.py:3211} INFO - Sync 1 DAGs
[2025-04-29T02:57:17.927+0000] {logging_mixin.py:190} INFO - [2025-04-29T02:57:17.927+0000] {dag.py:4138} INFO - Setting next_dagrun for tutorial_taskflow_api to None, run_after=None
[2025-04-29T02:57:17.941+0000] {processor.py:208} INFO - Processing /opt/airflow/dags/tutorial-taskflow-api.py took 0.061 seconds
[2025-04-29T02:57:48.724+0000] {processor.py:186} INFO - Started process (PID=2301) to work on /opt/airflow/dags/tutorial-taskflow-api.py
[2025-04-29T02:57:48.725+0000] {processor.py:914} INFO - Processing file /opt/airflow/dags/tutorial-taskflow-api.py for tasks to queue
[2025-04-29T02:57:48.727+0000] {logging_mixin.py:190} INFO - [2025-04-29T02:57:48.726+0000] {dagbag.py:587} INFO - Filling up the DagBag from /opt/airflow/dags/tutorial-taskflow-api.py
[2025-04-29T02:57:48.733+0000] {processor.py:925} INFO - DAG(s) 'tutorial_taskflow_api' retrieved from /opt/airflow/dags/tutorial-taskflow-api.py
[2025-04-29T02:57:48.753+0000] {logging_mixin.py:190} INFO - [2025-04-29T02:57:48.753+0000] {dag.py:3211} INFO - Sync 1 DAGs
[2025-04-29T02:57:48.762+0000] {logging_mixin.py:190} INFO - [2025-04-29T02:57:48.762+0000] {dag.py:4138} INFO - Setting next_dagrun for tutorial_taskflow_api to None, run_after=None
[2025-04-29T02:57:48.774+0000] {processor.py:208} INFO - Processing /opt/airflow/dags/tutorial-taskflow-api.py took 0.055 seconds
[2025-04-29T02:58:19.629+0000] {processor.py:186} INFO - Started process (PID=2436) to work on /opt/airflow/dags/tutorial-taskflow-api.py
[2025-04-29T02:58:19.630+0000] {processor.py:914} INFO - Processing file /opt/airflow/dags/tutorial-taskflow-api.py for tasks to queue
[2025-04-29T02:58:19.632+0000] {logging_mixin.py:190} INFO - [2025-04-29T02:58:19.632+0000] {dagbag.py:587} INFO - Filling up the DagBag from /opt/airflow/dags/tutorial-taskflow-api.py
[2025-04-29T02:58:19.638+0000] {processor.py:925} INFO - DAG(s) 'tutorial_taskflow_api' retrieved from /opt/airflow/dags/tutorial-taskflow-api.py
[2025-04-29T02:58:19.655+0000] {logging_mixin.py:190} INFO - [2025-04-29T02:58:19.655+0000] {dag.py:3211} INFO - Sync 1 DAGs
[2025-04-29T02:58:19.664+0000] {logging_mixin.py:190} INFO - [2025-04-29T02:58:19.664+0000] {dag.py:4138} INFO - Setting next_dagrun for tutorial_taskflow_api to None, run_after=None
[2025-04-29T02:58:19.675+0000] {processor.py:208} INFO - Processing /opt/airflow/dags/tutorial-taskflow-api.py took 0.051 seconds
[2025-04-29T02:58:49.703+0000] {processor.py:186} INFO - Started process (PID=2462) to work on /opt/airflow/dags/tutorial-taskflow-api.py
[2025-04-29T02:58:49.704+0000] {processor.py:914} INFO - Processing file /opt/airflow/dags/tutorial-taskflow-api.py for tasks to queue
[2025-04-29T02:58:49.706+0000] {logging_mixin.py:190} INFO - [2025-04-29T02:58:49.706+0000] {dagbag.py:587} INFO - Filling up the DagBag from /opt/airflow/dags/tutorial-taskflow-api.py
[2025-04-29T02:58:49.712+0000] {processor.py:925} INFO - DAG(s) 'tutorial_taskflow_api' retrieved from /opt/airflow/dags/tutorial-taskflow-api.py
[2025-04-29T02:58:49.730+0000] {logging_mixin.py:190} INFO - [2025-04-29T02:58:49.729+0000] {dag.py:3211} INFO - Sync 1 DAGs
[2025-04-29T02:58:49.739+0000] {logging_mixin.py:190} INFO - [2025-04-29T02:58:49.739+0000] {dag.py:4138} INFO - Setting next_dagrun for tutorial_taskflow_api to None, run_after=None
[2025-04-29T02:58:49.750+0000] {processor.py:208} INFO - Processing /opt/airflow/dags/tutorial-taskflow-api.py took 0.051 seconds
[2025-04-29T02:59:20.617+0000] {processor.py:186} INFO - Started process (PID=2471) to work on /opt/airflow/dags/tutorial-taskflow-api.py
[2025-04-29T02:59:20.618+0000] {processor.py:914} INFO - Processing file /opt/airflow/dags/tutorial-taskflow-api.py for tasks to queue
[2025-04-29T02:59:20.620+0000] {logging_mixin.py:190} INFO - [2025-04-29T02:59:20.620+0000] {dagbag.py:587} INFO - Filling up the DagBag from /opt/airflow/dags/tutorial-taskflow-api.py
[2025-04-29T02:59:20.626+0000] {processor.py:925} INFO - DAG(s) 'tutorial_taskflow_api' retrieved from /opt/airflow/dags/tutorial-taskflow-api.py
[2025-04-29T02:59:20.642+0000] {logging_mixin.py:190} INFO - [2025-04-29T02:59:20.642+0000] {dag.py:3211} INFO - Sync 1 DAGs
[2025-04-29T02:59:20.652+0000] {logging_mixin.py:190} INFO - [2025-04-29T02:59:20.652+0000] {dag.py:4138} INFO - Setting next_dagrun for tutorial_taskflow_api to None, run_after=None
[2025-04-29T02:59:20.666+0000] {processor.py:208} INFO - Processing /opt/airflow/dags/tutorial-taskflow-api.py took 0.053 seconds
[2025-04-29T02:59:51.620+0000] {processor.py:186} INFO - Started process (PID=2481) to work on /opt/airflow/dags/tutorial-taskflow-api.py
[2025-04-29T02:59:51.621+0000] {processor.py:914} INFO - Processing file /opt/airflow/dags/tutorial-taskflow-api.py for tasks to queue
[2025-04-29T02:59:51.623+0000] {logging_mixin.py:190} INFO - [2025-04-29T02:59:51.623+0000] {dagbag.py:587} INFO - Filling up the DagBag from /opt/airflow/dags/tutorial-taskflow-api.py
[2025-04-29T02:59:51.629+0000] {processor.py:925} INFO - DAG(s) 'tutorial_taskflow_api' retrieved from /opt/airflow/dags/tutorial-taskflow-api.py
[2025-04-29T02:59:51.648+0000] {logging_mixin.py:190} INFO - [2025-04-29T02:59:51.648+0000] {dag.py:3211} INFO - Sync 1 DAGs
[2025-04-29T02:59:51.658+0000] {logging_mixin.py:190} INFO - [2025-04-29T02:59:51.658+0000] {dag.py:4138} INFO - Setting next_dagrun for tutorial_taskflow_api to None, run_after=None
[2025-04-29T02:59:51.672+0000] {processor.py:208} INFO - Processing /opt/airflow/dags/tutorial-taskflow-api.py took 0.056 seconds
[2025-04-29T03:00:22.478+0000] {processor.py:186} INFO - Started process (PID=2491) to work on /opt/airflow/dags/tutorial-taskflow-api.py
[2025-04-29T03:00:22.480+0000] {processor.py:914} INFO - Processing file /opt/airflow/dags/tutorial-taskflow-api.py for tasks to queue
[2025-04-29T03:00:22.482+0000] {logging_mixin.py:190} INFO - [2025-04-29T03:00:22.481+0000] {dagbag.py:587} INFO - Filling up the DagBag from /opt/airflow/dags/tutorial-taskflow-api.py
[2025-04-29T03:00:22.487+0000] {processor.py:925} INFO - DAG(s) 'tutorial_taskflow_api' retrieved from /opt/airflow/dags/tutorial-taskflow-api.py
[2025-04-29T03:00:22.506+0000] {logging_mixin.py:190} INFO - [2025-04-29T03:00:22.506+0000] {dag.py:3211} INFO - Sync 1 DAGs
[2025-04-29T03:00:22.516+0000] {logging_mixin.py:190} INFO - [2025-04-29T03:00:22.516+0000] {dag.py:4138} INFO - Setting next_dagrun for tutorial_taskflow_api to None, run_after=None
[2025-04-29T03:00:22.529+0000] {processor.py:208} INFO - Processing /opt/airflow/dags/tutorial-taskflow-api.py took 0.055 seconds
[2025-04-29T03:00:53.453+0000] {processor.py:186} INFO - Started process (PID=2501) to work on /opt/airflow/dags/tutorial-taskflow-api.py
[2025-04-29T03:00:53.454+0000] {processor.py:914} INFO - Processing file /opt/airflow/dags/tutorial-taskflow-api.py for tasks to queue
[2025-04-29T03:00:53.455+0000] {logging_mixin.py:190} INFO - [2025-04-29T03:00:53.455+0000] {dagbag.py:587} INFO - Filling up the DagBag from /opt/airflow/dags/tutorial-taskflow-api.py
[2025-04-29T03:00:53.461+0000] {processor.py:925} INFO - DAG(s) 'tutorial_taskflow_api' retrieved from /opt/airflow/dags/tutorial-taskflow-api.py
[2025-04-29T03:00:53.478+0000] {logging_mixin.py:190} INFO - [2025-04-29T03:00:53.478+0000] {dag.py:3211} INFO - Sync 1 DAGs
[2025-04-29T03:00:53.488+0000] {logging_mixin.py:190} INFO - [2025-04-29T03:00:53.487+0000] {dag.py:4138} INFO - Setting next_dagrun for tutorial_taskflow_api to None, run_after=None
[2025-04-29T03:00:53.499+0000] {processor.py:208} INFO - Processing /opt/airflow/dags/tutorial-taskflow-api.py took 0.051 seconds
[2025-04-29T03:01:24.360+0000] {processor.py:186} INFO - Started process (PID=2511) to work on /opt/airflow/dags/tutorial-taskflow-api.py
[2025-04-29T03:01:24.361+0000] {processor.py:914} INFO - Processing file /opt/airflow/dags/tutorial-taskflow-api.py for tasks to queue
[2025-04-29T03:01:24.363+0000] {logging_mixin.py:190} INFO - [2025-04-29T03:01:24.363+0000] {dagbag.py:587} INFO - Filling up the DagBag from /opt/airflow/dags/tutorial-taskflow-api.py
[2025-04-29T03:01:24.369+0000] {processor.py:925} INFO - DAG(s) 'tutorial_taskflow_api' retrieved from /opt/airflow/dags/tutorial-taskflow-api.py
[2025-04-29T03:01:24.390+0000] {logging_mixin.py:190} INFO - [2025-04-29T03:01:24.390+0000] {dag.py:3211} INFO - Sync 1 DAGs
[2025-04-29T03:01:24.401+0000] {logging_mixin.py:190} INFO - [2025-04-29T03:01:24.401+0000] {dag.py:4138} INFO - Setting next_dagrun for tutorial_taskflow_api to None, run_after=None
[2025-04-29T03:01:24.417+0000] {processor.py:208} INFO - Processing /opt/airflow/dags/tutorial-taskflow-api.py took 0.062 seconds
[2025-04-29T03:01:55.322+0000] {processor.py:186} INFO - Started process (PID=2521) to work on /opt/airflow/dags/tutorial-taskflow-api.py
[2025-04-29T03:01:55.329+0000] {processor.py:914} INFO - Processing file /opt/airflow/dags/tutorial-taskflow-api.py for tasks to queue
[2025-04-29T03:01:55.330+0000] {logging_mixin.py:190} INFO - [2025-04-29T03:01:55.330+0000] {dagbag.py:587} INFO - Filling up the DagBag from /opt/airflow/dags/tutorial-taskflow-api.py
[2025-04-29T03:01:55.336+0000] {processor.py:925} INFO - DAG(s) 'tutorial_taskflow_api' retrieved from /opt/airflow/dags/tutorial-taskflow-api.py
[2025-04-29T03:01:55.357+0000] {logging_mixin.py:190} INFO - [2025-04-29T03:01:55.357+0000] {dag.py:3211} INFO - Sync 1 DAGs
[2025-04-29T03:01:55.367+0000] {logging_mixin.py:190} INFO - [2025-04-29T03:01:55.366+0000] {dag.py:4138} INFO - Setting next_dagrun for tutorial_taskflow_api to None, run_after=None
[2025-04-29T03:01:55.380+0000] {processor.py:208} INFO - Processing /opt/airflow/dags/tutorial-taskflow-api.py took 0.063 seconds
[2025-04-29T03:02:25.873+0000] {processor.py:186} INFO - Started process (PID=2537) to work on /opt/airflow/dags/tutorial-taskflow-api.py
[2025-04-29T03:02:25.873+0000] {processor.py:914} INFO - Processing file /opt/airflow/dags/tutorial-taskflow-api.py for tasks to queue
[2025-04-29T03:02:25.875+0000] {logging_mixin.py:190} INFO - [2025-04-29T03:02:25.875+0000] {dagbag.py:587} INFO - Filling up the DagBag from /opt/airflow/dags/tutorial-taskflow-api.py
[2025-04-29T03:02:25.880+0000] {processor.py:925} INFO - DAG(s) 'tutorial_taskflow_api' retrieved from /opt/airflow/dags/tutorial-taskflow-api.py
[2025-04-29T03:02:25.905+0000] {logging_mixin.py:190} INFO - [2025-04-29T03:02:25.905+0000] {dag.py:3211} INFO - Sync 1 DAGs
[2025-04-29T03:02:25.916+0000] {logging_mixin.py:190} INFO - [2025-04-29T03:02:25.916+0000] {dag.py:4138} INFO - Setting next_dagrun for tutorial_taskflow_api to None, run_after=None
[2025-04-29T03:02:25.930+0000] {processor.py:208} INFO - Processing /opt/airflow/dags/tutorial-taskflow-api.py took 0.062 seconds
[2025-04-29T03:02:56.838+0000] {processor.py:186} INFO - Started process (PID=2547) to work on /opt/airflow/dags/tutorial-taskflow-api.py
[2025-04-29T03:02:56.838+0000] {processor.py:914} INFO - Processing file /opt/airflow/dags/tutorial-taskflow-api.py for tasks to queue
[2025-04-29T03:02:56.840+0000] {logging_mixin.py:190} INFO - [2025-04-29T03:02:56.840+0000] {dagbag.py:587} INFO - Filling up the DagBag from /opt/airflow/dags/tutorial-taskflow-api.py
[2025-04-29T03:02:56.846+0000] {processor.py:925} INFO - DAG(s) 'tutorial_taskflow_api' retrieved from /opt/airflow/dags/tutorial-taskflow-api.py
[2025-04-29T03:02:56.864+0000] {logging_mixin.py:190} INFO - [2025-04-29T03:02:56.864+0000] {dag.py:3211} INFO - Sync 1 DAGs
[2025-04-29T03:02:56.873+0000] {logging_mixin.py:190} INFO - [2025-04-29T03:02:56.873+0000] {dag.py:4138} INFO - Setting next_dagrun for tutorial_taskflow_api to None, run_after=None
[2025-04-29T03:02:56.885+0000] {processor.py:208} INFO - Processing /opt/airflow/dags/tutorial-taskflow-api.py took 0.052 seconds
[2025-04-29T03:03:27.894+0000] {processor.py:186} INFO - Started process (PID=2557) to work on /opt/airflow/dags/tutorial-taskflow-api.py
[2025-04-29T03:03:27.895+0000] {processor.py:914} INFO - Processing file /opt/airflow/dags/tutorial-taskflow-api.py for tasks to queue
[2025-04-29T03:03:27.896+0000] {logging_mixin.py:190} INFO - [2025-04-29T03:03:27.896+0000] {dagbag.py:587} INFO - Filling up the DagBag from /opt/airflow/dags/tutorial-taskflow-api.py
[2025-04-29T03:03:27.901+0000] {processor.py:925} INFO - DAG(s) 'tutorial_taskflow_api' retrieved from /opt/airflow/dags/tutorial-taskflow-api.py
[2025-04-29T03:03:27.919+0000] {logging_mixin.py:190} INFO - [2025-04-29T03:03:27.919+0000] {dag.py:3211} INFO - Sync 1 DAGs
[2025-04-29T03:03:27.929+0000] {logging_mixin.py:190} INFO - [2025-04-29T03:03:27.928+0000] {dag.py:4138} INFO - Setting next_dagrun for tutorial_taskflow_api to None, run_after=None
[2025-04-29T03:03:27.941+0000] {processor.py:208} INFO - Processing /opt/airflow/dags/tutorial-taskflow-api.py took 0.051 seconds
[2025-04-29T03:03:57.988+0000] {processor.py:186} INFO - Started process (PID=2567) to work on /opt/airflow/dags/tutorial-taskflow-api.py
[2025-04-29T03:03:57.988+0000] {processor.py:914} INFO - Processing file /opt/airflow/dags/tutorial-taskflow-api.py for tasks to queue
[2025-04-29T03:03:57.990+0000] {logging_mixin.py:190} INFO - [2025-04-29T03:03:57.990+0000] {dagbag.py:587} INFO - Filling up the DagBag from /opt/airflow/dags/tutorial-taskflow-api.py
[2025-04-29T03:03:57.995+0000] {processor.py:925} INFO - DAG(s) 'tutorial_taskflow_api' retrieved from /opt/airflow/dags/tutorial-taskflow-api.py
[2025-04-29T03:03:58.012+0000] {logging_mixin.py:190} INFO - [2025-04-29T03:03:58.012+0000] {dag.py:3211} INFO - Sync 1 DAGs
[2025-04-29T03:03:58.022+0000] {logging_mixin.py:190} INFO - [2025-04-29T03:03:58.022+0000] {dag.py:4138} INFO - Setting next_dagrun for tutorial_taskflow_api to None, run_after=None
[2025-04-29T03:03:58.036+0000] {processor.py:208} INFO - Processing /opt/airflow/dags/tutorial-taskflow-api.py took 0.053 seconds
[2025-04-29T03:04:28.091+0000] {processor.py:186} INFO - Started process (PID=2577) to work on /opt/airflow/dags/tutorial-taskflow-api.py
[2025-04-29T03:04:28.092+0000] {processor.py:914} INFO - Processing file /opt/airflow/dags/tutorial-taskflow-api.py for tasks to queue
[2025-04-29T03:04:28.094+0000] {logging_mixin.py:190} INFO - [2025-04-29T03:04:28.094+0000] {dagbag.py:587} INFO - Filling up the DagBag from /opt/airflow/dags/tutorial-taskflow-api.py
[2025-04-29T03:04:28.102+0000] {processor.py:925} INFO - DAG(s) 'tutorial_taskflow_api' retrieved from /opt/airflow/dags/tutorial-taskflow-api.py
[2025-04-29T03:04:28.123+0000] {logging_mixin.py:190} INFO - [2025-04-29T03:04:28.123+0000] {dag.py:3211} INFO - Sync 1 DAGs
[2025-04-29T03:04:28.134+0000] {logging_mixin.py:190} INFO - [2025-04-29T03:04:28.134+0000] {dag.py:4138} INFO - Setting next_dagrun for tutorial_taskflow_api to None, run_after=None
[2025-04-29T03:04:28.147+0000] {processor.py:208} INFO - Processing /opt/airflow/dags/tutorial-taskflow-api.py took 0.060 seconds
[2025-04-29T03:04:58.485+0000] {processor.py:186} INFO - Started process (PID=2587) to work on /opt/airflow/dags/tutorial-taskflow-api.py
[2025-04-29T03:04:58.485+0000] {processor.py:914} INFO - Processing file /opt/airflow/dags/tutorial-taskflow-api.py for tasks to queue
[2025-04-29T03:04:58.487+0000] {logging_mixin.py:190} INFO - [2025-04-29T03:04:58.487+0000] {dagbag.py:587} INFO - Filling up the DagBag from /opt/airflow/dags/tutorial-taskflow-api.py
[2025-04-29T03:04:58.495+0000] {processor.py:925} INFO - DAG(s) 'tutorial_taskflow_api' retrieved from /opt/airflow/dags/tutorial-taskflow-api.py
[2025-04-29T03:04:58.513+0000] {logging_mixin.py:190} INFO - [2025-04-29T03:04:58.513+0000] {dag.py:3211} INFO - Sync 1 DAGs
[2025-04-29T03:04:58.524+0000] {logging_mixin.py:190} INFO - [2025-04-29T03:04:58.524+0000] {dag.py:4138} INFO - Setting next_dagrun for tutorial_taskflow_api to None, run_after=None
[2025-04-29T03:04:58.537+0000] {processor.py:208} INFO - Processing /opt/airflow/dags/tutorial-taskflow-api.py took 0.056 seconds
[2025-04-29T03:05:29.503+0000] {processor.py:186} INFO - Started process (PID=2597) to work on /opt/airflow/dags/tutorial-taskflow-api.py
[2025-04-29T03:05:29.504+0000] {processor.py:914} INFO - Processing file /opt/airflow/dags/tutorial-taskflow-api.py for tasks to queue
[2025-04-29T03:05:29.506+0000] {logging_mixin.py:190} INFO - [2025-04-29T03:05:29.506+0000] {dagbag.py:587} INFO - Filling up the DagBag from /opt/airflow/dags/tutorial-taskflow-api.py
[2025-04-29T03:05:29.512+0000] {processor.py:925} INFO - DAG(s) 'tutorial_taskflow_api' retrieved from /opt/airflow/dags/tutorial-taskflow-api.py
[2025-04-29T03:05:29.532+0000] {logging_mixin.py:190} INFO - [2025-04-29T03:05:29.532+0000] {dag.py:3211} INFO - Sync 1 DAGs
[2025-04-29T03:05:29.540+0000] {logging_mixin.py:190} INFO - [2025-04-29T03:05:29.540+0000] {dag.py:4138} INFO - Setting next_dagrun for tutorial_taskflow_api to None, run_after=None
[2025-04-29T03:05:29.552+0000] {processor.py:208} INFO - Processing /opt/airflow/dags/tutorial-taskflow-api.py took 0.053 seconds
[2025-04-29T03:05:59.694+0000] {processor.py:186} INFO - Started process (PID=2608) to work on /opt/airflow/dags/tutorial-taskflow-api.py
[2025-04-29T03:05:59.695+0000] {processor.py:914} INFO - Processing file /opt/airflow/dags/tutorial-taskflow-api.py for tasks to queue
[2025-04-29T03:05:59.696+0000] {logging_mixin.py:190} INFO - [2025-04-29T03:05:59.696+0000] {dagbag.py:587} INFO - Filling up the DagBag from /opt/airflow/dags/tutorial-taskflow-api.py
[2025-04-29T03:05:59.702+0000] {processor.py:925} INFO - DAG(s) 'tutorial_taskflow_api' retrieved from /opt/airflow/dags/tutorial-taskflow-api.py
[2025-04-29T03:05:59.719+0000] {logging_mixin.py:190} INFO - [2025-04-29T03:05:59.718+0000] {dag.py:3211} INFO - Sync 1 DAGs
[2025-04-29T03:05:59.727+0000] {logging_mixin.py:190} INFO - [2025-04-29T03:05:59.727+0000] {dag.py:4138} INFO - Setting next_dagrun for tutorial_taskflow_api to None, run_after=None
[2025-04-29T03:05:59.739+0000] {processor.py:208} INFO - Processing /opt/airflow/dags/tutorial-taskflow-api.py took 0.048 seconds
[2025-04-29T03:06:29.797+0000] {processor.py:186} INFO - Started process (PID=2618) to work on /opt/airflow/dags/tutorial-taskflow-api.py
[2025-04-29T03:06:29.798+0000] {processor.py:914} INFO - Processing file /opt/airflow/dags/tutorial-taskflow-api.py for tasks to queue
[2025-04-29T03:06:29.800+0000] {logging_mixin.py:190} INFO - [2025-04-29T03:06:29.799+0000] {dagbag.py:587} INFO - Filling up the DagBag from /opt/airflow/dags/tutorial-taskflow-api.py
[2025-04-29T03:06:29.806+0000] {processor.py:925} INFO - DAG(s) 'tutorial_taskflow_api' retrieved from /opt/airflow/dags/tutorial-taskflow-api.py
[2025-04-29T03:06:29.823+0000] {logging_mixin.py:190} INFO - [2025-04-29T03:06:29.823+0000] {dag.py:3211} INFO - Sync 1 DAGs
[2025-04-29T03:06:29.831+0000] {logging_mixin.py:190} INFO - [2025-04-29T03:06:29.831+0000] {dag.py:4138} INFO - Setting next_dagrun for tutorial_taskflow_api to None, run_after=None
[2025-04-29T03:06:29.843+0000] {processor.py:208} INFO - Processing /opt/airflow/dags/tutorial-taskflow-api.py took 0.051 seconds
[2025-04-29T03:07:00.315+0000] {processor.py:186} INFO - Started process (PID=2634) to work on /opt/airflow/dags/tutorial-taskflow-api.py
[2025-04-29T03:07:00.316+0000] {processor.py:914} INFO - Processing file /opt/airflow/dags/tutorial-taskflow-api.py for tasks to queue
[2025-04-29T03:07:00.317+0000] {logging_mixin.py:190} INFO - [2025-04-29T03:07:00.317+0000] {dagbag.py:587} INFO - Filling up the DagBag from /opt/airflow/dags/tutorial-taskflow-api.py
[2025-04-29T03:07:00.323+0000] {processor.py:925} INFO - DAG(s) 'tutorial_taskflow_api' retrieved from /opt/airflow/dags/tutorial-taskflow-api.py
[2025-04-29T03:07:00.340+0000] {logging_mixin.py:190} INFO - [2025-04-29T03:07:00.340+0000] {dag.py:3211} INFO - Sync 1 DAGs
[2025-04-29T03:07:00.349+0000] {logging_mixin.py:190} INFO - [2025-04-29T03:07:00.349+0000] {dag.py:4138} INFO - Setting next_dagrun for tutorial_taskflow_api to None, run_after=None
[2025-04-29T03:07:00.366+0000] {processor.py:208} INFO - Processing /opt/airflow/dags/tutorial-taskflow-api.py took 0.056 seconds
[2025-04-29T03:07:30.489+0000] {processor.py:186} INFO - Started process (PID=2644) to work on /opt/airflow/dags/tutorial-taskflow-api.py
[2025-04-29T03:07:30.489+0000] {processor.py:914} INFO - Processing file /opt/airflow/dags/tutorial-taskflow-api.py for tasks to queue
[2025-04-29T03:07:30.491+0000] {logging_mixin.py:190} INFO - [2025-04-29T03:07:30.491+0000] {dagbag.py:587} INFO - Filling up the DagBag from /opt/airflow/dags/tutorial-taskflow-api.py
[2025-04-29T03:07:30.496+0000] {processor.py:925} INFO - DAG(s) 'tutorial_taskflow_api' retrieved from /opt/airflow/dags/tutorial-taskflow-api.py
[2025-04-29T03:07:30.514+0000] {logging_mixin.py:190} INFO - [2025-04-29T03:07:30.514+0000] {dag.py:3211} INFO - Sync 1 DAGs
[2025-04-29T03:07:30.526+0000] {logging_mixin.py:190} INFO - [2025-04-29T03:07:30.526+0000] {dag.py:4138} INFO - Setting next_dagrun for tutorial_taskflow_api to None, run_after=None
[2025-04-29T03:07:30.538+0000] {processor.py:208} INFO - Processing /opt/airflow/dags/tutorial-taskflow-api.py took 0.054 seconds
[2025-04-29T03:08:00.930+0000] {processor.py:186} INFO - Started process (PID=2654) to work on /opt/airflow/dags/tutorial-taskflow-api.py
[2025-04-29T03:08:00.931+0000] {processor.py:914} INFO - Processing file /opt/airflow/dags/tutorial-taskflow-api.py for tasks to queue
[2025-04-29T03:08:00.933+0000] {logging_mixin.py:190} INFO - [2025-04-29T03:08:00.933+0000] {dagbag.py:587} INFO - Filling up the DagBag from /opt/airflow/dags/tutorial-taskflow-api.py
[2025-04-29T03:08:00.939+0000] {processor.py:925} INFO - DAG(s) 'tutorial_taskflow_api' retrieved from /opt/airflow/dags/tutorial-taskflow-api.py
[2025-04-29T03:08:00.961+0000] {logging_mixin.py:190} INFO - [2025-04-29T03:08:00.960+0000] {dag.py:3211} INFO - Sync 1 DAGs
[2025-04-29T03:08:00.971+0000] {logging_mixin.py:190} INFO - [2025-04-29T03:08:00.970+0000] {dag.py:4138} INFO - Setting next_dagrun for tutorial_taskflow_api to None, run_after=None
[2025-04-29T03:08:00.983+0000] {processor.py:208} INFO - Processing /opt/airflow/dags/tutorial-taskflow-api.py took 0.058 seconds
[2025-04-29T03:08:31.037+0000] {processor.py:186} INFO - Started process (PID=2664) to work on /opt/airflow/dags/tutorial-taskflow-api.py
[2025-04-29T03:08:31.037+0000] {processor.py:914} INFO - Processing file /opt/airflow/dags/tutorial-taskflow-api.py for tasks to queue
[2025-04-29T03:08:31.039+0000] {logging_mixin.py:190} INFO - [2025-04-29T03:08:31.039+0000] {dagbag.py:587} INFO - Filling up the DagBag from /opt/airflow/dags/tutorial-taskflow-api.py
[2025-04-29T03:08:31.045+0000] {processor.py:925} INFO - DAG(s) 'tutorial_taskflow_api' retrieved from /opt/airflow/dags/tutorial-taskflow-api.py
[2025-04-29T03:08:31.063+0000] {logging_mixin.py:190} INFO - [2025-04-29T03:08:31.062+0000] {dag.py:3211} INFO - Sync 1 DAGs
[2025-04-29T03:08:31.073+0000] {logging_mixin.py:190} INFO - [2025-04-29T03:08:31.073+0000] {dag.py:4138} INFO - Setting next_dagrun for tutorial_taskflow_api to None, run_after=None
[2025-04-29T03:08:31.087+0000] {processor.py:208} INFO - Processing /opt/airflow/dags/tutorial-taskflow-api.py took 0.054 seconds
[2025-04-29T03:09:01.318+0000] {processor.py:186} INFO - Started process (PID=2674) to work on /opt/airflow/dags/tutorial-taskflow-api.py
[2025-04-29T03:09:01.319+0000] {processor.py:914} INFO - Processing file /opt/airflow/dags/tutorial-taskflow-api.py for tasks to queue
[2025-04-29T03:09:01.321+0000] {logging_mixin.py:190} INFO - [2025-04-29T03:09:01.321+0000] {dagbag.py:587} INFO - Filling up the DagBag from /opt/airflow/dags/tutorial-taskflow-api.py
[2025-04-29T03:09:01.327+0000] {processor.py:925} INFO - DAG(s) 'tutorial_taskflow_api' retrieved from /opt/airflow/dags/tutorial-taskflow-api.py
[2025-04-29T03:09:01.347+0000] {logging_mixin.py:190} INFO - [2025-04-29T03:09:01.347+0000] {dag.py:3211} INFO - Sync 1 DAGs
[2025-04-29T03:09:01.358+0000] {logging_mixin.py:190} INFO - [2025-04-29T03:09:01.358+0000] {dag.py:4138} INFO - Setting next_dagrun for tutorial_taskflow_api to None, run_after=None
[2025-04-29T03:09:01.372+0000] {processor.py:208} INFO - Processing /opt/airflow/dags/tutorial-taskflow-api.py took 0.059 seconds
[2025-04-29T03:09:31.719+0000] {processor.py:186} INFO - Started process (PID=2684) to work on /opt/airflow/dags/tutorial-taskflow-api.py
[2025-04-29T03:09:31.719+0000] {processor.py:914} INFO - Processing file /opt/airflow/dags/tutorial-taskflow-api.py for tasks to queue
[2025-04-29T03:09:31.721+0000] {logging_mixin.py:190} INFO - [2025-04-29T03:09:31.721+0000] {dagbag.py:587} INFO - Filling up the DagBag from /opt/airflow/dags/tutorial-taskflow-api.py
[2025-04-29T03:09:31.727+0000] {processor.py:925} INFO - DAG(s) 'tutorial_taskflow_api' retrieved from /opt/airflow/dags/tutorial-taskflow-api.py
[2025-04-29T03:09:31.747+0000] {logging_mixin.py:190} INFO - [2025-04-29T03:09:31.747+0000] {dag.py:3211} INFO - Sync 1 DAGs
[2025-04-29T03:09:31.757+0000] {logging_mixin.py:190} INFO - [2025-04-29T03:09:31.757+0000] {dag.py:4138} INFO - Setting next_dagrun for tutorial_taskflow_api to None, run_after=None
[2025-04-29T03:09:31.770+0000] {processor.py:208} INFO - Processing /opt/airflow/dags/tutorial-taskflow-api.py took 0.055 seconds
[2025-04-29T03:10:01.921+0000] {processor.py:186} INFO - Started process (PID=2693) to work on /opt/airflow/dags/tutorial-taskflow-api.py
[2025-04-29T03:10:01.922+0000] {processor.py:914} INFO - Processing file /opt/airflow/dags/tutorial-taskflow-api.py for tasks to queue
[2025-04-29T03:10:01.923+0000] {logging_mixin.py:190} INFO - [2025-04-29T03:10:01.923+0000] {dagbag.py:587} INFO - Filling up the DagBag from /opt/airflow/dags/tutorial-taskflow-api.py
[2025-04-29T03:10:01.929+0000] {processor.py:925} INFO - DAG(s) 'tutorial_taskflow_api' retrieved from /opt/airflow/dags/tutorial-taskflow-api.py
[2025-04-29T03:10:01.947+0000] {logging_mixin.py:190} INFO - [2025-04-29T03:10:01.946+0000] {dag.py:3211} INFO - Sync 1 DAGs
[2025-04-29T03:10:01.957+0000] {logging_mixin.py:190} INFO - [2025-04-29T03:10:01.957+0000] {dag.py:4138} INFO - Setting next_dagrun for tutorial_taskflow_api to None, run_after=None
[2025-04-29T03:10:01.971+0000] {processor.py:208} INFO - Processing /opt/airflow/dags/tutorial-taskflow-api.py took 0.055 seconds
