[2025-05-05T10:32:57.912+0000] {local_task_job_runner.py:123} INFO - ::group::Pre task execution logs
[2025-05-05T10:32:57.925+0000] {taskinstance.py:2603} INFO - Dependencies all met for dep_context=non-requeueable deps ti=<TaskInstance: dag1.group1.task2 scheduled__2019-11-24T00:00:00+00:00 [queued]>
[2025-05-05T10:32:57.931+0000] {taskinstance.py:2603} INFO - Dependencies all met for dep_context=requeueable deps ti=<TaskInstance: dag1.group1.task2 scheduled__2019-11-24T00:00:00+00:00 [queued]>
[2025-05-05T10:32:57.931+0000] {taskinstance.py:2856} INFO - Starting attempt 1 of 3
[2025-05-05T10:32:57.941+0000] {taskinstance.py:2879} INFO - Executing <Task(BashOperator): group1.task2> on 2019-11-24 00:00:00+00:00
[2025-05-05T10:32:57.943+0000] {standard_task_runner.py:72} INFO - Started process 10447 to run task
[2025-05-05T10:32:57.946+0000] {standard_task_runner.py:104} INFO - Running: ['airflow', 'tasks', 'run', 'dag1', 'group1.task2', 'scheduled__2019-11-24T00:00:00+00:00', '--job-id', '3625', '--raw', '--subdir', 'DAGS_FOLDER/tuts/taskgroup_basic.py', '--cfg-path', '/tmp/tmpy6iaq9eh']
[2025-05-05T10:32:57.947+0000] {standard_task_runner.py:105} INFO - Job 3625: Subtask group1.task2
[2025-05-05T10:32:57.987+0000] {task_command.py:467} INFO - Running <TaskInstance: dag1.group1.task2 scheduled__2019-11-24T00:00:00+00:00 [running]> on host 2c7afa36055b
[2025-05-05T10:32:58.043+0000] {taskinstance.py:3122} INFO - Exporting env vars: AIRFLOW_CTX_DAG_OWNER='airflow' AIRFLOW_CTX_DAG_ID='dag1' AIRFLOW_CTX_TASK_ID='group1.task2' AIRFLOW_CTX_EXECUTION_DATE='2019-11-24T00:00:00+00:00' AIRFLOW_CTX_TRY_NUMBER='1' AIRFLOW_CTX_DAG_RUN_ID='scheduled__2019-11-24T00:00:00+00:00'
[2025-05-05T10:32:58.044+0000] {taskinstance.py:731} INFO - ::endgroup::
[2025-05-05T10:32:58.045+0000] {subprocess.py:63} INFO - Tmp dir root location: /tmp
[2025-05-05T10:32:58.046+0000] {subprocess.py:75} INFO - Running command: ['/usr/bin/bash', '-c', 'echo Hello World!']
[2025-05-05T10:32:58.052+0000] {subprocess.py:86} INFO - Output:
[2025-05-05T10:32:58.052+0000] {subprocess.py:93} INFO - Hello World!
[2025-05-05T10:32:58.053+0000] {subprocess.py:97} INFO - Command exited with return code 0
[2025-05-05T10:32:58.069+0000] {taskinstance.py:340} INFO - ::group::Post task execution logs
[2025-05-05T10:32:58.070+0000] {taskinstance.py:352} INFO - Marking task as SUCCESS. dag_id=dag1, task_id=group1.task2, run_id=scheduled__2019-11-24T00:00:00+00:00, execution_date=20191124T000000, start_date=20250505T103257, end_date=20250505T103258
[2025-05-05T10:32:58.119+0000] {local_task_job_runner.py:261} INFO - Task exited with return code 0
[2025-05-05T10:32:58.130+0000] {taskinstance.py:3891} INFO - 0 downstream tasks scheduled from follow-on schedule check
[2025-05-05T10:32:58.131+0000] {local_task_job_runner.py:240} INFO - ::endgroup::
