[2025-05-14T06:52:14.193+0000] {local_task_job_runner.py:123} INFO - ::group::Pre task execution logs
[2025-05-14T06:52:14.207+0000] {taskinstance.py:2603} INFO - Dependencies all met for dep_context=non-requeueable deps ti=<TaskInstance: tiktok_videos_scraper_dag.tiktok_videos_scraper manual__2025-05-14T06:52:12.408990+00:00 [queued]>
[2025-05-14T06:52:14.212+0000] {taskinstance.py:2603} INFO - Dependencies all met for dep_context=requeueable deps ti=<TaskInstance: tiktok_videos_scraper_dag.tiktok_videos_scraper manual__2025-05-14T06:52:12.408990+00:00 [queued]>
[2025-05-14T06:52:14.212+0000] {taskinstance.py:2856} INFO - Starting attempt 1 of 1
[2025-05-14T06:52:14.222+0000] {taskinstance.py:2879} INFO - Executing <Task(_PythonDecoratedOperator): tiktok_videos_scraper> on 2025-05-14 06:52:12.408990+00:00
[2025-05-14T06:52:14.225+0000] {standard_task_runner.py:72} INFO - Started process 7032 to run task
[2025-05-14T06:52:14.228+0000] {standard_task_runner.py:104} INFO - Running: ['airflow', 'tasks', 'run', 'tiktok_videos_scraper_dag', 'tiktok_videos_scraper', 'manual__2025-05-14T06:52:12.408990+00:00', '--job-id', '5411', '--raw', '--subdir', 'DAGS_FOLDER/pipeline_tiktok.py', '--cfg-path', '/tmp/tmpvbkqscr1']
[2025-05-14T06:52:14.230+0000] {standard_task_runner.py:105} INFO - Job 5411: Subtask tiktok_videos_scraper
[2025-05-14T06:52:14.264+0000] {task_command.py:467} INFO - Running <TaskInstance: tiktok_videos_scraper_dag.tiktok_videos_scraper manual__2025-05-14T06:52:12.408990+00:00 [running]> on host 79b7354865cb
[2025-05-14T06:52:14.321+0000] {taskinstance.py:3122} INFO - Exporting env vars: AIRFLOW_CTX_DAG_OWNER='airflow' AIRFLOW_CTX_DAG_ID='tiktok_videos_scraper_dag' AIRFLOW_CTX_TASK_ID='tiktok_videos_scraper' AIRFLOW_CTX_EXECUTION_DATE='2025-05-14T06:52:12.408990+00:00' AIRFLOW_CTX_TRY_NUMBER='1' AIRFLOW_CTX_DAG_RUN_ID='manual__2025-05-14T06:52:12.408990+00:00'
[2025-05-14T06:52:14.322+0000] {taskinstance.py:731} INFO - ::endgroup::
[2025-05-14T06:52:25.704+0000] {logging_mixin.py:190} INFO - https://www.tiktok.com/@hoaminzy_hoadambut/video/7476458995692178696
[2025-05-14T06:52:25.704+0000] {logging_mixin.py:190} INFO - https://www.tiktok.com/@hoaminzy_hoadambut/video/7207404062344482075
[2025-05-14T06:52:25.704+0000] {logging_mixin.py:190} INFO - https://www.tiktok.com/@hoaminzy_hoadambut/video/7201501377284033818
[2025-05-14T06:52:25.704+0000] {logging_mixin.py:190} INFO - https://www.tiktok.com/@hoaminzy_hoadambut/video/7503443446078786824
[2025-05-14T06:52:25.704+0000] {logging_mixin.py:190} INFO - https://www.tiktok.com/@hoaminzy_hoadambut/video/7503424669492530439
[2025-05-14T06:52:25.704+0000] {logging_mixin.py:190} INFO - https://www.tiktok.com/@hoaminzy_hoadambut/video/7502354085140581650
[2025-05-14T06:52:25.704+0000] {logging_mixin.py:190} INFO - https://www.tiktok.com/@hoaminzy_hoadambut/video/7500593263758413064
[2025-05-14T06:52:25.705+0000] {logging_mixin.py:190} INFO - https://www.tiktok.com/@hoaminzy_hoadambut/video/7500122651810188562
[2025-05-14T06:52:25.705+0000] {logging_mixin.py:190} INFO - https://www.tiktok.com/@hoaminzy_hoadambut/video/7499066838945369362
[2025-05-14T06:52:25.705+0000] {logging_mixin.py:190} INFO - https://www.tiktok.com/@hoaminzy_hoadambut/video/7496423563117776136
[2025-05-14T06:52:25.705+0000] {logging_mixin.py:190} INFO - https://www.tiktok.com/@hoaminzy_hoadambut/video/7493974332792737042
[2025-05-14T06:52:25.705+0000] {logging_mixin.py:190} INFO - https://www.tiktok.com/@hoaminzy_hoadambut/video/7493015381292911890
[2025-05-14T06:52:25.705+0000] {logging_mixin.py:190} INFO - https://www.tiktok.com/@hoaminzy_hoadambut/video/7491178093588090119
[2025-05-14T06:52:25.705+0000] {logging_mixin.py:190} INFO - https://www.tiktok.com/@hoaminzy_hoadambut/video/7488702196213632262
[2025-05-14T06:52:25.705+0000] {logging_mixin.py:190} INFO - https://www.tiktok.com/@hoaminzy_hoadambut/video/7487144559412022534
[2025-05-14T06:52:25.705+0000] {logging_mixin.py:190} INFO - https://www.tiktok.com/@hoaminzy_hoadambut/video/7485747662218693896
[2025-05-14T06:52:25.705+0000] {logging_mixin.py:190} INFO - https://www.tiktok.com/@hoaminzy_hoadambut/video/7485362731500047634
[2025-05-14T06:52:25.705+0000] {logging_mixin.py:190} INFO - https://www.tiktok.com/@hoaminzy_hoadambut/video/7482423020078861575
[2025-05-14T06:52:25.705+0000] {logging_mixin.py:190} INFO - https://www.tiktok.com/@hoaminzy_hoadambut/video/7481299039611407623
[2025-05-14T06:52:25.705+0000] {logging_mixin.py:190} INFO - https://www.tiktok.com/@hoaminzy_hoadambut/video/7480168247904570632
[2025-05-14T06:52:25.705+0000] {logging_mixin.py:190} INFO - https://www.tiktok.com/@hoaminzy_hoadambut/video/7479281687831022866
[2025-05-14T06:52:25.706+0000] {logging_mixin.py:190} INFO - https://www.tiktok.com/@hoaminzy_hoadambut/video/7478731702903393543
[2025-05-14T06:52:25.706+0000] {logging_mixin.py:190} INFO - https://www.tiktok.com/@hoaminzy_hoadambut/video/7477993675306355976
[2025-05-14T06:52:25.706+0000] {logging_mixin.py:190} INFO - https://www.tiktok.com/@hoaminzy_hoadambut/video/7477823132770897159
[2025-05-14T06:52:25.706+0000] {logging_mixin.py:190} INFO - https://www.tiktok.com/@hoaminzy_hoadambut/video/7477145543064521992
[2025-05-14T06:52:25.706+0000] {logging_mixin.py:190} INFO - https://www.tiktok.com/@hoaminzy_hoadambut/video/7477130668615437586
[2025-05-14T06:52:25.706+0000] {logging_mixin.py:190} INFO - https://www.tiktok.com/@hoaminzy_hoadambut/video/7476821366457568520
[2025-05-14T06:52:25.706+0000] {logging_mixin.py:190} INFO - https://www.tiktok.com/@hoaminzy_hoadambut/video/7476806809555045640
[2025-05-14T06:52:25.706+0000] {logging_mixin.py:190} INFO - https://www.tiktok.com/@hoaminzy_hoadambut/video/7476792217672224008
[2025-05-14T06:52:25.706+0000] {logging_mixin.py:190} INFO - https://www.tiktok.com/@hoaminzy_hoadambut/video/7476773956255632647
[2025-05-14T06:52:25.706+0000] {logging_mixin.py:190} INFO - https://www.tiktok.com/@hoaminzy_hoadambut/video/7476064550148934930
[2025-05-14T06:52:25.706+0000] {logging_mixin.py:190} INFO - https://www.tiktok.com/@hoaminzy_hoadambut/video/7476035118407093522
[2025-05-14T06:52:25.706+0000] {logging_mixin.py:190} INFO - https://www.tiktok.com/@hoaminzy_hoadambut/video/7472395151692893458
[2025-05-14T06:52:25.706+0000] {logging_mixin.py:190} INFO - https://www.tiktok.com/@hoaminzy_hoadambut/video/7471257605847993618
[2025-05-14T06:52:25.706+0000] {logging_mixin.py:190} INFO - https://www.tiktok.com/@hoaminzy_hoadambut/video/7470532163381857554
[2025-05-14T06:52:25.706+0000] {logging_mixin.py:190} INFO - https://www.tiktok.com/@hoaminzy_hoadambut/video/7470452040808942866
[2025-05-14T06:52:25.707+0000] {logging_mixin.py:190} INFO - https://www.tiktok.com/@hoaminzy_hoadambut/video/7470141470943563026
[2025-05-14T06:52:26.429+0000] {logging_mixin.py:190} INFO - https://www.tiktok.com/@hoaminzy_hoadambut/video/7468218353681698056
[2025-05-14T06:52:26.429+0000] {logging_mixin.py:190} INFO - https://www.tiktok.com/@hoaminzy_hoadambut/video/7466795079034785042
[2025-05-14T06:52:26.429+0000] {logging_mixin.py:190} INFO - https://www.tiktok.com/@hoaminzy_hoadambut/video/7466461706999418130
[2025-05-14T06:52:26.429+0000] {logging_mixin.py:190} INFO - https://www.tiktok.com/@hoaminzy_hoadambut/video/7466456064993627410
[2025-05-14T06:52:26.429+0000] {logging_mixin.py:190} INFO - https://www.tiktok.com/@hoaminzy_hoadambut/video/7465698139597589768
[2025-05-14T06:52:26.429+0000] {logging_mixin.py:190} INFO - https://www.tiktok.com/@hoaminzy_hoadambut/video/7465554238215703826
[2025-05-14T06:52:26.429+0000] {logging_mixin.py:190} INFO - https://www.tiktok.com/@hoaminzy_hoadambut/video/7465323770719243538
[2025-05-14T06:52:26.429+0000] {logging_mixin.py:190} INFO - https://www.tiktok.com/@hoaminzy_hoadambut/video/7457153698225982727
[2025-05-14T06:52:26.429+0000] {logging_mixin.py:190} INFO - https://www.tiktok.com/@hoaminzy_hoadambut/video/7455673651925421330
[2025-05-14T06:52:26.430+0000] {logging_mixin.py:190} INFO - https://www.tiktok.com/@hoaminzy_hoadambut/video/7454522286293421320
[2025-05-14T06:52:26.430+0000] {logging_mixin.py:190} INFO - https://www.tiktok.com/@hoaminzy_hoadambut/video/7454193652458425608
[2025-05-14T06:52:26.430+0000] {logging_mixin.py:190} INFO - https://www.tiktok.com/@hoaminzy_hoadambut/video/7454042656142920968
[2025-05-14T06:52:26.430+0000] {logging_mixin.py:190} INFO - https://www.tiktok.com/@hoaminzy_hoadambut/video/7452691717175741704
[2025-05-14T06:52:26.430+0000] {logging_mixin.py:190} INFO - https://www.tiktok.com/@hoaminzy_hoadambut/video/7452569215648795922
[2025-05-14T06:52:26.430+0000] {logging_mixin.py:190} INFO - https://www.tiktok.com/@hoaminzy_hoadambut/video/7452385446581046535
[2025-05-14T06:52:26.430+0000] {logging_mixin.py:190} INFO - https://www.tiktok.com/@hoaminzy_hoadambut/video/7452334283357719815
[2025-05-14T06:52:26.430+0000] {logging_mixin.py:190} INFO - https://www.tiktok.com/@hoaminzy_hoadambut/video/7451386098875518215
[2025-05-14T06:52:26.430+0000] {logging_mixin.py:190} INFO - https://www.tiktok.com/@hoaminzy_hoadambut/video/7451378763993992456
[2025-05-14T06:52:26.430+0000] {logging_mixin.py:190} INFO - https://www.tiktok.com/@hoaminzy_hoadambut/video/7451374739890720008
[2025-05-14T06:52:26.430+0000] {logging_mixin.py:190} INFO - https://www.tiktok.com/@hoaminzy_hoadambut/video/7451143872953978130
[2025-05-14T06:52:26.430+0000] {logging_mixin.py:190} INFO - https://www.tiktok.com/@hoaminzy_hoadambut/video/7448994195089493266
[2025-05-14T06:52:26.430+0000] {logging_mixin.py:190} INFO - https://www.tiktok.com/@hoaminzy_hoadambut/video/7447347701731036424
[2025-05-14T06:52:26.430+0000] {logging_mixin.py:190} INFO - https://www.tiktok.com/@hoaminzy_hoadambut/video/7446787050801532167
[2025-05-14T06:52:26.430+0000] {logging_mixin.py:190} INFO - https://www.tiktok.com/@hoaminzy_hoadambut/video/7445947525749558536
[2025-05-14T06:52:26.431+0000] {logging_mixin.py:190} INFO - https://www.tiktok.com/@hoaminzy_hoadambut/video/7445284290176339218
[2025-05-14T06:52:26.431+0000] {logging_mixin.py:190} INFO - https://www.tiktok.com/@hoaminzy_hoadambut/video/7444918111012179218
[2025-05-14T06:52:26.431+0000] {logging_mixin.py:190} INFO - https://www.tiktok.com/@hoaminzy_hoadambut/video/7444538584016751880
[2025-05-14T06:52:26.431+0000] {logging_mixin.py:190} INFO - https://www.tiktok.com/@hoaminzy_hoadambut/video/7441232482713767186
[2025-05-14T06:52:26.431+0000] {logging_mixin.py:190} INFO - https://www.tiktok.com/@hoaminzy_hoadambut/video/7441075883340746002
[2025-05-14T06:52:26.431+0000] {logging_mixin.py:190} INFO - https://www.tiktok.com/@hoaminzy_hoadambut/video/7441062886274764050
[2025-05-14T06:52:26.431+0000] {logging_mixin.py:190} INFO - https://www.tiktok.com/@hoaminzy_hoadambut/video/7440877607345720583
[2025-05-14T06:52:26.431+0000] {logging_mixin.py:190} INFO - https://www.tiktok.com/@hoaminzy_hoadambut/video/7439215028269485320
[2025-05-14T06:52:26.431+0000] {logging_mixin.py:190} INFO - https://www.tiktok.com/@hoaminzy_hoadambut/video/7439166215316114696
[2025-05-14T06:52:26.431+0000] {logging_mixin.py:190} INFO - https://www.tiktok.com/@hoaminzy_hoadambut/video/7437713010346478855
[2025-05-14T06:52:26.431+0000] {logging_mixin.py:190} INFO - https://www.tiktok.com/@hoaminzy_hoadambut/video/7434917829230595335
[2025-05-14T06:52:26.444+0000] {logging_mixin.py:190} INFO - New videos: 0
[2025-05-14T06:52:26.445+0000] {logging_mixin.py:190} INFO - Downloaded 0 new videos.
[2025-05-14T06:52:26.580+0000] {python.py:240} INFO - Done. Returned value was: []
[2025-05-14T06:52:26.597+0000] {taskinstance.py:340} INFO - ::group::Post task execution logs
[2025-05-14T06:52:26.598+0000] {taskinstance.py:352} INFO - Marking task as SUCCESS. dag_id=tiktok_videos_scraper_dag, task_id=tiktok_videos_scraper, run_id=manual__2025-05-14T06:52:12.408990+00:00, execution_date=20250514T065212, start_date=20250514T065214, end_date=20250514T065226
[2025-05-14T06:52:26.638+0000] {local_task_job_runner.py:261} INFO - Task exited with return code 0
[2025-05-14T06:52:26.653+0000] {taskinstance.py:3891} INFO - 1 downstream tasks scheduled from follow-on schedule check
[2025-05-14T06:52:26.655+0000] {local_task_job_runner.py:240} INFO - ::endgroup::
