[2025-05-26T06:44:47.439+0000] {local_task_job_runner.py:123} INFO - ::group::Pre task execution logs
[2025-05-26T06:44:47.450+0000] {taskinstance.py:2603} INFO - Dependencies all met for dep_context=non-requeueable deps ti=<TaskInstance: facebook_videos_scraper_dag.get_links_task manual__2025-05-26T06:44:46.995801+00:00 [queued]>
[2025-05-26T06:44:47.456+0000] {taskinstance.py:2603} INFO - Dependencies all met for dep_context=requeueable deps ti=<TaskInstance: facebook_videos_scraper_dag.get_links_task manual__2025-05-26T06:44:46.995801+00:00 [queued]>
[2025-05-26T06:44:47.456+0000] {taskinstance.py:2856} INFO - Starting attempt 1 of 1
[2025-05-26T06:44:47.464+0000] {taskinstance.py:2879} INFO - Executing <Task(PythonOperator): get_links_task> on 2025-05-26 06:44:46.995801+00:00
[2025-05-26T06:44:47.467+0000] {standard_task_runner.py:72} INFO - Started process 35741 to run task
[2025-05-26T06:44:47.469+0000] {standard_task_runner.py:104} INFO - Running: ['airflow', 'tasks', 'run', 'facebook_videos_scraper_dag', 'get_links_task', 'manual__2025-05-26T06:44:46.995801+00:00', '--job-id', '6765', '--raw', '--subdir', 'DAGS_FOLDER/pipeline_fb.py', '--cfg-path', '/tmp/tmp2gz_66t1']
[2025-05-26T06:44:47.471+0000] {standard_task_runner.py:105} INFO - Job 6765: Subtask get_links_task
[2025-05-26T06:44:47.508+0000] {task_command.py:467} INFO - Running <TaskInstance: facebook_videos_scraper_dag.get_links_task manual__2025-05-26T06:44:46.995801+00:00 [running]> on host d8d4e65c75e2
[2025-05-26T06:44:47.560+0000] {taskinstance.py:3122} INFO - Exporting env vars: AIRFLOW_CTX_DAG_OWNER='airflow' AIRFLOW_CTX_DAG_ID='facebook_videos_scraper_dag' AIRFLOW_CTX_TASK_ID='get_links_task' AIRFLOW_CTX_EXECUTION_DATE='2025-05-26T06:44:46.995801+00:00' AIRFLOW_CTX_TRY_NUMBER='1' AIRFLOW_CTX_DAG_RUN_ID='manual__2025-05-26T06:44:46.995801+00:00'
[2025-05-26T06:44:47.561+0000] {taskinstance.py:731} INFO - ::endgroup::
[2025-05-26T06:44:47.577+0000] {selenium_manager.py:133} WARNING - The chromedriver version (136.0.7103.59) detected in PATH at /usr/bin/chromedriver might not be compatible with the detected chrome version (136.0.7103.113); currently, chromedriver 136.0.7103.113 is recommended for chrome 136.*, so it is advised to delete the driver in PATH and retry
[2025-05-26T06:44:52.495+0000] {logging_mixin.py:190} INFO - Step 1 of 3 - Load cookies
[2025-05-26T06:44:58.495+0000] {logging_mixin.py:190} INFO - Step 2 of 3 - Scrolling page
[2025-05-26T06:44:58.495+0000] {logging_mixin.py:190} INFO - Scrolling 1 iterations...
[2025-05-26T06:45:02.996+0000] {logging_mixin.py:190} INFO - Scrolling stopped after 2 iterations
[2025-05-26T06:45:02.997+0000] {logging_mixin.py:190} INFO - Scrolled 2 iterations
[2025-05-26T06:45:02.997+0000] {logging_mixin.py:190} INFO - Step 3 of 3 - Extract videos urls
[2025-05-26T06:45:03.017+0000] {logging_mixin.py:190} INFO - Found 165 a tags
[2025-05-26T06:45:03.197+0000] {logging_mixin.py:190} INFO - Found href: https://www.facebook.com/100044395330646/videos/1036408544741830
[2025-05-26T06:45:03.216+0000] {logging_mixin.py:190} INFO - Found href: https://www.facebook.com/mancity/videos/1036408544741830/?comment_id=1040192994884098&__tn__=R]
[2025-05-26T06:45:03.221+0000] {logging_mixin.py:190} INFO - Found href: https://www.facebook.com/mancity/videos/10062134173850670/
[2025-05-26T06:45:03.232+0000] {logging_mixin.py:190} INFO - Found href: https://www.facebook.com/mancity/videos/1399466454719929/
[2025-05-26T06:45:03.244+0000] {logging_mixin.py:190} INFO - Found href: https://www.facebook.com/mancity/videos/683736207909384/
[2025-05-26T06:45:03.254+0000] {logging_mixin.py:190} INFO - Found href: https://www.facebook.com/mancity/videos/2195626774209817/
[2025-05-26T06:45:03.267+0000] {logging_mixin.py:190} INFO - Found href: https://www.facebook.com/mancity/videos/1655863035089913/
[2025-05-26T06:45:03.277+0000] {logging_mixin.py:190} INFO - Found href: https://www.facebook.com/mancity/videos/1199624244953543/
[2025-05-26T06:45:03.334+0000] {logging_mixin.py:190} INFO - Found href: https://www.facebook.com/mancity/videos/733413702050701/
[2025-05-26T06:45:03.354+0000] {logging_mixin.py:190} INFO - Found href: https://www.facebook.com/mancity/videos/621705626724246/
[2025-05-26T06:45:03.366+0000] {logging_mixin.py:190} INFO - Found href: https://www.facebook.com/mancity/videos/225242407128930/
[2025-05-26T06:45:03.379+0000] {logging_mixin.py:190} INFO - Found href: https://www.facebook.com/mancity/videos/204723742550792/
[2025-05-26T06:45:03.395+0000] {logging_mixin.py:190} INFO - Found href: https://www.facebook.com/mancity/videos/1251288208842600/
[2025-05-26T06:45:03.410+0000] {logging_mixin.py:190} INFO - Found href: https://www.facebook.com/mancity/videos/6696711287013741/
[2025-05-26T06:45:03.430+0000] {logging_mixin.py:190} INFO - Found href: https://www.facebook.com/mancity/videos/588644173298398/
[2025-05-26T06:45:03.442+0000] {logging_mixin.py:190} INFO - Found href: https://www.facebook.com/mancity/videos/1337221616850958/
[2025-05-26T06:45:03.465+0000] {logging_mixin.py:190} INFO - Found href: https://www.facebook.com/mancity/videos/7964154380295735/
[2025-05-26T06:45:03.493+0000] {logging_mixin.py:190} INFO - Found href: https://www.facebook.com/mancity/videos/990353809098270/
[2025-05-26T06:45:03.507+0000] {logging_mixin.py:190} INFO - Found href: https://www.facebook.com/mancity/videos/2058050411241040/
[2025-05-26T06:45:03.528+0000] {logging_mixin.py:190} INFO - Found href: https://www.facebook.com/mancity/videos/371226899058666/
[2025-05-26T06:45:03.561+0000] {logging_mixin.py:190} INFO - Found href: https://www.facebook.com/mancity/videos/769267788014838/
[2025-05-26T06:45:03.593+0000] {logging_mixin.py:190} INFO - Found href: https://www.facebook.com/mancity/videos/1133196954710516/
[2025-05-26T06:45:03.627+0000] {logging_mixin.py:190} INFO - Found href: https://www.facebook.com/mancity/videos/3023016677964423/
[2025-05-26T06:45:03.640+0000] {logging_mixin.py:190} INFO - Found href: https://www.facebook.com/mancity/videos/803417697117685/
[2025-05-26T06:45:03.653+0000] {logging_mixin.py:190} INFO - Found href: https://www.facebook.com/mancity/videos/1115355955934951/
[2025-05-26T06:45:03.672+0000] {logging_mixin.py:190} INFO - Found href: https://www.facebook.com/mancity/videos/1288220121689439/
[2025-05-26T06:45:03.685+0000] {logging_mixin.py:190} INFO - Found href: https://www.facebook.com/mancity/videos/443649147470466/
[2025-05-26T06:45:03.702+0000] {logging_mixin.py:190} INFO - Found href: https://www.facebook.com/mancity/videos/253562006865687/
[2025-05-26T06:45:03.822+0000] {logging_mixin.py:190} INFO - Found href: https://www.facebook.com/mancity/videos/626846423732168/
[2025-05-26T06:45:03.840+0000] {logging_mixin.py:190} INFO - Found href: https://www.facebook.com/mancity/videos/2080300145800217/
[2025-05-26T06:45:03.853+0000] {logging_mixin.py:190} INFO - Found href: https://www.facebook.com/mancity/videos/1250061696550758/
[2025-05-26T06:45:03.865+0000] {logging_mixin.py:190} INFO - Found href: https://www.facebook.com/mancity/videos/1269821158086362/
[2025-05-26T06:45:03.876+0000] {logging_mixin.py:190} INFO - Found href: https://www.facebook.com/mancity/videos/1043265987186594/
[2025-05-26T06:45:03.890+0000] {logging_mixin.py:190} INFO - Found href: https://www.facebook.com/mancity/videos/1036408544741830/
[2025-05-26T06:45:03.899+0000] {logging_mixin.py:190} INFO - Found href: https://www.facebook.com/mancity/videos/1360494521842055/
[2025-05-26T06:45:03.909+0000] {logging_mixin.py:190} INFO - Found href: https://www.facebook.com/mancity/videos/998183722385313/
[2025-05-26T06:45:03.919+0000] {logging_mixin.py:190} INFO - Found href: https://www.facebook.com/mancity/videos/1235229514611079/
[2025-05-26T06:45:03.943+0000] {logging_mixin.py:190} INFO - Found href: https://www.facebook.com/mancity/videos/1588876581804879/
[2025-05-26T06:45:03.960+0000] {logging_mixin.py:190} INFO - Found href: https://www.facebook.com/mancity/videos/698954252784548/
[2025-05-26T06:45:03.972+0000] {logging_mixin.py:190} INFO - Found href: https://www.facebook.com/mancity/videos/1382224349762720/
[2025-05-26T06:45:03.989+0000] {logging_mixin.py:190} INFO - Found href: https://www.facebook.com/mancity/videos/1802547773646891/
[2025-05-26T06:45:04.001+0000] {logging_mixin.py:190} INFO - Found href: https://www.facebook.com/mancity/videos/718745760585216/
[2025-05-26T06:45:04.016+0000] {logging_mixin.py:190} INFO - Found href: https://www.facebook.com/mancity/videos/1246331226878673/
[2025-05-26T06:45:04.029+0000] {logging_mixin.py:190} INFO - Found href: https://www.facebook.com/mancity/videos/1397694697902397/
[2025-05-26T06:45:04.054+0000] {logging_mixin.py:190} INFO - Found href: https://www.facebook.com/mancity/videos/1033764938274863/
[2025-05-26T06:45:04.068+0000] {logging_mixin.py:190} INFO - Found href: https://www.facebook.com/mancity/videos/996978185936363/
[2025-05-26T06:45:04.082+0000] {logging_mixin.py:190} INFO - Found href: https://www.facebook.com/mancity/videos/541614385481414/
[2025-05-26T06:45:04.122+0000] {logging_mixin.py:190} INFO - Found href: https://www.facebook.com/mancity/videos/1836727593791495/
[2025-05-26T06:45:04.140+0000] {logging_mixin.py:190} INFO - Found href: https://www.facebook.com/mancity/videos/1752988118587662/
[2025-05-26T06:45:04.154+0000] {logging_mixin.py:190} INFO - Found href: https://www.facebook.com/mancity/videos/1215606803360634/
[2025-05-26T06:45:04.166+0000] {logging_mixin.py:190} INFO - Found href: https://www.facebook.com/mancity/videos/928764839273486/
[2025-05-26T06:45:04.185+0000] {logging_mixin.py:190} INFO - Found href: https://www.facebook.com/mancity/videos/729046889715573/
[2025-05-26T06:45:04.197+0000] {logging_mixin.py:190} INFO - Found href: https://www.facebook.com/mancity/videos/9731450276971786/
[2025-05-26T06:45:04.212+0000] {logging_mixin.py:190} INFO - Found href: https://www.facebook.com/mancity/videos/1593930927948649/
[2025-05-26T06:45:04.225+0000] {logging_mixin.py:190} INFO - Found href: https://www.facebook.com/mancity/videos/1824320451485170/
[2025-05-26T06:45:04.235+0000] {logging_mixin.py:190} INFO - Found 55 href elements
[2025-05-26T06:45:04.235+0000] {logging_mixin.py:190} INFO -  Scraped data:
[2025-05-26T06:45:04.236+0000] {logging_mixin.py:190} INFO -  - https://www.facebook.com/100044395330646/videos/1036408544741830
[2025-05-26T06:45:04.236+0000] {logging_mixin.py:190} INFO -  - 
https://www.facebook.com/mancity/videos/1036408544741830/?comment_id=10401929948
84098&__tn__=R]
[2025-05-26T06:45:04.236+0000] {logging_mixin.py:190} INFO -  - https://www.facebook.com/mancity/videos/10062134173850670/
[2025-05-26T06:45:04.237+0000] {logging_mixin.py:190} INFO -  - https://www.facebook.com/mancity/videos/1399466454719929/
[2025-05-26T06:45:04.237+0000] {logging_mixin.py:190} INFO -  - https://www.facebook.com/mancity/videos/683736207909384/
[2025-05-26T06:45:04.237+0000] {logging_mixin.py:190} INFO -  - https://www.facebook.com/mancity/videos/2195626774209817/
[2025-05-26T06:45:04.238+0000] {logging_mixin.py:190} INFO -  - https://www.facebook.com/mancity/videos/1655863035089913/
[2025-05-26T06:45:04.238+0000] {logging_mixin.py:190} INFO -  - https://www.facebook.com/mancity/videos/1199624244953543/
[2025-05-26T06:45:04.238+0000] {logging_mixin.py:190} INFO -  - https://www.facebook.com/mancity/videos/733413702050701/
[2025-05-26T06:45:04.238+0000] {logging_mixin.py:190} INFO -  - https://www.facebook.com/mancity/videos/621705626724246/
[2025-05-26T06:45:04.238+0000] {logging_mixin.py:190} INFO -  - https://www.facebook.com/mancity/videos/225242407128930/
[2025-05-26T06:45:04.239+0000] {logging_mixin.py:190} INFO -  - https://www.facebook.com/mancity/videos/204723742550792/
[2025-05-26T06:45:04.239+0000] {logging_mixin.py:190} INFO -  - https://www.facebook.com/mancity/videos/1251288208842600/
[2025-05-26T06:45:04.239+0000] {logging_mixin.py:190} INFO -  - https://www.facebook.com/mancity/videos/6696711287013741/
[2025-05-26T06:45:04.239+0000] {logging_mixin.py:190} INFO -  - https://www.facebook.com/mancity/videos/588644173298398/
[2025-05-26T06:45:04.240+0000] {logging_mixin.py:190} INFO -  - https://www.facebook.com/mancity/videos/1337221616850958/
[2025-05-26T06:45:04.240+0000] {logging_mixin.py:190} INFO -  - https://www.facebook.com/mancity/videos/7964154380295735/
[2025-05-26T06:45:04.240+0000] {logging_mixin.py:190} INFO -  - https://www.facebook.com/mancity/videos/990353809098270/
[2025-05-26T06:45:04.241+0000] {logging_mixin.py:190} INFO -  - https://www.facebook.com/mancity/videos/2058050411241040/
[2025-05-26T06:45:04.241+0000] {logging_mixin.py:190} INFO -  - https://www.facebook.com/mancity/videos/371226899058666/
[2025-05-26T06:45:04.241+0000] {logging_mixin.py:190} INFO -  - https://www.facebook.com/mancity/videos/769267788014838/
[2025-05-26T06:45:04.241+0000] {logging_mixin.py:190} INFO -  - https://www.facebook.com/mancity/videos/1133196954710516/
[2025-05-26T06:45:04.242+0000] {logging_mixin.py:190} INFO -  - https://www.facebook.com/mancity/videos/3023016677964423/
[2025-05-26T06:45:04.242+0000] {logging_mixin.py:190} INFO -  - https://www.facebook.com/mancity/videos/803417697117685/
[2025-05-26T06:45:04.242+0000] {logging_mixin.py:190} INFO -  - https://www.facebook.com/mancity/videos/1115355955934951/
[2025-05-26T06:45:04.242+0000] {logging_mixin.py:190} INFO -  - https://www.facebook.com/mancity/videos/1288220121689439/
[2025-05-26T06:45:04.243+0000] {logging_mixin.py:190} INFO -  - https://www.facebook.com/mancity/videos/443649147470466/
[2025-05-26T06:45:04.243+0000] {logging_mixin.py:190} INFO -  - https://www.facebook.com/mancity/videos/253562006865687/
[2025-05-26T06:45:04.243+0000] {logging_mixin.py:190} INFO -  - https://www.facebook.com/mancity/videos/626846423732168/
[2025-05-26T06:45:04.243+0000] {logging_mixin.py:190} INFO -  - https://www.facebook.com/mancity/videos/2080300145800217/
[2025-05-26T06:45:04.244+0000] {logging_mixin.py:190} INFO -  - https://www.facebook.com/mancity/videos/1250061696550758/
[2025-05-26T06:45:04.244+0000] {logging_mixin.py:190} INFO -  - https://www.facebook.com/mancity/videos/1269821158086362/
[2025-05-26T06:45:04.244+0000] {logging_mixin.py:190} INFO -  - https://www.facebook.com/mancity/videos/1043265987186594/
[2025-05-26T06:45:04.244+0000] {logging_mixin.py:190} INFO -  - https://www.facebook.com/mancity/videos/1036408544741830/
[2025-05-26T06:45:04.245+0000] {logging_mixin.py:190} INFO -  - https://www.facebook.com/mancity/videos/1360494521842055/
[2025-05-26T06:45:04.245+0000] {logging_mixin.py:190} INFO -  - https://www.facebook.com/mancity/videos/998183722385313/
[2025-05-26T06:45:04.245+0000] {logging_mixin.py:190} INFO -  - https://www.facebook.com/mancity/videos/1235229514611079/
[2025-05-26T06:45:04.245+0000] {logging_mixin.py:190} INFO -  - https://www.facebook.com/mancity/videos/1588876581804879/
[2025-05-26T06:45:04.245+0000] {logging_mixin.py:190} INFO -  - https://www.facebook.com/mancity/videos/698954252784548/
[2025-05-26T06:45:04.246+0000] {logging_mixin.py:190} INFO -  - https://www.facebook.com/mancity/videos/1382224349762720/
[2025-05-26T06:45:04.246+0000] {logging_mixin.py:190} INFO -  - https://www.facebook.com/mancity/videos/1802547773646891/
[2025-05-26T06:45:04.246+0000] {logging_mixin.py:190} INFO -  - https://www.facebook.com/mancity/videos/718745760585216/
[2025-05-26T06:45:04.246+0000] {logging_mixin.py:190} INFO -  - https://www.facebook.com/mancity/videos/1246331226878673/
[2025-05-26T06:45:04.246+0000] {logging_mixin.py:190} INFO -  - https://www.facebook.com/mancity/videos/1397694697902397/
[2025-05-26T06:45:04.247+0000] {logging_mixin.py:190} INFO -  - https://www.facebook.com/mancity/videos/1033764938274863/
[2025-05-26T06:45:04.247+0000] {logging_mixin.py:190} INFO -  - https://www.facebook.com/mancity/videos/996978185936363/
[2025-05-26T06:45:04.247+0000] {logging_mixin.py:190} INFO -  - https://www.facebook.com/mancity/videos/541614385481414/
[2025-05-26T06:45:04.247+0000] {logging_mixin.py:190} INFO -  - https://www.facebook.com/mancity/videos/1836727593791495/
[2025-05-26T06:45:04.248+0000] {logging_mixin.py:190} INFO -  - https://www.facebook.com/mancity/videos/1752988118587662/
[2025-05-26T06:45:04.248+0000] {logging_mixin.py:190} INFO -  - https://www.facebook.com/mancity/videos/1215606803360634/
[2025-05-26T06:45:04.248+0000] {logging_mixin.py:190} INFO -  - https://www.facebook.com/mancity/videos/928764839273486/
[2025-05-26T06:45:04.248+0000] {logging_mixin.py:190} INFO -  - https://www.facebook.com/mancity/videos/729046889715573/
[2025-05-26T06:45:04.249+0000] {logging_mixin.py:190} INFO -  - https://www.facebook.com/mancity/videos/9731450276971786/
[2025-05-26T06:45:04.249+0000] {logging_mixin.py:190} INFO -  - https://www.facebook.com/mancity/videos/1593930927948649/
[2025-05-26T06:45:04.249+0000] {logging_mixin.py:190} INFO -  - https://www.facebook.com/mancity/videos/1824320451485170/
[2025-05-26T06:45:04.249+0000] {logging_mixin.py:190} INFO - Don't close the app! Saving scraped data to database, it can take a while!
[2025-05-26T06:45:04.273+0000] {logging_mixin.py:190} INFO - Remaining new videos: 55
[2025-05-26T06:45:04.273+0000] {logging_mixin.py:190} INFO - New videos: 1
[2025-05-26T06:45:04.453+0000] {python.py:240} INFO - Done. Returned value was: {'id': 'mancity', 'new_links': ('https://www.facebook.com/100044395330646/videos/1036408544741830',)}
[2025-05-26T06:45:04.472+0000] {taskinstance.py:340} INFO - ::group::Post task execution logs
[2025-05-26T06:45:04.473+0000] {taskinstance.py:352} INFO - Marking task as SUCCESS. dag_id=facebook_videos_scraper_dag, task_id=get_links_task, run_id=manual__2025-05-26T06:44:46.995801+00:00, execution_date=20250526T064446, start_date=20250526T064447, end_date=20250526T064504
[2025-05-26T06:45:04.517+0000] {local_task_job_runner.py:261} INFO - Task exited with return code 0
[2025-05-26T06:45:04.536+0000] {taskinstance.py:3891} INFO - 1 downstream tasks scheduled from follow-on schedule check
[2025-05-26T06:45:04.540+0000] {local_task_job_runner.py:240} INFO - ::endgroup::
