[2025-05-15T10:00:15.993+0000] {local_task_job_runner.py:123} INFO - ::group::Pre task execution logs
[2025-05-15T10:00:16.166+0000] {taskinstance.py:2603} INFO - Dependencies all met for dep_context=non-requeueable deps ti=<TaskInstance: tiktok_videos_scraper_dag.tiktok_videos_scraper_task manual__2025-05-15T10:00:12.196107+00:00 [queued]>
[2025-05-15T10:00:16.175+0000] {taskinstance.py:2603} INFO - Dependencies all met for dep_context=requeueable deps ti=<TaskInstance: tiktok_videos_scraper_dag.tiktok_videos_scraper_task manual__2025-05-15T10:00:12.196107+00:00 [queued]>
[2025-05-15T10:00:16.176+0000] {taskinstance.py:2856} INFO - Starting attempt 1 of 1
[2025-05-15T10:00:16.260+0000] {taskinstance.py:2879} INFO - Executing <Task(PythonOperator): tiktok_videos_scraper_task> on 2025-05-15 10:00:12.196107+00:00
[2025-05-15T10:00:16.265+0000] {standard_task_runner.py:72} INFO - Started process 1724 to run task
[2025-05-15T10:00:16.278+0000] {standard_task_runner.py:104} INFO - Running: ['airflow', 'tasks', 'run', 'tiktok_videos_scraper_dag', 'tiktok_videos_scraper_task', 'manual__2025-05-15T10:00:12.196107+00:00', '--job-id', '5985', '--raw', '--subdir', 'DAGS_FOLDER/pipeline_tiktok.py', '--cfg-path', '/tmp/tmpp7r0f8a6']
[2025-05-15T10:00:16.280+0000] {standard_task_runner.py:105} INFO - Job 5985: Subtask tiktok_videos_scraper_task
[2025-05-15T10:00:16.355+0000] {task_command.py:467} INFO - Running <TaskInstance: tiktok_videos_scraper_dag.tiktok_videos_scraper_task manual__2025-05-15T10:00:12.196107+00:00 [running]> on host 8579eb2523da
[2025-05-15T10:00:16.680+0000] {taskinstance.py:3122} INFO - Exporting env vars: AIRFLOW_CTX_DAG_OWNER='airflow' AIRFLOW_CTX_DAG_ID='tiktok_videos_scraper_dag' AIRFLOW_CTX_TASK_ID='tiktok_videos_scraper_task' AIRFLOW_CTX_EXECUTION_DATE='2025-05-15T10:00:12.196107+00:00' AIRFLOW_CTX_TRY_NUMBER='1' AIRFLOW_CTX_DAG_RUN_ID='manual__2025-05-15T10:00:12.196107+00:00'
[2025-05-15T10:00:16.693+0000] {taskinstance.py:731} INFO - ::endgroup::
[2025-05-15T10:07:40.199+0000] {job.py:229} INFO - Heartbeat recovered after 444.73 seconds
[2025-05-15T10:09:08.589+0000] {job.py:229} INFO - Heartbeat recovered after 52.62 seconds
[2025-05-15T10:09:09.336+0000] {logging_mixin.py:190} WARNING - 2025-05-15 10:09:09,306 - TikTokApi.tiktok - ERROR - Failed to create session: Page.goto: Timeout 30000ms exceeded.
Call log:
  - navigating to "https://www.tiktok.com/", waiting until "load"
[2025-05-15T10:09:09.306+0000] {tiktok.py:222} ERROR - Failed to create session: Page.goto: Timeout 30000ms exceeded.
Call log:
  - navigating to "https://www.tiktok.com/", waiting until "load"

[2025-05-15T10:09:18.694+0000] {job.py:229} INFO - Heartbeat recovered after 10.78 seconds
[2025-05-15T10:09:30.037+0000] {job.py:229} INFO - Heartbeat recovered after 11.51 seconds
[2025-05-15T10:10:07.988+0000] {logging_mixin.py:190} INFO - Error in TikTok API: Page.goto: Timeout 30000ms exceeded.
Call log:
  - navigating to "https://www.tiktok.com/", waiting until "load"
[2025-05-15T10:10:08.289+0000] {python.py:240} INFO - Done. Returned value was: []
[2025-05-15T10:10:08.314+0000] {taskinstance.py:340} INFO - ::group::Post task execution logs
[2025-05-15T10:10:08.314+0000] {taskinstance.py:352} INFO - Marking task as SUCCESS. dag_id=tiktok_videos_scraper_dag, task_id=tiktok_videos_scraper_task, run_id=manual__2025-05-15T10:00:12.196107+00:00, execution_date=20250515T100012, start_date=20250515T100016, end_date=20250515T101008
[2025-05-15T10:10:08.342+0000] {local_task_job_runner.py:261} INFO - Task exited with return code 0
[2025-05-15T10:10:08.380+0000] {taskinstance.py:3891} INFO - 1 downstream tasks scheduled from follow-on schedule check
[2025-05-15T10:10:08.382+0000] {local_task_job_runner.py:240} INFO - ::endgroup::
