[2025-05-20T07:19:18.870+0000] {local_task_job_runner.py:123} INFO - ::group::Pre task execution logs
[2025-05-20T07:19:18.882+0000] {taskinstance.py:2603} INFO - Dependencies all met for dep_context=non-requeueable deps ti=<TaskInstance: tiktok_videos_scraper_dag.tiktok_videos_scraper_task manual__2025-05-20T07:19:17.992853+00:00 [queued]>
[2025-05-20T07:19:18.888+0000] {taskinstance.py:2603} INFO - Dependencies all met for dep_context=requeueable deps ti=<TaskInstance: tiktok_videos_scraper_dag.tiktok_videos_scraper_task manual__2025-05-20T07:19:17.992853+00:00 [queued]>
[2025-05-20T07:19:18.889+0000] {taskinstance.py:2856} INFO - Starting attempt 1 of 1
[2025-05-20T07:19:18.903+0000] {taskinstance.py:2879} INFO - Executing <Task(PythonOperator): tiktok_videos_scraper_task> on 2025-05-20 07:19:17.992853+00:00
[2025-05-20T07:19:18.907+0000] {standard_task_runner.py:72} INFO - Started process 12538 to run task
[2025-05-20T07:19:18.910+0000] {standard_task_runner.py:104} INFO - Running: ['airflow', 'tasks', 'run', 'tiktok_videos_scraper_dag', 'tiktok_videos_scraper_task', 'manual__2025-05-20T07:19:17.992853+00:00', '--job-id', '6207', '--raw', '--subdir', 'DAGS_FOLDER/pipeline_tiktok.py', '--cfg-path', '/tmp/tmpv1rey25t']
[2025-05-20T07:19:18.912+0000] {standard_task_runner.py:105} INFO - Job 6207: Subtask tiktok_videos_scraper_task
[2025-05-20T07:19:18.949+0000] {task_command.py:467} INFO - Running <TaskInstance: tiktok_videos_scraper_dag.tiktok_videos_scraper_task manual__2025-05-20T07:19:17.992853+00:00 [running]> on host 05534d39966d
[2025-05-20T07:19:19.006+0000] {taskinstance.py:3122} INFO - Exporting env vars: AIRFLOW_CTX_DAG_OWNER='airflow' AIRFLOW_CTX_DAG_ID='tiktok_videos_scraper_dag' AIRFLOW_CTX_TASK_ID='tiktok_videos_scraper_task' AIRFLOW_CTX_EXECUTION_DATE='2025-05-20T07:19:17.992853+00:00' AIRFLOW_CTX_TRY_NUMBER='1' AIRFLOW_CTX_DAG_RUN_ID='manual__2025-05-20T07:19:17.992853+00:00'
[2025-05-20T07:19:19.007+0000] {taskinstance.py:731} INFO - ::endgroup::
[2025-05-20T07:21:29.823+0000] {local_task_job_runner.py:341} WARNING - State of this instance has been externally set to failed. Terminating instance.
[2025-05-20T07:21:29.824+0000] {local_task_job_runner.py:240} INFO - ::endgroup::
[2025-05-20T07:21:29.826+0000] {process_utils.py:132} INFO - Sending 15 to group 12538. PIDs of all processes in the group: [12541, 12553, 12560, 12561, 12589, 12598, 12638, 12639, 12666, 12538]
[2025-05-20T07:21:29.826+0000] {process_utils.py:87} INFO - Sending the signal 15 to group 12538
[2025-05-20T07:21:29.826+0000] {taskinstance.py:3083} ERROR - Received SIGTERM. Terminating subprocesses.
[2025-05-20T07:21:29.840+0000] {process_utils.py:80} INFO - Process psutil.Process(pid=12598, status='terminated', started='07:19:20') (12598) terminated with exit code None
[2025-05-20T07:21:29.895+0000] {process_utils.py:80} INFO - Process psutil.Process(pid=12553, status='terminated', started='07:19:19') (12553) terminated with exit code None
[2025-05-20T07:21:29.896+0000] {process_utils.py:80} INFO - Process psutil.Process(pid=12589, status='terminated', started='07:19:20') (12589) terminated with exit code None
[2025-05-20T07:21:29.896+0000] {process_utils.py:80} INFO - Process psutil.Process(pid=12638, status='terminated', started='07:19:20') (12638) terminated with exit code None
[2025-05-20T07:21:29.896+0000] {process_utils.py:80} INFO - Process psutil.Process(pid=12560, status='terminated', started='07:19:19') (12560) terminated with exit code None
[2025-05-20T07:21:30.037+0000] {process_utils.py:80} INFO - Process psutil.Process(pid=12639, status='terminated', started='07:19:20') (12639) terminated with exit code None
[2025-05-20T07:21:30.038+0000] {process_utils.py:80} INFO - Process psutil.Process(pid=12561, status='terminated', started='07:19:19') (12561) terminated with exit code None
[2025-05-20T07:21:30.176+0000] {process_utils.py:80} INFO - Process psutil.Process(pid=12666, status='terminated', started='07:19:20') (12666) terminated with exit code None
[2025-05-20T07:22:24.866+0000] {process_utils.py:150} WARNING - process psutil.Process(pid=12538, name='airflow task ru', status='sleeping', started='07:19:18') did not respond to SIGTERM. Trying SIGKILL
[2025-05-20T07:22:24.870+0000] {process_utils.py:150} WARNING - process psutil.Process(pid=12541, name='node', status='sleeping', started='07:19:19') did not respond to SIGTERM. Trying SIGKILL
[2025-05-20T07:22:24.870+0000] {process_utils.py:87} INFO - Sending the signal 9 to group 12538
[2025-05-20T07:22:24.878+0000] {process_utils.py:80} INFO - Process psutil.Process(pid=12538, name='airflow task ru', status='terminated', exitcode=<Negsignal.SIGKILL: -9>, started='07:19:18') (12538) terminated with exit code -9
[2025-05-20T07:22:24.879+0000] {process_utils.py:80} INFO - Process psutil.Process(pid=12541, name='node', status='terminated', started='07:19:19') (12541) terminated with exit code None
[2025-05-20T07:22:24.879+0000] {standard_task_runner.py:190} ERROR - ('Job 6207 was killed before it finished (likely due to running out of memory)', 'For more information, see https://airflow.apache.org/docs/apache-airflow/stable/troubleshooting.html#LocalTaskJob-killed')
