[2025-05-06T10:40:49.697+0000] {local_task_job_runner.py:123} INFO - ::group::Pre task execution logs
[2025-05-06T10:40:49.707+0000] {taskinstance.py:2603} INFO - Dependencies all met for dep_context=non-requeueable deps ti=<TaskInstance: tiktok_videos_scraper_dag.tiktok_videos_scraper manual__2025-05-06T10:40:49.021233+00:00 [queued]>
[2025-05-06T10:40:49.712+0000] {taskinstance.py:2603} INFO - Dependencies all met for dep_context=requeueable deps ti=<TaskInstance: tiktok_videos_scraper_dag.tiktok_videos_scraper manual__2025-05-06T10:40:49.021233+00:00 [queued]>
[2025-05-06T10:40:49.712+0000] {taskinstance.py:2856} INFO - Starting attempt 1 of 1
[2025-05-06T10:40:49.721+0000] {taskinstance.py:2879} INFO - Executing <Task(_PythonDecoratedOperator): tiktok_videos_scraper> on 2025-05-06 10:40:49.021233+00:00
[2025-05-06T10:40:49.724+0000] {standard_task_runner.py:72} INFO - Started process 1048 to run task
[2025-05-06T10:40:49.726+0000] {standard_task_runner.py:104} INFO - Running: ['airflow', 'tasks', 'run', 'tiktok_videos_scraper_dag', 'tiktok_videos_scraper', 'manual__2025-05-06T10:40:49.021233+00:00', '--job-id', '4698', '--raw', '--subdir', 'DAGS_FOLDER/pipeline.py', '--cfg-path', '/tmp/tmppb58n7zs']
[2025-05-06T10:40:49.729+0000] {standard_task_runner.py:105} INFO - Job 4698: Subtask tiktok_videos_scraper
[2025-05-06T10:40:49.764+0000] {task_command.py:467} INFO - Running <TaskInstance: tiktok_videos_scraper_dag.tiktok_videos_scraper manual__2025-05-06T10:40:49.021233+00:00 [running]> on host 08649c3714f5
[2025-05-06T10:40:49.823+0000] {taskinstance.py:3122} INFO - Exporting env vars: AIRFLOW_CTX_DAG_OWNER='airflow' AIRFLOW_CTX_DAG_ID='tiktok_videos_scraper_dag' AIRFLOW_CTX_TASK_ID='tiktok_videos_scraper' AIRFLOW_CTX_EXECUTION_DATE='2025-05-06T10:40:49.021233+00:00' AIRFLOW_CTX_TRY_NUMBER='1' AIRFLOW_CTX_DAG_RUN_ID='manual__2025-05-06T10:40:49.021233+00:00'
[2025-05-06T10:40:49.824+0000] {taskinstance.py:731} INFO - ::endgroup::
[2025-05-06T10:41:00.362+0000] {logging_mixin.py:190} INFO - https://www.tiktok.com/@therock/video/7498828992825396526
[2025-05-06T10:41:00.363+0000] {logging_mixin.py:190} INFO - https://www.tiktok.com/@therock/video/7498176682105294123
[2025-05-06T10:41:00.363+0000] {logging_mixin.py:190} INFO - https://www.tiktok.com/@therock/video/7495761605502848298
[2025-05-06T10:41:00.363+0000] {logging_mixin.py:190} INFO - https://www.tiktok.com/@therock/video/7494644438497529130
[2025-05-06T10:41:00.364+0000] {logging_mixin.py:190} INFO - https://www.tiktok.com/@therock/video/7494316440749755694
[2025-05-06T10:41:00.364+0000] {logging_mixin.py:190} INFO - https://www.tiktok.com/@therock/video/7493217492802882858
[2025-05-06T10:41:00.364+0000] {logging_mixin.py:190} INFO - https://www.tiktok.com/@therock/video/7492481998187990318
[2025-05-06T10:41:00.364+0000] {logging_mixin.py:190} INFO - https://www.tiktok.com/@therock/video/7490673656641637675
[2025-05-06T10:41:00.365+0000] {logging_mixin.py:190} INFO - https://www.tiktok.com/@therock/video/7487701629119171886
[2025-05-06T10:41:00.365+0000] {logging_mixin.py:190} INFO - https://www.tiktok.com/@therock/video/7486515871624596782
[2025-05-06T10:41:00.365+0000] {logging_mixin.py:190} INFO - https://www.tiktok.com/@therock/video/7482814601717910826
[2025-05-06T10:41:00.365+0000] {logging_mixin.py:190} INFO - https://www.tiktok.com/@therock/video/7480993221586292014
[2025-05-06T10:41:00.365+0000] {logging_mixin.py:190} INFO - https://www.tiktok.com/@therock/video/7478382826568568110
[2025-05-06T10:41:00.366+0000] {logging_mixin.py:190} INFO - https://www.tiktok.com/@therock/video/7475105018052480302
[2025-05-06T10:41:00.366+0000] {logging_mixin.py:190} INFO - https://www.tiktok.com/@therock/video/7474681315955150126
[2025-05-06T10:41:00.366+0000] {logging_mixin.py:190} INFO - https://www.tiktok.com/@therock/video/7473147398718573866
[2025-05-06T10:41:00.366+0000] {logging_mixin.py:190} INFO - https://www.tiktok.com/@therock/video/7473137749025967406
[2025-05-06T10:41:00.367+0000] {logging_mixin.py:190} INFO - https://www.tiktok.com/@therock/video/7472396683477830955
[2025-05-06T10:41:00.367+0000] {logging_mixin.py:190} INFO - https://www.tiktok.com/@therock/video/7461443489067240747
[2025-05-06T10:41:00.367+0000] {logging_mixin.py:190} INFO - https://www.tiktok.com/@therock/video/7460513088354258219
[2025-05-06T10:41:00.367+0000] {logging_mixin.py:190} INFO - https://www.tiktok.com/@therock/video/7460511600202648878
[2025-05-06T10:41:00.367+0000] {logging_mixin.py:190} INFO - https://www.tiktok.com/@therock/video/7457228860275395882
[2025-05-06T10:41:00.367+0000] {logging_mixin.py:190} INFO - https://www.tiktok.com/@therock/video/7456475589663362350
[2025-05-06T10:41:00.368+0000] {logging_mixin.py:190} INFO - https://www.tiktok.com/@therock/video/7455784020379716910
[2025-05-06T10:41:00.368+0000] {logging_mixin.py:190} INFO - https://www.tiktok.com/@therock/video/7455388311826287914
[2025-05-06T10:41:00.368+0000] {logging_mixin.py:190} INFO - https://www.tiktok.com/@therock/video/7454241121665944874
[2025-05-06T10:41:00.368+0000] {logging_mixin.py:190} INFO - https://www.tiktok.com/@therock/video/7452740726187642155
[2025-05-06T10:41:00.368+0000] {logging_mixin.py:190} INFO - https://www.tiktok.com/@therock/video/7452738096988294446
[2025-05-06T10:41:00.368+0000] {logging_mixin.py:190} INFO - https://www.tiktok.com/@therock/video/7451804943654276398
[2025-05-06T10:41:00.369+0000] {logging_mixin.py:190} INFO - https://www.tiktok.com/@therock/video/7451345731819965742
[2025-05-06T10:41:00.369+0000] {logging_mixin.py:190} INFO - https://www.tiktok.com/@therock/video/7451022184526482730
[2025-05-06T10:41:00.369+0000] {logging_mixin.py:190} INFO - https://www.tiktok.com/@therock/video/7450249740471749934
[2025-05-06T10:41:00.369+0000] {logging_mixin.py:190} INFO - https://www.tiktok.com/@therock/video/7448020055507422507
[2025-05-06T10:41:00.369+0000] {logging_mixin.py:190} INFO - https://www.tiktok.com/@therock/video/7447975660741610795
[2025-05-06T10:41:00.369+0000] {logging_mixin.py:190} INFO - https://www.tiktok.com/@therock/video/7447285805044993326
[2025-05-06T10:41:00.369+0000] {logging_mixin.py:190} INFO - Reading URLs from data/scraped_data/tiktok.txt...
[2025-05-06T10:41:00.479+0000] {logging_mixin.py:190} INFO - Starting batch download...
[2025-05-06T10:41:00.479+0000] {logging_mixin.py:190} INFO - Getting direct link... https://www.tiktok.com/@therock/video/7498828992825396526
[2025-05-06T10:41:00.480+0000] {logging_mixin.py:190} INFO - ❌ Cookies not found. Saving cookies...
[2025-05-06T10:41:00.480+0000] {logging_mixin.py:190} INFO - Start saving cookies...
[2025-05-06T10:41:00.636+0000] {taskinstance.py:3301} ERROR - Task failed with exception
Traceback (most recent call last):
  File "/home/airflow/.local/lib/python3.10/site-packages/airflow/models/taskinstance.py", line 767, in _execute_task
    result = _execute_callable(context=context, **execute_callable_kwargs)
  File "/home/airflow/.local/lib/python3.10/site-packages/airflow/models/taskinstance.py", line 733, in _execute_callable
    return ExecutionCallableRunner(
  File "/home/airflow/.local/lib/python3.10/site-packages/airflow/utils/operator_helpers.py", line 252, in run
    return self.func(*args, **kwargs)
  File "/home/airflow/.local/lib/python3.10/site-packages/airflow/models/baseoperator.py", line 406, in wrapper
    return func(self, *args, **kwargs)
  File "/home/airflow/.local/lib/python3.10/site-packages/airflow/decorators/base.py", line 266, in execute
    return_value = super().execute(context)
  File "/home/airflow/.local/lib/python3.10/site-packages/airflow/models/baseoperator.py", line 406, in wrapper
    return func(self, *args, **kwargs)
  File "/home/airflow/.local/lib/python3.10/site-packages/airflow/operators/python.py", line 238, in execute
    return_value = self.execute_callable()
  File "/home/airflow/.local/lib/python3.10/site-packages/airflow/operators/python.py", line 256, in execute_callable
    return runner.run(*self.op_args, **self.op_kwargs)
  File "/home/airflow/.local/lib/python3.10/site-packages/airflow/utils/operator_helpers.py", line 252, in run
    return self.func(*args, **kwargs)
  File "/opt/airflow/dags/tasks/tiktok_videos_scraper.py", line 41, in tiktok_videos_scraper
    asyncio.run(user_example())
  File "/usr/local/lib/python3.10/asyncio/runners.py", line 44, in run
    return loop.run_until_complete(main)
  File "/usr/local/lib/python3.10/asyncio/base_events.py", line 649, in run_until_complete
    return future.result()
  File "/opt/airflow/dags/tasks/tiktok_videos_scraper.py", line 40, in user_example
    batch_download_from_file(TIKTOK_FILE_PATH, DOWNLOAD_DIRECTORY=DOWNLOAD_DIRECTORY, tiktok=True)
  File "/opt/airflow/dags/utils/downloader.py", line 124, in batch_download_from_file
    tasks = [download_tiktok(url) for url in urls]
  File "/opt/airflow/dags/utils/downloader.py", line 124, in <listcomp>
    tasks = [download_tiktok(url) for url in urls]
  File "/opt/airflow/dags/utils/download_tiktok.py", line 108, in main
    save_cookies(link)
  File "/opt/airflow/dags/utils/download_tiktok.py", line 12, in save_cookies
    with sync_playwright() as p:
  File "/home/airflow/.local/lib/python3.10/site-packages/playwright/sync_api/_context_manager.py", line 47, in __enter__
    raise Error(
playwright._impl._errors.Error: It looks like you are using Playwright Sync API inside the asyncio loop.
Please use the Async API instead.
[2025-05-06T10:41:00.644+0000] {taskinstance.py:1225} INFO - Marking task as FAILED. dag_id=tiktok_videos_scraper_dag, task_id=tiktok_videos_scraper, run_id=manual__2025-05-06T10:40:49.021233+00:00, execution_date=20250506T104049, start_date=20250506T104049, end_date=20250506T104100
[2025-05-06T10:41:00.654+0000] {taskinstance.py:340} INFO - ::group::Post task execution logs
[2025-05-06T10:41:00.655+0000] {standard_task_runner.py:124} ERROR - Failed to execute job 4698 for task tiktok_videos_scraper (It looks like you are using Playwright Sync API inside the asyncio loop.
Please use the Async API instead.; 1048)
Traceback (most recent call last):
  File "/home/airflow/.local/lib/python3.10/site-packages/airflow/task/task_runner/standard_task_runner.py", line 117, in _start_by_fork
    ret = args.func(args, dag=self.dag)
  File "/home/airflow/.local/lib/python3.10/site-packages/airflow/cli/cli_config.py", line 49, in command
    return func(*args, **kwargs)
  File "/home/airflow/.local/lib/python3.10/site-packages/airflow/utils/cli.py", line 115, in wrapper
    return f(*args, **kwargs)
  File "/home/airflow/.local/lib/python3.10/site-packages/airflow/cli/commands/task_command.py", line 483, in task_run
    task_return_code = _run_task_by_selected_method(args, _dag, ti)
  File "/home/airflow/.local/lib/python3.10/site-packages/airflow/cli/commands/task_command.py", line 256, in _run_task_by_selected_method
    return _run_raw_task(args, ti)
  File "/home/airflow/.local/lib/python3.10/site-packages/airflow/cli/commands/task_command.py", line 341, in _run_raw_task
    return ti._run_raw_task(
  File "/home/airflow/.local/lib/python3.10/site-packages/airflow/utils/session.py", line 97, in wrapper
    return func(*args, session=session, **kwargs)
  File "/home/airflow/.local/lib/python3.10/site-packages/airflow/models/taskinstance.py", line 2995, in _run_raw_task
    return _run_raw_task(
  File "/home/airflow/.local/lib/python3.10/site-packages/airflow/models/taskinstance.py", line 273, in _run_raw_task
    TaskInstance._execute_task_with_callbacks(
  File "/home/airflow/.local/lib/python3.10/site-packages/airflow/models/taskinstance.py", line 3149, in _execute_task_with_callbacks
    result = self._execute_task(context, task_orig)
  File "/home/airflow/.local/lib/python3.10/site-packages/airflow/models/taskinstance.py", line 3173, in _execute_task
    return _execute_task(self, context, task_orig)
  File "/home/airflow/.local/lib/python3.10/site-packages/airflow/models/taskinstance.py", line 767, in _execute_task
    result = _execute_callable(context=context, **execute_callable_kwargs)
  File "/home/airflow/.local/lib/python3.10/site-packages/airflow/models/taskinstance.py", line 733, in _execute_callable
    return ExecutionCallableRunner(
  File "/home/airflow/.local/lib/python3.10/site-packages/airflow/utils/operator_helpers.py", line 252, in run
    return self.func(*args, **kwargs)
  File "/home/airflow/.local/lib/python3.10/site-packages/airflow/models/baseoperator.py", line 406, in wrapper
    return func(self, *args, **kwargs)
  File "/home/airflow/.local/lib/python3.10/site-packages/airflow/decorators/base.py", line 266, in execute
    return_value = super().execute(context)
  File "/home/airflow/.local/lib/python3.10/site-packages/airflow/models/baseoperator.py", line 406, in wrapper
    return func(self, *args, **kwargs)
  File "/home/airflow/.local/lib/python3.10/site-packages/airflow/operators/python.py", line 238, in execute
    return_value = self.execute_callable()
  File "/home/airflow/.local/lib/python3.10/site-packages/airflow/operators/python.py", line 256, in execute_callable
    return runner.run(*self.op_args, **self.op_kwargs)
  File "/home/airflow/.local/lib/python3.10/site-packages/airflow/utils/operator_helpers.py", line 252, in run
    return self.func(*args, **kwargs)
  File "/opt/airflow/dags/tasks/tiktok_videos_scraper.py", line 41, in tiktok_videos_scraper
    asyncio.run(user_example())
  File "/usr/local/lib/python3.10/asyncio/runners.py", line 44, in run
    return loop.run_until_complete(main)
  File "/usr/local/lib/python3.10/asyncio/base_events.py", line 649, in run_until_complete
    return future.result()
  File "/opt/airflow/dags/tasks/tiktok_videos_scraper.py", line 40, in user_example
    batch_download_from_file(TIKTOK_FILE_PATH, DOWNLOAD_DIRECTORY=DOWNLOAD_DIRECTORY, tiktok=True)
  File "/opt/airflow/dags/utils/downloader.py", line 124, in batch_download_from_file
    tasks = [download_tiktok(url) for url in urls]
  File "/opt/airflow/dags/utils/downloader.py", line 124, in <listcomp>
    tasks = [download_tiktok(url) for url in urls]
  File "/opt/airflow/dags/utils/download_tiktok.py", line 108, in main
    save_cookies(link)
  File "/opt/airflow/dags/utils/download_tiktok.py", line 12, in save_cookies
    with sync_playwright() as p:
  File "/home/airflow/.local/lib/python3.10/site-packages/playwright/sync_api/_context_manager.py", line 47, in __enter__
    raise Error(
playwright._impl._errors.Error: It looks like you are using Playwright Sync API inside the asyncio loop.
Please use the Async API instead.
[2025-05-06T10:41:00.691+0000] {local_task_job_runner.py:261} INFO - Task exited with return code 1
[2025-05-06T10:41:00.703+0000] {taskinstance.py:3891} INFO - 0 downstream tasks scheduled from follow-on schedule check
[2025-05-06T10:41:00.720+0000] {local_task_job_runner.py:240} INFO - ::endgroup::
