[2025-05-08T07:54:17.543+0000] {local_task_job_runner.py:123} INFO - ::group::Pre task execution logs
[2025-05-08T07:54:17.554+0000] {taskinstance.py:2603} INFO - Dependencies all met for dep_context=non-requeueable deps ti=<TaskInstance: x_videos_scraper_dag.x_videos_scraper manual__2025-05-08T07:54:16.907968+00:00 [queued]>
[2025-05-08T07:54:17.560+0000] {taskinstance.py:2603} INFO - Dependencies all met for dep_context=requeueable deps ti=<TaskInstance: x_videos_scraper_dag.x_videos_scraper manual__2025-05-08T07:54:16.907968+00:00 [queued]>
[2025-05-08T07:54:17.560+0000] {taskinstance.py:2856} INFO - Starting attempt 1 of 1
[2025-05-08T07:54:17.587+0000] {taskinstance.py:2879} INFO - Executing <Task(_PythonDecoratedOperator): x_videos_scraper> on 2025-05-08 07:54:16.907968+00:00
[2025-05-08T07:54:17.590+0000] {standard_task_runner.py:72} INFO - Started process 550 to run task
[2025-05-08T07:54:17.593+0000] {standard_task_runner.py:104} INFO - Running: ['airflow', 'tasks', 'run', 'x_videos_scraper_dag', 'x_videos_scraper', 'manual__2025-05-08T07:54:16.907968+00:00', '--job-id', '5142', '--raw', '--subdir', 'DAGS_FOLDER/pipeline.py', '--cfg-path', '/tmp/tmp0i233_uw']
[2025-05-08T07:54:17.595+0000] {standard_task_runner.py:105} INFO - Job 5142: Subtask x_videos_scraper
[2025-05-08T07:54:17.635+0000] {task_command.py:467} INFO - Running <TaskInstance: x_videos_scraper_dag.x_videos_scraper manual__2025-05-08T07:54:16.907968+00:00 [running]> on host 6f22e5ddc135
[2025-05-08T07:54:17.702+0000] {taskinstance.py:3122} INFO - Exporting env vars: AIRFLOW_CTX_DAG_OWNER='airflow' AIRFLOW_CTX_DAG_ID='x_videos_scraper_dag' AIRFLOW_CTX_TASK_ID='x_videos_scraper' AIRFLOW_CTX_EXECUTION_DATE='2025-05-08T07:54:16.907968+00:00' AIRFLOW_CTX_TRY_NUMBER='1' AIRFLOW_CTX_DAG_RUN_ID='manual__2025-05-08T07:54:16.907968+00:00'
[2025-05-08T07:54:17.703+0000] {taskinstance.py:731} INFO - ::endgroup::
[2025-05-08T07:54:17.736+0000] {logging_mixin.py:190} INFO - Invalid or empty storage_state.json, will not use it.
[2025-05-08T07:54:31.173+0000] {job.py:229} INFO - Heartbeat recovered after 13.68 seconds
[2025-05-08T07:54:24.516+0000] {logging_mixin.py:190} INFO - Scrolling down... 0
[2025-05-08T07:54:29.337+0000] {logging_mixin.py:190} INFO - Reading URLs from scraped_data/x.txt...
[2025-05-08T07:54:29.748+0000] {logging_mixin.py:190} INFO - No URLs found in the file.
[2025-05-08T07:54:29.749+0000] {python.py:240} INFO - Done. Returned value was: None
[2025-05-08T07:54:29.756+0000] {taskinstance.py:340} INFO - ::group::Post task execution logs
[2025-05-08T07:54:29.757+0000] {taskinstance.py:352} INFO - Marking task as SUCCESS. dag_id=x_videos_scraper_dag, task_id=x_videos_scraper, run_id=manual__2025-05-08T07:54:16.907968+00:00, execution_date=20250508T075416, start_date=20250508T075417, end_date=20250508T075429
[2025-05-08T07:54:35.203+0000] {local_task_job_runner.py:261} INFO - Task exited with return code 0
[2025-05-08T07:54:35.214+0000] {taskinstance.py:3891} INFO - 0 downstream tasks scheduled from follow-on schedule check
[2025-05-08T07:54:35.215+0000] {local_task_job_runner.py:240} INFO - ::endgroup::
