[2025-05-08T04:03:13.032+0000] {local_task_job_runner.py:123} INFO - ::group::Pre task execution logs
[2025-05-08T04:03:13.043+0000] {taskinstance.py:2603} INFO - Dependencies all met for dep_context=non-requeueable deps ti=<TaskInstance: facebook_videos_scraper_dag.fb_videos_scraper manual__2025-05-08T04:03:05.028444+00:00 [queued]>
[2025-05-08T04:03:13.048+0000] {taskinstance.py:2603} INFO - Dependencies all met for dep_context=requeueable deps ti=<TaskInstance: facebook_videos_scraper_dag.fb_videos_scraper manual__2025-05-08T04:03:05.028444+00:00 [queued]>
[2025-05-08T04:03:13.048+0000] {taskinstance.py:2856} INFO - Starting attempt 1 of 1
[2025-05-08T04:03:13.056+0000] {taskinstance.py:2879} INFO - Executing <Task(_PythonDecoratedOperator): fb_videos_scraper> on 2025-05-08 04:03:05.028444+00:00
[2025-05-08T04:03:13.059+0000] {standard_task_runner.py:72} INFO - Started process 626 to run task
[2025-05-08T04:03:13.061+0000] {standard_task_runner.py:104} INFO - Running: ['airflow', 'tasks', 'run', 'facebook_videos_scraper_dag', 'fb_videos_scraper', 'manual__2025-05-08T04:03:05.028444+00:00', '--job-id', '4931', '--raw', '--subdir', 'DAGS_FOLDER/pipeline.py', '--cfg-path', '/tmp/tmp2tc7ocvg']
[2025-05-08T04:03:13.063+0000] {standard_task_runner.py:105} INFO - Job 4931: Subtask fb_videos_scraper
[2025-05-08T04:03:13.100+0000] {task_command.py:467} INFO - Running <TaskInstance: facebook_videos_scraper_dag.fb_videos_scraper manual__2025-05-08T04:03:05.028444+00:00 [running]> on host 2c71b1bd6896
[2025-05-08T04:03:13.153+0000] {taskinstance.py:3122} INFO - Exporting env vars: AIRFLOW_CTX_DAG_OWNER='airflow' AIRFLOW_CTX_DAG_ID='facebook_videos_scraper_dag' AIRFLOW_CTX_TASK_ID='fb_videos_scraper' AIRFLOW_CTX_EXECUTION_DATE='2025-05-08T04:03:05.028444+00:00' AIRFLOW_CTX_TRY_NUMBER='1' AIRFLOW_CTX_DAG_RUN_ID='manual__2025-05-08T04:03:05.028444+00:00'
[2025-05-08T04:03:13.154+0000] {taskinstance.py:731} INFO - ::endgroup::
[2025-05-08T04:03:13.176+0000] {selenium_manager.py:133} WARNING - The chromedriver version (136.0.7103.59) detected in PATH at /usr/bin/chromedriver might not be compatible with the detected chrome version (136.0.7103.92); currently, chromedriver 136.0.7103.92 is recommended for chrome 136.*, so it is advised to delete the driver in PATH and retry
[2025-05-08T04:03:14.752+0000] {logging_mixin.py:190} INFO - Step 1 of 3 - Load cookies
[2025-05-08T04:03:14.784+0000] {logging_mixin.py:190} INFO - An Error occurred while loading cookies [Errno 2] No such file or directory: 
'cookies/fb_cookies.json'
[2025-05-08T04:03:15.272+0000] {logging_mixin.py:190} INFO - Step 2 of 3 - Scrolling page
[2025-05-08T04:03:15.272+0000] {logging_mixin.py:190} INFO - Scrolling...
[2025-05-08T04:03:21.395+0000] {logging_mixin.py:190} INFO - Step 3 of 3 - Extract videos urls
[2025-05-08T04:03:21.406+0000] {logging_mixin.py:190} INFO - Found 32 a tags
[2025-05-08T04:03:21.485+0000] {logging_mixin.py:190} INFO - Found href: https://www.facebook.com/100087341155257/videos/300258409024726
[2025-05-08T04:03:21.491+0000] {logging_mixin.py:190} INFO - Found href: https://www.facebook.com/official.parkhangseo/videos/612326127913584/
[2025-05-08T04:03:21.502+0000] {logging_mixin.py:190} INFO - Found href: https://www.facebook.com/official.parkhangseo/videos/focus-on-the-park-hang-seo-international-junior-festivali-cant-wait-to-go-on-the/1019921852555282/
[2025-05-08T04:03:21.513+0000] {logging_mixin.py:190} INFO - Found href: https://www.facebook.com/official.parkhangseo/videos/trao-g%E1%BB%ADi-y%C3%AAu-th%C6%B0%C6%A1ng-nu%C3%B4i-d%C6%B0%E1%BB%A1ng-t%C6%B0%C6%A1ng-lai-l%C3%A0-tinh-th%E1%BA%A7n-h%E1%BB%8Dc-vi%E1%BB%87n-b%C3%B3ng-%C4%91%C3%A1-qu%E1%BB%91c-t%E1%BA%BF-p/1496815271117860/
[2025-05-08T04:03:21.525+0000] {logging_mixin.py:190} INFO - Found href: https://www.facebook.com/official.parkhangseo/videos/my-little-tani-since-tani-came-to-our-family-the-whole-family-has-been-able-to-t/7206305039381158/
[2025-05-08T04:03:21.537+0000] {logging_mixin.py:190} INFO - Found href: https://www.facebook.com/official.parkhangseo/videos/300258409024726/
[2025-05-08T04:03:21.551+0000] {logging_mixin.py:190} INFO - Found href: https://www.facebook.com/official.parkhangseo/videos/yesterday-i-was-honored-to-attend-many-events-attended-by-the-president-and-poli/736392504839613/
[2025-05-08T04:03:21.561+0000] {logging_mixin.py:190} INFO - Found href: https://www.facebook.com/official.parkhangseo/videos/199672223024300/
[2025-05-08T04:03:21.571+0000] {logging_mixin.py:190} INFO - Found href: https://www.facebook.com/official.parkhangseo/videos/796377181594223/
[2025-05-08T04:03:21.582+0000] {logging_mixin.py:190} INFO - Found href: https://www.facebook.com/official.parkhangseo/videos/some-throwback-thursday-will-always-cherrish-the-memories-with-my-players-do-you/963843274971699/
[2025-05-08T04:03:21.594+0000] {logging_mixin.py:190} INFO - Found 10 href elements
[2025-05-08T04:03:21.595+0000] {logging_mixin.py:190} INFO -  Scraped data:
[2025-05-08T04:03:21.595+0000] {logging_mixin.py:190} INFO -  - https://www.facebook.com/100087341155257/videos/300258409024726
[2025-05-08T04:03:21.595+0000] {logging_mixin.py:190} INFO -  - https://www.facebook.com/official.parkhangseo/videos/612326127913584/
[2025-05-08T04:03:21.596+0000] {logging_mixin.py:190} INFO -  - 
https://www.facebook.com/official.parkhangseo/videos/focus-on-the-park-hang-seo-
international-junior-festivali-cant-wait-to-go-on-the/1019921852555282/
[2025-05-08T04:03:21.596+0000] {logging_mixin.py:190} INFO -  - 
https://www.facebook.com/official.parkhangseo/videos/trao-g%E1%BB%ADi-y%C3%AAu-t
h%C6%B0%C6%A1ng-nu%C3%B4i-d%C6%B0%E1%BB%A1ng-t%C6%B0%C6%A1ng-lai-l%C3%A0-tinh-th
%E1%BA%A7n-h%E1%BB%8Dc-vi%E1%BB%87n-b%C3%B3ng-%C4%91%C3%A1-qu%E1%BB%91c-t%E1%BA%
BF-p/1496815271117860/
[2025-05-08T04:03:21.596+0000] {logging_mixin.py:190} INFO -  - 
https://www.facebook.com/official.parkhangseo/videos/my-little-tani-since-tani-c
ame-to-our-family-the-whole-family-has-been-able-to-t/7206305039381158/
[2025-05-08T04:03:21.597+0000] {logging_mixin.py:190} INFO -  - https://www.facebook.com/official.parkhangseo/videos/300258409024726/
[2025-05-08T04:03:21.597+0000] {logging_mixin.py:190} INFO -  - 
https://www.facebook.com/official.parkhangseo/videos/yesterday-i-was-honored-to-
attend-many-events-attended-by-the-president-and-poli/736392504839613/
[2025-05-08T04:03:21.597+0000] {logging_mixin.py:190} INFO -  - https://www.facebook.com/official.parkhangseo/videos/199672223024300/
[2025-05-08T04:03:21.598+0000] {logging_mixin.py:190} INFO -  - https://www.facebook.com/official.parkhangseo/videos/796377181594223/
[2025-05-08T04:03:21.598+0000] {logging_mixin.py:190} INFO -  - 
https://www.facebook.com/official.parkhangseo/videos/some-throwback-thursday-wil
l-always-cherrish-the-memories-with-my-players-do-you/963843274971699/
[2025-05-08T04:03:21.598+0000] {logging_mixin.py:190} INFO - Don't close the app! Saving scraped data to database, it can take a while!
[2025-05-08T04:03:21.599+0000] {logging_mixin.py:190} INFO - An error occurred [Errno 2] No such file or directory: 
'scraped_data/facebook.txt'
[2025-05-08T04:03:21.599+0000] {logging_mixin.py:190} INFO - Reading URLs from scraped_data/facebook.txt...
[2025-05-08T04:03:22.192+0000] {taskinstance.py:3301} ERROR - Task failed with exception
Traceback (most recent call last):
  File "/home/airflow/.local/lib/python3.10/site-packages/airflow/models/taskinstance.py", line 767, in _execute_task
    result = _execute_callable(context=context, **execute_callable_kwargs)
  File "/home/airflow/.local/lib/python3.10/site-packages/airflow/models/taskinstance.py", line 733, in _execute_callable
    return ExecutionCallableRunner(
  File "/home/airflow/.local/lib/python3.10/site-packages/airflow/utils/operator_helpers.py", line 252, in run
    return self.func(*args, **kwargs)
  File "/home/airflow/.local/lib/python3.10/site-packages/airflow/models/baseoperator.py", line 406, in wrapper
    return func(self, *args, **kwargs)
  File "/home/airflow/.local/lib/python3.10/site-packages/airflow/decorators/base.py", line 266, in execute
    return_value = super().execute(context)
  File "/home/airflow/.local/lib/python3.10/site-packages/airflow/models/baseoperator.py", line 406, in wrapper
    return func(self, *args, **kwargs)
  File "/home/airflow/.local/lib/python3.10/site-packages/airflow/operators/python.py", line 238, in execute
    return_value = self.execute_callable()
  File "/home/airflow/.local/lib/python3.10/site-packages/airflow/operators/python.py", line 256, in execute_callable
    return runner.run(*self.op_args, **self.op_kwargs)
  File "/home/airflow/.local/lib/python3.10/site-packages/airflow/utils/operator_helpers.py", line 252, in run
    return self.func(*args, **kwargs)
  File "/opt/airflow/dags/tasks/fb_videos_scraper.py", line 13, in fb_videos_scraper
    batch_download_from_file(FACEBOOK_FILE_PATH, DOWNLOAD_DIRECTORY, tiktok=False)
  File "/opt/airflow/dags/utils/downloader.py", line 115, in batch_download_from_file
    with open(file_path, "r") as file:
IsADirectoryError: [Errno 21] Is a directory: 'scraped_data/facebook.txt'
[2025-05-08T04:03:22.202+0000] {taskinstance.py:1225} INFO - Marking task as FAILED. dag_id=facebook_videos_scraper_dag, task_id=fb_videos_scraper, run_id=manual__2025-05-08T04:03:05.028444+00:00, execution_date=20250508T040305, start_date=20250508T040313, end_date=20250508T040322
[2025-05-08T04:03:22.213+0000] {taskinstance.py:340} INFO - ::group::Post task execution logs
[2025-05-08T04:03:22.213+0000] {standard_task_runner.py:124} ERROR - Failed to execute job 4931 for task fb_videos_scraper ([Errno 21] Is a directory: 'scraped_data/facebook.txt'; 626)
Traceback (most recent call last):
  File "/home/airflow/.local/lib/python3.10/site-packages/airflow/task/task_runner/standard_task_runner.py", line 117, in _start_by_fork
    ret = args.func(args, dag=self.dag)
  File "/home/airflow/.local/lib/python3.10/site-packages/airflow/cli/cli_config.py", line 49, in command
    return func(*args, **kwargs)
  File "/home/airflow/.local/lib/python3.10/site-packages/airflow/utils/cli.py", line 115, in wrapper
    return f(*args, **kwargs)
  File "/home/airflow/.local/lib/python3.10/site-packages/airflow/cli/commands/task_command.py", line 483, in task_run
    task_return_code = _run_task_by_selected_method(args, _dag, ti)
  File "/home/airflow/.local/lib/python3.10/site-packages/airflow/cli/commands/task_command.py", line 256, in _run_task_by_selected_method
    return _run_raw_task(args, ti)
  File "/home/airflow/.local/lib/python3.10/site-packages/airflow/cli/commands/task_command.py", line 341, in _run_raw_task
    return ti._run_raw_task(
  File "/home/airflow/.local/lib/python3.10/site-packages/airflow/utils/session.py", line 97, in wrapper
    return func(*args, session=session, **kwargs)
  File "/home/airflow/.local/lib/python3.10/site-packages/airflow/models/taskinstance.py", line 2995, in _run_raw_task
    return _run_raw_task(
  File "/home/airflow/.local/lib/python3.10/site-packages/airflow/models/taskinstance.py", line 273, in _run_raw_task
    TaskInstance._execute_task_with_callbacks(
  File "/home/airflow/.local/lib/python3.10/site-packages/airflow/models/taskinstance.py", line 3149, in _execute_task_with_callbacks
    result = self._execute_task(context, task_orig)
  File "/home/airflow/.local/lib/python3.10/site-packages/airflow/models/taskinstance.py", line 3173, in _execute_task
    return _execute_task(self, context, task_orig)
  File "/home/airflow/.local/lib/python3.10/site-packages/airflow/models/taskinstance.py", line 767, in _execute_task
    result = _execute_callable(context=context, **execute_callable_kwargs)
  File "/home/airflow/.local/lib/python3.10/site-packages/airflow/models/taskinstance.py", line 733, in _execute_callable
    return ExecutionCallableRunner(
  File "/home/airflow/.local/lib/python3.10/site-packages/airflow/utils/operator_helpers.py", line 252, in run
    return self.func(*args, **kwargs)
  File "/home/airflow/.local/lib/python3.10/site-packages/airflow/models/baseoperator.py", line 406, in wrapper
    return func(self, *args, **kwargs)
  File "/home/airflow/.local/lib/python3.10/site-packages/airflow/decorators/base.py", line 266, in execute
    return_value = super().execute(context)
  File "/home/airflow/.local/lib/python3.10/site-packages/airflow/models/baseoperator.py", line 406, in wrapper
    return func(self, *args, **kwargs)
  File "/home/airflow/.local/lib/python3.10/site-packages/airflow/operators/python.py", line 238, in execute
    return_value = self.execute_callable()
  File "/home/airflow/.local/lib/python3.10/site-packages/airflow/operators/python.py", line 256, in execute_callable
    return runner.run(*self.op_args, **self.op_kwargs)
  File "/home/airflow/.local/lib/python3.10/site-packages/airflow/utils/operator_helpers.py", line 252, in run
    return self.func(*args, **kwargs)
  File "/opt/airflow/dags/tasks/fb_videos_scraper.py", line 13, in fb_videos_scraper
    batch_download_from_file(FACEBOOK_FILE_PATH, DOWNLOAD_DIRECTORY, tiktok=False)
  File "/opt/airflow/dags/utils/downloader.py", line 115, in batch_download_from_file
    with open(file_path, "r") as file:
IsADirectoryError: [Errno 21] Is a directory: 'scraped_data/facebook.txt'
[2025-05-08T04:03:22.240+0000] {local_task_job_runner.py:261} INFO - Task exited with return code 1
[2025-05-08T04:03:22.252+0000] {taskinstance.py:3891} INFO - 0 downstream tasks scheduled from follow-on schedule check
[2025-05-08T04:03:22.255+0000] {local_task_job_runner.py:240} INFO - ::endgroup::
