[2025-05-05T10:36:34.901+0000] {local_task_job_runner.py:123} INFO - ::group::Pre task execution logs
[2025-05-05T10:36:34.914+0000] {taskinstance.py:2603} INFO - Dependencies all met for dep_context=non-requeueable deps ti=<TaskInstance: dag1.group1.task2 scheduled__2021-05-03T00:00:00+00:00 [queued]>
[2025-05-05T10:36:34.920+0000] {taskinstance.py:2603} INFO - Dependencies all met for dep_context=requeueable deps ti=<TaskInstance: dag1.group1.task2 scheduled__2021-05-03T00:00:00+00:00 [queued]>
[2025-05-05T10:36:34.920+0000] {taskinstance.py:2856} INFO - Starting attempt 1 of 3
[2025-05-05T10:36:34.952+0000] {taskinstance.py:2879} INFO - Executing <Task(BashOperator): group1.task2> on 2021-05-03 00:00:00+00:00
[2025-05-05T10:36:34.954+0000] {standard_task_runner.py:72} INFO - Started process 12601 to run task
[2025-05-05T10:36:34.958+0000] {standard_task_runner.py:104} INFO - Running: ['airflow', 'tasks', 'run', 'dag1', 'group1.task2', 'scheduled__2021-05-03T00:00:00+00:00', '--job-id', '4151', '--raw', '--subdir', 'DAGS_FOLDER/tuts/taskgroup_basic.py', '--cfg-path', '/tmp/tmp4aut_uiw']
[2025-05-05T10:36:34.959+0000] {standard_task_runner.py:105} INFO - Job 4151: Subtask group1.task2
[2025-05-05T10:36:35.001+0000] {task_command.py:467} INFO - Running <TaskInstance: dag1.group1.task2 scheduled__2021-05-03T00:00:00+00:00 [running]> on host 2c7afa36055b
[2025-05-05T10:36:35.054+0000] {taskinstance.py:3122} INFO - Exporting env vars: AIRFLOW_CTX_DAG_OWNER='airflow' AIRFLOW_CTX_DAG_ID='dag1' AIRFLOW_CTX_TASK_ID='group1.task2' AIRFLOW_CTX_EXECUTION_DATE='2021-05-03T00:00:00+00:00' AIRFLOW_CTX_TRY_NUMBER='1' AIRFLOW_CTX_DAG_RUN_ID='scheduled__2021-05-03T00:00:00+00:00'
[2025-05-05T10:36:35.054+0000] {taskinstance.py:731} INFO - ::endgroup::
[2025-05-05T10:36:35.056+0000] {subprocess.py:63} INFO - Tmp dir root location: /tmp
[2025-05-05T10:36:35.056+0000] {subprocess.py:75} INFO - Running command: ['/usr/bin/bash', '-c', 'echo Hello World!']
[2025-05-05T10:36:35.061+0000] {subprocess.py:86} INFO - Output:
[2025-05-05T10:36:35.062+0000] {subprocess.py:93} INFO - Hello World!
[2025-05-05T10:36:35.063+0000] {subprocess.py:97} INFO - Command exited with return code 0
[2025-05-05T10:36:35.079+0000] {taskinstance.py:340} INFO - ::group::Post task execution logs
[2025-05-05T10:36:35.080+0000] {taskinstance.py:352} INFO - Marking task as SUCCESS. dag_id=dag1, task_id=group1.task2, run_id=scheduled__2021-05-03T00:00:00+00:00, execution_date=20210503T000000, start_date=20250505T103634, end_date=20250505T103635
[2025-05-05T10:36:35.090+0000] {local_task_job_runner.py:261} INFO - Task exited with return code 0
[2025-05-05T10:36:35.101+0000] {taskinstance.py:3891} INFO - 0 downstream tasks scheduled from follow-on schedule check
[2025-05-05T10:36:35.102+0000] {local_task_job_runner.py:240} INFO - ::endgroup::
