[2025-05-23T03:45:07.093+0000] {local_task_job_runner.py:123} INFO - ::group::Pre task execution logs
[2025-05-23T03:45:07.104+0000] {taskinstance.py:2603} INFO - Dependencies all met for dep_context=non-requeueable deps ti=<TaskInstance: facebook_videos_scraper_dag.get_links_task manual__2025-05-23T03:45:06.282050+00:00 [queued]>
[2025-05-23T03:45:07.109+0000] {taskinstance.py:2603} INFO - Dependencies all met for dep_context=requeueable deps ti=<TaskInstance: facebook_videos_scraper_dag.get_links_task manual__2025-05-23T03:45:06.282050+00:00 [queued]>
[2025-05-23T03:45:07.109+0000] {taskinstance.py:2856} INFO - Starting attempt 1 of 1
[2025-05-23T03:45:07.125+0000] {taskinstance.py:2879} INFO - Executing <Task(PythonOperator): get_links_task> on 2025-05-23 03:45:06.282050+00:00
[2025-05-23T03:45:07.128+0000] {standard_task_runner.py:72} INFO - Started process 658 to run task
[2025-05-23T03:45:07.131+0000] {standard_task_runner.py:104} INFO - Running: ['airflow', 'tasks', 'run', 'facebook_videos_scraper_dag', 'get_links_task', 'manual__2025-05-23T03:45:06.282050+00:00', '--job-id', '6578', '--raw', '--subdir', 'DAGS_FOLDER/pipeline_fb.py', '--cfg-path', '/tmp/tmp05eeiuw2']
[2025-05-23T03:45:07.133+0000] {standard_task_runner.py:105} INFO - Job 6578: Subtask get_links_task
[2025-05-23T03:45:07.172+0000] {task_command.py:467} INFO - Running <TaskInstance: facebook_videos_scraper_dag.get_links_task manual__2025-05-23T03:45:06.282050+00:00 [running]> on host d48b22c1eeec
[2025-05-23T03:45:07.228+0000] {taskinstance.py:3122} INFO - Exporting env vars: AIRFLOW_CTX_DAG_OWNER='airflow' AIRFLOW_CTX_DAG_ID='facebook_videos_scraper_dag' AIRFLOW_CTX_TASK_ID='get_links_task' AIRFLOW_CTX_EXECUTION_DATE='2025-05-23T03:45:06.282050+00:00' AIRFLOW_CTX_TRY_NUMBER='1' AIRFLOW_CTX_DAG_RUN_ID='manual__2025-05-23T03:45:06.282050+00:00'
[2025-05-23T03:45:07.229+0000] {taskinstance.py:731} INFO - ::endgroup::
[2025-05-23T03:45:07.268+0000] {selenium_manager.py:133} WARNING - The chromedriver version (136.0.7103.59) detected in PATH at /usr/bin/chromedriver might not be compatible with the detected chrome version (136.0.7103.113); currently, chromedriver 136.0.7103.113 is recommended for chrome 136.*, so it is advised to delete the driver in PATH and retry
[2025-05-23T03:45:09.438+0000] {logging_mixin.py:190} INFO - Step 1 of 3 - Load cookies
[2025-05-23T03:45:12.337+0000] {logging_mixin.py:190} INFO - Step 2 of 3 - Scrolling page
[2025-05-23T03:45:12.338+0000] {logging_mixin.py:190} INFO - Scrolling 1 iterations...
[2025-05-23T03:45:18.367+0000] {logging_mixin.py:190} INFO - Scrolling stopped after 2 iterations
[2025-05-23T03:45:18.367+0000] {logging_mixin.py:190} INFO - Scrolled 2 iterations
[2025-05-23T03:45:18.368+0000] {logging_mixin.py:190} INFO - Step 3 of 3 - Extract videos urls
[2025-05-23T03:45:18.382+0000] {logging_mixin.py:190} INFO - Found 152 a tags
[2025-05-23T03:45:18.678+0000] {logging_mixin.py:190} INFO - Found href: https://www.facebook.com/100044296156511/videos/1362494931698063
[2025-05-23T03:45:18.695+0000] {logging_mixin.py:190} INFO - Found href: https://www.facebook.com/manchesterunited/videos/1362494931698063/?comment_id=1801202197123560&__tn__=R]
[2025-05-23T03:45:18.702+0000] {logging_mixin.py:190} INFO - Found href: https://www.facebook.com/manchesterunited/videos/1760397254561973/
[2025-05-23T03:45:18.726+0000] {logging_mixin.py:190} INFO - Found href: https://www.facebook.com/manchesterunited/videos/1362494931698063/
[2025-05-23T03:45:18.737+0000] {logging_mixin.py:190} INFO - Found href: https://www.facebook.com/manchesterunited/videos/694643923451384/
[2025-05-23T03:45:18.758+0000] {logging_mixin.py:190} INFO - Found href: https://www.facebook.com/manchesterunited/videos/1909441793191388/
[2025-05-23T03:45:18.773+0000] {logging_mixin.py:190} INFO - Found href: https://www.facebook.com/manchesterunited/videos/982409090722070/
[2025-05-23T03:45:18.783+0000] {logging_mixin.py:190} INFO - Found href: https://www.facebook.com/manchesterunited/videos/1773022476944052/
[2025-05-23T03:45:18.809+0000] {logging_mixin.py:190} INFO - Found href: https://www.facebook.com/manchesterunited/videos/8274229069266765/
[2025-05-23T03:45:18.819+0000] {logging_mixin.py:190} INFO - Found href: https://www.facebook.com/manchesterunited/videos/556226863742204/
[2025-05-23T03:45:18.828+0000] {logging_mixin.py:190} INFO - Found href: https://www.facebook.com/manchesterunited/videos/1041336940536570/
[2025-05-23T03:45:18.838+0000] {logging_mixin.py:190} INFO - Found href: https://www.facebook.com/manchesterunited/videos/529340563294260/
[2025-05-23T03:45:18.849+0000] {logging_mixin.py:190} INFO - Found href: https://www.facebook.com/manchesterunited/videos/1276522580331422/
[2025-05-23T03:45:18.859+0000] {logging_mixin.py:190} INFO - Found href: https://www.facebook.com/manchesterunited/videos/882764287377874/
[2025-05-23T03:45:18.947+0000] {logging_mixin.py:190} INFO - Found href: https://www.facebook.com/manchesterunited/videos/1224491469029211/
[2025-05-23T03:45:18.962+0000] {logging_mixin.py:190} INFO - Found href: https://www.facebook.com/manchesterunited/videos/1382642382862628/
[2025-05-23T03:45:18.988+0000] {logging_mixin.py:190} INFO - Found href: https://www.facebook.com/manchesterunited/videos/1036340441761267/
[2025-05-23T03:45:19.005+0000] {logging_mixin.py:190} INFO - Found href: https://www.facebook.com/manchesterunited/videos/1732823114334576/
[2025-05-23T03:45:19.017+0000] {logging_mixin.py:190} INFO - Found href: https://www.facebook.com/manchesterunited/videos/1060728405963374/
[2025-05-23T03:45:19.028+0000] {logging_mixin.py:190} INFO - Found href: https://www.facebook.com/manchesterunited/videos/585960207199512/
[2025-05-23T03:45:19.044+0000] {logging_mixin.py:190} INFO - Found href: https://www.facebook.com/manchesterunited/videos/656884980546031/
[2025-05-23T03:45:19.054+0000] {logging_mixin.py:190} INFO - Found href: https://www.facebook.com/manchesterunited/videos/708154504977360/
[2025-05-23T03:45:19.066+0000] {logging_mixin.py:190} INFO - Found href: https://www.facebook.com/manchesterunited/videos/549543607852382/
[2025-05-23T03:45:19.077+0000] {logging_mixin.py:190} INFO - Found href: https://www.facebook.com/manchesterunited/videos/1098363302098361/
[2025-05-23T03:45:19.092+0000] {logging_mixin.py:190} INFO - Found href: https://www.facebook.com/manchesterunited/videos/630843533284430/
[2025-05-23T03:45:19.105+0000] {logging_mixin.py:190} INFO - Found href: https://www.facebook.com/manchesterunited/videos/670698715660708/
[2025-05-23T03:45:19.120+0000] {logging_mixin.py:190} INFO - Found href: https://www.facebook.com/manchesterunited/videos/1524027855224342/
[2025-05-23T03:45:19.130+0000] {logging_mixin.py:190} INFO - Found href: https://www.facebook.com/manchesterunited/videos/1190062166120574/
[2025-05-23T03:45:19.146+0000] {logging_mixin.py:190} INFO - Found href: https://www.facebook.com/manchesterunited/videos/1815873059208157/
[2025-05-23T03:45:19.155+0000] {logging_mixin.py:190} INFO - Found href: https://www.facebook.com/manchesterunited/videos/712907761084756/
[2025-05-23T03:45:19.192+0000] {logging_mixin.py:190} INFO - Found href: https://www.facebook.com/manchesterunited/videos/3029630467191422/
[2025-05-23T03:45:19.200+0000] {logging_mixin.py:190} INFO - Found href: https://www.facebook.com/manchesterunited/videos/1769184690305703/
[2025-05-23T03:45:19.208+0000] {logging_mixin.py:190} INFO - Found href: https://www.facebook.com/manchesterunited/videos/1356004988974021/
[2025-05-23T03:45:19.221+0000] {logging_mixin.py:190} INFO - Found href: https://www.facebook.com/manchesterunited/videos/1714593262803189/
[2025-05-23T03:45:19.239+0000] {logging_mixin.py:190} INFO - Found href: https://www.facebook.com/manchesterunited/videos/29292281887084616/
[2025-05-23T03:45:19.249+0000] {logging_mixin.py:190} INFO - Found href: https://www.facebook.com/manchesterunited/videos/1102701414956372/
[2025-05-23T03:45:19.266+0000] {logging_mixin.py:190} INFO - Found href: https://www.facebook.com/manchesterunited/videos/1000009215557053/
[2025-05-23T03:45:19.277+0000] {logging_mixin.py:190} INFO - Found href: https://www.facebook.com/manchesterunited/videos/1167294368037743/
[2025-05-23T03:45:19.286+0000] {logging_mixin.py:190} INFO - Found href: https://www.facebook.com/manchesterunited/videos/2158323417933631/
[2025-05-23T03:45:19.295+0000] {logging_mixin.py:190} INFO - Found href: https://www.facebook.com/manchesterunited/videos/1165652401453375/
[2025-05-23T03:45:19.304+0000] {logging_mixin.py:190} INFO - Found href: https://www.facebook.com/manchesterunited/videos/1222232559317315/
[2025-05-23T03:45:19.308+0000] {logging_mixin.py:190} INFO - Found 41 href elements
[2025-05-23T03:45:19.309+0000] {logging_mixin.py:190} INFO -  Scraped data:
[2025-05-23T03:45:19.309+0000] {logging_mixin.py:190} INFO -  - https://www.facebook.com/100044296156511/videos/1362494931698063
[2025-05-23T03:45:19.310+0000] {logging_mixin.py:190} INFO -  - 
https://www.facebook.com/manchesterunited/videos/1362494931698063/?comment_id=18
01202197123560&__tn__=R]
[2025-05-23T03:45:19.310+0000] {logging_mixin.py:190} INFO -  - https://www.facebook.com/manchesterunited/videos/1760397254561973/
[2025-05-23T03:45:19.310+0000] {logging_mixin.py:190} INFO -  - https://www.facebook.com/manchesterunited/videos/1362494931698063/
[2025-05-23T03:45:19.311+0000] {logging_mixin.py:190} INFO -  - https://www.facebook.com/manchesterunited/videos/694643923451384/
[2025-05-23T03:45:19.311+0000] {logging_mixin.py:190} INFO -  - https://www.facebook.com/manchesterunited/videos/1909441793191388/
[2025-05-23T03:45:19.311+0000] {logging_mixin.py:190} INFO -  - https://www.facebook.com/manchesterunited/videos/982409090722070/
[2025-05-23T03:45:19.312+0000] {logging_mixin.py:190} INFO -  - https://www.facebook.com/manchesterunited/videos/1773022476944052/
[2025-05-23T03:45:19.312+0000] {logging_mixin.py:190} INFO -  - https://www.facebook.com/manchesterunited/videos/8274229069266765/
[2025-05-23T03:45:19.312+0000] {logging_mixin.py:190} INFO -  - https://www.facebook.com/manchesterunited/videos/556226863742204/
[2025-05-23T03:45:19.312+0000] {logging_mixin.py:190} INFO -  - https://www.facebook.com/manchesterunited/videos/1041336940536570/
[2025-05-23T03:45:19.313+0000] {logging_mixin.py:190} INFO -  - https://www.facebook.com/manchesterunited/videos/529340563294260/
[2025-05-23T03:45:19.313+0000] {logging_mixin.py:190} INFO -  - https://www.facebook.com/manchesterunited/videos/1276522580331422/
[2025-05-23T03:45:19.313+0000] {logging_mixin.py:190} INFO -  - https://www.facebook.com/manchesterunited/videos/882764287377874/
[2025-05-23T03:45:19.314+0000] {logging_mixin.py:190} INFO -  - https://www.facebook.com/manchesterunited/videos/1224491469029211/
[2025-05-23T03:45:19.314+0000] {logging_mixin.py:190} INFO -  - https://www.facebook.com/manchesterunited/videos/1382642382862628/
[2025-05-23T03:45:19.314+0000] {logging_mixin.py:190} INFO -  - https://www.facebook.com/manchesterunited/videos/1036340441761267/
[2025-05-23T03:45:19.314+0000] {logging_mixin.py:190} INFO -  - https://www.facebook.com/manchesterunited/videos/1732823114334576/
[2025-05-23T03:45:19.315+0000] {logging_mixin.py:190} INFO -  - https://www.facebook.com/manchesterunited/videos/1060728405963374/
[2025-05-23T03:45:19.315+0000] {logging_mixin.py:190} INFO -  - https://www.facebook.com/manchesterunited/videos/585960207199512/
[2025-05-23T03:45:19.315+0000] {logging_mixin.py:190} INFO -  - https://www.facebook.com/manchesterunited/videos/656884980546031/
[2025-05-23T03:45:19.316+0000] {logging_mixin.py:190} INFO -  - https://www.facebook.com/manchesterunited/videos/708154504977360/
[2025-05-23T03:45:19.316+0000] {logging_mixin.py:190} INFO -  - https://www.facebook.com/manchesterunited/videos/549543607852382/
[2025-05-23T03:45:19.316+0000] {logging_mixin.py:190} INFO -  - https://www.facebook.com/manchesterunited/videos/1098363302098361/
[2025-05-23T03:45:19.316+0000] {logging_mixin.py:190} INFO -  - https://www.facebook.com/manchesterunited/videos/630843533284430/
[2025-05-23T03:45:19.317+0000] {logging_mixin.py:190} INFO -  - https://www.facebook.com/manchesterunited/videos/670698715660708/
[2025-05-23T03:45:19.317+0000] {logging_mixin.py:190} INFO -  - https://www.facebook.com/manchesterunited/videos/1524027855224342/
[2025-05-23T03:45:19.317+0000] {logging_mixin.py:190} INFO -  - https://www.facebook.com/manchesterunited/videos/1190062166120574/
[2025-05-23T03:45:19.317+0000] {logging_mixin.py:190} INFO -  - https://www.facebook.com/manchesterunited/videos/1815873059208157/
[2025-05-23T03:45:19.318+0000] {logging_mixin.py:190} INFO -  - https://www.facebook.com/manchesterunited/videos/712907761084756/
[2025-05-23T03:45:19.318+0000] {logging_mixin.py:190} INFO -  - https://www.facebook.com/manchesterunited/videos/3029630467191422/
[2025-05-23T03:45:19.318+0000] {logging_mixin.py:190} INFO -  - https://www.facebook.com/manchesterunited/videos/1769184690305703/
[2025-05-23T03:45:19.319+0000] {logging_mixin.py:190} INFO -  - https://www.facebook.com/manchesterunited/videos/1356004988974021/
[2025-05-23T03:45:19.319+0000] {logging_mixin.py:190} INFO -  - https://www.facebook.com/manchesterunited/videos/1714593262803189/
[2025-05-23T03:45:19.319+0000] {logging_mixin.py:190} INFO -  - https://www.facebook.com/manchesterunited/videos/29292281887084616/
[2025-05-23T03:45:19.319+0000] {logging_mixin.py:190} INFO -  - https://www.facebook.com/manchesterunited/videos/1102701414956372/
[2025-05-23T03:45:19.320+0000] {logging_mixin.py:190} INFO -  - https://www.facebook.com/manchesterunited/videos/1000009215557053/
[2025-05-23T03:45:19.320+0000] {logging_mixin.py:190} INFO -  - https://www.facebook.com/manchesterunited/videos/1167294368037743/
[2025-05-23T03:45:19.320+0000] {logging_mixin.py:190} INFO -  - https://www.facebook.com/manchesterunited/videos/2158323417933631/
[2025-05-23T03:45:19.320+0000] {logging_mixin.py:190} INFO -  - https://www.facebook.com/manchesterunited/videos/1165652401453375/
[2025-05-23T03:45:19.321+0000] {logging_mixin.py:190} INFO -  - https://www.facebook.com/manchesterunited/videos/1222232559317315/
[2025-05-23T03:45:19.321+0000] {logging_mixin.py:190} INFO - Don't close the app! Saving scraped data to database, it can take a while!
[2025-05-23T03:45:19.331+0000] {warnings.py:109} WARNING - /opt/airflow/dags/app/core/database_utils.py:38: SAWarning: SELECT statement has a cartesian product between FROM element(s) "facebook" and FROM element "tiktok".  Apply join condition(s) between each element to resolve.
  return db.query(Facebook).filter(Tiktok.status == TaskStatus.SUCCESS.value).all()

[2025-05-23T03:45:20.006+0000] {logging_mixin.py:190} INFO - Remaining new videos: 2
[2025-05-23T03:45:20.007+0000] {logging_mixin.py:190} INFO - New videos: 2
[2025-05-23T03:45:20.135+0000] {python.py:240} INFO - Done. Returned value was: {'id': 'manchesterunited', 'new_links': ('https://www.facebook.com/manchesterunited/videos/1362494931698063/?comment_id=1801202197123560&__tn__=R]', 'https://www.facebook.com/100044296156511/videos/1362494931698063')}
[2025-05-23T03:45:20.164+0000] {taskinstance.py:340} INFO - ::group::Post task execution logs
[2025-05-23T03:45:20.164+0000] {taskinstance.py:352} INFO - Marking task as SUCCESS. dag_id=facebook_videos_scraper_dag, task_id=get_links_task, run_id=manual__2025-05-23T03:45:06.282050+00:00, execution_date=20250523T034506, start_date=20250523T034507, end_date=20250523T034520
[2025-05-23T03:45:20.213+0000] {local_task_job_runner.py:261} INFO - Task exited with return code 0
[2025-05-23T03:45:20.232+0000] {taskinstance.py:3891} INFO - 1 downstream tasks scheduled from follow-on schedule check
[2025-05-23T03:45:20.234+0000] {local_task_job_runner.py:240} INFO - ::endgroup::
