[2025-05-13T03:22:01.141+0000] {local_task_job_runner.py:123} INFO - ::group::Pre task execution logs
[2025-05-13T03:22:01.153+0000] {taskinstance.py:2603} INFO - Dependencies all met for dep_context=non-requeueable deps ti=<TaskInstance: facebook_videos_scraper_dag.fb_videos_scraper manual__2025-05-13T03:22:00.685239+00:00 [queued]>
[2025-05-13T03:22:01.159+0000] {taskinstance.py:2603} INFO - Dependencies all met for dep_context=requeueable deps ti=<TaskInstance: facebook_videos_scraper_dag.fb_videos_scraper manual__2025-05-13T03:22:00.685239+00:00 [queued]>
[2025-05-13T03:22:01.159+0000] {taskinstance.py:2856} INFO - Starting attempt 1 of 1
[2025-05-13T03:22:01.168+0000] {taskinstance.py:2879} INFO - Executing <Task(_PythonDecoratedOperator): fb_videos_scraper> on 2025-05-13 03:22:00.685239+00:00
[2025-05-13T03:22:01.170+0000] {standard_task_runner.py:72} INFO - Started process 9867 to run task
[2025-05-13T03:22:01.173+0000] {standard_task_runner.py:104} INFO - Running: ['airflow', 'tasks', 'run', 'facebook_videos_scraper_dag', 'fb_videos_scraper', 'manual__2025-05-13T03:22:00.685239+00:00', '--job-id', '5353', '--raw', '--subdir', 'DAGS_FOLDER/pipeline.py', '--cfg-path', '/tmp/tmpudn0wkxv']
[2025-05-13T03:22:01.175+0000] {standard_task_runner.py:105} INFO - Job 5353: Subtask fb_videos_scraper
[2025-05-13T03:22:01.211+0000] {task_command.py:467} INFO - Running <TaskInstance: facebook_videos_scraper_dag.fb_videos_scraper manual__2025-05-13T03:22:00.685239+00:00 [running]> on host 79b7354865cb
[2025-05-13T03:22:01.263+0000] {taskinstance.py:3122} INFO - Exporting env vars: AIRFLOW_CTX_DAG_OWNER='airflow' AIRFLOW_CTX_DAG_ID='facebook_videos_scraper_dag' AIRFLOW_CTX_TASK_ID='fb_videos_scraper' AIRFLOW_CTX_EXECUTION_DATE='2025-05-13T03:22:00.685239+00:00' AIRFLOW_CTX_TRY_NUMBER='1' AIRFLOW_CTX_DAG_RUN_ID='manual__2025-05-13T03:22:00.685239+00:00'
[2025-05-13T03:22:01.264+0000] {taskinstance.py:731} INFO - ::endgroup::
[2025-05-13T03:22:02.304+0000] {selenium_manager.py:133} WARNING - The chromedriver version (136.0.7103.59) detected in PATH at /usr/bin/chromedriver might not be compatible with the detected chrome version (136.0.7103.92); currently, chromedriver 136.0.7103.92 is recommended for chrome 136.*, so it is advised to delete the driver in PATH and retry
[2025-05-13T03:22:36.512+0000] {local_task_job_runner.py:341} WARNING - State of this instance has been externally set to failed. Terminating instance.
[2025-05-13T03:22:36.514+0000] {local_task_job_runner.py:240} INFO - ::endgroup::
[2025-05-13T03:22:36.515+0000] {process_utils.py:132} INFO - Sending 15 to group 9867. PIDs of all processes in the group: [9922, 9928, 9932, 9934, 9959, 9965, 9989, 9990, 10037, 9867]
[2025-05-13T03:22:36.515+0000] {process_utils.py:87} INFO - Sending the signal 15 to group 9867
[2025-05-13T03:22:36.516+0000] {taskinstance.py:3083} ERROR - Received SIGTERM. Terminating subprocesses.
[2025-05-13T03:22:36.518+0000] {process_utils.py:80} INFO - Process psutil.Process(pid=9965, status='terminated', started='03:22:02') (9965) terminated with exit code None
[2025-05-13T03:22:36.542+0000] {taskinstance.py:340} INFO - ::group::Post task execution logs
[2025-05-13T03:22:36.544+0000] {process_utils.py:80} INFO - Process psutil.Process(pid=9922, status='terminated', started='03:22:01') (9922) terminated with exit code None
[2025-05-13T03:22:36.549+0000] {process_utils.py:80} INFO - Process psutil.Process(pid=9867, status='terminated', exitcode=0, started='03:22:00') (9867) terminated with exit code 0
[2025-05-13T03:22:36.549+0000] {process_utils.py:80} INFO - Process psutil.Process(pid=9959, status='terminated', started='03:22:02') (9959) terminated with exit code None
[2025-05-13T03:22:36.549+0000] {process_utils.py:80} INFO - Process psutil.Process(pid=9928, status='terminated', started='03:22:02') (9928) terminated with exit code None
[2025-05-13T03:22:36.550+0000] {process_utils.py:80} INFO - Process psutil.Process(pid=10037, status='terminated', started='03:22:02') (10037) terminated with exit code None
[2025-05-13T03:22:36.550+0000] {process_utils.py:80} INFO - Process psutil.Process(pid=9934, status='terminated', started='03:22:02') (9934) terminated with exit code None
[2025-05-13T03:22:36.550+0000] {process_utils.py:80} INFO - Process psutil.Process(pid=9989, status='terminated', started='03:22:02') (9989) terminated with exit code None
[2025-05-13T03:22:36.550+0000] {process_utils.py:80} INFO - Process psutil.Process(pid=9990, status='terminated', started='03:22:02') (9990) terminated with exit code None
[2025-05-13T03:22:36.550+0000] {process_utils.py:80} INFO - Process psutil.Process(pid=9932, status='terminated', started='03:22:02') (9932) terminated with exit code None
