[2025-05-20T09:47:50.236+0000] {local_task_job_runner.py:123} INFO - ::group::Pre task execution logs
[2025-05-20T09:47:50.249+0000] {taskinstance.py:2603} INFO - Dependencies all met for dep_context=non-requeueable deps ti=<TaskInstance: instagram_videos_scraper_dag.instagram_videos_scraper_task manual__2025-05-20T09:47:49.000919+00:00 [queued]>
[2025-05-20T09:47:50.255+0000] {taskinstance.py:2603} INFO - Dependencies all met for dep_context=requeueable deps ti=<TaskInstance: instagram_videos_scraper_dag.instagram_videos_scraper_task manual__2025-05-20T09:47:49.000919+00:00 [queued]>
[2025-05-20T09:47:50.255+0000] {taskinstance.py:2856} INFO - Starting attempt 1 of 1
[2025-05-20T09:47:50.264+0000] {taskinstance.py:2879} INFO - Executing <Task(PythonOperator): instagram_videos_scraper_task> on 2025-05-20 09:47:49.000919+00:00
[2025-05-20T09:47:50.267+0000] {standard_task_runner.py:72} INFO - Started process 32665 to run task
[2025-05-20T09:47:50.270+0000] {standard_task_runner.py:104} INFO - Running: ['airflow', 'tasks', 'run', 'instagram_videos_scraper_dag', 'instagram_videos_scraper_task', 'manual__2025-05-20T09:47:49.000919+00:00', '--job-id', '6293', '--raw', '--subdir', 'DAGS_FOLDER/pipeline_instagram.py', '--cfg-path', '/tmp/tmp6hd1k1jh']
[2025-05-20T09:47:50.271+0000] {standard_task_runner.py:105} INFO - Job 6293: Subtask instagram_videos_scraper_task
[2025-05-20T09:47:50.310+0000] {task_command.py:467} INFO - Running <TaskInstance: instagram_videos_scraper_dag.instagram_videos_scraper_task manual__2025-05-20T09:47:49.000919+00:00 [running]> on host 05534d39966d
[2025-05-20T09:47:50.373+0000] {taskinstance.py:3122} INFO - Exporting env vars: AIRFLOW_CTX_DAG_OWNER='airflow' AIRFLOW_CTX_DAG_ID='instagram_videos_scraper_dag' AIRFLOW_CTX_TASK_ID='instagram_videos_scraper_task' AIRFLOW_CTX_EXECUTION_DATE='2025-05-20T09:47:49.000919+00:00' AIRFLOW_CTX_TRY_NUMBER='1' AIRFLOW_CTX_DAG_RUN_ID='manual__2025-05-20T09:47:49.000919+00:00'
[2025-05-20T09:47:50.374+0000] {taskinstance.py:731} INFO - ::endgroup::
[2025-05-20T09:47:50.425+0000] {selenium_manager.py:133} WARNING - The chromedriver version (136.0.7103.59) detected in PATH at /usr/bin/chromedriver might not be compatible with the detected chrome version (136.0.7103.94); currently, chromedriver 136.0.7103.94 is recommended for chrome 136.*, so it is advised to delete the driver in PATH and retry
[2025-05-20T09:47:59.454+0000] {logging_mixin.py:190} INFO - Step 1 of 2 - Loading profile page
[2025-05-20T09:47:59.454+0000] {logging_mixin.py:190} INFO - Extracting videos...
[2025-05-20T09:48:02.487+0000] {logging_mixin.py:190} INFO - Count: 1, Limit: 1
[2025-05-20T09:48:02.545+0000] {logging_mixin.py:190} INFO - Found 46 video tags
[2025-05-20T09:48:02.606+0000] {logging_mixin.py:190} INFO - Extracted video URL: https://www.instagram.com/leomessi/reel/DJmRU0zue0i/
[2025-05-20T09:48:02.612+0000] {logging_mixin.py:190} INFO - Extracted video URL: https://www.instagram.com/leomessi/reel/DJRyQeGslC9/
[2025-05-20T09:48:02.617+0000] {logging_mixin.py:190} INFO - Extracted video URL: https://www.instagram.com/leomessi/reel/DI_2OjSM_tD/
[2025-05-20T09:48:02.624+0000] {logging_mixin.py:190} INFO - Extracted video URL: https://www.instagram.com/leomessi/reel/DIjN4__trTw/
[2025-05-20T09:48:02.629+0000] {logging_mixin.py:190} INFO - Extracted video URL: https://www.instagram.com/leomessi/reel/DHOj889NIXc/
[2025-05-20T09:48:02.636+0000] {logging_mixin.py:190} INFO - Extracted video URL: https://www.instagram.com/leomessi/reel/DGnnhjNJdbS/
[2025-05-20T09:48:02.642+0000] {logging_mixin.py:190} INFO - Extracted video URL: https://www.instagram.com/leomessi/reel/DGlCiX-NUcI/
[2025-05-20T09:48:02.648+0000] {logging_mixin.py:190} INFO - Extracted video URL: https://www.instagram.com/leomessi/reel/DGHDuXiSs-K/
[2025-05-20T09:48:02.662+0000] {logging_mixin.py:190} INFO - Extracted video URL: https://www.instagram.com/leomessi/reel/DF8bjTzNg2j/
[2025-05-20T09:48:02.670+0000] {logging_mixin.py:190} INFO - Extracted video URL: https://www.instagram.com/leomessi/reel/DF794ZItIFC/
[2025-05-20T09:48:02.677+0000] {logging_mixin.py:190} INFO - Extracted video URL: https://www.instagram.com/leomessi/reel/DF4HckEM6Dj/
[2025-05-20T09:48:02.683+0000] {logging_mixin.py:190} INFO - Extracted video URL: https://www.instagram.com/leomessi/reel/DFp7mdxNB_P/
[2025-05-20T09:48:02.842+0000] {logging_mixin.py:190} INFO - Scrolled 1 iterations
[2025-05-20T09:48:05.856+0000] {logging_mixin.py:190} INFO - Count: 2, Limit: 1
[2025-05-20T09:48:05.856+0000] {logging_mixin.py:190} INFO - Scrolling stopped after 10 iterations
[2025-05-20T09:48:05.856+0000] {logging_mixin.py:190} INFO - Extracted 12 video URLs
[2025-05-20T09:48:05.857+0000] {logging_mixin.py:190} INFO - Step 2 of 2 - Downloading and saving videos
[2025-05-20T09:48:05.857+0000] {logging_mixin.py:190} INFO - Don't close the app! Saving scraped data to database, it can take a while!
[2025-05-20T09:48:05.868+0000] {warnings.py:109} WARNING - /opt/airflow/dags/app/core/database_utils.py:34: SAWarning: SELECT statement has a cartesian product between FROM element(s) "tiktok" and FROM element "instagram".  Apply join condition(s) between each element to resolve.
  return db.query(Instagram).filter(Tiktok.status == TaskStatus.SUCCESS.value).all()

[2025-05-20T09:48:05.875+0000] {logging_mixin.py:190} INFO - New videos to download: 0
[2025-05-20T09:48:06.043+0000] {python.py:240} INFO - Done. Returned value was: []
[2025-05-20T09:48:06.063+0000] {taskinstance.py:340} INFO - ::group::Post task execution logs
[2025-05-20T09:48:06.063+0000] {taskinstance.py:352} INFO - Marking task as SUCCESS. dag_id=instagram_videos_scraper_dag, task_id=instagram_videos_scraper_task, run_id=manual__2025-05-20T09:47:49.000919+00:00, execution_date=20250520T094749, start_date=20250520T094750, end_date=20250520T094806
[2025-05-20T09:48:06.076+0000] {local_task_job_runner.py:261} INFO - Task exited with return code 0
[2025-05-20T09:48:06.092+0000] {taskinstance.py:3891} INFO - 1 downstream tasks scheduled from follow-on schedule check
[2025-05-20T09:48:06.094+0000] {local_task_job_runner.py:240} INFO - ::endgroup::
