[2025-05-26T08:23:34.033+0000] {local_task_job_runner.py:123} INFO - ::group::Pre task execution logs
[2025-05-26T08:23:34.043+0000] {taskinstance.py:2603} INFO - Dependencies all met for dep_context=non-requeueable deps ti=<TaskInstance: tiktok_videos_scraper_dag.get_links_task manual__2025-05-26T08:23:33.644664+00:00 [queued]>
[2025-05-26T08:23:34.049+0000] {taskinstance.py:2603} INFO - Dependencies all met for dep_context=requeueable deps ti=<TaskInstance: tiktok_videos_scraper_dag.get_links_task manual__2025-05-26T08:23:33.644664+00:00 [queued]>
[2025-05-26T08:23:34.049+0000] {taskinstance.py:2856} INFO - Starting attempt 1 of 6
[2025-05-26T08:23:34.058+0000] {taskinstance.py:2879} INFO - Executing <Task(PythonOperator): get_links_task> on 2025-05-26 08:23:33.644664+00:00
[2025-05-26T08:23:34.061+0000] {standard_task_runner.py:72} INFO - Started process 101 to run task
[2025-05-26T08:23:34.065+0000] {standard_task_runner.py:104} INFO - Running: ['airflow', 'tasks', 'run', 'tiktok_videos_scraper_dag', 'get_links_task', 'manual__2025-05-26T08:23:33.644664+00:00', '--job-id', '6777', '--raw', '--subdir', 'DAGS_FOLDER/pipeline_tiktok.py', '--cfg-path', '/tmp/tmpf_a7m765']
[2025-05-26T08:23:34.067+0000] {standard_task_runner.py:105} INFO - Job 6777: Subtask get_links_task
[2025-05-26T08:23:34.107+0000] {task_command.py:467} INFO - Running <TaskInstance: tiktok_videos_scraper_dag.get_links_task manual__2025-05-26T08:23:33.644664+00:00 [running]> on host f541e6bad3a5
[2025-05-26T08:23:34.177+0000] {taskinstance.py:3122} INFO - Exporting env vars: AIRFLOW_CTX_DAG_OWNER='airflow' AIRFLOW_CTX_DAG_ID='tiktok_videos_scraper_dag' AIRFLOW_CTX_TASK_ID='get_links_task' AIRFLOW_CTX_EXECUTION_DATE='2025-05-26T08:23:33.644664+00:00' AIRFLOW_CTX_TRY_NUMBER='1' AIRFLOW_CTX_DAG_RUN_ID='manual__2025-05-26T08:23:33.644664+00:00'
[2025-05-26T08:23:34.178+0000] {taskinstance.py:731} INFO - ::endgroup::
[2025-05-26T08:23:46.463+0000] {logging_mixin.py:190} INFO - https://www.tiktok.com/@mancity/video/7508665162048638210
[2025-05-26T08:23:46.464+0000] {logging_mixin.py:190} INFO - https://www.tiktok.com/@mancity/video/7508653556069797143
[2025-05-26T08:23:46.464+0000] {logging_mixin.py:190} INFO - https://www.tiktok.com/@mancity/video/7508496262795234582
[2025-05-26T08:23:46.464+0000] {logging_mixin.py:190} INFO - https://www.tiktok.com/@mancity/video/7508493775644282134
[2025-05-26T08:23:46.464+0000] {logging_mixin.py:190} INFO - https://www.tiktok.com/@mancity/video/7508491327856823574
[2025-05-26T08:23:46.464+0000] {logging_mixin.py:190} INFO - https://www.tiktok.com/@mancity/video/7508089729724828950
[2025-05-26T08:23:46.464+0000] {logging_mixin.py:190} INFO - https://www.tiktok.com/@mancity/video/7507906833181461782
[2025-05-26T08:23:46.464+0000] {logging_mixin.py:190} INFO - https://www.tiktok.com/@mancity/video/7507640883785878806
[2025-05-26T08:23:46.464+0000] {logging_mixin.py:190} INFO - https://www.tiktok.com/@mancity/video/7507619503438581014
[2025-05-26T08:23:46.465+0000] {logging_mixin.py:190} INFO - https://www.tiktok.com/@mancity/video/7507383123072617750
[2025-05-26T08:23:46.465+0000] {logging_mixin.py:190} INFO - https://www.tiktok.com/@mancity/video/7507380807124782358
[2025-05-26T08:23:46.465+0000] {logging_mixin.py:190} INFO - https://www.tiktok.com/@mancity/video/7507348793076010262
[2025-05-26T08:23:46.465+0000] {logging_mixin.py:190} INFO - https://www.tiktok.com/@mancity/video/7507195339984669974
[2025-05-26T08:23:46.465+0000] {logging_mixin.py:190} INFO - https://www.tiktok.com/@mancity/video/7506930802886937858
[2025-05-26T08:23:46.465+0000] {logging_mixin.py:190} INFO - https://www.tiktok.com/@mancity/video/7506912810295774486
[2025-05-26T08:23:46.465+0000] {logging_mixin.py:190} INFO - https://www.tiktok.com/@mancity/video/7506878456601316630
[2025-05-26T08:23:46.465+0000] {logging_mixin.py:190} INFO - https://www.tiktok.com/@mancity/video/7506825787455196438
[2025-05-26T08:23:46.465+0000] {logging_mixin.py:190} INFO - https://www.tiktok.com/@mancity/video/7506677249026903318
[2025-05-26T08:23:46.465+0000] {logging_mixin.py:190} INFO - https://www.tiktok.com/@mancity/video/7506674724915727638
[2025-05-26T08:23:46.465+0000] {logging_mixin.py:190} INFO - https://www.tiktok.com/@mancity/video/7506672178243456278
[2025-05-26T08:23:46.465+0000] {logging_mixin.py:190} INFO - https://www.tiktok.com/@mancity/video/7506669924056878358
[2025-05-26T08:23:46.465+0000] {logging_mixin.py:190} INFO - https://www.tiktok.com/@mancity/video/7506666618840206614
[2025-05-26T08:23:46.466+0000] {logging_mixin.py:190} INFO - https://www.tiktok.com/@mancity/video/7506663236998090006
[2025-05-26T08:23:46.466+0000] {logging_mixin.py:190} INFO - https://www.tiktok.com/@mancity/video/7506653013923220758
[2025-05-26T08:23:46.466+0000] {logging_mixin.py:190} INFO - https://www.tiktok.com/@mancity/video/7506638816292146454
[2025-05-26T08:23:46.466+0000] {logging_mixin.py:190} INFO - https://www.tiktok.com/@mancity/video/7506638611568217366
[2025-05-26T08:23:46.466+0000] {logging_mixin.py:190} INFO - https://www.tiktok.com/@mancity/video/7506621644337712406
[2025-05-26T08:23:46.466+0000] {logging_mixin.py:190} INFO - https://www.tiktok.com/@mancity/video/7506607413550730518
[2025-05-26T08:23:46.466+0000] {logging_mixin.py:190} INFO - https://www.tiktok.com/@mancity/video/7506597144334322966
[2025-05-26T08:23:46.466+0000] {logging_mixin.py:190} INFO - https://www.tiktok.com/@mancity/video/7506564687731952918
[2025-05-26T08:23:46.466+0000] {logging_mixin.py:190} INFO - https://www.tiktok.com/@mancity/video/7506543285670808854
[2025-05-26T08:23:46.466+0000] {logging_mixin.py:190} INFO - https://www.tiktok.com/@mancity/video/7506526443321511190
[2025-05-26T08:23:46.467+0000] {logging_mixin.py:190} INFO - https://www.tiktok.com/@mancity/video/7506484229287480598
[2025-05-26T08:23:46.478+0000] {logging_mixin.py:190} INFO - New videos: 1
[2025-05-26T08:23:46.603+0000] {python.py:240} INFO - Done. Returned value was: {'id': 'mancity', 'new_links': ('https://www.tiktok.com/@mancity/video/7508665162048638210',)}
[2025-05-26T08:23:46.625+0000] {taskinstance.py:340} INFO - ::group::Post task execution logs
[2025-05-26T08:23:46.625+0000] {taskinstance.py:352} INFO - Marking task as SUCCESS. dag_id=tiktok_videos_scraper_dag, task_id=get_links_task, run_id=manual__2025-05-26T08:23:33.644664+00:00, execution_date=20250526T082333, start_date=20250526T082334, end_date=20250526T082346
[2025-05-26T08:23:46.625+0000] {taskinstance.py:1554} INFO - Executing <lambda> callback
[2025-05-26T08:23:46.625+0000] {pipeline_tiktok.py:34} INFO - DAG runs successfully
[2025-05-26T08:23:46.655+0000] {local_task_job_runner.py:261} INFO - Task exited with return code 0
[2025-05-26T08:23:46.673+0000] {taskinstance.py:3891} INFO - 1 downstream tasks scheduled from follow-on schedule check
[2025-05-26T08:23:46.675+0000] {local_task_job_runner.py:240} INFO - ::endgroup::
