[2025-04-29T02:53:52.146+0000] {local_task_job_runner.py:123} INFO - ::group::Pre task execution logs
[2025-04-29T02:53:52.157+0000] {taskinstance.py:2603} INFO - Dependencies all met for dep_context=non-requeueable deps ti=<TaskInstance: demo.hello scheduled__2023-12-01T00:00:00+00:00 [queued]>
[2025-04-29T02:53:52.162+0000] {taskinstance.py:2603} INFO - Dependencies all met for dep_context=requeueable deps ti=<TaskInstance: demo.hello scheduled__2023-12-01T00:00:00+00:00 [queued]>
[2025-04-29T02:53:52.162+0000] {taskinstance.py:2856} INFO - Starting attempt 1 of 1
[2025-04-29T02:53:52.188+0000] {taskinstance.py:2879} INFO - Executing <Task(BashOperator): hello> on 2023-12-01 00:00:00+00:00
[2025-04-29T02:53:52.191+0000] {standard_task_runner.py:72} INFO - Started process 5127 to run task
[2025-04-29T02:53:52.193+0000] {standard_task_runner.py:104} INFO - Running: ['airflow', 'tasks', 'run', 'demo', 'hello', 'scheduled__2023-12-01T00:00:00+00:00', '--job-id', '1414', '--raw', '--subdir', 'DAGS_FOLDER/simple-dag.py', '--cfg-path', '/tmp/tmpdhbgpo6q']
[2025-04-29T02:53:52.194+0000] {standard_task_runner.py:105} INFO - Job 1414: Subtask hello
[2025-04-29T02:53:52.233+0000] {task_command.py:467} INFO - Running <TaskInstance: demo.hello scheduled__2023-12-01T00:00:00+00:00 [running]> on host 2c7afa36055b
[2025-04-29T02:53:52.300+0000] {taskinstance.py:3122} INFO - Exporting env vars: AIRFLOW_CTX_DAG_OWNER='airflow' AIRFLOW_CTX_DAG_ID='demo' AIRFLOW_CTX_TASK_ID='hello' AIRFLOW_CTX_EXECUTION_DATE='2023-12-01T00:00:00+00:00' AIRFLOW_CTX_TRY_NUMBER='1' AIRFLOW_CTX_DAG_RUN_ID='scheduled__2023-12-01T00:00:00+00:00'
[2025-04-29T02:53:52.301+0000] {taskinstance.py:731} INFO - ::endgroup::
[2025-04-29T02:53:52.304+0000] {subprocess.py:63} INFO - Tmp dir root location: /tmp
[2025-04-29T02:53:52.304+0000] {subprocess.py:75} INFO - Running command: ['/usr/bin/bash', '-c', 'echo hello']
[2025-04-29T02:53:52.311+0000] {subprocess.py:86} INFO - Output:
[2025-04-29T02:53:52.313+0000] {subprocess.py:93} INFO - hello
[2025-04-29T02:53:52.313+0000] {subprocess.py:97} INFO - Command exited with return code 0
[2025-04-29T02:53:52.339+0000] {taskinstance.py:340} INFO - ::group::Post task execution logs
[2025-04-29T02:53:52.339+0000] {taskinstance.py:352} INFO - Marking task as SUCCESS. dag_id=demo, task_id=hello, run_id=scheduled__2023-12-01T00:00:00+00:00, execution_date=20231201T000000, start_date=20250429T025352, end_date=20250429T025352
[2025-04-29T02:53:52.369+0000] {local_task_job_runner.py:261} INFO - Task exited with return code 0
[2025-04-29T02:53:52.391+0000] {taskinstance.py:3891} INFO - 1 downstream tasks scheduled from follow-on schedule check
[2025-04-29T02:53:52.393+0000] {local_task_job_runner.py:240} INFO - ::endgroup::
