[2025-05-14T07:42:33.911+0000] {local_task_job_runner.py:123} INFO - ::group::Pre task execution logs
[2025-05-14T07:42:33.922+0000] {taskinstance.py:2603} INFO - Dependencies all met for dep_context=non-requeueable deps ti=<TaskInstance: x_videos_scraper_dag.x_videos_scraper manual__2025-05-14T07:42:33.239922+00:00 [queued]>
[2025-05-14T07:42:33.927+0000] {taskinstance.py:2603} INFO - Dependencies all met for dep_context=requeueable deps ti=<TaskInstance: x_videos_scraper_dag.x_videos_scraper manual__2025-05-14T07:42:33.239922+00:00 [queued]>
[2025-05-14T07:42:33.927+0000] {taskinstance.py:2856} INFO - Starting attempt 1 of 1
[2025-05-14T07:42:33.935+0000] {taskinstance.py:2879} INFO - Executing <Task(_PythonDecoratedOperator): x_videos_scraper> on 2025-05-14 07:42:33.239922+00:00
[2025-05-14T07:42:33.937+0000] {standard_task_runner.py:72} INFO - Started process 10902 to run task
[2025-05-14T07:42:33.940+0000] {standard_task_runner.py:104} INFO - Running: ['airflow', 'tasks', 'run', 'x_videos_scraper_dag', 'x_videos_scraper', 'manual__2025-05-14T07:42:33.239922+00:00', '--job-id', '5437', '--raw', '--subdir', 'DAGS_FOLDER/pipeline_x.py', '--cfg-path', '/tmp/tmpkow8nzxe']
[2025-05-14T07:42:33.942+0000] {standard_task_runner.py:105} INFO - Job 5437: Subtask x_videos_scraper
[2025-05-14T07:42:33.975+0000] {task_command.py:467} INFO - Running <TaskInstance: x_videos_scraper_dag.x_videos_scraper manual__2025-05-14T07:42:33.239922+00:00 [running]> on host 79b7354865cb
[2025-05-14T07:42:34.028+0000] {taskinstance.py:3122} INFO - Exporting env vars: AIRFLOW_CTX_DAG_OWNER='airflow' AIRFLOW_CTX_DAG_ID='x_videos_scraper_dag' AIRFLOW_CTX_TASK_ID='x_videos_scraper' AIRFLOW_CTX_EXECUTION_DATE='2025-05-14T07:42:33.239922+00:00' AIRFLOW_CTX_TRY_NUMBER='1' AIRFLOW_CTX_DAG_RUN_ID='manual__2025-05-14T07:42:33.239922+00:00'
[2025-05-14T07:42:34.029+0000] {taskinstance.py:731} INFO - ::endgroup::
[2025-05-14T07:43:08.008+0000] {logging_mixin.py:190} INFO - Attempt 1 failed, retrying...
[2025-05-14T07:43:53.253+0000] {logging_mixin.py:190} INFO - Attempt 2 failed, retrying...
[2025-05-14T07:44:43.038+0000] {logging_mixin.py:190} INFO - Failed after 3 attempts: Page.wait_for_selector: Timeout 30000ms exceeded.
Call log:
  - waiting for locator("article") to be visible
[2025-05-14T07:44:43.256+0000] {python.py:240} INFO - Done. Returned value was: []
[2025-05-14T07:44:43.283+0000] {taskinstance.py:340} INFO - ::group::Post task execution logs
[2025-05-14T07:44:43.283+0000] {taskinstance.py:352} INFO - Marking task as SUCCESS. dag_id=x_videos_scraper_dag, task_id=x_videos_scraper, run_id=manual__2025-05-14T07:42:33.239922+00:00, execution_date=20250514T074233, start_date=20250514T074233, end_date=20250514T074443
[2025-05-14T07:44:43.334+0000] {local_task_job_runner.py:261} INFO - Task exited with return code 0
[2025-05-14T07:44:43.351+0000] {taskinstance.py:3891} INFO - 1 downstream tasks scheduled from follow-on schedule check
[2025-05-14T07:44:43.353+0000] {local_task_job_runner.py:240} INFO - ::endgroup::
