[2025-05-05T10:25:54.608+0000] {local_task_job_runner.py:123} INFO - ::group::Pre task execution logs
[2025-05-05T10:25:54.617+0000] {taskinstance.py:2603} INFO - Dependencies all met for dep_context=non-requeueable deps ti=<TaskInstance: dag1.group1.task2 scheduled__2017-02-20T00:00:00+00:00 [queued]>
[2025-05-05T10:25:54.621+0000] {taskinstance.py:2603} INFO - Dependencies all met for dep_context=requeueable deps ti=<TaskInstance: dag1.group1.task2 scheduled__2017-02-20T00:00:00+00:00 [queued]>
[2025-05-05T10:25:54.621+0000] {taskinstance.py:2856} INFO - Starting attempt 1 of 3
[2025-05-05T10:25:54.627+0000] {taskinstance.py:2879} INFO - Executing <Task(BashOperator): group1.task2> on 2017-02-20 00:00:00+00:00
[2025-05-05T10:25:54.630+0000] {standard_task_runner.py:72} INFO - Started process 6321 to run task
[2025-05-05T10:25:54.632+0000] {standard_task_runner.py:104} INFO - Running: ['airflow', 'tasks', 'run', 'dag1', 'group1.task2', 'scheduled__2017-02-20T00:00:00+00:00', '--job-id', '2618', '--raw', '--subdir', 'DAGS_FOLDER/tuts/taskgroup_basic.py', '--cfg-path', '/tmp/tmpoin3ocup']
[2025-05-05T10:25:54.632+0000] {standard_task_runner.py:105} INFO - Job 2618: Subtask group1.task2
[2025-05-05T10:25:54.663+0000] {task_command.py:467} INFO - Running <TaskInstance: dag1.group1.task2 scheduled__2017-02-20T00:00:00+00:00 [running]> on host 2c7afa36055b
[2025-05-05T10:25:54.707+0000] {taskinstance.py:3122} INFO - Exporting env vars: AIRFLOW_CTX_DAG_OWNER='airflow' AIRFLOW_CTX_DAG_ID='dag1' AIRFLOW_CTX_TASK_ID='group1.task2' AIRFLOW_CTX_EXECUTION_DATE='2017-02-20T00:00:00+00:00' AIRFLOW_CTX_TRY_NUMBER='1' AIRFLOW_CTX_DAG_RUN_ID='scheduled__2017-02-20T00:00:00+00:00'
[2025-05-05T10:25:54.708+0000] {taskinstance.py:731} INFO - ::endgroup::
[2025-05-05T10:25:54.709+0000] {subprocess.py:63} INFO - Tmp dir root location: /tmp
[2025-05-05T10:25:54.709+0000] {subprocess.py:75} INFO - Running command: ['/usr/bin/bash', '-c', 'echo Hello World!']
[2025-05-05T10:25:54.714+0000] {subprocess.py:86} INFO - Output:
[2025-05-05T10:25:54.715+0000] {subprocess.py:93} INFO - Hello World!
[2025-05-05T10:25:54.715+0000] {subprocess.py:97} INFO - Command exited with return code 0
[2025-05-05T10:25:54.731+0000] {taskinstance.py:340} INFO - ::group::Post task execution logs
[2025-05-05T10:25:54.731+0000] {taskinstance.py:352} INFO - Marking task as SUCCESS. dag_id=dag1, task_id=group1.task2, run_id=scheduled__2017-02-20T00:00:00+00:00, execution_date=20170220T000000, start_date=20250505T102554, end_date=20250505T102554
[2025-05-05T10:25:54.765+0000] {local_task_job_runner.py:261} INFO - Task exited with return code 0
[2025-05-05T10:25:54.777+0000] {taskinstance.py:3891} INFO - 0 downstream tasks scheduled from follow-on schedule check
[2025-05-05T10:25:54.779+0000] {local_task_job_runner.py:240} INFO - ::endgroup::
