[2025-04-29T02:54:02.660+0000] {local_task_job_runner.py:123} INFO - ::group::Pre task execution logs
[2025-04-29T02:54:02.670+0000] {taskinstance.py:2603} INFO - Dependencies all met for dep_context=non-requeueable deps ti=<TaskInstance: demo.hello scheduled__2023-12-30T00:00:00+00:00 [queued]>
[2025-04-29T02:54:02.675+0000] {taskinstance.py:2603} INFO - Dependencies all met for dep_context=requeueable deps ti=<TaskInstance: demo.hello scheduled__2023-12-30T00:00:00+00:00 [queued]>
[2025-04-29T02:54:02.675+0000] {taskinstance.py:2856} INFO - Starting attempt 1 of 1
[2025-04-29T02:54:02.684+0000] {taskinstance.py:2879} INFO - Executing <Task(BashOperator): hello> on 2023-12-30 00:00:00+00:00
[2025-04-29T02:54:02.686+0000] {standard_task_runner.py:72} INFO - Started process 5331 to run task
[2025-04-29T02:54:02.689+0000] {standard_task_runner.py:104} INFO - Running: ['airflow', 'tasks', 'run', 'demo', 'hello', 'scheduled__2023-12-30T00:00:00+00:00', '--job-id', '1473', '--raw', '--subdir', 'DAGS_FOLDER/simple-dag.py', '--cfg-path', '/tmp/tmpln0iuln5']
[2025-04-29T02:54:02.690+0000] {standard_task_runner.py:105} INFO - Job 1473: Subtask hello
[2025-04-29T02:54:02.722+0000] {task_command.py:467} INFO - Running <TaskInstance: demo.hello scheduled__2023-12-30T00:00:00+00:00 [running]> on host 2c7afa36055b
[2025-04-29T02:54:02.774+0000] {taskinstance.py:3122} INFO - Exporting env vars: AIRFLOW_CTX_DAG_OWNER='airflow' AIRFLOW_CTX_DAG_ID='demo' AIRFLOW_CTX_TASK_ID='hello' AIRFLOW_CTX_EXECUTION_DATE='2023-12-30T00:00:00+00:00' AIRFLOW_CTX_TRY_NUMBER='1' AIRFLOW_CTX_DAG_RUN_ID='scheduled__2023-12-30T00:00:00+00:00'
[2025-04-29T02:54:02.774+0000] {taskinstance.py:731} INFO - ::endgroup::
[2025-04-29T02:54:02.776+0000] {subprocess.py:63} INFO - Tmp dir root location: /tmp
[2025-04-29T02:54:02.776+0000] {subprocess.py:75} INFO - Running command: ['/usr/bin/bash', '-c', 'echo hello']
[2025-04-29T02:54:02.782+0000] {subprocess.py:86} INFO - Output:
[2025-04-29T02:54:02.783+0000] {subprocess.py:93} INFO - hello
[2025-04-29T02:54:02.783+0000] {subprocess.py:97} INFO - Command exited with return code 0
[2025-04-29T02:54:02.800+0000] {taskinstance.py:340} INFO - ::group::Post task execution logs
[2025-04-29T02:54:02.801+0000] {taskinstance.py:352} INFO - Marking task as SUCCESS. dag_id=demo, task_id=hello, run_id=scheduled__2023-12-30T00:00:00+00:00, execution_date=20231230T000000, start_date=20250429T025402, end_date=20250429T025402
[2025-04-29T02:54:02.825+0000] {local_task_job_runner.py:261} INFO - Task exited with return code 0
[2025-04-29T02:54:02.838+0000] {taskinstance.py:3891} INFO - 1 downstream tasks scheduled from follow-on schedule check
[2025-04-29T02:54:02.840+0000] {local_task_job_runner.py:240} INFO - ::endgroup::
