[2025-05-05T10:26:53.127+0000] {local_task_job_runner.py:123} INFO - ::group::Pre task execution logs
[2025-05-05T10:26:53.139+0000] {taskinstance.py:2603} INFO - Dependencies all met for dep_context=non-requeueable deps ti=<TaskInstance: dag1.group1.task2 scheduled__2017-07-06T00:00:00+00:00 [queued]>
[2025-05-05T10:26:53.145+0000] {taskinstance.py:2603} INFO - Dependencies all met for dep_context=requeueable deps ti=<TaskInstance: dag1.group1.task2 scheduled__2017-07-06T00:00:00+00:00 [queued]>
[2025-05-05T10:26:53.145+0000] {taskinstance.py:2856} INFO - Starting attempt 1 of 3
[2025-05-05T10:26:53.154+0000] {taskinstance.py:2879} INFO - Executing <Task(BashOperator): group1.task2> on 2017-07-06 00:00:00+00:00
[2025-05-05T10:26:53.157+0000] {standard_task_runner.py:72} INFO - Started process 6879 to run task
[2025-05-05T10:26:53.160+0000] {standard_task_runner.py:104} INFO - Running: ['airflow', 'tasks', 'run', 'dag1', 'group1.task2', 'scheduled__2017-07-06T00:00:00+00:00', '--job-id', '2754', '--raw', '--subdir', 'DAGS_FOLDER/tuts/taskgroup_basic.py', '--cfg-path', '/tmp/tmplnhbhtoy']
[2025-05-05T10:26:53.160+0000] {standard_task_runner.py:105} INFO - Job 2754: Subtask group1.task2
[2025-05-05T10:26:53.198+0000] {task_command.py:467} INFO - Running <TaskInstance: dag1.group1.task2 scheduled__2017-07-06T00:00:00+00:00 [running]> on host 2c7afa36055b
[2025-05-05T10:26:53.252+0000] {taskinstance.py:3122} INFO - Exporting env vars: AIRFLOW_CTX_DAG_OWNER='airflow' AIRFLOW_CTX_DAG_ID='dag1' AIRFLOW_CTX_TASK_ID='group1.task2' AIRFLOW_CTX_EXECUTION_DATE='2017-07-06T00:00:00+00:00' AIRFLOW_CTX_TRY_NUMBER='1' AIRFLOW_CTX_DAG_RUN_ID='scheduled__2017-07-06T00:00:00+00:00'
[2025-05-05T10:26:53.254+0000] {taskinstance.py:731} INFO - ::endgroup::
[2025-05-05T10:26:53.256+0000] {subprocess.py:63} INFO - Tmp dir root location: /tmp
[2025-05-05T10:26:53.256+0000] {subprocess.py:75} INFO - Running command: ['/usr/bin/bash', '-c', 'echo Hello World!']
[2025-05-05T10:26:53.262+0000] {subprocess.py:86} INFO - Output:
[2025-05-05T10:26:53.263+0000] {subprocess.py:93} INFO - Hello World!
[2025-05-05T10:26:53.264+0000] {subprocess.py:97} INFO - Command exited with return code 0
[2025-05-05T10:26:53.284+0000] {taskinstance.py:340} INFO - ::group::Post task execution logs
[2025-05-05T10:26:53.284+0000] {taskinstance.py:352} INFO - Marking task as SUCCESS. dag_id=dag1, task_id=group1.task2, run_id=scheduled__2017-07-06T00:00:00+00:00, execution_date=20170706T000000, start_date=20250505T102653, end_date=20250505T102653
[2025-05-05T10:26:53.333+0000] {local_task_job_runner.py:261} INFO - Task exited with return code 0
[2025-05-05T10:26:53.344+0000] {taskinstance.py:3891} INFO - 0 downstream tasks scheduled from follow-on schedule check
[2025-05-05T10:26:53.345+0000] {local_task_job_runner.py:240} INFO - ::endgroup::
