[2025-05-07T10:24:01.002+0000] {processor.py:186} INFO - Started process (PID=12833) to work on /opt/airflow/dags/tasks/insta_scraper.py
[2025-05-07T10:24:01.002+0000] {processor.py:914} INFO - Processing file /opt/airflow/dags/tasks/insta_scraper.py for tasks to queue
[2025-05-07T10:24:01.007+0000] {logging_mixin.py:190} INFO - [2025-05-07T10:24:01.004+0000] {dagbag.py:587} INFO - Filling up the DagBag from /opt/airflow/dags/tasks/insta_scraper.py
[2025-05-07T10:23:55.363+0000] {processor.py:927} WARNING - No viable dags retrieved from /opt/airflow/dags/tasks/insta_scraper.py
[2025-05-07T10:23:55.379+0000] {processor.py:208} INFO - Processing /opt/airflow/dags/tasks/insta_scraper.py took 0.247 seconds
[2025-05-07T10:24:31.192+0000] {processor.py:186} INFO - Started process (PID=12859) to work on /opt/airflow/dags/tasks/insta_scraper.py
[2025-05-07T10:24:31.193+0000] {processor.py:914} INFO - Processing file /opt/airflow/dags/tasks/insta_scraper.py for tasks to queue
[2025-05-07T10:24:31.194+0000] {logging_mixin.py:190} INFO - [2025-05-07T10:24:31.193+0000] {dagbag.py:587} INFO - Filling up the DagBag from /opt/airflow/dags/tasks/insta_scraper.py
[2025-05-07T10:24:25.470+0000] {processor.py:927} WARNING - No viable dags retrieved from /opt/airflow/dags/tasks/insta_scraper.py
[2025-05-07T10:24:25.483+0000] {processor.py:208} INFO - Processing /opt/airflow/dags/tasks/insta_scraper.py took 0.149 seconds
[2025-05-07T10:24:56.138+0000] {processor.py:186} INFO - Started process (PID=12983) to work on /opt/airflow/dags/tasks/insta_scraper.py
[2025-05-07T10:24:56.139+0000] {processor.py:914} INFO - Processing file /opt/airflow/dags/tasks/insta_scraper.py for tasks to queue
[2025-05-07T10:24:56.140+0000] {logging_mixin.py:190} INFO - [2025-05-07T10:24:56.140+0000] {dagbag.py:587} INFO - Filling up the DagBag from /opt/airflow/dags/tasks/insta_scraper.py
[2025-05-07T10:24:56.217+0000] {processor.py:927} WARNING - No viable dags retrieved from /opt/airflow/dags/tasks/insta_scraper.py
[2025-05-07T10:24:56.229+0000] {processor.py:208} INFO - Processing /opt/airflow/dags/tasks/insta_scraper.py took 0.095 seconds
[2025-05-07T10:25:07.326+0000] {processor.py:186} INFO - Started process (PID=13079) to work on /opt/airflow/dags/tasks/insta_scraper.py
[2025-05-07T10:25:07.328+0000] {processor.py:914} INFO - Processing file /opt/airflow/dags/tasks/insta_scraper.py for tasks to queue
[2025-05-07T10:25:07.331+0000] {logging_mixin.py:190} INFO - [2025-05-07T10:25:07.330+0000] {dagbag.py:587} INFO - Filling up the DagBag from /opt/airflow/dags/tasks/insta_scraper.py
[2025-05-07T10:25:07.411+0000] {processor.py:927} WARNING - No viable dags retrieved from /opt/airflow/dags/tasks/insta_scraper.py
[2025-05-07T10:25:07.423+0000] {processor.py:208} INFO - Processing /opt/airflow/dags/tasks/insta_scraper.py took 0.102 seconds
[2025-05-07T10:25:08.405+0000] {processor.py:186} INFO - Started process (PID=13088) to work on /opt/airflow/dags/tasks/insta_scraper.py
[2025-05-07T10:25:08.406+0000] {processor.py:914} INFO - Processing file /opt/airflow/dags/tasks/insta_scraper.py for tasks to queue
[2025-05-07T10:25:08.407+0000] {logging_mixin.py:190} INFO - [2025-05-07T10:25:08.407+0000] {dagbag.py:587} INFO - Filling up the DagBag from /opt/airflow/dags/tasks/insta_scraper.py
[2025-05-07T10:25:08.490+0000] {processor.py:927} WARNING - No viable dags retrieved from /opt/airflow/dags/tasks/insta_scraper.py
[2025-05-07T10:25:08.502+0000] {processor.py:208} INFO - Processing /opt/airflow/dags/tasks/insta_scraper.py took 0.104 seconds
[2025-05-07T10:25:41.066+0000] {processor.py:186} INFO - Started process (PID=13112) to work on /opt/airflow/dags/tasks/insta_scraper.py
[2025-05-07T10:25:41.067+0000] {processor.py:914} INFO - Processing file /opt/airflow/dags/tasks/insta_scraper.py for tasks to queue
[2025-05-07T10:25:41.068+0000] {logging_mixin.py:190} INFO - [2025-05-07T10:25:41.068+0000] {dagbag.py:587} INFO - Filling up the DagBag from /opt/airflow/dags/tasks/insta_scraper.py
[2025-05-07T10:25:41.154+0000] {processor.py:927} WARNING - No viable dags retrieved from /opt/airflow/dags/tasks/insta_scraper.py
[2025-05-07T10:25:41.165+0000] {processor.py:208} INFO - Processing /opt/airflow/dags/tasks/insta_scraper.py took 0.114 seconds
[2025-05-07T10:26:05.528+0000] {processor.py:186} INFO - Started process (PID=13247) to work on /opt/airflow/dags/tasks/insta_scraper.py
[2025-05-07T10:26:05.529+0000] {processor.py:914} INFO - Processing file /opt/airflow/dags/tasks/insta_scraper.py for tasks to queue
[2025-05-07T10:26:05.530+0000] {logging_mixin.py:190} INFO - [2025-05-07T10:26:05.529+0000] {dagbag.py:587} INFO - Filling up the DagBag from /opt/airflow/dags/tasks/insta_scraper.py
[2025-05-07T10:26:05.611+0000] {processor.py:927} WARNING - No viable dags retrieved from /opt/airflow/dags/tasks/insta_scraper.py
[2025-05-07T10:26:05.622+0000] {processor.py:208} INFO - Processing /opt/airflow/dags/tasks/insta_scraper.py took 0.099 seconds
[2025-05-07T10:26:41.379+0000] {processor.py:186} INFO - Started process (PID=13375) to work on /opt/airflow/dags/tasks/insta_scraper.py
[2025-05-07T10:26:41.392+0000] {processor.py:914} INFO - Processing file /opt/airflow/dags/tasks/insta_scraper.py for tasks to queue
[2025-05-07T10:26:41.393+0000] {logging_mixin.py:190} INFO - [2025-05-07T10:26:41.393+0000] {dagbag.py:587} INFO - Filling up the DagBag from /opt/airflow/dags/tasks/insta_scraper.py
[2025-05-07T10:26:35.607+0000] {processor.py:927} WARNING - No viable dags retrieved from /opt/airflow/dags/tasks/insta_scraper.py
[2025-05-07T10:26:35.619+0000] {processor.py:208} INFO - Processing /opt/airflow/dags/tasks/insta_scraper.py took 0.104 seconds
[2025-05-07T10:26:39.782+0000] {processor.py:186} INFO - Started process (PID=13380) to work on /opt/airflow/dags/tasks/insta_scraper.py
[2025-05-07T10:26:39.783+0000] {processor.py:914} INFO - Processing file /opt/airflow/dags/tasks/insta_scraper.py for tasks to queue
[2025-05-07T10:26:39.783+0000] {logging_mixin.py:190} INFO - [2025-05-07T10:26:39.783+0000] {dagbag.py:587} INFO - Filling up the DagBag from /opt/airflow/dags/tasks/insta_scraper.py
[2025-05-07T10:26:39.856+0000] {processor.py:927} WARNING - No viable dags retrieved from /opt/airflow/dags/tasks/insta_scraper.py
[2025-05-07T10:26:39.867+0000] {processor.py:208} INFO - Processing /opt/airflow/dags/tasks/insta_scraper.py took 0.090 seconds
[2025-05-07T10:26:59.044+0000] {processor.py:186} INFO - Started process (PID=13488) to work on /opt/airflow/dags/tasks/insta_scraper.py
[2025-05-07T10:26:59.045+0000] {processor.py:914} INFO - Processing file /opt/airflow/dags/tasks/insta_scraper.py for tasks to queue
[2025-05-07T10:26:59.046+0000] {logging_mixin.py:190} INFO - [2025-05-07T10:26:59.046+0000] {dagbag.py:587} INFO - Filling up the DagBag from /opt/airflow/dags/tasks/insta_scraper.py
[2025-05-07T10:26:59.125+0000] {processor.py:927} WARNING - No viable dags retrieved from /opt/airflow/dags/tasks/insta_scraper.py
[2025-05-07T10:26:59.137+0000] {processor.py:208} INFO - Processing /opt/airflow/dags/tasks/insta_scraper.py took 0.097 seconds
[2025-05-07T10:27:00.051+0000] {processor.py:186} INFO - Started process (PID=13489) to work on /opt/airflow/dags/tasks/insta_scraper.py
[2025-05-07T10:27:00.052+0000] {processor.py:914} INFO - Processing file /opt/airflow/dags/tasks/insta_scraper.py for tasks to queue
[2025-05-07T10:27:00.053+0000] {logging_mixin.py:190} INFO - [2025-05-07T10:27:00.053+0000] {dagbag.py:587} INFO - Filling up the DagBag from /opt/airflow/dags/tasks/insta_scraper.py
[2025-05-07T10:27:00.133+0000] {processor.py:927} WARNING - No viable dags retrieved from /opt/airflow/dags/tasks/insta_scraper.py
[2025-05-07T10:27:00.145+0000] {processor.py:208} INFO - Processing /opt/airflow/dags/tasks/insta_scraper.py took 0.099 seconds
[2025-05-07T10:27:30.382+0000] {processor.py:186} INFO - Started process (PID=13621) to work on /opt/airflow/dags/tasks/insta_scraper.py
[2025-05-07T10:27:30.383+0000] {processor.py:914} INFO - Processing file /opt/airflow/dags/tasks/insta_scraper.py for tasks to queue
[2025-05-07T10:27:30.384+0000] {logging_mixin.py:190} INFO - [2025-05-07T10:27:30.384+0000] {dagbag.py:587} INFO - Filling up the DagBag from /opt/airflow/dags/tasks/insta_scraper.py
[2025-05-07T10:27:30.467+0000] {processor.py:927} WARNING - No viable dags retrieved from /opt/airflow/dags/tasks/insta_scraper.py
[2025-05-07T10:27:30.477+0000] {processor.py:208} INFO - Processing /opt/airflow/dags/tasks/insta_scraper.py took 0.102 seconds
[2025-05-07T10:28:00.759+0000] {processor.py:186} INFO - Started process (PID=13749) to work on /opt/airflow/dags/tasks/insta_scraper.py
[2025-05-07T10:28:00.760+0000] {processor.py:914} INFO - Processing file /opt/airflow/dags/tasks/insta_scraper.py for tasks to queue
[2025-05-07T10:28:00.761+0000] {logging_mixin.py:190} INFO - [2025-05-07T10:28:00.761+0000] {dagbag.py:587} INFO - Filling up the DagBag from /opt/airflow/dags/tasks/insta_scraper.py
[2025-05-07T10:28:00.904+0000] {processor.py:927} WARNING - No viable dags retrieved from /opt/airflow/dags/tasks/insta_scraper.py
[2025-05-07T10:28:00.915+0000] {processor.py:208} INFO - Processing /opt/airflow/dags/tasks/insta_scraper.py took 0.161 seconds
[2025-05-07T10:28:30.957+0000] {processor.py:186} INFO - Started process (PID=13879) to work on /opt/airflow/dags/tasks/insta_scraper.py
[2025-05-07T10:28:30.958+0000] {processor.py:914} INFO - Processing file /opt/airflow/dags/tasks/insta_scraper.py for tasks to queue
[2025-05-07T10:28:30.959+0000] {logging_mixin.py:190} INFO - [2025-05-07T10:28:30.958+0000] {dagbag.py:587} INFO - Filling up the DagBag from /opt/airflow/dags/tasks/insta_scraper.py
[2025-05-07T10:28:36.411+0000] {processor.py:927} WARNING - No viable dags retrieved from /opt/airflow/dags/tasks/insta_scraper.py
[2025-05-07T10:28:36.425+0000] {processor.py:208} INFO - Processing /opt/airflow/dags/tasks/insta_scraper.py took 0.107 seconds
[2025-05-07T10:29:11.544+0000] {processor.py:186} INFO - Started process (PID=14010) to work on /opt/airflow/dags/tasks/insta_scraper.py
[2025-05-07T10:29:11.545+0000] {processor.py:914} INFO - Processing file /opt/airflow/dags/tasks/insta_scraper.py for tasks to queue
[2025-05-07T10:29:11.546+0000] {logging_mixin.py:190} INFO - [2025-05-07T10:29:11.546+0000] {dagbag.py:587} INFO - Filling up the DagBag from /opt/airflow/dags/tasks/insta_scraper.py
[2025-05-07T10:29:05.879+0000] {processor.py:927} WARNING - No viable dags retrieved from /opt/airflow/dags/tasks/insta_scraper.py
[2025-05-07T10:29:05.890+0000] {processor.py:208} INFO - Processing /opt/airflow/dags/tasks/insta_scraper.py took 0.210 seconds
[2025-05-07T10:29:36.060+0000] {processor.py:186} INFO - Started process (PID=14107) to work on /opt/airflow/dags/tasks/insta_scraper.py
[2025-05-07T10:29:36.061+0000] {processor.py:914} INFO - Processing file /opt/airflow/dags/tasks/insta_scraper.py for tasks to queue
[2025-05-07T10:29:36.062+0000] {logging_mixin.py:190} INFO - [2025-05-07T10:29:36.062+0000] {dagbag.py:587} INFO - Filling up the DagBag from /opt/airflow/dags/tasks/insta_scraper.py
[2025-05-07T10:29:41.506+0000] {processor.py:927} WARNING - No viable dags retrieved from /opt/airflow/dags/tasks/insta_scraper.py
[2025-05-07T10:29:41.519+0000] {processor.py:208} INFO - Processing /opt/airflow/dags/tasks/insta_scraper.py took 0.109 seconds
[2025-05-07T10:30:11.654+0000] {processor.py:186} INFO - Started process (PID=14155) to work on /opt/airflow/dags/tasks/insta_scraper.py
[2025-05-07T10:30:11.655+0000] {processor.py:914} INFO - Processing file /opt/airflow/dags/tasks/insta_scraper.py for tasks to queue
[2025-05-07T10:30:11.656+0000] {logging_mixin.py:190} INFO - [2025-05-07T10:30:11.656+0000] {dagbag.py:587} INFO - Filling up the DagBag from /opt/airflow/dags/tasks/insta_scraper.py
[2025-05-07T10:30:11.733+0000] {processor.py:927} WARNING - No viable dags retrieved from /opt/airflow/dags/tasks/insta_scraper.py
[2025-05-07T10:30:11.749+0000] {processor.py:208} INFO - Processing /opt/airflow/dags/tasks/insta_scraper.py took 0.099 seconds
[2025-05-07T10:30:46.788+0000] {processor.py:186} INFO - Started process (PID=14292) to work on /opt/airflow/dags/tasks/insta_scraper.py
[2025-05-07T10:30:46.790+0000] {processor.py:914} INFO - Processing file /opt/airflow/dags/tasks/insta_scraper.py for tasks to queue
[2025-05-07T10:30:46.791+0000] {logging_mixin.py:190} INFO - [2025-05-07T10:30:46.790+0000] {dagbag.py:587} INFO - Filling up the DagBag from /opt/airflow/dags/tasks/insta_scraper.py
[2025-05-07T10:30:41.060+0000] {processor.py:927} WARNING - No viable dags retrieved from /opt/airflow/dags/tasks/insta_scraper.py
[2025-05-07T10:30:41.074+0000] {processor.py:208} INFO - Processing /opt/airflow/dags/tasks/insta_scraper.py took 0.149 seconds
[2025-05-07T10:31:16.690+0000] {processor.py:186} INFO - Started process (PID=14428) to work on /opt/airflow/dags/tasks/insta_scraper.py
[2025-05-07T10:31:16.691+0000] {processor.py:914} INFO - Processing file /opt/airflow/dags/tasks/insta_scraper.py for tasks to queue
[2025-05-07T10:31:16.692+0000] {logging_mixin.py:190} INFO - [2025-05-07T10:31:16.692+0000] {dagbag.py:587} INFO - Filling up the DagBag from /opt/airflow/dags/tasks/insta_scraper.py
[2025-05-07T10:31:16.807+0000] {processor.py:927} WARNING - No viable dags retrieved from /opt/airflow/dags/tasks/insta_scraper.py
[2025-05-07T10:31:16.819+0000] {processor.py:208} INFO - Processing /opt/airflow/dags/tasks/insta_scraper.py took 0.135 seconds
[2025-05-07T10:31:51.686+0000] {processor.py:186} INFO - Started process (PID=14556) to work on /opt/airflow/dags/tasks/insta_scraper.py
[2025-05-07T10:31:51.687+0000] {processor.py:914} INFO - Processing file /opt/airflow/dags/tasks/insta_scraper.py for tasks to queue
[2025-05-07T10:31:51.688+0000] {logging_mixin.py:190} INFO - [2025-05-07T10:31:51.688+0000] {dagbag.py:587} INFO - Filling up the DagBag from /opt/airflow/dags/tasks/insta_scraper.py
[2025-05-07T10:31:51.845+0000] {processor.py:927} WARNING - No viable dags retrieved from /opt/airflow/dags/tasks/insta_scraper.py
[2025-05-07T10:31:51.859+0000] {processor.py:208} INFO - Processing /opt/airflow/dags/tasks/insta_scraper.py took 0.180 seconds
[2025-05-07T10:32:26.961+0000] {processor.py:186} INFO - Started process (PID=14694) to work on /opt/airflow/dags/tasks/insta_scraper.py
[2025-05-07T10:32:26.962+0000] {processor.py:914} INFO - Processing file /opt/airflow/dags/tasks/insta_scraper.py for tasks to queue
[2025-05-07T10:32:26.963+0000] {logging_mixin.py:190} INFO - [2025-05-07T10:32:26.963+0000] {dagbag.py:587} INFO - Filling up the DagBag from /opt/airflow/dags/tasks/insta_scraper.py
[2025-05-07T10:32:21.289+0000] {processor.py:927} WARNING - No viable dags retrieved from /opt/airflow/dags/tasks/insta_scraper.py
[2025-05-07T10:32:21.298+0000] {processor.py:208} INFO - Processing /opt/airflow/dags/tasks/insta_scraper.py took 0.204 seconds
[2025-05-07T10:32:51.350+0000] {processor.py:186} INFO - Started process (PID=14816) to work on /opt/airflow/dags/tasks/insta_scraper.py
[2025-05-07T10:32:51.353+0000] {processor.py:914} INFO - Processing file /opt/airflow/dags/tasks/insta_scraper.py for tasks to queue
[2025-05-07T10:32:51.354+0000] {logging_mixin.py:190} INFO - [2025-05-07T10:32:51.354+0000] {dagbag.py:587} INFO - Filling up the DagBag from /opt/airflow/dags/tasks/insta_scraper.py
[2025-05-07T10:32:56.886+0000] {processor.py:927} WARNING - No viable dags retrieved from /opt/airflow/dags/tasks/insta_scraper.py
[2025-05-07T10:32:56.897+0000] {processor.py:208} INFO - Processing /opt/airflow/dags/tasks/insta_scraper.py took 0.189 seconds
[2025-05-07T10:33:26.973+0000] {processor.py:186} INFO - Started process (PID=14953) to work on /opt/airflow/dags/tasks/insta_scraper.py
[2025-05-07T10:33:26.974+0000] {processor.py:914} INFO - Processing file /opt/airflow/dags/tasks/insta_scraper.py for tasks to queue
[2025-05-07T10:33:26.975+0000] {logging_mixin.py:190} INFO - [2025-05-07T10:33:26.975+0000] {dagbag.py:587} INFO - Filling up the DagBag from /opt/airflow/dags/tasks/insta_scraper.py
[2025-05-07T10:33:21.304+0000] {processor.py:927} WARNING - No viable dags retrieved from /opt/airflow/dags/tasks/insta_scraper.py
[2025-05-07T10:33:21.314+0000] {processor.py:208} INFO - Processing /opt/airflow/dags/tasks/insta_scraper.py took 0.207 seconds
[2025-05-07T10:33:56.943+0000] {processor.py:186} INFO - Started process (PID=14969) to work on /opt/airflow/dags/tasks/insta_scraper.py
[2025-05-07T10:33:56.944+0000] {processor.py:914} INFO - Processing file /opt/airflow/dags/tasks/insta_scraper.py for tasks to queue
[2025-05-07T10:33:56.946+0000] {logging_mixin.py:190} INFO - [2025-05-07T10:33:56.945+0000] {dagbag.py:587} INFO - Filling up the DagBag from /opt/airflow/dags/tasks/insta_scraper.py
[2025-05-07T10:33:57.059+0000] {processor.py:927} WARNING - No viable dags retrieved from /opt/airflow/dags/tasks/insta_scraper.py
[2025-05-07T10:33:57.075+0000] {processor.py:208} INFO - Processing /opt/airflow/dags/tasks/insta_scraper.py took 0.139 seconds
[2025-05-07T10:34:32.045+0000] {processor.py:186} INFO - Started process (PID=15107) to work on /opt/airflow/dags/tasks/insta_scraper.py
[2025-05-07T10:34:32.047+0000] {processor.py:914} INFO - Processing file /opt/airflow/dags/tasks/insta_scraper.py for tasks to queue
[2025-05-07T10:34:32.048+0000] {logging_mixin.py:190} INFO - [2025-05-07T10:34:32.047+0000] {dagbag.py:587} INFO - Filling up the DagBag from /opt/airflow/dags/tasks/insta_scraper.py
[2025-05-07T10:34:32.165+0000] {processor.py:927} WARNING - No viable dags retrieved from /opt/airflow/dags/tasks/insta_scraper.py
[2025-05-07T10:34:32.177+0000] {processor.py:208} INFO - Processing /opt/airflow/dags/tasks/insta_scraper.py took 0.136 seconds
[2025-05-07T10:35:07.040+0000] {processor.py:186} INFO - Started process (PID=15239) to work on /opt/airflow/dags/tasks/insta_scraper.py
[2025-05-07T10:35:07.042+0000] {processor.py:914} INFO - Processing file /opt/airflow/dags/tasks/insta_scraper.py for tasks to queue
[2025-05-07T10:35:07.043+0000] {logging_mixin.py:190} INFO - [2025-05-07T10:35:07.043+0000] {dagbag.py:587} INFO - Filling up the DagBag from /opt/airflow/dags/tasks/insta_scraper.py
[2025-05-07T10:35:07.175+0000] {processor.py:927} WARNING - No viable dags retrieved from /opt/airflow/dags/tasks/insta_scraper.py
[2025-05-07T10:35:07.188+0000] {processor.py:208} INFO - Processing /opt/airflow/dags/tasks/insta_scraper.py took 0.153 seconds
[2025-05-07T10:35:37.574+0000] {processor.py:186} INFO - Started process (PID=15362) to work on /opt/airflow/dags/tasks/insta_scraper.py
[2025-05-07T10:35:37.575+0000] {processor.py:914} INFO - Processing file /opt/airflow/dags/tasks/insta_scraper.py for tasks to queue
[2025-05-07T10:35:37.576+0000] {logging_mixin.py:190} INFO - [2025-05-07T10:35:37.576+0000] {dagbag.py:587} INFO - Filling up the DagBag from /opt/airflow/dags/tasks/insta_scraper.py
[2025-05-07T10:35:37.708+0000] {processor.py:927} WARNING - No viable dags retrieved from /opt/airflow/dags/tasks/insta_scraper.py
[2025-05-07T10:35:37.720+0000] {processor.py:208} INFO - Processing /opt/airflow/dags/tasks/insta_scraper.py took 0.152 seconds
[2025-05-07T10:36:12.221+0000] {processor.py:186} INFO - Started process (PID=15499) to work on /opt/airflow/dags/tasks/insta_scraper.py
[2025-05-07T10:36:12.223+0000] {processor.py:914} INFO - Processing file /opt/airflow/dags/tasks/insta_scraper.py for tasks to queue
[2025-05-07T10:36:12.224+0000] {logging_mixin.py:190} INFO - [2025-05-07T10:36:12.224+0000] {dagbag.py:587} INFO - Filling up the DagBag from /opt/airflow/dags/tasks/insta_scraper.py
[2025-05-07T10:36:12.369+0000] {processor.py:927} WARNING - No viable dags retrieved from /opt/airflow/dags/tasks/insta_scraper.py
[2025-05-07T10:36:12.378+0000] {processor.py:208} INFO - Processing /opt/airflow/dags/tasks/insta_scraper.py took 0.162 seconds
[2025-05-07T10:36:42.670+0000] {processor.py:186} INFO - Started process (PID=15635) to work on /opt/airflow/dags/tasks/insta_scraper.py
[2025-05-07T10:36:42.672+0000] {processor.py:914} INFO - Processing file /opt/airflow/dags/tasks/insta_scraper.py for tasks to queue
[2025-05-07T10:36:42.673+0000] {logging_mixin.py:190} INFO - [2025-05-07T10:36:42.673+0000] {dagbag.py:587} INFO - Filling up the DagBag from /opt/airflow/dags/tasks/insta_scraper.py
[2025-05-07T10:36:42.854+0000] {processor.py:927} WARNING - No viable dags retrieved from /opt/airflow/dags/tasks/insta_scraper.py
[2025-05-07T10:36:42.865+0000] {processor.py:208} INFO - Processing /opt/airflow/dags/tasks/insta_scraper.py took 0.202 seconds
[2025-05-07T10:37:12.907+0000] {processor.py:186} INFO - Started process (PID=15767) to work on /opt/airflow/dags/tasks/insta_scraper.py
[2025-05-07T10:37:12.908+0000] {processor.py:914} INFO - Processing file /opt/airflow/dags/tasks/insta_scraper.py for tasks to queue
[2025-05-07T10:37:12.909+0000] {logging_mixin.py:190} INFO - [2025-05-07T10:37:12.909+0000] {dagbag.py:587} INFO - Filling up the DagBag from /opt/airflow/dags/tasks/insta_scraper.py
[2025-05-07T10:37:13.077+0000] {processor.py:927} WARNING - No viable dags retrieved from /opt/airflow/dags/tasks/insta_scraper.py
[2025-05-07T10:37:13.089+0000] {processor.py:208} INFO - Processing /opt/airflow/dags/tasks/insta_scraper.py took 0.188 seconds
[2025-05-07T10:37:44.047+0000] {processor.py:186} INFO - Started process (PID=15899) to work on /opt/airflow/dags/tasks/insta_scraper.py
[2025-05-07T10:37:44.049+0000] {processor.py:914} INFO - Processing file /opt/airflow/dags/tasks/insta_scraper.py for tasks to queue
[2025-05-07T10:37:44.050+0000] {logging_mixin.py:190} INFO - [2025-05-07T10:37:44.050+0000] {dagbag.py:587} INFO - Filling up the DagBag from /opt/airflow/dags/tasks/insta_scraper.py
[2025-05-07T10:37:44.188+0000] {processor.py:927} WARNING - No viable dags retrieved from /opt/airflow/dags/tasks/insta_scraper.py
[2025-05-07T10:37:44.198+0000] {processor.py:208} INFO - Processing /opt/airflow/dags/tasks/insta_scraper.py took 0.156 seconds
[2025-05-07T10:38:17.606+0000] {processor.py:186} INFO - Started process (PID=15998) to work on /opt/airflow/dags/tasks/insta_scraper.py
[2025-05-07T10:38:17.608+0000] {processor.py:914} INFO - Processing file /opt/airflow/dags/tasks/insta_scraper.py for tasks to queue
[2025-05-07T10:38:17.609+0000] {logging_mixin.py:190} INFO - [2025-05-07T10:38:17.608+0000] {dagbag.py:587} INFO - Filling up the DagBag from /opt/airflow/dags/tasks/insta_scraper.py
[2025-05-07T10:38:11.965+0000] {processor.py:927} WARNING - No viable dags retrieved from /opt/airflow/dags/tasks/insta_scraper.py
[2025-05-07T10:38:11.994+0000] {processor.py:208} INFO - Processing /opt/airflow/dags/tasks/insta_scraper.py took 0.258 seconds
[2025-05-07T10:38:47.627+0000] {processor.py:186} INFO - Started process (PID=16045) to work on /opt/airflow/dags/tasks/insta_scraper.py
[2025-05-07T10:38:47.628+0000] {processor.py:914} INFO - Processing file /opt/airflow/dags/tasks/insta_scraper.py for tasks to queue
[2025-05-07T10:38:47.629+0000] {logging_mixin.py:190} INFO - [2025-05-07T10:38:47.629+0000] {dagbag.py:587} INFO - Filling up the DagBag from /opt/airflow/dags/tasks/insta_scraper.py
[2025-05-07T10:38:41.862+0000] {processor.py:927} WARNING - No viable dags retrieved from /opt/airflow/dags/tasks/insta_scraper.py
[2025-05-07T10:38:41.873+0000] {processor.py:208} INFO - Processing /opt/airflow/dags/tasks/insta_scraper.py took 0.114 seconds
[2025-05-07T10:39:11.936+0000] {processor.py:186} INFO - Started process (PID=16173) to work on /opt/airflow/dags/tasks/insta_scraper.py
[2025-05-07T10:39:11.937+0000] {processor.py:914} INFO - Processing file /opt/airflow/dags/tasks/insta_scraper.py for tasks to queue
[2025-05-07T10:39:11.938+0000] {logging_mixin.py:190} INFO - [2025-05-07T10:39:11.938+0000] {dagbag.py:587} INFO - Filling up the DagBag from /opt/airflow/dags/tasks/insta_scraper.py
[2025-05-07T10:39:12.045+0000] {processor.py:927} WARNING - No viable dags retrieved from /opt/airflow/dags/tasks/insta_scraper.py
[2025-05-07T10:39:12.057+0000] {processor.py:208} INFO - Processing /opt/airflow/dags/tasks/insta_scraper.py took 0.126 seconds
[2025-05-07T10:39:42.184+0000] {processor.py:186} INFO - Started process (PID=16306) to work on /opt/airflow/dags/tasks/insta_scraper.py
[2025-05-07T10:39:42.185+0000] {processor.py:914} INFO - Processing file /opt/airflow/dags/tasks/insta_scraper.py for tasks to queue
[2025-05-07T10:39:42.186+0000] {logging_mixin.py:190} INFO - [2025-05-07T10:39:42.186+0000] {dagbag.py:587} INFO - Filling up the DagBag from /opt/airflow/dags/tasks/insta_scraper.py
[2025-05-07T10:39:42.334+0000] {processor.py:927} WARNING - No viable dags retrieved from /opt/airflow/dags/tasks/insta_scraper.py
[2025-05-07T10:39:42.345+0000] {processor.py:208} INFO - Processing /opt/airflow/dags/tasks/insta_scraper.py took 0.167 seconds
[2025-05-07T10:40:12.363+0000] {processor.py:186} INFO - Started process (PID=16429) to work on /opt/airflow/dags/tasks/insta_scraper.py
[2025-05-07T10:40:12.364+0000] {processor.py:914} INFO - Processing file /opt/airflow/dags/tasks/insta_scraper.py for tasks to queue
[2025-05-07T10:40:12.365+0000] {logging_mixin.py:190} INFO - [2025-05-07T10:40:12.365+0000] {dagbag.py:587} INFO - Filling up the DagBag from /opt/airflow/dags/tasks/insta_scraper.py
[2025-05-07T10:40:12.539+0000] {processor.py:927} WARNING - No viable dags retrieved from /opt/airflow/dags/tasks/insta_scraper.py
[2025-05-07T10:40:12.548+0000] {processor.py:208} INFO - Processing /opt/airflow/dags/tasks/insta_scraper.py took 0.191 seconds
[2025-05-07T10:40:42.782+0000] {processor.py:186} INFO - Started process (PID=16440) to work on /opt/airflow/dags/tasks/insta_scraper.py
[2025-05-07T10:40:42.783+0000] {processor.py:914} INFO - Processing file /opt/airflow/dags/tasks/insta_scraper.py for tasks to queue
[2025-05-07T10:40:42.784+0000] {logging_mixin.py:190} INFO - [2025-05-07T10:40:42.783+0000] {dagbag.py:587} INFO - Filling up the DagBag from /opt/airflow/dags/tasks/insta_scraper.py
[2025-05-07T10:40:37.017+0000] {processor.py:927} WARNING - No viable dags retrieved from /opt/airflow/dags/tasks/insta_scraper.py
[2025-05-07T10:40:37.033+0000] {processor.py:208} INFO - Processing /opt/airflow/dags/tasks/insta_scraper.py took 0.123 seconds
[2025-05-07T10:41:07.092+0000] {processor.py:186} INFO - Started process (PID=16568) to work on /opt/airflow/dags/tasks/insta_scraper.py
[2025-05-07T10:41:07.094+0000] {processor.py:914} INFO - Processing file /opt/airflow/dags/tasks/insta_scraper.py for tasks to queue
[2025-05-07T10:41:07.094+0000] {logging_mixin.py:190} INFO - [2025-05-07T10:41:07.094+0000] {dagbag.py:587} INFO - Filling up the DagBag from /opt/airflow/dags/tasks/insta_scraper.py
[2025-05-07T10:41:07.232+0000] {processor.py:927} WARNING - No viable dags retrieved from /opt/airflow/dags/tasks/insta_scraper.py
[2025-05-07T10:41:07.244+0000] {processor.py:208} INFO - Processing /opt/airflow/dags/tasks/insta_scraper.py took 0.158 seconds
[2025-05-07T10:41:37.933+0000] {processor.py:186} INFO - Started process (PID=16694) to work on /opt/airflow/dags/tasks/insta_scraper.py
[2025-05-07T10:41:37.935+0000] {processor.py:914} INFO - Processing file /opt/airflow/dags/tasks/insta_scraper.py for tasks to queue
[2025-05-07T10:41:37.937+0000] {logging_mixin.py:190} INFO - [2025-05-07T10:41:37.936+0000] {dagbag.py:587} INFO - Filling up the DagBag from /opt/airflow/dags/tasks/insta_scraper.py
[2025-05-07T10:41:32.180+0000] {processor.py:927} WARNING - No viable dags retrieved from /opt/airflow/dags/tasks/insta_scraper.py
[2025-05-07T10:41:32.191+0000] {processor.py:208} INFO - Processing /opt/airflow/dags/tasks/insta_scraper.py took 0.129 seconds
[2025-05-07T10:42:02.780+0000] {processor.py:186} INFO - Started process (PID=16825) to work on /opt/airflow/dags/tasks/insta_scraper.py
[2025-05-07T10:42:02.782+0000] {processor.py:914} INFO - Processing file /opt/airflow/dags/tasks/insta_scraper.py for tasks to queue
[2025-05-07T10:42:02.783+0000] {logging_mixin.py:190} INFO - [2025-05-07T10:42:02.783+0000] {dagbag.py:587} INFO - Filling up the DagBag from /opt/airflow/dags/tasks/insta_scraper.py
[2025-05-07T10:42:02.910+0000] {processor.py:927} WARNING - No viable dags retrieved from /opt/airflow/dags/tasks/insta_scraper.py
[2025-05-07T10:42:02.922+0000] {processor.py:208} INFO - Processing /opt/airflow/dags/tasks/insta_scraper.py took 0.148 seconds
[2025-05-07T10:42:33.288+0000] {processor.py:186} INFO - Started process (PID=16963) to work on /opt/airflow/dags/tasks/insta_scraper.py
[2025-05-07T10:42:33.290+0000] {processor.py:914} INFO - Processing file /opt/airflow/dags/tasks/insta_scraper.py for tasks to queue
[2025-05-07T10:42:33.291+0000] {logging_mixin.py:190} INFO - [2025-05-07T10:42:33.291+0000] {dagbag.py:587} INFO - Filling up the DagBag from /opt/airflow/dags/tasks/insta_scraper.py
[2025-05-07T10:42:33.419+0000] {processor.py:927} WARNING - No viable dags retrieved from /opt/airflow/dags/tasks/insta_scraper.py
[2025-05-07T10:42:33.430+0000] {processor.py:208} INFO - Processing /opt/airflow/dags/tasks/insta_scraper.py took 0.148 seconds
[2025-05-07T10:43:07.884+0000] {processor.py:186} INFO - Started process (PID=17059) to work on /opt/airflow/dags/tasks/insta_scraper.py
[2025-05-07T10:43:07.885+0000] {processor.py:914} INFO - Processing file /opt/airflow/dags/tasks/insta_scraper.py for tasks to queue
[2025-05-07T10:43:07.886+0000] {logging_mixin.py:190} INFO - [2025-05-07T10:43:07.886+0000] {dagbag.py:587} INFO - Filling up the DagBag from /opt/airflow/dags/tasks/insta_scraper.py
[2025-05-07T10:43:07.967+0000] {processor.py:927} WARNING - No viable dags retrieved from /opt/airflow/dags/tasks/insta_scraper.py
[2025-05-07T10:43:07.984+0000] {processor.py:208} INFO - Processing /opt/airflow/dags/tasks/insta_scraper.py took 0.106 seconds
[2025-05-07T10:43:38.713+0000] {processor.py:186} INFO - Started process (PID=17216) to work on /opt/airflow/dags/tasks/insta_scraper.py
[2025-05-07T10:43:38.714+0000] {processor.py:914} INFO - Processing file /opt/airflow/dags/tasks/insta_scraper.py for tasks to queue
[2025-05-07T10:43:38.715+0000] {logging_mixin.py:190} INFO - [2025-05-07T10:43:38.715+0000] {dagbag.py:587} INFO - Filling up the DagBag from /opt/airflow/dags/tasks/insta_scraper.py
[2025-05-07T10:43:38.905+0000] {processor.py:927} WARNING - No viable dags retrieved from /opt/airflow/dags/tasks/insta_scraper.py
[2025-05-07T10:43:38.968+0000] {processor.py:208} INFO - Processing /opt/airflow/dags/tasks/insta_scraper.py took 0.264 seconds
[2025-05-07T10:44:13.105+0000] {processor.py:186} INFO - Started process (PID=17242) to work on /opt/airflow/dags/tasks/insta_scraper.py
[2025-05-07T10:44:13.106+0000] {processor.py:914} INFO - Processing file /opt/airflow/dags/tasks/insta_scraper.py for tasks to queue
[2025-05-07T10:44:13.107+0000] {logging_mixin.py:190} INFO - [2025-05-07T10:44:13.107+0000] {dagbag.py:587} INFO - Filling up the DagBag from /opt/airflow/dags/tasks/insta_scraper.py
[2025-05-07T10:44:13.225+0000] {processor.py:927} WARNING - No viable dags retrieved from /opt/airflow/dags/tasks/insta_scraper.py
[2025-05-07T10:44:13.239+0000] {processor.py:208} INFO - Processing /opt/airflow/dags/tasks/insta_scraper.py took 0.140 seconds
[2025-05-07T10:44:48.035+0000] {processor.py:186} INFO - Started process (PID=17373) to work on /opt/airflow/dags/tasks/insta_scraper.py
[2025-05-07T10:44:48.037+0000] {processor.py:914} INFO - Processing file /opt/airflow/dags/tasks/insta_scraper.py for tasks to queue
[2025-05-07T10:44:48.038+0000] {logging_mixin.py:190} INFO - [2025-05-07T10:44:48.037+0000] {dagbag.py:587} INFO - Filling up the DagBag from /opt/airflow/dags/tasks/insta_scraper.py
[2025-05-07T10:44:48.149+0000] {processor.py:927} WARNING - No viable dags retrieved from /opt/airflow/dags/tasks/insta_scraper.py
[2025-05-07T10:44:48.161+0000] {processor.py:208} INFO - Processing /opt/airflow/dags/tasks/insta_scraper.py took 0.130 seconds
[2025-05-07T10:45:18.701+0000] {processor.py:186} INFO - Started process (PID=17506) to work on /opt/airflow/dags/tasks/insta_scraper.py
[2025-05-07T10:45:18.705+0000] {processor.py:914} INFO - Processing file /opt/airflow/dags/tasks/insta_scraper.py for tasks to queue
[2025-05-07T10:45:18.706+0000] {logging_mixin.py:190} INFO - [2025-05-07T10:45:18.706+0000] {dagbag.py:587} INFO - Filling up the DagBag from /opt/airflow/dags/tasks/insta_scraper.py
[2025-05-07T10:45:18.827+0000] {processor.py:927} WARNING - No viable dags retrieved from /opt/airflow/dags/tasks/insta_scraper.py
[2025-05-07T10:45:18.838+0000] {processor.py:208} INFO - Processing /opt/airflow/dags/tasks/insta_scraper.py took 0.143 seconds
[2025-05-07T10:45:53.277+0000] {processor.py:186} INFO - Started process (PID=17635) to work on /opt/airflow/dags/tasks/insta_scraper.py
[2025-05-07T10:45:53.280+0000] {processor.py:914} INFO - Processing file /opt/airflow/dags/tasks/insta_scraper.py for tasks to queue
[2025-05-07T10:45:53.281+0000] {logging_mixin.py:190} INFO - [2025-05-07T10:45:53.281+0000] {dagbag.py:587} INFO - Filling up the DagBag from /opt/airflow/dags/tasks/insta_scraper.py
[2025-05-07T10:45:47.626+0000] {processor.py:927} WARNING - No viable dags retrieved from /opt/airflow/dags/tasks/insta_scraper.py
[2025-05-07T10:45:47.636+0000] {processor.py:208} INFO - Processing /opt/airflow/dags/tasks/insta_scraper.py took 0.233 seconds
[2025-05-07T10:46:18.236+0000] {processor.py:186} INFO - Started process (PID=17771) to work on /opt/airflow/dags/tasks/insta_scraper.py
[2025-05-07T10:46:18.238+0000] {processor.py:914} INFO - Processing file /opt/airflow/dags/tasks/insta_scraper.py for tasks to queue
[2025-05-07T10:46:18.239+0000] {logging_mixin.py:190} INFO - [2025-05-07T10:46:18.239+0000] {dagbag.py:587} INFO - Filling up the DagBag from /opt/airflow/dags/tasks/insta_scraper.py
[2025-05-07T10:46:18.352+0000] {processor.py:927} WARNING - No viable dags retrieved from /opt/airflow/dags/tasks/insta_scraper.py
[2025-05-07T10:46:18.364+0000] {processor.py:208} INFO - Processing /opt/airflow/dags/tasks/insta_scraper.py took 0.132 seconds
[2025-05-07T10:47:26.278+0000] {processor.py:186} INFO - Started process (PID=17890) to work on /opt/airflow/dags/tasks/insta_scraper.py
[2025-05-07T10:47:26.292+0000] {processor.py:914} INFO - Processing file /opt/airflow/dags/tasks/insta_scraper.py for tasks to queue
[2025-05-07T10:47:26.319+0000] {logging_mixin.py:190} INFO - [2025-05-07T10:47:26.293+0000] {dagbag.py:587} INFO - Filling up the DagBag from /opt/airflow/dags/tasks/insta_scraper.py
[2025-05-07T10:47:28.589+0000] {processor.py:927} WARNING - No viable dags retrieved from /opt/airflow/dags/tasks/insta_scraper.py
[2025-05-07T10:47:28.808+0000] {processor.py:208} INFO - Processing /opt/airflow/dags/tasks/insta_scraper.py took 3.172 seconds
[2025-05-07T10:48:03.514+0000] {processor.py:186} INFO - Started process (PID=18012) to work on /opt/airflow/dags/tasks/insta_scraper.py
[2025-05-07T10:48:03.515+0000] {processor.py:914} INFO - Processing file /opt/airflow/dags/tasks/insta_scraper.py for tasks to queue
[2025-05-07T10:48:03.516+0000] {logging_mixin.py:190} INFO - [2025-05-07T10:48:03.516+0000] {dagbag.py:587} INFO - Filling up the DagBag from /opt/airflow/dags/tasks/insta_scraper.py
[2025-05-07T10:47:57.804+0000] {processor.py:927} WARNING - No viable dags retrieved from /opt/airflow/dags/tasks/insta_scraper.py
[2025-05-07T10:47:57.821+0000] {processor.py:208} INFO - Processing /opt/airflow/dags/tasks/insta_scraper.py took 0.182 seconds
[2025-05-07T10:48:28.398+0000] {processor.py:186} INFO - Started process (PID=18045) to work on /opt/airflow/dags/tasks/insta_scraper.py
[2025-05-07T10:48:28.399+0000] {processor.py:914} INFO - Processing file /opt/airflow/dags/tasks/insta_scraper.py for tasks to queue
[2025-05-07T10:48:28.401+0000] {logging_mixin.py:190} INFO - [2025-05-07T10:48:28.400+0000] {dagbag.py:587} INFO - Filling up the DagBag from /opt/airflow/dags/tasks/insta_scraper.py
[2025-05-07T10:48:28.493+0000] {processor.py:927} WARNING - No viable dags retrieved from /opt/airflow/dags/tasks/insta_scraper.py
[2025-05-07T10:48:28.504+0000] {processor.py:208} INFO - Processing /opt/airflow/dags/tasks/insta_scraper.py took 0.112 seconds
[2025-05-07T10:48:58.579+0000] {processor.py:186} INFO - Started process (PID=18191) to work on /opt/airflow/dags/tasks/insta_scraper.py
[2025-05-07T10:48:58.581+0000] {processor.py:914} INFO - Processing file /opt/airflow/dags/tasks/insta_scraper.py for tasks to queue
[2025-05-07T10:48:58.582+0000] {logging_mixin.py:190} INFO - [2025-05-07T10:48:58.581+0000] {dagbag.py:587} INFO - Filling up the DagBag from /opt/airflow/dags/tasks/insta_scraper.py
[2025-05-07T10:48:52.880+0000] {processor.py:927} WARNING - No viable dags retrieved from /opt/airflow/dags/tasks/insta_scraper.py
[2025-05-07T10:48:52.894+0000] {processor.py:208} INFO - Processing /opt/airflow/dags/tasks/insta_scraper.py took 0.193 seconds
[2025-05-07T10:49:28.429+0000] {processor.py:186} INFO - Started process (PID=18327) to work on /opt/airflow/dags/tasks/insta_scraper.py
[2025-05-07T10:49:28.430+0000] {processor.py:914} INFO - Processing file /opt/airflow/dags/tasks/insta_scraper.py for tasks to queue
[2025-05-07T10:49:28.432+0000] {logging_mixin.py:190} INFO - [2025-05-07T10:49:28.431+0000] {dagbag.py:587} INFO - Filling up the DagBag from /opt/airflow/dags/tasks/insta_scraper.py
[2025-05-07T10:49:28.592+0000] {processor.py:927} WARNING - No viable dags retrieved from /opt/airflow/dags/tasks/insta_scraper.py
[2025-05-07T10:49:28.607+0000] {processor.py:208} INFO - Processing /opt/airflow/dags/tasks/insta_scraper.py took 0.184 seconds
[2025-05-07T10:50:53.655+0000] {processor.py:186} INFO - Started process (PID=18442) to work on /opt/airflow/dags/tasks/insta_scraper.py
[2025-05-07T10:50:53.665+0000] {processor.py:914} INFO - Processing file /opt/airflow/dags/tasks/insta_scraper.py for tasks to queue
[2025-05-07T10:50:53.693+0000] {logging_mixin.py:190} INFO - [2025-05-07T10:50:53.667+0000] {dagbag.py:587} INFO - Filling up the DagBag from /opt/airflow/dags/tasks/insta_scraper.py
[2025-05-07T10:50:54.784+0000] {processor.py:927} WARNING - No viable dags retrieved from /opt/airflow/dags/tasks/insta_scraper.py
[2025-05-07T10:50:54.850+0000] {processor.py:208} INFO - Processing /opt/airflow/dags/tasks/insta_scraper.py took 1.287 seconds
[2025-05-07T10:51:33.724+0000] {processor.py:186} INFO - Started process (PID=18550) to work on /opt/airflow/dags/tasks/insta_scraper.py
[2025-05-07T10:51:28.251+0000] {processor.py:914} INFO - Processing file /opt/airflow/dags/tasks/insta_scraper.py for tasks to queue
[2025-05-07T10:51:30.608+0000] {logging_mixin.py:190} INFO - [2025-05-07T10:51:29.361+0000] {dagbag.py:587} INFO - Filling up the DagBag from /opt/airflow/dags/tasks/insta_scraper.py
[2025-05-07T10:52:02.545+0000] {logging_mixin.py:190} INFO - [2025-05-07T10:52:01.368+0000] {timeout.py:68} ERROR - Process timed out, PID: 18550
[2025-05-07T10:54:53.899+0000] {processor.py:186} INFO - Started process (PID=18578) to work on /opt/airflow/dags/tasks/insta_scraper.py
[2025-05-07T10:54:53.901+0000] {processor.py:914} INFO - Processing file /opt/airflow/dags/tasks/insta_scraper.py for tasks to queue
[2025-05-07T10:54:53.902+0000] {logging_mixin.py:190} INFO - [2025-05-07T10:54:53.902+0000] {dagbag.py:587} INFO - Filling up the DagBag from /opt/airflow/dags/tasks/insta_scraper.py
[2025-05-07T10:54:54.073+0000] {processor.py:927} WARNING - No viable dags retrieved from /opt/airflow/dags/tasks/insta_scraper.py
[2025-05-07T10:54:54.090+0000] {processor.py:208} INFO - Processing /opt/airflow/dags/tasks/insta_scraper.py took 0.198 seconds
[2025-05-07T10:55:24.173+0000] {processor.py:186} INFO - Started process (PID=18720) to work on /opt/airflow/dags/tasks/insta_scraper.py
[2025-05-07T10:55:24.175+0000] {processor.py:914} INFO - Processing file /opt/airflow/dags/tasks/insta_scraper.py for tasks to queue
[2025-05-07T10:55:24.176+0000] {logging_mixin.py:190} INFO - [2025-05-07T10:55:24.175+0000] {dagbag.py:587} INFO - Filling up the DagBag from /opt/airflow/dags/tasks/insta_scraper.py
[2025-05-07T10:55:18.492+0000] {processor.py:927} WARNING - No viable dags retrieved from /opt/airflow/dags/tasks/insta_scraper.py
[2025-05-07T10:55:18.507+0000] {processor.py:208} INFO - Processing /opt/airflow/dags/tasks/insta_scraper.py took 0.208 seconds
[2025-05-07T10:55:48.959+0000] {processor.py:186} INFO - Started process (PID=18852) to work on /opt/airflow/dags/tasks/insta_scraper.py
[2025-05-07T10:55:48.961+0000] {processor.py:914} INFO - Processing file /opt/airflow/dags/tasks/insta_scraper.py for tasks to queue
[2025-05-07T10:55:48.965+0000] {logging_mixin.py:190} INFO - [2025-05-07T10:55:48.964+0000] {dagbag.py:587} INFO - Filling up the DagBag from /opt/airflow/dags/tasks/insta_scraper.py
[2025-05-07T10:55:49.150+0000] {processor.py:927} WARNING - No viable dags retrieved from /opt/airflow/dags/tasks/insta_scraper.py
[2025-05-07T10:55:49.168+0000] {processor.py:208} INFO - Processing /opt/airflow/dags/tasks/insta_scraper.py took 0.215 seconds
[2025-05-07T10:56:19.281+0000] {processor.py:186} INFO - Started process (PID=18983) to work on /opt/airflow/dags/tasks/insta_scraper.py
[2025-05-07T10:56:19.282+0000] {processor.py:914} INFO - Processing file /opt/airflow/dags/tasks/insta_scraper.py for tasks to queue
[2025-05-07T10:56:19.283+0000] {logging_mixin.py:190} INFO - [2025-05-07T10:56:19.283+0000] {dagbag.py:587} INFO - Filling up the DagBag from /opt/airflow/dags/tasks/insta_scraper.py
[2025-05-07T10:56:19.449+0000] {processor.py:927} WARNING - No viable dags retrieved from /opt/airflow/dags/tasks/insta_scraper.py
[2025-05-07T10:56:19.463+0000] {processor.py:208} INFO - Processing /opt/airflow/dags/tasks/insta_scraper.py took 0.187 seconds
[2025-05-07T10:56:49.965+0000] {processor.py:186} INFO - Started process (PID=19113) to work on /opt/airflow/dags/tasks/insta_scraper.py
[2025-05-07T10:56:49.968+0000] {processor.py:914} INFO - Processing file /opt/airflow/dags/tasks/insta_scraper.py for tasks to queue
[2025-05-07T10:56:49.970+0000] {logging_mixin.py:190} INFO - [2025-05-07T10:56:49.969+0000] {dagbag.py:587} INFO - Filling up the DagBag from /opt/airflow/dags/tasks/insta_scraper.py
[2025-05-07T10:56:50.347+0000] {processor.py:927} WARNING - No viable dags retrieved from /opt/airflow/dags/tasks/insta_scraper.py
[2025-05-07T10:56:50.416+0000] {processor.py:208} INFO - Processing /opt/airflow/dags/tasks/insta_scraper.py took 0.461 seconds
[2025-05-07T10:57:21.051+0000] {processor.py:186} INFO - Started process (PID=19138) to work on /opt/airflow/dags/tasks/insta_scraper.py
[2025-05-07T10:57:21.052+0000] {processor.py:914} INFO - Processing file /opt/airflow/dags/tasks/insta_scraper.py for tasks to queue
[2025-05-07T10:57:21.054+0000] {logging_mixin.py:190} INFO - [2025-05-07T10:57:21.053+0000] {dagbag.py:587} INFO - Filling up the DagBag from /opt/airflow/dags/tasks/insta_scraper.py
[2025-05-07T10:57:21.175+0000] {processor.py:927} WARNING - No viable dags retrieved from /opt/airflow/dags/tasks/insta_scraper.py
[2025-05-07T10:57:21.186+0000] {processor.py:208} INFO - Processing /opt/airflow/dags/tasks/insta_scraper.py took 0.140 seconds
[2025-05-07T10:57:51.749+0000] {processor.py:186} INFO - Started process (PID=19252) to work on /opt/airflow/dags/tasks/insta_scraper.py
[2025-05-07T10:57:51.758+0000] {processor.py:914} INFO - Processing file /opt/airflow/dags/tasks/insta_scraper.py for tasks to queue
[2025-05-07T10:57:51.768+0000] {logging_mixin.py:190} INFO - [2025-05-07T10:57:51.759+0000] {dagbag.py:587} INFO - Filling up the DagBag from /opt/airflow/dags/tasks/insta_scraper.py
[2025-05-07T10:57:52.371+0000] {processor.py:927} WARNING - No viable dags retrieved from /opt/airflow/dags/tasks/insta_scraper.py
[2025-05-07T10:57:52.448+0000] {processor.py:208} INFO - Processing /opt/airflow/dags/tasks/insta_scraper.py took 0.757 seconds
[2025-05-07T10:58:24.323+0000] {processor.py:186} INFO - Started process (PID=19280) to work on /opt/airflow/dags/tasks/insta_scraper.py
[2025-05-07T10:58:24.324+0000] {processor.py:914} INFO - Processing file /opt/airflow/dags/tasks/insta_scraper.py for tasks to queue
[2025-05-07T10:58:24.325+0000] {logging_mixin.py:190} INFO - [2025-05-07T10:58:24.325+0000] {dagbag.py:587} INFO - Filling up the DagBag from /opt/airflow/dags/tasks/insta_scraper.py
[2025-05-07T10:58:24.450+0000] {processor.py:927} WARNING - No viable dags retrieved from /opt/airflow/dags/tasks/insta_scraper.py
[2025-05-07T10:58:24.463+0000] {processor.py:208} INFO - Processing /opt/airflow/dags/tasks/insta_scraper.py took 0.145 seconds
[2025-05-07T10:58:54.540+0000] {processor.py:186} INFO - Started process (PID=19417) to work on /opt/airflow/dags/tasks/insta_scraper.py
[2025-05-07T10:58:54.542+0000] {processor.py:914} INFO - Processing file /opt/airflow/dags/tasks/insta_scraper.py for tasks to queue
[2025-05-07T10:58:54.543+0000] {logging_mixin.py:190} INFO - [2025-05-07T10:58:54.543+0000] {dagbag.py:587} INFO - Filling up the DagBag from /opt/airflow/dags/tasks/insta_scraper.py
[2025-05-07T10:58:48.757+0000] {processor.py:927} WARNING - No viable dags retrieved from /opt/airflow/dags/tasks/insta_scraper.py
[2025-05-07T10:58:48.768+0000] {processor.py:208} INFO - Processing /opt/airflow/dags/tasks/insta_scraper.py took 0.108 seconds
[2025-05-07T10:59:19.562+0000] {processor.py:186} INFO - Started process (PID=19510) to work on /opt/airflow/dags/tasks/insta_scraper.py
[2025-05-07T10:59:19.563+0000] {processor.py:914} INFO - Processing file /opt/airflow/dags/tasks/insta_scraper.py for tasks to queue
[2025-05-07T10:59:19.564+0000] {logging_mixin.py:190} INFO - [2025-05-07T10:59:19.564+0000] {dagbag.py:587} INFO - Filling up the DagBag from /opt/airflow/dags/tasks/insta_scraper.py
[2025-05-07T10:59:13.769+0000] {processor.py:927} WARNING - No viable dags retrieved from /opt/airflow/dags/tasks/insta_scraper.py
[2025-05-07T10:59:13.781+0000] {processor.py:208} INFO - Processing /opt/airflow/dags/tasks/insta_scraper.py took 0.099 seconds
[2025-05-07T10:59:44.239+0000] {processor.py:186} INFO - Started process (PID=19545) to work on /opt/airflow/dags/tasks/insta_scraper.py
[2025-05-07T10:59:44.241+0000] {processor.py:914} INFO - Processing file /opt/airflow/dags/tasks/insta_scraper.py for tasks to queue
[2025-05-07T10:59:44.244+0000] {logging_mixin.py:190} INFO - [2025-05-07T10:59:44.244+0000] {dagbag.py:587} INFO - Filling up the DagBag from /opt/airflow/dags/tasks/insta_scraper.py
[2025-05-07T10:59:44.497+0000] {processor.py:927} WARNING - No viable dags retrieved from /opt/airflow/dags/tasks/insta_scraper.py
[2025-05-07T10:59:44.520+0000] {processor.py:208} INFO - Processing /opt/airflow/dags/tasks/insta_scraper.py took 0.289 seconds
