[2025-04-29T02:50:54.762+0000] {local_task_job_runner.py:123} INFO - ::group::Pre task execution logs
[2025-04-29T02:50:54.779+0000] {taskinstance.py:2603} INFO - Dependencies all met for dep_context=non-requeueable deps ti=<TaskInstance: demo.hello scheduled__2022-12-30T00:00:00+00:00 [queued]>
[2025-04-29T02:50:54.789+0000] {taskinstance.py:2603} INFO - Dependencies all met for dep_context=requeueable deps ti=<TaskInstance: demo.hello scheduled__2022-12-30T00:00:00+00:00 [queued]>
[2025-04-29T02:50:54.790+0000] {taskinstance.py:2856} INFO - Starting attempt 1 of 1
[2025-04-29T02:50:54.802+0000] {taskinstance.py:2879} INFO - Executing <Task(BashOperator): hello> on 2022-12-30 00:00:00+00:00
[2025-04-29T02:50:54.805+0000] {standard_task_runner.py:72} INFO - Started process 2713 to run task
[2025-04-29T02:50:54.809+0000] {standard_task_runner.py:104} INFO - Running: ['airflow', 'tasks', 'run', 'demo', 'hello', 'scheduled__2022-12-30T00:00:00+00:00', '--job-id', '735', '--raw', '--subdir', 'DAGS_FOLDER/simple-dag.py', '--cfg-path', '/tmp/tmplnrll6ue']
[2025-04-29T02:50:54.810+0000] {standard_task_runner.py:105} INFO - Job 735: Subtask hello
[2025-04-29T02:50:54.862+0000] {task_command.py:467} INFO - Running <TaskInstance: demo.hello scheduled__2022-12-30T00:00:00+00:00 [running]> on host 2c7afa36055b
[2025-04-29T02:50:54.954+0000] {taskinstance.py:3122} INFO - Exporting env vars: AIRFLOW_CTX_DAG_OWNER='airflow' AIRFLOW_CTX_DAG_ID='demo' AIRFLOW_CTX_TASK_ID='hello' AIRFLOW_CTX_EXECUTION_DATE='2022-12-30T00:00:00+00:00' AIRFLOW_CTX_TRY_NUMBER='1' AIRFLOW_CTX_DAG_RUN_ID='scheduled__2022-12-30T00:00:00+00:00'
[2025-04-29T02:50:54.956+0000] {taskinstance.py:731} INFO - ::endgroup::
[2025-04-29T02:50:54.960+0000] {subprocess.py:63} INFO - Tmp dir root location: /tmp
[2025-04-29T02:50:54.961+0000] {subprocess.py:75} INFO - Running command: ['/usr/bin/bash', '-c', 'echo hello']
[2025-04-29T02:50:54.972+0000] {subprocess.py:86} INFO - Output:
[2025-04-29T02:50:54.973+0000] {subprocess.py:93} INFO - hello
[2025-04-29T02:50:54.974+0000] {subprocess.py:97} INFO - Command exited with return code 0
[2025-04-29T02:50:55.006+0000] {taskinstance.py:340} INFO - ::group::Post task execution logs
[2025-04-29T02:50:55.006+0000] {taskinstance.py:352} INFO - Marking task as SUCCESS. dag_id=demo, task_id=hello, run_id=scheduled__2022-12-30T00:00:00+00:00, execution_date=20221230T000000, start_date=20250429T025054, end_date=20250429T025055
[2025-04-29T02:50:55.032+0000] {local_task_job_runner.py:261} INFO - Task exited with return code 0
[2025-04-29T02:50:55.053+0000] {taskinstance.py:3891} INFO - 1 downstream tasks scheduled from follow-on schedule check
[2025-04-29T02:50:55.056+0000] {local_task_job_runner.py:240} INFO - ::endgroup::
