[2025-05-23T07:13:42.932+0000] {local_task_job_runner.py:123} INFO - ::group::Pre task execution logs
[2025-05-23T07:13:42.945+0000] {taskinstance.py:2603} INFO - Dependencies all met for dep_context=non-requeueable deps ti=<TaskInstance: tiktok_videos_scraper_dag.get_links_task manual__2025-05-23T07:13:41.665818+00:00 [queued]>
[2025-05-23T07:13:42.950+0000] {taskinstance.py:2603} INFO - Dependencies all met for dep_context=requeueable deps ti=<TaskInstance: tiktok_videos_scraper_dag.get_links_task manual__2025-05-23T07:13:41.665818+00:00 [queued]>
[2025-05-23T07:13:42.950+0000] {taskinstance.py:2856} INFO - Starting attempt 1 of 1
[2025-05-23T07:13:42.960+0000] {taskinstance.py:2879} INFO - Executing <Task(PythonOperator): get_links_task> on 2025-05-23 07:13:41.665818+00:00
[2025-05-23T07:13:42.963+0000] {standard_task_runner.py:72} INFO - Started process 60 to run task
[2025-05-23T07:13:42.966+0000] {standard_task_runner.py:104} INFO - Running: ['airflow', 'tasks', 'run', 'tiktok_videos_scraper_dag', 'get_links_task', 'manual__2025-05-23T07:13:41.665818+00:00', '--job-id', '6586', '--raw', '--subdir', 'DAGS_FOLDER/pipeline_tiktok.py', '--cfg-path', '/tmp/tmpwb4gfvl_']
[2025-05-23T07:13:42.968+0000] {standard_task_runner.py:105} INFO - Job 6586: Subtask get_links_task
[2025-05-23T07:13:43.027+0000] {task_command.py:467} INFO - Running <TaskInstance: tiktok_videos_scraper_dag.get_links_task manual__2025-05-23T07:13:41.665818+00:00 [running]> on host 7893143c2d5e
[2025-05-23T07:13:43.115+0000] {taskinstance.py:3122} INFO - Exporting env vars: AIRFLOW_CTX_DAG_OWNER='airflow' AIRFLOW_CTX_DAG_ID='tiktok_videos_scraper_dag' AIRFLOW_CTX_TASK_ID='get_links_task' AIRFLOW_CTX_EXECUTION_DATE='2025-05-23T07:13:41.665818+00:00' AIRFLOW_CTX_TRY_NUMBER='1' AIRFLOW_CTX_DAG_RUN_ID='manual__2025-05-23T07:13:41.665818+00:00'
[2025-05-23T07:13:43.116+0000] {taskinstance.py:731} INFO - ::endgroup::
[2025-05-23T07:14:48.477+0000] {local_task_job_runner.py:341} WARNING - State of this instance has been externally set to failed. Terminating instance.
[2025-05-23T07:14:48.478+0000] {local_task_job_runner.py:240} INFO - ::endgroup::
[2025-05-23T07:14:48.479+0000] {process_utils.py:132} INFO - Sending 15 to group 60. PIDs of all processes in the group: [63, 75, 82, 83, 112, 113, 160, 161, 190, 60]
[2025-05-23T07:14:48.479+0000] {process_utils.py:87} INFO - Sending the signal 15 to group 60
[2025-05-23T07:14:48.479+0000] {taskinstance.py:3083} ERROR - Received SIGTERM. Terminating subprocesses.
[2025-05-23T07:14:48.615+0000] {process_utils.py:80} INFO - Process psutil.Process(pid=82, status='terminated', started='07:13:43') (82) terminated with exit code None
[2025-05-23T07:14:48.616+0000] {process_utils.py:80} INFO - Process psutil.Process(pid=83, status='terminated', started='07:13:43') (83) terminated with exit code None
[2025-05-23T07:14:48.616+0000] {process_utils.py:80} INFO - Process psutil.Process(pid=113, status='terminated', started='07:13:44') (113) terminated with exit code None
[2025-05-23T07:14:48.616+0000] {process_utils.py:80} INFO - Process psutil.Process(pid=190, status='terminated', started='07:13:45') (190) terminated with exit code None
[2025-05-23T07:14:48.748+0000] {process_utils.py:80} INFO - Process psutil.Process(pid=161, status='terminated', started='07:13:44') (161) terminated with exit code None
[2025-05-23T07:14:48.748+0000] {process_utils.py:80} INFO - Process psutil.Process(pid=160, status='terminated', started='07:13:44') (160) terminated with exit code None
[2025-05-23T07:14:48.748+0000] {process_utils.py:80} INFO - Process psutil.Process(pid=112, status='terminated', started='07:13:44') (112) terminated with exit code None
[2025-05-23T07:14:48.749+0000] {process_utils.py:80} INFO - Process psutil.Process(pid=75, status='terminated', started='07:13:43') (75) terminated with exit code None
[2025-05-23T07:15:46.675+0000] {process_utils.py:150} WARNING - process psutil.Process(pid=63, name='node', status='sleeping', started='07:13:42') did not respond to SIGTERM. Trying SIGKILL
[2025-05-23T07:15:46.678+0000] {process_utils.py:150} WARNING - process psutil.Process(pid=60, name='airflow task ru', status='sleeping', started='07:13:42') did not respond to SIGTERM. Trying SIGKILL
[2025-05-23T07:15:46.678+0000] {process_utils.py:87} INFO - Sending the signal 9 to group 60
[2025-05-23T07:15:46.693+0000] {process_utils.py:80} INFO - Process psutil.Process(pid=63, name='node', status='terminated', started='07:13:42') (63) terminated with exit code None
[2025-05-23T07:15:46.694+0000] {process_utils.py:80} INFO - Process psutil.Process(pid=60, name='airflow task ru', status='terminated', exitcode=<Negsignal.SIGKILL: -9>, started='07:13:42') (60) terminated with exit code -9
[2025-05-23T07:15:46.694+0000] {standard_task_runner.py:190} ERROR - ('Job 6586 was killed before it finished (likely due to running out of memory)', 'For more information, see https://airflow.apache.org/docs/apache-airflow/stable/troubleshooting.html#LocalTaskJob-killed')
