[2025-05-14T07:12:19.246+0000] {local_task_job_runner.py:123} INFO - ::group::Pre task execution logs
[2025-05-14T07:12:19.258+0000] {taskinstance.py:2603} INFO - Dependencies all met for dep_context=non-requeueable deps ti=<TaskInstance: x_login_dag.x_login manual__2025-05-14T07:12:18.188171+00:00 [queued]>
[2025-05-14T07:12:19.262+0000] {taskinstance.py:2603} INFO - Dependencies all met for dep_context=requeueable deps ti=<TaskInstance: x_login_dag.x_login manual__2025-05-14T07:12:18.188171+00:00 [queued]>
[2025-05-14T07:12:19.262+0000] {taskinstance.py:2856} INFO - Starting attempt 1 of 1
[2025-05-14T07:12:19.270+0000] {taskinstance.py:2879} INFO - Executing <Task(_PythonDecoratedOperator): x_login> on 2025-05-14 07:12:18.188171+00:00
[2025-05-14T07:12:19.273+0000] {standard_task_runner.py:72} INFO - Started process 9687 to run task
[2025-05-14T07:12:19.276+0000] {standard_task_runner.py:104} INFO - Running: ['airflow', 'tasks', 'run', 'x_login_dag', 'x_login', 'manual__2025-05-14T07:12:18.188171+00:00', '--job-id', '5423', '--raw', '--subdir', 'DAGS_FOLDER/pipeline_x.py', '--cfg-path', '/tmp/tmpmgi5tkxu']
[2025-05-14T07:12:19.277+0000] {standard_task_runner.py:105} INFO - Job 5423: Subtask x_login
[2025-05-14T07:12:19.311+0000] {task_command.py:467} INFO - Running <TaskInstance: x_login_dag.x_login manual__2025-05-14T07:12:18.188171+00:00 [running]> on host 79b7354865cb
[2025-05-14T07:12:19.369+0000] {taskinstance.py:3122} INFO - Exporting env vars: AIRFLOW_CTX_DAG_OWNER='airflow' AIRFLOW_CTX_DAG_ID='x_login_dag' AIRFLOW_CTX_TASK_ID='x_login' AIRFLOW_CTX_EXECUTION_DATE='2025-05-14T07:12:18.188171+00:00' AIRFLOW_CTX_TRY_NUMBER='1' AIRFLOW_CTX_DAG_RUN_ID='manual__2025-05-14T07:12:18.188171+00:00'
[2025-05-14T07:12:19.370+0000] {taskinstance.py:731} INFO - ::endgroup::
[2025-05-14T07:12:47.279+0000] {taskinstance.py:3301} ERROR - Task failed with exception
Traceback (most recent call last):
  File "/home/airflow/.local/lib/python3.10/site-packages/airflow/models/taskinstance.py", line 767, in _execute_task
    result = _execute_callable(context=context, **execute_callable_kwargs)
  File "/home/airflow/.local/lib/python3.10/site-packages/airflow/models/taskinstance.py", line 733, in _execute_callable
    return ExecutionCallableRunner(
  File "/home/airflow/.local/lib/python3.10/site-packages/airflow/utils/operator_helpers.py", line 252, in run
    return self.func(*args, **kwargs)
  File "/home/airflow/.local/lib/python3.10/site-packages/airflow/models/baseoperator.py", line 406, in wrapper
    return func(self, *args, **kwargs)
  File "/home/airflow/.local/lib/python3.10/site-packages/airflow/decorators/base.py", line 266, in execute
    return_value = super().execute(context)
  File "/home/airflow/.local/lib/python3.10/site-packages/airflow/models/baseoperator.py", line 406, in wrapper
    return func(self, *args, **kwargs)
  File "/home/airflow/.local/lib/python3.10/site-packages/airflow/operators/python.py", line 238, in execute
    return_value = self.execute_callable()
  File "/home/airflow/.local/lib/python3.10/site-packages/airflow/operators/python.py", line 256, in execute_callable
    return runner.run(*self.op_args, **self.op_kwargs)
  File "/home/airflow/.local/lib/python3.10/site-packages/airflow/utils/operator_helpers.py", line 252, in run
    return self.func(*args, **kwargs)
  File "/opt/airflow/dags/tasks/x_login.py", line 16, in x_login
    page.goto("https://twitter.com/i/flow/login?redirect_after_login=%2Fhome")
  File "/home/airflow/.local/lib/python3.10/site-packages/playwright/sync_api/_generated.py", line 9024, in goto
    self._sync(
  File "/home/airflow/.local/lib/python3.10/site-packages/playwright/_impl/_sync_base.py", line 115, in _sync
    return task.result()
  File "/home/airflow/.local/lib/python3.10/site-packages/playwright/_impl/_page.py", line 552, in goto
    return await self._main_frame.goto(**locals_to_params(locals()))
  File "/home/airflow/.local/lib/python3.10/site-packages/playwright/_impl/_frame.py", line 145, in goto
    await self._channel.send("goto", locals_to_params(locals()))
  File "/home/airflow/.local/lib/python3.10/site-packages/playwright/_impl/_connection.py", line 61, in send
    return await self._connection.wrap_api_call(
  File "/home/airflow/.local/lib/python3.10/site-packages/playwright/_impl/_connection.py", line 528, in wrap_api_call
    raise rewrite_error(error, f"{parsed_st['apiName']}: {error}") from None
playwright._impl._errors.TimeoutError: Page.goto: Timeout 30000ms exceeded.
Call log:
  - navigating to "https://twitter.com/i/flow/login?redirect_after_login=%2Fhome", waiting until "load"

[2025-05-14T07:12:47.285+0000] {taskinstance.py:1225} INFO - Marking task as FAILED. dag_id=x_login_dag, task_id=x_login, run_id=manual__2025-05-14T07:12:18.188171+00:00, execution_date=20250514T071218, start_date=20250514T071219, end_date=20250514T071247
[2025-05-14T07:12:47.296+0000] {taskinstance.py:340} INFO - ::group::Post task execution logs
[2025-05-14T07:12:47.296+0000] {standard_task_runner.py:124} ERROR - Failed to execute job 5423 for task x_login (Page.goto: Timeout 30000ms exceeded.
Call log:
  - navigating to "https://twitter.com/i/flow/login?redirect_after_login=%2Fhome", waiting until "load"
; 9687)
Traceback (most recent call last):
  File "/home/airflow/.local/lib/python3.10/site-packages/airflow/task/task_runner/standard_task_runner.py", line 117, in _start_by_fork
    ret = args.func(args, dag=self.dag)
  File "/home/airflow/.local/lib/python3.10/site-packages/airflow/cli/cli_config.py", line 49, in command
    return func(*args, **kwargs)
  File "/home/airflow/.local/lib/python3.10/site-packages/airflow/utils/cli.py", line 115, in wrapper
    return f(*args, **kwargs)
  File "/home/airflow/.local/lib/python3.10/site-packages/airflow/cli/commands/task_command.py", line 483, in task_run
    task_return_code = _run_task_by_selected_method(args, _dag, ti)
  File "/home/airflow/.local/lib/python3.10/site-packages/airflow/cli/commands/task_command.py", line 256, in _run_task_by_selected_method
    return _run_raw_task(args, ti)
  File "/home/airflow/.local/lib/python3.10/site-packages/airflow/cli/commands/task_command.py", line 341, in _run_raw_task
    return ti._run_raw_task(
  File "/home/airflow/.local/lib/python3.10/site-packages/airflow/utils/session.py", line 97, in wrapper
    return func(*args, session=session, **kwargs)
  File "/home/airflow/.local/lib/python3.10/site-packages/airflow/models/taskinstance.py", line 2995, in _run_raw_task
    return _run_raw_task(
  File "/home/airflow/.local/lib/python3.10/site-packages/airflow/models/taskinstance.py", line 273, in _run_raw_task
    TaskInstance._execute_task_with_callbacks(
  File "/home/airflow/.local/lib/python3.10/site-packages/airflow/models/taskinstance.py", line 3149, in _execute_task_with_callbacks
    result = self._execute_task(context, task_orig)
  File "/home/airflow/.local/lib/python3.10/site-packages/airflow/models/taskinstance.py", line 3173, in _execute_task
    return _execute_task(self, context, task_orig)
  File "/home/airflow/.local/lib/python3.10/site-packages/airflow/models/taskinstance.py", line 767, in _execute_task
    result = _execute_callable(context=context, **execute_callable_kwargs)
  File "/home/airflow/.local/lib/python3.10/site-packages/airflow/models/taskinstance.py", line 733, in _execute_callable
    return ExecutionCallableRunner(
  File "/home/airflow/.local/lib/python3.10/site-packages/airflow/utils/operator_helpers.py", line 252, in run
    return self.func(*args, **kwargs)
  File "/home/airflow/.local/lib/python3.10/site-packages/airflow/models/baseoperator.py", line 406, in wrapper
    return func(self, *args, **kwargs)
  File "/home/airflow/.local/lib/python3.10/site-packages/airflow/decorators/base.py", line 266, in execute
    return_value = super().execute(context)
  File "/home/airflow/.local/lib/python3.10/site-packages/airflow/models/baseoperator.py", line 406, in wrapper
    return func(self, *args, **kwargs)
  File "/home/airflow/.local/lib/python3.10/site-packages/airflow/operators/python.py", line 238, in execute
    return_value = self.execute_callable()
  File "/home/airflow/.local/lib/python3.10/site-packages/airflow/operators/python.py", line 256, in execute_callable
    return runner.run(*self.op_args, **self.op_kwargs)
  File "/home/airflow/.local/lib/python3.10/site-packages/airflow/utils/operator_helpers.py", line 252, in run
    return self.func(*args, **kwargs)
  File "/opt/airflow/dags/tasks/x_login.py", line 16, in x_login
    page.goto("https://twitter.com/i/flow/login?redirect_after_login=%2Fhome")
  File "/home/airflow/.local/lib/python3.10/site-packages/playwright/sync_api/_generated.py", line 9024, in goto
    self._sync(
  File "/home/airflow/.local/lib/python3.10/site-packages/playwright/_impl/_sync_base.py", line 115, in _sync
    return task.result()
  File "/home/airflow/.local/lib/python3.10/site-packages/playwright/_impl/_page.py", line 552, in goto
    return await self._main_frame.goto(**locals_to_params(locals()))
  File "/home/airflow/.local/lib/python3.10/site-packages/playwright/_impl/_frame.py", line 145, in goto
    await self._channel.send("goto", locals_to_params(locals()))
  File "/home/airflow/.local/lib/python3.10/site-packages/playwright/_impl/_connection.py", line 61, in send
    return await self._connection.wrap_api_call(
  File "/home/airflow/.local/lib/python3.10/site-packages/playwright/_impl/_connection.py", line 528, in wrap_api_call
    raise rewrite_error(error, f"{parsed_st['apiName']}: {error}") from None
playwright._impl._errors.TimeoutError: Page.goto: Timeout 30000ms exceeded.
Call log:
  - navigating to "https://twitter.com/i/flow/login?redirect_after_login=%2Fhome", waiting until "load"

[2025-05-14T07:12:47.312+0000] {local_task_job_runner.py:261} INFO - Task exited with return code 1
[2025-05-14T07:12:47.323+0000] {taskinstance.py:3891} INFO - 0 downstream tasks scheduled from follow-on schedule check
[2025-05-14T07:12:47.325+0000] {local_task_job_runner.py:240} INFO - ::endgroup::
