[2025-05-14T10:47:05.561+0000] {processor.py:186} INFO - Started process (PID=5672) to work on /opt/airflow/dags/tasks/conf_example.py
[2025-05-14T10:47:05.561+0000] {processor.py:914} INFO - Processing file /opt/airflow/dags/tasks/conf_example.py for tasks to queue
[2025-05-14T10:47:05.563+0000] {logging_mixin.py:190} INFO - [2025-05-14T10:47:05.563+0000] {dagbag.py:587} INFO - Filling up the DagBag from /opt/airflow/dags/tasks/conf_example.py
[2025-05-14T10:47:05.566+0000] {processor.py:927} WARNING - No viable dags retrieved from /opt/airflow/dags/tasks/conf_example.py
[2025-05-14T10:47:05.576+0000] {processor.py:208} INFO - Processing /opt/airflow/dags/tasks/conf_example.py took 0.020 seconds
[2025-05-14T10:47:36.400+0000] {processor.py:186} INFO - Started process (PID=5698) to work on /opt/airflow/dags/tasks/conf_example.py
[2025-05-14T10:47:36.402+0000] {processor.py:914} INFO - Processing file /opt/airflow/dags/tasks/conf_example.py for tasks to queue
[2025-05-14T10:47:36.405+0000] {logging_mixin.py:190} INFO - [2025-05-14T10:47:36.405+0000] {dagbag.py:587} INFO - Filling up the DagBag from /opt/airflow/dags/tasks/conf_example.py
[2025-05-14T10:47:36.409+0000] {processor.py:927} WARNING - No viable dags retrieved from /opt/airflow/dags/tasks/conf_example.py
[2025-05-14T10:47:36.422+0000] {processor.py:208} INFO - Processing /opt/airflow/dags/tasks/conf_example.py took 0.027 seconds
[2025-05-14T10:48:07.277+0000] {processor.py:186} INFO - Started process (PID=5724) to work on /opt/airflow/dags/tasks/conf_example.py
[2025-05-14T10:48:07.279+0000] {processor.py:914} INFO - Processing file /opt/airflow/dags/tasks/conf_example.py for tasks to queue
[2025-05-14T10:48:07.280+0000] {logging_mixin.py:190} INFO - [2025-05-14T10:48:07.280+0000] {dagbag.py:587} INFO - Filling up the DagBag from /opt/airflow/dags/tasks/conf_example.py
[2025-05-14T10:48:07.282+0000] {processor.py:927} WARNING - No viable dags retrieved from /opt/airflow/dags/tasks/conf_example.py
[2025-05-14T10:48:07.293+0000] {processor.py:208} INFO - Processing /opt/airflow/dags/tasks/conf_example.py took 0.020 seconds
[2025-05-14T10:48:38.143+0000] {processor.py:186} INFO - Started process (PID=5750) to work on /opt/airflow/dags/tasks/conf_example.py
[2025-05-14T10:48:38.144+0000] {processor.py:914} INFO - Processing file /opt/airflow/dags/tasks/conf_example.py for tasks to queue
[2025-05-14T10:48:38.146+0000] {logging_mixin.py:190} INFO - [2025-05-14T10:48:38.145+0000] {dagbag.py:587} INFO - Filling up the DagBag from /opt/airflow/dags/tasks/conf_example.py
[2025-05-14T10:48:38.148+0000] {processor.py:927} WARNING - No viable dags retrieved from /opt/airflow/dags/tasks/conf_example.py
[2025-05-14T10:48:38.159+0000] {processor.py:208} INFO - Processing /opt/airflow/dags/tasks/conf_example.py took 0.021 seconds
[2025-05-14T10:49:09.062+0000] {processor.py:186} INFO - Started process (PID=5776) to work on /opt/airflow/dags/tasks/conf_example.py
[2025-05-14T10:49:09.063+0000] {processor.py:914} INFO - Processing file /opt/airflow/dags/tasks/conf_example.py for tasks to queue
[2025-05-14T10:49:09.065+0000] {logging_mixin.py:190} INFO - [2025-05-14T10:49:09.065+0000] {dagbag.py:587} INFO - Filling up the DagBag from /opt/airflow/dags/tasks/conf_example.py
[2025-05-14T10:49:09.068+0000] {processor.py:927} WARNING - No viable dags retrieved from /opt/airflow/dags/tasks/conf_example.py
[2025-05-14T10:49:09.079+0000] {processor.py:208} INFO - Processing /opt/airflow/dags/tasks/conf_example.py took 0.022 seconds
[2025-05-14T10:49:39.915+0000] {processor.py:186} INFO - Started process (PID=5802) to work on /opt/airflow/dags/tasks/conf_example.py
[2025-05-14T10:49:39.919+0000] {processor.py:914} INFO - Processing file /opt/airflow/dags/tasks/conf_example.py for tasks to queue
[2025-05-14T10:49:39.920+0000] {logging_mixin.py:190} INFO - [2025-05-14T10:49:39.920+0000] {dagbag.py:587} INFO - Filling up the DagBag from /opt/airflow/dags/tasks/conf_example.py
[2025-05-14T10:49:39.922+0000] {processor.py:927} WARNING - No viable dags retrieved from /opt/airflow/dags/tasks/conf_example.py
[2025-05-14T10:49:39.932+0000] {processor.py:208} INFO - Processing /opt/airflow/dags/tasks/conf_example.py took 0.021 seconds
[2025-05-14T10:50:10.786+0000] {processor.py:186} INFO - Started process (PID=5828) to work on /opt/airflow/dags/tasks/conf_example.py
[2025-05-14T10:50:10.787+0000] {processor.py:914} INFO - Processing file /opt/airflow/dags/tasks/conf_example.py for tasks to queue
[2025-05-14T10:50:10.789+0000] {logging_mixin.py:190} INFO - [2025-05-14T10:50:10.789+0000] {dagbag.py:587} INFO - Filling up the DagBag from /opt/airflow/dags/tasks/conf_example.py
[2025-05-14T10:50:10.791+0000] {processor.py:927} WARNING - No viable dags retrieved from /opt/airflow/dags/tasks/conf_example.py
[2025-05-14T10:50:10.802+0000] {processor.py:208} INFO - Processing /opt/airflow/dags/tasks/conf_example.py took 0.020 seconds
[2025-05-14T10:50:40.989+0000] {processor.py:186} INFO - Started process (PID=5854) to work on /opt/airflow/dags/tasks/conf_example.py
[2025-05-14T10:50:40.993+0000] {processor.py:914} INFO - Processing file /opt/airflow/dags/tasks/conf_example.py for tasks to queue
[2025-05-14T10:50:40.994+0000] {logging_mixin.py:190} INFO - [2025-05-14T10:50:40.994+0000] {dagbag.py:587} INFO - Filling up the DagBag from /opt/airflow/dags/tasks/conf_example.py
[2025-05-14T10:50:40.996+0000] {processor.py:927} WARNING - No viable dags retrieved from /opt/airflow/dags/tasks/conf_example.py
[2025-05-14T10:50:41.006+0000] {processor.py:208} INFO - Processing /opt/airflow/dags/tasks/conf_example.py took 0.022 seconds
[2025-05-14T10:51:11.839+0000] {processor.py:186} INFO - Started process (PID=5880) to work on /opt/airflow/dags/tasks/conf_example.py
[2025-05-14T10:51:11.841+0000] {processor.py:914} INFO - Processing file /opt/airflow/dags/tasks/conf_example.py for tasks to queue
[2025-05-14T10:51:11.842+0000] {logging_mixin.py:190} INFO - [2025-05-14T10:51:11.842+0000] {dagbag.py:587} INFO - Filling up the DagBag from /opt/airflow/dags/tasks/conf_example.py
[2025-05-14T10:51:11.844+0000] {processor.py:927} WARNING - No viable dags retrieved from /opt/airflow/dags/tasks/conf_example.py
[2025-05-14T10:51:11.854+0000] {processor.py:208} INFO - Processing /opt/airflow/dags/tasks/conf_example.py took 0.019 seconds
[2025-05-14T10:51:42.721+0000] {processor.py:186} INFO - Started process (PID=5906) to work on /opt/airflow/dags/tasks/conf_example.py
[2025-05-14T10:51:42.723+0000] {processor.py:914} INFO - Processing file /opt/airflow/dags/tasks/conf_example.py for tasks to queue
[2025-05-14T10:51:42.725+0000] {logging_mixin.py:190} INFO - [2025-05-14T10:51:42.725+0000] {dagbag.py:587} INFO - Filling up the DagBag from /opt/airflow/dags/tasks/conf_example.py
[2025-05-14T10:51:42.727+0000] {processor.py:927} WARNING - No viable dags retrieved from /opt/airflow/dags/tasks/conf_example.py
[2025-05-14T10:51:42.738+0000] {processor.py:208} INFO - Processing /opt/airflow/dags/tasks/conf_example.py took 0.022 seconds
[2025-05-14T10:52:00.103+0000] {processor.py:186} INFO - Started process (PID=5922) to work on /opt/airflow/dags/tasks/conf_example.py
[2025-05-14T10:52:00.104+0000] {processor.py:914} INFO - Processing file /opt/airflow/dags/tasks/conf_example.py for tasks to queue
[2025-05-14T10:52:00.106+0000] {logging_mixin.py:190} INFO - [2025-05-14T10:52:00.105+0000] {dagbag.py:587} INFO - Filling up the DagBag from /opt/airflow/dags/tasks/conf_example.py
[2025-05-14T10:52:00.108+0000] {processor.py:927} WARNING - No viable dags retrieved from /opt/airflow/dags/tasks/conf_example.py
[2025-05-14T10:52:00.119+0000] {processor.py:208} INFO - Processing /opt/airflow/dags/tasks/conf_example.py took 0.020 seconds
[2025-05-14T10:52:01.216+0000] {processor.py:186} INFO - Started process (PID=5925) to work on /opt/airflow/dags/tasks/conf_example.py
[2025-05-14T10:52:01.217+0000] {processor.py:914} INFO - Processing file /opt/airflow/dags/tasks/conf_example.py for tasks to queue
[2025-05-14T10:52:01.219+0000] {logging_mixin.py:190} INFO - [2025-05-14T10:52:01.219+0000] {dagbag.py:587} INFO - Filling up the DagBag from /opt/airflow/dags/tasks/conf_example.py
[2025-05-14T10:52:01.221+0000] {processor.py:927} WARNING - No viable dags retrieved from /opt/airflow/dags/tasks/conf_example.py
[2025-05-14T10:52:01.232+0000] {processor.py:208} INFO - Processing /opt/airflow/dags/tasks/conf_example.py took 0.020 seconds
[2025-05-14T10:52:32.152+0000] {processor.py:186} INFO - Started process (PID=5952) to work on /opt/airflow/dags/tasks/conf_example.py
[2025-05-14T10:52:32.153+0000] {processor.py:914} INFO - Processing file /opt/airflow/dags/tasks/conf_example.py for tasks to queue
[2025-05-14T10:52:32.155+0000] {logging_mixin.py:190} INFO - [2025-05-14T10:52:32.155+0000] {dagbag.py:587} INFO - Filling up the DagBag from /opt/airflow/dags/tasks/conf_example.py
[2025-05-14T10:52:32.156+0000] {processor.py:927} WARNING - No viable dags retrieved from /opt/airflow/dags/tasks/conf_example.py
[2025-05-14T10:52:32.166+0000] {processor.py:208} INFO - Processing /opt/airflow/dags/tasks/conf_example.py took 0.018 seconds
[2025-05-14T10:53:03.096+0000] {processor.py:186} INFO - Started process (PID=5980) to work on /opt/airflow/dags/tasks/conf_example.py
[2025-05-14T10:53:03.097+0000] {processor.py:914} INFO - Processing file /opt/airflow/dags/tasks/conf_example.py for tasks to queue
[2025-05-14T10:53:03.099+0000] {logging_mixin.py:190} INFO - [2025-05-14T10:53:03.099+0000] {dagbag.py:587} INFO - Filling up the DagBag from /opt/airflow/dags/tasks/conf_example.py
[2025-05-14T10:53:03.101+0000] {processor.py:927} WARNING - No viable dags retrieved from /opt/airflow/dags/tasks/conf_example.py
[2025-05-14T10:53:03.110+0000] {processor.py:208} INFO - Processing /opt/airflow/dags/tasks/conf_example.py took 0.020 seconds
[2025-05-14T10:53:27.620+0000] {processor.py:186} INFO - Started process (PID=5998) to work on /opt/airflow/dags/tasks/conf_example.py
[2025-05-14T10:53:27.621+0000] {processor.py:914} INFO - Processing file /opt/airflow/dags/tasks/conf_example.py for tasks to queue
[2025-05-14T10:53:27.624+0000] {logging_mixin.py:190} INFO - [2025-05-14T10:53:27.624+0000] {dagbag.py:587} INFO - Filling up the DagBag from /opt/airflow/dags/tasks/conf_example.py
[2025-05-14T10:53:27.626+0000] {processor.py:927} WARNING - No viable dags retrieved from /opt/airflow/dags/tasks/conf_example.py
[2025-05-14T10:53:27.638+0000] {processor.py:208} INFO - Processing /opt/airflow/dags/tasks/conf_example.py took 0.024 seconds
[2025-05-14T10:53:58.544+0000] {processor.py:186} INFO - Started process (PID=6025) to work on /opt/airflow/dags/tasks/conf_example.py
[2025-05-14T10:53:58.546+0000] {processor.py:914} INFO - Processing file /opt/airflow/dags/tasks/conf_example.py for tasks to queue
[2025-05-14T10:53:58.547+0000] {logging_mixin.py:190} INFO - [2025-05-14T10:53:58.547+0000] {dagbag.py:587} INFO - Filling up the DagBag from /opt/airflow/dags/tasks/conf_example.py
[2025-05-14T10:53:58.549+0000] {processor.py:927} WARNING - No viable dags retrieved from /opt/airflow/dags/tasks/conf_example.py
[2025-05-14T10:53:58.559+0000] {processor.py:208} INFO - Processing /opt/airflow/dags/tasks/conf_example.py took 0.018 seconds
[2025-05-14T10:54:29.493+0000] {processor.py:186} INFO - Started process (PID=6052) to work on /opt/airflow/dags/tasks/conf_example.py
[2025-05-14T10:54:29.495+0000] {processor.py:914} INFO - Processing file /opt/airflow/dags/tasks/conf_example.py for tasks to queue
[2025-05-14T10:54:29.496+0000] {logging_mixin.py:190} INFO - [2025-05-14T10:54:29.496+0000] {dagbag.py:587} INFO - Filling up the DagBag from /opt/airflow/dags/tasks/conf_example.py
[2025-05-14T10:54:29.498+0000] {processor.py:927} WARNING - No viable dags retrieved from /opt/airflow/dags/tasks/conf_example.py
[2025-05-14T10:54:29.509+0000] {processor.py:208} INFO - Processing /opt/airflow/dags/tasks/conf_example.py took 0.020 seconds
[2025-05-14T10:54:59.671+0000] {processor.py:186} INFO - Started process (PID=6079) to work on /opt/airflow/dags/tasks/conf_example.py
[2025-05-14T10:54:59.672+0000] {processor.py:914} INFO - Processing file /opt/airflow/dags/tasks/conf_example.py for tasks to queue
[2025-05-14T10:54:59.674+0000] {logging_mixin.py:190} INFO - [2025-05-14T10:54:59.674+0000] {dagbag.py:587} INFO - Filling up the DagBag from /opt/airflow/dags/tasks/conf_example.py
[2025-05-14T10:54:59.677+0000] {processor.py:927} WARNING - No viable dags retrieved from /opt/airflow/dags/tasks/conf_example.py
[2025-05-14T10:54:59.689+0000] {processor.py:208} INFO - Processing /opt/airflow/dags/tasks/conf_example.py took 0.024 seconds
[2025-05-14T10:55:29.835+0000] {processor.py:186} INFO - Started process (PID=6106) to work on /opt/airflow/dags/tasks/conf_example.py
[2025-05-14T10:55:29.836+0000] {processor.py:914} INFO - Processing file /opt/airflow/dags/tasks/conf_example.py for tasks to queue
[2025-05-14T10:55:29.838+0000] {logging_mixin.py:190} INFO - [2025-05-14T10:55:29.837+0000] {dagbag.py:587} INFO - Filling up the DagBag from /opt/airflow/dags/tasks/conf_example.py
[2025-05-14T10:55:29.840+0000] {processor.py:927} WARNING - No viable dags retrieved from /opt/airflow/dags/tasks/conf_example.py
[2025-05-14T10:55:29.850+0000] {processor.py:208} INFO - Processing /opt/airflow/dags/tasks/conf_example.py took 0.019 seconds
[2025-05-14T10:55:59.953+0000] {processor.py:186} INFO - Started process (PID=6133) to work on /opt/airflow/dags/tasks/conf_example.py
[2025-05-14T10:55:59.956+0000] {processor.py:914} INFO - Processing file /opt/airflow/dags/tasks/conf_example.py for tasks to queue
[2025-05-14T10:55:59.958+0000] {logging_mixin.py:190} INFO - [2025-05-14T10:55:59.958+0000] {dagbag.py:587} INFO - Filling up the DagBag from /opt/airflow/dags/tasks/conf_example.py
[2025-05-14T10:55:59.960+0000] {processor.py:927} WARNING - No viable dags retrieved from /opt/airflow/dags/tasks/conf_example.py
[2025-05-14T10:55:59.969+0000] {processor.py:208} INFO - Processing /opt/airflow/dags/tasks/conf_example.py took 0.020 seconds
[2025-05-14T10:56:30.131+0000] {processor.py:186} INFO - Started process (PID=6160) to work on /opt/airflow/dags/tasks/conf_example.py
[2025-05-14T10:56:30.134+0000] {processor.py:914} INFO - Processing file /opt/airflow/dags/tasks/conf_example.py for tasks to queue
[2025-05-14T10:56:30.136+0000] {logging_mixin.py:190} INFO - [2025-05-14T10:56:30.136+0000] {dagbag.py:587} INFO - Filling up the DagBag from /opt/airflow/dags/tasks/conf_example.py
[2025-05-14T10:56:30.138+0000] {processor.py:927} WARNING - No viable dags retrieved from /opt/airflow/dags/tasks/conf_example.py
[2025-05-14T10:56:30.146+0000] {processor.py:208} INFO - Processing /opt/airflow/dags/tasks/conf_example.py took 0.019 seconds
[2025-05-14T10:57:00.190+0000] {processor.py:186} INFO - Started process (PID=6187) to work on /opt/airflow/dags/tasks/conf_example.py
[2025-05-14T10:57:00.191+0000] {processor.py:914} INFO - Processing file /opt/airflow/dags/tasks/conf_example.py for tasks to queue
[2025-05-14T10:57:00.192+0000] {logging_mixin.py:190} INFO - [2025-05-14T10:57:00.192+0000] {dagbag.py:587} INFO - Filling up the DagBag from /opt/airflow/dags/tasks/conf_example.py
[2025-05-14T10:57:00.194+0000] {processor.py:927} WARNING - No viable dags retrieved from /opt/airflow/dags/tasks/conf_example.py
[2025-05-14T10:57:00.206+0000] {processor.py:208} INFO - Processing /opt/airflow/dags/tasks/conf_example.py took 0.021 seconds
[2025-05-14T10:57:31.097+0000] {processor.py:186} INFO - Started process (PID=6214) to work on /opt/airflow/dags/tasks/conf_example.py
[2025-05-14T10:57:31.105+0000] {processor.py:914} INFO - Processing file /opt/airflow/dags/tasks/conf_example.py for tasks to queue
[2025-05-14T10:57:31.106+0000] {logging_mixin.py:190} INFO - [2025-05-14T10:57:31.106+0000] {dagbag.py:587} INFO - Filling up the DagBag from /opt/airflow/dags/tasks/conf_example.py
[2025-05-14T10:57:31.108+0000] {processor.py:927} WARNING - No viable dags retrieved from /opt/airflow/dags/tasks/conf_example.py
[2025-05-14T10:57:31.118+0000] {processor.py:208} INFO - Processing /opt/airflow/dags/tasks/conf_example.py took 0.026 seconds
[2025-05-14T10:58:02.059+0000] {processor.py:186} INFO - Started process (PID=6241) to work on /opt/airflow/dags/tasks/conf_example.py
[2025-05-14T10:58:02.076+0000] {processor.py:914} INFO - Processing file /opt/airflow/dags/tasks/conf_example.py for tasks to queue
[2025-05-14T10:58:02.078+0000] {logging_mixin.py:190} INFO - [2025-05-14T10:58:02.078+0000] {dagbag.py:587} INFO - Filling up the DagBag from /opt/airflow/dags/tasks/conf_example.py
[2025-05-14T10:58:02.080+0000] {processor.py:927} WARNING - No viable dags retrieved from /opt/airflow/dags/tasks/conf_example.py
[2025-05-14T10:58:02.090+0000] {processor.py:208} INFO - Processing /opt/airflow/dags/tasks/conf_example.py took 0.035 seconds
[2025-05-14T10:58:32.163+0000] {processor.py:186} INFO - Started process (PID=6268) to work on /opt/airflow/dags/tasks/conf_example.py
[2025-05-14T10:58:32.173+0000] {processor.py:914} INFO - Processing file /opt/airflow/dags/tasks/conf_example.py for tasks to queue
[2025-05-14T10:58:32.174+0000] {logging_mixin.py:190} INFO - [2025-05-14T10:58:32.174+0000] {dagbag.py:587} INFO - Filling up the DagBag from /opt/airflow/dags/tasks/conf_example.py
[2025-05-14T10:58:32.176+0000] {processor.py:927} WARNING - No viable dags retrieved from /opt/airflow/dags/tasks/conf_example.py
[2025-05-14T10:58:32.185+0000] {processor.py:208} INFO - Processing /opt/airflow/dags/tasks/conf_example.py took 0.027 seconds
[2025-05-14T10:59:02.253+0000] {processor.py:186} INFO - Started process (PID=6295) to work on /opt/airflow/dags/tasks/conf_example.py
[2025-05-14T10:59:02.267+0000] {processor.py:914} INFO - Processing file /opt/airflow/dags/tasks/conf_example.py for tasks to queue
[2025-05-14T10:59:02.268+0000] {logging_mixin.py:190} INFO - [2025-05-14T10:59:02.268+0000] {dagbag.py:587} INFO - Filling up the DagBag from /opt/airflow/dags/tasks/conf_example.py
[2025-05-14T10:59:02.270+0000] {processor.py:927} WARNING - No viable dags retrieved from /opt/airflow/dags/tasks/conf_example.py
[2025-05-14T10:59:02.280+0000] {processor.py:208} INFO - Processing /opt/airflow/dags/tasks/conf_example.py took 0.031 seconds
[2025-05-14T10:59:32.507+0000] {processor.py:186} INFO - Started process (PID=6322) to work on /opt/airflow/dags/tasks/conf_example.py
[2025-05-14T10:59:32.511+0000] {processor.py:914} INFO - Processing file /opt/airflow/dags/tasks/conf_example.py for tasks to queue
[2025-05-14T10:59:32.512+0000] {logging_mixin.py:190} INFO - [2025-05-14T10:59:32.512+0000] {dagbag.py:587} INFO - Filling up the DagBag from /opt/airflow/dags/tasks/conf_example.py
[2025-05-14T10:59:32.514+0000] {processor.py:927} WARNING - No viable dags retrieved from /opt/airflow/dags/tasks/conf_example.py
[2025-05-14T10:59:32.523+0000] {processor.py:208} INFO - Processing /opt/airflow/dags/tasks/conf_example.py took 0.020 seconds
[2025-05-14T11:00:03.481+0000] {processor.py:186} INFO - Started process (PID=6349) to work on /opt/airflow/dags/tasks/conf_example.py
[2025-05-14T11:00:03.660+0000] {processor.py:914} INFO - Processing file /opt/airflow/dags/tasks/conf_example.py for tasks to queue
[2025-05-14T11:00:03.662+0000] {logging_mixin.py:190} INFO - [2025-05-14T11:00:03.662+0000] {dagbag.py:587} INFO - Filling up the DagBag from /opt/airflow/dags/tasks/conf_example.py
[2025-05-14T11:00:03.664+0000] {processor.py:927} WARNING - No viable dags retrieved from /opt/airflow/dags/tasks/conf_example.py
[2025-05-14T11:00:03.675+0000] {processor.py:208} INFO - Processing /opt/airflow/dags/tasks/conf_example.py took 0.199 seconds
[2025-05-14T11:00:34.592+0000] {processor.py:186} INFO - Started process (PID=6376) to work on /opt/airflow/dags/tasks/conf_example.py
[2025-05-14T11:00:34.593+0000] {processor.py:914} INFO - Processing file /opt/airflow/dags/tasks/conf_example.py for tasks to queue
[2025-05-14T11:00:34.595+0000] {logging_mixin.py:190} INFO - [2025-05-14T11:00:34.595+0000] {dagbag.py:587} INFO - Filling up the DagBag from /opt/airflow/dags/tasks/conf_example.py
[2025-05-14T11:00:34.597+0000] {processor.py:927} WARNING - No viable dags retrieved from /opt/airflow/dags/tasks/conf_example.py
[2025-05-14T11:00:34.608+0000] {processor.py:208} INFO - Processing /opt/airflow/dags/tasks/conf_example.py took 0.020 seconds
[2025-05-14T11:01:05.489+0000] {processor.py:186} INFO - Started process (PID=6403) to work on /opt/airflow/dags/tasks/conf_example.py
[2025-05-14T11:01:05.492+0000] {processor.py:914} INFO - Processing file /opt/airflow/dags/tasks/conf_example.py for tasks to queue
[2025-05-14T11:01:05.494+0000] {logging_mixin.py:190} INFO - [2025-05-14T11:01:05.494+0000] {dagbag.py:587} INFO - Filling up the DagBag from /opt/airflow/dags/tasks/conf_example.py
[2025-05-14T11:01:05.496+0000] {processor.py:927} WARNING - No viable dags retrieved from /opt/airflow/dags/tasks/conf_example.py
[2025-05-14T11:01:05.506+0000] {processor.py:208} INFO - Processing /opt/airflow/dags/tasks/conf_example.py took 0.022 seconds
[2025-05-14T11:01:36.305+0000] {processor.py:186} INFO - Started process (PID=6430) to work on /opt/airflow/dags/tasks/conf_example.py
[2025-05-14T11:01:36.306+0000] {processor.py:914} INFO - Processing file /opt/airflow/dags/tasks/conf_example.py for tasks to queue
[2025-05-14T11:01:36.308+0000] {logging_mixin.py:190} INFO - [2025-05-14T11:01:36.308+0000] {dagbag.py:587} INFO - Filling up the DagBag from /opt/airflow/dags/tasks/conf_example.py
[2025-05-14T11:01:36.309+0000] {processor.py:927} WARNING - No viable dags retrieved from /opt/airflow/dags/tasks/conf_example.py
[2025-05-14T11:01:36.320+0000] {processor.py:208} INFO - Processing /opt/airflow/dags/tasks/conf_example.py took 0.019 seconds
[2025-05-14T11:02:07.176+0000] {processor.py:186} INFO - Started process (PID=6456) to work on /opt/airflow/dags/tasks/conf_example.py
[2025-05-14T11:02:07.180+0000] {processor.py:914} INFO - Processing file /opt/airflow/dags/tasks/conf_example.py for tasks to queue
[2025-05-14T11:02:07.182+0000] {logging_mixin.py:190} INFO - [2025-05-14T11:02:07.181+0000] {dagbag.py:587} INFO - Filling up the DagBag from /opt/airflow/dags/tasks/conf_example.py
[2025-05-14T11:02:07.183+0000] {processor.py:927} WARNING - No viable dags retrieved from /opt/airflow/dags/tasks/conf_example.py
[2025-05-14T11:02:07.194+0000] {processor.py:208} INFO - Processing /opt/airflow/dags/tasks/conf_example.py took 0.022 seconds
[2025-05-14T11:02:38.083+0000] {processor.py:186} INFO - Started process (PID=6483) to work on /opt/airflow/dags/tasks/conf_example.py
[2025-05-14T11:02:38.084+0000] {processor.py:914} INFO - Processing file /opt/airflow/dags/tasks/conf_example.py for tasks to queue
[2025-05-14T11:02:38.086+0000] {logging_mixin.py:190} INFO - [2025-05-14T11:02:38.086+0000] {dagbag.py:587} INFO - Filling up the DagBag from /opt/airflow/dags/tasks/conf_example.py
[2025-05-14T11:02:38.087+0000] {processor.py:927} WARNING - No viable dags retrieved from /opt/airflow/dags/tasks/conf_example.py
[2025-05-14T11:02:38.098+0000] {processor.py:208} INFO - Processing /opt/airflow/dags/tasks/conf_example.py took 0.019 seconds
[2025-05-14T11:03:08.193+0000] {processor.py:186} INFO - Started process (PID=6510) to work on /opt/airflow/dags/tasks/conf_example.py
[2025-05-14T11:03:08.194+0000] {processor.py:914} INFO - Processing file /opt/airflow/dags/tasks/conf_example.py for tasks to queue
[2025-05-14T11:03:08.196+0000] {logging_mixin.py:190} INFO - [2025-05-14T11:03:08.196+0000] {dagbag.py:587} INFO - Filling up the DagBag from /opt/airflow/dags/tasks/conf_example.py
[2025-05-14T11:03:08.198+0000] {processor.py:927} WARNING - No viable dags retrieved from /opt/airflow/dags/tasks/conf_example.py
[2025-05-14T11:03:08.208+0000] {processor.py:208} INFO - Processing /opt/airflow/dags/tasks/conf_example.py took 0.019 seconds
[2025-05-14T11:03:38.248+0000] {processor.py:186} INFO - Started process (PID=6539) to work on /opt/airflow/dags/tasks/conf_example.py
[2025-05-14T11:03:38.250+0000] {processor.py:914} INFO - Processing file /opt/airflow/dags/tasks/conf_example.py for tasks to queue
[2025-05-14T11:03:38.252+0000] {logging_mixin.py:190} INFO - [2025-05-14T11:03:38.252+0000] {dagbag.py:587} INFO - Filling up the DagBag from /opt/airflow/dags/tasks/conf_example.py
[2025-05-14T11:03:38.254+0000] {processor.py:927} WARNING - No viable dags retrieved from /opt/airflow/dags/tasks/conf_example.py
[2025-05-14T11:03:38.266+0000] {processor.py:208} INFO - Processing /opt/airflow/dags/tasks/conf_example.py took 0.023 seconds
[2025-05-14T11:04:08.366+0000] {processor.py:186} INFO - Started process (PID=6566) to work on /opt/airflow/dags/tasks/conf_example.py
[2025-05-14T11:04:08.370+0000] {processor.py:914} INFO - Processing file /opt/airflow/dags/tasks/conf_example.py for tasks to queue
[2025-05-14T11:04:08.372+0000] {logging_mixin.py:190} INFO - [2025-05-14T11:04:08.372+0000] {dagbag.py:587} INFO - Filling up the DagBag from /opt/airflow/dags/tasks/conf_example.py
[2025-05-14T11:04:08.373+0000] {processor.py:927} WARNING - No viable dags retrieved from /opt/airflow/dags/tasks/conf_example.py
[2025-05-14T11:04:08.384+0000] {processor.py:208} INFO - Processing /opt/airflow/dags/tasks/conf_example.py took 0.022 seconds
[2025-05-14T11:04:38.499+0000] {processor.py:186} INFO - Started process (PID=6592) to work on /opt/airflow/dags/tasks/conf_example.py
[2025-05-14T11:04:38.501+0000] {processor.py:914} INFO - Processing file /opt/airflow/dags/tasks/conf_example.py for tasks to queue
[2025-05-14T11:04:38.503+0000] {logging_mixin.py:190} INFO - [2025-05-14T11:04:38.503+0000] {dagbag.py:587} INFO - Filling up the DagBag from /opt/airflow/dags/tasks/conf_example.py
[2025-05-14T11:04:38.504+0000] {processor.py:927} WARNING - No viable dags retrieved from /opt/airflow/dags/tasks/conf_example.py
[2025-05-14T11:04:38.515+0000] {processor.py:208} INFO - Processing /opt/airflow/dags/tasks/conf_example.py took 0.020 seconds
[2025-05-14T11:05:09.391+0000] {processor.py:186} INFO - Started process (PID=6619) to work on /opt/airflow/dags/tasks/conf_example.py
[2025-05-14T11:05:09.394+0000] {processor.py:914} INFO - Processing file /opt/airflow/dags/tasks/conf_example.py for tasks to queue
[2025-05-14T11:05:09.395+0000] {logging_mixin.py:190} INFO - [2025-05-14T11:05:09.395+0000] {dagbag.py:587} INFO - Filling up the DagBag from /opt/airflow/dags/tasks/conf_example.py
[2025-05-14T11:05:09.397+0000] {processor.py:927} WARNING - No viable dags retrieved from /opt/airflow/dags/tasks/conf_example.py
[2025-05-14T11:05:09.409+0000] {processor.py:208} INFO - Processing /opt/airflow/dags/tasks/conf_example.py took 0.024 seconds
[2025-05-14T11:05:40.255+0000] {processor.py:186} INFO - Started process (PID=6646) to work on /opt/airflow/dags/tasks/conf_example.py
[2025-05-14T11:05:40.257+0000] {processor.py:914} INFO - Processing file /opt/airflow/dags/tasks/conf_example.py for tasks to queue
[2025-05-14T11:05:40.258+0000] {logging_mixin.py:190} INFO - [2025-05-14T11:05:40.257+0000] {dagbag.py:587} INFO - Filling up the DagBag from /opt/airflow/dags/tasks/conf_example.py
[2025-05-14T11:05:40.259+0000] {processor.py:927} WARNING - No viable dags retrieved from /opt/airflow/dags/tasks/conf_example.py
[2025-05-14T11:05:40.272+0000] {processor.py:208} INFO - Processing /opt/airflow/dags/tasks/conf_example.py took 0.021 seconds
[2025-05-14T11:06:11.109+0000] {processor.py:186} INFO - Started process (PID=6673) to work on /opt/airflow/dags/tasks/conf_example.py
[2025-05-14T11:06:11.110+0000] {processor.py:914} INFO - Processing file /opt/airflow/dags/tasks/conf_example.py for tasks to queue
[2025-05-14T11:06:11.111+0000] {logging_mixin.py:190} INFO - [2025-05-14T11:06:11.111+0000] {dagbag.py:587} INFO - Filling up the DagBag from /opt/airflow/dags/tasks/conf_example.py
[2025-05-14T11:06:11.113+0000] {processor.py:927} WARNING - No viable dags retrieved from /opt/airflow/dags/tasks/conf_example.py
[2025-05-14T11:06:11.124+0000] {processor.py:208} INFO - Processing /opt/airflow/dags/tasks/conf_example.py took 0.019 seconds
[2025-05-14T11:06:41.973+0000] {processor.py:186} INFO - Started process (PID=6700) to work on /opt/airflow/dags/tasks/conf_example.py
[2025-05-14T11:06:41.974+0000] {processor.py:914} INFO - Processing file /opt/airflow/dags/tasks/conf_example.py for tasks to queue
[2025-05-14T11:06:41.975+0000] {logging_mixin.py:190} INFO - [2025-05-14T11:06:41.975+0000] {dagbag.py:587} INFO - Filling up the DagBag from /opt/airflow/dags/tasks/conf_example.py
[2025-05-14T11:06:41.977+0000] {processor.py:927} WARNING - No viable dags retrieved from /opt/airflow/dags/tasks/conf_example.py
[2025-05-14T11:06:41.989+0000] {processor.py:208} INFO - Processing /opt/airflow/dags/tasks/conf_example.py took 0.020 seconds
[2025-05-14T11:07:12.832+0000] {processor.py:186} INFO - Started process (PID=6727) to work on /opt/airflow/dags/tasks/conf_example.py
[2025-05-14T11:07:12.833+0000] {processor.py:914} INFO - Processing file /opt/airflow/dags/tasks/conf_example.py for tasks to queue
[2025-05-14T11:07:12.834+0000] {logging_mixin.py:190} INFO - [2025-05-14T11:07:12.833+0000] {dagbag.py:587} INFO - Filling up the DagBag from /opt/airflow/dags/tasks/conf_example.py
[2025-05-14T11:07:12.835+0000] {processor.py:927} WARNING - No viable dags retrieved from /opt/airflow/dags/tasks/conf_example.py
[2025-05-14T11:07:12.846+0000] {processor.py:208} INFO - Processing /opt/airflow/dags/tasks/conf_example.py took 0.019 seconds
[2025-05-14T11:07:43.711+0000] {processor.py:186} INFO - Started process (PID=6754) to work on /opt/airflow/dags/tasks/conf_example.py
[2025-05-14T11:07:43.712+0000] {processor.py:914} INFO - Processing file /opt/airflow/dags/tasks/conf_example.py for tasks to queue
[2025-05-14T11:07:43.713+0000] {logging_mixin.py:190} INFO - [2025-05-14T11:07:43.713+0000] {dagbag.py:587} INFO - Filling up the DagBag from /opt/airflow/dags/tasks/conf_example.py
[2025-05-14T11:07:43.714+0000] {processor.py:927} WARNING - No viable dags retrieved from /opt/airflow/dags/tasks/conf_example.py
[2025-05-14T11:07:43.726+0000] {processor.py:208} INFO - Processing /opt/airflow/dags/tasks/conf_example.py took 0.019 seconds
[2025-05-14T11:08:14.567+0000] {processor.py:186} INFO - Started process (PID=6781) to work on /opt/airflow/dags/tasks/conf_example.py
[2025-05-14T11:08:14.568+0000] {processor.py:914} INFO - Processing file /opt/airflow/dags/tasks/conf_example.py for tasks to queue
[2025-05-14T11:08:14.569+0000] {logging_mixin.py:190} INFO - [2025-05-14T11:08:14.569+0000] {dagbag.py:587} INFO - Filling up the DagBag from /opt/airflow/dags/tasks/conf_example.py
[2025-05-14T11:08:14.571+0000] {processor.py:927} WARNING - No viable dags retrieved from /opt/airflow/dags/tasks/conf_example.py
[2025-05-14T11:08:14.582+0000] {processor.py:208} INFO - Processing /opt/airflow/dags/tasks/conf_example.py took 0.019 seconds
[2025-05-14T11:08:45.430+0000] {processor.py:186} INFO - Started process (PID=6814) to work on /opt/airflow/dags/tasks/conf_example.py
[2025-05-14T11:08:45.431+0000] {processor.py:914} INFO - Processing file /opt/airflow/dags/tasks/conf_example.py for tasks to queue
[2025-05-14T11:08:45.432+0000] {logging_mixin.py:190} INFO - [2025-05-14T11:08:45.432+0000] {dagbag.py:587} INFO - Filling up the DagBag from /opt/airflow/dags/tasks/conf_example.py
[2025-05-14T11:08:45.433+0000] {processor.py:927} WARNING - No viable dags retrieved from /opt/airflow/dags/tasks/conf_example.py
[2025-05-14T11:08:45.444+0000] {processor.py:208} INFO - Processing /opt/airflow/dags/tasks/conf_example.py took 0.018 seconds
[2025-05-14T11:09:16.279+0000] {processor.py:186} INFO - Started process (PID=6841) to work on /opt/airflow/dags/tasks/conf_example.py
[2025-05-14T11:09:16.282+0000] {processor.py:914} INFO - Processing file /opt/airflow/dags/tasks/conf_example.py for tasks to queue
[2025-05-14T11:09:16.283+0000] {logging_mixin.py:190} INFO - [2025-05-14T11:09:16.283+0000] {dagbag.py:587} INFO - Filling up the DagBag from /opt/airflow/dags/tasks/conf_example.py
[2025-05-14T11:09:16.285+0000] {processor.py:927} WARNING - No viable dags retrieved from /opt/airflow/dags/tasks/conf_example.py
[2025-05-14T11:09:16.297+0000] {processor.py:208} INFO - Processing /opt/airflow/dags/tasks/conf_example.py took 0.023 seconds
[2025-05-14T11:09:47.166+0000] {processor.py:186} INFO - Started process (PID=6868) to work on /opt/airflow/dags/tasks/conf_example.py
[2025-05-14T11:09:47.167+0000] {processor.py:914} INFO - Processing file /opt/airflow/dags/tasks/conf_example.py for tasks to queue
[2025-05-14T11:09:47.168+0000] {logging_mixin.py:190} INFO - [2025-05-14T11:09:47.168+0000] {dagbag.py:587} INFO - Filling up the DagBag from /opt/airflow/dags/tasks/conf_example.py
[2025-05-14T11:09:47.170+0000] {processor.py:927} WARNING - No viable dags retrieved from /opt/airflow/dags/tasks/conf_example.py
[2025-05-14T11:09:47.180+0000] {processor.py:208} INFO - Processing /opt/airflow/dags/tasks/conf_example.py took 0.018 seconds
[2025-05-14T11:10:18.044+0000] {processor.py:186} INFO - Started process (PID=6895) to work on /opt/airflow/dags/tasks/conf_example.py
[2025-05-14T11:10:18.045+0000] {processor.py:914} INFO - Processing file /opt/airflow/dags/tasks/conf_example.py for tasks to queue
[2025-05-14T11:10:18.046+0000] {logging_mixin.py:190} INFO - [2025-05-14T11:10:18.046+0000] {dagbag.py:587} INFO - Filling up the DagBag from /opt/airflow/dags/tasks/conf_example.py
[2025-05-14T11:10:18.048+0000] {processor.py:927} WARNING - No viable dags retrieved from /opt/airflow/dags/tasks/conf_example.py
[2025-05-14T11:10:18.058+0000] {processor.py:208} INFO - Processing /opt/airflow/dags/tasks/conf_example.py took 0.019 seconds
[2025-05-14T11:10:48.931+0000] {processor.py:186} INFO - Started process (PID=6923) to work on /opt/airflow/dags/tasks/conf_example.py
[2025-05-14T11:10:48.934+0000] {processor.py:914} INFO - Processing file /opt/airflow/dags/tasks/conf_example.py for tasks to queue
[2025-05-14T11:10:48.935+0000] {logging_mixin.py:190} INFO - [2025-05-14T11:10:48.935+0000] {dagbag.py:587} INFO - Filling up the DagBag from /opt/airflow/dags/tasks/conf_example.py
[2025-05-14T11:10:48.937+0000] {processor.py:927} WARNING - No viable dags retrieved from /opt/airflow/dags/tasks/conf_example.py
[2025-05-14T11:10:48.947+0000] {processor.py:208} INFO - Processing /opt/airflow/dags/tasks/conf_example.py took 0.021 seconds
[2025-05-14T11:11:19.853+0000] {processor.py:186} INFO - Started process (PID=6950) to work on /opt/airflow/dags/tasks/conf_example.py
[2025-05-14T11:11:19.854+0000] {processor.py:914} INFO - Processing file /opt/airflow/dags/tasks/conf_example.py for tasks to queue
[2025-05-14T11:11:19.855+0000] {logging_mixin.py:190} INFO - [2025-05-14T11:11:19.854+0000] {dagbag.py:587} INFO - Filling up the DagBag from /opt/airflow/dags/tasks/conf_example.py
[2025-05-14T11:11:19.856+0000] {processor.py:927} WARNING - No viable dags retrieved from /opt/airflow/dags/tasks/conf_example.py
[2025-05-14T11:11:19.868+0000] {processor.py:208} INFO - Processing /opt/airflow/dags/tasks/conf_example.py took 0.019 seconds
[2025-05-14T11:11:50.727+0000] {processor.py:186} INFO - Started process (PID=6977) to work on /opt/airflow/dags/tasks/conf_example.py
[2025-05-14T11:11:50.728+0000] {processor.py:914} INFO - Processing file /opt/airflow/dags/tasks/conf_example.py for tasks to queue
[2025-05-14T11:11:50.729+0000] {logging_mixin.py:190} INFO - [2025-05-14T11:11:50.729+0000] {dagbag.py:587} INFO - Filling up the DagBag from /opt/airflow/dags/tasks/conf_example.py
[2025-05-14T11:11:50.730+0000] {processor.py:927} WARNING - No viable dags retrieved from /opt/airflow/dags/tasks/conf_example.py
[2025-05-14T11:11:50.741+0000] {processor.py:208} INFO - Processing /opt/airflow/dags/tasks/conf_example.py took 0.018 seconds
[2025-05-14T11:12:21.626+0000] {processor.py:186} INFO - Started process (PID=7004) to work on /opt/airflow/dags/tasks/conf_example.py
[2025-05-14T11:12:21.627+0000] {processor.py:914} INFO - Processing file /opt/airflow/dags/tasks/conf_example.py for tasks to queue
[2025-05-14T11:12:21.628+0000] {logging_mixin.py:190} INFO - [2025-05-14T11:12:21.628+0000] {dagbag.py:587} INFO - Filling up the DagBag from /opt/airflow/dags/tasks/conf_example.py
[2025-05-14T11:12:21.630+0000] {processor.py:927} WARNING - No viable dags retrieved from /opt/airflow/dags/tasks/conf_example.py
[2025-05-14T11:12:21.641+0000] {processor.py:208} INFO - Processing /opt/airflow/dags/tasks/conf_example.py took 0.020 seconds
[2025-05-14T11:12:52.518+0000] {processor.py:186} INFO - Started process (PID=7031) to work on /opt/airflow/dags/tasks/conf_example.py
[2025-05-14T11:12:52.519+0000] {processor.py:914} INFO - Processing file /opt/airflow/dags/tasks/conf_example.py for tasks to queue
[2025-05-14T11:12:52.520+0000] {logging_mixin.py:190} INFO - [2025-05-14T11:12:52.520+0000] {dagbag.py:587} INFO - Filling up the DagBag from /opt/airflow/dags/tasks/conf_example.py
[2025-05-14T11:12:52.521+0000] {processor.py:927} WARNING - No viable dags retrieved from /opt/airflow/dags/tasks/conf_example.py
[2025-05-14T11:12:52.534+0000] {processor.py:208} INFO - Processing /opt/airflow/dags/tasks/conf_example.py took 0.021 seconds
[2025-05-14T11:13:22.664+0000] {processor.py:186} INFO - Started process (PID=7058) to work on /opt/airflow/dags/tasks/conf_example.py
[2025-05-14T11:13:22.666+0000] {processor.py:914} INFO - Processing file /opt/airflow/dags/tasks/conf_example.py for tasks to queue
[2025-05-14T11:13:22.666+0000] {logging_mixin.py:190} INFO - [2025-05-14T11:13:22.666+0000] {dagbag.py:587} INFO - Filling up the DagBag from /opt/airflow/dags/tasks/conf_example.py
[2025-05-14T11:13:22.668+0000] {processor.py:927} WARNING - No viable dags retrieved from /opt/airflow/dags/tasks/conf_example.py
[2025-05-14T11:13:22.679+0000] {processor.py:208} INFO - Processing /opt/airflow/dags/tasks/conf_example.py took 0.019 seconds
[2025-05-14T11:13:53.533+0000] {processor.py:186} INFO - Started process (PID=7086) to work on /opt/airflow/dags/tasks/conf_example.py
[2025-05-14T11:13:53.536+0000] {processor.py:914} INFO - Processing file /opt/airflow/dags/tasks/conf_example.py for tasks to queue
[2025-05-14T11:13:53.537+0000] {logging_mixin.py:190} INFO - [2025-05-14T11:13:53.537+0000] {dagbag.py:587} INFO - Filling up the DagBag from /opt/airflow/dags/tasks/conf_example.py
[2025-05-14T11:13:53.539+0000] {processor.py:927} WARNING - No viable dags retrieved from /opt/airflow/dags/tasks/conf_example.py
[2025-05-14T11:13:53.550+0000] {processor.py:208} INFO - Processing /opt/airflow/dags/tasks/conf_example.py took 0.021 seconds
[2025-05-14T11:14:24.451+0000] {processor.py:186} INFO - Started process (PID=7113) to work on /opt/airflow/dags/tasks/conf_example.py
[2025-05-14T11:14:24.452+0000] {processor.py:914} INFO - Processing file /opt/airflow/dags/tasks/conf_example.py for tasks to queue
[2025-05-14T11:14:24.453+0000] {logging_mixin.py:190} INFO - [2025-05-14T11:14:24.453+0000] {dagbag.py:587} INFO - Filling up the DagBag from /opt/airflow/dags/tasks/conf_example.py
[2025-05-14T11:14:24.455+0000] {processor.py:927} WARNING - No viable dags retrieved from /opt/airflow/dags/tasks/conf_example.py
[2025-05-14T11:14:24.468+0000] {processor.py:208} INFO - Processing /opt/airflow/dags/tasks/conf_example.py took 0.022 seconds
[2025-05-14T11:14:55.265+0000] {processor.py:186} INFO - Started process (PID=7140) to work on /opt/airflow/dags/tasks/conf_example.py
[2025-05-14T11:14:55.266+0000] {processor.py:914} INFO - Processing file /opt/airflow/dags/tasks/conf_example.py for tasks to queue
[2025-05-14T11:14:55.267+0000] {logging_mixin.py:190} INFO - [2025-05-14T11:14:55.267+0000] {dagbag.py:587} INFO - Filling up the DagBag from /opt/airflow/dags/tasks/conf_example.py
[2025-05-14T11:14:55.269+0000] {processor.py:927} WARNING - No viable dags retrieved from /opt/airflow/dags/tasks/conf_example.py
[2025-05-14T11:14:55.279+0000] {processor.py:208} INFO - Processing /opt/airflow/dags/tasks/conf_example.py took 0.018 seconds
[2025-05-14T11:15:26.074+0000] {processor.py:186} INFO - Started process (PID=7167) to work on /opt/airflow/dags/tasks/conf_example.py
[2025-05-14T11:15:26.076+0000] {processor.py:914} INFO - Processing file /opt/airflow/dags/tasks/conf_example.py for tasks to queue
[2025-05-14T11:15:26.077+0000] {logging_mixin.py:190} INFO - [2025-05-14T11:15:26.076+0000] {dagbag.py:587} INFO - Filling up the DagBag from /opt/airflow/dags/tasks/conf_example.py
[2025-05-14T11:15:26.079+0000] {processor.py:927} WARNING - No viable dags retrieved from /opt/airflow/dags/tasks/conf_example.py
[2025-05-14T11:15:26.090+0000] {processor.py:208} INFO - Processing /opt/airflow/dags/tasks/conf_example.py took 0.021 seconds
[2025-05-14T11:15:56.940+0000] {processor.py:186} INFO - Started process (PID=7196) to work on /opt/airflow/dags/tasks/conf_example.py
[2025-05-14T11:15:56.941+0000] {processor.py:914} INFO - Processing file /opt/airflow/dags/tasks/conf_example.py for tasks to queue
[2025-05-14T11:15:56.943+0000] {logging_mixin.py:190} INFO - [2025-05-14T11:15:56.942+0000] {dagbag.py:587} INFO - Filling up the DagBag from /opt/airflow/dags/tasks/conf_example.py
[2025-05-14T11:15:56.945+0000] {processor.py:927} WARNING - No viable dags retrieved from /opt/airflow/dags/tasks/conf_example.py
[2025-05-14T11:15:56.955+0000] {processor.py:208} INFO - Processing /opt/airflow/dags/tasks/conf_example.py took 0.019 seconds
[2025-05-14T11:16:26.982+0000] {processor.py:186} INFO - Started process (PID=7223) to work on /opt/airflow/dags/tasks/conf_example.py
[2025-05-14T11:16:26.987+0000] {processor.py:914} INFO - Processing file /opt/airflow/dags/tasks/conf_example.py for tasks to queue
[2025-05-14T11:16:26.993+0000] {logging_mixin.py:190} INFO - [2025-05-14T11:16:26.992+0000] {dagbag.py:587} INFO - Filling up the DagBag from /opt/airflow/dags/tasks/conf_example.py
[2025-05-14T11:16:26.999+0000] {processor.py:927} WARNING - No viable dags retrieved from /opt/airflow/dags/tasks/conf_example.py
[2025-05-14T11:16:27.016+0000] {processor.py:208} INFO - Processing /opt/airflow/dags/tasks/conf_example.py took 0.039 seconds
[2025-05-14T11:16:57.281+0000] {processor.py:186} INFO - Started process (PID=7250) to work on /opt/airflow/dags/tasks/conf_example.py
[2025-05-14T11:16:57.292+0000] {processor.py:914} INFO - Processing file /opt/airflow/dags/tasks/conf_example.py for tasks to queue
[2025-05-14T11:16:57.292+0000] {logging_mixin.py:190} INFO - [2025-05-14T11:16:57.292+0000] {dagbag.py:587} INFO - Filling up the DagBag from /opt/airflow/dags/tasks/conf_example.py
[2025-05-14T11:16:57.294+0000] {processor.py:927} WARNING - No viable dags retrieved from /opt/airflow/dags/tasks/conf_example.py
[2025-05-14T11:16:57.306+0000] {processor.py:208} INFO - Processing /opt/airflow/dags/tasks/conf_example.py took 0.029 seconds
[2025-05-14T11:17:27.358+0000] {processor.py:186} INFO - Started process (PID=7276) to work on /opt/airflow/dags/tasks/conf_example.py
[2025-05-14T11:17:27.360+0000] {processor.py:914} INFO - Processing file /opt/airflow/dags/tasks/conf_example.py for tasks to queue
[2025-05-14T11:17:27.362+0000] {logging_mixin.py:190} INFO - [2025-05-14T11:17:27.362+0000] {dagbag.py:587} INFO - Filling up the DagBag from /opt/airflow/dags/tasks/conf_example.py
[2025-05-14T11:17:27.365+0000] {processor.py:927} WARNING - No viable dags retrieved from /opt/airflow/dags/tasks/conf_example.py
[2025-05-14T11:17:27.390+0000] {processor.py:208} INFO - Processing /opt/airflow/dags/tasks/conf_example.py took 0.041 seconds
[2025-05-14T11:17:57.463+0000] {processor.py:186} INFO - Started process (PID=7303) to work on /opt/airflow/dags/tasks/conf_example.py
[2025-05-14T11:17:57.464+0000] {processor.py:914} INFO - Processing file /opt/airflow/dags/tasks/conf_example.py for tasks to queue
[2025-05-14T11:17:57.465+0000] {logging_mixin.py:190} INFO - [2025-05-14T11:17:57.465+0000] {dagbag.py:587} INFO - Filling up the DagBag from /opt/airflow/dags/tasks/conf_example.py
[2025-05-14T11:17:57.467+0000] {processor.py:927} WARNING - No viable dags retrieved from /opt/airflow/dags/tasks/conf_example.py
[2025-05-14T11:17:57.479+0000] {processor.py:208} INFO - Processing /opt/airflow/dags/tasks/conf_example.py took 0.020 seconds
