[2025-05-23T03:11:21.798+0000] {local_task_job_runner.py:123} INFO - ::group::Pre task execution logs
[2025-05-23T03:11:21.808+0000] {taskinstance.py:2603} INFO - Dependencies all met for dep_context=non-requeueable deps ti=<TaskInstance: x_videos_scraper_dag.get_links_task manual__2025-05-23T03:11:20.635106+00:00 [queued]>
[2025-05-23T03:11:21.813+0000] {taskinstance.py:2603} INFO - Dependencies all met for dep_context=requeueable deps ti=<TaskInstance: x_videos_scraper_dag.get_links_task manual__2025-05-23T03:11:20.635106+00:00 [queued]>
[2025-05-23T03:11:21.813+0000] {taskinstance.py:2856} INFO - Starting attempt 1 of 1
[2025-05-23T03:11:21.822+0000] {taskinstance.py:2879} INFO - Executing <Task(PythonOperator): get_links_task> on 2025-05-23 03:11:20.635106+00:00
[2025-05-23T03:11:21.825+0000] {standard_task_runner.py:72} INFO - Started process 94 to run task
[2025-05-23T03:11:21.827+0000] {standard_task_runner.py:104} INFO - Running: ['airflow', 'tasks', 'run', 'x_videos_scraper_dag', 'get_links_task', 'manual__2025-05-23T03:11:20.635106+00:00', '--job-id', '6561', '--raw', '--subdir', 'DAGS_FOLDER/pipeline_x.py', '--cfg-path', '/tmp/tmprb1cwa79']
[2025-05-23T03:11:21.829+0000] {standard_task_runner.py:105} INFO - Job 6561: Subtask get_links_task
[2025-05-23T03:11:21.863+0000] {task_command.py:467} INFO - Running <TaskInstance: x_videos_scraper_dag.get_links_task manual__2025-05-23T03:11:20.635106+00:00 [running]> on host 1a0d2ddd128e
[2025-05-23T03:11:21.921+0000] {taskinstance.py:3122} INFO - Exporting env vars: AIRFLOW_CTX_DAG_OWNER='airflow' AIRFLOW_CTX_DAG_ID='x_videos_scraper_dag' AIRFLOW_CTX_TASK_ID='get_links_task' AIRFLOW_CTX_EXECUTION_DATE='2025-05-23T03:11:20.635106+00:00' AIRFLOW_CTX_TRY_NUMBER='1' AIRFLOW_CTX_DAG_RUN_ID='manual__2025-05-23T03:11:20.635106+00:00'
[2025-05-23T03:11:21.922+0000] {taskinstance.py:731} INFO - ::endgroup::
[2025-05-23T03:11:30.361+0000] {logging_mixin.py:190} INFO - Scrolling down... 0
[2025-05-23T03:11:35.487+0000] {logging_mixin.py:190} INFO - https://x.com/Cristiano/status/1924859108865323121/video/1
[2025-05-23T03:11:35.491+0000] {logging_mixin.py:190} INFO - https://x.com/Cristiano/status/1922957070048874841/video/1
[2025-05-23T03:11:35.497+0000] {logging_mixin.py:190} INFO - https://x.com/Cristiano/status/1921191243482087932/video/1
[2025-05-23T03:11:35.500+0000] {logging_mixin.py:190} INFO - https://x.com/Cristiano/status/1919453517518872985/video/1
[2025-05-23T03:11:35.515+0000] {logging_mixin.py:190} INFO - https://x.com/Cristiano/status/1915409532924158248/video/1
[2025-05-23T03:11:35.518+0000] {logging_mixin.py:190} INFO - https://x.com/Cristiano/status/1914982579465281859/video/1
[2025-05-23T03:11:35.529+0000] {logging_mixin.py:190} INFO - https://x.com/Cristiano/status/1911763830826230166/video/1
[2025-05-23T03:11:35.536+0000] {logging_mixin.py:190} INFO - https://x.com/Cristiano/status/1910588895051329799/video/1
[2025-05-23T03:11:35.539+0000] {logging_mixin.py:190} INFO - https://x.com/Cristiano/status/1910363097774108906/video/1
[2025-05-23T03:11:35.545+0000] {logging_mixin.py:190} INFO - https://x.com/Cristiano/status/1910008061856526695/video/1
[2025-05-23T03:11:35.550+0000] {logging_mixin.py:190} INFO - https://x.com/Cristiano/status/1908867553469800598/video/1
[2025-05-23T03:11:35.559+0000] {logging_mixin.py:190} INFO - https://x.com/Cristiano/status/1906775463282044998/video/1
[2025-05-23T03:11:35.567+0000] {logging_mixin.py:190} INFO - https://x.com/Cristiano/status/1904942189102182598/video/1
[2025-05-23T03:11:35.589+0000] {logging_mixin.py:190} INFO - https://x.com/Cristiano/status/1900187027783487915/video/1
[2025-05-23T03:11:35.675+0000] {warnings.py:109} WARNING - /opt/airflow/dags/app/core/database_utils.py:30: SAWarning: SELECT statement has a cartesian product between FROM element(s) "tiktok" and FROM element "x".  Apply join condition(s) between each element to resolve.
  return db.query(X).filter(Tiktok.status == TaskStatus.SUCCESS.value).all()

[2025-05-23T03:11:36.175+0000] {logging_mixin.py:190} INFO - Remaining new videos: 7
[2025-05-23T03:11:36.177+0000] {logging_mixin.py:190} INFO - New videos: 7
[2025-05-23T03:11:36.286+0000] {python.py:240} INFO - Done. Returned value was: {'id': 'Cristiano', 'new_links': ('https://x.com/Cristiano/status/1910588895051329799/video/1', 'https://x.com/Cristiano/status/1915409532924158248/video/1', 'https://x.com/Cristiano/status/1911763830826230166/video/1', 'https://x.com/Cristiano/status/1904942189102182598/video/1', 'https://x.com/Cristiano/status/1919453517518872985/video/1', 'https://x.com/Cristiano/status/1900187027783487915/video/1', 'https://x.com/Cristiano/status/1921191243482087932/video/1')}
[2025-05-23T03:11:36.323+0000] {taskinstance.py:340} INFO - ::group::Post task execution logs
[2025-05-23T03:11:36.324+0000] {taskinstance.py:352} INFO - Marking task as SUCCESS. dag_id=x_videos_scraper_dag, task_id=get_links_task, run_id=manual__2025-05-23T03:11:20.635106+00:00, execution_date=20250523T031120, start_date=20250523T031121, end_date=20250523T031136
[2025-05-23T03:11:36.368+0000] {local_task_job_runner.py:261} INFO - Task exited with return code 0
[2025-05-23T03:11:36.390+0000] {taskinstance.py:3891} INFO - 1 downstream tasks scheduled from follow-on schedule check
[2025-05-23T03:11:36.392+0000] {local_task_job_runner.py:240} INFO - ::endgroup::
