[2025-05-26T06:29:55.433+0000] {local_task_job_runner.py:123} INFO - ::group::Pre task execution logs
[2025-05-26T06:29:55.445+0000] {taskinstance.py:2603} INFO - Dependencies all met for dep_context=non-requeueable deps ti=<TaskInstance: tiktok_videos_scraper_dag.get_links_task manual__2025-05-26T06:29:54.237106+00:00 [queued]>
[2025-05-26T06:29:55.449+0000] {taskinstance.py:2603} INFO - Dependencies all met for dep_context=requeueable deps ti=<TaskInstance: tiktok_videos_scraper_dag.get_links_task manual__2025-05-26T06:29:54.237106+00:00 [queued]>
[2025-05-26T06:29:55.450+0000] {taskinstance.py:2856} INFO - Starting attempt 1 of 1
[2025-05-26T06:29:55.458+0000] {taskinstance.py:2879} INFO - Executing <Task(PythonOperator): get_links_task> on 2025-05-26 06:29:54.237106+00:00
[2025-05-26T06:29:55.460+0000] {standard_task_runner.py:72} INFO - Started process 66 to run task
[2025-05-26T06:29:55.463+0000] {standard_task_runner.py:104} INFO - Running: ['airflow', 'tasks', 'run', 'tiktok_videos_scraper_dag', 'get_links_task', 'manual__2025-05-26T06:29:54.237106+00:00', '--job-id', '6749', '--raw', '--subdir', 'DAGS_FOLDER/pipeline_tiktok.py', '--cfg-path', '/tmp/tmp0vecp2y4']
[2025-05-26T06:29:55.465+0000] {standard_task_runner.py:105} INFO - Job 6749: Subtask get_links_task
[2025-05-26T06:29:55.500+0000] {task_command.py:467} INFO - Running <TaskInstance: tiktok_videos_scraper_dag.get_links_task manual__2025-05-26T06:29:54.237106+00:00 [running]> on host d69b9ee0d549
[2025-05-26T06:29:55.561+0000] {taskinstance.py:3122} INFO - Exporting env vars: AIRFLOW_CTX_DAG_OWNER='airflow' AIRFLOW_CTX_DAG_ID='tiktok_videos_scraper_dag' AIRFLOW_CTX_TASK_ID='get_links_task' AIRFLOW_CTX_EXECUTION_DATE='2025-05-26T06:29:54.237106+00:00' AIRFLOW_CTX_TRY_NUMBER='1' AIRFLOW_CTX_DAG_RUN_ID='manual__2025-05-26T06:29:54.237106+00:00'
[2025-05-26T06:29:55.562+0000] {taskinstance.py:731} INFO - ::endgroup::
[2025-05-26T06:30:06.801+0000] {logging_mixin.py:190} INFO - Error in TikTok API: Page.evaluate: TypeError: undefined is not a function
    at h (https://sf16-website-login.neutral.ttwstatic.com/obj/tiktok_web_login_static/webmssdk/1.0.0.290/webmssdk.js:1:110185)
    at Array.yg (https://sf16-website-login.neutral.ttwstatic.com/obj/tiktok_web_login_static/webmssdk/1.0.0.290/webmssdk.js:1:109880)
    at n (https://sf16-website-login.neutral.ttwstatic.com/obj/tiktok_web_login_static/webmssdk/1.0.0.290/webmssdk.js:1:160663)
    at https://sf16-website-login.neutral.ttwstatic.com/obj/tiktok_web_login_static/webmssdk/1.0.0.290/webmssdk.js:1:56397
    at f (https://sf16-website-login.neutral.ttwstatic.com/obj/tiktok_web_login_static/webmssdk/1.0.0.290/webmssdk.js:1:48658)
    at window.fetch (https://sf16-website-login.neutral.ttwstatic.com/obj/tiktok_web_login_static/secsdk/secsdk-lastest.umd.js:5211:40)
    at eval (eval at evaluate (:313:29), <anonymous>:3:21)
    at new Promise (<anonymous>)
    at eval (eval at evaluate (:313:29), <anonymous>:2:24)
    at UtilityScript.evaluate (<anonymous>:320:18)
[2025-05-26T06:30:06.933+0000] {python.py:240} INFO - Done. Returned value was: []
[2025-05-26T06:30:06.952+0000] {taskinstance.py:340} INFO - ::group::Post task execution logs
[2025-05-26T06:30:06.952+0000] {taskinstance.py:352} INFO - Marking task as SUCCESS. dag_id=tiktok_videos_scraper_dag, task_id=get_links_task, run_id=manual__2025-05-26T06:29:54.237106+00:00, execution_date=20250526T062954, start_date=20250526T062955, end_date=20250526T063006
[2025-05-26T06:30:06.974+0000] {local_task_job_runner.py:261} INFO - Task exited with return code 0
[2025-05-26T06:30:06.992+0000] {taskinstance.py:3891} INFO - 1 downstream tasks scheduled from follow-on schedule check
[2025-05-26T06:30:06.994+0000] {local_task_job_runner.py:240} INFO - ::endgroup::
