[2025-04-28T11:36:38.596+0000] {local_task_job_runner.py:123} INFO - ::group::Pre task execution logs
[2025-04-28T11:36:38.609+0000] {taskinstance.py:2603} INFO - Dependencies all met for dep_context=non-requeueable deps ti=<TaskInstance: tutorial.sleep manual__2025-04-28T11:36:36.848833+00:00 [queued]>
[2025-04-28T11:36:38.615+0000] {taskinstance.py:2603} INFO - Dependencies all met for dep_context=requeueable deps ti=<TaskInstance: tutorial.sleep manual__2025-04-28T11:36:36.848833+00:00 [queued]>
[2025-04-28T11:36:38.615+0000] {taskinstance.py:2856} INFO - Starting attempt 1 of 4
[2025-04-28T11:36:38.624+0000] {taskinstance.py:2879} INFO - Executing <Task(BashOperator): sleep> on 2025-04-28 11:36:36.848833+00:00
[2025-04-28T11:36:38.627+0000] {standard_task_runner.py:72} INFO - Started process 129 to run task
[2025-04-28T11:36:38.630+0000] {standard_task_runner.py:104} INFO - Running: ['airflow', 'tasks', 'run', 'tutorial', 'sleep', 'manual__2025-04-28T11:36:36.848833+00:00', '--job-id', '6', '--raw', '--subdir', 'DAGS_FOLDER/tutorial.py', '--cfg-path', '/tmp/tmprh3_xcpk']
[2025-04-28T11:36:38.631+0000] {standard_task_runner.py:105} INFO - Job 6: Subtask sleep
[2025-04-28T11:36:38.670+0000] {task_command.py:467} INFO - Running <TaskInstance: tutorial.sleep manual__2025-04-28T11:36:36.848833+00:00 [running]> on host 2c7afa36055b
[2025-04-28T11:36:38.736+0000] {taskinstance.py:3122} INFO - Exporting env vars: AIRFLOW_CTX_DAG_OWNER='airflow' AIRFLOW_CTX_DAG_ID='tutorial' AIRFLOW_CTX_TASK_ID='sleep' AIRFLOW_CTX_EXECUTION_DATE='2025-04-28T11:36:36.848833+00:00' AIRFLOW_CTX_TRY_NUMBER='1' AIRFLOW_CTX_DAG_RUN_ID='manual__2025-04-28T11:36:36.848833+00:00'
[2025-04-28T11:36:38.737+0000] {taskinstance.py:731} INFO - ::endgroup::
[2025-04-28T11:36:38.750+0000] {subprocess.py:63} INFO - Tmp dir root location: /tmp
[2025-04-28T11:36:38.750+0000] {subprocess.py:75} INFO - Running command: ['/usr/bin/bash', '-c', 'sleep 5']
[2025-04-28T11:36:38.757+0000] {subprocess.py:86} INFO - Output:
[2025-04-28T11:36:43.766+0000] {subprocess.py:97} INFO - Command exited with return code 0
[2025-04-28T11:36:43.789+0000] {taskinstance.py:340} INFO - ::group::Post task execution logs
[2025-04-28T11:36:43.790+0000] {taskinstance.py:352} INFO - Marking task as SUCCESS. dag_id=tutorial, task_id=sleep, run_id=manual__2025-04-28T11:36:36.848833+00:00, execution_date=20250428T113636, start_date=20250428T113638, end_date=20250428T113643
[2025-04-28T11:36:43.824+0000] {local_task_job_runner.py:261} INFO - Task exited with return code 0
[2025-04-28T11:36:43.835+0000] {taskinstance.py:3891} INFO - 0 downstream tasks scheduled from follow-on schedule check
[2025-04-28T11:36:43.837+0000] {local_task_job_runner.py:240} INFO - ::endgroup::
