[2025-05-05T02:31:36.449+0000] {local_task_job_runner.py:123} INFO - ::group::Pre task execution logs
[2025-05-05T02:31:36.470+0000] {taskinstance.py:2603} INFO - Dependencies all met for dep_context=non-requeueable deps ti=<TaskInstance: tutorial.templated scheduled__2025-04-29T11:02:06.916831+00:00 [queued]>
[2025-05-05T02:31:36.483+0000] {taskinstance.py:2603} INFO - Dependencies all met for dep_context=requeueable deps ti=<TaskInstance: tutorial.templated scheduled__2025-04-29T11:02:06.916831+00:00 [queued]>
[2025-05-05T02:31:36.483+0000] {taskinstance.py:2856} INFO - Starting attempt 1 of 2
[2025-05-05T02:31:36.499+0000] {taskinstance.py:2879} INFO - Executing <Task(BashOperator): templated> on 2025-04-29 11:02:06.916831+00:00
[2025-05-05T02:31:36.504+0000] {standard_task_runner.py:72} INFO - Started process 120 to run task
[2025-05-05T02:31:36.510+0000] {standard_task_runner.py:104} INFO - Running: ['airflow', 'tasks', 'run', 'tutorial', 'templated', 'scheduled__2025-04-29T11:02:06.916831+00:00', '--job-id', '2475', '--raw', '--subdir', 'DAGS_FOLDER/tuts/tutorial.py', '--cfg-path', '/tmp/tmp0akhq1e3']
[2025-05-05T02:31:36.512+0000] {standard_task_runner.py:105} INFO - Job 2475: Subtask templated
[2025-05-05T02:31:36.583+0000] {task_command.py:467} INFO - Running <TaskInstance: tutorial.templated scheduled__2025-04-29T11:02:06.916831+00:00 [running]> on host 2c7afa36055b
[2025-05-05T02:31:36.713+0000] {taskinstance.py:3122} INFO - Exporting env vars: AIRFLOW_CTX_DAG_OWNER='airflow' AIRFLOW_CTX_DAG_ID='tutorial' AIRFLOW_CTX_TASK_ID='templated' AIRFLOW_CTX_EXECUTION_DATE='2025-04-29T11:02:06.916831+00:00' AIRFLOW_CTX_TRY_NUMBER='1' AIRFLOW_CTX_DAG_RUN_ID='scheduled__2025-04-29T11:02:06.916831+00:00'
[2025-05-05T02:31:36.713+0000] {taskinstance.py:731} INFO - ::endgroup::
[2025-05-05T02:31:36.727+0000] {subprocess.py:63} INFO - Tmp dir root location: /tmp
[2025-05-05T02:31:36.728+0000] {subprocess.py:75} INFO - Running command: ['/usr/bin/bash', '-c', '\n\n    echo "2025-04-29"\n    echo "2025-05-06"\n\n    echo "2025-04-29"\n    echo "2025-05-06"\n\n    echo "2025-04-29"\n    echo "2025-05-06"\n\n    echo "2025-04-29"\n    echo "2025-05-06"\n\n    echo "2025-04-29"\n    echo "2025-05-06"\n']
[2025-05-05T02:31:36.738+0000] {subprocess.py:86} INFO - Output:
[2025-05-05T02:31:36.740+0000] {subprocess.py:93} INFO - 2025-04-29
[2025-05-05T02:31:36.740+0000] {subprocess.py:93} INFO - 2025-05-06
[2025-05-05T02:31:36.740+0000] {subprocess.py:93} INFO - 2025-04-29
[2025-05-05T02:31:36.740+0000] {subprocess.py:93} INFO - 2025-05-06
[2025-05-05T02:31:36.741+0000] {subprocess.py:93} INFO - 2025-04-29
[2025-05-05T02:31:36.741+0000] {subprocess.py:93} INFO - 2025-05-06
[2025-05-05T02:31:36.741+0000] {subprocess.py:93} INFO - 2025-04-29
[2025-05-05T02:31:36.741+0000] {subprocess.py:93} INFO - 2025-05-06
[2025-05-05T02:31:36.741+0000] {subprocess.py:93} INFO - 2025-04-29
[2025-05-05T02:31:36.741+0000] {subprocess.py:93} INFO - 2025-05-06
[2025-05-05T02:31:36.742+0000] {subprocess.py:97} INFO - Command exited with return code 0
[2025-05-05T02:31:36.772+0000] {taskinstance.py:340} INFO - ::group::Post task execution logs
[2025-05-05T02:31:36.773+0000] {taskinstance.py:352} INFO - Marking task as SUCCESS. dag_id=tutorial, task_id=templated, run_id=scheduled__2025-04-29T11:02:06.916831+00:00, execution_date=20250429T110206, start_date=20250505T023136, end_date=20250505T023136
[2025-05-05T02:31:36.804+0000] {local_task_job_runner.py:261} INFO - Task exited with return code 0
[2025-05-05T02:31:36.821+0000] {taskinstance.py:3891} INFO - 0 downstream tasks scheduled from follow-on schedule check
[2025-05-05T02:31:36.824+0000] {local_task_job_runner.py:240} INFO - ::endgroup::
