[2025-05-05T10:35:58.466+0000] {local_task_job_runner.py:123} INFO - ::group::Pre task execution logs
[2025-05-05T10:35:58.482+0000] {taskinstance.py:2603} INFO - Dependencies all met for dep_context=non-requeueable deps ti=<TaskInstance: dag1.group1.task2 scheduled__2021-02-04T00:00:00+00:00 [queued]>
[2025-05-05T10:35:58.490+0000] {taskinstance.py:2603} INFO - Dependencies all met for dep_context=requeueable deps ti=<TaskInstance: dag1.group1.task2 scheduled__2021-02-04T00:00:00+00:00 [queued]>
[2025-05-05T10:35:58.491+0000] {taskinstance.py:2856} INFO - Starting attempt 1 of 3
[2025-05-05T10:35:58.557+0000] {taskinstance.py:2879} INFO - Executing <Task(BashOperator): group1.task2> on 2021-02-04 00:00:00+00:00
[2025-05-05T10:35:58.563+0000] {standard_task_runner.py:72} INFO - Started process 12235 to run task
[2025-05-05T10:35:58.567+0000] {standard_task_runner.py:104} INFO - Running: ['airflow', 'tasks', 'run', 'dag1', 'group1.task2', 'scheduled__2021-02-04T00:00:00+00:00', '--job-id', '4063', '--raw', '--subdir', 'DAGS_FOLDER/tuts/taskgroup_basic.py', '--cfg-path', '/tmp/tmpf7b4df9q']
[2025-05-05T10:35:58.568+0000] {standard_task_runner.py:105} INFO - Job 4063: Subtask group1.task2
[2025-05-05T10:35:58.639+0000] {task_command.py:467} INFO - Running <TaskInstance: dag1.group1.task2 scheduled__2021-02-04T00:00:00+00:00 [running]> on host 2c7afa36055b
[2025-05-05T10:35:58.737+0000] {taskinstance.py:3122} INFO - Exporting env vars: AIRFLOW_CTX_DAG_OWNER='airflow' AIRFLOW_CTX_DAG_ID='dag1' AIRFLOW_CTX_TASK_ID='group1.task2' AIRFLOW_CTX_EXECUTION_DATE='2021-02-04T00:00:00+00:00' AIRFLOW_CTX_TRY_NUMBER='1' AIRFLOW_CTX_DAG_RUN_ID='scheduled__2021-02-04T00:00:00+00:00'
[2025-05-05T10:35:58.737+0000] {taskinstance.py:731} INFO - ::endgroup::
[2025-05-05T10:35:58.739+0000] {subprocess.py:63} INFO - Tmp dir root location: /tmp
[2025-05-05T10:35:58.740+0000] {subprocess.py:75} INFO - Running command: ['/usr/bin/bash', '-c', 'echo Hello World!']
[2025-05-05T10:35:58.746+0000] {subprocess.py:86} INFO - Output:
[2025-05-05T10:35:58.747+0000] {subprocess.py:93} INFO - Hello World!
[2025-05-05T10:35:58.747+0000] {subprocess.py:97} INFO - Command exited with return code 0
[2025-05-05T10:35:58.770+0000] {taskinstance.py:340} INFO - ::group::Post task execution logs
[2025-05-05T10:35:58.770+0000] {taskinstance.py:352} INFO - Marking task as SUCCESS. dag_id=dag1, task_id=group1.task2, run_id=scheduled__2021-02-04T00:00:00+00:00, execution_date=20210204T000000, start_date=20250505T103558, end_date=20250505T103558
[2025-05-05T10:35:58.821+0000] {local_task_job_runner.py:261} INFO - Task exited with return code 0
[2025-05-05T10:35:58.836+0000] {taskinstance.py:3891} INFO - 0 downstream tasks scheduled from follow-on schedule check
[2025-05-05T10:35:58.838+0000] {local_task_job_runner.py:240} INFO - ::endgroup::
