[2025-05-20T10:54:09.565+0000] {local_task_job_runner.py:123} INFO - ::group::Pre task execution logs
[2025-05-20T10:54:09.574+0000] {taskinstance.py:2603} INFO - Dependencies all met for dep_context=non-requeueable deps ti=<TaskInstance: x_videos_scraper_dag.x_videos_scraper_task manual__2025-05-20T10:54:08.822493+00:00 [queued]>
[2025-05-20T10:54:09.578+0000] {taskinstance.py:2603} INFO - Dependencies all met for dep_context=requeueable deps ti=<TaskInstance: x_videos_scraper_dag.x_videos_scraper_task manual__2025-05-20T10:54:08.822493+00:00 [queued]>
[2025-05-20T10:54:09.578+0000] {taskinstance.py:2856} INFO - Starting attempt 1 of 1
[2025-05-20T10:54:09.585+0000] {taskinstance.py:2879} INFO - Executing <Task(PythonOperator): x_videos_scraper_task> on 2025-05-20 10:54:08.822493+00:00
[2025-05-20T10:54:09.587+0000] {standard_task_runner.py:72} INFO - Started process 40948 to run task
[2025-05-20T10:54:09.590+0000] {standard_task_runner.py:104} INFO - Running: ['airflow', 'tasks', 'run', 'x_videos_scraper_dag', 'x_videos_scraper_task', 'manual__2025-05-20T10:54:08.822493+00:00', '--job-id', '6307', '--raw', '--subdir', 'DAGS_FOLDER/pipeline_x.py', '--cfg-path', '/tmp/tmpoo2tjjdg']
[2025-05-20T10:54:09.591+0000] {standard_task_runner.py:105} INFO - Job 6307: Subtask x_videos_scraper_task
[2025-05-20T10:54:09.623+0000] {task_command.py:467} INFO - Running <TaskInstance: x_videos_scraper_dag.x_videos_scraper_task manual__2025-05-20T10:54:08.822493+00:00 [running]> on host 05534d39966d
[2025-05-20T10:54:09.675+0000] {taskinstance.py:3122} INFO - Exporting env vars: AIRFLOW_CTX_DAG_OWNER='airflow' AIRFLOW_CTX_DAG_ID='x_videos_scraper_dag' AIRFLOW_CTX_TASK_ID='x_videos_scraper_task' AIRFLOW_CTX_EXECUTION_DATE='2025-05-20T10:54:08.822493+00:00' AIRFLOW_CTX_TRY_NUMBER='1' AIRFLOW_CTX_DAG_RUN_ID='manual__2025-05-20T10:54:08.822493+00:00'
[2025-05-20T10:54:09.676+0000] {taskinstance.py:731} INFO - ::endgroup::
[2025-05-20T10:54:17.442+0000] {logging_mixin.py:190} INFO - Scrolling down... 0
[2025-05-20T10:54:22.785+0000] {warnings.py:109} WARNING - /opt/airflow/dags/app/core/database_utils.py:30: SAWarning: SELECT statement has a cartesian product between FROM element(s) "tiktok" and FROM element "x".  Apply join condition(s) between each element to resolve.
  return db.query(X).filter(Tiktok.status == TaskStatus.SUCCESS.value).all()

[2025-05-20T10:54:22.798+0000] {logging_mixin.py:190} INFO - Remaining new videos: 0
[2025-05-20T10:54:22.798+0000] {logging_mixin.py:190} INFO - New videos: 0
[2025-05-20T10:54:22.798+0000] {logging_mixin.py:190} INFO - Downloaded 0 new videos.
[2025-05-20T10:54:22.886+0000] {python.py:240} INFO - Done. Returned value was: []
[2025-05-20T10:54:22.902+0000] {taskinstance.py:340} INFO - ::group::Post task execution logs
[2025-05-20T10:54:22.902+0000] {taskinstance.py:352} INFO - Marking task as SUCCESS. dag_id=x_videos_scraper_dag, task_id=x_videos_scraper_task, run_id=manual__2025-05-20T10:54:08.822493+00:00, execution_date=20250520T105408, start_date=20250520T105409, end_date=20250520T105422
[2025-05-20T10:54:22.923+0000] {local_task_job_runner.py:261} INFO - Task exited with return code 0
[2025-05-20T10:54:22.938+0000] {taskinstance.py:3891} INFO - 1 downstream tasks scheduled from follow-on schedule check
[2025-05-20T10:54:22.939+0000] {local_task_job_runner.py:240} INFO - ::endgroup::
