[2025-04-29T02:48:37.454+0000] {local_task_job_runner.py:123} INFO - ::group::Pre task execution logs
[2025-04-29T02:48:37.465+0000] {taskinstance.py:2603} INFO - Dependencies all met for dep_context=non-requeueable deps ti=<TaskInstance: demo.hello scheduled__2022-04-08T00:00:00+00:00 [queued]>
[2025-04-29T02:48:37.470+0000] {taskinstance.py:2603} INFO - Dependencies all met for dep_context=requeueable deps ti=<TaskInstance: demo.hello scheduled__2022-04-08T00:00:00+00:00 [queued]>
[2025-04-29T02:48:37.470+0000] {taskinstance.py:2856} INFO - Starting attempt 1 of 1
[2025-04-29T02:48:37.478+0000] {taskinstance.py:2879} INFO - Executing <Task(BashOperator): hello> on 2022-04-08 00:00:00+00:00
[2025-04-29T02:48:37.481+0000] {standard_task_runner.py:72} INFO - Started process 828 to run task
[2025-04-29T02:48:37.484+0000] {standard_task_runner.py:104} INFO - Running: ['airflow', 'tasks', 'run', 'demo', 'hello', 'scheduled__2022-04-08T00:00:00+00:00', '--job-id', '208', '--raw', '--subdir', 'DAGS_FOLDER/simple-dag.py', '--cfg-path', '/tmp/tmppgrxw8qp']
[2025-04-29T02:48:37.484+0000] {standard_task_runner.py:105} INFO - Job 208: Subtask hello
[2025-04-29T02:48:37.523+0000] {task_command.py:467} INFO - Running <TaskInstance: demo.hello scheduled__2022-04-08T00:00:00+00:00 [running]> on host 2c7afa36055b
[2025-04-29T02:48:37.580+0000] {taskinstance.py:3122} INFO - Exporting env vars: AIRFLOW_CTX_DAG_OWNER='airflow' AIRFLOW_CTX_DAG_ID='demo' AIRFLOW_CTX_TASK_ID='hello' AIRFLOW_CTX_EXECUTION_DATE='2022-04-08T00:00:00+00:00' AIRFLOW_CTX_TRY_NUMBER='1' AIRFLOW_CTX_DAG_RUN_ID='scheduled__2022-04-08T00:00:00+00:00'
[2025-04-29T02:48:37.580+0000] {taskinstance.py:731} INFO - ::endgroup::
[2025-04-29T02:48:37.582+0000] {subprocess.py:63} INFO - Tmp dir root location: /tmp
[2025-04-29T02:48:37.583+0000] {subprocess.py:75} INFO - Running command: ['/usr/bin/bash', '-c', 'echo hello']
[2025-04-29T02:48:37.589+0000] {subprocess.py:86} INFO - Output:
[2025-04-29T02:48:37.590+0000] {subprocess.py:93} INFO - hello
[2025-04-29T02:48:37.591+0000] {subprocess.py:97} INFO - Command exited with return code 0
[2025-04-29T02:48:37.612+0000] {taskinstance.py:340} INFO - ::group::Post task execution logs
[2025-04-29T02:48:37.612+0000] {taskinstance.py:352} INFO - Marking task as SUCCESS. dag_id=demo, task_id=hello, run_id=scheduled__2022-04-08T00:00:00+00:00, execution_date=20220408T000000, start_date=20250429T024837, end_date=20250429T024837
[2025-04-29T02:48:37.658+0000] {local_task_job_runner.py:261} INFO - Task exited with return code 0
[2025-04-29T02:48:37.666+0000] {local_task_job_runner.py:240} INFO - ::endgroup::
