[2025-05-12T02:28:10.793+0000] {local_task_job_runner.py:123} INFO - ::group::Pre task execution logs
[2025-05-12T02:28:10.805+0000] {taskinstance.py:2603} INFO - Dependencies all met for dep_context=non-requeueable deps ti=<TaskInstance: facebook_videos_scraper_dag.fb_videos_scraper manual__2025-05-12T02:28:09.354203+00:00 [queued]>
[2025-05-12T02:28:10.810+0000] {taskinstance.py:2603} INFO - Dependencies all met for dep_context=requeueable deps ti=<TaskInstance: facebook_videos_scraper_dag.fb_videos_scraper manual__2025-05-12T02:28:09.354203+00:00 [queued]>
[2025-05-12T02:28:10.811+0000] {taskinstance.py:2856} INFO - Starting attempt 1 of 1
[2025-05-12T02:28:10.819+0000] {taskinstance.py:2879} INFO - Executing <Task(_PythonDecoratedOperator): fb_videos_scraper> on 2025-05-12 02:28:09.354203+00:00
[2025-05-12T02:28:10.822+0000] {standard_task_runner.py:72} INFO - Started process 225 to run task
[2025-05-12T02:28:10.825+0000] {standard_task_runner.py:104} INFO - Running: ['airflow', 'tasks', 'run', 'facebook_videos_scraper_dag', 'fb_videos_scraper', 'manual__2025-05-12T02:28:09.354203+00:00', '--job-id', '5196', '--raw', '--subdir', 'DAGS_FOLDER/pipeline.py', '--cfg-path', '/tmp/tmpzd9pf99o']
[2025-05-12T02:28:10.826+0000] {standard_task_runner.py:105} INFO - Job 5196: Subtask fb_videos_scraper
[2025-05-12T02:28:10.863+0000] {task_command.py:467} INFO - Running <TaskInstance: facebook_videos_scraper_dag.fb_videos_scraper manual__2025-05-12T02:28:09.354203+00:00 [running]> on host 14fa56807961
[2025-05-12T02:28:10.926+0000] {taskinstance.py:3122} INFO - Exporting env vars: AIRFLOW_CTX_DAG_OWNER='airflow' AIRFLOW_CTX_DAG_ID='facebook_videos_scraper_dag' AIRFLOW_CTX_TASK_ID='fb_videos_scraper' AIRFLOW_CTX_EXECUTION_DATE='2025-05-12T02:28:09.354203+00:00' AIRFLOW_CTX_TRY_NUMBER='1' AIRFLOW_CTX_DAG_RUN_ID='manual__2025-05-12T02:28:09.354203+00:00'
[2025-05-12T02:28:10.928+0000] {taskinstance.py:731} INFO - ::endgroup::
[2025-05-12T02:28:12.045+0000] {selenium_manager.py:133} WARNING - The chromedriver version (136.0.7103.59) detected in PATH at /usr/bin/chromedriver might not be compatible with the detected chrome version (136.0.7103.92); currently, chromedriver 136.0.7103.92 is recommended for chrome 136.*, so it is advised to delete the driver in PATH and retry
[2025-05-12T02:37:27.864+0000] {logging_mixin.py:190} INFO - Step 1 of 3 - Load cookies
[2025-05-12T02:37:40.750+0000] {logging_mixin.py:190} INFO - An Error occurred while loading cookies Message: tab crashed
  (Session info: chrome=136.0.7103.92)
Stacktrace:
#0 0x55f6aed90a8e <unknown>
#1 0x55f6ae84d7f6 <unknown>
#2 0x55f6ae83a61f <unknown>
#3 0x55f6ae839a3d <unknown>
#4 0x55f6ae83917b <unknown>
#5 0x55f6ae8390bc <unknown>
#6 0x55f6ae837608 <unknown>
#7 0x55f6ae837ab9 <unknown>
#8 0x55f6ae845160 <unknown>
#9 0x55f6ae85b4ff <unknown>
#10 0x55f6ae860a4b <unknown>
#11 0x55f6ae83802d <unknown>
#12 0x55f6ae85af5d <unknown>
#13 0x55f6ae8e302c <unknown>
#14 0x55f6ae8c19b3 <unknown>
#15 0x55f6ae88bc59 <unknown>
#16 0x55f6ae88ca08 <unknown>
#17 0x55f6aed5d40a <unknown>
#18 0x55f6aed6085e <unknown>
#19 0x55f6aed60308 <unknown>
#20 0x55f6aed60ce5 <unknown>
#21 0x55f6aed46b7b <unknown>
#22 0x55f6aed61050 <unknown>
#23 0x55f6aed2fae9 <unknown>
#24 0x55f6aed7fdf5 <unknown>
#25 0x55f6aed7ffdb <unknown>
#26 0x55f6aed8fc05 <unknown>
#27 0x7fd5a8b3e134 <unknown>
[2025-05-12T02:37:40.755+0000] {logging_mixin.py:190} INFO - An error occurred Message: tab crashed
  (Session info: chrome=136.0.7103.92)
Stacktrace:
#0 0x55f6aed90a8e <unknown>
#1 0x55f6ae84d7f6 <unknown>
#2 0x55f6ae839073 <unknown>
#3 0x55f6ae837608 <unknown>
#4 0x55f6ae837ab9 <unknown>
#5 0x55f6ae845160 <unknown>
#6 0x55f6ae85b4ff <unknown>
#7 0x55f6ae860a4b <unknown>
#8 0x55f6ae83802d <unknown>
#9 0x55f6ae85af5d <unknown>
#10 0x55f6ae8e2cf7 <unknown>
#11 0x55f6ae8c19b3 <unknown>
#12 0x55f6ae88bc59 <unknown>
#13 0x55f6ae88ca08 <unknown>
#14 0x55f6aed5d40a <unknown>
#15 0x55f6aed6085e <unknown>
#16 0x55f6aed60308 <unknown>
#17 0x55f6aed60ce5 <unknown>
#18 0x55f6aed46b7b <unknown>
#19 0x55f6aed61050 <unknown>
#20 0x55f6aed2fae9 <unknown>
#21 0x55f6aed7fdf5 <unknown>
#22 0x55f6aed7ffdb <unknown>
#23 0x55f6aed8fc05 <unknown>
#24 0x7fd5a8b3e134 <unknown>
[2025-05-12T02:37:40.929+0000] {python.py:240} INFO - Done. Returned value was: None
[2025-05-12T02:37:40.943+0000] {taskinstance.py:340} INFO - ::group::Post task execution logs
[2025-05-12T02:37:40.943+0000] {taskinstance.py:352} INFO - Marking task as SUCCESS. dag_id=facebook_videos_scraper_dag, task_id=fb_videos_scraper, run_id=manual__2025-05-12T02:28:09.354203+00:00, execution_date=20250512T022809, start_date=20250512T022810, end_date=20250512T023740
[2025-05-12T02:37:40.993+0000] {local_task_job_runner.py:261} INFO - Task exited with return code 0
[2025-05-12T02:37:41.008+0000] {taskinstance.py:3891} INFO - 0 downstream tasks scheduled from follow-on schedule check
[2025-05-12T02:37:41.009+0000] {local_task_job_runner.py:240} INFO - ::endgroup::
