[2025-05-26T06:40:22.848+0000] {local_task_job_runner.py:123} INFO - ::group::Pre task execution logs
[2025-05-26T06:40:22.860+0000] {taskinstance.py:2603} INFO - Dependencies all met for dep_context=non-requeueable deps ti=<TaskInstance: instagram_videos_scraper_dag.batch_download_task manual__2025-05-26T06:39:16.766101+00:00 [queued]>
[2025-05-26T06:40:22.866+0000] {taskinstance.py:2603} INFO - Dependencies all met for dep_context=requeueable deps ti=<TaskInstance: instagram_videos_scraper_dag.batch_download_task manual__2025-05-26T06:39:16.766101+00:00 [queued]>
[2025-05-26T06:40:22.866+0000] {taskinstance.py:2856} INFO - Starting attempt 1 of 1
[2025-05-26T06:40:22.873+0000] {taskinstance.py:2879} INFO - Executing <Task(PythonOperator): batch_download_task> on 2025-05-26 06:39:16.766101+00:00
[2025-05-26T06:40:22.876+0000] {standard_task_runner.py:72} INFO - Started process 346 to run task
[2025-05-26T06:40:22.879+0000] {standard_task_runner.py:104} INFO - Running: ['airflow', 'tasks', 'run', 'instagram_videos_scraper_dag', 'batch_download_task', 'manual__2025-05-26T06:39:16.766101+00:00', '--job-id', '6760', '--raw', '--subdir', 'DAGS_FOLDER/pipeline_instagram.py', '--cfg-path', '/tmp/tmptoxe2xcl']
[2025-05-26T06:40:22.881+0000] {standard_task_runner.py:105} INFO - Job 6760: Subtask batch_download_task
[2025-05-26T06:40:22.916+0000] {task_command.py:467} INFO - Running <TaskInstance: instagram_videos_scraper_dag.batch_download_task manual__2025-05-26T06:39:16.766101+00:00 [running]> on host d8d4e65c75e2
[2025-05-26T06:40:22.971+0000] {taskinstance.py:3122} INFO - Exporting env vars: AIRFLOW_CTX_DAG_OWNER='airflow' AIRFLOW_CTX_DAG_ID='instagram_videos_scraper_dag' AIRFLOW_CTX_TASK_ID='batch_download_task' AIRFLOW_CTX_EXECUTION_DATE='2025-05-26T06:39:16.766101+00:00' AIRFLOW_CTX_TRY_NUMBER='1' AIRFLOW_CTX_DAG_RUN_ID='manual__2025-05-26T06:39:16.766101+00:00'
[2025-05-26T06:40:22.972+0000] {taskinstance.py:731} INFO - ::endgroup::
[2025-05-26T06:40:22.973+0000] {logging_mixin.py:190} INFO - Starting batch download...
[2025-05-26T06:40:23.131+0000] {logging_mixin.py:190} INFO - Internet connection detected. Proceeding...
[2025-05-26T06:40:23.131+0000] {logging_mixin.py:190} INFO - Downloading video from DKF0GaHgvDq...
[2025-05-26T06:40:23.258+0000] {logging_mixin.py:190} INFO - [Instagram] Extracting URL: https://www.instagram.com/manchesterunited/reel/DKF0GaHgvDq/
[2025-05-26T06:40:23.259+0000] {logging_mixin.py:190} INFO - [Instagram] DKF0GaHgvDq: Setting up session
[2025-05-26T06:40:23.572+0000] {logging_mixin.py:190} INFO - [Instagram] DKF0GaHgvDq: Downloading JSON metadata
[2025-05-26T06:40:24.333+0000] {logging_mixin.py:190} INFO - [info] DKF0GaHgvDq: Downloading 1 format(s): dash-1239465390879695ad
[2025-05-26T06:40:24.363+0000] {logging_mixin.py:190} INFO - [download] Destination: data/DKF0GaHgvDq
[2025-05-26T06:40:24.364+0000] {logging_mixin.py:190} INFO - [download]   0.5% of  218.55KiB at  427.21KiB/s ETA 00:00
[2025-05-26T06:40:24.365+0000] {logging_mixin.py:190} INFO - [download]   1.4% of  218.55KiB at  990.62KiB/s ETA 00:00
[2025-05-26T06:40:24.365+0000] {logging_mixin.py:190} INFO - [download]   3.2% of  218.55KiB at    1.91MiB/s ETA 00:00
[2025-05-26T06:40:24.366+0000] {logging_mixin.py:190} INFO - [download]   6.9% of  218.55KiB at    3.57MiB/s ETA 00:00
[2025-05-26T06:40:24.368+0000] {logging_mixin.py:190} INFO - [download]  14.2% of  218.55KiB at    4.68MiB/s ETA 00:00
[2025-05-26T06:40:24.371+0000] {logging_mixin.py:190} INFO - [download]  28.8% of  218.55KiB at    6.64MiB/s ETA 00:00
[2025-05-26T06:40:24.377+0000] {logging_mixin.py:190} INFO - [download]  58.1% of  218.55KiB at    7.98MiB/s ETA 00:00
[2025-05-26T06:40:24.386+0000] {logging_mixin.py:190} INFO - [download] 100.0% of  218.55KiB at    8.89MiB/s ETA 00:00
[2025-05-26T06:40:24.386+0000] {logging_mixin.py:190} INFO - [download] 100% of  218.55KiB in 00:00:00 at 4.40MiB/s   
[2025-05-26T06:40:24.627+0000] {logging_mixin.py:190} INFO - [FixupM4a] Correcting container of "data/DKF0GaHgvDq"
[2025-05-26T06:40:24.776+0000] {logging_mixin.py:190} INFO - [ExtractAudio] Destination: data/DKF0GaHgvDq.mp3
[2025-05-26T06:40:25.067+0000] {logging_mixin.py:190} INFO - Deleting original file data/DKF0GaHgvDq (pass -k to keep)
[2025-05-26T06:40:25.071+0000] {logging_mixin.py:190} INFO - 
Downloaded successfully: DKF0GaHgvDq
[2025-05-26T06:40:25.081+0000] {logging_mixin.py:190} INFO - Downloaded video DKF0GaHgvDq to data/DKF0GaHgvDq.mp3
[2025-05-26T06:40:25.081+0000] {logging_mixin.py:190} INFO - Downloaded 1 new videos.
[2025-05-26T06:40:25.081+0000] {python.py:240} INFO - Done. Returned value was: [{'video_id': 'DKF0GaHgvDq', 'file_path': 'data/DKF0GaHgvDq.mp3'}]
[2025-05-26T06:40:25.105+0000] {taskinstance.py:340} INFO - ::group::Post task execution logs
[2025-05-26T06:40:25.106+0000] {taskinstance.py:352} INFO - Marking task as SUCCESS. dag_id=instagram_videos_scraper_dag, task_id=batch_download_task, run_id=manual__2025-05-26T06:39:16.766101+00:00, execution_date=20250526T063916, start_date=20250526T064022, end_date=20250526T064025
[2025-05-26T06:40:25.131+0000] {local_task_job_runner.py:261} INFO - Task exited with return code 0
[2025-05-26T06:40:25.150+0000] {taskinstance.py:3891} INFO - 1 downstream tasks scheduled from follow-on schedule check
[2025-05-26T06:40:25.152+0000] {local_task_job_runner.py:240} INFO - ::endgroup::
