[2025-05-05T10:37:37.949+0000] {local_task_job_runner.py:123} INFO - ::group::Pre task execution logs
[2025-05-05T10:37:37.960+0000] {taskinstance.py:2603} INFO - Dependencies all met for dep_context=non-requeueable deps ti=<TaskInstance: dag1.group1.task2 scheduled__2021-09-25T00:00:00+00:00 [queued]>
[2025-05-05T10:37:37.965+0000] {taskinstance.py:2603} INFO - Dependencies all met for dep_context=requeueable deps ti=<TaskInstance: dag1.group1.task2 scheduled__2021-09-25T00:00:00+00:00 [queued]>
[2025-05-05T10:37:37.965+0000] {taskinstance.py:2856} INFO - Starting attempt 1 of 3
[2025-05-05T10:37:37.980+0000] {taskinstance.py:2879} INFO - Executing <Task(BashOperator): group1.task2> on 2021-09-25 00:00:00+00:00
[2025-05-05T10:37:37.982+0000] {standard_task_runner.py:72} INFO - Started process 13196 to run task
[2025-05-05T10:37:37.985+0000] {standard_task_runner.py:104} INFO - Running: ['airflow', 'tasks', 'run', 'dag1', 'group1.task2', 'scheduled__2021-09-25T00:00:00+00:00', '--job-id', '4296', '--raw', '--subdir', 'DAGS_FOLDER/tuts/taskgroup_basic.py', '--cfg-path', '/tmp/tmp8089s0cb']
[2025-05-05T10:37:37.985+0000] {standard_task_runner.py:105} INFO - Job 4296: Subtask group1.task2
[2025-05-05T10:37:38.021+0000] {task_command.py:467} INFO - Running <TaskInstance: dag1.group1.task2 scheduled__2021-09-25T00:00:00+00:00 [running]> on host 2c7afa36055b
[2025-05-05T10:37:38.083+0000] {taskinstance.py:3122} INFO - Exporting env vars: AIRFLOW_CTX_DAG_OWNER='airflow' AIRFLOW_CTX_DAG_ID='dag1' AIRFLOW_CTX_TASK_ID='group1.task2' AIRFLOW_CTX_EXECUTION_DATE='2021-09-25T00:00:00+00:00' AIRFLOW_CTX_TRY_NUMBER='1' AIRFLOW_CTX_DAG_RUN_ID='scheduled__2021-09-25T00:00:00+00:00'
[2025-05-05T10:37:38.084+0000] {taskinstance.py:731} INFO - ::endgroup::
[2025-05-05T10:37:38.085+0000] {subprocess.py:63} INFO - Tmp dir root location: /tmp
[2025-05-05T10:37:38.086+0000] {subprocess.py:75} INFO - Running command: ['/usr/bin/bash', '-c', 'echo Hello World!']
[2025-05-05T10:37:38.092+0000] {subprocess.py:86} INFO - Output:
[2025-05-05T10:37:38.093+0000] {subprocess.py:93} INFO - Hello World!
[2025-05-05T10:37:38.094+0000] {subprocess.py:97} INFO - Command exited with return code 0
[2025-05-05T10:37:38.115+0000] {taskinstance.py:340} INFO - ::group::Post task execution logs
[2025-05-05T10:37:38.115+0000] {taskinstance.py:352} INFO - Marking task as SUCCESS. dag_id=dag1, task_id=group1.task2, run_id=scheduled__2021-09-25T00:00:00+00:00, execution_date=20210925T000000, start_date=20250505T103737, end_date=20250505T103738
[2025-05-05T10:37:38.157+0000] {local_task_job_runner.py:261} INFO - Task exited with return code 0
[2025-05-05T10:37:38.165+0000] {local_task_job_runner.py:240} INFO - ::endgroup::
