[2025-05-21T08:54:59.482+0000] {local_task_job_runner.py:123} INFO - ::group::Pre task execution logs
[2025-05-21T08:54:59.496+0000] {taskinstance.py:2603} INFO - Dependencies all met for dep_context=non-requeueable deps ti=<TaskInstance: instagram_videos_scraper_dag.get_links_task manual__2025-05-21T08:54:57.672303+00:00 [queued]>
[2025-05-21T08:54:59.501+0000] {taskinstance.py:2603} INFO - Dependencies all met for dep_context=requeueable deps ti=<TaskInstance: instagram_videos_scraper_dag.get_links_task manual__2025-05-21T08:54:57.672303+00:00 [queued]>
[2025-05-21T08:54:59.502+0000] {taskinstance.py:2856} INFO - Starting attempt 1 of 1
[2025-05-21T08:54:59.512+0000] {taskinstance.py:2879} INFO - Executing <Task(PythonOperator): get_links_task> on 2025-05-21 08:54:57.672303+00:00
[2025-05-21T08:54:59.517+0000] {standard_task_runner.py:72} INFO - Started process 260990 to run task
[2025-05-21T08:54:59.521+0000] {standard_task_runner.py:104} INFO - Running: ['airflow', 'tasks', 'run', 'instagram_videos_scraper_dag', 'get_links_task', 'manual__2025-05-21T08:54:57.672303+00:00', '--job-id', '6443', '--raw', '--subdir', 'DAGS_FOLDER/pipeline_instagram.py', '--cfg-path', '/tmp/tmphikpa8s4']
[2025-05-21T08:54:59.523+0000] {standard_task_runner.py:105} INFO - Job 6443: Subtask get_links_task
[2025-05-21T08:54:59.567+0000] {task_command.py:467} INFO - Running <TaskInstance: instagram_videos_scraper_dag.get_links_task manual__2025-05-21T08:54:57.672303+00:00 [running]> on host 40367d170eab
[2025-05-21T08:54:59.633+0000] {taskinstance.py:3122} INFO - Exporting env vars: AIRFLOW_CTX_DAG_OWNER='airflow' AIRFLOW_CTX_DAG_ID='instagram_videos_scraper_dag' AIRFLOW_CTX_TASK_ID='get_links_task' AIRFLOW_CTX_EXECUTION_DATE='2025-05-21T08:54:57.672303+00:00' AIRFLOW_CTX_TRY_NUMBER='1' AIRFLOW_CTX_DAG_RUN_ID='manual__2025-05-21T08:54:57.672303+00:00'
[2025-05-21T08:54:59.635+0000] {taskinstance.py:731} INFO - ::endgroup::
[2025-05-21T08:54:59.724+0000] {selenium_manager.py:133} WARNING - The chromedriver version (136.0.7103.59) detected in PATH at /usr/bin/chromedriver might not be compatible with the detected chrome version (136.0.7103.94); currently, chromedriver 136.0.7103.94 is recommended for chrome 136.*, so it is advised to delete the driver in PATH and retry
[2025-05-21T08:55:00.834+0000] {logging_mixin.py:190} INFO - Step 1 of 2 - Loading profile page
[2025-05-21T08:55:00.835+0000] {logging_mixin.py:190} INFO - Extracting videos...
[2025-05-21T08:55:03.912+0000] {logging_mixin.py:190} INFO - Count: 1, Limit: 1
[2025-05-21T08:55:03.927+0000] {logging_mixin.py:190} INFO - Found 46 video tags
[2025-05-21T08:55:03.992+0000] {logging_mixin.py:190} INFO - Extracted video URL: https://www.instagram.com/cristiano/reel/DJ4Z-b3I6bU/
[2025-05-21T08:55:04.000+0000] {logging_mixin.py:190} INFO - Extracted video URL: https://www.instagram.com/cristiano/reel/DJzTdOUszvX/
[2025-05-21T08:55:04.007+0000] {logging_mixin.py:190} INFO - Extracted video URL: https://www.instagram.com/cristiano/reel/DJq5DRiM1QR/
[2025-05-21T08:55:04.016+0000] {logging_mixin.py:190} INFO - Extracted video URL: https://www.instagram.com/cristiano/reel/DJeVSfpqcGi/
[2025-05-21T08:55:04.022+0000] {logging_mixin.py:190} INFO - Extracted video URL: https://www.instagram.com/cristiano/reel/DJR_5qwoTLE/
[2025-05-21T08:55:04.031+0000] {logging_mixin.py:190} INFO - Extracted video URL: https://www.instagram.com/cristiano/reel/DI1RNQMA_Io/
[2025-05-21T08:55:04.038+0000] {logging_mixin.py:190} INFO - Extracted video URL: https://www.instagram.com/cristiano/reel/DIyNzBQgOdT/
[2025-05-21T08:55:04.045+0000] {logging_mixin.py:190} INFO - Extracted video URL: https://www.instagram.com/cristiano/reel/DIiVt4AofIt/
[2025-05-21T08:55:04.053+0000] {logging_mixin.py:190} INFO - Extracted video URL: https://www.instagram.com/cristiano/reel/DIgNLfngS2P/
[2025-05-21T08:55:04.060+0000] {logging_mixin.py:190} INFO - Extracted video URL: https://www.instagram.com/cristiano/reel/DIbVqBYTfso/
[2025-05-21T08:55:04.076+0000] {logging_mixin.py:190} INFO - Extracted video URL: https://www.instagram.com/cristiano/reel/DIS_l8rgUFu/
[2025-05-21T08:55:04.083+0000] {logging_mixin.py:190} INFO - Extracted video URL: https://www.instagram.com/cristiano/reel/DIRZFJlIO1v/
[2025-05-21T08:55:04.371+0000] {logging_mixin.py:190} INFO - Scrolled 1 iterations
[2025-05-21T08:55:07.386+0000] {logging_mixin.py:190} INFO - Count: 2, Limit: 1
[2025-05-21T08:55:07.386+0000] {logging_mixin.py:190} INFO - Scrolling stopped after 10 iterations
[2025-05-21T08:55:07.387+0000] {logging_mixin.py:190} INFO - Extracted 12 video URLs
[2025-05-21T08:55:07.387+0000] {logging_mixin.py:190} INFO - Step 2 of 2 - Downloading and saving videos
[2025-05-21T08:55:07.388+0000] {logging_mixin.py:190} INFO - Don't close the app! Saving scraped data to database, it can take a while!
[2025-05-21T08:55:07.399+0000] {warnings.py:109} WARNING - /opt/airflow/dags/app/core/database_utils.py:34: SAWarning: SELECT statement has a cartesian product between FROM element(s) "instagram" and FROM element "tiktok".  Apply join condition(s) between each element to resolve.
  return db.query(Instagram).filter(Tiktok.status == TaskStatus.SUCCESS.value).all()

[2025-05-21T08:55:07.435+0000] {logging_mixin.py:190} INFO - New videos to download: 0
[2025-05-21T08:55:07.705+0000] {python.py:240} INFO - Done. Returned value was: {'id': 'cristiano', 'new_links': []}
[2025-05-21T08:55:07.724+0000] {taskinstance.py:340} INFO - ::group::Post task execution logs
[2025-05-21T08:55:07.725+0000] {taskinstance.py:352} INFO - Marking task as SUCCESS. dag_id=instagram_videos_scraper_dag, task_id=get_links_task, run_id=manual__2025-05-21T08:54:57.672303+00:00, execution_date=20250521T085457, start_date=20250521T085459, end_date=20250521T085507
[2025-05-21T08:55:07.777+0000] {local_task_job_runner.py:261} INFO - Task exited with return code 0
[2025-05-21T08:55:07.793+0000] {taskinstance.py:3891} INFO - 0 downstream tasks scheduled from follow-on schedule check
[2025-05-21T08:55:07.794+0000] {local_task_job_runner.py:240} INFO - ::endgroup::
