[2025-04-29T02:50:57.941+0000] {local_task_job_runner.py:123} INFO - ::group::Pre task execution logs
[2025-04-29T02:50:57.957+0000] {taskinstance.py:2603} INFO - Dependencies all met for dep_context=non-requeueable deps ti=<TaskInstance: demo.hello scheduled__2023-01-06T00:00:00+00:00 [queued]>
[2025-04-29T02:50:57.964+0000] {taskinstance.py:2603} INFO - Dependencies all met for dep_context=requeueable deps ti=<TaskInstance: demo.hello scheduled__2023-01-06T00:00:00+00:00 [queued]>
[2025-04-29T02:50:57.965+0000] {taskinstance.py:2856} INFO - Starting attempt 1 of 1
[2025-04-29T02:50:57.975+0000] {taskinstance.py:2879} INFO - Executing <Task(BashOperator): hello> on 2023-01-06 00:00:00+00:00
[2025-04-29T02:50:57.978+0000] {standard_task_runner.py:72} INFO - Started process 2766 to run task
[2025-04-29T02:50:57.984+0000] {standard_task_runner.py:104} INFO - Running: ['airflow', 'tasks', 'run', 'demo', 'hello', 'scheduled__2023-01-06T00:00:00+00:00', '--job-id', '751', '--raw', '--subdir', 'DAGS_FOLDER/simple-dag.py', '--cfg-path', '/tmp/tmpmjg7s5b7']
[2025-04-29T02:50:57.985+0000] {standard_task_runner.py:105} INFO - Job 751: Subtask hello
[2025-04-29T02:50:58.032+0000] {task_command.py:467} INFO - Running <TaskInstance: demo.hello scheduled__2023-01-06T00:00:00+00:00 [running]> on host 2c7afa36055b
[2025-04-29T02:50:58.096+0000] {taskinstance.py:3122} INFO - Exporting env vars: AIRFLOW_CTX_DAG_OWNER='airflow' AIRFLOW_CTX_DAG_ID='demo' AIRFLOW_CTX_TASK_ID='hello' AIRFLOW_CTX_EXECUTION_DATE='2023-01-06T00:00:00+00:00' AIRFLOW_CTX_TRY_NUMBER='1' AIRFLOW_CTX_DAG_RUN_ID='scheduled__2023-01-06T00:00:00+00:00'
[2025-04-29T02:50:58.097+0000] {taskinstance.py:731} INFO - ::endgroup::
[2025-04-29T02:50:58.100+0000] {subprocess.py:63} INFO - Tmp dir root location: /tmp
[2025-04-29T02:50:58.101+0000] {subprocess.py:75} INFO - Running command: ['/usr/bin/bash', '-c', 'echo hello']
[2025-04-29T02:50:58.107+0000] {subprocess.py:86} INFO - Output:
[2025-04-29T02:50:58.108+0000] {subprocess.py:93} INFO - hello
[2025-04-29T02:50:58.109+0000] {subprocess.py:97} INFO - Command exited with return code 0
[2025-04-29T02:50:58.134+0000] {taskinstance.py:340} INFO - ::group::Post task execution logs
[2025-04-29T02:50:58.134+0000] {taskinstance.py:352} INFO - Marking task as SUCCESS. dag_id=demo, task_id=hello, run_id=scheduled__2023-01-06T00:00:00+00:00, execution_date=20230106T000000, start_date=20250429T025057, end_date=20250429T025058
[2025-04-29T02:50:58.157+0000] {local_task_job_runner.py:261} INFO - Task exited with return code 0
[2025-04-29T02:50:58.180+0000] {taskinstance.py:3891} INFO - 1 downstream tasks scheduled from follow-on schedule check
[2025-04-29T02:50:58.183+0000] {local_task_job_runner.py:240} INFO - ::endgroup::
