[2025-05-09T02:38:13.386+0000] {local_task_job_runner.py:123} INFO - ::group::Pre task execution logs
[2025-05-09T02:38:13.396+0000] {taskinstance.py:2603} INFO - Dependencies all met for dep_context=non-requeueable deps ti=<TaskInstance: x_videos_scraper_dag.x_videos_scraper manual__2025-05-09T02:38:12.395186+00:00 [queued]>
[2025-05-09T02:38:13.401+0000] {taskinstance.py:2603} INFO - Dependencies all met for dep_context=requeueable deps ti=<TaskInstance: x_videos_scraper_dag.x_videos_scraper manual__2025-05-09T02:38:12.395186+00:00 [queued]>
[2025-05-09T02:38:13.401+0000] {taskinstance.py:2856} INFO - Starting attempt 1 of 1
[2025-05-09T02:38:13.411+0000] {taskinstance.py:2879} INFO - Executing <Task(_PythonDecoratedOperator): x_videos_scraper> on 2025-05-09 02:38:12.395186+00:00
[2025-05-09T02:38:13.414+0000] {standard_task_runner.py:72} INFO - Started process 139 to run task
[2025-05-09T02:38:13.418+0000] {standard_task_runner.py:104} INFO - Running: ['airflow', 'tasks', 'run', 'x_videos_scraper_dag', 'x_videos_scraper', 'manual__2025-05-09T02:38:12.395186+00:00', '--job-id', '5165', '--raw', '--subdir', 'DAGS_FOLDER/pipeline.py', '--cfg-path', '/tmp/tmpa0cbz2ru']
[2025-05-09T02:38:13.421+0000] {standard_task_runner.py:105} INFO - Job 5165: Subtask x_videos_scraper
[2025-05-09T02:38:13.463+0000] {task_command.py:467} INFO - Running <TaskInstance: x_videos_scraper_dag.x_videos_scraper manual__2025-05-09T02:38:12.395186+00:00 [running]> on host dad0a4962726
[2025-05-09T02:38:13.531+0000] {taskinstance.py:3122} INFO - Exporting env vars: AIRFLOW_CTX_DAG_OWNER='airflow' AIRFLOW_CTX_DAG_ID='x_videos_scraper_dag' AIRFLOW_CTX_TASK_ID='x_videos_scraper' AIRFLOW_CTX_EXECUTION_DATE='2025-05-09T02:38:12.395186+00:00' AIRFLOW_CTX_TRY_NUMBER='1' AIRFLOW_CTX_DAG_RUN_ID='manual__2025-05-09T02:38:12.395186+00:00'
[2025-05-09T02:38:13.532+0000] {taskinstance.py:731} INFO - ::endgroup::
[2025-05-09T02:38:22.027+0000] {logging_mixin.py:190} INFO - Scrolling down... 0
[2025-05-09T02:38:27.176+0000] {logging_mixin.py:190} INFO - https://x.com/elonmusk/status/1916999224664953190/video/1
[2025-05-09T02:38:27.191+0000] {logging_mixin.py:190} INFO - https://x.com/elonmusk/status/1916035259990479114/video/1
[2025-05-09T02:38:27.222+0000] {logging_mixin.py:190} INFO - https://x.com/elonmusk/status/1912349851133558960/video/1
[2025-05-09T02:38:27.250+0000] {logging_mixin.py:190} INFO - https://x.com/elonmusk/status/1907317741763084507/video/1
[2025-05-09T02:38:27.330+0000] {logging_mixin.py:190} INFO - Scrolling down... 1
[2025-05-09T02:38:32.701+0000] {taskinstance.py:3301} ERROR - Task failed with exception
Traceback (most recent call last):
  File "/home/airflow/.local/lib/python3.10/site-packages/airflow/models/taskinstance.py", line 767, in _execute_task
    result = _execute_callable(context=context, **execute_callable_kwargs)
  File "/home/airflow/.local/lib/python3.10/site-packages/airflow/models/taskinstance.py", line 733, in _execute_callable
    return ExecutionCallableRunner(
  File "/home/airflow/.local/lib/python3.10/site-packages/airflow/utils/operator_helpers.py", line 252, in run
    return self.func(*args, **kwargs)
  File "/home/airflow/.local/lib/python3.10/site-packages/airflow/models/baseoperator.py", line 406, in wrapper
    return func(self, *args, **kwargs)
  File "/home/airflow/.local/lib/python3.10/site-packages/airflow/decorators/base.py", line 266, in execute
    return_value = super().execute(context)
  File "/home/airflow/.local/lib/python3.10/site-packages/airflow/models/baseoperator.py", line 406, in wrapper
    return func(self, *args, **kwargs)
  File "/home/airflow/.local/lib/python3.10/site-packages/airflow/operators/python.py", line 238, in execute
    return_value = self.execute_callable()
  File "/home/airflow/.local/lib/python3.10/site-packages/airflow/operators/python.py", line 256, in execute_callable
    return runner.run(*self.op_args, **self.op_kwargs)
  File "/home/airflow/.local/lib/python3.10/site-packages/airflow/utils/operator_helpers.py", line 252, in run
    return self.func(*args, **kwargs)
  File "/opt/airflow/dags/tasks/x_videos_scraper.py", line 73, in x_videos_scraper
    downloaded = load_file(Config.downloaded_videos_file)
AttributeError: type object 'Config' has no attribute 'downloaded_videos_file'
[2025-05-09T02:38:32.709+0000] {taskinstance.py:1225} INFO - Marking task as FAILED. dag_id=x_videos_scraper_dag, task_id=x_videos_scraper, run_id=manual__2025-05-09T02:38:12.395186+00:00, execution_date=20250509T023812, start_date=20250509T023813, end_date=20250509T023832
[2025-05-09T02:38:32.722+0000] {taskinstance.py:340} INFO - ::group::Post task execution logs
[2025-05-09T02:38:32.723+0000] {standard_task_runner.py:124} ERROR - Failed to execute job 5165 for task x_videos_scraper (type object 'Config' has no attribute 'downloaded_videos_file'; 139)
Traceback (most recent call last):
  File "/home/airflow/.local/lib/python3.10/site-packages/airflow/task/task_runner/standard_task_runner.py", line 117, in _start_by_fork
    ret = args.func(args, dag=self.dag)
  File "/home/airflow/.local/lib/python3.10/site-packages/airflow/cli/cli_config.py", line 49, in command
    return func(*args, **kwargs)
  File "/home/airflow/.local/lib/python3.10/site-packages/airflow/utils/cli.py", line 115, in wrapper
    return f(*args, **kwargs)
  File "/home/airflow/.local/lib/python3.10/site-packages/airflow/cli/commands/task_command.py", line 483, in task_run
    task_return_code = _run_task_by_selected_method(args, _dag, ti)
  File "/home/airflow/.local/lib/python3.10/site-packages/airflow/cli/commands/task_command.py", line 256, in _run_task_by_selected_method
    return _run_raw_task(args, ti)
  File "/home/airflow/.local/lib/python3.10/site-packages/airflow/cli/commands/task_command.py", line 341, in _run_raw_task
    return ti._run_raw_task(
  File "/home/airflow/.local/lib/python3.10/site-packages/airflow/utils/session.py", line 97, in wrapper
    return func(*args, session=session, **kwargs)
  File "/home/airflow/.local/lib/python3.10/site-packages/airflow/models/taskinstance.py", line 2995, in _run_raw_task
    return _run_raw_task(
  File "/home/airflow/.local/lib/python3.10/site-packages/airflow/models/taskinstance.py", line 273, in _run_raw_task
    TaskInstance._execute_task_with_callbacks(
  File "/home/airflow/.local/lib/python3.10/site-packages/airflow/models/taskinstance.py", line 3149, in _execute_task_with_callbacks
    result = self._execute_task(context, task_orig)
  File "/home/airflow/.local/lib/python3.10/site-packages/airflow/models/taskinstance.py", line 3173, in _execute_task
    return _execute_task(self, context, task_orig)
  File "/home/airflow/.local/lib/python3.10/site-packages/airflow/models/taskinstance.py", line 767, in _execute_task
    result = _execute_callable(context=context, **execute_callable_kwargs)
  File "/home/airflow/.local/lib/python3.10/site-packages/airflow/models/taskinstance.py", line 733, in _execute_callable
    return ExecutionCallableRunner(
  File "/home/airflow/.local/lib/python3.10/site-packages/airflow/utils/operator_helpers.py", line 252, in run
    return self.func(*args, **kwargs)
  File "/home/airflow/.local/lib/python3.10/site-packages/airflow/models/baseoperator.py", line 406, in wrapper
    return func(self, *args, **kwargs)
  File "/home/airflow/.local/lib/python3.10/site-packages/airflow/decorators/base.py", line 266, in execute
    return_value = super().execute(context)
  File "/home/airflow/.local/lib/python3.10/site-packages/airflow/models/baseoperator.py", line 406, in wrapper
    return func(self, *args, **kwargs)
  File "/home/airflow/.local/lib/python3.10/site-packages/airflow/operators/python.py", line 238, in execute
    return_value = self.execute_callable()
  File "/home/airflow/.local/lib/python3.10/site-packages/airflow/operators/python.py", line 256, in execute_callable
    return runner.run(*self.op_args, **self.op_kwargs)
  File "/home/airflow/.local/lib/python3.10/site-packages/airflow/utils/operator_helpers.py", line 252, in run
    return self.func(*args, **kwargs)
  File "/opt/airflow/dags/tasks/x_videos_scraper.py", line 73, in x_videos_scraper
    downloaded = load_file(Config.downloaded_videos_file)
AttributeError: type object 'Config' has no attribute 'downloaded_videos_file'
[2025-05-09T02:38:32.741+0000] {local_task_job_runner.py:261} INFO - Task exited with return code 1
[2025-05-09T02:38:32.754+0000] {taskinstance.py:3891} INFO - 0 downstream tasks scheduled from follow-on schedule check
[2025-05-09T02:38:32.755+0000] {local_task_job_runner.py:240} INFO - ::endgroup::
