[2025-05-26T09:03:18.502+0000] {local_task_job_runner.py:123} INFO - ::group::Pre task execution logs
[2025-05-26T09:03:18.512+0000] {taskinstance.py:2603} INFO - Dependencies all met for dep_context=non-requeueable deps ti=<TaskInstance: tiktok_videos_scraper_dag.get_links_task manual__2025-05-26T09:03:17.333505+00:00 [queued]>
[2025-05-26T09:03:18.517+0000] {taskinstance.py:2603} INFO - Dependencies all met for dep_context=requeueable deps ti=<TaskInstance: tiktok_videos_scraper_dag.get_links_task manual__2025-05-26T09:03:17.333505+00:00 [queued]>
[2025-05-26T09:03:18.517+0000] {taskinstance.py:2856} INFO - Starting attempt 1 of 6
[2025-05-26T09:03:18.525+0000] {taskinstance.py:2879} INFO - Executing <Task(PythonOperator): get_links_task> on 2025-05-26 09:03:17.333505+00:00
[2025-05-26T09:03:18.528+0000] {standard_task_runner.py:72} INFO - Started process 1476525 to run task
[2025-05-26T09:03:18.530+0000] {standard_task_runner.py:104} INFO - Running: ['airflow', 'tasks', 'run', 'tiktok_videos_scraper_dag', 'get_links_task', 'manual__2025-05-26T09:03:17.333505+00:00', '--job-id', '6811', '--raw', '--subdir', 'DAGS_FOLDER/pipeline_tiktok.py', '--cfg-path', '/tmp/tmphearnhwo']
[2025-05-26T09:03:18.532+0000] {standard_task_runner.py:105} INFO - Job 6811: Subtask get_links_task
[2025-05-26T09:03:18.566+0000] {task_command.py:467} INFO - Running <TaskInstance: tiktok_videos_scraper_dag.get_links_task manual__2025-05-26T09:03:17.333505+00:00 [running]> on host f541e6bad3a5
[2025-05-26T09:03:18.619+0000] {taskinstance.py:3122} INFO - Exporting env vars: AIRFLOW_CTX_DAG_OWNER='airflow' AIRFLOW_CTX_DAG_ID='tiktok_videos_scraper_dag' AIRFLOW_CTX_TASK_ID='get_links_task' AIRFLOW_CTX_EXECUTION_DATE='2025-05-26T09:03:17.333505+00:00' AIRFLOW_CTX_TRY_NUMBER='1' AIRFLOW_CTX_DAG_RUN_ID='manual__2025-05-26T09:03:17.333505+00:00'
[2025-05-26T09:03:18.620+0000] {taskinstance.py:731} INFO - ::endgroup::
[2025-05-26T09:03:53.055+0000] {logging_mixin.py:190} WARNING - 2025-05-26 09:03:53,054 - TikTokApi.tiktok - ERROR - Failed to create session: Timeout 30000ms exceeded.
[2025-05-26T09:03:53.054+0000] {tiktok.py:222} ERROR - Failed to create session: Timeout 30000ms exceeded.
[2025-05-26T09:03:53.095+0000] {logging_mixin.py:190} INFO - Error in TikTok API: Timeout 30000ms exceeded.
[2025-05-26T09:03:53.160+0000] {python.py:240} INFO - Done. Returned value was: []
[2025-05-26T09:03:53.180+0000] {taskinstance.py:340} INFO - ::group::Post task execution logs
[2025-05-26T09:03:53.180+0000] {taskinstance.py:352} INFO - Marking task as SUCCESS. dag_id=tiktok_videos_scraper_dag, task_id=get_links_task, run_id=manual__2025-05-26T09:03:17.333505+00:00, execution_date=20250526T090317, start_date=20250526T090318, end_date=20250526T090353
[2025-05-26T09:03:53.180+0000] {taskinstance.py:1554} INFO - Executing <lambda> callback
[2025-05-26T09:03:53.180+0000] {pipeline_tiktok.py:34} INFO - DAG runs successfully
[2025-05-26T09:03:53.227+0000] {local_task_job_runner.py:261} INFO - Task exited with return code 0
[2025-05-26T09:03:53.246+0000] {taskinstance.py:3891} INFO - 1 downstream tasks scheduled from follow-on schedule check
[2025-05-26T09:03:53.248+0000] {local_task_job_runner.py:240} INFO - ::endgroup::
