[2025-05-15T03:48:57.254+0000] {local_task_job_runner.py:123} INFO - ::group::Pre task execution logs
[2025-05-15T03:48:57.278+0000] {taskinstance.py:2603} INFO - Dependencies all met for dep_context=non-requeueable deps ti=<TaskInstance: tiktok_videos_scraper_dag.tiktok_videos_scraper_task manual__2025-05-15T03:46:08.371930 [queued]>
[2025-05-15T03:48:57.288+0000] {taskinstance.py:2603} INFO - Dependencies all met for dep_context=requeueable deps ti=<TaskInstance: tiktok_videos_scraper_dag.tiktok_videos_scraper_task manual__2025-05-15T03:46:08.371930 [queued]>
[2025-05-15T03:48:57.288+0000] {taskinstance.py:2856} INFO - Starting attempt 1 of 1
[2025-05-15T03:48:57.303+0000] {taskinstance.py:2879} INFO - Executing <Task(PythonOperator): tiktok_videos_scraper_task> on 2025-05-15 03:46:08.371938+00:00
[2025-05-15T03:48:57.307+0000] {standard_task_runner.py:72} INFO - Started process 26735 to run task
[2025-05-15T03:48:57.314+0000] {standard_task_runner.py:104} INFO - Running: ['airflow', 'tasks', 'run', 'tiktok_videos_scraper_dag', 'tiktok_videos_scraper_task', 'manual__2025-05-15T03:46:08.371930', '--job-id', '5811', '--raw', '--subdir', 'DAGS_FOLDER/pipeline_tiktok.py', '--cfg-path', '/tmp/tmpkjxn7g_g']
[2025-05-15T03:48:57.317+0000] {standard_task_runner.py:105} INFO - Job 5811: Subtask tiktok_videos_scraper_task
[2025-05-15T03:48:57.391+0000] {task_command.py:467} INFO - Running <TaskInstance: tiktok_videos_scraper_dag.tiktok_videos_scraper_task manual__2025-05-15T03:46:08.371930 [running]> on host 255dbbe6d096
[2025-05-15T03:48:57.522+0000] {taskinstance.py:3122} INFO - Exporting env vars: AIRFLOW_CTX_DAG_OWNER='airflow' AIRFLOW_CTX_DAG_ID='tiktok_videos_scraper_dag' AIRFLOW_CTX_TASK_ID='tiktok_videos_scraper_task' AIRFLOW_CTX_EXECUTION_DATE='2025-05-15T03:46:08.371938+00:00' AIRFLOW_CTX_TRY_NUMBER='1' AIRFLOW_CTX_DAG_RUN_ID='manual__2025-05-15T03:46:08.371930'
[2025-05-15T03:48:57.523+0000] {taskinstance.py:731} INFO - ::endgroup::
[2025-05-15T03:50:18.115+0000] {job.py:229} INFO - Heartbeat recovered after 75.00 seconds
[2025-05-15T03:50:18.468+0000] {logging_mixin.py:190} WARNING - 2025-05-15 03:50:18,468 - TikTokApi.tiktok - ERROR - Failed to create session: Page.goto: Timeout 30000ms exceeded.
Call log:
  - navigating to "https://www.tiktok.com/", waiting until "load"
[2025-05-15T03:50:18.468+0000] {tiktok.py:222} ERROR - Failed to create session: Page.goto: Timeout 30000ms exceeded.
Call log:
  - navigating to "https://www.tiktok.com/", waiting until "load"

[2025-05-15T03:50:19.476+0000] {logging_mixin.py:190} INFO - Error in TikTok API: Page.goto: Timeout 30000ms exceeded.
Call log:
  - navigating to "https://www.tiktok.com/", waiting until "load"
[2025-05-15T03:50:19.810+0000] {python.py:240} INFO - Done. Returned value was: []
[2025-05-15T03:50:19.872+0000] {taskinstance.py:340} INFO - ::group::Post task execution logs
[2025-05-15T03:50:19.873+0000] {taskinstance.py:352} INFO - Marking task as SUCCESS. dag_id=tiktok_videos_scraper_dag, task_id=tiktok_videos_scraper_task, run_id=manual__2025-05-15T03:46:08.371930, execution_date=20250515T034608, start_date=20250515T034857, end_date=20250515T035019
[2025-05-15T03:50:19.949+0000] {local_task_job_runner.py:261} INFO - Task exited with return code 0
[2025-05-15T03:50:19.991+0000] {taskinstance.py:3891} INFO - 1 downstream tasks scheduled from follow-on schedule check
[2025-05-15T03:50:19.995+0000] {local_task_job_runner.py:240} INFO - ::endgroup::
