[2025-05-05T10:27:23.228+0000] {local_task_job_runner.py:123} INFO - ::group::Pre task execution logs
[2025-05-05T10:27:23.239+0000] {taskinstance.py:2603} INFO - Dependencies all met for dep_context=non-requeueable deps ti=<TaskInstance: dag1.group1.task2 scheduled__2017-09-17T00:00:00+00:00 [queued]>
[2025-05-05T10:27:23.244+0000] {taskinstance.py:2603} INFO - Dependencies all met for dep_context=requeueable deps ti=<TaskInstance: dag1.group1.task2 scheduled__2017-09-17T00:00:00+00:00 [queued]>
[2025-05-05T10:27:23.245+0000] {taskinstance.py:2856} INFO - Starting attempt 1 of 3
[2025-05-05T10:27:23.271+0000] {taskinstance.py:2879} INFO - Executing <Task(BashOperator): group1.task2> on 2017-09-17 00:00:00+00:00
[2025-05-05T10:27:23.273+0000] {standard_task_runner.py:72} INFO - Started process 7179 to run task
[2025-05-05T10:27:23.278+0000] {standard_task_runner.py:104} INFO - Running: ['airflow', 'tasks', 'run', 'dag1', 'group1.task2', 'scheduled__2017-09-17T00:00:00+00:00', '--job-id', '2827', '--raw', '--subdir', 'DAGS_FOLDER/tuts/taskgroup_basic.py', '--cfg-path', '/tmp/tmpzf9_kix9']
[2025-05-05T10:27:23.279+0000] {standard_task_runner.py:105} INFO - Job 2827: Subtask group1.task2
[2025-05-05T10:27:23.317+0000] {task_command.py:467} INFO - Running <TaskInstance: dag1.group1.task2 scheduled__2017-09-17T00:00:00+00:00 [running]> on host 2c7afa36055b
[2025-05-05T10:27:23.373+0000] {taskinstance.py:3122} INFO - Exporting env vars: AIRFLOW_CTX_DAG_OWNER='airflow' AIRFLOW_CTX_DAG_ID='dag1' AIRFLOW_CTX_TASK_ID='group1.task2' AIRFLOW_CTX_EXECUTION_DATE='2017-09-17T00:00:00+00:00' AIRFLOW_CTX_TRY_NUMBER='1' AIRFLOW_CTX_DAG_RUN_ID='scheduled__2017-09-17T00:00:00+00:00'
[2025-05-05T10:27:23.374+0000] {taskinstance.py:731} INFO - ::endgroup::
[2025-05-05T10:27:23.376+0000] {subprocess.py:63} INFO - Tmp dir root location: /tmp
[2025-05-05T10:27:23.376+0000] {subprocess.py:75} INFO - Running command: ['/usr/bin/bash', '-c', 'echo Hello World!']
[2025-05-05T10:27:23.381+0000] {subprocess.py:86} INFO - Output:
[2025-05-05T10:27:23.382+0000] {subprocess.py:93} INFO - Hello World!
[2025-05-05T10:27:23.383+0000] {subprocess.py:97} INFO - Command exited with return code 0
[2025-05-05T10:27:23.401+0000] {taskinstance.py:340} INFO - ::group::Post task execution logs
[2025-05-05T10:27:23.402+0000] {taskinstance.py:352} INFO - Marking task as SUCCESS. dag_id=dag1, task_id=group1.task2, run_id=scheduled__2017-09-17T00:00:00+00:00, execution_date=20170917T000000, start_date=20250505T102723, end_date=20250505T102723
[2025-05-05T10:27:23.450+0000] {local_task_job_runner.py:261} INFO - Task exited with return code 0
[2025-05-05T10:27:23.460+0000] {taskinstance.py:3891} INFO - 0 downstream tasks scheduled from follow-on schedule check
[2025-05-05T10:27:23.462+0000] {local_task_job_runner.py:240} INFO - ::endgroup::
