[2025-04-29T02:54:48.577+0000] {local_task_job_runner.py:123} INFO - ::group::Pre task execution logs
[2025-04-29T02:54:48.588+0000] {taskinstance.py:2603} INFO - Dependencies all met for dep_context=non-requeueable deps ti=<TaskInstance: demo.hello scheduled__2024-03-08T00:00:00+00:00 [queued]>
[2025-04-29T02:54:48.592+0000] {taskinstance.py:2603} INFO - Dependencies all met for dep_context=requeueable deps ti=<TaskInstance: demo.hello scheduled__2024-03-08T00:00:00+00:00 [queued]>
[2025-04-29T02:54:48.593+0000] {taskinstance.py:2856} INFO - Starting attempt 1 of 1
[2025-04-29T02:54:48.601+0000] {taskinstance.py:2879} INFO - Executing <Task(BashOperator): hello> on 2024-03-08 00:00:00+00:00
[2025-04-29T02:54:48.604+0000] {standard_task_runner.py:72} INFO - Started process 5830 to run task
[2025-04-29T02:54:48.607+0000] {standard_task_runner.py:104} INFO - Running: ['airflow', 'tasks', 'run', 'demo', 'hello', 'scheduled__2024-03-08T00:00:00+00:00', '--job-id', '1611', '--raw', '--subdir', 'DAGS_FOLDER/simple-dag.py', '--cfg-path', '/tmp/tmp2juhp2kk']
[2025-04-29T02:54:48.607+0000] {standard_task_runner.py:105} INFO - Job 1611: Subtask hello
[2025-04-29T02:54:48.642+0000] {task_command.py:467} INFO - Running <TaskInstance: demo.hello scheduled__2024-03-08T00:00:00+00:00 [running]> on host 2c7afa36055b
[2025-04-29T02:54:48.701+0000] {taskinstance.py:3122} INFO - Exporting env vars: AIRFLOW_CTX_DAG_OWNER='airflow' AIRFLOW_CTX_DAG_ID='demo' AIRFLOW_CTX_TASK_ID='hello' AIRFLOW_CTX_EXECUTION_DATE='2024-03-08T00:00:00+00:00' AIRFLOW_CTX_TRY_NUMBER='1' AIRFLOW_CTX_DAG_RUN_ID='scheduled__2024-03-08T00:00:00+00:00'
[2025-04-29T02:54:48.703+0000] {taskinstance.py:731} INFO - ::endgroup::
[2025-04-29T02:54:48.705+0000] {subprocess.py:63} INFO - Tmp dir root location: /tmp
[2025-04-29T02:54:48.705+0000] {subprocess.py:75} INFO - Running command: ['/usr/bin/bash', '-c', 'echo hello']
[2025-04-29T02:54:48.713+0000] {subprocess.py:86} INFO - Output:
[2025-04-29T02:54:48.715+0000] {subprocess.py:93} INFO - hello
[2025-04-29T02:54:48.715+0000] {subprocess.py:97} INFO - Command exited with return code 0
[2025-04-29T02:54:48.740+0000] {taskinstance.py:340} INFO - ::group::Post task execution logs
[2025-04-29T02:54:48.740+0000] {taskinstance.py:352} INFO - Marking task as SUCCESS. dag_id=demo, task_id=hello, run_id=scheduled__2024-03-08T00:00:00+00:00, execution_date=20240308T000000, start_date=20250429T025448, end_date=20250429T025448
[2025-04-29T02:54:48.783+0000] {local_task_job_runner.py:261} INFO - Task exited with return code 0
[2025-04-29T02:54:48.792+0000] {local_task_job_runner.py:240} INFO - ::endgroup::
