[2025-05-05T10:30:08.089+0000] {local_task_job_runner.py:123} INFO - ::group::Pre task execution logs
[2025-05-05T10:30:08.101+0000] {taskinstance.py:2603} INFO - Dependencies all met for dep_context=non-requeueable deps ti=<TaskInstance: dag1.group1.task2 scheduled__2018-10-20T00:00:00+00:00 [queued]>
[2025-05-05T10:30:08.106+0000] {taskinstance.py:2603} INFO - Dependencies all met for dep_context=requeueable deps ti=<TaskInstance: dag1.group1.task2 scheduled__2018-10-20T00:00:00+00:00 [queued]>
[2025-05-05T10:30:08.107+0000] {taskinstance.py:2856} INFO - Starting attempt 1 of 3
[2025-05-05T10:30:08.116+0000] {taskinstance.py:2879} INFO - Executing <Task(BashOperator): group1.task2> on 2018-10-20 00:00:00+00:00
[2025-05-05T10:30:08.119+0000] {standard_task_runner.py:72} INFO - Started process 8806 to run task
[2025-05-05T10:30:08.121+0000] {standard_task_runner.py:104} INFO - Running: ['airflow', 'tasks', 'run', 'dag1', 'group1.task2', 'scheduled__2018-10-20T00:00:00+00:00', '--job-id', '3225', '--raw', '--subdir', 'DAGS_FOLDER/tuts/taskgroup_basic.py', '--cfg-path', '/tmp/tmpya2bcpx5']
[2025-05-05T10:30:08.122+0000] {standard_task_runner.py:105} INFO - Job 3225: Subtask group1.task2
[2025-05-05T10:30:08.160+0000] {task_command.py:467} INFO - Running <TaskInstance: dag1.group1.task2 scheduled__2018-10-20T00:00:00+00:00 [running]> on host 2c7afa36055b
[2025-05-05T10:30:08.216+0000] {taskinstance.py:3122} INFO - Exporting env vars: AIRFLOW_CTX_DAG_OWNER='airflow' AIRFLOW_CTX_DAG_ID='dag1' AIRFLOW_CTX_TASK_ID='group1.task2' AIRFLOW_CTX_EXECUTION_DATE='2018-10-20T00:00:00+00:00' AIRFLOW_CTX_TRY_NUMBER='1' AIRFLOW_CTX_DAG_RUN_ID='scheduled__2018-10-20T00:00:00+00:00'
[2025-05-05T10:30:08.217+0000] {taskinstance.py:731} INFO - ::endgroup::
[2025-05-05T10:30:08.219+0000] {subprocess.py:63} INFO - Tmp dir root location: /tmp
[2025-05-05T10:30:08.219+0000] {subprocess.py:75} INFO - Running command: ['/usr/bin/bash', '-c', 'echo Hello World!']
[2025-05-05T10:30:08.225+0000] {subprocess.py:86} INFO - Output:
[2025-05-05T10:30:08.226+0000] {subprocess.py:93} INFO - Hello World!
[2025-05-05T10:30:08.226+0000] {subprocess.py:97} INFO - Command exited with return code 0
[2025-05-05T10:30:08.248+0000] {taskinstance.py:340} INFO - ::group::Post task execution logs
[2025-05-05T10:30:08.248+0000] {taskinstance.py:352} INFO - Marking task as SUCCESS. dag_id=dag1, task_id=group1.task2, run_id=scheduled__2018-10-20T00:00:00+00:00, execution_date=20181020T000000, start_date=20250505T103008, end_date=20250505T103008
[2025-05-05T10:30:08.295+0000] {local_task_job_runner.py:261} INFO - Task exited with return code 0
[2025-05-05T10:30:08.303+0000] {local_task_job_runner.py:240} INFO - ::endgroup::
