[2025-05-22T02:16:55.671+0000] {processor.py:186} INFO - Started process (PID=44) to work on /opt/airflow/dags/utils/downloader.py
[2025-05-22T02:16:55.673+0000] {processor.py:914} INFO - Processing file /opt/airflow/dags/utils/downloader.py for tasks to queue
[2025-05-22T02:16:55.675+0000] {logging_mixin.py:190} INFO - [2025-05-22T02:16:55.675+0000] {dagbag.py:587} INFO - Filling up the DagBag from /opt/airflow/dags/utils/downloader.py
[2025-05-22T02:16:55.839+0000] {processor.py:927} WARNING - No viable dags retrieved from /opt/airflow/dags/utils/downloader.py
[2025-05-22T02:16:55.853+0000] {processor.py:208} INFO - Processing /opt/airflow/dags/utils/downloader.py took 0.186 seconds
[2025-05-22T02:17:25.958+0000] {processor.py:186} INFO - Started process (PID=65) to work on /opt/airflow/dags/utils/downloader.py
[2025-05-22T02:17:25.958+0000] {processor.py:914} INFO - Processing file /opt/airflow/dags/utils/downloader.py for tasks to queue
[2025-05-22T02:17:25.959+0000] {logging_mixin.py:190} INFO - [2025-05-22T02:17:25.959+0000] {dagbag.py:587} INFO - Filling up the DagBag from /opt/airflow/dags/utils/downloader.py
[2025-05-22T02:17:26.093+0000] {processor.py:927} WARNING - No viable dags retrieved from /opt/airflow/dags/utils/downloader.py
[2025-05-22T02:17:26.102+0000] {processor.py:208} INFO - Processing /opt/airflow/dags/utils/downloader.py took 0.148 seconds
[2025-05-22T02:17:57.140+0000] {processor.py:186} INFO - Started process (PID=85) to work on /opt/airflow/dags/utils/downloader.py
[2025-05-22T02:17:57.141+0000] {processor.py:914} INFO - Processing file /opt/airflow/dags/utils/downloader.py for tasks to queue
[2025-05-22T02:17:57.141+0000] {logging_mixin.py:190} INFO - [2025-05-22T02:17:57.141+0000] {dagbag.py:587} INFO - Filling up the DagBag from /opt/airflow/dags/utils/downloader.py
[2025-05-22T02:17:57.279+0000] {processor.py:927} WARNING - No viable dags retrieved from /opt/airflow/dags/utils/downloader.py
[2025-05-22T02:17:57.287+0000] {processor.py:208} INFO - Processing /opt/airflow/dags/utils/downloader.py took 0.151 seconds
[2025-05-22T02:18:33.578+0000] {processor.py:186} INFO - Started process (PID=105) to work on /opt/airflow/dags/utils/downloader.py
[2025-05-22T02:18:33.579+0000] {processor.py:914} INFO - Processing file /opt/airflow/dags/utils/downloader.py for tasks to queue
[2025-05-22T02:18:33.579+0000] {logging_mixin.py:190} INFO - [2025-05-22T02:18:33.579+0000] {dagbag.py:587} INFO - Filling up the DagBag from /opt/airflow/dags/utils/downloader.py
[2025-05-22T02:18:28.374+0000] {processor.py:927} WARNING - No viable dags retrieved from /opt/airflow/dags/utils/downloader.py
[2025-05-22T02:18:28.383+0000] {processor.py:208} INFO - Processing /opt/airflow/dags/utils/downloader.py took 0.155 seconds
[2025-05-22T02:18:58.965+0000] {processor.py:186} INFO - Started process (PID=128) to work on /opt/airflow/dags/utils/downloader.py
[2025-05-22T02:18:58.966+0000] {processor.py:914} INFO - Processing file /opt/airflow/dags/utils/downloader.py for tasks to queue
[2025-05-22T02:18:58.967+0000] {logging_mixin.py:190} INFO - [2025-05-22T02:18:58.967+0000] {dagbag.py:587} INFO - Filling up the DagBag from /opt/airflow/dags/utils/downloader.py
[2025-05-22T02:18:59.175+0000] {processor.py:927} WARNING - No viable dags retrieved from /opt/airflow/dags/utils/downloader.py
[2025-05-22T02:18:59.184+0000] {processor.py:208} INFO - Processing /opt/airflow/dags/utils/downloader.py took 0.224 seconds
[2025-05-22T02:19:30.021+0000] {processor.py:186} INFO - Started process (PID=148) to work on /opt/airflow/dags/utils/downloader.py
[2025-05-22T02:19:30.022+0000] {processor.py:914} INFO - Processing file /opt/airflow/dags/utils/downloader.py for tasks to queue
[2025-05-22T02:19:30.023+0000] {logging_mixin.py:190} INFO - [2025-05-22T02:19:30.022+0000] {dagbag.py:587} INFO - Filling up the DagBag from /opt/airflow/dags/utils/downloader.py
[2025-05-22T02:19:30.182+0000] {processor.py:927} WARNING - No viable dags retrieved from /opt/airflow/dags/utils/downloader.py
[2025-05-22T02:19:30.190+0000] {processor.py:208} INFO - Processing /opt/airflow/dags/utils/downloader.py took 0.173 seconds
[2025-05-22T02:20:01.031+0000] {processor.py:186} INFO - Started process (PID=168) to work on /opt/airflow/dags/utils/downloader.py
[2025-05-22T02:20:01.032+0000] {processor.py:914} INFO - Processing file /opt/airflow/dags/utils/downloader.py for tasks to queue
[2025-05-22T02:20:01.033+0000] {logging_mixin.py:190} INFO - [2025-05-22T02:20:01.033+0000] {dagbag.py:587} INFO - Filling up the DagBag from /opt/airflow/dags/utils/downloader.py
[2025-05-22T02:20:01.187+0000] {processor.py:927} WARNING - No viable dags retrieved from /opt/airflow/dags/utils/downloader.py
[2025-05-22T02:20:01.204+0000] {processor.py:208} INFO - Processing /opt/airflow/dags/utils/downloader.py took 0.177 seconds
[2025-05-22T02:20:32.583+0000] {processor.py:186} INFO - Started process (PID=188) to work on /opt/airflow/dags/utils/downloader.py
[2025-05-22T02:20:32.584+0000] {processor.py:914} INFO - Processing file /opt/airflow/dags/utils/downloader.py for tasks to queue
[2025-05-22T02:20:32.585+0000] {logging_mixin.py:190} INFO - [2025-05-22T02:20:32.584+0000] {dagbag.py:587} INFO - Filling up the DagBag from /opt/airflow/dags/utils/downloader.py
[2025-05-22T02:20:32.737+0000] {processor.py:927} WARNING - No viable dags retrieved from /opt/airflow/dags/utils/downloader.py
[2025-05-22T02:20:32.746+0000] {processor.py:208} INFO - Processing /opt/airflow/dags/utils/downloader.py took 0.167 seconds
[2025-05-22T02:21:03.843+0000] {processor.py:186} INFO - Started process (PID=210) to work on /opt/airflow/dags/utils/downloader.py
[2025-05-22T02:21:03.844+0000] {processor.py:914} INFO - Processing file /opt/airflow/dags/utils/downloader.py for tasks to queue
[2025-05-22T02:21:03.845+0000] {logging_mixin.py:190} INFO - [2025-05-22T02:21:03.845+0000] {dagbag.py:587} INFO - Filling up the DagBag from /opt/airflow/dags/utils/downloader.py
[2025-05-22T02:21:03.982+0000] {processor.py:927} WARNING - No viable dags retrieved from /opt/airflow/dags/utils/downloader.py
[2025-05-22T02:21:03.991+0000] {processor.py:208} INFO - Processing /opt/airflow/dags/utils/downloader.py took 0.153 seconds
[2025-05-22T02:21:34.920+0000] {processor.py:186} INFO - Started process (PID=229) to work on /opt/airflow/dags/utils/downloader.py
[2025-05-22T02:21:34.921+0000] {processor.py:914} INFO - Processing file /opt/airflow/dags/utils/downloader.py for tasks to queue
[2025-05-22T02:21:34.922+0000] {logging_mixin.py:190} INFO - [2025-05-22T02:21:34.922+0000] {dagbag.py:587} INFO - Filling up the DagBag from /opt/airflow/dags/utils/downloader.py
[2025-05-22T02:21:35.069+0000] {processor.py:927} WARNING - No viable dags retrieved from /opt/airflow/dags/utils/downloader.py
[2025-05-22T02:21:35.077+0000] {processor.py:208} INFO - Processing /opt/airflow/dags/utils/downloader.py took 0.162 seconds
[2025-05-22T02:22:05.612+0000] {processor.py:186} INFO - Started process (PID=248) to work on /opt/airflow/dags/utils/downloader.py
[2025-05-22T02:22:05.613+0000] {processor.py:914} INFO - Processing file /opt/airflow/dags/utils/downloader.py for tasks to queue
[2025-05-22T02:22:05.613+0000] {logging_mixin.py:190} INFO - [2025-05-22T02:22:05.613+0000] {dagbag.py:587} INFO - Filling up the DagBag from /opt/airflow/dags/utils/downloader.py
[2025-05-22T02:22:05.762+0000] {processor.py:927} WARNING - No viable dags retrieved from /opt/airflow/dags/utils/downloader.py
[2025-05-22T02:22:05.773+0000] {processor.py:208} INFO - Processing /opt/airflow/dags/utils/downloader.py took 0.166 seconds
