[2025-05-22T02:16:56.183+0000] {processor.py:186} INFO - Started process (PID=48) to work on /opt/airflow/dags/utils/request_example.py
[2025-05-22T02:16:56.183+0000] {processor.py:914} INFO - Processing file /opt/airflow/dags/utils/request_example.py for tasks to queue
[2025-05-22T02:16:56.185+0000] {logging_mixin.py:190} INFO - [2025-05-22T02:16:56.185+0000] {dagbag.py:587} INFO - Filling up the DagBag from /opt/airflow/dags/utils/request_example.py
[2025-05-22T02:16:56.186+0000] {processor.py:927} WARNING - No viable dags retrieved from /opt/airflow/dags/utils/request_example.py
[2025-05-22T02:16:56.203+0000] {processor.py:208} INFO - Processing /opt/airflow/dags/utils/request_example.py took 0.024 seconds
[2025-05-22T02:17:26.355+0000] {processor.py:186} INFO - Started process (PID=69) to work on /opt/airflow/dags/utils/request_example.py
[2025-05-22T02:17:26.356+0000] {processor.py:914} INFO - Processing file /opt/airflow/dags/utils/request_example.py for tasks to queue
[2025-05-22T02:17:26.357+0000] {logging_mixin.py:190} INFO - [2025-05-22T02:17:26.357+0000] {dagbag.py:587} INFO - Filling up the DagBag from /opt/airflow/dags/utils/request_example.py
[2025-05-22T02:17:26.358+0000] {processor.py:927} WARNING - No viable dags retrieved from /opt/airflow/dags/utils/request_example.py
[2025-05-22T02:17:26.368+0000] {processor.py:208} INFO - Processing /opt/airflow/dags/utils/request_example.py took 0.017 seconds
[2025-05-22T02:17:57.373+0000] {processor.py:186} INFO - Started process (PID=89) to work on /opt/airflow/dags/utils/request_example.py
[2025-05-22T02:17:57.374+0000] {processor.py:914} INFO - Processing file /opt/airflow/dags/utils/request_example.py for tasks to queue
[2025-05-22T02:17:57.374+0000] {logging_mixin.py:190} INFO - [2025-05-22T02:17:57.374+0000] {dagbag.py:587} INFO - Filling up the DagBag from /opt/airflow/dags/utils/request_example.py
[2025-05-22T02:17:57.376+0000] {processor.py:927} WARNING - No viable dags retrieved from /opt/airflow/dags/utils/request_example.py
[2025-05-22T02:17:57.388+0000] {processor.py:208} INFO - Processing /opt/airflow/dags/utils/request_example.py took 0.020 seconds
[2025-05-22T02:18:28.477+0000] {processor.py:186} INFO - Started process (PID=115) to work on /opt/airflow/dags/utils/request_example.py
[2025-05-22T02:18:28.478+0000] {processor.py:914} INFO - Processing file /opt/airflow/dags/utils/request_example.py for tasks to queue
[2025-05-22T02:18:28.478+0000] {logging_mixin.py:190} INFO - [2025-05-22T02:18:28.478+0000] {dagbag.py:587} INFO - Filling up the DagBag from /opt/airflow/dags/utils/request_example.py
[2025-05-22T02:18:28.480+0000] {processor.py:927} WARNING - No viable dags retrieved from /opt/airflow/dags/utils/request_example.py
[2025-05-22T02:18:28.491+0000] {processor.py:208} INFO - Processing /opt/airflow/dags/utils/request_example.py took 0.019 seconds
[2025-05-22T02:18:59.265+0000] {processor.py:186} INFO - Started process (PID=132) to work on /opt/airflow/dags/utils/request_example.py
[2025-05-22T02:18:59.265+0000] {processor.py:914} INFO - Processing file /opt/airflow/dags/utils/request_example.py for tasks to queue
[2025-05-22T02:18:59.266+0000] {logging_mixin.py:190} INFO - [2025-05-22T02:18:59.266+0000] {dagbag.py:587} INFO - Filling up the DagBag from /opt/airflow/dags/utils/request_example.py
[2025-05-22T02:18:59.268+0000] {processor.py:927} WARNING - No viable dags retrieved from /opt/airflow/dags/utils/request_example.py
[2025-05-22T02:18:59.279+0000] {processor.py:208} INFO - Processing /opt/airflow/dags/utils/request_example.py took 0.018 seconds
[2025-05-22T02:19:30.267+0000] {processor.py:186} INFO - Started process (PID=152) to work on /opt/airflow/dags/utils/request_example.py
[2025-05-22T02:19:30.268+0000] {processor.py:914} INFO - Processing file /opt/airflow/dags/utils/request_example.py for tasks to queue
[2025-05-22T02:19:30.269+0000] {logging_mixin.py:190} INFO - [2025-05-22T02:19:30.269+0000] {dagbag.py:587} INFO - Filling up the DagBag from /opt/airflow/dags/utils/request_example.py
[2025-05-22T02:19:30.270+0000] {processor.py:927} WARNING - No viable dags retrieved from /opt/airflow/dags/utils/request_example.py
[2025-05-22T02:19:30.280+0000] {processor.py:208} INFO - Processing /opt/airflow/dags/utils/request_example.py took 0.017 seconds
[2025-05-22T02:20:01.283+0000] {processor.py:186} INFO - Started process (PID=172) to work on /opt/airflow/dags/utils/request_example.py
[2025-05-22T02:20:01.284+0000] {processor.py:914} INFO - Processing file /opt/airflow/dags/utils/request_example.py for tasks to queue
[2025-05-22T02:20:01.285+0000] {logging_mixin.py:190} INFO - [2025-05-22T02:20:01.285+0000] {dagbag.py:587} INFO - Filling up the DagBag from /opt/airflow/dags/utils/request_example.py
[2025-05-22T02:20:01.287+0000] {processor.py:927} WARNING - No viable dags retrieved from /opt/airflow/dags/utils/request_example.py
[2025-05-22T02:20:01.298+0000] {processor.py:208} INFO - Processing /opt/airflow/dags/utils/request_example.py took 0.019 seconds
