[2025-05-13T10:22:06.440+0000] {local_task_job_runner.py:123} INFO - ::group::Pre task execution logs
[2025-05-13T10:22:06.452+0000] {taskinstance.py:2603} INFO - Dependencies all met for dep_context=non-requeueable deps ti=<TaskInstance: instagram_videos_scraper_dag.ins_videos_scraper manual__2025-05-13T10:22:05.464790+00:00 [queued]>
[2025-05-13T10:22:06.457+0000] {taskinstance.py:2603} INFO - Dependencies all met for dep_context=requeueable deps ti=<TaskInstance: instagram_videos_scraper_dag.ins_videos_scraper manual__2025-05-13T10:22:05.464790+00:00 [queued]>
[2025-05-13T10:22:06.458+0000] {taskinstance.py:2856} INFO - Starting attempt 1 of 1
[2025-05-13T10:22:06.465+0000] {taskinstance.py:2879} INFO - Executing <Task(_PythonDecoratedOperator): ins_videos_scraper> on 2025-05-13 10:22:05.464790+00:00
[2025-05-13T10:22:06.468+0000] {standard_task_runner.py:72} INFO - Started process 2652 to run task
[2025-05-13T10:22:06.471+0000] {standard_task_runner.py:104} INFO - Running: ['airflow', 'tasks', 'run', 'instagram_videos_scraper_dag', 'ins_videos_scraper', 'manual__2025-05-13T10:22:05.464790+00:00', '--job-id', '5392', '--raw', '--subdir', 'DAGS_FOLDER/pipeline.py', '--cfg-path', '/tmp/tmpgdw57vp9']
[2025-05-13T10:22:06.473+0000] {standard_task_runner.py:105} INFO - Job 5392: Subtask ins_videos_scraper
[2025-05-13T10:22:06.508+0000] {task_command.py:467} INFO - Running <TaskInstance: instagram_videos_scraper_dag.ins_videos_scraper manual__2025-05-13T10:22:05.464790+00:00 [running]> on host 79b7354865cb
[2025-05-13T10:22:06.564+0000] {taskinstance.py:3122} INFO - Exporting env vars: AIRFLOW_CTX_DAG_OWNER='airflow' AIRFLOW_CTX_DAG_ID='instagram_videos_scraper_dag' AIRFLOW_CTX_TASK_ID='ins_videos_scraper' AIRFLOW_CTX_EXECUTION_DATE='2025-05-13T10:22:05.464790+00:00' AIRFLOW_CTX_TRY_NUMBER='1' AIRFLOW_CTX_DAG_RUN_ID='manual__2025-05-13T10:22:05.464790+00:00'
[2025-05-13T10:22:06.564+0000] {taskinstance.py:731} INFO - ::endgroup::
[2025-05-13T10:22:06.567+0000] {logging_mixin.py:190} INFO - Scraping Instagram profile: baukrysie
[2025-05-13T10:22:08.942+0000] {selenium_manager.py:133} WARNING - The chromedriver version (136.0.7103.59) detected in PATH at /usr/bin/chromedriver might not be compatible with the detected chrome version (136.0.7103.92); currently, chromedriver 136.0.7103.92 is recommended for chrome 136.*, so it is advised to delete the driver in PATH and retry
[2025-05-13T10:22:10.264+0000] {logging_mixin.py:190} INFO - url: https://www.instagram.com/baukrysie/
[2025-05-13T10:22:12.651+0000] {logging_mixin.py:190} INFO - Step 1 of 2 - Loading profile page
[2025-05-13T10:22:12.651+0000] {logging_mixin.py:190} INFO - Extracting videos...
[2025-05-13T10:22:12.669+0000] {logging_mixin.py:190} INFO - Error occurred while scrolling: Message: no such element: Unable to locate element: {"method":"xpath","selector":"//a[contains(@href, '/reels/')]"}
  (Session info: chrome=136.0.7103.92); For documentation on this error, please visit: https://www.selenium.dev/documentation/webdriver/troubleshooting/errors#no-such-element-exception
Stacktrace:
#0 0x558d62b09a8e <unknown>
#1 0x558d625c6b0b <unknown>
#2 0x558d62610f44 <unknown>
#3 0x558d626110d1 <unknown>
#4 0x558d6265dea4 <unknown>
#5 0x558d6263ac2d <unknown>
#6 0x558d6265bdc5 <unknown>
#7 0x558d6263a9b3 <unknown>
#8 0x558d62604c59 <unknown>
#9 0x558d62605a08 <unknown>
#10 0x558d62ad640a <unknown>
#11 0x558d62ad985e <unknown>
#12 0x558d62ad9308 <unknown>
#13 0x558d62ad9ce5 <unknown>
#14 0x558d62abfb7b <unknown>
#15 0x558d62ada050 <unknown>
#16 0x558d62aa8ae9 <unknown>
#17 0x558d62af8df5 <unknown>
#18 0x558d62af8fdb <unknown>
#19 0x558d62b08c05 <unknown>
#20 0x7f567cb7a134 <unknown>
[2025-05-13T10:22:12.669+0000] {logging_mixin.py:190} INFO - Extracted 0 video URLs
[2025-05-13T10:22:12.669+0000] {logging_mixin.py:190} INFO -  No data found
[2025-05-13T10:22:12.785+0000] {python.py:240} INFO - Done. Returned value was: []
[2025-05-13T10:22:12.803+0000] {taskinstance.py:340} INFO - ::group::Post task execution logs
[2025-05-13T10:22:12.804+0000] {taskinstance.py:352} INFO - Marking task as SUCCESS. dag_id=instagram_videos_scraper_dag, task_id=ins_videos_scraper, run_id=manual__2025-05-13T10:22:05.464790+00:00, execution_date=20250513T102205, start_date=20250513T102206, end_date=20250513T102212
[2025-05-13T10:22:12.851+0000] {local_task_job_runner.py:261} INFO - Task exited with return code 0
[2025-05-13T10:22:12.867+0000] {taskinstance.py:3891} INFO - 1 downstream tasks scheduled from follow-on schedule check
[2025-05-13T10:22:12.868+0000] {local_task_job_runner.py:240} INFO - ::endgroup::
