[2025-05-13T03:07:28.799+0000] {local_task_job_runner.py:123} INFO - ::group::Pre task execution logs
[2025-05-13T03:07:28.811+0000] {taskinstance.py:2603} INFO - Dependencies all met for dep_context=non-requeueable deps ti=<TaskInstance: facebook_videos_scraper_dag.fb_videos_scraper manual__2025-05-13T03:07:27.815899+00:00 [queued]>
[2025-05-13T03:07:28.816+0000] {taskinstance.py:2603} INFO - Dependencies all met for dep_context=requeueable deps ti=<TaskInstance: facebook_videos_scraper_dag.fb_videos_scraper manual__2025-05-13T03:07:27.815899+00:00 [queued]>
[2025-05-13T03:07:28.816+0000] {taskinstance.py:2856} INFO - Starting attempt 1 of 1
[2025-05-13T03:07:28.825+0000] {taskinstance.py:2879} INFO - Executing <Task(_PythonDecoratedOperator): fb_videos_scraper> on 2025-05-13 03:07:27.815899+00:00
[2025-05-13T03:07:28.827+0000] {standard_task_runner.py:72} INFO - Started process 8350 to run task
[2025-05-13T03:07:28.830+0000] {standard_task_runner.py:104} INFO - Running: ['airflow', 'tasks', 'run', 'facebook_videos_scraper_dag', 'fb_videos_scraper', 'manual__2025-05-13T03:07:27.815899+00:00', '--job-id', '5345', '--raw', '--subdir', 'DAGS_FOLDER/pipeline.py', '--cfg-path', '/tmp/tmpj96j1jfm']
[2025-05-13T03:07:28.831+0000] {standard_task_runner.py:105} INFO - Job 5345: Subtask fb_videos_scraper
[2025-05-13T03:07:28.863+0000] {task_command.py:467} INFO - Running <TaskInstance: facebook_videos_scraper_dag.fb_videos_scraper manual__2025-05-13T03:07:27.815899+00:00 [running]> on host 79b7354865cb
[2025-05-13T03:07:28.915+0000] {taskinstance.py:3122} INFO - Exporting env vars: AIRFLOW_CTX_DAG_OWNER='airflow' AIRFLOW_CTX_DAG_ID='facebook_videos_scraper_dag' AIRFLOW_CTX_TASK_ID='fb_videos_scraper' AIRFLOW_CTX_EXECUTION_DATE='2025-05-13T03:07:27.815899+00:00' AIRFLOW_CTX_TRY_NUMBER='1' AIRFLOW_CTX_DAG_RUN_ID='manual__2025-05-13T03:07:27.815899+00:00'
[2025-05-13T03:07:28.916+0000] {taskinstance.py:731} INFO - ::endgroup::
[2025-05-13T03:07:28.931+0000] {selenium_manager.py:133} WARNING - The chromedriver version (136.0.7103.59) detected in PATH at /usr/bin/chromedriver might not be compatible with the detected chrome version (136.0.7103.92); currently, chromedriver 136.0.7103.92 is recommended for chrome 136.*, so it is advised to delete the driver in PATH and retry
[2025-05-13T03:09:14.848+0000] {local_task_job_runner.py:341} WARNING - State of this instance has been externally set to failed. Terminating instance.
[2025-05-13T03:09:14.850+0000] {local_task_job_runner.py:240} INFO - ::endgroup::
[2025-05-13T03:09:14.851+0000] {process_utils.py:132} INFO - Sending 15 to group 8350. PIDs of all processes in the group: [8363, 8369, 8375, 8377, 8402, 8408, 8430, 8431, 8480, 8350]
[2025-05-13T03:09:14.852+0000] {process_utils.py:87} INFO - Sending the signal 15 to group 8350
[2025-05-13T03:09:14.853+0000] {taskinstance.py:3083} ERROR - Received SIGTERM. Terminating subprocesses.
[2025-05-13T03:09:14.867+0000] {process_utils.py:80} INFO - Process psutil.Process(pid=8375, status='terminated', started='03:07:28') (8375) terminated with exit code None
[2025-05-13T03:09:14.867+0000] {process_utils.py:80} INFO - Process psutil.Process(pid=8402, status='terminated', started='03:07:28') (8402) terminated with exit code None
[2025-05-13T03:09:14.867+0000] {process_utils.py:80} INFO - Process psutil.Process(pid=8408, status='terminated', started='03:07:28') (8408) terminated with exit code None
[2025-05-13T03:09:14.867+0000] {process_utils.py:80} INFO - Process psutil.Process(pid=8430, status='terminated', started='03:07:28') (8430) terminated with exit code None
[2025-05-13T03:09:14.873+0000] {taskinstance.py:340} INFO - ::group::Post task execution logs
[2025-05-13T03:09:14.881+0000] {process_utils.py:80} INFO - Process psutil.Process(pid=8350, status='terminated', exitcode=0, started='03:07:28') (8350) terminated with exit code 0
[2025-05-13T03:09:14.881+0000] {process_utils.py:80} INFO - Process psutil.Process(pid=8480, status='terminated', started='03:07:29') (8480) terminated with exit code None
[2025-05-13T03:09:14.882+0000] {process_utils.py:80} INFO - Process psutil.Process(pid=8431, status='terminated', started='03:07:28') (8431) terminated with exit code None
[2025-05-13T03:09:14.882+0000] {process_utils.py:80} INFO - Process psutil.Process(pid=8377, status='terminated', started='03:07:28') (8377) terminated with exit code None
[2025-05-13T03:09:14.882+0000] {process_utils.py:80} INFO - Process psutil.Process(pid=8363, status='terminated', started='03:07:28') (8363) terminated with exit code None
[2025-05-13T03:09:14.909+0000] {process_utils.py:80} INFO - Process psutil.Process(pid=8369, status='terminated', started='03:07:28') (8369) terminated with exit code None
