[2025-05-26T04:26:09.397+0000] {local_task_job_runner.py:123} INFO - ::group::Pre task execution logs
[2025-05-26T04:26:09.412+0000] {taskinstance.py:2603} INFO - Dependencies all met for dep_context=non-requeueable deps ti=<TaskInstance: tiktok_videos_scraper_dag.get_links_task scheduled__2025-05-25T00:00:00+00:00 [queued]>
[2025-05-26T04:26:09.421+0000] {taskinstance.py:2603} INFO - Dependencies all met for dep_context=requeueable deps ti=<TaskInstance: tiktok_videos_scraper_dag.get_links_task scheduled__2025-05-25T00:00:00+00:00 [queued]>
[2025-05-26T04:26:09.422+0000] {taskinstance.py:2856} INFO - Starting attempt 1 of 1
[2025-05-26T04:26:09.433+0000] {taskinstance.py:2879} INFO - Executing <Task(PythonOperator): get_links_task> on 2025-05-25 00:00:00+00:00
[2025-05-26T04:26:09.436+0000] {standard_task_runner.py:72} INFO - Started process 53 to run task
[2025-05-26T04:26:09.443+0000] {standard_task_runner.py:104} INFO - Running: ['airflow', 'tasks', 'run', 'tiktok_videos_scraper_dag', 'get_links_task', 'scheduled__2025-05-25T00:00:00+00:00', '--job-id', '6731', '--raw', '--subdir', 'DAGS_FOLDER/pipeline_tiktok.py', '--cfg-path', '/tmp/tmpz52rp2gi']
[2025-05-26T04:26:09.445+0000] {standard_task_runner.py:105} INFO - Job 6731: Subtask get_links_task
[2025-05-26T04:26:09.822+0000] {task_command.py:467} INFO - Running <TaskInstance: tiktok_videos_scraper_dag.get_links_task scheduled__2025-05-25T00:00:00+00:00 [running]> on host f113d4159254
[2025-05-26T04:26:10.007+0000] {taskinstance.py:3122} INFO - Exporting env vars: AIRFLOW_CTX_DAG_OWNER='airflow' AIRFLOW_CTX_DAG_ID='tiktok_videos_scraper_dag' AIRFLOW_CTX_TASK_ID='get_links_task' AIRFLOW_CTX_EXECUTION_DATE='2025-05-25T00:00:00+00:00' AIRFLOW_CTX_TRY_NUMBER='1' AIRFLOW_CTX_DAG_RUN_ID='scheduled__2025-05-25T00:00:00+00:00'
[2025-05-26T04:26:10.010+0000] {taskinstance.py:731} INFO - ::endgroup::
[2025-05-26T04:26:33.494+0000] {logging_mixin.py:190} INFO - https://www.tiktok.com/@hoaminzy_hoadambut/video/7476458995692178696
[2025-05-26T04:26:33.618+0000] {logging_mixin.py:190} INFO - https://www.tiktok.com/@hoaminzy_hoadambut/video/7207404062344482075
[2025-05-26T04:26:33.618+0000] {logging_mixin.py:190} INFO - https://www.tiktok.com/@hoaminzy_hoadambut/video/7201501377284033818
[2025-05-26T04:26:33.619+0000] {logging_mixin.py:190} INFO - https://www.tiktok.com/@hoaminzy_hoadambut/video/7503443446078786824
[2025-05-26T04:26:33.619+0000] {logging_mixin.py:190} INFO - https://www.tiktok.com/@hoaminzy_hoadambut/video/7503424669492530439
[2025-05-26T04:26:33.619+0000] {logging_mixin.py:190} INFO - https://www.tiktok.com/@hoaminzy_hoadambut/video/7502354085140581650
[2025-05-26T04:26:33.619+0000] {logging_mixin.py:190} INFO - https://www.tiktok.com/@hoaminzy_hoadambut/video/7500593263758413064
[2025-05-26T04:26:33.619+0000] {logging_mixin.py:190} INFO - https://www.tiktok.com/@hoaminzy_hoadambut/video/7500122651810188562
[2025-05-26T04:26:33.619+0000] {logging_mixin.py:190} INFO - https://www.tiktok.com/@hoaminzy_hoadambut/video/7499066838945369362
[2025-05-26T04:26:33.619+0000] {logging_mixin.py:190} INFO - https://www.tiktok.com/@hoaminzy_hoadambut/video/7496423563117776136
[2025-05-26T04:26:33.619+0000] {logging_mixin.py:190} INFO - https://www.tiktok.com/@hoaminzy_hoadambut/video/7493974332792737042
[2025-05-26T04:26:33.619+0000] {logging_mixin.py:190} INFO - https://www.tiktok.com/@hoaminzy_hoadambut/video/7493015381292911890
[2025-05-26T04:26:33.619+0000] {logging_mixin.py:190} INFO - https://www.tiktok.com/@hoaminzy_hoadambut/video/7491178093588090119
[2025-05-26T04:26:33.620+0000] {logging_mixin.py:190} INFO - https://www.tiktok.com/@hoaminzy_hoadambut/video/7488702196213632262
[2025-05-26T04:26:33.620+0000] {logging_mixin.py:190} INFO - https://www.tiktok.com/@hoaminzy_hoadambut/video/7487144559412022534
[2025-05-26T04:26:33.620+0000] {logging_mixin.py:190} INFO - https://www.tiktok.com/@hoaminzy_hoadambut/video/7485747662218693896
[2025-05-26T04:26:33.620+0000] {logging_mixin.py:190} INFO - https://www.tiktok.com/@hoaminzy_hoadambut/video/7485362731500047634
[2025-05-26T04:26:33.620+0000] {logging_mixin.py:190} INFO - https://www.tiktok.com/@hoaminzy_hoadambut/video/7482423020078861575
[2025-05-26T04:26:33.620+0000] {logging_mixin.py:190} INFO - https://www.tiktok.com/@hoaminzy_hoadambut/video/7481299039611407623
[2025-05-26T04:26:33.621+0000] {logging_mixin.py:190} INFO - https://www.tiktok.com/@hoaminzy_hoadambut/video/7480168247904570632
[2025-05-26T04:26:33.621+0000] {logging_mixin.py:190} INFO - https://www.tiktok.com/@hoaminzy_hoadambut/video/7479281687831022866
[2025-05-26T04:26:33.621+0000] {logging_mixin.py:190} INFO - https://www.tiktok.com/@hoaminzy_hoadambut/video/7478731702903393543
[2025-05-26T04:26:33.621+0000] {logging_mixin.py:190} INFO - https://www.tiktok.com/@hoaminzy_hoadambut/video/7477993675306355976
[2025-05-26T04:26:33.621+0000] {logging_mixin.py:190} INFO - https://www.tiktok.com/@hoaminzy_hoadambut/video/7477823132770897159
[2025-05-26T04:26:33.621+0000] {logging_mixin.py:190} INFO - https://www.tiktok.com/@hoaminzy_hoadambut/video/7477145543064521992
[2025-05-26T04:26:33.621+0000] {logging_mixin.py:190} INFO - https://www.tiktok.com/@hoaminzy_hoadambut/video/7477130668615437586
[2025-05-26T04:26:33.621+0000] {logging_mixin.py:190} INFO - https://www.tiktok.com/@hoaminzy_hoadambut/video/7476821366457568520
[2025-05-26T04:26:33.622+0000] {logging_mixin.py:190} INFO - https://www.tiktok.com/@hoaminzy_hoadambut/video/7476806809555045640
[2025-05-26T04:26:33.622+0000] {logging_mixin.py:190} INFO - https://www.tiktok.com/@hoaminzy_hoadambut/video/7476792217672224008
[2025-05-26T04:26:33.622+0000] {logging_mixin.py:190} INFO - https://www.tiktok.com/@hoaminzy_hoadambut/video/7476773956255632647
[2025-05-26T04:26:33.622+0000] {logging_mixin.py:190} INFO - https://www.tiktok.com/@hoaminzy_hoadambut/video/7476064550148934930
[2025-05-26T04:26:33.622+0000] {logging_mixin.py:190} INFO - https://www.tiktok.com/@hoaminzy_hoadambut/video/7476035118407093522
[2025-05-26T04:26:33.622+0000] {logging_mixin.py:190} INFO - https://www.tiktok.com/@hoaminzy_hoadambut/video/7472395151692893458
[2025-05-26T04:26:33.622+0000] {logging_mixin.py:190} INFO - https://www.tiktok.com/@hoaminzy_hoadambut/video/7471257605847993618
[2025-05-26T04:26:33.622+0000] {logging_mixin.py:190} INFO - https://www.tiktok.com/@hoaminzy_hoadambut/video/7470532163381857554
[2025-05-26T04:26:33.622+0000] {logging_mixin.py:190} INFO - https://www.tiktok.com/@hoaminzy_hoadambut/video/7470452040808942866
[2025-05-26T04:26:33.622+0000] {logging_mixin.py:190} INFO - https://www.tiktok.com/@hoaminzy_hoadambut/video/7470141470943563026
[2025-05-26T04:26:33.759+0000] {logging_mixin.py:190} INFO - New videos: 37
[2025-05-26T04:26:34.091+0000] {python.py:240} INFO - Done. Returned value was: {'id': 'hoaminzy_hoadambut', 'new_links': ('https://www.tiktok.com/@hoaminzy_hoadambut/video/7500122651810188562', 'https://www.tiktok.com/@hoaminzy_hoadambut/video/7201501377284033818', 'https://www.tiktok.com/@hoaminzy_hoadambut/video/7477130668615437586', 'https://www.tiktok.com/@hoaminzy_hoadambut/video/7477145543064521992', 'https://www.tiktok.com/@hoaminzy_hoadambut/video/7476035118407093522', 'https://www.tiktok.com/@hoaminzy_hoadambut/video/7471257605847993618', 'https://www.tiktok.com/@hoaminzy_hoadambut/video/7479281687831022866', 'https://www.tiktok.com/@hoaminzy_hoadambut/video/7480168247904570632', 'https://www.tiktok.com/@hoaminzy_hoadambut/video/7477823132770897159', 'https://www.tiktok.com/@hoaminzy_hoadambut/video/7476792217672224008', 'https://www.tiktok.com/@hoaminzy_hoadambut/video/7488702196213632262', 'https://www.tiktok.com/@hoaminzy_hoadambut/video/7472395151692893458', 'https://www.tiktok.com/@hoaminzy_hoadambut/video/7499066838945369362', 'https://www.tiktok.com/@hoaminzy_hoadambut/video/7491178093588090119', 'https://www.tiktok.com/@hoaminzy_hoadambut/video/7493974332792737042', 'https://www.tiktok.com/@hoaminzy_hoadambut/video/7481299039611407623', 'https://www.tiktok.com/@hoaminzy_hoadambut/video/7476773956255632647', 'https://www.tiktok.com/@hoaminzy_hoadambut/video/7503424669492530439', 'https://www.tiktok.com/@hoaminzy_hoadambut/video/7496423563117776136', 'https://www.tiktok.com/@hoaminzy_hoadambut/video/7476806809555045640', 'https://www.tiktok.com/@hoaminzy_hoadambut/video/7476821366457568520', 'https://www.tiktok.com/@hoaminzy_hoadambut/video/7485362731500047634', 'https://www.tiktok.com/@hoaminzy_hoadambut/video/7502354085140581650', 'https://www.tiktok.com/@hoaminzy_hoadambut/video/7493015381292911890', 'https://www.tiktok.com/@hoaminzy_hoadambut/video/7470532163381857554', 'https://www.tiktok.com/@hoaminzy_hoadambut/video/7500593263758413064', 'https://www.tiktok.com/@hoaminzy_hoadambut/video/7487144559412022534', 'https://www.tiktok.com/@hoaminzy_hoadambut/video/7482423020078861575', 'https://www.tiktok.com/@hoaminzy_hoadambut/video/7470452040808942866', 'https://www.tiktok.com/@hoaminzy_hoadambut/video/7477993675306355976', 'https://www.tiktok.com/@hoaminzy_hoadambut/video/7503443446078786824', 'https://www.tiktok.com/@hoaminzy_hoadambut/video/7478731702903393543', 'https://www.tiktok.com/@hoaminzy_hoadambut/video/7485747662218693896', 'https://www.tiktok.com/@hoaminzy_hoadambut/video/7476064550148934930', 'https://www.tiktok.com/@hoaminzy_hoadambut/video/7470141470943563026', 'https://www.tiktok.com/@hoaminzy_hoadambut/video/7207404062344482075', 'https://www.tiktok.com/@hoaminzy_hoadambut/video/7476458995692178696')}
[2025-05-26T04:26:34.110+0000] {taskinstance.py:340} INFO - ::group::Post task execution logs
[2025-05-26T04:26:34.110+0000] {taskinstance.py:352} INFO - Marking task as SUCCESS. dag_id=tiktok_videos_scraper_dag, task_id=get_links_task, run_id=scheduled__2025-05-25T00:00:00+00:00, execution_date=20250525T000000, start_date=20250526T042609, end_date=20250526T042634
[2025-05-26T04:26:34.265+0000] {local_task_job_runner.py:261} INFO - Task exited with return code 0
[2025-05-26T04:26:34.285+0000] {taskinstance.py:3891} INFO - 1 downstream tasks scheduled from follow-on schedule check
[2025-05-26T04:26:34.380+0000] {local_task_job_runner.py:240} INFO - ::endgroup::
