[2025-05-05T10:31:03.995+0000] {local_task_job_runner.py:123} INFO - ::group::Pre task execution logs
[2025-05-05T10:31:04.009+0000] {taskinstance.py:2603} INFO - Dependencies all met for dep_context=non-requeueable deps ti=<TaskInstance: dag1.group1.task2 scheduled__2019-02-24T00:00:00+00:00 [queued]>
[2025-05-05T10:31:04.016+0000] {taskinstance.py:2603} INFO - Dependencies all met for dep_context=requeueable deps ti=<TaskInstance: dag1.group1.task2 scheduled__2019-02-24T00:00:00+00:00 [queued]>
[2025-05-05T10:31:04.017+0000] {taskinstance.py:2856} INFO - Starting attempt 1 of 3
[2025-05-05T10:31:04.039+0000] {taskinstance.py:2879} INFO - Executing <Task(BashOperator): group1.task2> on 2019-02-24 00:00:00+00:00
[2025-05-05T10:31:04.041+0000] {standard_task_runner.py:72} INFO - Started process 9328 to run task
[2025-05-05T10:31:04.044+0000] {standard_task_runner.py:104} INFO - Running: ['airflow', 'tasks', 'run', 'dag1', 'group1.task2', 'scheduled__2019-02-24T00:00:00+00:00', '--job-id', '3352', '--raw', '--subdir', 'DAGS_FOLDER/tuts/taskgroup_basic.py', '--cfg-path', '/tmp/tmpr8nia154']
[2025-05-05T10:31:04.045+0000] {standard_task_runner.py:105} INFO - Job 3352: Subtask group1.task2
[2025-05-05T10:31:04.082+0000] {task_command.py:467} INFO - Running <TaskInstance: dag1.group1.task2 scheduled__2019-02-24T00:00:00+00:00 [running]> on host 2c7afa36055b
[2025-05-05T10:31:04.135+0000] {taskinstance.py:3122} INFO - Exporting env vars: AIRFLOW_CTX_DAG_OWNER='airflow' AIRFLOW_CTX_DAG_ID='dag1' AIRFLOW_CTX_TASK_ID='group1.task2' AIRFLOW_CTX_EXECUTION_DATE='2019-02-24T00:00:00+00:00' AIRFLOW_CTX_TRY_NUMBER='1' AIRFLOW_CTX_DAG_RUN_ID='scheduled__2019-02-24T00:00:00+00:00'
[2025-05-05T10:31:04.136+0000] {taskinstance.py:731} INFO - ::endgroup::
[2025-05-05T10:31:04.138+0000] {subprocess.py:63} INFO - Tmp dir root location: /tmp
[2025-05-05T10:31:04.138+0000] {subprocess.py:75} INFO - Running command: ['/usr/bin/bash', '-c', 'echo Hello World!']
[2025-05-05T10:31:04.145+0000] {subprocess.py:86} INFO - Output:
[2025-05-05T10:31:04.146+0000] {subprocess.py:93} INFO - Hello World!
[2025-05-05T10:31:04.146+0000] {subprocess.py:97} INFO - Command exited with return code 0
[2025-05-05T10:31:04.167+0000] {taskinstance.py:340} INFO - ::group::Post task execution logs
[2025-05-05T10:31:04.167+0000] {taskinstance.py:352} INFO - Marking task as SUCCESS. dag_id=dag1, task_id=group1.task2, run_id=scheduled__2019-02-24T00:00:00+00:00, execution_date=20190224T000000, start_date=20250505T103104, end_date=20250505T103104
[2025-05-05T10:31:04.217+0000] {local_task_job_runner.py:261} INFO - Task exited with return code 0
[2025-05-05T10:31:04.229+0000] {taskinstance.py:3891} INFO - 0 downstream tasks scheduled from follow-on schedule check
[2025-05-05T10:31:04.230+0000] {local_task_job_runner.py:240} INFO - ::endgroup::
