[2025-04-29T02:55:47.106+0000] {local_task_job_runner.py:123} INFO - ::group::Pre task execution logs
[2025-04-29T02:55:47.117+0000] {taskinstance.py:2603} INFO - Dependencies all met for dep_context=non-requeueable deps ti=<TaskInstance: demo.hello scheduled__2024-06-26T00:00:00+00:00 [queued]>
[2025-04-29T02:55:47.122+0000] {taskinstance.py:2603} INFO - Dependencies all met for dep_context=requeueable deps ti=<TaskInstance: demo.hello scheduled__2024-06-26T00:00:00+00:00 [queued]>
[2025-04-29T02:55:47.122+0000] {taskinstance.py:2856} INFO - Starting attempt 1 of 1
[2025-04-29T02:55:47.130+0000] {taskinstance.py:2879} INFO - Executing <Task(BashOperator): hello> on 2024-06-26 00:00:00+00:00
[2025-04-29T02:55:47.133+0000] {standard_task_runner.py:72} INFO - Started process 6604 to run task
[2025-04-29T02:55:47.135+0000] {standard_task_runner.py:104} INFO - Running: ['airflow', 'tasks', 'run', 'demo', 'hello', 'scheduled__2024-06-26T00:00:00+00:00', '--job-id', '1828', '--raw', '--subdir', 'DAGS_FOLDER/simple-dag.py', '--cfg-path', '/tmp/tmpz3hl9x97']
[2025-04-29T02:55:47.136+0000] {standard_task_runner.py:105} INFO - Job 1828: Subtask hello
[2025-04-29T02:55:47.169+0000] {task_command.py:467} INFO - Running <TaskInstance: demo.hello scheduled__2024-06-26T00:00:00+00:00 [running]> on host 2c7afa36055b
[2025-04-29T02:55:47.221+0000] {taskinstance.py:3122} INFO - Exporting env vars: AIRFLOW_CTX_DAG_OWNER='airflow' AIRFLOW_CTX_DAG_ID='demo' AIRFLOW_CTX_TASK_ID='hello' AIRFLOW_CTX_EXECUTION_DATE='2024-06-26T00:00:00+00:00' AIRFLOW_CTX_TRY_NUMBER='1' AIRFLOW_CTX_DAG_RUN_ID='scheduled__2024-06-26T00:00:00+00:00'
[2025-04-29T02:55:47.221+0000] {taskinstance.py:731} INFO - ::endgroup::
[2025-04-29T02:55:47.223+0000] {subprocess.py:63} INFO - Tmp dir root location: /tmp
[2025-04-29T02:55:47.224+0000] {subprocess.py:75} INFO - Running command: ['/usr/bin/bash', '-c', 'echo hello']
[2025-04-29T02:55:47.229+0000] {subprocess.py:86} INFO - Output:
[2025-04-29T02:55:47.230+0000] {subprocess.py:93} INFO - hello
[2025-04-29T02:55:47.231+0000] {subprocess.py:97} INFO - Command exited with return code 0
[2025-04-29T02:55:47.248+0000] {taskinstance.py:340} INFO - ::group::Post task execution logs
[2025-04-29T02:55:47.248+0000] {taskinstance.py:352} INFO - Marking task as SUCCESS. dag_id=demo, task_id=hello, run_id=scheduled__2024-06-26T00:00:00+00:00, execution_date=20240626T000000, start_date=20250429T025547, end_date=20250429T025547
[2025-04-29T02:55:47.270+0000] {local_task_job_runner.py:261} INFO - Task exited with return code 0
[2025-04-29T02:55:47.285+0000] {taskinstance.py:3891} INFO - 1 downstream tasks scheduled from follow-on schedule check
[2025-04-29T02:55:47.286+0000] {local_task_job_runner.py:240} INFO - ::endgroup::
