[2025-05-06T06:30:03.087+0000] {local_task_job_runner.py:123} INFO - ::group::Pre task execution logs
[2025-05-06T06:30:03.098+0000] {taskinstance.py:2603} INFO - Dependencies all met for dep_context=non-requeueable deps ti=<TaskInstance: tiktok_videos_scraper_dag.virtualenv_python manual__2025-05-06T06:30:01.722351+00:00 [queued]>
[2025-05-06T06:30:03.104+0000] {taskinstance.py:2603} INFO - Dependencies all met for dep_context=requeueable deps ti=<TaskInstance: tiktok_videos_scraper_dag.virtualenv_python manual__2025-05-06T06:30:01.722351+00:00 [queued]>
[2025-05-06T06:30:03.104+0000] {taskinstance.py:2856} INFO - Starting attempt 1 of 1
[2025-05-06T06:30:03.111+0000] {taskinstance.py:2879} INFO - Executing <Task(_PythonVirtualenvDecoratedOperator): virtualenv_python> on 2025-05-06 06:30:01.722351+00:00
[2025-05-06T06:30:03.114+0000] {standard_task_runner.py:72} INFO - Started process 76 to run task
[2025-05-06T06:30:03.117+0000] {standard_task_runner.py:104} INFO - Running: ['airflow', 'tasks', 'run', 'tiktok_videos_scraper_dag', 'virtualenv_python', 'manual__2025-05-06T06:30:01.722351+00:00', '--job-id', '4535', '--raw', '--subdir', 'DAGS_FOLDER/pipeline.py', '--cfg-path', '/tmp/tmpfpvn56zn']
[2025-05-06T06:30:03.118+0000] {standard_task_runner.py:105} INFO - Job 4535: Subtask virtualenv_python
[2025-05-06T06:30:03.159+0000] {task_command.py:467} INFO - Running <TaskInstance: tiktok_videos_scraper_dag.virtualenv_python manual__2025-05-06T06:30:01.722351+00:00 [running]> on host 7b12961601a9
[2025-05-06T06:30:03.217+0000] {taskinstance.py:3122} INFO - Exporting env vars: AIRFLOW_CTX_DAG_OWNER='airflow' AIRFLOW_CTX_DAG_ID='tiktok_videos_scraper_dag' AIRFLOW_CTX_TASK_ID='virtualenv_python' AIRFLOW_CTX_EXECUTION_DATE='2025-05-06T06:30:01.722351+00:00' AIRFLOW_CTX_TRY_NUMBER='1' AIRFLOW_CTX_DAG_RUN_ID='manual__2025-05-06T06:30:01.722351+00:00'
[2025-05-06T06:30:03.218+0000] {taskinstance.py:731} INFO - ::endgroup::
[2025-05-06T06:30:03.221+0000] {process_utils.py:186} INFO - Executing cmd: /home/airflow/.local/bin/python -m virtualenv /tmp/venvcqr1a88k --python=python
[2025-05-06T06:30:03.222+0000] {process_utils.py:190} INFO - Output:
[2025-05-06T06:30:04.465+0000] {process_utils.py:194} INFO - created virtual environment CPython3.10.14.final.0-64 in 730ms
[2025-05-06T06:30:04.466+0000] {process_utils.py:194} INFO -   creator CPython3Posix(dest=/tmp/venvcqr1a88k, clear=False, no_vcs_ignore=False, global=False)
[2025-05-06T06:30:04.467+0000] {process_utils.py:194} INFO -   seeder FromAppData(download=False, pip=bundle, setuptools=bundle, wheel=bundle, via=copy, app_data_dir=/home/airflow/.local/share/virtualenv)
[2025-05-06T06:30:04.467+0000] {process_utils.py:194} INFO -     added seed packages: pip==24.1, setuptools==70.1.0, wheel==0.43.0
[2025-05-06T06:30:04.467+0000] {process_utils.py:194} INFO -   activators BashActivator,CShellActivator,FishActivator,NushellActivator,PowerShellActivator,PythonActivator
[2025-05-06T06:30:04.505+0000] {process_utils.py:186} INFO - Executing cmd: /tmp/venvcqr1a88k/bin/pip install -r /tmp/venvcqr1a88k/requirements.txt
[2025-05-06T06:30:04.506+0000] {process_utils.py:190} INFO - Output:
[2025-05-06T06:30:05.416+0000] {process_utils.py:194} INFO - Collecting TikTokApi==7.1.0 (from -r /tmp/venvcqr1a88k/requirements.txt (line 1))
[2025-05-06T06:30:05.689+0000] {process_utils.py:194} INFO -   Downloading tiktokapi-7.1.0-py3-none-any.whl.metadata (9.7 kB)
[2025-05-06T06:30:05.819+0000] {process_utils.py:194} INFO - Collecting requests (from TikTokApi==7.1.0->-r /tmp/venvcqr1a88k/requirements.txt (line 1))
[2025-05-06T06:30:05.882+0000] {process_utils.py:194} INFO -   Downloading requests-2.32.3-py3-none-any.whl.metadata (4.6 kB)
[2025-05-06T06:30:06.027+0000] {process_utils.py:194} INFO - Collecting playwright (from TikTokApi==7.1.0->-r /tmp/venvcqr1a88k/requirements.txt (line 1))
[2025-05-06T06:30:06.092+0000] {process_utils.py:194} INFO -   Downloading playwright-1.52.0-py3-none-manylinux1_x86_64.whl.metadata (3.5 kB)
[2025-05-06T06:30:06.192+0000] {process_utils.py:194} INFO - Collecting httpx (from TikTokApi==7.1.0->-r /tmp/venvcqr1a88k/requirements.txt (line 1))
[2025-05-06T06:30:06.259+0000] {process_utils.py:194} INFO -   Downloading httpx-0.28.1-py3-none-any.whl.metadata (7.1 kB)
[2025-05-06T06:30:06.394+0000] {process_utils.py:194} INFO - Collecting anyio (from httpx->TikTokApi==7.1.0->-r /tmp/venvcqr1a88k/requirements.txt (line 1))
[2025-05-06T06:30:06.458+0000] {process_utils.py:194} INFO -   Downloading anyio-4.9.0-py3-none-any.whl.metadata (4.7 kB)
[2025-05-06T06:30:06.566+0000] {process_utils.py:194} INFO - Collecting certifi (from httpx->TikTokApi==7.1.0->-r /tmp/venvcqr1a88k/requirements.txt (line 1))
[2025-05-06T06:30:06.636+0000] {process_utils.py:194} INFO -   Downloading certifi-2025.4.26-py3-none-any.whl.metadata (2.5 kB)
[2025-05-06T06:30:06.736+0000] {process_utils.py:194} INFO - Collecting httpcore==1.* (from httpx->TikTokApi==7.1.0->-r /tmp/venvcqr1a88k/requirements.txt (line 1))
[2025-05-06T06:30:06.800+0000] {process_utils.py:194} INFO -   Downloading httpcore-1.0.9-py3-none-any.whl.metadata (21 kB)
[2025-05-06T06:30:06.903+0000] {process_utils.py:194} INFO - Collecting idna (from httpx->TikTokApi==7.1.0->-r /tmp/venvcqr1a88k/requirements.txt (line 1))
[2025-05-06T06:30:06.966+0000] {process_utils.py:194} INFO -   Downloading idna-3.10-py3-none-any.whl.metadata (10 kB)
[2025-05-06T06:30:07.056+0000] {process_utils.py:194} INFO - Collecting h11>=0.16 (from httpcore==1.*->httpx->TikTokApi==7.1.0->-r /tmp/venvcqr1a88k/requirements.txt (line 1))
[2025-05-06T06:30:07.119+0000] {process_utils.py:194} INFO -   Downloading h11-0.16.0-py3-none-any.whl.metadata (8.3 kB)
[2025-05-06T06:30:07.235+0000] {process_utils.py:194} INFO - Collecting pyee<14,>=13 (from playwright->TikTokApi==7.1.0->-r /tmp/venvcqr1a88k/requirements.txt (line 1))
[2025-05-06T06:30:07.302+0000] {process_utils.py:194} INFO -   Downloading pyee-13.0.0-py3-none-any.whl.metadata (2.9 kB)
[2025-05-06T06:30:07.626+0000] {process_utils.py:194} INFO - Collecting greenlet<4.0.0,>=3.1.1 (from playwright->TikTokApi==7.1.0->-r /tmp/venvcqr1a88k/requirements.txt (line 1))
[2025-05-06T06:30:07.696+0000] {process_utils.py:194} INFO -   Downloading greenlet-3.2.1-cp310-cp310-manylinux_2_24_x86_64.manylinux_2_28_x86_64.whl.metadata (4.1 kB)
[2025-05-06T06:30:07.915+0000] {process_utils.py:194} INFO - Collecting charset-normalizer<4,>=2 (from requests->TikTokApi==7.1.0->-r /tmp/venvcqr1a88k/requirements.txt (line 1))
[2025-05-06T06:30:07.979+0000] {process_utils.py:194} INFO -   Downloading charset_normalizer-3.4.2-cp310-cp310-manylinux_2_17_x86_64.manylinux2014_x86_64.whl.metadata (35 kB)
[2025-05-06T06:30:08.124+0000] {process_utils.py:194} INFO - Collecting urllib3<3,>=1.21.1 (from requests->TikTokApi==7.1.0->-r /tmp/venvcqr1a88k/requirements.txt (line 1))
[2025-05-06T06:30:08.187+0000] {process_utils.py:194} INFO -   Downloading urllib3-2.4.0-py3-none-any.whl.metadata (6.5 kB)
[2025-05-06T06:30:08.297+0000] {process_utils.py:194} INFO - Collecting typing-extensions (from pyee<14,>=13->playwright->TikTokApi==7.1.0->-r /tmp/venvcqr1a88k/requirements.txt (line 1))
[2025-05-06T06:30:08.360+0000] {process_utils.py:194} INFO -   Downloading typing_extensions-4.13.2-py3-none-any.whl.metadata (3.0 kB)
[2025-05-06T06:30:08.470+0000] {process_utils.py:194} INFO - Collecting exceptiongroup>=1.0.2 (from anyio->httpx->TikTokApi==7.1.0->-r /tmp/venvcqr1a88k/requirements.txt (line 1))
[2025-05-06T06:30:08.534+0000] {process_utils.py:194} INFO -   Downloading exceptiongroup-1.2.2-py3-none-any.whl.metadata (6.6 kB)
[2025-05-06T06:30:08.638+0000] {process_utils.py:194} INFO - Collecting sniffio>=1.1 (from anyio->httpx->TikTokApi==7.1.0->-r /tmp/venvcqr1a88k/requirements.txt (line 1))
[2025-05-06T06:30:08.702+0000] {process_utils.py:194} INFO -   Downloading sniffio-1.3.1-py3-none-any.whl.metadata (3.9 kB)
[2025-05-06T06:30:08.789+0000] {process_utils.py:194} INFO - Downloading tiktokapi-7.1.0-py3-none-any.whl (55 kB)
[2025-05-06T06:30:08.837+0000] {process_utils.py:194} INFO -    ━━━━━━━━━━━━━━━━━━━━━━━━━━━━━━━━━━━━━━━━ 55.8/55.8 kB 1.1 MB/s eta 0:00:00
[2025-05-06T06:30:08.900+0000] {process_utils.py:194} INFO - Downloading httpx-0.28.1-py3-none-any.whl (73 kB)
[2025-05-06T06:30:08.926+0000] {process_utils.py:194} INFO -    ━━━━━━━━━━━━━━━━━━━━━━━━━━━━━━━━━━━━━━━━ 73.5/73.5 kB 2.9 MB/s eta 0:00:00
[2025-05-06T06:30:08.990+0000] {process_utils.py:194} INFO - Downloading httpcore-1.0.9-py3-none-any.whl (78 kB)
[2025-05-06T06:30:09.022+0000] {process_utils.py:194} INFO -    ━━━━━━━━━━━━━━━━━━━━━━━━━━━━━━━━━━━━━━━━ 78.8/78.8 kB 2.3 MB/s eta 0:00:00
[2025-05-06T06:30:09.087+0000] {process_utils.py:194} INFO - Downloading playwright-1.52.0-py3-none-manylinux1_x86_64.whl (45.1 MB)
[2025-05-06T06:30:17.885+0000] {process_utils.py:194} INFO -    ━━━━━━━━━━━━━━━━━━━━━━━━━━━━━━━━━━━━━━━━ 45.1/45.1 MB 4.4 MB/s eta 0:00:00
[2025-05-06T06:30:17.948+0000] {process_utils.py:194} INFO - Downloading requests-2.32.3-py3-none-any.whl (64 kB)
[2025-05-06T06:30:17.965+0000] {process_utils.py:194} INFO -    ━━━━━━━━━━━━━━━━━━━━━━━━━━━━━━━━━━━━━━━━ 64.9/64.9 kB 3.8 MB/s eta 0:00:00
[2025-05-06T06:30:18.029+0000] {process_utils.py:194} INFO - Downloading certifi-2025.4.26-py3-none-any.whl (159 kB)
[2025-05-06T06:30:18.067+0000] {process_utils.py:194} INFO -    ━━━━━━━━━━━━━━━━━━━━━━━━━━━━━━━━━━━━━━━━ 159.6/159.6 kB 4.3 MB/s eta 0:00:00
[2025-05-06T06:30:18.130+0000] {process_utils.py:194} INFO - Downloading charset_normalizer-3.4.2-cp310-cp310-manylinux_2_17_x86_64.manylinux2014_x86_64.whl (149 kB)
[2025-05-06T06:30:18.173+0000] {process_utils.py:194} INFO -    ━━━━━━━━━━━━━━━━━━━━━━━━━━━━━━━━━━━━━━━━ 149.5/149.5 kB 3.4 MB/s eta 0:00:00
[2025-05-06T06:30:18.237+0000] {process_utils.py:194} INFO - Downloading greenlet-3.2.1-cp310-cp310-manylinux_2_24_x86_64.manylinux_2_28_x86_64.whl (580 kB)
[2025-05-06T06:30:18.352+0000] {process_utils.py:194} INFO -    ━━━━━━━━━━━━━━━━━━━━━━━━━━━━━━━━━━━━━━━━ 580.6/580.6 kB 5.1 MB/s eta 0:00:00
[2025-05-06T06:30:18.416+0000] {process_utils.py:194} INFO - Downloading idna-3.10-py3-none-any.whl (70 kB)
[2025-05-06T06:30:18.448+0000] {process_utils.py:194} INFO -    ━━━━━━━━━━━━━━━━━━━━━━━━━━━━━━━━━━━━━━━━ 70.4/70.4 kB 2.0 MB/s eta 0:00:00
[2025-05-06T06:30:18.511+0000] {process_utils.py:194} INFO - Downloading pyee-13.0.0-py3-none-any.whl (15 kB)
[2025-05-06T06:30:18.591+0000] {process_utils.py:194} INFO - Downloading urllib3-2.4.0-py3-none-any.whl (128 kB)
[2025-05-06T06:30:18.618+0000] {process_utils.py:194} INFO -    ━━━━━━━━━━━━━━━━━━━━━━━━━━━━━━━━━━━━━━━━ 128.7/128.7 kB 5.0 MB/s eta 0:00:00
[2025-05-06T06:30:18.684+0000] {process_utils.py:194} INFO - Downloading anyio-4.9.0-py3-none-any.whl (100 kB)
[2025-05-06T06:30:18.707+0000] {process_utils.py:194} INFO -    ━━━━━━━━━━━━━━━━━━━━━━━━━━━━━━━━━━━━━━━━ 100.9/100.9 kB 4.5 MB/s eta 0:00:00
[2025-05-06T06:30:18.770+0000] {process_utils.py:194} INFO - Downloading exceptiongroup-1.2.2-py3-none-any.whl (16 kB)
[2025-05-06T06:30:18.843+0000] {process_utils.py:194} INFO - Downloading h11-0.16.0-py3-none-any.whl (37 kB)
[2025-05-06T06:30:18.916+0000] {process_utils.py:194} INFO - Downloading sniffio-1.3.1-py3-none-any.whl (10 kB)
[2025-05-06T06:30:18.996+0000] {process_utils.py:194} INFO - Downloading typing_extensions-4.13.2-py3-none-any.whl (45 kB)
[2025-05-06T06:30:19.027+0000] {process_utils.py:194} INFO -    ━━━━━━━━━━━━━━━━━━━━━━━━━━━━━━━━━━━━━━━━ 45.8/45.8 kB 1.2 MB/s eta 0:00:00
[2025-05-06T06:30:19.101+0000] {process_utils.py:194} INFO - Installing collected packages: urllib3, typing-extensions, sniffio, idna, h11, greenlet, exceptiongroup, charset-normalizer, certifi, requests, pyee, httpcore, anyio, playwright, httpx, TikTokApi
[2025-05-06T06:30:20.225+0000] {process_utils.py:194} INFO - Successfully installed TikTokApi-7.1.0 anyio-4.9.0 certifi-2025.4.26 charset-normalizer-3.4.2 exceptiongroup-1.2.2 greenlet-3.2.1 h11-0.16.0 httpcore-1.0.9 httpx-0.28.1 idna-3.10 playwright-1.52.0 pyee-13.0.0 requests-2.32.3 sniffio-1.3.1 typing-extensions-4.13.2 urllib3-2.4.0
[2025-05-06T06:30:20.468+0000] {process_utils.py:194} INFO - 
[2025-05-06T06:30:20.469+0000] {process_utils.py:194} INFO - [notice] A new release of pip is available: 24.1 -> 25.1.1
[2025-05-06T06:30:20.469+0000] {process_utils.py:194} INFO - [notice] To update, run: python -m pip install --upgrade pip
[2025-05-06T06:30:20.554+0000] {python.py:513} INFO - Use 'pickle' as serializer.
[2025-05-06T06:30:20.562+0000] {process_utils.py:186} INFO - Executing cmd: /tmp/venvcqr1a88k/bin/python /tmp/venv-call3qoxqeyk/script.py /tmp/venv-call3qoxqeyk/script.in /tmp/venv-call3qoxqeyk/script.out /tmp/venv-call3qoxqeyk/string_args.txt /tmp/venv-call3qoxqeyk/termination.log
[2025-05-06T06:30:20.563+0000] {process_utils.py:190} INFO - Output:
[2025-05-06T06:30:20.777+0000] {python.py:240} INFO - Done. Returned value was: None
[2025-05-06T06:30:20.798+0000] {taskinstance.py:340} INFO - ::group::Post task execution logs
[2025-05-06T06:30:20.798+0000] {taskinstance.py:352} INFO - Marking task as SUCCESS. dag_id=tiktok_videos_scraper_dag, task_id=virtualenv_python, run_id=manual__2025-05-06T06:30:01.722351+00:00, execution_date=20250506T063001, start_date=20250506T063003, end_date=20250506T063020
[2025-05-06T06:30:20.851+0000] {local_task_job_runner.py:261} INFO - Task exited with return code 0
[2025-05-06T06:30:20.863+0000] {taskinstance.py:3891} INFO - 0 downstream tasks scheduled from follow-on schedule check
[2025-05-06T06:30:20.865+0000] {local_task_job_runner.py:240} INFO - ::endgroup::
