[2025-05-16T07:01:42.398+0000] {local_task_job_runner.py:123} INFO - ::group::Pre task execution logs
[2025-05-16T07:01:42.412+0000] {taskinstance.py:2603} INFO - Dependencies all met for dep_context=non-requeueable deps ti=<TaskInstance: facebook_videos_scraper_dag.facebook_videos_scraper_task manual__2025-05-16T07:01:41.456582+00:00 [queued]>
[2025-05-16T07:01:42.418+0000] {taskinstance.py:2603} INFO - Dependencies all met for dep_context=requeueable deps ti=<TaskInstance: facebook_videos_scraper_dag.facebook_videos_scraper_task manual__2025-05-16T07:01:41.456582+00:00 [queued]>
[2025-05-16T07:01:42.418+0000] {taskinstance.py:2856} INFO - Starting attempt 1 of 1
[2025-05-16T07:01:42.426+0000] {taskinstance.py:2879} INFO - Executing <Task(PythonOperator): facebook_videos_scraper_task> on 2025-05-16 07:01:41.456582+00:00
[2025-05-16T07:01:42.429+0000] {standard_task_runner.py:72} INFO - Started process 9777 to run task
[2025-05-16T07:01:42.432+0000] {standard_task_runner.py:104} INFO - Running: ['airflow', 'tasks', 'run', 'facebook_videos_scraper_dag', 'facebook_videos_scraper_task', 'manual__2025-05-16T07:01:41.456582+00:00', '--job-id', '6094', '--raw', '--subdir', 'DAGS_FOLDER/pipeline_fb.py', '--cfg-path', '/tmp/tmpjewslew5']
[2025-05-16T07:01:42.433+0000] {standard_task_runner.py:105} INFO - Job 6094: Subtask facebook_videos_scraper_task
[2025-05-16T07:01:42.468+0000] {task_command.py:467} INFO - Running <TaskInstance: facebook_videos_scraper_dag.facebook_videos_scraper_task manual__2025-05-16T07:01:41.456582+00:00 [running]> on host 8579eb2523da
[2025-05-16T07:01:42.520+0000] {taskinstance.py:3122} INFO - Exporting env vars: AIRFLOW_CTX_DAG_OWNER='airflow' AIRFLOW_CTX_DAG_ID='facebook_videos_scraper_dag' AIRFLOW_CTX_TASK_ID='facebook_videos_scraper_task' AIRFLOW_CTX_EXECUTION_DATE='2025-05-16T07:01:41.456582+00:00' AIRFLOW_CTX_TRY_NUMBER='1' AIRFLOW_CTX_DAG_RUN_ID='manual__2025-05-16T07:01:41.456582+00:00'
[2025-05-16T07:01:42.520+0000] {taskinstance.py:731} INFO - ::endgroup::
[2025-05-16T07:01:42.541+0000] {selenium_manager.py:133} WARNING - The chromedriver version (136.0.7103.59) detected in PATH at /usr/bin/chromedriver might not be compatible with the detected chrome version (136.0.7103.94); currently, chromedriver 136.0.7103.94 is recommended for chrome 136.*, so it is advised to delete the driver in PATH and retry
[2025-05-16T07:01:41.506+0000] {logging_mixin.py:190} INFO - Step 1 of 3 - Load cookies
[2025-05-16T07:01:44.332+0000] {logging_mixin.py:190} INFO - Step 2 of 3 - Scrolling page
[2025-05-16T07:01:44.332+0000] {logging_mixin.py:190} INFO - Scrolling 1 iterations...
[2025-05-16T07:01:47.351+0000] {logging_mixin.py:190} INFO - Scrolled 1 iterations
[2025-05-16T07:01:47.351+0000] {logging_mixin.py:190} INFO - Step 3 of 3 - Extract videos urls
[2025-05-16T07:01:47.361+0000] {logging_mixin.py:190} INFO - Found 31 a tags
[2025-05-16T07:01:47.534+0000] {logging_mixin.py:190} INFO - Found 0 href elements
[2025-05-16T07:01:47.535+0000] {logging_mixin.py:190} INFO -  No data found
[2025-05-16T07:01:47.654+0000] {python.py:240} INFO - Done. Returned value was: []
[2025-05-16T07:01:47.672+0000] {taskinstance.py:340} INFO - ::group::Post task execution logs
[2025-05-16T07:01:47.672+0000] {taskinstance.py:352} INFO - Marking task as SUCCESS. dag_id=facebook_videos_scraper_dag, task_id=facebook_videos_scraper_task, run_id=manual__2025-05-16T07:01:41.456582+00:00, execution_date=20250516T070141, start_date=20250516T070142, end_date=20250516T070147
[2025-05-16T07:01:47.710+0000] {local_task_job_runner.py:261} INFO - Task exited with return code 0
[2025-05-16T07:01:47.725+0000] {taskinstance.py:3891} INFO - 1 downstream tasks scheduled from follow-on schedule check
[2025-05-16T07:01:47.727+0000] {local_task_job_runner.py:240} INFO - ::endgroup::
