[2025-05-26T10:04:42.105+0000] {local_task_job_runner.py:123} INFO - ::group::Pre task execution logs
[2025-05-26T10:04:42.116+0000] {taskinstance.py:2603} INFO - Dependencies all met for dep_context=non-requeueable deps ti=<TaskInstance: x_videos_scraper_dag.get_links_task manual__2025-05-26T10:04:32.005450+00:00 [queued]>
[2025-05-26T10:04:42.121+0000] {taskinstance.py:2603} INFO - Dependencies all met for dep_context=requeueable deps ti=<TaskInstance: x_videos_scraper_dag.get_links_task manual__2025-05-26T10:04:32.005450+00:00 [queued]>
[2025-05-26T10:04:42.122+0000] {taskinstance.py:2856} INFO - Starting attempt 1 of 6
[2025-05-26T10:04:42.131+0000] {taskinstance.py:2879} INFO - Executing <Task(PythonOperator): get_links_task> on 2025-05-26 10:04:32.005450+00:00
[2025-05-26T10:04:42.133+0000] {standard_task_runner.py:72} INFO - Started process 3948478 to run task
[2025-05-26T10:04:42.136+0000] {standard_task_runner.py:104} INFO - Running: ['airflow', 'tasks', 'run', 'x_videos_scraper_dag', 'get_links_task', 'manual__2025-05-26T10:04:32.005450+00:00', '--job-id', '6824', '--raw', '--subdir', 'DAGS_FOLDER/pipeline_x.py', '--cfg-path', '/tmp/tmp33ofgc99']
[2025-05-26T10:04:42.138+0000] {standard_task_runner.py:105} INFO - Job 6824: Subtask get_links_task
[2025-05-26T10:04:42.179+0000] {task_command.py:467} INFO - Running <TaskInstance: x_videos_scraper_dag.get_links_task manual__2025-05-26T10:04:32.005450+00:00 [running]> on host 3d8e4ce8d08f
[2025-05-26T10:04:42.238+0000] {taskinstance.py:3122} INFO - Exporting env vars: AIRFLOW_CTX_DAG_OWNER='airflow' AIRFLOW_CTX_DAG_ID='x_videos_scraper_dag' AIRFLOW_CTX_TASK_ID='get_links_task' AIRFLOW_CTX_EXECUTION_DATE='2025-05-26T10:04:32.005450+00:00' AIRFLOW_CTX_TRY_NUMBER='1' AIRFLOW_CTX_DAG_RUN_ID='manual__2025-05-26T10:04:32.005450+00:00'
[2025-05-26T10:04:42.239+0000] {taskinstance.py:731} INFO - ::endgroup::
[2025-05-26T10:04:52.249+0000] {logging_mixin.py:190} INFO - https://x.com/ManCity/status/1926913878014701857/video/1
[2025-05-26T10:04:52.256+0000] {logging_mixin.py:190} INFO - https://x.com/ManCity/status/1926750119032152371/video/1
[2025-05-26T10:04:52.260+0000] {logging_mixin.py:190} INFO - https://x.com/ManCity/status/1926747602542002315/video/1
[2025-05-26T10:04:52.265+0000] {logging_mixin.py:190} INFO - https://x.com/ManCity/status/1926745087414829232/video/1
[2025-05-26T10:04:52.269+0000] {logging_mixin.py:190} INFO - https://x.com/ManCity/status/1926709942288855300/video/1
[2025-05-26T10:04:52.282+0000] {logging_mixin.py:190} INFO - https://x.com/ManCity/status/1926698131439140936/video/1
[2025-05-26T10:04:52.308+0000] {logging_mixin.py:190} INFO - https://x.com/ManCity/status/1926678327118479510/video/1
[2025-05-26T10:04:52.324+0000] {logging_mixin.py:190} INFO - https://x.com/ManCity/status/1926660027869245813/video/1
[2025-05-26T10:04:52.358+0000] {logging_mixin.py:190} INFO - https://x.com/ManCity/status/1926352528414744716/video/1
[2025-05-26T10:04:52.369+0000] {logging_mixin.py:190} INFO - https://x.com/ManCity/status/1926231736901407125/video/1
[2025-05-26T10:04:52.373+0000] {logging_mixin.py:190} INFO - https://x.com/ManCity/status/1926216780638192037/video/1
[2025-05-26T10:04:52.386+0000] {logging_mixin.py:190} INFO - https://x.com/ManCity/status/1925944832612012205/video/1
[2025-05-26T10:04:52.390+0000] {logging_mixin.py:190} INFO - https://x.com/ManCity/status/1925893335006195900/video/1
[2025-05-26T10:04:52.393+0000] {logging_mixin.py:190} INFO - https://x.com/ManCity/status/1925892968231109016/video/1
[2025-05-26T10:04:52.404+0000] {logging_mixin.py:190} INFO - https://x.com/ManCity/status/1925861711950512549/video/1
[2025-05-26T10:04:52.419+0000] {logging_mixin.py:190} INFO - https://x.com/ManCity/status/1925653957633855876/video/1
[2025-05-26T10:04:52.467+0000] {logging_mixin.py:190} INFO - Remaining new videos: 16
[2025-05-26T10:04:52.467+0000] {logging_mixin.py:190} INFO - Total new videos to process: 5
[2025-05-26T10:04:52.467+0000] {logging_mixin.py:190} INFO - New videos: 5
[2025-05-26T10:04:52.540+0000] {python.py:240} INFO - Done. Returned value was: {'id': 'ManCity', 'new_links': ('https://x.com/ManCity/status/1926913878014701857/video/1', 'https://x.com/ManCity/status/1926747602542002315/video/1', 'https://x.com/ManCity/status/1926745087414829232/video/1', 'https://x.com/ManCity/status/1926750119032152371/video/1', 'https://x.com/ManCity/status/1926709942288855300/video/1')}
[2025-05-26T10:04:52.562+0000] {taskinstance.py:340} INFO - ::group::Post task execution logs
[2025-05-26T10:04:52.563+0000] {taskinstance.py:352} INFO - Marking task as SUCCESS. dag_id=x_videos_scraper_dag, task_id=get_links_task, run_id=manual__2025-05-26T10:04:32.005450+00:00, execution_date=20250526T100432, start_date=20250526T100442, end_date=20250526T100452
[2025-05-26T10:04:52.563+0000] {taskinstance.py:1554} INFO - Executing <lambda> callback
[2025-05-26T10:04:52.563+0000] {pipeline_x.py:44} INFO - DAG runs successfully
[2025-05-26T10:04:52.584+0000] {local_task_job_runner.py:261} INFO - Task exited with return code 0
[2025-05-26T10:04:52.604+0000] {taskinstance.py:3891} INFO - 1 downstream tasks scheduled from follow-on schedule check
[2025-05-26T10:04:52.606+0000] {local_task_job_runner.py:240} INFO - ::endgroup::
