[2025-05-08T08:02:46.874+0000] {local_task_job_runner.py:123} INFO - ::group::Pre task execution logs
[2025-05-08T08:02:46.884+0000] {taskinstance.py:2603} INFO - Dependencies all met for dep_context=non-requeueable deps ti=<TaskInstance: x_videos_scraper_dag.x_videos_scraper manual__2025-05-08T08:02:30.355669+00:00 [queued]>
[2025-05-08T08:02:46.888+0000] {taskinstance.py:2603} INFO - Dependencies all met for dep_context=requeueable deps ti=<TaskInstance: x_videos_scraper_dag.x_videos_scraper manual__2025-05-08T08:02:30.355669+00:00 [queued]>
[2025-05-08T08:02:46.888+0000] {taskinstance.py:2856} INFO - Starting attempt 1 of 1
[2025-05-08T08:02:46.896+0000] {taskinstance.py:2879} INFO - Executing <Task(_PythonDecoratedOperator): x_videos_scraper> on 2025-05-08 08:02:30.355669+00:00
[2025-05-08T08:02:46.899+0000] {standard_task_runner.py:72} INFO - Started process 212 to run task
[2025-05-08T08:02:46.902+0000] {standard_task_runner.py:104} INFO - Running: ['airflow', 'tasks', 'run', 'x_videos_scraper_dag', 'x_videos_scraper', 'manual__2025-05-08T08:02:30.355669+00:00', '--job-id', '5148', '--raw', '--subdir', 'DAGS_FOLDER/pipeline.py', '--cfg-path', '/tmp/tmp421bj4sn']
[2025-05-08T08:02:46.904+0000] {standard_task_runner.py:105} INFO - Job 5148: Subtask x_videos_scraper
[2025-05-08T08:02:46.939+0000] {task_command.py:467} INFO - Running <TaskInstance: x_videos_scraper_dag.x_videos_scraper manual__2025-05-08T08:02:30.355669+00:00 [running]> on host f411c64f2ec2
[2025-05-08T08:02:47.003+0000] {taskinstance.py:3122} INFO - Exporting env vars: AIRFLOW_CTX_DAG_OWNER='airflow' AIRFLOW_CTX_DAG_ID='x_videos_scraper_dag' AIRFLOW_CTX_TASK_ID='x_videos_scraper' AIRFLOW_CTX_EXECUTION_DATE='2025-05-08T08:02:30.355669+00:00' AIRFLOW_CTX_TRY_NUMBER='1' AIRFLOW_CTX_DAG_RUN_ID='manual__2025-05-08T08:02:30.355669+00:00'
[2025-05-08T08:02:47.004+0000] {taskinstance.py:731} INFO - ::endgroup::
[2025-05-08T08:02:47.007+0000] {logging_mixin.py:190} INFO - Invalid or empty storage_state.json, will not use it.
[2025-05-08T08:02:44.760+0000] {logging_mixin.py:190} INFO - Scrolling down... 0
[2025-05-08T08:02:56.874+0000] {job.py:229} INFO - Heartbeat recovered after 13.55 seconds
[2025-05-08T08:02:49.610+0000] {logging_mixin.py:190} INFO - Reading URLs from scraped_data/x.txt...
[2025-05-08T08:02:49.864+0000] {logging_mixin.py:190} INFO - No URLs found in the file.
[2025-05-08T08:02:49.864+0000] {python.py:240} INFO - Done. Returned value was: None
[2025-05-08T08:02:49.872+0000] {taskinstance.py:340} INFO - ::group::Post task execution logs
[2025-05-08T08:02:49.872+0000] {taskinstance.py:352} INFO - Marking task as SUCCESS. dag_id=x_videos_scraper_dag, task_id=x_videos_scraper, run_id=manual__2025-05-08T08:02:30.355669+00:00, execution_date=20250508T080230, start_date=20250508T080246, end_date=20250508T080249
[2025-05-08T08:02:49.920+0000] {local_task_job_runner.py:261} INFO - Task exited with return code 0
[2025-05-08T08:02:49.931+0000] {taskinstance.py:3891} INFO - 0 downstream tasks scheduled from follow-on schedule check
[2025-05-08T08:02:49.933+0000] {local_task_job_runner.py:240} INFO - ::endgroup::
