[2025-05-16T02:00:14.151+0000] {local_task_job_runner.py:123} INFO - ::group::Pre task execution logs
[2025-05-16T02:00:14.163+0000] {taskinstance.py:2603} INFO - Dependencies all met for dep_context=non-requeueable deps ti=<TaskInstance: tiktok_videos_scraper_dag.tiktok_videos_scraper_task manual__2025-05-16T02:00:12.920610+00:00 [queued]>
[2025-05-16T02:00:14.169+0000] {taskinstance.py:2603} INFO - Dependencies all met for dep_context=requeueable deps ti=<TaskInstance: tiktok_videos_scraper_dag.tiktok_videos_scraper_task manual__2025-05-16T02:00:12.920610+00:00 [queued]>
[2025-05-16T02:00:14.169+0000] {taskinstance.py:2856} INFO - Starting attempt 1 of 1
[2025-05-16T02:00:14.177+0000] {taskinstance.py:2879} INFO - Executing <Task(PythonOperator): tiktok_videos_scraper_task> on 2025-05-16 02:00:12.920610+00:00
[2025-05-16T02:00:14.180+0000] {standard_task_runner.py:72} INFO - Started process 672 to run task
[2025-05-16T02:00:14.182+0000] {standard_task_runner.py:104} INFO - Running: ['airflow', 'tasks', 'run', 'tiktok_videos_scraper_dag', 'tiktok_videos_scraper_task', 'manual__2025-05-16T02:00:12.920610+00:00', '--job-id', '6043', '--raw', '--subdir', 'DAGS_FOLDER/pipeline_tiktok.py', '--cfg-path', '/tmp/tmp06zypdq4']
[2025-05-16T02:00:14.184+0000] {standard_task_runner.py:105} INFO - Job 6043: Subtask tiktok_videos_scraper_task
[2025-05-16T02:00:14.217+0000] {task_command.py:467} INFO - Running <TaskInstance: tiktok_videos_scraper_dag.tiktok_videos_scraper_task manual__2025-05-16T02:00:12.920610+00:00 [running]> on host 8579eb2523da
[2025-05-16T02:00:14.276+0000] {taskinstance.py:3122} INFO - Exporting env vars: AIRFLOW_CTX_DAG_OWNER='airflow' AIRFLOW_CTX_DAG_ID='tiktok_videos_scraper_dag' AIRFLOW_CTX_TASK_ID='tiktok_videos_scraper_task' AIRFLOW_CTX_EXECUTION_DATE='2025-05-16T02:00:12.920610+00:00' AIRFLOW_CTX_TRY_NUMBER='1' AIRFLOW_CTX_DAG_RUN_ID='manual__2025-05-16T02:00:12.920610+00:00'
[2025-05-16T02:00:14.277+0000] {taskinstance.py:731} INFO - ::endgroup::
[2025-05-16T02:14:36.378+0000] {job.py:229} INFO - Heartbeat recovered after 22.75 seconds
[2025-05-16T02:14:47.469+0000] {job.py:229} INFO - Heartbeat recovered after 12.85 seconds
[2025-05-16T02:18:39.279+0000] {job.py:229} INFO - Heartbeat recovered after 19.58 seconds
[2025-05-16T02:18:58.815+0000] {job.py:229} INFO - Heartbeat recovered after 19.94 seconds
[2025-05-16T02:19:21.470+0000] {job.py:229} INFO - Heartbeat recovered after 23.18 seconds
[2025-05-16T02:20:07.418+0000] {job.py:229} INFO - Heartbeat recovered after 47.43 seconds
[2025-05-16T02:20:24.309+0000] {job.py:229} INFO - Heartbeat recovered after 17.28 seconds
[2025-05-16T02:21:35.656+0000] {job.py:229} INFO - Heartbeat recovered after 66.16 seconds
[2025-05-16T02:25:02.342+0000] {job.py:229} INFO - Heartbeat recovered after 253.71 seconds
[2025-05-19T02:16:20.027+0000] {local_task_job_runner.py:123} INFO - ::group::Pre task execution logs
[2025-05-19T02:16:20.045+0000] {taskinstance.py:2593} INFO - Dependencies not met for <TaskInstance: tiktok_videos_scraper_dag.tiktok_videos_scraper_task manual__2025-05-16T02:00:12.920610+00:00 [failed]>, dependency 'Task Instance State' FAILED: Task is in the 'failed' state.
[2025-05-19T02:16:20.047+0000] {local_task_job_runner.py:166} INFO - Task is not able to be run
