[2025-05-21T08:41:19.215+0000] {local_task_job_runner.py:123} INFO - ::group::Pre task execution logs
[2025-05-21T08:41:19.227+0000] {taskinstance.py:2603} INFO - Dependencies all met for dep_context=non-requeueable deps ti=<TaskInstance: instagram_videos_scraper_dag.get_links_task manual__2025-05-21T08:41:16.469978+00:00 [queued]>
[2025-05-21T08:41:19.232+0000] {taskinstance.py:2603} INFO - Dependencies all met for dep_context=requeueable deps ti=<TaskInstance: instagram_videos_scraper_dag.get_links_task manual__2025-05-21T08:41:16.469978+00:00 [queued]>
[2025-05-21T08:41:19.233+0000] {taskinstance.py:2856} INFO - Starting attempt 1 of 1
[2025-05-21T08:41:19.242+0000] {taskinstance.py:2879} INFO - Executing <Task(PythonOperator): get_links_task> on 2025-05-21 08:41:16.469978+00:00
[2025-05-21T08:41:19.247+0000] {standard_task_runner.py:72} INFO - Started process 256798 to run task
[2025-05-21T08:41:19.250+0000] {standard_task_runner.py:104} INFO - Running: ['airflow', 'tasks', 'run', 'instagram_videos_scraper_dag', 'get_links_task', 'manual__2025-05-21T08:41:16.469978+00:00', '--job-id', '6432', '--raw', '--subdir', 'DAGS_FOLDER/pipeline_instagram.py', '--cfg-path', '/tmp/tmp675ov7dq']
[2025-05-21T08:41:19.252+0000] {standard_task_runner.py:105} INFO - Job 6432: Subtask get_links_task
[2025-05-21T08:41:19.290+0000] {task_command.py:467} INFO - Running <TaskInstance: instagram_videos_scraper_dag.get_links_task manual__2025-05-21T08:41:16.469978+00:00 [running]> on host 40367d170eab
[2025-05-21T08:41:19.347+0000] {taskinstance.py:3122} INFO - Exporting env vars: AIRFLOW_CTX_DAG_OWNER='airflow' AIRFLOW_CTX_DAG_ID='instagram_videos_scraper_dag' AIRFLOW_CTX_TASK_ID='get_links_task' AIRFLOW_CTX_EXECUTION_DATE='2025-05-21T08:41:16.469978+00:00' AIRFLOW_CTX_TRY_NUMBER='1' AIRFLOW_CTX_DAG_RUN_ID='manual__2025-05-21T08:41:16.469978+00:00'
[2025-05-21T08:41:19.348+0000] {taskinstance.py:731} INFO - ::endgroup::
[2025-05-21T08:41:43.243+0000] {selenium_manager.py:133} WARNING - The chromedriver version (136.0.7103.59) detected in PATH at /usr/bin/chromedriver might not be compatible with the detected chrome version (136.0.7103.94); currently, chromedriver 136.0.7103.94 is recommended for chrome 136.*, so it is advised to delete the driver in PATH and retry
[2025-05-21T08:41:46.467+0000] {logging_mixin.py:190} INFO - Step 1 of 2 - Loading profile page
[2025-05-21T08:41:46.470+0000] {logging_mixin.py:190} INFO - Extracting videos...
[2025-05-21T08:41:54.705+0000] {logging_mixin.py:190} INFO - Count: 1, Limit: 10
[2025-05-21T08:41:54.726+0000] {logging_mixin.py:190} INFO - Found 27 video tags
[2025-05-21T08:41:54.939+0000] {logging_mixin.py:190} INFO - Scrolled 1 iterations
[2025-05-21T08:41:54.939+0000] {logging_mixin.py:190} INFO - Extracted 0 video URLs
[2025-05-21T08:41:54.940+0000] {logging_mixin.py:190} INFO -  No data found
[2025-05-21T08:41:55.182+0000] {python.py:240} INFO - Done. Returned value was: []
[2025-05-21T08:41:55.208+0000] {taskinstance.py:340} INFO - ::group::Post task execution logs
[2025-05-21T08:41:55.208+0000] {taskinstance.py:352} INFO - Marking task as SUCCESS. dag_id=instagram_videos_scraper_dag, task_id=get_links_task, run_id=manual__2025-05-21T08:41:16.469978+00:00, execution_date=20250521T084116, start_date=20250521T084119, end_date=20250521T084155
[2025-05-21T08:41:55.258+0000] {local_task_job_runner.py:261} INFO - Task exited with return code 0
[2025-05-21T08:41:55.275+0000] {taskinstance.py:3891} INFO - 1 downstream tasks scheduled from follow-on schedule check
[2025-05-21T08:41:55.278+0000] {local_task_job_runner.py:240} INFO - ::endgroup::
