[2025-05-05T02:31:35.243+0000] {local_task_job_runner.py:123} INFO - ::group::Pre task execution logs
[2025-05-05T02:31:35.263+0000] {taskinstance.py:2603} INFO - Dependencies all met for dep_context=non-requeueable deps ti=<TaskInstance: process_employees.create_employees_table scheduled__2025-05-04T00:00:00+00:00 [queued]>
[2025-05-05T02:31:35.275+0000] {taskinstance.py:2603} INFO - Dependencies all met for dep_context=requeueable deps ti=<TaskInstance: process_employees.create_employees_table scheduled__2025-05-04T00:00:00+00:00 [queued]>
[2025-05-05T02:31:35.275+0000] {taskinstance.py:2856} INFO - Starting attempt 1 of 1
[2025-05-05T02:31:35.291+0000] {taskinstance.py:2879} INFO - Executing <Task(SQLExecuteQueryOperator): create_employees_table> on 2025-05-04 00:00:00+00:00
[2025-05-05T02:31:35.296+0000] {standard_task_runner.py:72} INFO - Started process 99 to run task
[2025-05-05T02:31:35.305+0000] {standard_task_runner.py:104} INFO - Running: ['airflow', 'tasks', 'run', 'process_employees', 'create_employees_table', 'scheduled__2025-05-04T00:00:00+00:00', '--job-id', '2473', '--raw', '--subdir', 'DAGS_FOLDER/tuts/simple_data_pipeline.py', '--cfg-path', '/tmp/tmp25604q2o']
[2025-05-05T02:31:35.306+0000] {standard_task_runner.py:105} INFO - Job 2473: Subtask create_employees_table
[2025-05-05T02:31:35.378+0000] {task_command.py:467} INFO - Running <TaskInstance: process_employees.create_employees_table scheduled__2025-05-04T00:00:00+00:00 [running]> on host 2c7afa36055b
[2025-05-05T02:31:35.478+0000] {taskinstance.py:3122} INFO - Exporting env vars: AIRFLOW_CTX_DAG_OWNER='airflow' AIRFLOW_CTX_DAG_ID='process_employees' AIRFLOW_CTX_TASK_ID='create_employees_table' AIRFLOW_CTX_EXECUTION_DATE='2025-05-04T00:00:00+00:00' AIRFLOW_CTX_TRY_NUMBER='1' AIRFLOW_CTX_DAG_RUN_ID='scheduled__2025-05-04T00:00:00+00:00'
[2025-05-05T02:31:35.479+0000] {taskinstance.py:731} INFO - ::endgroup::
[2025-05-05T02:31:35.482+0000] {sql.py:282} INFO - Executing: 
            CREATE TABLE IF NOT EXISTS employees (
                "Serial Number" NUMERIC PRIMARY KEY,
                "Company Name" TEXT,
                "Employee Markme" TEXT,
                "Description" TEXT,
                "Leave" INTEGER
            );
[2025-05-05T02:31:35.492+0000] {base.py:84} INFO - Retrieving connection 'tutorial_pg_conn'
[2025-05-05T02:31:35.504+0000] {base.py:84} INFO - Retrieving connection 'tutorial_pg_conn'
[2025-05-05T02:31:35.510+0000] {sql.py:509} INFO - Running statement: 
            CREATE TABLE IF NOT EXISTS employees (
                "Serial Number" NUMERIC PRIMARY KEY,
                "Company Name" TEXT,
                "Employee Markme" TEXT,
                "Description" TEXT,
                "Leave" INTEGER
            );, parameters: None
[2025-05-05T02:31:35.523+0000] {taskinstance.py:340} INFO - ::group::Post task execution logs
[2025-05-05T02:31:35.524+0000] {taskinstance.py:352} INFO - Marking task as SUCCESS. dag_id=process_employees, task_id=create_employees_table, run_id=scheduled__2025-05-04T00:00:00+00:00, execution_date=20250504T000000, start_date=20250505T023135, end_date=20250505T023135
[2025-05-05T02:31:35.557+0000] {local_task_job_runner.py:261} INFO - Task exited with return code 0
[2025-05-05T02:31:35.589+0000] {taskinstance.py:3891} INFO - 1 downstream tasks scheduled from follow-on schedule check
[2025-05-05T02:31:35.592+0000] {local_task_job_runner.py:240} INFO - ::endgroup::
