[2025-05-26T08:16:54.214+0000] {local_task_job_runner.py:123} INFO - ::group::Pre task execution logs
[2025-05-26T08:16:54.225+0000] {taskinstance.py:2603} INFO - Dependencies all met for dep_context=non-requeueable deps ti=<TaskInstance: facebook_videos_scraper_dag.batch_download_task scheduled__2025-05-25T00:00:00+00:00 [queued]>
[2025-05-26T08:16:54.230+0000] {taskinstance.py:2603} INFO - Dependencies all met for dep_context=requeueable deps ti=<TaskInstance: facebook_videos_scraper_dag.batch_download_task scheduled__2025-05-25T00:00:00+00:00 [queued]>
[2025-05-26T08:16:54.231+0000] {taskinstance.py:2856} INFO - Starting attempt 1 of 6
[2025-05-26T08:16:54.240+0000] {taskinstance.py:2879} INFO - Executing <Task(PythonOperator): batch_download_task> on 2025-05-25 00:00:00+00:00
[2025-05-26T08:16:54.243+0000] {standard_task_runner.py:72} INFO - Started process 274 to run task
[2025-05-26T08:16:54.246+0000] {standard_task_runner.py:104} INFO - Running: ['airflow', 'tasks', 'run', 'facebook_videos_scraper_dag', 'batch_download_task', 'scheduled__2025-05-25T00:00:00+00:00', '--job-id', '6771', '--raw', '--subdir', 'DAGS_FOLDER/pipeline_fb.py', '--cfg-path', '/tmp/tmpx5kwlc0d']
[2025-05-26T08:16:54.247+0000] {standard_task_runner.py:105} INFO - Job 6771: Subtask batch_download_task
[2025-05-26T08:16:54.283+0000] {task_command.py:467} INFO - Running <TaskInstance: facebook_videos_scraper_dag.batch_download_task scheduled__2025-05-25T00:00:00+00:00 [running]> on host 6bc766836e0a
[2025-05-26T08:16:54.341+0000] {taskinstance.py:3122} INFO - Exporting env vars: AIRFLOW_CTX_DAG_OWNER='airflow' AIRFLOW_CTX_DAG_ID='facebook_videos_scraper_dag' AIRFLOW_CTX_TASK_ID='batch_download_task' AIRFLOW_CTX_EXECUTION_DATE='2025-05-25T00:00:00+00:00' AIRFLOW_CTX_TRY_NUMBER='1' AIRFLOW_CTX_DAG_RUN_ID='scheduled__2025-05-25T00:00:00+00:00'
[2025-05-26T08:16:54.342+0000] {taskinstance.py:731} INFO - ::endgroup::
[2025-05-26T08:16:54.345+0000] {logging_mixin.py:190} INFO - Starting batch download...
[2025-05-26T08:16:54.354+0000] {logging_mixin.py:190} INFO - No URLs to download.
[2025-05-26T08:16:54.355+0000] {python.py:240} INFO - Done. Returned value was: []
[2025-05-26T08:16:54.373+0000] {taskinstance.py:340} INFO - ::group::Post task execution logs
[2025-05-26T08:16:54.373+0000] {taskinstance.py:352} INFO - Marking task as SUCCESS. dag_id=facebook_videos_scraper_dag, task_id=batch_download_task, run_id=scheduled__2025-05-25T00:00:00+00:00, execution_date=20250525T000000, start_date=20250526T081654, end_date=20250526T081654
[2025-05-26T08:16:54.374+0000] {taskinstance.py:1554} INFO - Executing on_success_callback callback
[2025-05-26T08:16:54.374+0000] {taskinstance.py:1558} ERROR - Error when executing on_success_callback callback
Traceback (most recent call last):
  File "/home/airflow/.local/lib/python3.10/site-packages/airflow/models/taskinstance.py", line 1556, in _run_finished_callback
    callback(context)
  File "/opt/airflow/dags/pipeline_fb.py", line 23, in on_success_callback
    logging("DAG runs successfully")
TypeError: 'module' object is not callable
[2025-05-26T08:16:54.421+0000] {local_task_job_runner.py:261} INFO - Task exited with return code 0
[2025-05-26T08:16:54.438+0000] {taskinstance.py:3891} INFO - 1 downstream tasks scheduled from follow-on schedule check
[2025-05-26T08:16:54.439+0000] {local_task_job_runner.py:240} INFO - ::endgroup::
