[2025-05-08T08:13:08.296+0000] {local_task_job_runner.py:123} INFO - ::group::Pre task execution logs
[2025-05-08T08:13:08.307+0000] {taskinstance.py:2603} INFO - Dependencies all met for dep_context=non-requeueable deps ti=<TaskInstance: x_videos_scraper_dag.x_videos_scraper manual__2025-05-08T08:13:07.454438+00:00 [queued]>
[2025-05-08T08:13:08.311+0000] {taskinstance.py:2603} INFO - Dependencies all met for dep_context=requeueable deps ti=<TaskInstance: x_videos_scraper_dag.x_videos_scraper manual__2025-05-08T08:13:07.454438+00:00 [queued]>
[2025-05-08T08:13:08.312+0000] {taskinstance.py:2856} INFO - Starting attempt 1 of 1
[2025-05-08T08:13:08.321+0000] {taskinstance.py:2879} INFO - Executing <Task(_PythonDecoratedOperator): x_videos_scraper> on 2025-05-08 08:13:07.454438+00:00
[2025-05-08T08:13:08.324+0000] {standard_task_runner.py:72} INFO - Started process 364 to run task
[2025-05-08T08:13:08.326+0000] {standard_task_runner.py:104} INFO - Running: ['airflow', 'tasks', 'run', 'x_videos_scraper_dag', 'x_videos_scraper', 'manual__2025-05-08T08:13:07.454438+00:00', '--job-id', '5153', '--raw', '--subdir', 'DAGS_FOLDER/pipeline.py', '--cfg-path', '/tmp/tmpuj4t_iqn']
[2025-05-08T08:13:08.328+0000] {standard_task_runner.py:105} INFO - Job 5153: Subtask x_videos_scraper
[2025-05-08T08:13:08.363+0000] {task_command.py:467} INFO - Running <TaskInstance: x_videos_scraper_dag.x_videos_scraper manual__2025-05-08T08:13:07.454438+00:00 [running]> on host 3d48094c19d9
[2025-05-08T08:13:08.419+0000] {taskinstance.py:3122} INFO - Exporting env vars: AIRFLOW_CTX_DAG_OWNER='airflow' AIRFLOW_CTX_DAG_ID='x_videos_scraper_dag' AIRFLOW_CTX_TASK_ID='x_videos_scraper' AIRFLOW_CTX_EXECUTION_DATE='2025-05-08T08:13:07.454438+00:00' AIRFLOW_CTX_TRY_NUMBER='1' AIRFLOW_CTX_DAG_RUN_ID='manual__2025-05-08T08:13:07.454438+00:00'
[2025-05-08T08:13:08.420+0000] {taskinstance.py:731} INFO - ::endgroup::
[2025-05-08T08:13:08.452+0000] {logging_mixin.py:190} INFO - Invalid or empty storage_state.json, will not use it.
[2025-05-08T08:13:15.282+0000] {logging_mixin.py:190} INFO - Scrolling down... 0
[2025-05-08T08:13:20.056+0000] {logging_mixin.py:190} INFO - Reading URLs from scraped_data/x.txt...
[2025-05-08T08:13:20.243+0000] {logging_mixin.py:190} INFO - No URLs found in the file.
[2025-05-08T08:13:20.243+0000] {python.py:240} INFO - Done. Returned value was: None
[2025-05-08T08:13:20.252+0000] {taskinstance.py:340} INFO - ::group::Post task execution logs
[2025-05-08T08:13:20.252+0000] {taskinstance.py:352} INFO - Marking task as SUCCESS. dag_id=x_videos_scraper_dag, task_id=x_videos_scraper, run_id=manual__2025-05-08T08:13:07.454438+00:00, execution_date=20250508T081307, start_date=20250508T081308, end_date=20250508T081320
[2025-05-08T08:13:20.292+0000] {local_task_job_runner.py:261} INFO - Task exited with return code 0
[2025-05-08T08:13:20.306+0000] {taskinstance.py:3891} INFO - 0 downstream tasks scheduled from follow-on schedule check
[2025-05-08T08:13:20.307+0000] {local_task_job_runner.py:240} INFO - ::endgroup::
