[2025-05-08T08:09:10.114+0000] {local_task_job_runner.py:123} INFO - ::group::Pre task execution logs
[2025-05-08T08:09:10.126+0000] {taskinstance.py:2603} INFO - Dependencies all met for dep_context=non-requeueable deps ti=<TaskInstance: x_videos_scraper_dag.x_videos_scraper manual__2025-05-08T08:09:09.217255+00:00 [queued]>
[2025-05-08T08:09:10.132+0000] {taskinstance.py:2603} INFO - Dependencies all met for dep_context=requeueable deps ti=<TaskInstance: x_videos_scraper_dag.x_videos_scraper manual__2025-05-08T08:09:09.217255+00:00 [queued]>
[2025-05-08T08:09:10.132+0000] {taskinstance.py:2856} INFO - Starting attempt 1 of 1
[2025-05-08T08:09:10.141+0000] {taskinstance.py:2879} INFO - Executing <Task(_PythonDecoratedOperator): x_videos_scraper> on 2025-05-08 08:09:09.217255+00:00
[2025-05-08T08:09:10.144+0000] {standard_task_runner.py:72} INFO - Started process 200 to run task
[2025-05-08T08:09:10.147+0000] {standard_task_runner.py:104} INFO - Running: ['airflow', 'tasks', 'run', 'x_videos_scraper_dag', 'x_videos_scraper', 'manual__2025-05-08T08:09:09.217255+00:00', '--job-id', '5152', '--raw', '--subdir', 'DAGS_FOLDER/pipeline.py', '--cfg-path', '/tmp/tmp782fjnls']
[2025-05-08T08:09:10.149+0000] {standard_task_runner.py:105} INFO - Job 5152: Subtask x_videos_scraper
[2025-05-08T08:09:10.186+0000] {task_command.py:467} INFO - Running <TaskInstance: x_videos_scraper_dag.x_videos_scraper manual__2025-05-08T08:09:09.217255+00:00 [running]> on host 3d48094c19d9
[2025-05-08T08:09:10.241+0000] {taskinstance.py:3122} INFO - Exporting env vars: AIRFLOW_CTX_DAG_OWNER='airflow' AIRFLOW_CTX_DAG_ID='x_videos_scraper_dag' AIRFLOW_CTX_TASK_ID='x_videos_scraper' AIRFLOW_CTX_EXECUTION_DATE='2025-05-08T08:09:09.217255+00:00' AIRFLOW_CTX_TRY_NUMBER='1' AIRFLOW_CTX_DAG_RUN_ID='manual__2025-05-08T08:09:09.217255+00:00'
[2025-05-08T08:09:10.241+0000] {taskinstance.py:731} INFO - ::endgroup::
[2025-05-08T08:09:10.273+0000] {logging_mixin.py:190} INFO - Invalid or empty storage_state.json, will not use it.
[2025-05-08T08:09:16.926+0000] {logging_mixin.py:190} INFO - Scrolling down... 0
[2025-05-08T08:09:21.786+0000] {logging_mixin.py:190} INFO - Reading URLs from scraped_data/x.txt...
[2025-05-08T08:09:22.042+0000] {logging_mixin.py:190} INFO - No URLs found in the file.
[2025-05-08T08:09:22.042+0000] {python.py:240} INFO - Done. Returned value was: None
[2025-05-08T08:09:22.050+0000] {taskinstance.py:340} INFO - ::group::Post task execution logs
[2025-05-08T08:09:22.050+0000] {taskinstance.py:352} INFO - Marking task as SUCCESS. dag_id=x_videos_scraper_dag, task_id=x_videos_scraper, run_id=manual__2025-05-08T08:09:09.217255+00:00, execution_date=20250508T080909, start_date=20250508T080910, end_date=20250508T080922
[2025-05-08T08:09:22.084+0000] {local_task_job_runner.py:261} INFO - Task exited with return code 0
[2025-05-08T08:09:22.095+0000] {taskinstance.py:3891} INFO - 0 downstream tasks scheduled from follow-on schedule check
[2025-05-08T08:09:22.097+0000] {local_task_job_runner.py:240} INFO - ::endgroup::
