[2025-05-05T10:28:35.934+0000] {local_task_job_runner.py:123} INFO - ::group::Pre task execution logs
[2025-05-05T10:28:35.946+0000] {taskinstance.py:2603} INFO - Dependencies all met for dep_context=non-requeueable deps ti=<TaskInstance: dag1.group1.task2 scheduled__2018-03-04T00:00:00+00:00 [queued]>
[2025-05-05T10:28:35.951+0000] {taskinstance.py:2603} INFO - Dependencies all met for dep_context=requeueable deps ti=<TaskInstance: dag1.group1.task2 scheduled__2018-03-04T00:00:00+00:00 [queued]>
[2025-05-05T10:28:35.952+0000] {taskinstance.py:2856} INFO - Starting attempt 1 of 3
[2025-05-05T10:28:35.971+0000] {taskinstance.py:2879} INFO - Executing <Task(BashOperator): group1.task2> on 2018-03-04 00:00:00+00:00
[2025-05-05T10:28:35.974+0000] {standard_task_runner.py:72} INFO - Started process 7865 to run task
[2025-05-05T10:28:35.976+0000] {standard_task_runner.py:104} INFO - Running: ['airflow', 'tasks', 'run', 'dag1', 'group1.task2', 'scheduled__2018-03-04T00:00:00+00:00', '--job-id', '2995', '--raw', '--subdir', 'DAGS_FOLDER/tuts/taskgroup_basic.py', '--cfg-path', '/tmp/tmp7d7wsmug']
[2025-05-05T10:28:35.977+0000] {standard_task_runner.py:105} INFO - Job 2995: Subtask group1.task2
[2025-05-05T10:28:36.011+0000] {task_command.py:467} INFO - Running <TaskInstance: dag1.group1.task2 scheduled__2018-03-04T00:00:00+00:00 [running]> on host 2c7afa36055b
[2025-05-05T10:28:36.068+0000] {taskinstance.py:3122} INFO - Exporting env vars: AIRFLOW_CTX_DAG_OWNER='airflow' AIRFLOW_CTX_DAG_ID='dag1' AIRFLOW_CTX_TASK_ID='group1.task2' AIRFLOW_CTX_EXECUTION_DATE='2018-03-04T00:00:00+00:00' AIRFLOW_CTX_TRY_NUMBER='1' AIRFLOW_CTX_DAG_RUN_ID='scheduled__2018-03-04T00:00:00+00:00'
[2025-05-05T10:28:36.069+0000] {taskinstance.py:731} INFO - ::endgroup::
[2025-05-05T10:28:36.070+0000] {subprocess.py:63} INFO - Tmp dir root location: /tmp
[2025-05-05T10:28:36.071+0000] {subprocess.py:75} INFO - Running command: ['/usr/bin/bash', '-c', 'echo Hello World!']
[2025-05-05T10:28:36.076+0000] {subprocess.py:86} INFO - Output:
[2025-05-05T10:28:36.077+0000] {subprocess.py:93} INFO - Hello World!
[2025-05-05T10:28:36.077+0000] {subprocess.py:97} INFO - Command exited with return code 0
[2025-05-05T10:28:36.095+0000] {taskinstance.py:340} INFO - ::group::Post task execution logs
[2025-05-05T10:28:36.096+0000] {taskinstance.py:352} INFO - Marking task as SUCCESS. dag_id=dag1, task_id=group1.task2, run_id=scheduled__2018-03-04T00:00:00+00:00, execution_date=20180304T000000, start_date=20250505T102835, end_date=20250505T102836
[2025-05-05T10:28:36.109+0000] {local_task_job_runner.py:261} INFO - Task exited with return code 0
[2025-05-05T10:28:36.120+0000] {taskinstance.py:3891} INFO - 0 downstream tasks scheduled from follow-on schedule check
[2025-05-05T10:28:36.121+0000] {local_task_job_runner.py:240} INFO - ::endgroup::
