[2025-05-26T08:44:58.695+0000] {local_task_job_runner.py:123} INFO - ::group::Pre task execution logs
[2025-05-26T08:44:58.710+0000] {taskinstance.py:2603} INFO - Dependencies all met for dep_context=non-requeueable deps ti=<TaskInstance: x_videos_scraper_dag.get_links_task manual__2025-05-26T08:44:49.169135+00:00 [queued]>
[2025-05-26T08:44:58.717+0000] {taskinstance.py:2603} INFO - Dependencies all met for dep_context=requeueable deps ti=<TaskInstance: x_videos_scraper_dag.get_links_task manual__2025-05-26T08:44:49.169135+00:00 [queued]>
[2025-05-26T08:44:58.717+0000] {taskinstance.py:2856} INFO - Starting attempt 1 of 6
[2025-05-26T08:44:58.727+0000] {taskinstance.py:2879} INFO - Executing <Task(PythonOperator): get_links_task> on 2025-05-26 08:44:49.169135+00:00
[2025-05-26T08:44:58.730+0000] {standard_task_runner.py:72} INFO - Started process 323619 to run task
[2025-05-26T08:44:58.733+0000] {standard_task_runner.py:104} INFO - Running: ['airflow', 'tasks', 'run', 'x_videos_scraper_dag', 'get_links_task', 'manual__2025-05-26T08:44:49.169135+00:00', '--job-id', '6806', '--raw', '--subdir', 'DAGS_FOLDER/pipeline_x.py', '--cfg-path', '/tmp/tmpxx4nm03w']
[2025-05-26T08:44:58.734+0000] {standard_task_runner.py:105} INFO - Job 6806: Subtask get_links_task
[2025-05-26T08:44:58.771+0000] {task_command.py:467} INFO - Running <TaskInstance: x_videos_scraper_dag.get_links_task manual__2025-05-26T08:44:49.169135+00:00 [running]> on host f541e6bad3a5
[2025-05-26T08:44:58.828+0000] {taskinstance.py:3122} INFO - Exporting env vars: AIRFLOW_CTX_DAG_OWNER='airflow' AIRFLOW_CTX_DAG_ID='x_videos_scraper_dag' AIRFLOW_CTX_TASK_ID='get_links_task' AIRFLOW_CTX_EXECUTION_DATE='2025-05-26T08:44:49.169135+00:00' AIRFLOW_CTX_TRY_NUMBER='1' AIRFLOW_CTX_DAG_RUN_ID='manual__2025-05-26T08:44:49.169135+00:00'
[2025-05-26T08:44:58.829+0000] {taskinstance.py:731} INFO - ::endgroup::
[2025-05-26T08:45:08.802+0000] {logging_mixin.py:190} INFO - https://x.com/ManCity/status/1926913878014701857/video/1
[2025-05-26T08:45:08.810+0000] {logging_mixin.py:190} INFO - https://x.com/ManCity/status/1926750119032152371/video/1
[2025-05-26T08:45:08.813+0000] {logging_mixin.py:190} INFO - https://x.com/ManCity/status/1926747602542002315/video/1
[2025-05-26T08:45:08.818+0000] {logging_mixin.py:190} INFO - https://x.com/ManCity/status/1926745087414829232/video/1
[2025-05-26T08:45:08.821+0000] {logging_mixin.py:190} INFO - https://x.com/ManCity/status/1926709942288855300/video/1
[2025-05-26T08:45:08.834+0000] {logging_mixin.py:190} INFO - https://x.com/ManCity/status/1926698131439140936/video/1
[2025-05-26T08:45:08.858+0000] {logging_mixin.py:190} INFO - https://x.com/ManCity/status/1926678327118479510/video/1
[2025-05-26T08:45:08.873+0000] {logging_mixin.py:190} INFO - https://x.com/ManCity/status/1926660027869245813/video/1
[2025-05-26T08:45:08.905+0000] {logging_mixin.py:190} INFO - https://x.com/ManCity/status/1926352528414744716/video/1
[2025-05-26T08:45:08.915+0000] {logging_mixin.py:190} INFO - https://x.com/ManCity/status/1926231736901407125/video/1
[2025-05-26T08:45:08.919+0000] {logging_mixin.py:190} INFO - https://x.com/ManCity/status/1926216780638192037/video/1
[2025-05-26T08:45:08.932+0000] {logging_mixin.py:190} INFO - https://x.com/ManCity/status/1925944832612012205/video/1
[2025-05-26T08:45:08.936+0000] {logging_mixin.py:190} INFO - https://x.com/ManCity/status/1925893335006195900/video/1
[2025-05-26T08:45:08.940+0000] {logging_mixin.py:190} INFO - https://x.com/ManCity/status/1925892968231109016/video/1
[2025-05-26T08:45:08.950+0000] {logging_mixin.py:190} INFO - https://x.com/ManCity/status/1925861711950512549/video/1
[2025-05-26T08:45:08.964+0000] {logging_mixin.py:190} INFO - https://x.com/ManCity/status/1925653957633855876/video/1
[2025-05-26T08:45:14.199+0000] {logging_mixin.py:190} INFO - https://x.com/ManCity/status/1925636436478324978/video/1
[2025-05-26T08:45:14.204+0000] {logging_mixin.py:190} INFO - https://x.com/ManCity/status/1925633406764761211/video/1
[2025-05-26T08:45:14.209+0000] {logging_mixin.py:190} INFO - https://x.com/ManCity/status/1925567005584703822/video/1
[2025-05-26T08:45:14.213+0000] {logging_mixin.py:190} INFO - https://x.com/ManCity/status/1925545491816653018/video/1
[2025-05-26T08:45:14.222+0000] {logging_mixin.py:190} INFO - https://x.com/ManCity/status/1925478359074590893/video/1
[2025-05-26T08:45:14.241+0000] {logging_mixin.py:190} INFO - https://x.com/ManCity/status/1925220044247883929/video/1
[2025-05-26T08:45:14.254+0000] {logging_mixin.py:190} INFO - https://x.com/ManCity/status/1925167188870406550/video/1
[2025-05-26T08:45:14.258+0000] {logging_mixin.py:190} INFO - https://x.com/ManCity/status/1925147056349614578/video/1
[2025-05-26T08:45:14.270+0000] {logging_mixin.py:190} INFO - https://x.com/ManCity/status/1925119413998518776/video/1
[2025-05-26T08:45:14.277+0000] {logging_mixin.py:190} INFO - https://x.com/ManCity/status/1924973514274029978/video/1
[2025-05-26T08:45:14.281+0000] {logging_mixin.py:190} INFO - https://x.com/ManCity/status/1924971012304634036/video/1
[2025-05-26T08:45:14.284+0000] {logging_mixin.py:190} INFO - https://x.com/ManCity/status/1924968378701382036/video/1
[2025-05-26T08:45:14.287+0000] {logging_mixin.py:190} INFO - https://x.com/ManCity/status/1924967148230729918/video/1
[2025-05-26T08:45:14.291+0000] {logging_mixin.py:190} INFO - https://x.com/ManCity/status/1924963440428298364/video/1
[2025-05-26T08:45:14.345+0000] {logging_mixin.py:190} INFO - Remaining new videos: 30
[2025-05-26T08:45:14.345+0000] {logging_mixin.py:190} INFO - Total new videos to process: 20
[2025-05-26T08:45:14.345+0000] {logging_mixin.py:190} INFO - New videos: 20
[2025-05-26T08:45:14.423+0000] {python.py:240} INFO - Done. Returned value was: {'id': 'ManCity', 'new_links': ('https://x.com/ManCity/status/1925545491816653018/video/1', 'https://x.com/ManCity/status/1925653957633855876/video/1', 'https://x.com/ManCity/status/1926352528414744716/video/1', 'https://x.com/ManCity/status/1925567005584703822/video/1', 'https://x.com/ManCity/status/1925633406764761211/video/1', 'https://x.com/ManCity/status/1926745087414829232/video/1', 'https://x.com/ManCity/status/1926750119032152371/video/1', 'https://x.com/ManCity/status/1926231736901407125/video/1', 'https://x.com/ManCity/status/1925861711950512549/video/1', 'https://x.com/ManCity/status/1925636436478324978/video/1', 'https://x.com/ManCity/status/1926709942288855300/video/1', 'https://x.com/ManCity/status/1926913878014701857/video/1', 'https://x.com/ManCity/status/1926216780638192037/video/1', 'https://x.com/ManCity/status/1925892968231109016/video/1', 'https://x.com/ManCity/status/1926678327118479510/video/1', 'https://x.com/ManCity/status/1926747602542002315/video/1', 'https://x.com/ManCity/status/1926698131439140936/video/1', 'https://x.com/ManCity/status/1925944832612012205/video/1', 'https://x.com/ManCity/status/1926660027869245813/video/1', 'https://x.com/ManCity/status/1925893335006195900/video/1')}
[2025-05-26T08:45:14.445+0000] {taskinstance.py:340} INFO - ::group::Post task execution logs
[2025-05-26T08:45:14.446+0000] {taskinstance.py:352} INFO - Marking task as SUCCESS. dag_id=x_videos_scraper_dag, task_id=get_links_task, run_id=manual__2025-05-26T08:44:49.169135+00:00, execution_date=20250526T084449, start_date=20250526T084458, end_date=20250526T084514
[2025-05-26T08:45:14.446+0000] {taskinstance.py:1554} INFO - Executing <lambda> callback
[2025-05-26T08:45:14.446+0000] {pipeline_x.py:39} INFO - DAG runs successfully
[2025-05-26T08:45:14.461+0000] {local_task_job_runner.py:261} INFO - Task exited with return code 0
[2025-05-26T08:45:14.481+0000] {taskinstance.py:3891} INFO - 1 downstream tasks scheduled from follow-on schedule check
[2025-05-26T08:45:14.482+0000] {local_task_job_runner.py:240} INFO - ::endgroup::
