[2025-05-22T02:16:56.265+0000] {processor.py:186} INFO - Started process (PID=50) to work on /opt/airflow/dags/tasks/conf_example.py
[2025-05-22T02:16:56.266+0000] {processor.py:914} INFO - Processing file /opt/airflow/dags/tasks/conf_example.py for tasks to queue
[2025-05-22T02:16:56.268+0000] {logging_mixin.py:190} INFO - [2025-05-22T02:16:56.268+0000] {dagbag.py:587} INFO - Filling up the DagBag from /opt/airflow/dags/tasks/conf_example.py
[2025-05-22T02:16:56.271+0000] {processor.py:927} WARNING - No viable dags retrieved from /opt/airflow/dags/tasks/conf_example.py
[2025-05-22T02:16:56.287+0000] {processor.py:208} INFO - Processing /opt/airflow/dags/tasks/conf_example.py took 0.042 seconds
[2025-05-22T02:17:26.383+0000] {processor.py:186} INFO - Started process (PID=70) to work on /opt/airflow/dags/tasks/conf_example.py
[2025-05-22T02:17:26.384+0000] {processor.py:914} INFO - Processing file /opt/airflow/dags/tasks/conf_example.py for tasks to queue
[2025-05-22T02:17:26.384+0000] {logging_mixin.py:190} INFO - [2025-05-22T02:17:26.384+0000] {dagbag.py:587} INFO - Filling up the DagBag from /opt/airflow/dags/tasks/conf_example.py
[2025-05-22T02:17:26.386+0000] {processor.py:927} WARNING - No viable dags retrieved from /opt/airflow/dags/tasks/conf_example.py
[2025-05-22T02:17:26.397+0000] {processor.py:208} INFO - Processing /opt/airflow/dags/tasks/conf_example.py took 0.019 seconds
[2025-05-22T02:17:57.409+0000] {processor.py:186} INFO - Started process (PID=90) to work on /opt/airflow/dags/tasks/conf_example.py
[2025-05-22T02:17:57.409+0000] {processor.py:914} INFO - Processing file /opt/airflow/dags/tasks/conf_example.py for tasks to queue
[2025-05-22T02:17:57.410+0000] {logging_mixin.py:190} INFO - [2025-05-22T02:17:57.410+0000] {dagbag.py:587} INFO - Filling up the DagBag from /opt/airflow/dags/tasks/conf_example.py
[2025-05-22T02:17:57.412+0000] {processor.py:927} WARNING - No viable dags retrieved from /opt/airflow/dags/tasks/conf_example.py
[2025-05-22T02:17:57.424+0000] {processor.py:208} INFO - Processing /opt/airflow/dags/tasks/conf_example.py took 0.021 seconds
[2025-05-22T02:18:28.507+0000] {processor.py:186} INFO - Started process (PID=116) to work on /opt/airflow/dags/tasks/conf_example.py
[2025-05-22T02:18:28.508+0000] {processor.py:914} INFO - Processing file /opt/airflow/dags/tasks/conf_example.py for tasks to queue
[2025-05-22T02:18:28.509+0000] {logging_mixin.py:190} INFO - [2025-05-22T02:18:28.509+0000] {dagbag.py:587} INFO - Filling up the DagBag from /opt/airflow/dags/tasks/conf_example.py
[2025-05-22T02:18:28.511+0000] {processor.py:927} WARNING - No viable dags retrieved from /opt/airflow/dags/tasks/conf_example.py
[2025-05-22T02:18:28.521+0000] {processor.py:208} INFO - Processing /opt/airflow/dags/tasks/conf_example.py took 0.018 seconds
[2025-05-22T02:18:59.295+0000] {processor.py:186} INFO - Started process (PID=133) to work on /opt/airflow/dags/tasks/conf_example.py
[2025-05-22T02:18:59.295+0000] {processor.py:914} INFO - Processing file /opt/airflow/dags/tasks/conf_example.py for tasks to queue
[2025-05-22T02:18:59.296+0000] {logging_mixin.py:190} INFO - [2025-05-22T02:18:59.296+0000] {dagbag.py:587} INFO - Filling up the DagBag from /opt/airflow/dags/tasks/conf_example.py
[2025-05-22T02:18:59.298+0000] {processor.py:927} WARNING - No viable dags retrieved from /opt/airflow/dags/tasks/conf_example.py
[2025-05-22T02:18:59.309+0000] {processor.py:208} INFO - Processing /opt/airflow/dags/tasks/conf_example.py took 0.019 seconds
[2025-05-22T02:19:30.296+0000] {processor.py:186} INFO - Started process (PID=153) to work on /opt/airflow/dags/tasks/conf_example.py
[2025-05-22T02:19:30.297+0000] {processor.py:914} INFO - Processing file /opt/airflow/dags/tasks/conf_example.py for tasks to queue
[2025-05-22T02:19:30.297+0000] {logging_mixin.py:190} INFO - [2025-05-22T02:19:30.297+0000] {dagbag.py:587} INFO - Filling up the DagBag from /opt/airflow/dags/tasks/conf_example.py
[2025-05-22T02:19:30.299+0000] {processor.py:927} WARNING - No viable dags retrieved from /opt/airflow/dags/tasks/conf_example.py
[2025-05-22T02:19:30.310+0000] {processor.py:208} INFO - Processing /opt/airflow/dags/tasks/conf_example.py took 0.018 seconds
[2025-05-22T02:20:01.313+0000] {processor.py:186} INFO - Started process (PID=173) to work on /opt/airflow/dags/tasks/conf_example.py
[2025-05-22T02:20:01.314+0000] {processor.py:914} INFO - Processing file /opt/airflow/dags/tasks/conf_example.py for tasks to queue
[2025-05-22T02:20:01.315+0000] {logging_mixin.py:190} INFO - [2025-05-22T02:20:01.314+0000] {dagbag.py:587} INFO - Filling up the DagBag from /opt/airflow/dags/tasks/conf_example.py
[2025-05-22T02:20:01.316+0000] {processor.py:927} WARNING - No viable dags retrieved from /opt/airflow/dags/tasks/conf_example.py
[2025-05-22T02:20:01.327+0000] {processor.py:208} INFO - Processing /opt/airflow/dags/tasks/conf_example.py took 0.018 seconds
[2025-05-22T02:20:32.827+0000] {processor.py:186} INFO - Started process (PID=192) to work on /opt/airflow/dags/tasks/conf_example.py
[2025-05-22T02:20:32.828+0000] {processor.py:914} INFO - Processing file /opt/airflow/dags/tasks/conf_example.py for tasks to queue
[2025-05-22T02:20:32.829+0000] {logging_mixin.py:190} INFO - [2025-05-22T02:20:32.829+0000] {dagbag.py:587} INFO - Filling up the DagBag from /opt/airflow/dags/tasks/conf_example.py
[2025-05-22T02:20:32.831+0000] {processor.py:927} WARNING - No viable dags retrieved from /opt/airflow/dags/tasks/conf_example.py
[2025-05-22T02:20:32.841+0000] {processor.py:208} INFO - Processing /opt/airflow/dags/tasks/conf_example.py took 0.017 seconds
[2025-05-22T02:21:04.207+0000] {processor.py:186} INFO - Started process (PID=214) to work on /opt/airflow/dags/tasks/conf_example.py
[2025-05-22T02:21:04.208+0000] {processor.py:914} INFO - Processing file /opt/airflow/dags/tasks/conf_example.py for tasks to queue
[2025-05-22T02:21:04.208+0000] {logging_mixin.py:190} INFO - [2025-05-22T02:21:04.208+0000] {dagbag.py:587} INFO - Filling up the DagBag from /opt/airflow/dags/tasks/conf_example.py
[2025-05-22T02:21:04.210+0000] {processor.py:927} WARNING - No viable dags retrieved from /opt/airflow/dags/tasks/conf_example.py
[2025-05-22T02:21:04.221+0000] {processor.py:208} INFO - Processing /opt/airflow/dags/tasks/conf_example.py took 0.018 seconds
[2025-05-22T02:21:35.304+0000] {processor.py:186} INFO - Started process (PID=233) to work on /opt/airflow/dags/tasks/conf_example.py
[2025-05-22T02:21:35.305+0000] {processor.py:914} INFO - Processing file /opt/airflow/dags/tasks/conf_example.py for tasks to queue
[2025-05-22T02:21:35.305+0000] {logging_mixin.py:190} INFO - [2025-05-22T02:21:35.305+0000] {dagbag.py:587} INFO - Filling up the DagBag from /opt/airflow/dags/tasks/conf_example.py
[2025-05-22T02:21:35.307+0000] {processor.py:927} WARNING - No viable dags retrieved from /opt/airflow/dags/tasks/conf_example.py
[2025-05-22T02:21:35.317+0000] {processor.py:208} INFO - Processing /opt/airflow/dags/tasks/conf_example.py took 0.018 seconds
[2025-05-22T02:22:06.036+0000] {processor.py:186} INFO - Started process (PID=252) to work on /opt/airflow/dags/tasks/conf_example.py
[2025-05-22T02:22:06.037+0000] {processor.py:914} INFO - Processing file /opt/airflow/dags/tasks/conf_example.py for tasks to queue
[2025-05-22T02:22:06.040+0000] {logging_mixin.py:190} INFO - [2025-05-22T02:22:06.040+0000] {dagbag.py:587} INFO - Filling up the DagBag from /opt/airflow/dags/tasks/conf_example.py
[2025-05-22T02:22:06.042+0000] {processor.py:927} WARNING - No viable dags retrieved from /opt/airflow/dags/tasks/conf_example.py
[2025-05-22T02:22:06.053+0000] {processor.py:208} INFO - Processing /opt/airflow/dags/tasks/conf_example.py took 0.022 seconds
