[2025-05-22T02:16:55.873+0000] {processor.py:186} INFO - Started process (PID=46) to work on /opt/airflow/dags/tasks/instagram_scraper.py
[2025-05-22T02:16:55.878+0000] {processor.py:914} INFO - Processing file /opt/airflow/dags/tasks/instagram_scraper.py for tasks to queue
[2025-05-22T02:16:55.883+0000] {logging_mixin.py:190} INFO - [2025-05-22T02:16:55.882+0000] {dagbag.py:587} INFO - Filling up the DagBag from /opt/airflow/dags/tasks/instagram_scraper.py
[2025-05-22T02:16:56.169+0000] {processor.py:927} WARNING - No viable dags retrieved from /opt/airflow/dags/tasks/instagram_scraper.py
[2025-05-22T02:16:56.191+0000] {processor.py:208} INFO - Processing /opt/airflow/dags/tasks/instagram_scraper.py took 0.323 seconds
[2025-05-22T02:17:26.317+0000] {processor.py:186} INFO - Started process (PID=67) to work on /opt/airflow/dags/tasks/instagram_scraper.py
[2025-05-22T02:17:26.326+0000] {processor.py:914} INFO - Processing file /opt/airflow/dags/tasks/instagram_scraper.py for tasks to queue
[2025-05-22T02:17:26.327+0000] {logging_mixin.py:190} INFO - [2025-05-22T02:17:26.327+0000] {dagbag.py:587} INFO - Filling up the DagBag from /opt/airflow/dags/tasks/instagram_scraper.py
[2025-05-22T02:17:26.492+0000] {processor.py:927} WARNING - No viable dags retrieved from /opt/airflow/dags/tasks/instagram_scraper.py
[2025-05-22T02:17:26.500+0000] {processor.py:208} INFO - Processing /opt/airflow/dags/tasks/instagram_scraper.py took 0.187 seconds
[2025-05-22T02:17:57.305+0000] {processor.py:186} INFO - Started process (PID=87) to work on /opt/airflow/dags/tasks/instagram_scraper.py
[2025-05-22T02:17:57.306+0000] {processor.py:914} INFO - Processing file /opt/airflow/dags/tasks/instagram_scraper.py for tasks to queue
[2025-05-22T02:17:57.307+0000] {logging_mixin.py:190} INFO - [2025-05-22T02:17:57.307+0000] {dagbag.py:587} INFO - Filling up the DagBag from /opt/airflow/dags/tasks/instagram_scraper.py
[2025-05-22T02:17:57.489+0000] {processor.py:927} WARNING - No viable dags retrieved from /opt/airflow/dags/tasks/instagram_scraper.py
[2025-05-22T02:17:57.497+0000] {processor.py:208} INFO - Processing /opt/airflow/dags/tasks/instagram_scraper.py took 0.196 seconds
[2025-05-22T02:18:28.401+0000] {processor.py:186} INFO - Started process (PID=113) to work on /opt/airflow/dags/tasks/instagram_scraper.py
[2025-05-22T02:18:28.402+0000] {processor.py:914} INFO - Processing file /opt/airflow/dags/tasks/instagram_scraper.py for tasks to queue
[2025-05-22T02:18:28.403+0000] {logging_mixin.py:190} INFO - [2025-05-22T02:18:28.402+0000] {dagbag.py:587} INFO - Filling up the DagBag from /opt/airflow/dags/tasks/instagram_scraper.py
[2025-05-22T02:18:28.569+0000] {processor.py:927} WARNING - No viable dags retrieved from /opt/airflow/dags/tasks/instagram_scraper.py
[2025-05-22T02:18:28.577+0000] {processor.py:208} INFO - Processing /opt/airflow/dags/tasks/instagram_scraper.py took 0.180 seconds
[2025-05-22T02:18:59.204+0000] {processor.py:186} INFO - Started process (PID=130) to work on /opt/airflow/dags/tasks/instagram_scraper.py
[2025-05-22T02:18:59.205+0000] {processor.py:914} INFO - Processing file /opt/airflow/dags/tasks/instagram_scraper.py for tasks to queue
[2025-05-22T02:18:59.205+0000] {logging_mixin.py:190} INFO - [2025-05-22T02:18:59.205+0000] {dagbag.py:587} INFO - Filling up the DagBag from /opt/airflow/dags/tasks/instagram_scraper.py
[2025-05-22T02:18:59.380+0000] {processor.py:927} WARNING - No viable dags retrieved from /opt/airflow/dags/tasks/instagram_scraper.py
[2025-05-22T02:18:59.389+0000] {processor.py:208} INFO - Processing /opt/airflow/dags/tasks/instagram_scraper.py took 0.189 seconds
[2025-05-22T02:19:30.209+0000] {processor.py:186} INFO - Started process (PID=150) to work on /opt/airflow/dags/tasks/instagram_scraper.py
[2025-05-22T02:19:30.210+0000] {processor.py:914} INFO - Processing file /opt/airflow/dags/tasks/instagram_scraper.py for tasks to queue
[2025-05-22T02:19:30.211+0000] {logging_mixin.py:190} INFO - [2025-05-22T02:19:30.210+0000] {dagbag.py:587} INFO - Filling up the DagBag from /opt/airflow/dags/tasks/instagram_scraper.py
[2025-05-22T02:19:30.378+0000] {processor.py:927} WARNING - No viable dags retrieved from /opt/airflow/dags/tasks/instagram_scraper.py
[2025-05-22T02:19:30.388+0000] {processor.py:208} INFO - Processing /opt/airflow/dags/tasks/instagram_scraper.py took 0.183 seconds
[2025-05-22T02:20:01.222+0000] {processor.py:186} INFO - Started process (PID=170) to work on /opt/airflow/dags/tasks/instagram_scraper.py
[2025-05-22T02:20:01.224+0000] {processor.py:914} INFO - Processing file /opt/airflow/dags/tasks/instagram_scraper.py for tasks to queue
[2025-05-22T02:20:01.225+0000] {logging_mixin.py:190} INFO - [2025-05-22T02:20:01.225+0000] {dagbag.py:587} INFO - Filling up the DagBag from /opt/airflow/dags/tasks/instagram_scraper.py
[2025-05-22T02:20:01.394+0000] {processor.py:927} WARNING - No viable dags retrieved from /opt/airflow/dags/tasks/instagram_scraper.py
[2025-05-22T02:20:01.401+0000] {processor.py:208} INFO - Processing /opt/airflow/dags/tasks/instagram_scraper.py took 0.184 seconds
[2025-05-22T02:20:32.771+0000] {processor.py:186} INFO - Started process (PID=190) to work on /opt/airflow/dags/tasks/instagram_scraper.py
[2025-05-22T02:20:32.772+0000] {processor.py:914} INFO - Processing file /opt/airflow/dags/tasks/instagram_scraper.py for tasks to queue
[2025-05-22T02:20:32.773+0000] {logging_mixin.py:190} INFO - [2025-05-22T02:20:32.773+0000] {dagbag.py:587} INFO - Filling up the DagBag from /opt/airflow/dags/tasks/instagram_scraper.py
[2025-05-22T02:20:32.942+0000] {processor.py:927} WARNING - No viable dags retrieved from /opt/airflow/dags/tasks/instagram_scraper.py
[2025-05-22T02:20:32.950+0000] {processor.py:208} INFO - Processing /opt/airflow/dags/tasks/instagram_scraper.py took 0.183 seconds
[2025-05-22T02:21:04.010+0000] {processor.py:186} INFO - Started process (PID=212) to work on /opt/airflow/dags/tasks/instagram_scraper.py
[2025-05-22T02:21:04.011+0000] {processor.py:914} INFO - Processing file /opt/airflow/dags/tasks/instagram_scraper.py for tasks to queue
[2025-05-22T02:21:04.011+0000] {logging_mixin.py:190} INFO - [2025-05-22T02:21:04.011+0000] {dagbag.py:587} INFO - Filling up the DagBag from /opt/airflow/dags/tasks/instagram_scraper.py
[2025-05-22T02:21:04.184+0000] {processor.py:927} WARNING - No viable dags retrieved from /opt/airflow/dags/tasks/instagram_scraper.py
[2025-05-22T02:21:04.191+0000] {processor.py:208} INFO - Processing /opt/airflow/dags/tasks/instagram_scraper.py took 0.186 seconds
[2025-05-22T02:21:35.096+0000] {processor.py:186} INFO - Started process (PID=231) to work on /opt/airflow/dags/tasks/instagram_scraper.py
[2025-05-22T02:21:35.097+0000] {processor.py:914} INFO - Processing file /opt/airflow/dags/tasks/instagram_scraper.py for tasks to queue
[2025-05-22T02:21:35.098+0000] {logging_mixin.py:190} INFO - [2025-05-22T02:21:35.097+0000] {dagbag.py:587} INFO - Filling up the DagBag from /opt/airflow/dags/tasks/instagram_scraper.py
[2025-05-22T02:21:35.275+0000] {processor.py:927} WARNING - No viable dags retrieved from /opt/airflow/dags/tasks/instagram_scraper.py
[2025-05-22T02:21:35.285+0000] {processor.py:208} INFO - Processing /opt/airflow/dags/tasks/instagram_scraper.py took 0.194 seconds
[2025-05-22T02:22:05.794+0000] {processor.py:186} INFO - Started process (PID=250) to work on /opt/airflow/dags/tasks/instagram_scraper.py
[2025-05-22T02:22:05.795+0000] {processor.py:914} INFO - Processing file /opt/airflow/dags/tasks/instagram_scraper.py for tasks to queue
[2025-05-22T02:22:05.796+0000] {logging_mixin.py:190} INFO - [2025-05-22T02:22:05.795+0000] {dagbag.py:587} INFO - Filling up the DagBag from /opt/airflow/dags/tasks/instagram_scraper.py
[2025-05-22T02:22:05.984+0000] {processor.py:927} WARNING - No viable dags retrieved from /opt/airflow/dags/tasks/instagram_scraper.py
[2025-05-22T02:22:05.995+0000] {processor.py:208} INFO - Processing /opt/airflow/dags/tasks/instagram_scraper.py took 0.206 seconds
