[2025-05-22T02:16:56.299+0000] {processor.py:186} INFO - Started process (PID=52) to work on /opt/airflow/dags/tasks/x_login.py
[2025-05-22T02:16:56.312+0000] {processor.py:914} INFO - Processing file /opt/airflow/dags/tasks/x_login.py for tasks to queue
[2025-05-22T02:16:56.314+0000] {logging_mixin.py:190} INFO - [2025-05-22T02:16:56.313+0000] {dagbag.py:587} INFO - Filling up the DagBag from /opt/airflow/dags/tasks/x_login.py
[2025-05-22T02:16:56.316+0000] {processor.py:927} WARNING - No viable dags retrieved from /opt/airflow/dags/tasks/x_login.py
[2025-05-22T02:16:56.326+0000] {processor.py:208} INFO - Processing /opt/airflow/dags/tasks/x_login.py took 0.032 seconds
[2025-05-22T02:17:26.445+0000] {processor.py:186} INFO - Started process (PID=72) to work on /opt/airflow/dags/tasks/x_login.py
[2025-05-22T02:17:26.446+0000] {processor.py:914} INFO - Processing file /opt/airflow/dags/tasks/x_login.py for tasks to queue
[2025-05-22T02:17:26.447+0000] {logging_mixin.py:190} INFO - [2025-05-22T02:17:26.447+0000] {dagbag.py:587} INFO - Filling up the DagBag from /opt/airflow/dags/tasks/x_login.py
[2025-05-22T02:17:26.449+0000] {processor.py:927} WARNING - No viable dags retrieved from /opt/airflow/dags/tasks/x_login.py
[2025-05-22T02:17:26.459+0000] {processor.py:208} INFO - Processing /opt/airflow/dags/tasks/x_login.py took 0.018 seconds
[2025-05-22T02:17:57.471+0000] {processor.py:186} INFO - Started process (PID=92) to work on /opt/airflow/dags/tasks/x_login.py
[2025-05-22T02:17:57.472+0000] {processor.py:914} INFO - Processing file /opt/airflow/dags/tasks/x_login.py for tasks to queue
[2025-05-22T02:17:57.472+0000] {logging_mixin.py:190} INFO - [2025-05-22T02:17:57.472+0000] {dagbag.py:587} INFO - Filling up the DagBag from /opt/airflow/dags/tasks/x_login.py
[2025-05-22T02:17:57.474+0000] {processor.py:927} WARNING - No viable dags retrieved from /opt/airflow/dags/tasks/x_login.py
[2025-05-22T02:17:57.485+0000] {processor.py:208} INFO - Processing /opt/airflow/dags/tasks/x_login.py took 0.018 seconds
[2025-05-22T02:18:28.568+0000] {processor.py:186} INFO - Started process (PID=118) to work on /opt/airflow/dags/tasks/x_login.py
[2025-05-22T02:18:28.569+0000] {processor.py:914} INFO - Processing file /opt/airflow/dags/tasks/x_login.py for tasks to queue
[2025-05-22T02:18:28.570+0000] {logging_mixin.py:190} INFO - [2025-05-22T02:18:28.570+0000] {dagbag.py:587} INFO - Filling up the DagBag from /opt/airflow/dags/tasks/x_login.py
[2025-05-22T02:18:28.572+0000] {processor.py:927} WARNING - No viable dags retrieved from /opt/airflow/dags/tasks/x_login.py
[2025-05-22T02:18:28.581+0000] {processor.py:208} INFO - Processing /opt/airflow/dags/tasks/x_login.py took 0.017 seconds
[2025-05-22T02:18:59.359+0000] {processor.py:186} INFO - Started process (PID=135) to work on /opt/airflow/dags/tasks/x_login.py
[2025-05-22T02:18:59.360+0000] {processor.py:914} INFO - Processing file /opt/airflow/dags/tasks/x_login.py for tasks to queue
[2025-05-22T02:18:59.360+0000] {logging_mixin.py:190} INFO - [2025-05-22T02:18:59.360+0000] {dagbag.py:587} INFO - Filling up the DagBag from /opt/airflow/dags/tasks/x_login.py
[2025-05-22T02:18:59.362+0000] {processor.py:927} WARNING - No viable dags retrieved from /opt/airflow/dags/tasks/x_login.py
[2025-05-22T02:18:59.373+0000] {processor.py:208} INFO - Processing /opt/airflow/dags/tasks/x_login.py took 0.019 seconds
[2025-05-22T02:19:30.353+0000] {processor.py:186} INFO - Started process (PID=155) to work on /opt/airflow/dags/tasks/x_login.py
[2025-05-22T02:19:30.353+0000] {processor.py:914} INFO - Processing file /opt/airflow/dags/tasks/x_login.py for tasks to queue
[2025-05-22T02:19:30.354+0000] {logging_mixin.py:190} INFO - [2025-05-22T02:19:30.354+0000] {dagbag.py:587} INFO - Filling up the DagBag from /opt/airflow/dags/tasks/x_login.py
[2025-05-22T02:19:30.356+0000] {processor.py:927} WARNING - No viable dags retrieved from /opt/airflow/dags/tasks/x_login.py
[2025-05-22T02:19:30.368+0000] {processor.py:208} INFO - Processing /opt/airflow/dags/tasks/x_login.py took 0.020 seconds
[2025-05-22T02:20:01.369+0000] {processor.py:186} INFO - Started process (PID=175) to work on /opt/airflow/dags/tasks/x_login.py
[2025-05-22T02:20:01.370+0000] {processor.py:914} INFO - Processing file /opt/airflow/dags/tasks/x_login.py for tasks to queue
[2025-05-22T02:20:01.371+0000] {logging_mixin.py:190} INFO - [2025-05-22T02:20:01.371+0000] {dagbag.py:587} INFO - Filling up the DagBag from /opt/airflow/dags/tasks/x_login.py
[2025-05-22T02:20:01.373+0000] {processor.py:927} WARNING - No viable dags retrieved from /opt/airflow/dags/tasks/x_login.py
[2025-05-22T02:20:01.382+0000] {processor.py:208} INFO - Processing /opt/airflow/dags/tasks/x_login.py took 0.017 seconds
[2025-05-22T02:20:32.888+0000] {processor.py:186} INFO - Started process (PID=194) to work on /opt/airflow/dags/tasks/x_login.py
[2025-05-22T02:20:32.888+0000] {processor.py:914} INFO - Processing file /opt/airflow/dags/tasks/x_login.py for tasks to queue
[2025-05-22T02:20:32.889+0000] {logging_mixin.py:190} INFO - [2025-05-22T02:20:32.889+0000] {dagbag.py:587} INFO - Filling up the DagBag from /opt/airflow/dags/tasks/x_login.py
[2025-05-22T02:20:32.891+0000] {processor.py:927} WARNING - No viable dags retrieved from /opt/airflow/dags/tasks/x_login.py
[2025-05-22T02:20:32.901+0000] {processor.py:208} INFO - Processing /opt/airflow/dags/tasks/x_login.py took 0.018 seconds
[2025-05-22T02:21:04.241+0000] {processor.py:186} INFO - Started process (PID=216) to work on /opt/airflow/dags/tasks/x_login.py
[2025-05-22T02:21:04.241+0000] {processor.py:914} INFO - Processing file /opt/airflow/dags/tasks/x_login.py for tasks to queue
[2025-05-22T02:21:04.242+0000] {logging_mixin.py:190} INFO - [2025-05-22T02:21:04.242+0000] {dagbag.py:587} INFO - Filling up the DagBag from /opt/airflow/dags/tasks/x_login.py
[2025-05-22T02:21:04.244+0000] {processor.py:927} WARNING - No viable dags retrieved from /opt/airflow/dags/tasks/x_login.py
[2025-05-22T02:21:04.254+0000] {processor.py:208} INFO - Processing /opt/airflow/dags/tasks/x_login.py took 0.018 seconds
[2025-05-22T02:21:35.361+0000] {processor.py:186} INFO - Started process (PID=235) to work on /opt/airflow/dags/tasks/x_login.py
[2025-05-22T02:21:35.362+0000] {processor.py:914} INFO - Processing file /opt/airflow/dags/tasks/x_login.py for tasks to queue
[2025-05-22T02:21:35.363+0000] {logging_mixin.py:190} INFO - [2025-05-22T02:21:35.363+0000] {dagbag.py:587} INFO - Filling up the DagBag from /opt/airflow/dags/tasks/x_login.py
[2025-05-22T02:21:35.365+0000] {processor.py:927} WARNING - No viable dags retrieved from /opt/airflow/dags/tasks/x_login.py
[2025-05-22T02:21:35.376+0000] {processor.py:208} INFO - Processing /opt/airflow/dags/tasks/x_login.py took 0.019 seconds
[2025-05-22T02:22:06.072+0000] {processor.py:186} INFO - Started process (PID=254) to work on /opt/airflow/dags/tasks/x_login.py
[2025-05-22T02:22:06.073+0000] {processor.py:914} INFO - Processing file /opt/airflow/dags/tasks/x_login.py for tasks to queue
[2025-05-22T02:22:06.074+0000] {logging_mixin.py:190} INFO - [2025-05-22T02:22:06.073+0000] {dagbag.py:587} INFO - Filling up the DagBag from /opt/airflow/dags/tasks/x_login.py
[2025-05-22T02:22:06.075+0000] {processor.py:927} WARNING - No viable dags retrieved from /opt/airflow/dags/tasks/x_login.py
[2025-05-22T02:22:06.086+0000] {processor.py:208} INFO - Processing /opt/airflow/dags/tasks/x_login.py took 0.019 seconds
