[2025-05-12T02:51:44.636+0000] {local_task_job_runner.py:123} INFO - ::group::Pre task execution logs
[2025-05-12T02:51:44.649+0000] {taskinstance.py:2603} INFO - Dependencies all met for dep_context=non-requeueable deps ti=<TaskInstance: facebook_videos_scraper_dag.fb_videos_scraper manual__2025-05-12T02:51:43.862282+00:00 [queued]>
[2025-05-12T02:51:44.655+0000] {taskinstance.py:2603} INFO - Dependencies all met for dep_context=requeueable deps ti=<TaskInstance: facebook_videos_scraper_dag.fb_videos_scraper manual__2025-05-12T02:51:43.862282+00:00 [queued]>
[2025-05-12T02:51:44.655+0000] {taskinstance.py:2856} INFO - Starting attempt 1 of 1
[2025-05-12T02:51:44.664+0000] {taskinstance.py:2879} INFO - Executing <Task(_PythonDecoratedOperator): fb_videos_scraper> on 2025-05-12 02:51:43.862282+00:00
[2025-05-12T02:51:44.667+0000] {standard_task_runner.py:72} INFO - Started process 807 to run task
[2025-05-12T02:51:44.670+0000] {standard_task_runner.py:104} INFO - Running: ['airflow', 'tasks', 'run', 'facebook_videos_scraper_dag', 'fb_videos_scraper', 'manual__2025-05-12T02:51:43.862282+00:00', '--job-id', '5197', '--raw', '--subdir', 'DAGS_FOLDER/pipeline.py', '--cfg-path', '/tmp/tmppjpz9yh_']
[2025-05-12T02:51:44.672+0000] {standard_task_runner.py:105} INFO - Job 5197: Subtask fb_videos_scraper
[2025-05-12T02:51:44.710+0000] {task_command.py:467} INFO - Running <TaskInstance: facebook_videos_scraper_dag.fb_videos_scraper manual__2025-05-12T02:51:43.862282+00:00 [running]> on host 14fa56807961
[2025-05-12T02:51:44.769+0000] {taskinstance.py:3122} INFO - Exporting env vars: AIRFLOW_CTX_DAG_OWNER='airflow' AIRFLOW_CTX_DAG_ID='facebook_videos_scraper_dag' AIRFLOW_CTX_TASK_ID='fb_videos_scraper' AIRFLOW_CTX_EXECUTION_DATE='2025-05-12T02:51:43.862282+00:00' AIRFLOW_CTX_TRY_NUMBER='1' AIRFLOW_CTX_DAG_RUN_ID='manual__2025-05-12T02:51:43.862282+00:00'
[2025-05-12T02:51:44.770+0000] {taskinstance.py:731} INFO - ::endgroup::
[2025-05-12T02:51:44.835+0000] {selenium_manager.py:133} WARNING - The chromedriver version (136.0.7103.59) detected in PATH at /usr/bin/chromedriver might not be compatible with the detected chrome version (136.0.7103.92); currently, chromedriver 136.0.7103.92 is recommended for chrome 136.*, so it is advised to delete the driver in PATH and retry
[2025-05-12T02:54:35.747+0000] {local_task_job_runner.py:341} WARNING - State of this instance has been externally set to failed. Terminating instance.
[2025-05-12T02:54:35.748+0000] {local_task_job_runner.py:240} INFO - ::endgroup::
[2025-05-12T02:54:35.750+0000] {process_utils.py:132} INFO - Sending 15 to group 807. PIDs of all processes in the group: [820, 826, 830, 831, 862, 863, 887, 889, 912, 950, 999, 807]
[2025-05-12T02:54:35.750+0000] {process_utils.py:87} INFO - Sending the signal 15 to group 807
[2025-05-12T02:54:35.751+0000] {taskinstance.py:3083} ERROR - Received SIGTERM. Terminating subprocesses.
[2025-05-12T02:54:35.775+0000] {taskinstance.py:340} INFO - ::group::Post task execution logs
[2025-05-12T02:54:35.845+0000] {process_utils.py:80} INFO - Process psutil.Process(pid=826, status='terminated', started='02:51:45') (826) terminated with exit code None
[2025-05-12T02:54:35.846+0000] {process_utils.py:80} INFO - Process psutil.Process(pid=889, status='terminated', started='02:51:45') (889) terminated with exit code None
[2025-05-12T02:54:35.846+0000] {process_utils.py:80} INFO - Process psutil.Process(pid=912, status='terminated', started='02:51:45') (912) terminated with exit code None
[2025-05-12T02:54:35.846+0000] {process_utils.py:80} INFO - Process psutil.Process(pid=950, status='terminated', started='02:51:45') (950) terminated with exit code None
[2025-05-12T02:54:35.846+0000] {process_utils.py:80} INFO - Process psutil.Process(pid=999, status='terminated', started='02:54:45') (999) terminated with exit code None
[2025-05-12T02:54:35.846+0000] {process_utils.py:80} INFO - Process psutil.Process(pid=862, status='terminated', started='02:51:45') (862) terminated with exit code None
[2025-05-12T02:54:35.846+0000] {process_utils.py:80} INFO - Process psutil.Process(pid=830, status='terminated', started='02:51:45') (830) terminated with exit code None
[2025-05-12T02:54:35.847+0000] {process_utils.py:80} INFO - Process psutil.Process(pid=863, status='terminated', started='02:51:45') (863) terminated with exit code None
[2025-05-12T02:54:35.847+0000] {process_utils.py:80} INFO - Process psutil.Process(pid=887, status='terminated', started='02:51:45') (887) terminated with exit code None
[2025-05-12T02:54:35.847+0000] {process_utils.py:80} INFO - Process psutil.Process(pid=807, status='terminated', exitcode=0, started='02:51:44') (807) terminated with exit code 0
[2025-05-12T02:54:35.847+0000] {process_utils.py:80} INFO - Process psutil.Process(pid=820, status='terminated', started='02:51:44') (820) terminated with exit code None
[2025-05-12T02:54:35.847+0000] {process_utils.py:80} INFO - Process psutil.Process(pid=831, status='terminated', started='02:51:45') (831) terminated with exit code None
