[2025-05-05T10:37:43.473+0000] {local_task_job_runner.py:123} INFO - ::group::Pre task execution logs
[2025-05-05T10:37:43.484+0000] {taskinstance.py:2603} INFO - Dependencies all met for dep_context=non-requeueable deps ti=<TaskInstance: dag1.group1.task2 scheduled__2021-10-10T00:00:00+00:00 [queued]>
[2025-05-05T10:37:43.489+0000] {taskinstance.py:2603} INFO - Dependencies all met for dep_context=requeueable deps ti=<TaskInstance: dag1.group1.task2 scheduled__2021-10-10T00:00:00+00:00 [queued]>
[2025-05-05T10:37:43.489+0000] {taskinstance.py:2856} INFO - Starting attempt 1 of 3
[2025-05-05T10:37:43.511+0000] {taskinstance.py:2879} INFO - Executing <Task(BashOperator): group1.task2> on 2021-10-10 00:00:00+00:00
[2025-05-05T10:37:43.514+0000] {standard_task_runner.py:72} INFO - Started process 13255 to run task
[2025-05-05T10:37:43.516+0000] {standard_task_runner.py:104} INFO - Running: ['airflow', 'tasks', 'run', 'dag1', 'group1.task2', 'scheduled__2021-10-10T00:00:00+00:00', '--job-id', '4311', '--raw', '--subdir', 'DAGS_FOLDER/tuts/taskgroup_basic.py', '--cfg-path', '/tmp/tmpayao4uz9']
[2025-05-05T10:37:43.517+0000] {standard_task_runner.py:105} INFO - Job 4311: Subtask group1.task2
[2025-05-05T10:37:43.552+0000] {task_command.py:467} INFO - Running <TaskInstance: dag1.group1.task2 scheduled__2021-10-10T00:00:00+00:00 [running]> on host 2c7afa36055b
[2025-05-05T10:37:43.603+0000] {taskinstance.py:3122} INFO - Exporting env vars: AIRFLOW_CTX_DAG_OWNER='airflow' AIRFLOW_CTX_DAG_ID='dag1' AIRFLOW_CTX_TASK_ID='group1.task2' AIRFLOW_CTX_EXECUTION_DATE='2021-10-10T00:00:00+00:00' AIRFLOW_CTX_TRY_NUMBER='1' AIRFLOW_CTX_DAG_RUN_ID='scheduled__2021-10-10T00:00:00+00:00'
[2025-05-05T10:37:43.603+0000] {taskinstance.py:731} INFO - ::endgroup::
[2025-05-05T10:37:43.605+0000] {subprocess.py:63} INFO - Tmp dir root location: /tmp
[2025-05-05T10:37:43.605+0000] {subprocess.py:75} INFO - Running command: ['/usr/bin/bash', '-c', 'echo Hello World!']
[2025-05-05T10:37:43.610+0000] {subprocess.py:86} INFO - Output:
[2025-05-05T10:37:43.611+0000] {subprocess.py:93} INFO - Hello World!
[2025-05-05T10:37:43.612+0000] {subprocess.py:97} INFO - Command exited with return code 0
[2025-05-05T10:37:43.627+0000] {taskinstance.py:340} INFO - ::group::Post task execution logs
[2025-05-05T10:37:43.627+0000] {taskinstance.py:352} INFO - Marking task as SUCCESS. dag_id=dag1, task_id=group1.task2, run_id=scheduled__2021-10-10T00:00:00+00:00, execution_date=20211010T000000, start_date=20250505T103743, end_date=20250505T103743
[2025-05-05T10:37:43.649+0000] {local_task_job_runner.py:261} INFO - Task exited with return code 0
[2025-05-05T10:37:43.658+0000] {taskinstance.py:3891} INFO - 0 downstream tasks scheduled from follow-on schedule check
[2025-05-05T10:37:43.660+0000] {local_task_job_runner.py:240} INFO - ::endgroup::
