[2025-05-20T09:11:39.547+0000] {local_task_job_runner.py:123} INFO - ::group::Pre task execution logs
[2025-05-20T09:11:39.558+0000] {taskinstance.py:2603} INFO - Dependencies all met for dep_context=non-requeueable deps ti=<TaskInstance: x_videos_scraper_dag.x_videos_scraper_task manual__2025-05-20T09:11:38.246695+00:00 [queued]>
[2025-05-20T09:11:39.563+0000] {taskinstance.py:2603} INFO - Dependencies all met for dep_context=requeueable deps ti=<TaskInstance: x_videos_scraper_dag.x_videos_scraper_task manual__2025-05-20T09:11:38.246695+00:00 [queued]>
[2025-05-20T09:11:39.563+0000] {taskinstance.py:2856} INFO - Starting attempt 1 of 1
[2025-05-20T09:11:39.571+0000] {taskinstance.py:2879} INFO - Executing <Task(PythonOperator): x_videos_scraper_task> on 2025-05-20 09:11:38.246695+00:00
[2025-05-20T09:11:39.573+0000] {standard_task_runner.py:72} INFO - Started process 24644 to run task
[2025-05-20T09:11:39.576+0000] {standard_task_runner.py:104} INFO - Running: ['airflow', 'tasks', 'run', 'x_videos_scraper_dag', 'x_videos_scraper_task', 'manual__2025-05-20T09:11:38.246695+00:00', '--job-id', '6277', '--raw', '--subdir', 'DAGS_FOLDER/pipeline_x.py', '--cfg-path', '/tmp/tmprycdzz9y']
[2025-05-20T09:11:39.578+0000] {standard_task_runner.py:105} INFO - Job 6277: Subtask x_videos_scraper_task
[2025-05-20T09:11:39.616+0000] {task_command.py:467} INFO - Running <TaskInstance: x_videos_scraper_dag.x_videos_scraper_task manual__2025-05-20T09:11:38.246695+00:00 [running]> on host 05534d39966d
[2025-05-20T09:11:39.672+0000] {taskinstance.py:3122} INFO - Exporting env vars: AIRFLOW_CTX_DAG_OWNER='airflow' AIRFLOW_CTX_DAG_ID='x_videos_scraper_dag' AIRFLOW_CTX_TASK_ID='x_videos_scraper_task' AIRFLOW_CTX_EXECUTION_DATE='2025-05-20T09:11:38.246695+00:00' AIRFLOW_CTX_TRY_NUMBER='1' AIRFLOW_CTX_DAG_RUN_ID='manual__2025-05-20T09:11:38.246695+00:00'
[2025-05-20T09:11:39.673+0000] {taskinstance.py:731} INFO - ::endgroup::
[2025-05-20T09:11:47.866+0000] {logging_mixin.py:190} INFO - Scrolling down... 0
[2025-05-20T09:11:53.030+0000] {logging_mixin.py:190} INFO - https://x.com/elonmusk/status/1923223152902930932/video/1
[2025-05-20T09:11:53.038+0000] {logging_mixin.py:190} INFO - https://x.com/elonmusk/status/1922673503771172968/video/1
[2025-05-20T09:11:53.052+0000] {logging_mixin.py:190} INFO - https://x.com/elonmusk/status/1922083384085430492/video/1
[2025-05-20T09:11:53.059+0000] {logging_mixin.py:190} INFO - https://x.com/elonmusk/status/1921611528467341607/video/1
[2025-05-20T09:11:53.066+0000] {logging_mixin.py:190} INFO - https://x.com/elonmusk/status/1921015655584985240/video/1
[2025-05-20T09:11:53.112+0000] {logging_mixin.py:190} INFO - https://x.com/elonmusk/status/1916999224664953190/video/1
[2025-05-20T09:11:53.125+0000] {logging_mixin.py:190} INFO - https://x.com/elonmusk/status/1916035259990479114/video/1
[2025-05-20T09:11:53.227+0000] {logging_mixin.py:190} INFO - Scrolling down... 1
[2025-05-20T09:11:58.613+0000] {logging_mixin.py:190} INFO - https://x.com/elonmusk/status/1907317741763084507/video/1
[2025-05-20T09:11:58.708+0000] {logging_mixin.py:190} INFO - Scrolling down... 2
[2025-05-20T09:12:03.937+0000] {warnings.py:109} WARNING - /opt/airflow/dags/app/core/database_utils.py:30: SAWarning: SELECT statement has a cartesian product between FROM element(s) "x" and FROM element "tiktok".  Apply join condition(s) between each element to resolve.
  return db.query(X).filter(Tiktok.status == TaskStatus.SUCCESS.value).all()

[2025-05-20T09:12:04.095+0000] {logging_mixin.py:190} INFO - Remaining new videos: 0
[2025-05-20T09:12:04.096+0000] {logging_mixin.py:190} INFO - New videos: 0
[2025-05-20T09:12:04.096+0000] {logging_mixin.py:190} INFO - Downloaded 0 new videos.
[2025-05-20T09:12:04.303+0000] {python.py:240} INFO - Done. Returned value was: []
[2025-05-20T09:12:04.327+0000] {taskinstance.py:340} INFO - ::group::Post task execution logs
[2025-05-20T09:12:04.327+0000] {taskinstance.py:352} INFO - Marking task as SUCCESS. dag_id=x_videos_scraper_dag, task_id=x_videos_scraper_task, run_id=manual__2025-05-20T09:11:38.246695+00:00, execution_date=20250520T091138, start_date=20250520T091139, end_date=20250520T091204
[2025-05-20T09:12:04.373+0000] {local_task_job_runner.py:261} INFO - Task exited with return code 0
[2025-05-20T09:12:04.388+0000] {taskinstance.py:3891} INFO - 1 downstream tasks scheduled from follow-on schedule check
[2025-05-20T09:12:04.389+0000] {local_task_job_runner.py:240} INFO - ::endgroup::
