[2025-05-12T06:51:58.915+0000] {local_task_job_runner.py:123} INFO - ::group::Pre task execution logs
[2025-05-12T06:51:58.927+0000] {taskinstance.py:2603} INFO - Dependencies all met for dep_context=non-requeueable deps ti=<TaskInstance: tiktok_videos_scraper_dag.tiktok_videos_scraper manual__2025-05-12T06:51:58.205590+00:00 [queued]>
[2025-05-12T06:51:58.932+0000] {taskinstance.py:2603} INFO - Dependencies all met for dep_context=requeueable deps ti=<TaskInstance: tiktok_videos_scraper_dag.tiktok_videos_scraper manual__2025-05-12T06:51:58.205590+00:00 [queued]>
[2025-05-12T06:51:58.933+0000] {taskinstance.py:2856} INFO - Starting attempt 1 of 1
[2025-05-12T06:51:58.957+0000] {taskinstance.py:2879} INFO - Executing <Task(_PythonDecoratedOperator): tiktok_videos_scraper> on 2025-05-12 06:51:58.205590+00:00
[2025-05-12T06:51:58.960+0000] {standard_task_runner.py:72} INFO - Started process 7164 to run task
[2025-05-12T06:51:58.963+0000] {standard_task_runner.py:104} INFO - Running: ['airflow', 'tasks', 'run', 'tiktok_videos_scraper_dag', 'tiktok_videos_scraper', 'manual__2025-05-12T06:51:58.205590+00:00', '--job-id', '5217', '--raw', '--subdir', 'DAGS_FOLDER/pipeline.py', '--cfg-path', '/tmp/tmp1ad78qd3']
[2025-05-12T06:51:58.964+0000] {standard_task_runner.py:105} INFO - Job 5217: Subtask tiktok_videos_scraper
[2025-05-12T06:51:58.997+0000] {task_command.py:467} INFO - Running <TaskInstance: tiktok_videos_scraper_dag.tiktok_videos_scraper manual__2025-05-12T06:51:58.205590+00:00 [running]> on host 14fa56807961
[2025-05-12T06:51:59.061+0000] {taskinstance.py:3122} INFO - Exporting env vars: AIRFLOW_CTX_DAG_OWNER='airflow' AIRFLOW_CTX_DAG_ID='tiktok_videos_scraper_dag' AIRFLOW_CTX_TASK_ID='tiktok_videos_scraper' AIRFLOW_CTX_EXECUTION_DATE='2025-05-12T06:51:58.205590+00:00' AIRFLOW_CTX_TRY_NUMBER='1' AIRFLOW_CTX_DAG_RUN_ID='manual__2025-05-12T06:51:58.205590+00:00'
[2025-05-12T06:51:59.062+0000] {taskinstance.py:731} INFO - ::endgroup::
[2025-05-12T06:52:05.706+0000] {logging_mixin.py:190} INFO - https://www.tiktok.com/@therock/video/7498828992825396526
[2025-05-12T06:52:05.707+0000] {logging_mixin.py:190} INFO - https://www.tiktok.com/@therock/video/7498176682105294123
[2025-05-12T06:52:05.707+0000] {logging_mixin.py:190} INFO - https://www.tiktok.com/@therock/video/7495761605502848298
[2025-05-12T06:52:05.707+0000] {logging_mixin.py:190} INFO - https://www.tiktok.com/@therock/video/7494644438497529130
[2025-05-12T06:52:05.707+0000] {logging_mixin.py:190} INFO - https://www.tiktok.com/@therock/video/7494316440749755694
[2025-05-12T06:52:05.708+0000] {logging_mixin.py:190} INFO - https://www.tiktok.com/@therock/video/7493217492802882858
[2025-05-12T06:52:05.708+0000] {logging_mixin.py:190} INFO - https://www.tiktok.com/@therock/video/7492481998187990318
[2025-05-12T06:52:05.708+0000] {logging_mixin.py:190} INFO - https://www.tiktok.com/@therock/video/7490673656641637675
[2025-05-12T06:52:05.708+0000] {logging_mixin.py:190} INFO - https://www.tiktok.com/@therock/video/7487701629119171886
[2025-05-12T06:52:05.708+0000] {logging_mixin.py:190} INFO - https://www.tiktok.com/@therock/video/7486515871624596782
[2025-05-12T06:52:05.708+0000] {logging_mixin.py:190} INFO - https://www.tiktok.com/@therock/video/7482814601717910826
[2025-05-12T06:52:05.708+0000] {logging_mixin.py:190} INFO - https://www.tiktok.com/@therock/video/7480993221586292014
[2025-05-12T06:52:05.708+0000] {logging_mixin.py:190} INFO - https://www.tiktok.com/@therock/video/7478382826568568110
[2025-05-12T06:52:05.708+0000] {logging_mixin.py:190} INFO - https://www.tiktok.com/@therock/video/7475105018052480302
[2025-05-12T06:52:05.708+0000] {logging_mixin.py:190} INFO - https://www.tiktok.com/@therock/video/7474681315955150126
[2025-05-12T06:52:05.708+0000] {logging_mixin.py:190} INFO - https://www.tiktok.com/@therock/video/7473147398718573866
[2025-05-12T06:52:05.708+0000] {logging_mixin.py:190} INFO - https://www.tiktok.com/@therock/video/7473137749025967406
[2025-05-12T06:52:05.708+0000] {logging_mixin.py:190} INFO - https://www.tiktok.com/@therock/video/7472396683477830955
[2025-05-12T06:52:05.708+0000] {logging_mixin.py:190} INFO - https://www.tiktok.com/@therock/video/7461443489067240747
[2025-05-12T06:52:05.709+0000] {logging_mixin.py:190} INFO - https://www.tiktok.com/@therock/video/7460513088354258219
[2025-05-12T06:52:05.709+0000] {logging_mixin.py:190} INFO - https://www.tiktok.com/@therock/video/7460511600202648878
[2025-05-12T06:52:05.709+0000] {logging_mixin.py:190} INFO - https://www.tiktok.com/@therock/video/7457228860275395882
[2025-05-12T06:52:05.709+0000] {logging_mixin.py:190} INFO - https://www.tiktok.com/@therock/video/7456475589663362350
[2025-05-12T06:52:05.709+0000] {logging_mixin.py:190} INFO - https://www.tiktok.com/@therock/video/7455784020379716910
[2025-05-12T06:52:05.709+0000] {logging_mixin.py:190} INFO - https://www.tiktok.com/@therock/video/7455388311826287914
[2025-05-12T06:52:05.709+0000] {logging_mixin.py:190} INFO - https://www.tiktok.com/@therock/video/7454241121665944874
[2025-05-12T06:52:05.709+0000] {logging_mixin.py:190} INFO - https://www.tiktok.com/@therock/video/7452740726187642155
[2025-05-12T06:52:05.709+0000] {logging_mixin.py:190} INFO - https://www.tiktok.com/@therock/video/7452738096988294446
[2025-05-12T06:52:05.709+0000] {logging_mixin.py:190} INFO - https://www.tiktok.com/@therock/video/7451804943654276398
[2025-05-12T06:52:05.709+0000] {logging_mixin.py:190} INFO - https://www.tiktok.com/@therock/video/7451345731819965742
[2025-05-12T06:52:05.709+0000] {logging_mixin.py:190} INFO - https://www.tiktok.com/@therock/video/7451022184526482730
[2025-05-12T06:52:05.709+0000] {logging_mixin.py:190} INFO - https://www.tiktok.com/@therock/video/7450249740471749934
[2025-05-12T06:52:05.709+0000] {logging_mixin.py:190} INFO - https://www.tiktok.com/@therock/video/7448020055507422507
[2025-05-12T06:52:05.709+0000] {logging_mixin.py:190} INFO - https://www.tiktok.com/@therock/video/7447975660741610795
[2025-05-12T06:52:05.710+0000] {logging_mixin.py:190} INFO - https://www.tiktok.com/@therock/video/7447285805044993326
[2025-05-12T06:52:05.720+0000] {logging_mixin.py:190} INFO - Remaining new videos: 35
[2025-05-12T06:52:05.720+0000] {logging_mixin.py:190} INFO - New videos: 35
[2025-05-12T06:52:05.855+0000] {logging_mixin.py:190} INFO - Internet connection detected. Proceeding...
[2025-05-12T06:52:06.812+0000] {logging_mixin.py:190} INFO - Downloaded video 7494316440749755694 to media/7494316440749755694.mp3
[2025-05-12T06:52:06.938+0000] {logging_mixin.py:190} INFO - Internet connection detected. Proceeding...
[2025-05-12T06:52:08.031+0000] {logging_mixin.py:190} INFO - Downloaded video 7448020055507422507 to media/7448020055507422507.mp3
[2025-05-12T06:52:08.167+0000] {logging_mixin.py:190} INFO - Internet connection detected. Proceeding...
[2025-05-12T06:52:09.133+0000] {logging_mixin.py:190} INFO - Downloaded video 7474681315955150126 to media/7474681315955150126.mp3
[2025-05-12T06:52:09.253+0000] {logging_mixin.py:190} INFO - Internet connection detected. Proceeding...
[2025-05-12T06:52:10.518+0000] {logging_mixin.py:190} INFO - Downloaded video 7460511600202648878 to media/7460511600202648878.mp3
[2025-05-12T06:52:10.640+0000] {logging_mixin.py:190} INFO - Internet connection detected. Proceeding...
[2025-05-12T06:52:13.386+0000] {logging_mixin.py:190} INFO - Downloaded video 7457228860275395882 to media/7457228860275395882.mp3
[2025-05-12T06:52:13.498+0000] {logging_mixin.py:190} INFO - Internet connection detected. Proceeding...
[2025-05-12T06:52:14.837+0000] {logging_mixin.py:190} INFO - Downloaded video 7455388311826287914 to media/7455388311826287914.mp3
[2025-05-12T06:52:14.960+0000] {logging_mixin.py:190} INFO - Internet connection detected. Proceeding...
[2025-05-12T06:52:16.848+0000] {logging_mixin.py:190} INFO - Downloaded video 7473137749025967406 to media/7473137749025967406.mp3
[2025-05-12T06:52:17.078+0000] {logging_mixin.py:190} INFO - Internet connection detected. Proceeding...
[2025-05-12T06:52:18.354+0000] {logging_mixin.py:190} INFO - Downloaded video 7452740726187642155 to media/7452740726187642155.mp3
[2025-05-12T06:52:18.505+0000] {logging_mixin.py:190} INFO - Internet connection detected. Proceeding...
[2025-05-12T06:52:19.646+0000] {logging_mixin.py:190} INFO - Downloaded video 7492481998187990318 to media/7492481998187990318.mp3
[2025-05-12T06:52:19.767+0000] {logging_mixin.py:190} INFO - Internet connection detected. Proceeding...
[2025-05-12T06:52:21.004+0000] {logging_mixin.py:190} INFO - Downloaded video 7498828992825396526 to media/7498828992825396526.mp3
[2025-05-12T06:52:21.128+0000] {logging_mixin.py:190} INFO - Internet connection detected. Proceeding...
[2025-05-12T06:52:22.642+0000] {logging_mixin.py:190} INFO - Downloaded video 7460513088354258219 to media/7460513088354258219.mp3
[2025-05-12T06:52:22.766+0000] {logging_mixin.py:190} INFO - Internet connection detected. Proceeding...
[2025-05-12T06:52:23.694+0000] {logging_mixin.py:190} INFO - Downloaded video 7487701629119171886 to media/7487701629119171886.mp3
[2025-05-12T06:52:23.825+0000] {logging_mixin.py:190} INFO - Internet connection detected. Proceeding...
[2025-05-12T06:52:24.785+0000] {logging_mixin.py:190} INFO - Downloaded video 7473147398718573866 to media/7473147398718573866.mp3
[2025-05-12T06:52:24.905+0000] {logging_mixin.py:190} INFO - Internet connection detected. Proceeding...
[2025-05-12T06:52:25.913+0000] {logging_mixin.py:190} INFO - Downloaded video 7495761605502848298 to media/7495761605502848298.mp3
[2025-05-12T06:52:26.056+0000] {logging_mixin.py:190} INFO - Internet connection detected. Proceeding...
[2025-05-12T06:52:27.115+0000] {logging_mixin.py:190} INFO - Downloaded video 7451345731819965742 to media/7451345731819965742.mp3
[2025-05-12T06:52:27.230+0000] {logging_mixin.py:190} INFO - Internet connection detected. Proceeding...
[2025-05-12T06:52:28.021+0000] {logging_mixin.py:190} INFO - Downloaded video 7494644438497529130 to media/7494644438497529130.mp3
[2025-05-12T06:52:28.139+0000] {logging_mixin.py:190} INFO - Internet connection detected. Proceeding...
[2025-05-12T06:52:29.536+0000] {logging_mixin.py:190} INFO - Downloaded video 7493217492802882858 to media/7493217492802882858.mp3
[2025-05-12T06:52:29.653+0000] {logging_mixin.py:190} INFO - Internet connection detected. Proceeding...
[2025-05-12T06:52:30.634+0000] {logging_mixin.py:190} INFO - Downloaded video 7461443489067240747 to media/7461443489067240747.mp3
[2025-05-12T06:52:30.761+0000] {logging_mixin.py:190} INFO - Internet connection detected. Proceeding...
[2025-05-12T06:52:32.238+0000] {logging_mixin.py:190} INFO - Downloaded video 7482814601717910826 to media/7482814601717910826.mp3
[2025-05-12T06:52:32.361+0000] {logging_mixin.py:190} INFO - Internet connection detected. Proceeding...
[2025-05-12T06:52:30.842+0000] {logging_mixin.py:190} INFO - Downloaded video 7456475589663362350 to media/7456475589663362350.mp3
[2025-05-12T06:52:30.967+0000] {logging_mixin.py:190} INFO - Internet connection detected. Proceeding...
[2025-05-12T06:52:32.175+0000] {logging_mixin.py:190} INFO - Downloaded video 7451022184526482730 to media/7451022184526482730.mp3
[2025-05-12T06:52:32.318+0000] {logging_mixin.py:190} INFO - Internet connection detected. Proceeding...
[2025-05-12T06:52:32.852+0000] {logging_mixin.py:190} INFO - Downloaded video 7447285805044993326 to media/7447285805044993326.mp3
[2025-05-12T06:52:32.976+0000] {logging_mixin.py:190} INFO - Internet connection detected. Proceeding...
[2025-05-12T06:52:33.943+0000] {logging_mixin.py:190} INFO - Downloaded video 7490673656641637675 to media/7490673656641637675.mp3
[2025-05-12T06:52:34.060+0000] {logging_mixin.py:190} INFO - Internet connection detected. Proceeding...
[2025-05-12T06:52:35.101+0000] {logging_mixin.py:190} INFO - Downloaded video 7451804943654276398 to media/7451804943654276398.mp3
[2025-05-12T06:52:35.234+0000] {logging_mixin.py:190} INFO - Internet connection detected. Proceeding...
[2025-05-12T06:52:35.980+0000] {logging_mixin.py:190} INFO - Downloaded video 7450249740471749934 to media/7450249740471749934.mp3
[2025-05-12T06:52:36.108+0000] {logging_mixin.py:190} INFO - Internet connection detected. Proceeding...
[2025-05-12T06:52:37.024+0000] {logging_mixin.py:190} INFO - Downloaded video 7455784020379716910 to media/7455784020379716910.mp3
[2025-05-12T06:52:37.149+0000] {logging_mixin.py:190} INFO - Internet connection detected. Proceeding...
[2025-05-12T06:52:38.328+0000] {logging_mixin.py:190} INFO - Downloaded video 7454241121665944874 to media/7454241121665944874.mp3
[2025-05-12T06:52:38.467+0000] {logging_mixin.py:190} INFO - Internet connection detected. Proceeding...
[2025-05-12T06:52:39.435+0000] {logging_mixin.py:190} INFO - Downloaded video 7498176682105294123 to media/7498176682105294123.mp3
[2025-05-12T06:52:39.573+0000] {logging_mixin.py:190} INFO - Internet connection detected. Proceeding...
[2025-05-12T06:52:40.169+0000] {logging_mixin.py:190} INFO - Downloaded video 7486515871624596782 to media/7486515871624596782.mp3
[2025-05-12T06:52:40.366+0000] {logging_mixin.py:190} INFO - Internet connection detected. Proceeding...
[2025-05-12T06:52:41.829+0000] {logging_mixin.py:190} INFO - Downloaded video 7475105018052480302 to media/7475105018052480302.mp3
[2025-05-12T06:52:41.962+0000] {logging_mixin.py:190} INFO - Internet connection detected. Proceeding...
[2025-05-12T06:52:43.045+0000] {logging_mixin.py:190} INFO - Downloaded video 7472396683477830955 to media/7472396683477830955.mp3
[2025-05-12T06:52:43.297+0000] {logging_mixin.py:190} INFO - Internet connection detected. Proceeding...
[2025-05-12T06:52:44.495+0000] {logging_mixin.py:190} INFO - Downloaded video 7452738096988294446 to media/7452738096988294446.mp3
[2025-05-12T06:52:44.645+0000] {logging_mixin.py:190} INFO - Internet connection detected. Proceeding...
[2025-05-12T06:52:45.621+0000] {logging_mixin.py:190} INFO - Downloaded video 7478382826568568110 to media/7478382826568568110.mp3
[2025-05-12T06:52:45.740+0000] {logging_mixin.py:190} INFO - Internet connection detected. Proceeding...
[2025-05-12T06:52:46.800+0000] {logging_mixin.py:190} INFO - Downloaded video 7480993221586292014 to media/7480993221586292014.mp3
[2025-05-12T06:52:46.919+0000] {logging_mixin.py:190} INFO - Internet connection detected. Proceeding...
[2025-05-12T06:52:47.414+0000] {logging_mixin.py:190} INFO - Downloaded video 7447975660741610795 to media/7447975660741610795.mp3
[2025-05-12T06:52:47.414+0000] {logging_mixin.py:190} INFO - Downloaded 35 new videos.
[2025-05-12T06:52:47.561+0000] {python.py:240} INFO - Done. Returned value was: None
[2025-05-12T06:52:47.569+0000] {taskinstance.py:340} INFO - ::group::Post task execution logs
[2025-05-12T06:52:47.569+0000] {taskinstance.py:352} INFO - Marking task as SUCCESS. dag_id=tiktok_videos_scraper_dag, task_id=tiktok_videos_scraper, run_id=manual__2025-05-12T06:51:58.205590+00:00, execution_date=20250512T065158, start_date=20250512T065158, end_date=20250512T065247
[2025-05-12T06:52:47.585+0000] {local_task_job_runner.py:261} INFO - Task exited with return code 0
[2025-05-12T06:52:47.600+0000] {taskinstance.py:3891} INFO - 1 downstream tasks scheduled from follow-on schedule check
[2025-05-12T06:52:47.602+0000] {local_task_job_runner.py:240} INFO - ::endgroup::
