[2025-05-20T03:13:29.074+0000] {local_task_job_runner.py:123} INFO - ::group::Pre task execution logs
[2025-05-20T03:13:29.087+0000] {taskinstance.py:2603} INFO - Dependencies all met for dep_context=non-requeueable deps ti=<TaskInstance: tiktok_videos_scraper_dag.tiktok_videos_scraper_task manual__2025-05-20T03:13:28.281485+00:00 [queued]>
[2025-05-20T03:13:29.093+0000] {taskinstance.py:2603} INFO - Dependencies all met for dep_context=requeueable deps ti=<TaskInstance: tiktok_videos_scraper_dag.tiktok_videos_scraper_task manual__2025-05-20T03:13:28.281485+00:00 [queued]>
[2025-05-20T03:13:29.093+0000] {taskinstance.py:2856} INFO - Starting attempt 1 of 1
[2025-05-20T03:13:29.103+0000] {taskinstance.py:2879} INFO - Executing <Task(PythonOperator): tiktok_videos_scraper_task> on 2025-05-20 03:13:28.281485+00:00
[2025-05-20T03:13:29.106+0000] {standard_task_runner.py:72} INFO - Started process 2954 to run task
[2025-05-20T03:13:29.109+0000] {standard_task_runner.py:104} INFO - Running: ['airflow', 'tasks', 'run', 'tiktok_videos_scraper_dag', 'tiktok_videos_scraper_task', 'manual__2025-05-20T03:13:28.281485+00:00', '--job-id', '6169', '--raw', '--subdir', 'DAGS_FOLDER/pipeline_tiktok.py', '--cfg-path', '/tmp/tmpwfa9rl68']
[2025-05-20T03:13:29.111+0000] {standard_task_runner.py:105} INFO - Job 6169: Subtask tiktok_videos_scraper_task
[2025-05-20T03:13:29.147+0000] {task_command.py:467} INFO - Running <TaskInstance: tiktok_videos_scraper_dag.tiktok_videos_scraper_task manual__2025-05-20T03:13:28.281485+00:00 [running]> on host 05534d39966d
[2025-05-20T03:13:29.206+0000] {taskinstance.py:3122} INFO - Exporting env vars: AIRFLOW_CTX_DAG_OWNER='airflow' AIRFLOW_CTX_DAG_ID='tiktok_videos_scraper_dag' AIRFLOW_CTX_TASK_ID='tiktok_videos_scraper_task' AIRFLOW_CTX_EXECUTION_DATE='2025-05-20T03:13:28.281485+00:00' AIRFLOW_CTX_TRY_NUMBER='1' AIRFLOW_CTX_DAG_RUN_ID='manual__2025-05-20T03:13:28.281485+00:00'
[2025-05-20T03:13:29.207+0000] {taskinstance.py:731} INFO - ::endgroup::
[2025-05-20T03:43:21.127+0000] {local_task_job_runner.py:341} WARNING - State of this instance has been externally set to failed. Terminating instance.
[2025-05-20T03:43:21.230+0000] {local_task_job_runner.py:240} INFO - ::endgroup::
[2025-05-20T03:43:21.241+0000] {process_utils.py:132} INFO - Sending 15 to group 2954. PIDs of all processes in the group: [2957, 2969, 2973, 2974, 3000, 3014, 3058, 3060, 3098, 3139, 2954]
[2025-05-20T03:43:21.248+0000] {process_utils.py:87} INFO - Sending the signal 15 to group 2954
[2025-05-20T03:43:21.280+0000] {taskinstance.py:3083} ERROR - Received SIGTERM. Terminating subprocesses.
[2025-05-20T03:43:21.449+0000] {process_utils.py:80} INFO - Process psutil.Process(pid=3058, status='terminated', started='03:13:32') (3058) terminated with exit code None
[2025-05-20T03:43:21.603+0000] {process_utils.py:80} INFO - Process psutil.Process(pid=2973, status='terminated', started='03:13:31') (2973) terminated with exit code None
[2025-05-20T03:43:21.604+0000] {process_utils.py:80} INFO - Process psutil.Process(pid=3014, status='terminated', started='03:13:31') (3014) terminated with exit code None
[2025-05-20T03:43:21.604+0000] {process_utils.py:80} INFO - Process psutil.Process(pid=2974, status='terminated', started='03:13:31') (2974) terminated with exit code None
[2025-05-20T03:43:21.604+0000] {process_utils.py:80} INFO - Process psutil.Process(pid=3139, status='terminated', started='03:16:31') (3139) terminated with exit code None
[2025-05-20T03:43:21.604+0000] {process_utils.py:80} INFO - Process psutil.Process(pid=3098, status='terminated', started='03:13:32') (3098) terminated with exit code None
[2025-05-20T03:43:21.701+0000] {process_utils.py:80} INFO - Process psutil.Process(pid=3060, status='terminated', started='03:13:32') (3060) terminated with exit code None
[2025-05-20T03:43:22.233+0000] {process_utils.py:80} INFO - Process psutil.Process(pid=3000, status='terminated', started='03:13:31') (3000) terminated with exit code None
[2025-05-20T03:43:22.233+0000] {process_utils.py:80} INFO - Process psutil.Process(pid=2969, status='terminated', started='03:13:30') (2969) terminated with exit code None
[2025-05-20T03:44:16.275+0000] {process_utils.py:150} WARNING - process psutil.Process(pid=2954, name='airflow task ru', status='sleeping', started='03:13:29') did not respond to SIGTERM. Trying SIGKILL
[2025-05-20T03:44:16.282+0000] {process_utils.py:150} WARNING - process psutil.Process(pid=2957, name='node', status='sleeping', started='03:13:29') did not respond to SIGTERM. Trying SIGKILL
[2025-05-20T03:44:16.283+0000] {process_utils.py:87} INFO - Sending the signal 9 to group 2954
[2025-05-20T03:44:16.297+0000] {process_utils.py:80} INFO - Process psutil.Process(pid=2954, name='airflow task ru', status='terminated', exitcode=<Negsignal.SIGKILL: -9>, started='03:13:29') (2954) terminated with exit code -9
[2025-05-20T03:44:16.299+0000] {process_utils.py:80} INFO - Process psutil.Process(pid=2957, name='node', status='terminated', started='03:13:29') (2957) terminated with exit code None
[2025-05-20T03:44:16.299+0000] {standard_task_runner.py:190} ERROR - ('Job 6169 was killed before it finished (likely due to running out of memory)', 'For more information, see https://airflow.apache.org/docs/apache-airflow/stable/troubleshooting.html#LocalTaskJob-killed')
[2025-05-20T03:44:16.334+0000] {standard_task_runner.py:217} INFO - Process not found (most likely exited), stop collecting metrics
