[2025-05-05T02:31:41.554+0000] {local_task_job_runner.py:123} INFO - ::group::Pre task execution logs
[2025-05-05T02:31:41.563+0000] {taskinstance.py:2603} INFO - Dependencies all met for dep_context=non-requeueable deps ti=<TaskInstance: tutorial.print_date scheduled__2025-05-04T00:00:00+00:00 [queued]>
[2025-05-05T02:31:41.568+0000] {taskinstance.py:2603} INFO - Dependencies all met for dep_context=requeueable deps ti=<TaskInstance: tutorial.print_date scheduled__2025-05-04T00:00:00+00:00 [queued]>
[2025-05-05T02:31:41.568+0000] {taskinstance.py:2856} INFO - Starting attempt 1 of 2
[2025-05-05T02:31:41.575+0000] {taskinstance.py:2879} INFO - Executing <Task(BashOperator): print_date> on 2025-05-04 00:00:00+00:00
[2025-05-05T02:31:41.577+0000] {standard_task_runner.py:72} INFO - Started process 151 to run task
[2025-05-05T02:31:41.579+0000] {standard_task_runner.py:104} INFO - Running: ['airflow', 'tasks', 'run', 'tutorial', 'print_date', 'scheduled__2025-05-04T00:00:00+00:00', '--job-id', '2485', '--raw', '--subdir', 'DAGS_FOLDER/tuts/tutorial.py', '--cfg-path', '/tmp/tmpw427h0vm']
[2025-05-05T02:31:41.580+0000] {standard_task_runner.py:105} INFO - Job 2485: Subtask print_date
[2025-05-05T02:31:41.608+0000] {task_command.py:467} INFO - Running <TaskInstance: tutorial.print_date scheduled__2025-05-04T00:00:00+00:00 [running]> on host 2c7afa36055b
[2025-05-05T02:31:41.654+0000] {taskinstance.py:3122} INFO - Exporting env vars: AIRFLOW_CTX_DAG_OWNER='airflow' AIRFLOW_CTX_DAG_ID='tutorial' AIRFLOW_CTX_TASK_ID='print_date' AIRFLOW_CTX_EXECUTION_DATE='2025-05-04T00:00:00+00:00' AIRFLOW_CTX_TRY_NUMBER='1' AIRFLOW_CTX_DAG_RUN_ID='scheduled__2025-05-04T00:00:00+00:00'
[2025-05-05T02:31:41.654+0000] {taskinstance.py:731} INFO - ::endgroup::
[2025-05-05T02:31:41.661+0000] {subprocess.py:63} INFO - Tmp dir root location: /tmp
[2025-05-05T02:31:41.662+0000] {subprocess.py:75} INFO - Running command: ['/usr/bin/bash', '-c', 'date']
[2025-05-05T02:31:41.667+0000] {subprocess.py:86} INFO - Output:
[2025-05-05T02:31:41.668+0000] {subprocess.py:93} INFO - Mon May  5 02:31:41 UTC 2025
[2025-05-05T02:31:41.668+0000] {subprocess.py:97} INFO - Command exited with return code 0
[2025-05-05T02:31:41.685+0000] {taskinstance.py:340} INFO - ::group::Post task execution logs
[2025-05-05T02:31:41.685+0000] {taskinstance.py:352} INFO - Marking task as SUCCESS. dag_id=tutorial, task_id=print_date, run_id=scheduled__2025-05-04T00:00:00+00:00, execution_date=20250504T000000, start_date=20250505T023141, end_date=20250505T023141
[2025-05-05T02:31:41.714+0000] {local_task_job_runner.py:261} INFO - Task exited with return code 0
[2025-05-05T02:31:41.727+0000] {taskinstance.py:3891} INFO - 2 downstream tasks scheduled from follow-on schedule check
[2025-05-05T02:31:41.729+0000] {local_task_job_runner.py:240} INFO - ::endgroup::
