[2025-05-22T02:16:55.422+0000] {processor.py:186} INFO - Started process (PID=42) to work on /opt/airflow/dags/pipeline_tiktok.py
[2025-05-22T02:16:55.422+0000] {processor.py:914} INFO - Processing file /opt/airflow/dags/pipeline_tiktok.py for tasks to queue
[2025-05-22T02:16:55.424+0000] {logging_mixin.py:190} INFO - [2025-05-22T02:16:55.424+0000] {dagbag.py:587} INFO - Filling up the DagBag from /opt/airflow/dags/pipeline_tiktok.py
[2025-05-22T02:16:55.634+0000] {logging_mixin.py:190} INFO - [2025-05-22T02:16:55.634+0000] {dagbag.py:386} ERROR - Failed to import: /opt/airflow/dags/pipeline_tiktok.py
Traceback (most recent call last):
  File "/home/airflow/.local/lib/python3.10/site-packages/airflow/models/dagbag.py", line 382, in parse
    loader.exec_module(new_module)
  File "<frozen importlib._bootstrap_external>", line 883, in exec_module
  File "<frozen importlib._bootstrap>", line 241, in _call_with_frames_removed
  File "/opt/airflow/dags/pipeline_tiktok.py", line 5, in <module>
    from tasks.get_transcript import audio_to_transcript
  File "/opt/airflow/dags/tasks/get_transcript.py", line 4, in <module>
    import torch
ModuleNotFoundError: No module named 'torch'
[2025-05-22T02:16:55.635+0000] {processor.py:927} WARNING - No viable dags retrieved from /opt/airflow/dags/pipeline_tiktok.py
[2025-05-22T02:16:55.645+0000] {processor.py:208} INFO - Processing /opt/airflow/dags/pipeline_tiktok.py took 0.228 seconds
[2025-05-22T02:17:25.784+0000] {processor.py:186} INFO - Started process (PID=63) to work on /opt/airflow/dags/pipeline_tiktok.py
[2025-05-22T02:17:25.785+0000] {processor.py:914} INFO - Processing file /opt/airflow/dags/pipeline_tiktok.py for tasks to queue
[2025-05-22T02:17:25.786+0000] {logging_mixin.py:190} INFO - [2025-05-22T02:17:25.785+0000] {dagbag.py:587} INFO - Filling up the DagBag from /opt/airflow/dags/pipeline_tiktok.py
[2025-05-22T02:17:25.928+0000] {logging_mixin.py:190} INFO - [2025-05-22T02:17:25.928+0000] {dagbag.py:386} ERROR - Failed to import: /opt/airflow/dags/pipeline_tiktok.py
Traceback (most recent call last):
  File "/home/airflow/.local/lib/python3.10/site-packages/airflow/models/dagbag.py", line 382, in parse
    loader.exec_module(new_module)
  File "<frozen importlib._bootstrap_external>", line 883, in exec_module
  File "<frozen importlib._bootstrap>", line 241, in _call_with_frames_removed
  File "/opt/airflow/dags/pipeline_tiktok.py", line 5, in <module>
    from tasks.get_transcript import audio_to_transcript
  File "/opt/airflow/dags/tasks/get_transcript.py", line 4, in <module>
    import torch
ModuleNotFoundError: No module named 'torch'
[2025-05-22T02:17:25.929+0000] {processor.py:927} WARNING - No viable dags retrieved from /opt/airflow/dags/pipeline_tiktok.py
[2025-05-22T02:17:25.940+0000] {processor.py:208} INFO - Processing /opt/airflow/dags/pipeline_tiktok.py took 0.160 seconds
[2025-05-22T02:17:56.957+0000] {processor.py:186} INFO - Started process (PID=83) to work on /opt/airflow/dags/pipeline_tiktok.py
[2025-05-22T02:17:56.957+0000] {processor.py:914} INFO - Processing file /opt/airflow/dags/pipeline_tiktok.py for tasks to queue
[2025-05-22T02:17:56.958+0000] {logging_mixin.py:190} INFO - [2025-05-22T02:17:56.958+0000] {dagbag.py:587} INFO - Filling up the DagBag from /opt/airflow/dags/pipeline_tiktok.py
[2025-05-22T02:17:57.100+0000] {logging_mixin.py:190} INFO - [2025-05-22T02:17:57.099+0000] {dagbag.py:386} ERROR - Failed to import: /opt/airflow/dags/pipeline_tiktok.py
Traceback (most recent call last):
  File "/home/airflow/.local/lib/python3.10/site-packages/airflow/models/dagbag.py", line 382, in parse
    loader.exec_module(new_module)
  File "<frozen importlib._bootstrap_external>", line 883, in exec_module
  File "<frozen importlib._bootstrap>", line 241, in _call_with_frames_removed
  File "/opt/airflow/dags/pipeline_tiktok.py", line 5, in <module>
    from tasks.get_transcript import audio_to_transcript
  File "/opt/airflow/dags/tasks/get_transcript.py", line 4, in <module>
    import torch
ModuleNotFoundError: No module named 'torch'
[2025-05-22T02:17:57.100+0000] {processor.py:927} WARNING - No viable dags retrieved from /opt/airflow/dags/pipeline_tiktok.py
[2025-05-22T02:17:57.123+0000] {processor.py:208} INFO - Processing /opt/airflow/dags/pipeline_tiktok.py took 0.170 seconds
[2025-05-22T02:18:28.050+0000] {processor.py:186} INFO - Started process (PID=103) to work on /opt/airflow/dags/pipeline_tiktok.py
[2025-05-22T02:18:28.051+0000] {processor.py:914} INFO - Processing file /opt/airflow/dags/pipeline_tiktok.py for tasks to queue
[2025-05-22T02:18:28.052+0000] {logging_mixin.py:190} INFO - [2025-05-22T02:18:28.052+0000] {dagbag.py:587} INFO - Filling up the DagBag from /opt/airflow/dags/pipeline_tiktok.py
[2025-05-22T02:18:33.548+0000] {logging_mixin.py:190} INFO - [2025-05-22T02:18:33.548+0000] {dagbag.py:386} ERROR - Failed to import: /opt/airflow/dags/pipeline_tiktok.py
Traceback (most recent call last):
  File "/home/airflow/.local/lib/python3.10/site-packages/airflow/models/dagbag.py", line 382, in parse
    loader.exec_module(new_module)
  File "<frozen importlib._bootstrap_external>", line 883, in exec_module
  File "<frozen importlib._bootstrap>", line 241, in _call_with_frames_removed
  File "/opt/airflow/dags/pipeline_tiktok.py", line 5, in <module>
    from tasks.get_transcript import audio_to_transcript
  File "/opt/airflow/dags/tasks/get_transcript.py", line 4, in <module>
    import torch
ModuleNotFoundError: No module named 'torch'
[2025-05-22T02:18:33.549+0000] {processor.py:927} WARNING - No viable dags retrieved from /opt/airflow/dags/pipeline_tiktok.py
[2025-05-22T02:18:33.560+0000] {processor.py:208} INFO - Processing /opt/airflow/dags/pipeline_tiktok.py took 0.169 seconds
[2025-05-22T02:19:04.424+0000] {processor.py:186} INFO - Started process (PID=137) to work on /opt/airflow/dags/pipeline_tiktok.py
[2025-05-22T02:19:04.425+0000] {processor.py:914} INFO - Processing file /opt/airflow/dags/pipeline_tiktok.py for tasks to queue
[2025-05-22T02:19:04.426+0000] {logging_mixin.py:190} INFO - [2025-05-22T02:19:04.426+0000] {dagbag.py:587} INFO - Filling up the DagBag from /opt/airflow/dags/pipeline_tiktok.py
[2025-05-22T02:19:04.609+0000] {logging_mixin.py:190} INFO - [2025-05-22T02:19:04.607+0000] {dagbag.py:386} ERROR - Failed to import: /opt/airflow/dags/pipeline_tiktok.py
Traceback (most recent call last):
  File "/home/airflow/.local/lib/python3.10/site-packages/airflow/models/dagbag.py", line 382, in parse
    loader.exec_module(new_module)
  File "<frozen importlib._bootstrap_external>", line 883, in exec_module
  File "<frozen importlib._bootstrap>", line 241, in _call_with_frames_removed
  File "/opt/airflow/dags/pipeline_tiktok.py", line 5, in <module>
    from tasks.get_transcript import audio_to_transcript
  File "/opt/airflow/dags/tasks/get_transcript.py", line 4, in <module>
    import torch
ModuleNotFoundError: No module named 'torch'
[2025-05-22T02:19:04.610+0000] {processor.py:927} WARNING - No viable dags retrieved from /opt/airflow/dags/pipeline_tiktok.py
[2025-05-22T02:19:04.621+0000] {processor.py:208} INFO - Processing /opt/airflow/dags/pipeline_tiktok.py took 0.203 seconds
[2025-05-22T02:19:38.744+0000] {processor.py:186} INFO - Started process (PID=157) to work on /opt/airflow/dags/pipeline_tiktok.py
[2025-05-22T02:19:38.744+0000] {processor.py:914} INFO - Processing file /opt/airflow/dags/pipeline_tiktok.py for tasks to queue
[2025-05-22T02:19:38.745+0000] {logging_mixin.py:190} INFO - [2025-05-22T02:19:38.745+0000] {dagbag.py:587} INFO - Filling up the DagBag from /opt/airflow/dags/pipeline_tiktok.py
[2025-05-22T02:19:33.550+0000] {logging_mixin.py:190} INFO - [2025-05-22T02:19:33.549+0000] {dagbag.py:386} ERROR - Failed to import: /opt/airflow/dags/pipeline_tiktok.py
Traceback (most recent call last):
  File "/home/airflow/.local/lib/python3.10/site-packages/airflow/models/dagbag.py", line 382, in parse
    loader.exec_module(new_module)
  File "<frozen importlib._bootstrap_external>", line 883, in exec_module
  File "<frozen importlib._bootstrap>", line 241, in _call_with_frames_removed
  File "/opt/airflow/dags/pipeline_tiktok.py", line 5, in <module>
    from tasks.get_transcript import audio_to_transcript
  File "/opt/airflow/dags/tasks/get_transcript.py", line 4, in <module>
    import torch
ModuleNotFoundError: No module named 'torch'
[2025-05-22T02:19:33.550+0000] {processor.py:927} WARNING - No viable dags retrieved from /opt/airflow/dags/pipeline_tiktok.py
[2025-05-22T02:19:33.569+0000] {processor.py:208} INFO - Processing /opt/airflow/dags/pipeline_tiktok.py took 0.174 seconds
[2025-05-22T02:20:08.751+0000] {processor.py:186} INFO - Started process (PID=177) to work on /opt/airflow/dags/pipeline_tiktok.py
[2025-05-22T02:20:08.752+0000] {processor.py:914} INFO - Processing file /opt/airflow/dags/pipeline_tiktok.py for tasks to queue
[2025-05-22T02:20:08.753+0000] {logging_mixin.py:190} INFO - [2025-05-22T02:20:08.752+0000] {dagbag.py:587} INFO - Filling up the DagBag from /opt/airflow/dags/pipeline_tiktok.py
[2025-05-22T02:20:03.583+0000] {logging_mixin.py:190} INFO - [2025-05-22T02:20:03.582+0000] {dagbag.py:386} ERROR - Failed to import: /opt/airflow/dags/pipeline_tiktok.py
Traceback (most recent call last):
  File "/home/airflow/.local/lib/python3.10/site-packages/airflow/models/dagbag.py", line 382, in parse
    loader.exec_module(new_module)
  File "<frozen importlib._bootstrap_external>", line 883, in exec_module
  File "<frozen importlib._bootstrap>", line 241, in _call_with_frames_removed
  File "/opt/airflow/dags/pipeline_tiktok.py", line 5, in <module>
    from tasks.get_transcript import audio_to_transcript
  File "/opt/airflow/dags/tasks/get_transcript.py", line 4, in <module>
    import torch
ModuleNotFoundError: No module named 'torch'
[2025-05-22T02:20:03.583+0000] {processor.py:927} WARNING - No viable dags retrieved from /opt/airflow/dags/pipeline_tiktok.py
[2025-05-22T02:20:03.599+0000] {processor.py:208} INFO - Processing /opt/airflow/dags/pipeline_tiktok.py took 0.196 seconds
[2025-05-22T02:20:33.936+0000] {processor.py:186} INFO - Started process (PID=196) to work on /opt/airflow/dags/pipeline_tiktok.py
[2025-05-22T02:20:33.937+0000] {processor.py:914} INFO - Processing file /opt/airflow/dags/pipeline_tiktok.py for tasks to queue
[2025-05-22T02:20:33.938+0000] {logging_mixin.py:190} INFO - [2025-05-22T02:20:33.938+0000] {dagbag.py:587} INFO - Filling up the DagBag from /opt/airflow/dags/pipeline_tiktok.py
[2025-05-22T02:20:34.092+0000] {processor.py:925} INFO - DAG(s) 'tiktok_videos_scraper_dag' retrieved from /opt/airflow/dags/pipeline_tiktok.py
[2025-05-22T02:20:34.144+0000] {logging_mixin.py:190} INFO - [2025-05-22T02:20:34.144+0000] {dag.py:3211} INFO - Sync 1 DAGs
[2025-05-22T02:20:34.151+0000] {logging_mixin.py:190} INFO - [2025-05-22T02:20:34.151+0000] {dag.py:4138} INFO - Setting next_dagrun for tiktok_videos_scraper_dag to None, run_after=None
[2025-05-22T02:20:34.162+0000] {processor.py:208} INFO - Processing /opt/airflow/dags/pipeline_tiktok.py took 0.230 seconds
[2025-05-22T02:21:03.769+0000] {processor.py:186} INFO - Started process (PID=208) to work on /opt/airflow/dags/pipeline_tiktok.py
[2025-05-22T02:21:03.769+0000] {processor.py:914} INFO - Processing file /opt/airflow/dags/pipeline_tiktok.py for tasks to queue
[2025-05-22T02:21:03.770+0000] {logging_mixin.py:190} INFO - [2025-05-22T02:21:03.770+0000] {dagbag.py:587} INFO - Filling up the DagBag from /opt/airflow/dags/pipeline_tiktok.py
[2025-05-22T02:21:03.926+0000] {processor.py:925} INFO - DAG(s) 'tiktok_videos_scraper_dag' retrieved from /opt/airflow/dags/pipeline_tiktok.py
[2025-05-22T02:21:03.934+0000] {logging_mixin.py:190} INFO - [2025-05-22T02:21:03.934+0000] {dag.py:3211} INFO - Sync 1 DAGs
[2025-05-22T02:21:03.943+0000] {logging_mixin.py:190} INFO - [2025-05-22T02:21:03.943+0000] {dag.py:4138} INFO - Setting next_dagrun for tiktok_videos_scraper_dag to None, run_after=None
[2025-05-22T02:21:03.954+0000] {processor.py:208} INFO - Processing /opt/airflow/dags/pipeline_tiktok.py took 0.189 seconds
[2025-05-22T02:21:34.843+0000] {processor.py:186} INFO - Started process (PID=227) to work on /opt/airflow/dags/pipeline_tiktok.py
[2025-05-22T02:21:34.852+0000] {processor.py:914} INFO - Processing file /opt/airflow/dags/pipeline_tiktok.py for tasks to queue
[2025-05-22T02:21:34.853+0000] {logging_mixin.py:190} INFO - [2025-05-22T02:21:34.853+0000] {dagbag.py:587} INFO - Filling up the DagBag from /opt/airflow/dags/pipeline_tiktok.py
[2025-05-22T02:21:35.015+0000] {processor.py:925} INFO - DAG(s) 'tiktok_videos_scraper_dag' retrieved from /opt/airflow/dags/pipeline_tiktok.py
[2025-05-22T02:21:35.032+0000] {logging_mixin.py:190} INFO - [2025-05-22T02:21:35.032+0000] {dag.py:3211} INFO - Sync 1 DAGs
[2025-05-22T02:21:35.039+0000] {logging_mixin.py:190} INFO - [2025-05-22T02:21:35.039+0000] {dag.py:4138} INFO - Setting next_dagrun for tiktok_videos_scraper_dag to None, run_after=None
[2025-05-22T02:21:35.065+0000] {processor.py:208} INFO - Processing /opt/airflow/dags/pipeline_tiktok.py took 0.227 seconds
[2025-05-22T02:22:05.346+0000] {processor.py:186} INFO - Started process (PID=246) to work on /opt/airflow/dags/pipeline_tiktok.py
[2025-05-22T02:22:05.353+0000] {processor.py:914} INFO - Processing file /opt/airflow/dags/pipeline_tiktok.py for tasks to queue
[2025-05-22T02:22:05.354+0000] {logging_mixin.py:190} INFO - [2025-05-22T02:22:05.354+0000] {dagbag.py:587} INFO - Filling up the DagBag from /opt/airflow/dags/pipeline_tiktok.py
[2025-05-22T02:22:05.560+0000] {processor.py:925} INFO - DAG(s) 'tiktok_videos_scraper_dag' retrieved from /opt/airflow/dags/pipeline_tiktok.py
[2025-05-22T02:22:05.578+0000] {logging_mixin.py:190} INFO - [2025-05-22T02:22:05.577+0000] {dag.py:3211} INFO - Sync 1 DAGs
[2025-05-22T02:22:05.586+0000] {logging_mixin.py:190} INFO - [2025-05-22T02:22:05.585+0000] {dag.py:4138} INFO - Setting next_dagrun for tiktok_videos_scraper_dag to None, run_after=None
[2025-05-22T02:22:05.596+0000] {processor.py:208} INFO - Processing /opt/airflow/dags/pipeline_tiktok.py took 0.254 seconds
