[2025-05-20T08:25:08.292+0000] {local_task_job_runner.py:123} INFO - ::group::Pre task execution logs
[2025-05-20T08:25:08.312+0000] {taskinstance.py:2603} INFO - Dependencies all met for dep_context=non-requeueable deps ti=<TaskInstance: x_videos_scraper_dag.x_videos_scraper_task manual__2025-05-20T08:25:04.607263+00:00 [queued]>
[2025-05-20T08:25:08.321+0000] {taskinstance.py:2603} INFO - Dependencies all met for dep_context=requeueable deps ti=<TaskInstance: x_videos_scraper_dag.x_videos_scraper_task manual__2025-05-20T08:25:04.607263+00:00 [queued]>
[2025-05-20T08:25:08.321+0000] {taskinstance.py:2856} INFO - Starting attempt 1 of 1
[2025-05-20T08:25:08.336+0000] {taskinstance.py:2879} INFO - Executing <Task(PythonOperator): x_videos_scraper_task> on 2025-05-20 08:25:04.607263+00:00
[2025-05-20T08:25:08.339+0000] {standard_task_runner.py:72} INFO - Started process 21728 to run task
[2025-05-20T08:25:08.342+0000] {standard_task_runner.py:104} INFO - Running: ['airflow', 'tasks', 'run', 'x_videos_scraper_dag', 'x_videos_scraper_task', 'manual__2025-05-20T08:25:04.607263+00:00', '--job-id', '6264', '--raw', '--subdir', 'DAGS_FOLDER/pipeline_x.py', '--cfg-path', '/tmp/tmpqx6tk5fy']
[2025-05-20T08:25:08.344+0000] {standard_task_runner.py:105} INFO - Job 6264: Subtask x_videos_scraper_task
[2025-05-20T08:25:08.400+0000] {task_command.py:467} INFO - Running <TaskInstance: x_videos_scraper_dag.x_videos_scraper_task manual__2025-05-20T08:25:04.607263+00:00 [running]> on host 05534d39966d
[2025-05-20T08:25:08.494+0000] {taskinstance.py:3122} INFO - Exporting env vars: AIRFLOW_CTX_DAG_OWNER='airflow' AIRFLOW_CTX_DAG_ID='x_videos_scraper_dag' AIRFLOW_CTX_TASK_ID='x_videos_scraper_task' AIRFLOW_CTX_EXECUTION_DATE='2025-05-20T08:25:04.607263+00:00' AIRFLOW_CTX_TRY_NUMBER='1' AIRFLOW_CTX_DAG_RUN_ID='manual__2025-05-20T08:25:04.607263+00:00'
[2025-05-20T08:25:08.498+0000] {taskinstance.py:731} INFO - ::endgroup::
[2025-05-20T08:25:21.808+0000] {logging_mixin.py:190} INFO - Scrolling down... 0
[2025-05-20T08:25:24.458+0000] {logging_mixin.py:190} INFO - https://x.com/elonmusk/status/1923223152902930932/video/1
[2025-05-20T08:25:24.466+0000] {logging_mixin.py:190} INFO - https://x.com/elonmusk/status/1922673503771172968/video/1
[2025-05-20T08:25:24.477+0000] {logging_mixin.py:190} INFO - https://x.com/elonmusk/status/1922083384085430492/video/1
[2025-05-20T08:25:24.483+0000] {logging_mixin.py:190} INFO - https://x.com/elonmusk/status/1921611528467341607/video/1
[2025-05-20T08:25:24.489+0000] {logging_mixin.py:190} INFO - https://x.com/elonmusk/status/1921015655584985240/video/1
[2025-05-20T08:25:24.529+0000] {logging_mixin.py:190} INFO - https://x.com/elonmusk/status/1916999224664953190/video/1
[2025-05-20T08:25:24.545+0000] {logging_mixin.py:190} INFO - https://x.com/elonmusk/status/1916035259990479114/video/1
[2025-05-20T08:25:24.640+0000] {logging_mixin.py:190} INFO - Scrolling down... 1
[2025-05-20T08:25:29.847+0000] {logging_mixin.py:190} INFO - https://x.com/elonmusk/status/1907317741763084507/video/1
[2025-05-20T08:25:29.866+0000] {logging_mixin.py:190} INFO - https://x.com/elonmusk/status/1906948011667698146/video/1
[2025-05-20T08:25:29.970+0000] {logging_mixin.py:190} INFO - Scrolling down... 2
[2025-05-20T08:25:35.219+0000] {warnings.py:109} WARNING - /opt/airflow/dags/app/core/database_utils.py:38: SAWarning: SELECT statement has a cartesian product between FROM element(s) "facebook" and FROM element "tiktok".  Apply join condition(s) between each element to resolve.
  return db.query(Facebook).filter(Tiktok.status == TaskStatus.SUCCESS.value).all()

[2025-05-20T08:25:35.224+0000] {logging_mixin.py:190} INFO - Remaining new videos: 9
[2025-05-20T08:25:35.224+0000] {logging_mixin.py:190} INFO - New videos: 9
[2025-05-20T08:25:35.224+0000] {logging_mixin.py:190} INFO - Error downloading video https://x.com/elonmusk/status/1906948011667698146/video/1: create_pending_video() missing 1 required positional argument: 'url'
[2025-05-20T08:25:35.225+0000] {logging_mixin.py:190} INFO - Error downloading video https://x.com/elonmusk/status/1907317741763084507/video/1: create_pending_video() missing 1 required positional argument: 'url'
[2025-05-20T08:25:35.225+0000] {logging_mixin.py:190} INFO - Error downloading video https://x.com/elonmusk/status/1922673503771172968/video/1: create_pending_video() missing 1 required positional argument: 'url'
[2025-05-20T08:25:35.225+0000] {logging_mixin.py:190} INFO - Error downloading video https://x.com/elonmusk/status/1921611528467341607/video/1: create_pending_video() missing 1 required positional argument: 'url'
[2025-05-20T08:25:35.225+0000] {logging_mixin.py:190} INFO - Error downloading video https://x.com/elonmusk/status/1923223152902930932/video/1: create_pending_video() missing 1 required positional argument: 'url'
[2025-05-20T08:25:35.225+0000] {logging_mixin.py:190} INFO - Error downloading video https://x.com/elonmusk/status/1916035259990479114/video/1: create_pending_video() missing 1 required positional argument: 'url'
[2025-05-20T08:25:35.225+0000] {logging_mixin.py:190} INFO - Error downloading video https://x.com/elonmusk/status/1916999224664953190/video/1: create_pending_video() missing 1 required positional argument: 'url'
[2025-05-20T08:25:35.225+0000] {logging_mixin.py:190} INFO - Error downloading video https://x.com/elonmusk/status/1922083384085430492/video/1: create_pending_video() missing 1 required positional argument: 'url'
[2025-05-20T08:25:35.225+0000] {logging_mixin.py:190} INFO - Error downloading video https://x.com/elonmusk/status/1921015655584985240/video/1: create_pending_video() missing 1 required positional argument: 'url'
[2025-05-20T08:25:35.225+0000] {logging_mixin.py:190} INFO - Downloaded 0 new videos.
[2025-05-20T08:25:35.336+0000] {python.py:240} INFO - Done. Returned value was: []
[2025-05-20T08:25:35.357+0000] {taskinstance.py:340} INFO - ::group::Post task execution logs
[2025-05-20T08:25:35.358+0000] {taskinstance.py:352} INFO - Marking task as SUCCESS. dag_id=x_videos_scraper_dag, task_id=x_videos_scraper_task, run_id=manual__2025-05-20T08:25:04.607263+00:00, execution_date=20250520T082504, start_date=20250520T082508, end_date=20250520T082535
[2025-05-20T08:25:35.384+0000] {local_task_job_runner.py:261} INFO - Task exited with return code 0
[2025-05-20T08:25:35.401+0000] {taskinstance.py:3891} INFO - 1 downstream tasks scheduled from follow-on schedule check
[2025-05-20T08:25:35.403+0000] {local_task_job_runner.py:240} INFO - ::endgroup::
