[2025-05-26T04:47:21.723+0000] {local_task_job_runner.py:123} INFO - ::group::Pre task execution logs
[2025-05-26T04:47:21.734+0000] {taskinstance.py:2603} INFO - Dependencies all met for dep_context=non-requeueable deps ti=<TaskInstance: x_videos_scraper_dag.get_links_task manual__2025-05-26T04:45:33.616646+00:00 [queued]>
[2025-05-26T04:47:21.739+0000] {taskinstance.py:2603} INFO - Dependencies all met for dep_context=requeueable deps ti=<TaskInstance: x_videos_scraper_dag.get_links_task manual__2025-05-26T04:45:33.616646+00:00 [queued]>
[2025-05-26T04:47:21.740+0000] {taskinstance.py:2856} INFO - Starting attempt 1 of 1
[2025-05-26T04:47:21.748+0000] {taskinstance.py:2879} INFO - Executing <Task(PythonOperator): get_links_task> on 2025-05-26 04:45:33.616646+00:00
[2025-05-26T04:47:21.751+0000] {standard_task_runner.py:72} INFO - Started process 217 to run task
[2025-05-26T04:47:21.754+0000] {standard_task_runner.py:104} INFO - Running: ['airflow', 'tasks', 'run', 'x_videos_scraper_dag', 'get_links_task', 'manual__2025-05-26T04:45:33.616646+00:00', '--job-id', '6739', '--raw', '--subdir', 'DAGS_FOLDER/pipeline_x.py', '--cfg-path', '/tmp/tmpgmfiygdb']
[2025-05-26T04:47:21.756+0000] {standard_task_runner.py:105} INFO - Job 6739: Subtask get_links_task
[2025-05-26T04:47:21.794+0000] {task_command.py:467} INFO - Running <TaskInstance: x_videos_scraper_dag.get_links_task manual__2025-05-26T04:45:33.616646+00:00 [running]> on host bac6a915e19d
[2025-05-26T04:47:21.851+0000] {taskinstance.py:3122} INFO - Exporting env vars: AIRFLOW_CTX_DAG_OWNER='airflow' AIRFLOW_CTX_DAG_ID='x_videos_scraper_dag' AIRFLOW_CTX_TASK_ID='get_links_task' AIRFLOW_CTX_EXECUTION_DATE='2025-05-26T04:45:33.616646+00:00' AIRFLOW_CTX_TRY_NUMBER='1' AIRFLOW_CTX_DAG_RUN_ID='manual__2025-05-26T04:45:33.616646+00:00'
[2025-05-26T04:47:21.851+0000] {taskinstance.py:731} INFO - ::endgroup::
[2025-05-26T04:47:34.699+0000] {taskinstance.py:3301} ERROR - Task failed with exception
Traceback (most recent call last):
  File "/home/airflow/.local/lib/python3.10/site-packages/airflow/models/taskinstance.py", line 767, in _execute_task
    result = _execute_callable(context=context, **execute_callable_kwargs)
  File "/home/airflow/.local/lib/python3.10/site-packages/airflow/models/taskinstance.py", line 733, in _execute_callable
    return ExecutionCallableRunner(
  File "/home/airflow/.local/lib/python3.10/site-packages/airflow/utils/operator_helpers.py", line 252, in run
    return self.func(*args, **kwargs)
  File "/home/airflow/.local/lib/python3.10/site-packages/airflow/models/baseoperator.py", line 406, in wrapper
    return func(self, *args, **kwargs)
  File "/home/airflow/.local/lib/python3.10/site-packages/airflow/operators/python.py", line 238, in execute
    return_value = self.execute_callable()
  File "/home/airflow/.local/lib/python3.10/site-packages/airflow/operators/python.py", line 256, in execute_callable
    return runner.run(*self.op_args, **self.op_kwargs)
  File "/home/airflow/.local/lib/python3.10/site-packages/airflow/utils/operator_helpers.py", line 252, in run
    return self.func(*args, **kwargs)
  File "/opt/airflow/dags/pipeline_x.py", line 38, in run_x_videos_scraper
    return x_videos_scraper(
  File "/opt/airflow/dags/tasks/x_videos_scraper.py", line 35, in x_videos_scraper
    print(f"Scrolling down... {i}")
NameError: name 'i' is not defined
[2025-05-26T04:47:34.710+0000] {taskinstance.py:1225} INFO - Marking task as FAILED. dag_id=x_videos_scraper_dag, task_id=get_links_task, run_id=manual__2025-05-26T04:45:33.616646+00:00, execution_date=20250526T044533, start_date=20250526T044721, end_date=20250526T044734
[2025-05-26T04:47:34.723+0000] {taskinstance.py:340} INFO - ::group::Post task execution logs
[2025-05-26T04:47:34.724+0000] {standard_task_runner.py:124} ERROR - Failed to execute job 6739 for task get_links_task (name 'i' is not defined; 217)
Traceback (most recent call last):
  File "/home/airflow/.local/lib/python3.10/site-packages/airflow/task/task_runner/standard_task_runner.py", line 117, in _start_by_fork
    ret = args.func(args, dag=self.dag)
  File "/home/airflow/.local/lib/python3.10/site-packages/airflow/cli/cli_config.py", line 49, in command
    return func(*args, **kwargs)
  File "/home/airflow/.local/lib/python3.10/site-packages/airflow/utils/cli.py", line 115, in wrapper
    return f(*args, **kwargs)
  File "/home/airflow/.local/lib/python3.10/site-packages/airflow/cli/commands/task_command.py", line 483, in task_run
    task_return_code = _run_task_by_selected_method(args, _dag, ti)
  File "/home/airflow/.local/lib/python3.10/site-packages/airflow/cli/commands/task_command.py", line 256, in _run_task_by_selected_method
    return _run_raw_task(args, ti)
  File "/home/airflow/.local/lib/python3.10/site-packages/airflow/cli/commands/task_command.py", line 341, in _run_raw_task
    return ti._run_raw_task(
  File "/home/airflow/.local/lib/python3.10/site-packages/airflow/utils/session.py", line 97, in wrapper
    return func(*args, session=session, **kwargs)
  File "/home/airflow/.local/lib/python3.10/site-packages/airflow/models/taskinstance.py", line 2995, in _run_raw_task
    return _run_raw_task(
  File "/home/airflow/.local/lib/python3.10/site-packages/airflow/models/taskinstance.py", line 273, in _run_raw_task
    TaskInstance._execute_task_with_callbacks(
  File "/home/airflow/.local/lib/python3.10/site-packages/airflow/models/taskinstance.py", line 3149, in _execute_task_with_callbacks
    result = self._execute_task(context, task_orig)
  File "/home/airflow/.local/lib/python3.10/site-packages/airflow/models/taskinstance.py", line 3173, in _execute_task
    return _execute_task(self, context, task_orig)
  File "/home/airflow/.local/lib/python3.10/site-packages/airflow/models/taskinstance.py", line 767, in _execute_task
    result = _execute_callable(context=context, **execute_callable_kwargs)
  File "/home/airflow/.local/lib/python3.10/site-packages/airflow/models/taskinstance.py", line 733, in _execute_callable
    return ExecutionCallableRunner(
  File "/home/airflow/.local/lib/python3.10/site-packages/airflow/utils/operator_helpers.py", line 252, in run
    return self.func(*args, **kwargs)
  File "/home/airflow/.local/lib/python3.10/site-packages/airflow/models/baseoperator.py", line 406, in wrapper
    return func(self, *args, **kwargs)
  File "/home/airflow/.local/lib/python3.10/site-packages/airflow/operators/python.py", line 238, in execute
    return_value = self.execute_callable()
  File "/home/airflow/.local/lib/python3.10/site-packages/airflow/operators/python.py", line 256, in execute_callable
    return runner.run(*self.op_args, **self.op_kwargs)
  File "/home/airflow/.local/lib/python3.10/site-packages/airflow/utils/operator_helpers.py", line 252, in run
    return self.func(*args, **kwargs)
  File "/opt/airflow/dags/pipeline_x.py", line 38, in run_x_videos_scraper
    return x_videos_scraper(
  File "/opt/airflow/dags/tasks/x_videos_scraper.py", line 35, in x_videos_scraper
    print(f"Scrolling down... {i}")
NameError: name 'i' is not defined
[2025-05-26T04:47:36.860+0000] {local_task_job_runner.py:261} INFO - Task exited with return code 1
[2025-05-26T04:47:36.878+0000] {taskinstance.py:3891} INFO - 0 downstream tasks scheduled from follow-on schedule check
[2025-05-26T04:47:36.880+0000] {local_task_job_runner.py:240} INFO - ::endgroup::
