[2025-05-14T07:05:43.888+0000] {local_task_job_runner.py:123} INFO - ::group::Pre task execution logs
[2025-05-14T07:05:43.900+0000] {taskinstance.py:2603} INFO - Dependencies all met for dep_context=non-requeueable deps ti=<TaskInstance: x_videos_scraper_dag.x_videos_scraper manual__2025-05-14T07:05:43.027993+00:00 [queued]>
[2025-05-14T07:05:43.906+0000] {taskinstance.py:2603} INFO - Dependencies all met for dep_context=requeueable deps ti=<TaskInstance: x_videos_scraper_dag.x_videos_scraper manual__2025-05-14T07:05:43.027993+00:00 [queued]>
[2025-05-14T07:05:43.906+0000] {taskinstance.py:2856} INFO - Starting attempt 1 of 1
[2025-05-14T07:05:43.916+0000] {taskinstance.py:2879} INFO - Executing <Task(_PythonDecoratedOperator): x_videos_scraper> on 2025-05-14 07:05:43.027993+00:00
[2025-05-14T07:05:43.918+0000] {standard_task_runner.py:72} INFO - Started process 9256 to run task
[2025-05-14T07:05:43.921+0000] {standard_task_runner.py:104} INFO - Running: ['airflow', 'tasks', 'run', 'x_videos_scraper_dag', 'x_videos_scraper', 'manual__2025-05-14T07:05:43.027993+00:00', '--job-id', '5415', '--raw', '--subdir', 'DAGS_FOLDER/pipeline_x.py', '--cfg-path', '/tmp/tmp8exmvnvd']
[2025-05-14T07:05:43.923+0000] {standard_task_runner.py:105} INFO - Job 5415: Subtask x_videos_scraper
[2025-05-14T07:05:43.958+0000] {task_command.py:467} INFO - Running <TaskInstance: x_videos_scraper_dag.x_videos_scraper manual__2025-05-14T07:05:43.027993+00:00 [running]> on host 79b7354865cb
[2025-05-14T07:05:44.017+0000] {taskinstance.py:3122} INFO - Exporting env vars: AIRFLOW_CTX_DAG_OWNER='airflow' AIRFLOW_CTX_DAG_ID='x_videos_scraper_dag' AIRFLOW_CTX_TASK_ID='x_videos_scraper' AIRFLOW_CTX_EXECUTION_DATE='2025-05-14T07:05:43.027993+00:00' AIRFLOW_CTX_TRY_NUMBER='1' AIRFLOW_CTX_DAG_RUN_ID='manual__2025-05-14T07:05:43.027993+00:00'
[2025-05-14T07:05:44.018+0000] {taskinstance.py:731} INFO - ::endgroup::
[2025-05-14T07:06:00.278+0000] {logging_mixin.py:190} INFO - Error accessing page: Page.goto: Timeout 15000ms exceeded.
Call log:
  - navigating to "https://x.com/elonmusk/media", waiting until "load"
[2025-05-14T07:06:00.375+0000] {python.py:240} INFO - Done. Returned value was: []
[2025-05-14T07:06:00.394+0000] {taskinstance.py:340} INFO - ::group::Post task execution logs
[2025-05-14T07:06:00.394+0000] {taskinstance.py:352} INFO - Marking task as SUCCESS. dag_id=x_videos_scraper_dag, task_id=x_videos_scraper, run_id=manual__2025-05-14T07:05:43.027993+00:00, execution_date=20250514T070543, start_date=20250514T070543, end_date=20250514T070600
[2025-05-14T07:06:00.446+0000] {local_task_job_runner.py:261} INFO - Task exited with return code 0
[2025-05-14T07:06:00.481+0000] {taskinstance.py:3891} INFO - 1 downstream tasks scheduled from follow-on schedule check
[2025-05-14T07:06:00.483+0000] {local_task_job_runner.py:240} INFO - ::endgroup::
