[2025-05-20T07:58:20.005+0000] {local_task_job_runner.py:123} INFO - ::group::Pre task execution logs
[2025-05-20T07:58:20.016+0000] {taskinstance.py:2603} INFO - Dependencies all met for dep_context=non-requeueable deps ti=<TaskInstance: tiktok_videos_scraper_dag.tiktok_videos_scraper_task manual__2025-05-20T07:58:19.498726+00:00 [queued]>
[2025-05-20T07:58:20.020+0000] {taskinstance.py:2603} INFO - Dependencies all met for dep_context=requeueable deps ti=<TaskInstance: tiktok_videos_scraper_dag.tiktok_videos_scraper_task manual__2025-05-20T07:58:19.498726+00:00 [queued]>
[2025-05-20T07:58:20.021+0000] {taskinstance.py:2856} INFO - Starting attempt 1 of 1
[2025-05-20T07:58:20.034+0000] {taskinstance.py:2879} INFO - Executing <Task(PythonOperator): tiktok_videos_scraper_task> on 2025-05-20 07:58:19.498726+00:00
[2025-05-20T07:58:20.037+0000] {standard_task_runner.py:72} INFO - Started process 19053 to run task
[2025-05-20T07:58:20.040+0000] {standard_task_runner.py:104} INFO - Running: ['airflow', 'tasks', 'run', 'tiktok_videos_scraper_dag', 'tiktok_videos_scraper_task', 'manual__2025-05-20T07:58:19.498726+00:00', '--job-id', '6238', '--raw', '--subdir', 'DAGS_FOLDER/pipeline_tiktok.py', '--cfg-path', '/tmp/tmpwagt12u0']
[2025-05-20T07:58:20.041+0000] {standard_task_runner.py:105} INFO - Job 6238: Subtask tiktok_videos_scraper_task
[2025-05-20T07:58:20.080+0000] {task_command.py:467} INFO - Running <TaskInstance: tiktok_videos_scraper_dag.tiktok_videos_scraper_task manual__2025-05-20T07:58:19.498726+00:00 [running]> on host 05534d39966d
[2025-05-20T07:58:20.146+0000] {taskinstance.py:3122} INFO - Exporting env vars: AIRFLOW_CTX_DAG_OWNER='airflow' AIRFLOW_CTX_DAG_ID='tiktok_videos_scraper_dag' AIRFLOW_CTX_TASK_ID='tiktok_videos_scraper_task' AIRFLOW_CTX_EXECUTION_DATE='2025-05-20T07:58:19.498726+00:00' AIRFLOW_CTX_TRY_NUMBER='1' AIRFLOW_CTX_DAG_RUN_ID='manual__2025-05-20T07:58:19.498726+00:00'
[2025-05-20T07:58:20.146+0000] {taskinstance.py:731} INFO - ::endgroup::
[2025-05-20T07:58:27.113+0000] {logging_mixin.py:190} INFO - https://www.tiktok.com/@therock/video/7505806550301429038
[2025-05-20T07:58:27.113+0000] {logging_mixin.py:190} INFO - https://www.tiktok.com/@therock/video/7505439486084484395
[2025-05-20T07:58:27.113+0000] {logging_mixin.py:190} INFO - https://www.tiktok.com/@therock/video/7498828992825396526
[2025-05-20T07:58:27.113+0000] {logging_mixin.py:190} INFO - https://www.tiktok.com/@therock/video/7498176682105294123
[2025-05-20T07:58:27.113+0000] {logging_mixin.py:190} INFO - https://www.tiktok.com/@therock/video/7495761605502848298
[2025-05-20T07:58:27.114+0000] {logging_mixin.py:190} INFO - https://www.tiktok.com/@therock/video/7494644438497529130
[2025-05-20T07:58:27.114+0000] {logging_mixin.py:190} INFO - https://www.tiktok.com/@therock/video/7494316440749755694
[2025-05-20T07:58:27.114+0000] {logging_mixin.py:190} INFO - https://www.tiktok.com/@therock/video/7493217492802882858
[2025-05-20T07:58:27.114+0000] {logging_mixin.py:190} INFO - https://www.tiktok.com/@therock/video/7492481998187990318
[2025-05-20T07:58:27.114+0000] {logging_mixin.py:190} INFO - https://www.tiktok.com/@therock/video/7490673656641637675
[2025-05-20T07:58:27.114+0000] {logging_mixin.py:190} INFO - https://www.tiktok.com/@therock/video/7487701629119171886
[2025-05-20T07:58:27.114+0000] {logging_mixin.py:190} INFO - https://www.tiktok.com/@therock/video/7486515871624596782
[2025-05-20T07:58:27.114+0000] {logging_mixin.py:190} INFO - https://www.tiktok.com/@therock/video/7482814601717910826
[2025-05-20T07:58:27.114+0000] {logging_mixin.py:190} INFO - https://www.tiktok.com/@therock/video/7480993221586292014
[2025-05-20T07:58:27.114+0000] {logging_mixin.py:190} INFO - https://www.tiktok.com/@therock/video/7478382826568568110
[2025-05-20T07:58:27.114+0000] {logging_mixin.py:190} INFO - https://www.tiktok.com/@therock/video/7475105018052480302
[2025-05-20T07:58:27.114+0000] {logging_mixin.py:190} INFO - https://www.tiktok.com/@therock/video/7474681315955150126
[2025-05-20T07:58:27.114+0000] {logging_mixin.py:190} INFO - https://www.tiktok.com/@therock/video/7473147398718573866
[2025-05-20T07:58:27.115+0000] {logging_mixin.py:190} INFO - https://www.tiktok.com/@therock/video/7473137749025967406
[2025-05-20T07:58:27.115+0000] {logging_mixin.py:190} INFO - https://www.tiktok.com/@therock/video/7472396683477830955
[2025-05-20T07:58:27.115+0000] {logging_mixin.py:190} INFO - https://www.tiktok.com/@therock/video/7461443489067240747
[2025-05-20T07:58:27.115+0000] {logging_mixin.py:190} INFO - https://www.tiktok.com/@therock/video/7460513088354258219
[2025-05-20T07:58:27.115+0000] {logging_mixin.py:190} INFO - https://www.tiktok.com/@therock/video/7460511600202648878
[2025-05-20T07:58:27.115+0000] {logging_mixin.py:190} INFO - https://www.tiktok.com/@therock/video/7457228860275395882
[2025-05-20T07:58:27.115+0000] {logging_mixin.py:190} INFO - https://www.tiktok.com/@therock/video/7456475589663362350
[2025-05-20T07:58:27.115+0000] {logging_mixin.py:190} INFO - https://www.tiktok.com/@therock/video/7455784020379716910
[2025-05-20T07:58:27.115+0000] {logging_mixin.py:190} INFO - https://www.tiktok.com/@therock/video/7455388311826287914
[2025-05-20T07:58:27.115+0000] {logging_mixin.py:190} INFO - https://www.tiktok.com/@therock/video/7454241121665944874
[2025-05-20T07:58:27.115+0000] {logging_mixin.py:190} INFO - https://www.tiktok.com/@therock/video/7452740726187642155
[2025-05-20T07:58:27.115+0000] {logging_mixin.py:190} INFO - https://www.tiktok.com/@therock/video/7452738096988294446
[2025-05-20T07:58:27.115+0000] {logging_mixin.py:190} INFO - https://www.tiktok.com/@therock/video/7451804943654276398
[2025-05-20T07:58:27.115+0000] {logging_mixin.py:190} INFO - https://www.tiktok.com/@therock/video/7451345731819965742
[2025-05-20T07:58:27.115+0000] {logging_mixin.py:190} INFO - https://www.tiktok.com/@therock/video/7451022184526482730
[2025-05-20T07:58:27.116+0000] {logging_mixin.py:190} INFO - https://www.tiktok.com/@therock/video/7450249740471749934
[2025-05-20T07:58:27.116+0000] {logging_mixin.py:190} INFO - https://www.tiktok.com/@therock/video/7448020055507422507
[2025-05-20T07:58:27.129+0000] {logging_mixin.py:190} INFO - New videos: 0
[2025-05-20T07:58:27.129+0000] {logging_mixin.py:190} INFO - Downloaded 0 new videos.
[2025-05-20T07:58:27.263+0000] {python.py:240} INFO - Done. Returned value was: []
[2025-05-20T07:58:27.283+0000] {taskinstance.py:340} INFO - ::group::Post task execution logs
[2025-05-20T07:58:27.283+0000] {taskinstance.py:352} INFO - Marking task as SUCCESS. dag_id=tiktok_videos_scraper_dag, task_id=tiktok_videos_scraper_task, run_id=manual__2025-05-20T07:58:19.498726+00:00, execution_date=20250520T075819, start_date=20250520T075820, end_date=20250520T075827
[2025-05-20T07:58:27.314+0000] {local_task_job_runner.py:261} INFO - Task exited with return code 0
[2025-05-20T07:58:27.324+0000] {local_task_job_runner.py:240} INFO - ::endgroup::
