[2025-05-05T02:31:35.234+0000] {local_task_job_runner.py:123} INFO - ::group::Pre task execution logs
[2025-05-05T02:31:35.254+0000] {taskinstance.py:2603} INFO - Dependencies all met for dep_context=non-requeueable deps ti=<TaskInstance: process_employees.create_employees_temp_table scheduled__2025-04-29T00:00:00+00:00 [queued]>
[2025-05-05T02:31:35.266+0000] {taskinstance.py:2603} INFO - Dependencies all met for dep_context=requeueable deps ti=<TaskInstance: process_employees.create_employees_temp_table scheduled__2025-04-29T00:00:00+00:00 [queued]>
[2025-05-05T02:31:35.266+0000] {taskinstance.py:2856} INFO - Starting attempt 1 of 1
[2025-05-05T02:31:35.283+0000] {taskinstance.py:2879} INFO - Executing <Task(SQLExecuteQueryOperator): create_employees_temp_table> on 2025-04-29 00:00:00+00:00
[2025-05-05T02:31:35.288+0000] {standard_task_runner.py:72} INFO - Started process 95 to run task
[2025-05-05T02:31:35.295+0000] {standard_task_runner.py:104} INFO - Running: ['airflow', 'tasks', 'run', 'process_employees', 'create_employees_temp_table', 'scheduled__2025-04-29T00:00:00+00:00', '--job-id', '2472', '--raw', '--subdir', 'DAGS_FOLDER/tuts/simple_data_pipeline.py', '--cfg-path', '/tmp/tmp5sd340d4']
[2025-05-05T02:31:35.296+0000] {standard_task_runner.py:105} INFO - Job 2472: Subtask create_employees_temp_table
[2025-05-05T02:31:35.366+0000] {task_command.py:467} INFO - Running <TaskInstance: process_employees.create_employees_temp_table scheduled__2025-04-29T00:00:00+00:00 [running]> on host 2c7afa36055b
[2025-05-05T02:31:35.457+0000] {taskinstance.py:3122} INFO - Exporting env vars: AIRFLOW_CTX_DAG_OWNER='airflow' AIRFLOW_CTX_DAG_ID='process_employees' AIRFLOW_CTX_TASK_ID='create_employees_temp_table' AIRFLOW_CTX_EXECUTION_DATE='2025-04-29T00:00:00+00:00' AIRFLOW_CTX_TRY_NUMBER='1' AIRFLOW_CTX_DAG_RUN_ID='scheduled__2025-04-29T00:00:00+00:00'
[2025-05-05T02:31:35.459+0000] {taskinstance.py:731} INFO - ::endgroup::
[2025-05-05T02:31:35.461+0000] {sql.py:282} INFO - Executing: 
            DROP TABLE IF EXISTS employees_temp;
            CREATE TABLE employees_temp (
                "Serial Number" NUMERIC PRIMARY KEY,
                "Company Name" TEXT,
                "Employee Markme" TEXT,
                "Description" TEXT,
                "Leave" INTEGER
            );
[2025-05-05T02:31:35.475+0000] {base.py:84} INFO - Retrieving connection 'tutorial_pg_conn'
[2025-05-05T02:31:35.488+0000] {base.py:84} INFO - Retrieving connection 'tutorial_pg_conn'
[2025-05-05T02:31:35.493+0000] {sql.py:509} INFO - Running statement: 
            DROP TABLE IF EXISTS employees_temp;
            CREATE TABLE employees_temp (
                "Serial Number" NUMERIC PRIMARY KEY,
                "Company Name" TEXT,
                "Employee Markme" TEXT,
                "Description" TEXT,
                "Leave" INTEGER
            );, parameters: None
[2025-05-05T02:31:35.545+0000] {taskinstance.py:340} INFO - ::group::Post task execution logs
[2025-05-05T02:31:35.546+0000] {taskinstance.py:352} INFO - Marking task as SUCCESS. dag_id=process_employees, task_id=create_employees_temp_table, run_id=scheduled__2025-04-29T00:00:00+00:00, execution_date=20250429T000000, start_date=20250505T023135, end_date=20250505T023135
[2025-05-05T02:31:35.590+0000] {local_task_job_runner.py:261} INFO - Task exited with return code 0
[2025-05-05T02:31:35.614+0000] {taskinstance.py:3891} INFO - 1 downstream tasks scheduled from follow-on schedule check
[2025-05-05T02:31:35.617+0000] {local_task_job_runner.py:240} INFO - ::endgroup::
