[2025-05-23T10:36:49.370+0000] {local_task_job_runner.py:123} INFO - ::group::Pre task execution logs
[2025-05-23T10:36:49.380+0000] {taskinstance.py:2603} INFO - Dependencies all met for dep_context=non-requeueable deps ti=<TaskInstance: facebook_videos_scraper_dag.get_links_task manual__2025-05-23T10:36:49.026914+00:00 [queued]>
[2025-05-23T10:36:49.385+0000] {taskinstance.py:2603} INFO - Dependencies all met for dep_context=requeueable deps ti=<TaskInstance: facebook_videos_scraper_dag.get_links_task manual__2025-05-23T10:36:49.026914+00:00 [queued]>
[2025-05-23T10:36:49.386+0000] {taskinstance.py:2856} INFO - Starting attempt 1 of 1
[2025-05-23T10:36:49.394+0000] {taskinstance.py:2879} INFO - Executing <Task(PythonOperator): get_links_task> on 2025-05-23 10:36:49.026914+00:00
[2025-05-23T10:36:49.396+0000] {standard_task_runner.py:72} INFO - Started process 130593 to run task
[2025-05-23T10:36:49.399+0000] {standard_task_runner.py:104} INFO - Running: ['airflow', 'tasks', 'run', 'facebook_videos_scraper_dag', 'get_links_task', 'manual__2025-05-23T10:36:49.026914+00:00', '--job-id', '6701', '--raw', '--subdir', 'DAGS_FOLDER/pipeline_fb.py', '--cfg-path', '/tmp/tmpt9n9pp5f']
[2025-05-23T10:36:49.400+0000] {standard_task_runner.py:105} INFO - Job 6701: Subtask get_links_task
[2025-05-23T10:36:49.433+0000] {task_command.py:467} INFO - Running <TaskInstance: facebook_videos_scraper_dag.get_links_task manual__2025-05-23T10:36:49.026914+00:00 [running]> on host ef47dfc686f8
[2025-05-23T10:36:49.483+0000] {taskinstance.py:3122} INFO - Exporting env vars: AIRFLOW_CTX_DAG_OWNER='airflow' AIRFLOW_CTX_DAG_ID='facebook_videos_scraper_dag' AIRFLOW_CTX_TASK_ID='get_links_task' AIRFLOW_CTX_EXECUTION_DATE='2025-05-23T10:36:49.026914+00:00' AIRFLOW_CTX_TRY_NUMBER='1' AIRFLOW_CTX_DAG_RUN_ID='manual__2025-05-23T10:36:49.026914+00:00'
[2025-05-23T10:36:49.484+0000] {taskinstance.py:731} INFO - ::endgroup::
[2025-05-23T10:36:49.517+0000] {selenium_manager.py:133} WARNING - The chromedriver version (136.0.7103.59) detected in PATH at /usr/bin/chromedriver might not be compatible with the detected chrome version (136.0.7103.113); currently, chromedriver 136.0.7103.113 is recommended for chrome 136.*, so it is advised to delete the driver in PATH and retry
[2025-05-23T10:36:51.806+0000] {logging_mixin.py:190} INFO - Step 1 of 3 - Load cookies
[2025-05-23T10:36:52.508+0000] {logging_mixin.py:190} INFO - Step 2 of 3 - Scrolling page
[2025-05-23T10:36:52.508+0000] {logging_mixin.py:190} INFO - Scrolling 1 iterations...
[2025-05-23T10:37:02.203+0000] {logging_mixin.py:190} INFO - Scrolling stopped after 2 iterations
[2025-05-23T10:37:02.203+0000] {logging_mixin.py:190} INFO - Scrolled 2 iterations
[2025-05-23T10:37:02.204+0000] {logging_mixin.py:190} INFO - Step 3 of 3 - Extract videos urls
[2025-05-23T10:37:02.219+0000] {logging_mixin.py:190} INFO - Found 153 a tags
[2025-05-23T10:37:02.528+0000] {logging_mixin.py:190} INFO - Found href: https://www.facebook.com/100044296156511/videos/1362494931698063
[2025-05-23T10:37:02.542+0000] {logging_mixin.py:190} INFO - Found href: https://www.facebook.com/manchesterunited/videos/1362494931698063/?comment_id=1801202197123560&__tn__=R]
[2025-05-23T10:37:02.547+0000] {logging_mixin.py:190} INFO - Found href: https://www.facebook.com/manchesterunited/videos/1760397254561973/
[2025-05-23T10:37:02.557+0000] {logging_mixin.py:190} INFO - Found href: https://www.facebook.com/manchesterunited/videos/1362494931698063/
[2025-05-23T10:37:02.564+0000] {logging_mixin.py:190} INFO - Found href: https://www.facebook.com/manchesterunited/videos/694643923451384/
[2025-05-23T10:37:02.579+0000] {logging_mixin.py:190} INFO - Found href: https://www.facebook.com/manchesterunited/videos/1909441793191388/
[2025-05-23T10:37:02.594+0000] {logging_mixin.py:190} INFO - Found href: https://www.facebook.com/manchesterunited/videos/982409090722070/
[2025-05-23T10:37:02.606+0000] {logging_mixin.py:190} INFO - Found href: https://www.facebook.com/manchesterunited/videos/1773022476944052/
[2025-05-23T10:37:02.632+0000] {logging_mixin.py:190} INFO - Found href: https://www.facebook.com/manchesterunited/videos/8274229069266765/
[2025-05-23T10:37:02.646+0000] {logging_mixin.py:190} INFO - Found href: https://www.facebook.com/manchesterunited/videos/556226863742204/
[2025-05-23T10:37:02.656+0000] {logging_mixin.py:190} INFO - Found href: https://www.facebook.com/manchesterunited/videos/1041336940536570/
[2025-05-23T10:37:02.665+0000] {logging_mixin.py:190} INFO - Found href: https://www.facebook.com/manchesterunited/videos/529340563294260/
[2025-05-23T10:37:02.673+0000] {logging_mixin.py:190} INFO - Found href: https://www.facebook.com/manchesterunited/videos/1276522580331422/
[2025-05-23T10:37:02.684+0000] {logging_mixin.py:190} INFO - Found href: https://www.facebook.com/manchesterunited/videos/882764287377874/
[2025-05-23T10:37:02.788+0000] {logging_mixin.py:190} INFO - Found href: https://www.facebook.com/manchesterunited/videos/1224491469029211/
[2025-05-23T10:37:02.796+0000] {logging_mixin.py:190} INFO - Found href: https://www.facebook.com/manchesterunited/videos/1382642382862628/
[2025-05-23T10:37:02.810+0000] {logging_mixin.py:190} INFO - Found href: https://www.facebook.com/manchesterunited/videos/1036340441761267/
[2025-05-23T10:37:02.822+0000] {logging_mixin.py:190} INFO - Found href: https://www.facebook.com/manchesterunited/videos/1732823114334576/
[2025-05-23T10:37:02.830+0000] {logging_mixin.py:190} INFO - Found href: https://www.facebook.com/manchesterunited/videos/1060728405963374/
[2025-05-23T10:37:02.853+0000] {logging_mixin.py:190} INFO - Found href: https://www.facebook.com/manchesterunited/videos/585960207199512/
[2025-05-23T10:37:02.863+0000] {logging_mixin.py:190} INFO - Found href: https://www.facebook.com/manchesterunited/videos/656884980546031/
[2025-05-23T10:37:02.873+0000] {logging_mixin.py:190} INFO - Found href: https://www.facebook.com/manchesterunited/videos/708154504977360/
[2025-05-23T10:37:02.889+0000] {logging_mixin.py:190} INFO - Found href: https://www.facebook.com/manchesterunited/videos/549543607852382/
[2025-05-23T10:37:02.898+0000] {logging_mixin.py:190} INFO - Found href: https://www.facebook.com/manchesterunited/videos/1098363302098361/
[2025-05-23T10:37:02.908+0000] {logging_mixin.py:190} INFO - Found href: https://www.facebook.com/manchesterunited/videos/630843533284430/
[2025-05-23T10:37:02.925+0000] {logging_mixin.py:190} INFO - Found href: https://www.facebook.com/manchesterunited/videos/670698715660708/
[2025-05-23T10:37:02.941+0000] {logging_mixin.py:190} INFO - Found href: https://www.facebook.com/manchesterunited/videos/1524027855224342/
[2025-05-23T10:37:02.951+0000] {logging_mixin.py:190} INFO - Found href: https://www.facebook.com/manchesterunited/videos/1190062166120574/
[2025-05-23T10:37:02.969+0000] {logging_mixin.py:190} INFO - Found href: https://www.facebook.com/manchesterunited/videos/1815873059208157/
[2025-05-23T10:37:02.978+0000] {logging_mixin.py:190} INFO - Found href: https://www.facebook.com/manchesterunited/videos/712907761084756/
[2025-05-23T10:37:03.002+0000] {logging_mixin.py:190} INFO - Found href: https://www.facebook.com/manchesterunited/videos/3029630467191422/
[2025-05-23T10:37:03.011+0000] {logging_mixin.py:190} INFO - Found href: https://www.facebook.com/manchesterunited/videos/1769184690305703/
[2025-05-23T10:37:03.027+0000] {logging_mixin.py:190} INFO - Found href: https://www.facebook.com/manchesterunited/videos/1356004988974021/
[2025-05-23T10:37:03.049+0000] {logging_mixin.py:190} INFO - Found href: https://www.facebook.com/manchesterunited/videos/1714593262803189/
[2025-05-23T10:37:03.073+0000] {logging_mixin.py:190} INFO - Found href: https://www.facebook.com/manchesterunited/videos/29292281887084616/
[2025-05-23T10:37:03.083+0000] {logging_mixin.py:190} INFO - Found href: https://www.facebook.com/manchesterunited/videos/1102701414956372/
[2025-05-23T10:37:03.092+0000] {logging_mixin.py:190} INFO - Found href: https://www.facebook.com/manchesterunited/videos/1000009215557053/
[2025-05-23T10:37:03.106+0000] {logging_mixin.py:190} INFO - Found href: https://www.facebook.com/manchesterunited/videos/1167294368037743/
[2025-05-23T10:37:03.116+0000] {logging_mixin.py:190} INFO - Found href: https://www.facebook.com/manchesterunited/videos/2158323417933631/
[2025-05-23T10:37:03.126+0000] {logging_mixin.py:190} INFO - Found href: https://www.facebook.com/manchesterunited/videos/1165652401453375/
[2025-05-23T10:37:03.141+0000] {logging_mixin.py:190} INFO - Found href: https://www.facebook.com/manchesterunited/videos/1222232559317315/
[2025-05-23T10:37:03.162+0000] {logging_mixin.py:190} INFO - Found 41 href elements
[2025-05-23T10:37:03.162+0000] {logging_mixin.py:190} INFO -  Scraped data:
[2025-05-23T10:37:03.162+0000] {logging_mixin.py:190} INFO -  - https://www.facebook.com/100044296156511/videos/1362494931698063
[2025-05-23T10:37:03.163+0000] {logging_mixin.py:190} INFO -  - 
https://www.facebook.com/manchesterunited/videos/1362494931698063/?comment_id=18
01202197123560&__tn__=R]
[2025-05-23T10:37:03.163+0000] {logging_mixin.py:190} INFO -  - https://www.facebook.com/manchesterunited/videos/1760397254561973/
[2025-05-23T10:37:03.163+0000] {logging_mixin.py:190} INFO -  - https://www.facebook.com/manchesterunited/videos/1362494931698063/
[2025-05-23T10:37:03.163+0000] {logging_mixin.py:190} INFO -  - https://www.facebook.com/manchesterunited/videos/694643923451384/
[2025-05-23T10:37:03.164+0000] {logging_mixin.py:190} INFO -  - https://www.facebook.com/manchesterunited/videos/1909441793191388/
[2025-05-23T10:37:03.164+0000] {logging_mixin.py:190} INFO -  - https://www.facebook.com/manchesterunited/videos/982409090722070/
[2025-05-23T10:37:03.164+0000] {logging_mixin.py:190} INFO -  - https://www.facebook.com/manchesterunited/videos/1773022476944052/
[2025-05-23T10:37:03.164+0000] {logging_mixin.py:190} INFO -  - https://www.facebook.com/manchesterunited/videos/8274229069266765/
[2025-05-23T10:37:03.164+0000] {logging_mixin.py:190} INFO -  - https://www.facebook.com/manchesterunited/videos/556226863742204/
[2025-05-23T10:37:03.165+0000] {logging_mixin.py:190} INFO -  - https://www.facebook.com/manchesterunited/videos/1041336940536570/
[2025-05-23T10:37:03.165+0000] {logging_mixin.py:190} INFO -  - https://www.facebook.com/manchesterunited/videos/529340563294260/
[2025-05-23T10:37:03.165+0000] {logging_mixin.py:190} INFO -  - https://www.facebook.com/manchesterunited/videos/1276522580331422/
[2025-05-23T10:37:03.165+0000] {logging_mixin.py:190} INFO -  - https://www.facebook.com/manchesterunited/videos/882764287377874/
[2025-05-23T10:37:03.165+0000] {logging_mixin.py:190} INFO -  - https://www.facebook.com/manchesterunited/videos/1224491469029211/
[2025-05-23T10:37:03.166+0000] {logging_mixin.py:190} INFO -  - https://www.facebook.com/manchesterunited/videos/1382642382862628/
[2025-05-23T10:37:03.166+0000] {logging_mixin.py:190} INFO -  - https://www.facebook.com/manchesterunited/videos/1036340441761267/
[2025-05-23T10:37:03.166+0000] {logging_mixin.py:190} INFO -  - https://www.facebook.com/manchesterunited/videos/1732823114334576/
[2025-05-23T10:37:03.166+0000] {logging_mixin.py:190} INFO -  - https://www.facebook.com/manchesterunited/videos/1060728405963374/
[2025-05-23T10:37:03.166+0000] {logging_mixin.py:190} INFO -  - https://www.facebook.com/manchesterunited/videos/585960207199512/
[2025-05-23T10:37:03.167+0000] {logging_mixin.py:190} INFO -  - https://www.facebook.com/manchesterunited/videos/656884980546031/
[2025-05-23T10:37:03.167+0000] {logging_mixin.py:190} INFO -  - https://www.facebook.com/manchesterunited/videos/708154504977360/
[2025-05-23T10:37:03.167+0000] {logging_mixin.py:190} INFO -  - https://www.facebook.com/manchesterunited/videos/549543607852382/
[2025-05-23T10:37:03.168+0000] {logging_mixin.py:190} INFO -  - https://www.facebook.com/manchesterunited/videos/1098363302098361/
[2025-05-23T10:37:03.168+0000] {logging_mixin.py:190} INFO -  - https://www.facebook.com/manchesterunited/videos/630843533284430/
[2025-05-23T10:37:03.168+0000] {logging_mixin.py:190} INFO -  - https://www.facebook.com/manchesterunited/videos/670698715660708/
[2025-05-23T10:37:03.168+0000] {logging_mixin.py:190} INFO -  - https://www.facebook.com/manchesterunited/videos/1524027855224342/
[2025-05-23T10:37:03.169+0000] {logging_mixin.py:190} INFO -  - https://www.facebook.com/manchesterunited/videos/1190062166120574/
[2025-05-23T10:37:03.169+0000] {logging_mixin.py:190} INFO -  - https://www.facebook.com/manchesterunited/videos/1815873059208157/
[2025-05-23T10:37:03.169+0000] {logging_mixin.py:190} INFO -  - https://www.facebook.com/manchesterunited/videos/712907761084756/
[2025-05-23T10:37:03.169+0000] {logging_mixin.py:190} INFO -  - https://www.facebook.com/manchesterunited/videos/3029630467191422/
[2025-05-23T10:37:03.169+0000] {logging_mixin.py:190} INFO -  - https://www.facebook.com/manchesterunited/videos/1769184690305703/
[2025-05-23T10:37:03.170+0000] {logging_mixin.py:190} INFO -  - https://www.facebook.com/manchesterunited/videos/1356004988974021/
[2025-05-23T10:37:03.170+0000] {logging_mixin.py:190} INFO -  - https://www.facebook.com/manchesterunited/videos/1714593262803189/
[2025-05-23T10:37:03.170+0000] {logging_mixin.py:190} INFO -  - https://www.facebook.com/manchesterunited/videos/29292281887084616/
[2025-05-23T10:37:03.170+0000] {logging_mixin.py:190} INFO -  - https://www.facebook.com/manchesterunited/videos/1102701414956372/
[2025-05-23T10:37:03.171+0000] {logging_mixin.py:190} INFO -  - https://www.facebook.com/manchesterunited/videos/1000009215557053/
[2025-05-23T10:37:03.171+0000] {logging_mixin.py:190} INFO -  - https://www.facebook.com/manchesterunited/videos/1167294368037743/
[2025-05-23T10:37:03.171+0000] {logging_mixin.py:190} INFO -  - https://www.facebook.com/manchesterunited/videos/2158323417933631/
[2025-05-23T10:37:03.171+0000] {logging_mixin.py:190} INFO -  - https://www.facebook.com/manchesterunited/videos/1165652401453375/
[2025-05-23T10:37:03.171+0000] {logging_mixin.py:190} INFO -  - https://www.facebook.com/manchesterunited/videos/1222232559317315/
[2025-05-23T10:37:03.172+0000] {logging_mixin.py:190} INFO - Don't close the app! Saving scraped data to database, it can take a while!
[2025-05-23T10:37:03.185+0000] {logging_mixin.py:190} INFO - Remaining new videos: 5
[2025-05-23T10:37:03.186+0000] {logging_mixin.py:190} INFO - New videos: 5
[2025-05-23T10:37:03.303+0000] {python.py:240} INFO - Done. Returned value was: {'id': 'manchesterunited', 'new_links': ('https://www.facebook.com/manchesterunited/videos/1714593262803189/', 'https://www.facebook.com/manchesterunited/videos/1165652401453375/', 'https://www.facebook.com/manchesterunited/videos/1773022476944052/', 'https://www.facebook.com/manchesterunited/videos/1362494931698063/?comment_id=1801202197123560&__tn__=R]', 'https://www.facebook.com/100044296156511/videos/1362494931698063')}
[2025-05-23T10:37:03.320+0000] {taskinstance.py:340} INFO - ::group::Post task execution logs
[2025-05-23T10:37:03.320+0000] {taskinstance.py:352} INFO - Marking task as SUCCESS. dag_id=facebook_videos_scraper_dag, task_id=get_links_task, run_id=manual__2025-05-23T10:36:49.026914+00:00, execution_date=20250523T103649, start_date=20250523T103649, end_date=20250523T103703
[2025-05-23T10:37:03.370+0000] {local_task_job_runner.py:261} INFO - Task exited with return code 0
[2025-05-23T10:37:03.385+0000] {taskinstance.py:3891} INFO - 0 downstream tasks scheduled from follow-on schedule check
[2025-05-23T10:37:03.387+0000] {local_task_job_runner.py:240} INFO - ::endgroup::
