[2025-05-08T06:29:48.335+0000] {local_task_job_runner.py:123} INFO - ::group::Pre task execution logs
[2025-05-08T06:29:48.347+0000] {taskinstance.py:2603} INFO - Dependencies all met for dep_context=non-requeueable deps ti=<TaskInstance: tiktok_videos_scraper_dag.tiktok_videos_scraper manual__2025-05-08T06:29:47.508190+00:00 [queued]>
[2025-05-08T06:29:48.353+0000] {taskinstance.py:2603} INFO - Dependencies all met for dep_context=requeueable deps ti=<TaskInstance: tiktok_videos_scraper_dag.tiktok_videos_scraper manual__2025-05-08T06:29:47.508190+00:00 [queued]>
[2025-05-08T06:29:48.353+0000] {taskinstance.py:2856} INFO - Starting attempt 1 of 1
[2025-05-08T06:29:48.363+0000] {taskinstance.py:2879} INFO - Executing <Task(_PythonDecoratedOperator): tiktok_videos_scraper> on 2025-05-08 06:29:47.508190+00:00
[2025-05-08T06:29:48.366+0000] {standard_task_runner.py:72} INFO - Started process 90 to run task
[2025-05-08T06:29:48.369+0000] {standard_task_runner.py:104} INFO - Running: ['airflow', 'tasks', 'run', 'tiktok_videos_scraper_dag', 'tiktok_videos_scraper', 'manual__2025-05-08T06:29:47.508190+00:00', '--job-id', '4946', '--raw', '--subdir', 'DAGS_FOLDER/pipeline.py', '--cfg-path', '/tmp/tmprqngc_9b']
[2025-05-08T06:29:48.372+0000] {standard_task_runner.py:105} INFO - Job 4946: Subtask tiktok_videos_scraper
[2025-05-08T06:29:48.409+0000] {task_command.py:467} INFO - Running <TaskInstance: tiktok_videos_scraper_dag.tiktok_videos_scraper manual__2025-05-08T06:29:47.508190+00:00 [running]> on host f04a155162d9
[2025-05-08T06:29:48.473+0000] {taskinstance.py:3122} INFO - Exporting env vars: AIRFLOW_CTX_DAG_OWNER='airflow' AIRFLOW_CTX_DAG_ID='tiktok_videos_scraper_dag' AIRFLOW_CTX_TASK_ID='tiktok_videos_scraper' AIRFLOW_CTX_EXECUTION_DATE='2025-05-08T06:29:47.508190+00:00' AIRFLOW_CTX_TRY_NUMBER='1' AIRFLOW_CTX_DAG_RUN_ID='manual__2025-05-08T06:29:47.508190+00:00'
[2025-05-08T06:29:48.474+0000] {taskinstance.py:731} INFO - ::endgroup::
[2025-05-08T06:29:57.600+0000] {logging_mixin.py:190} INFO - https://www.tiktok.com/@therock/video/7498828992825396526
[2025-05-08T06:29:57.601+0000] {logging_mixin.py:190} INFO - https://www.tiktok.com/@therock/video/7498176682105294123
[2025-05-08T06:29:57.601+0000] {logging_mixin.py:190} INFO - https://www.tiktok.com/@therock/video/7495761605502848298
[2025-05-08T06:29:57.601+0000] {logging_mixin.py:190} INFO - https://www.tiktok.com/@therock/video/7494644438497529130
[2025-05-08T06:29:57.602+0000] {logging_mixin.py:190} INFO - https://www.tiktok.com/@therock/video/7494316440749755694
[2025-05-08T06:29:57.602+0000] {logging_mixin.py:190} INFO - https://www.tiktok.com/@therock/video/7493217492802882858
[2025-05-08T06:29:57.602+0000] {logging_mixin.py:190} INFO - https://www.tiktok.com/@therock/video/7492481998187990318
[2025-05-08T06:29:57.602+0000] {logging_mixin.py:190} INFO - https://www.tiktok.com/@therock/video/7490673656641637675
[2025-05-08T06:29:57.602+0000] {logging_mixin.py:190} INFO - https://www.tiktok.com/@therock/video/7487701629119171886
[2025-05-08T06:29:57.602+0000] {logging_mixin.py:190} INFO - https://www.tiktok.com/@therock/video/7486515871624596782
[2025-05-08T06:29:57.602+0000] {logging_mixin.py:190} INFO - https://www.tiktok.com/@therock/video/7482814601717910826
[2025-05-08T06:29:57.603+0000] {logging_mixin.py:190} INFO - https://www.tiktok.com/@therock/video/7480993221586292014
[2025-05-08T06:29:57.603+0000] {logging_mixin.py:190} INFO - https://www.tiktok.com/@therock/video/7478382826568568110
[2025-05-08T06:29:57.603+0000] {logging_mixin.py:190} INFO - https://www.tiktok.com/@therock/video/7475105018052480302
[2025-05-08T06:29:57.603+0000] {logging_mixin.py:190} INFO - https://www.tiktok.com/@therock/video/7474681315955150126
[2025-05-08T06:29:57.603+0000] {logging_mixin.py:190} INFO - https://www.tiktok.com/@therock/video/7473147398718573866
[2025-05-08T06:29:57.603+0000] {logging_mixin.py:190} INFO - https://www.tiktok.com/@therock/video/7473137749025967406
[2025-05-08T06:29:57.604+0000] {logging_mixin.py:190} INFO - https://www.tiktok.com/@therock/video/7472396683477830955
[2025-05-08T06:29:57.604+0000] {logging_mixin.py:190} INFO - https://www.tiktok.com/@therock/video/7461443489067240747
[2025-05-08T06:29:57.604+0000] {logging_mixin.py:190} INFO - https://www.tiktok.com/@therock/video/7460513088354258219
[2025-05-08T06:29:57.604+0000] {logging_mixin.py:190} INFO - https://www.tiktok.com/@therock/video/7460511600202648878
[2025-05-08T06:29:57.604+0000] {logging_mixin.py:190} INFO - https://www.tiktok.com/@therock/video/7457228860275395882
[2025-05-08T06:29:57.605+0000] {logging_mixin.py:190} INFO - https://www.tiktok.com/@therock/video/7456475589663362350
[2025-05-08T06:29:57.605+0000] {logging_mixin.py:190} INFO - https://www.tiktok.com/@therock/video/7455784020379716910
[2025-05-08T06:29:57.605+0000] {logging_mixin.py:190} INFO - https://www.tiktok.com/@therock/video/7455388311826287914
[2025-05-08T06:29:57.605+0000] {logging_mixin.py:190} INFO - https://www.tiktok.com/@therock/video/7454241121665944874
[2025-05-08T06:29:57.605+0000] {logging_mixin.py:190} INFO - https://www.tiktok.com/@therock/video/7452740726187642155
[2025-05-08T06:29:57.606+0000] {logging_mixin.py:190} INFO - https://www.tiktok.com/@therock/video/7452738096988294446
[2025-05-08T06:29:57.606+0000] {logging_mixin.py:190} INFO - https://www.tiktok.com/@therock/video/7451804943654276398
[2025-05-08T06:29:57.606+0000] {logging_mixin.py:190} INFO - https://www.tiktok.com/@therock/video/7451345731819965742
[2025-05-08T06:29:57.606+0000] {logging_mixin.py:190} INFO - https://www.tiktok.com/@therock/video/7451022184526482730
[2025-05-08T06:29:57.606+0000] {logging_mixin.py:190} INFO - https://www.tiktok.com/@therock/video/7450249740471749934
[2025-05-08T06:29:57.607+0000] {logging_mixin.py:190} INFO - https://www.tiktok.com/@therock/video/7448020055507422507
[2025-05-08T06:29:57.607+0000] {logging_mixin.py:190} INFO - https://www.tiktok.com/@therock/video/7447975660741610795
[2025-05-08T06:29:57.607+0000] {logging_mixin.py:190} INFO - https://www.tiktok.com/@therock/video/7447285805044993326
[2025-05-08T06:29:57.607+0000] {logging_mixin.py:190} INFO - Reading URLs from data/scraped_data/tiktok.txt...
[2025-05-08T06:29:57.728+0000] {logging_mixin.py:190} INFO - Starting batch download...
[2025-05-08T06:29:57.729+0000] {logging_mixin.py:190} INFO - Getting direct link... https://www.tiktok.com/@therock/video/7498828992825396526
[2025-05-08T06:29:58.391+0000] {logging_mixin.py:190} INFO - ✅ Direct link: https://v77.tiktokcdn.com/87dcf9b34eeb70564e40a723eb74b334/681da17b/video/tos/maliva/tos-maliva-ve-27dcd7c799-us/oIpACGTBwJWBjO17QCSEVnfiKZBiRMi0wItMcj/?a=1180&bti=ODszNWYuMDE6&ch=0&cr=0&dr=0&er=0&lr=default&cd=0%7C0%7C0%7C0&br=250&bt=125&ft=.NpOcInz7ThyaQcKXq8Zmo&mime_type=audio_mpeg&qs=6&rc=ZDxnNmY3Mzs3aTs0NWVlNkBpanNzN285cm1tMzMzZzU8NEA2MTAwMTBgXi4xNTNiNDRfYSNqbG40MmRzLzVhLS1kMS9zcw%3D%3D&vvpl=1&l=20250508142957B3E44536030621F31C85&btag=e00090000&cc=13
[2025-05-08T06:29:59.178+0000] {logging_mixin.py:190} INFO - ✅ File downloaded in media/7498828992825396526.mp3
[2025-05-08T06:29:59.178+0000] {logging_mixin.py:190} INFO - Getting direct link... https://www.tiktok.com/@therock/video/7498176682105294123
[2025-05-08T06:29:59.783+0000] {logging_mixin.py:190} INFO - ✅ Direct link: https://v77.tiktokcdn.com/efc5a11de071a69cf50ae99f285c91dc/681da0f6/video/tos/maliva/tos-maliva-v-27dcd7c799-us/o8ujSFDRJUDInEASqOEEPABC4AfgBuAiDofBLA/?a=1180&bti=ODszNWYuMDE6&ch=0&cr=0&dr=0&er=0&lr=default&cd=0%7C0%7C0%7C0&br=250&bt=125&ds=5&ft=.NpOcInz7ThdaQcKXq8Zmo&mime_type=audio_mpeg&qs=13&rc=amU4c3E5cjdoMzMzZzU8NEBpamU4c3E5cjdoMzMzZzU8NEAtcnI1MmRrLTRhLS1kMS9zYSMtcnI1MmRrLTRhLS1kMS9zcw%3D%3D&vvpl=1&l=20250508142959F3C7CDC2AD85DF88FE13&btag=e00078000&cc=13
[2025-05-08T06:30:01.158+0000] {logging_mixin.py:190} INFO - ✅ File downloaded in media/7498176682105294123.mp3
[2025-05-08T06:30:01.159+0000] {logging_mixin.py:190} INFO - Getting direct link... https://www.tiktok.com/@therock/video/7495761605502848298
[2025-05-08T06:30:01.772+0000] {logging_mixin.py:190} INFO - ✅ Direct link: https://sf16-ies-music-sg.tiktokcdn.com/obj/tos-alisg-ve-2774/ocPH8TAYE6DFjg3FepCnLN4KjqnDzadeQarKfF
[2025-05-08T06:30:01.960+0000] {logging_mixin.py:190} INFO - ✅ File downloaded in media/7495761605502848298.mp3
[2025-05-08T06:30:01.960+0000] {logging_mixin.py:190} INFO - Getting direct link... https://www.tiktok.com/@therock/video/7494644438497529130
[2025-05-08T06:30:02.594+0000] {logging_mixin.py:190} INFO - ✅ Direct link: https://v77.tiktokcdn.com/3400756a4830da9e144a5b6fa59e8cbc/681da1ab/video/tos/maliva/tos-maliva-ve-27dcd7c799-us/oIDy8EfQNMUA9F3U8SSfoSN4v7CNBJgTCoIlCD/?a=1180&bti=ODszNWYuMDE6&ch=0&cr=0&dr=0&er=0&lr=default&cd=0%7C0%7C0%7C0&br=250&bt=125&ft=.NpOcInz7ThpaQcKXq8Zmo&mime_type=audio_mpeg&qs=6&rc=ZGk2Z2U3ZWUzODg8ZWg1M0BpanZldnk5cnk4MzMzZzU8NEBhNi1hMC9hXl8xM2E1YTUuYSMza2Y2MmRjMy5hLS1kMS9zcw%3D%3D&vvpl=1&l=20250508143001013C38B9B37BBAA18696&btag=e00098000&cc=13
[2025-05-08T06:30:05.195+0000] {logging_mixin.py:190} INFO - ✅ File downloaded in media/7494644438497529130.mp3
[2025-05-08T06:30:05.195+0000] {logging_mixin.py:190} INFO - Getting direct link... https://www.tiktok.com/@therock/video/7494316440749755694
[2025-05-08T06:30:06.149+0000] {logging_mixin.py:190} INFO - ✅ Direct link: https://v16m.tiktokcdn.com/e8f9c73e34a7d5f5e72672f472f37c65/681da113/video/tos/maliva/tos-maliva-v-27dcd7c799-us/oAICIADAJUkACfDoJFAHfd8d0kpUvEAgSJSlBN/?a=1180&bti=ODszNWYuMDE6&ch=0&cr=0&dr=0&er=0&lr=default&cd=0%7C0%7C0%7C0&br=250&bt=125&ds=5&ft=.NpOcInz7Th0aQcKXq8Zmo&mime_type=audio_mpeg&qs=13&rc=M2g7ZW45cmVsMzMzZzU8NEBpM2g7ZW45cmVsMzMzZzU8NEBxNmpmMmRzZi1hLS1kMS9zYSNxNmpmMmRzZi1hLS1kMS9zcw%3D%3D&vvpl=1&l=20250508143005E67551A2824843AAE262&btag=e00048000&cc=3
[2025-05-08T06:30:07.176+0000] {logging_mixin.py:190} INFO - ✅ File downloaded in media/7494316440749755694.mp3
[2025-05-08T06:30:07.177+0000] {logging_mixin.py:190} INFO - Getting direct link... https://www.tiktok.com/@therock/video/7493217492802882858
[2025-05-08T06:30:07.856+0000] {logging_mixin.py:190} INFO - ✅ Direct link: https://v77.tiktokcdn.com/2b62210cd3ced8a9c411ea909229c51e/681da228/video/tos/maliva/tos-maliva-ve-27dcd7c799-us/oIAdaAQGfKgxsqjLITHQpSgyhcv6e9JA4Mxfff/?a=1180&bti=ODszNWYuMDE6&ch=0&cr=0&dr=0&er=0&lr=default&cd=0%7C0%7C0%7C0&br=250&bt=125&ft=.NpOcInz7TheaQcKXq8Zmo&mime_type=audio_mpeg&qs=6&rc=M2ZlZWRlNzpmO2k0OzplZUBpM3VpZXY5cnFueTMzZzU8NEA1X2MtYV9gNjUxMTU1NDUyYSMtZWViMmRzMHJgLS1kMS9zcw%3D%3D&vvpl=1&l=20250508143007B594C541BAD156E18C73&btag=e000a0000&cc=13
[2025-05-08T06:30:08.989+0000] {logging_mixin.py:190} INFO - ✅ File downloaded in media/7493217492802882858.mp3
[2025-05-08T06:30:08.989+0000] {logging_mixin.py:190} INFO - Getting direct link... https://www.tiktok.com/@therock/video/7492481998187990318
[2025-05-08T06:30:09.520+0000] {logging_mixin.py:190} INFO - ✅ Direct link: https://sf16-ies-music-sg.tiktokcdn.com/obj/tos-alisg-ve-2774/e50ed17055474a23b0c81ebd301ee7a7
[2025-05-08T06:30:09.727+0000] {logging_mixin.py:190} INFO - ✅ File downloaded in media/7492481998187990318.mp3
[2025-05-08T06:30:09.727+0000] {logging_mixin.py:190} INFO - Getting direct link... https://www.tiktok.com/@therock/video/7490673656641637675
[2025-05-08T06:30:10.291+0000] {logging_mixin.py:190} INFO - ✅ Direct link: https://v77.tiktokcdn.com/23301e254ba55fc977eee84bfa114813/681da10b/video/tos/maliva/tos-maliva-v-27dcd7c799-us/oMUNFSEgStCiSihODXJXweftAwB4DBAERACnW0/?a=1180&bti=ODszNWYuMDE6&ch=0&cr=0&dr=0&er=0&lr=default&cd=0%7C0%7C0%7C0&br=250&bt=125&ds=5&ft=.NpOcInz7Th3aQcKXq8Zmo&mime_type=audio_mpeg&qs=13&rc=M3FvZWo5cjw2eTMzZzU8NEBpM3FvZWo5cjw2eTMzZzU8NEA2LzZfMmRjZG5gLS1kMS9zYSM2LzZfMmRjZG5gLS1kMS9zcw%3D%3D&vvpl=1&l=20250508143009B4C80BD899EDC322F973&btag=e00078000&cc=13
[2025-05-08T06:30:11.269+0000] {logging_mixin.py:190} INFO - ✅ File downloaded in media/7490673656641637675.mp3
[2025-05-08T06:30:11.269+0000] {logging_mixin.py:190} INFO - Getting direct link... https://www.tiktok.com/@therock/video/7487701629119171886
[2025-05-08T06:30:11.896+0000] {logging_mixin.py:190} INFO - ✅ Direct link: https://v16m.tiktokcdn.com/b53e5e56b1b169b1014e767eb7dc34f5/681da109/video/tos/maliva/tos-maliva-v-27dcd7c799-us/oQ1SEpV6QBBSqjAFANi3BEzADK9wJAo9E0fqpi/?a=1180&bti=ODszNWYuMDE6&ch=0&cr=0&dr=0&er=0&lr=default&cd=0%7C0%7C0%7C0&br=250&bt=125&ds=5&ft=.NpOcInz7Th.aQcKXq8Zmo&mime_type=audio_mpeg&qs=13&rc=ajxtO3E5cjt0eTMzZzU8NEBpajxtO3E5cjt0eTMzZzU8NEBebnJxMmRjZmhgLS1kMS9zYSNebnJxMmRjZmhgLS1kMS9zcw%3D%3D&vvpl=1&l=20250508143011B6E288629AA7DBCBF00A&btag=e00078000&cc=3
[2025-05-08T06:30:11.987+0000] {logging_mixin.py:190} INFO - ✅ File downloaded in media/7487701629119171886.mp3
[2025-05-08T06:30:11.987+0000] {logging_mixin.py:190} INFO - Getting direct link... https://www.tiktok.com/@therock/video/7486515871624596782
[2025-05-08T06:30:12.517+0000] {logging_mixin.py:190} INFO - ✅ Direct link: https://v77.tiktokcdn.com/fbff592a38d1f6d9b11c659fcb77a747/681da12f/video/tos/maliva/tos-maliva-v-27dcd7c799-us/owEAlzRKAAVAWwEh3JEBDiiBycB1qeAhjPqmpp/?a=1180&bti=ODszNWYuMDE6&ch=0&cr=0&dr=0&er=0&lr=default&cd=0%7C0%7C0%7C0&br=250&bt=125&ds=5&ft=.NpOcInz7Th.aQcKXq8Zmo&mime_type=audio_mpeg&qs=13&rc=M2Q4cnE5cjlxeTMzZzU8NEBpM2Q4cnE5cjlxeTMzZzU8NEBpMDZlMmQ0MmZgLS1kMS9zYSNpMDZlMmQ0MmZgLS1kMS9zcw%3D%3D&vvpl=1&l=20250508143011EAD6BA9159E3219705B4&btag=e00050000&cc=13
[2025-05-08T06:30:13.615+0000] {logging_mixin.py:190} INFO - ✅ File downloaded in media/7486515871624596782.mp3
[2025-05-08T06:30:13.616+0000] {logging_mixin.py:190} INFO - Getting direct link... https://www.tiktok.com/@therock/video/7482814601717910826
[2025-05-08T06:30:13.713+0000] {logging_mixin.py:190} INFO - ✅ Direct link: https://v77.tiktokcdn.com/4487ab2fae640e265950326d1ae89896/681da1e5/video/tos/maliva/tos-maliva-v-27dcd7c799-us/oEV2IjRsAjjTEE0GPAEDfoL1oeHYkJeTCWAFGA/?a=1180&bti=ODszNWYuMDE6&ch=0&cr=0&dr=0&er=0&lr=default&cd=0%7C0%7C0%7C0&br=250&bt=125&ds=5&ft=.NpOcInz7ThKaQcKXq8Zmo&mime_type=audio_mpeg&qs=13&rc=anA8aXI5cnQ3eTMzZzU8NEBpanA8aXI5cnQ3eTMzZzU8NEAvcHNwMmRrbGBgLS1kMS9zYSMvcHNwMmRrbGBgLS1kMS9zcw%3D%3D&vvpl=1&l=2025050814301380213DCA6DD674E0CFF3&btag=e00058000&cc=13
[2025-05-08T06:30:15.155+0000] {logging_mixin.py:190} INFO - ✅ File downloaded in media/7482814601717910826.mp3
[2025-05-08T06:30:15.155+0000] {logging_mixin.py:190} INFO - Getting direct link... https://www.tiktok.com/@therock/video/7480993221586292014
[2025-05-08T06:30:15.838+0000] {logging_mixin.py:190} INFO - ✅ Direct link: https://sf16-ies-music-sg.tiktokcdn.com/obj/tos-alisg-ve-2774/o0irIGKLPQDzhmdAVZ1faBYP7keHGeOFACmce8
[2025-05-08T06:30:16.030+0000] {logging_mixin.py:190} INFO - ✅ File downloaded in media/7480993221586292014.mp3
[2025-05-08T06:30:16.030+0000] {logging_mixin.py:190} INFO - Getting direct link... https://www.tiktok.com/@therock/video/7478382826568568110
[2025-05-08T06:30:16.582+0000] {logging_mixin.py:190} INFO - ✅ Direct link: https://sf16-ies-music-sg.tiktokcdn.com/obj/tos-alisg-ve-2774/o8O6CdgnKCPBnBHeDrGDxFQLaDkUbVeAgzYsJf
[2025-05-08T06:30:16.765+0000] {logging_mixin.py:190} INFO - ✅ File downloaded in media/7478382826568568110.mp3
[2025-05-08T06:30:16.765+0000] {logging_mixin.py:190} INFO - Getting direct link... https://www.tiktok.com/@therock/video/7475105018052480302
[2025-05-08T06:30:17.324+0000] {logging_mixin.py:190} INFO - ✅ Direct link: https://v16m.tiktokcdn.com/c3a6c049b306da58a13a8bd41c9c1cda/681da1f7/video/tos/maliva/tos-maliva-v-27dcd7c799-us/oE8sA4iIXgjz2oBAiUA776ZjJlCAZEJv7ECgs/?a=1180&bti=ODszNWYuMDE6&ch=0&cr=0&dr=0&er=0&lr=default&cd=0%7C0%7C0%7C0&br=250&bt=125&ds=5&ft=.NpOcInz7ThwaQcKXq8Zmo&mime_type=audio_mpeg&qs=13&rc=M3M5NXA5cjZoeDMzZzU8NEBpM3M5NXA5cjZoeDMzZzU8NEBqLTZqMmRrZXJgLS1kMS9zYSNqLTZqMmRrZXJgLS1kMS9zcw%3D%3D&vvpl=1&l=20250508143016067B7C8A71836F7D489B&btag=e00058000&cc=3
[2025-05-08T06:30:17.874+0000] {logging_mixin.py:190} INFO - ✅ File downloaded in media/7475105018052480302.mp3
[2025-05-08T06:30:17.874+0000] {logging_mixin.py:190} INFO - Getting direct link... https://www.tiktok.com/@therock/video/7474681315955150126
[2025-05-08T06:30:18.452+0000] {logging_mixin.py:190} INFO - ✅ Direct link: https://v77.tiktokcdn.com/7515432f89a8093e117788c967d7ec67/681da10d/video/tos/maliva/tos-maliva-ve-27dcd7c799-us/oM2KoP2ITk0eH5VwzAKsfYmdQEEPGeG1QtmHLC/?a=1180&bti=ODszNWYuMDE6&ch=0&cr=0&dr=0&er=0&lr=default&cd=0%7C0%7C0%7C0&br=250&bt=125&ft=.NpOcInz7Th6aQcKXq8Zmo&mime_type=audio_mpeg&qs=6&rc=PGdmNjQ0PDo6ZThkZWU3ZEBpMzhmOXk5cmdweDMzZzU8NEBeMzIwNGIzNjQxY2MyLjM2YSNgNGQuMmRrYnFgLS1kMS9zcw%3D%3D&vvpl=1&l=202505081430172FDBA6DA71BA67CBAB50&btag=e000b8000&cc=13
[2025-05-08T06:30:27.540+0000] {logging_mixin.py:190} INFO - ✅ File downloaded in media/7474681315955150126.mp3
[2025-05-08T06:30:27.540+0000] {logging_mixin.py:190} INFO - Getting direct link... https://www.tiktok.com/@therock/video/7473147398718573866
[2025-05-08T06:30:19.138+0000] {logging_mixin.py:190} INFO - ✅ Direct link: https://v16m.tiktokcdn.com/6d0f7e28428d0f44b58110836efc7dae/681da100/video/tos/alisg/tos-alisg-v-27dcd7/a50e4d75773449f385c9a0f55887d6c6/?a=1180&bti=ODszNWYuMDE6&ch=0&cr=0&dr=0&er=0&lr=default&cd=0%7C0%7C0%7C0&br=250&bt=125&ds=5&ft=.NpOcInz7ThYaQcKXq8Zmo&mime_type=audio_mp4&qs=13&rc=M3M2bTZ1eHI1NjMzODU8M0BpM3M2bTZ1eHI1NjMzODU8M0BrcmE2ZGJvcy1gLS1kMTRzYSNrcmE2ZGJvcy1gLS1kMTRzcw%3D%3D&vvpl=1&l=20250508143018CE7988B9BA85CF31D691&btag=e00070000&cc=3
[2025-05-08T06:30:19.260+0000] {logging_mixin.py:190} INFO - ✅ File downloaded in media/7473147398718573866.mp3
[2025-05-08T06:30:19.260+0000] {logging_mixin.py:190} INFO - Getting direct link... https://www.tiktok.com/@therock/video/7473137749025967406
[2025-05-08T06:30:19.892+0000] {logging_mixin.py:190} INFO - ✅ Direct link: https://v77.tiktokcdn.com/5c40d99c3610a4789abe5571ccdff2d4/681da1d0/video/tos/maliva/tos-maliva-v-27dcd7c799-us/o0DbAE1AtI1aFFfotkpfF5roTlAwCTAkrPIeEH/?a=1180&bti=ODszNWYuMDE6&ch=0&cr=0&dr=0&er=0&lr=default&cd=0%7C0%7C0%7C0&br=250&bt=125&ds=5&ft=.NpOcInz7ThCaQcKXq8Zmo&mime_type=audio_mpeg&qs=13&rc=M3BtNnQ5cmt4eDMzZzU8NEBpM3BtNnQ5cmt4eDMzZzU8NEBwMmNtMmRjam5gLS1kMS9zYSNwMmNtMmRjam5gLS1kMS9zcw%3D%3D&vvpl=1&l=20250508143019AE587B2F1F64DBFD4FCB&btag=e00058000&cc=13
[2025-05-08T06:30:21.191+0000] {logging_mixin.py:190} INFO - ✅ File downloaded in media/7473137749025967406.mp3
[2025-05-08T06:30:21.191+0000] {logging_mixin.py:190} INFO - Getting direct link... https://www.tiktok.com/@therock/video/7472396683477830955
[2025-05-08T06:30:21.823+0000] {logging_mixin.py:190} INFO - ✅ Direct link: https://v77.tiktokcdn.com/c0b5510a6a42bfc5bc0e15d2cdbd9ca8/681da10f/video/tos/maliva/tos-maliva-v-27dcd7c799-us/oACESESOgClZDQfdJFfZ0nDBhAs0AEU3WAtoAz/?a=1180&bti=ODszNWYuMDE6&ch=0&cr=0&dr=0&er=0&lr=default&cd=0%7C0%7C0%7C0&br=250&bt=125&ds=5&ft=.NpOcInz7ThkaQcKXq8Zmo&mime_type=audio_mpeg&qs=13&rc=M3dxOXk5cnRueDMzZzU8NEBpM3dxOXk5cnRueDMzZzU8NEAtYmE1MmQ0Zm1gLS1kMS9zYSMtYmE1MmQ0Zm1gLS1kMS9zcw%3D%3D&vvpl=1&l=2025050814302163623906AF2814151D08&btag=e00078000&cc=13
[2025-05-08T06:30:22.834+0000] {logging_mixin.py:190} INFO - ✅ File downloaded in media/7472396683477830955.mp3
[2025-05-08T06:30:22.834+0000] {logging_mixin.py:190} INFO - Getting direct link... https://www.tiktok.com/@therock/video/7461443489067240747
[2025-05-08T06:30:23.439+0000] {logging_mixin.py:190} INFO - ✅ Direct link: https://v58.tiktokcdn.com/video/tos/maliva/tos-maliva-v-27dcd7c799-us/oYpvBQvBpE4vE0zK6XIXCx6iMA1BoifAiAAWEw/?a=1180&bti=ODszNWYuMDE6&ch=0&cr=0&dr=0&er=0&lr=default&cd=0%7C0%7C0%7C0&br=250&bt=125&ds=5&ft=.NpOcInz7ThuaQcKXq8Zmo&mime_type=audio_mpeg&qs=13&rc=anQ2ZXI5cnA4eDMzZzU8NEBpanQ2ZXI5cnA4eDMzZzU8NEBfNm5xMmRrcjNgLS1kMS9zYSNfNm5xMmRrcjNgLS1kMS9zcw%3D%3D&vvpl=1&l=20250508143022D20D1AAD149892B537C2&VExpiration=1746772247&VSignature=4sAecCi-QT4WFNq_02R1jA&btag=e00078000&cc=14
[2025-05-08T06:30:24.789+0000] {logging_mixin.py:190} INFO - ✅ File downloaded in media/7461443489067240747.mp3
[2025-05-08T06:30:24.789+0000] {logging_mixin.py:190} INFO - Getting direct link... https://www.tiktok.com/@therock/video/7460513088354258219
[2025-05-08T06:30:25.391+0000] {logging_mixin.py:190} INFO - ✅ Direct link: https://v77.tiktokcdn.com/450a5dbd04417c38c55b1b529ccc92b6/681da242/video/tos/maliva/tos-maliva-v-27dcd7c799-us/ocgYixAHEinWE4ABIEzKJBTAxERRpOAfwBxiCE/?a=1180&bti=ODszNWYuMDE6&ch=0&cr=0&dr=0&er=0&lr=default&cd=0%7C0%7C0%7C0&br=250&bt=125&ds=5&ft=.NpOcInz7ThlsQcKXq8Zmo&mime_type=audio_mpeg&qs=13&rc=ajpybms5cmZreDMzZzU8NEBpajpybms5cmZreDMzZzU8NEAwcV5sMmRjLzFgLS1kMS9zYSMwcV5sMmRjLzFgLS1kMS9zcw%3D%3D&vvpl=1&l=20250508143024384F6FDB0CDE560738C5&btag=e00060000&cc=13
[2025-05-08T06:30:26.987+0000] {logging_mixin.py:190} INFO - ✅ File downloaded in media/7460513088354258219.mp3
[2025-05-08T06:30:26.988+0000] {logging_mixin.py:190} INFO - Getting direct link... https://www.tiktok.com/@therock/video/7460511600202648878
[2025-05-08T06:30:27.580+0000] {logging_mixin.py:190} INFO - ✅ Direct link: https://v16m.tiktokcdn.com/fe5f8583587fc8fb991b21957bc30670/681da1a8/video/tos/maliva/tos-maliva-v-27dcd7c799-us/owGJ4CUiZPSCAB7lA1P9sAE8J64AEgkMlDiQ1/?a=1180&bti=ODszNWYuMDE6&ch=0&cr=0&dr=0&er=0&lr=default&cd=0%7C0%7C0%7C0&br=250&bt=125&ds=5&ft=.NpOcInz7ThrsQcKXq8Zmo&mime_type=audio_mpeg&qs=13&rc=M3Y5aHQ5cm9qeDMzZzU8NEBpM3Y5aHQ5cm9qeDMzZzU8NEA1X20wMmQ0czFgLS1kMS9zYSM1X20wMmQ0czFgLS1kMS9zcw%3D%3D&vvpl=1&l=202505081430266EF3061DD65A16E7B859&btag=e00050000&cc=3
[2025-05-08T06:30:27.997+0000] {logging_mixin.py:190} INFO - ✅ File downloaded in media/7460511600202648878.mp3
[2025-05-08T06:30:27.997+0000] {logging_mixin.py:190} INFO - Getting direct link... https://www.tiktok.com/@therock/video/7457228860275395882
[2025-05-08T06:30:28.569+0000] {logging_mixin.py:190} INFO - ✅ Direct link: https://v77.tiktokcdn.com/d081b1aed0d848e364005ed36797a8cc/681da47b/video/tos/maliva/tos-maliva-ve-27dcd7c799-us/ogkVZr3uBMJnr92MBriQpmEiFAfEzNBIiuw1Kv/?a=1180&bti=ODszNWYuMDE6&ch=0&cr=0&dr=0&er=0&lr=default&cd=0%7C0%7C0%7C0&br=250&bt=125&ft=.NpOcInz7ThrsQcKXq8Zmo&mime_type=audio_mpeg&qs=6&rc=NTo6N2Y5M2hkZmU1aGRoM0BpajhwZ3A5cmtwdzMzZzU8NEBfYS9eNTYvNjAxNS0uLWJhYSNpal5rMmRjYHJgLS1kMS9zcw%3D%3D&vvpl=1&l=20250508143027EB6A89EB84AAF3A7BD73&btag=e000a8000&cc=13
[2025-05-08T06:30:30.741+0000] {logging_mixin.py:190} INFO - ✅ File downloaded in media/7457228860275395882.mp3
[2025-05-08T06:30:30.741+0000] {logging_mixin.py:190} INFO - Getting direct link... https://www.tiktok.com/@therock/video/7456475589663362350
[2025-05-08T06:30:31.340+0000] {logging_mixin.py:190} INFO - ✅ Direct link: https://v16m.tiktokcdn.com/755610d4589118083d35a8b72356f2bd/681da14b/video/tos/maliva/tos-maliva-v-27dcd7c799-us/oEBELufRE1lokDeCW6aDfHhTkWEFAArAAmFOEp/?a=1180&bti=ODszNWYuMDE6&ch=0&cr=0&dr=0&er=0&lr=default&cd=0%7C0%7C0%7C0&br=250&bt=125&ds=5&ft=.NpOcInz7ThPsQcKXq8Zmo&mime_type=audio_mpeg&qs=13&rc=anBxZ2w5cjhldzMzZzU8NEBpanBxZ2w5cjhldzMzZzU8NEBkcjFxMmRrZnFgLS1kMS9zYSNkcjFxMmRrZnFgLS1kMS9zcw%3D%3D&vvpl=1&l=202505081430305020C77B471FC4AEF510&btag=e00050000&cc=3
[2025-05-08T06:30:32.709+0000] {logging_mixin.py:190} INFO - ✅ File downloaded in media/7456475589663362350.mp3
[2025-05-08T06:30:32.709+0000] {logging_mixin.py:190} INFO - Getting direct link... https://www.tiktok.com/@therock/video/7455784020379716910
[2025-05-08T06:30:33.309+0000] {logging_mixin.py:190} INFO - ✅ Direct link: https://v16m.tiktokcdn.com/0752adf3ca4fdafbc1bf6252dacfa237/681da111/video/tos/maliva/tos-maliva-ve-27dcd7c799-us/okQswOwo0CEieATJuFYEzFEHQiDC5eEq8fScDk/?a=1180&bti=ODszNWYuMDE6&ch=0&cr=0&dr=0&er=0&lr=default&cd=0%7C0%7C0%7C0&br=250&bt=125&ft=.NpOcInz7ThssQcKXq8Zmo&mime_type=audio_mpeg&qs=6&rc=PDxnOmc2PDdkN2QzN2g4OUBpanZlNHE5cjo3dzMzZzU8NEA0MTI1NS9fXjMxX2E1YGI0YSNoZDFjMmQ0NXBgLS1kMS9zcw%3D%3D&vvpl=1&l=20250508143032CE4046B571AF745C3FD4&btag=e000b0000&cc=3
[2025-05-08T06:30:33.474+0000] {logging_mixin.py:190} INFO - ✅ File downloaded in media/7455784020379716910.mp3
[2025-05-08T06:30:33.475+0000] {logging_mixin.py:190} INFO - Getting direct link... https://www.tiktok.com/@therock/video/7455388311826287914
[2025-05-08T06:30:42.500+0000] {logging_mixin.py:190} INFO - ✅ Direct link: https://v77.tiktokcdn.com/696c6a032507a18088b3f0eaa2b0742e/681da200/video/tos/maliva/tos-maliva-v-27dcd7c799-us/oUwA3i2nzBAE3gg2BBApBjsuiA4EpEfEEKIK2l/?a=1180&bti=ODszNWYuMDE6&ch=0&cr=0&dr=0&er=0&lr=default&cd=0%7C0%7C0%7C0&br=250&bt=125&ds=5&ft=.NpOcInz7ThvsQcKXq8Zmo&mime_type=audio_mpeg&qs=13&rc=ajN5NXA5cmpndzMzZzU8NEBpajN5NXA5cmpndzMzZzU8NEBmYzEyMmRjbG9gLS1kMS9zYSNmYzEyMmRjbG9gLS1kMS9zcw%3D%3D&vvpl=1&l=20250508143033DC87E1F39A659FF14BEE&btag=e00058000&cc=13
[2025-05-08T06:30:34.968+0000] {logging_mixin.py:190} INFO - ✅ File downloaded in media/7455388311826287914.mp3
[2025-05-08T06:30:34.969+0000] {logging_mixin.py:190} INFO - Getting direct link... https://www.tiktok.com/@therock/video/7454241121665944874
[2025-05-08T06:30:35.564+0000] {logging_mixin.py:190} INFO - ✅ Direct link: https://v77.tiktokcdn.com/6265a12d52f7b99da6006d22a40db9e7/681da193/video/tos/maliva/tos-maliva-v-27dcd7c799-us/o4gCIL3yhyAABEjKNgPlZyA5Ci4BciAEzUL20/?a=1180&bti=ODszNWYuMDE6&ch=0&cr=0&dr=0&er=0&lr=default&cd=0%7C0%7C0%7C0&br=250&bt=125&ds=5&ft=.NpOcInz7Th1sQcKXq8Zmo&mime_type=audio_mpeg&qs=13&rc=ajQ7Om45cnBmdzMzZzU8NEBpajQ7Om45cnBmdzMzZzU8NEAyaS1tMmQ0ZW1gLS1kMS9zYSMyaS1tMmQ0ZW1gLS1kMS9zcw%3D%3D&vvpl=1&l=20250508143035F6C3B68C67E8F92563C5&btag=e00050000&cc=13
[2025-05-08T06:30:36.909+0000] {logging_mixin.py:190} INFO - ✅ File downloaded in media/7454241121665944874.mp3
[2025-05-08T06:30:36.909+0000] {logging_mixin.py:190} INFO - Getting direct link... https://www.tiktok.com/@therock/video/7452740726187642155
[2025-05-08T06:30:37.513+0000] {logging_mixin.py:190} INFO - ✅ Direct link: https://v16m.tiktokcdn.com/f6519020c24cd053dd1d4a396715b2ec/681da127/video/tos/maliva/tos-maliva-v-27dcd7c799-us/o8Bl2BAARIiAFEwiCyg7PAB9ZtEPP40D1diUB/?a=1180&bti=ODszNWYuMDE6&ch=0&cr=0&dr=0&er=0&lr=default&cd=0%7C0%7C0%7C0&br=250&bt=125&ds=5&ft=.NpOcInz7ThcsQcKXq8Zmo&mime_type=audio_mpeg&qs=13&rc=anczcmo5cmlxdzMzZzU8NEBpanczcmo5cmlxdzMzZzU8NEA1c2UtMmQ0NWpgLS1kMS9zYSM1c2UtMmQ0NWpgLS1kMS9zcw%3D%3D&vvpl=1&l=202505081430369EEA52F8E9831366059B&btag=e00078000&cc=3
[2025-05-08T06:30:38.504+0000] {logging_mixin.py:190} INFO - ✅ File downloaded in media/7452740726187642155.mp3
[2025-05-08T06:30:38.504+0000] {logging_mixin.py:190} INFO - Getting direct link... https://www.tiktok.com/@therock/video/7452738096988294446
[2025-05-08T06:30:47.560+0000] {logging_mixin.py:190} INFO - ✅ Direct link: https://v77.tiktokcdn.com/22b5685e3123bb0ad77be9c9b8413ecf/681da197/video/tos/maliva/tos-maliva-v-27dcd7c799-us/ocMUYBFbfEDUZtACH6AgfyEKntElJ9bDSAdXcB/?a=1180&bti=ODszNWYuMDE6&ch=0&cr=0&dr=0&er=0&lr=default&cd=0%7C0%7C0%7C0&br=250&bt=125&ds=5&ft=.NpOcInz7ThHsQcKXq8Zmo&mime_type=audio_mpeg&qs=13&rc=M3lwcHA5cnBxdzMzZzU8NEBpM3lwcHA5cnBxdzMzZzU8NEBxbDZmMmRjMGpgLS1kMS9zYSNxbDZmMmRjMGpgLS1kMS9zcw%3D%3D&vvpl=1&l=20250508143038076371BA234D44C00F29&btag=e00050000&cc=13
[2025-05-08T06:30:41.566+0000] {logging_mixin.py:190} INFO - ✅ File downloaded in media/7452738096988294446.mp3
[2025-05-08T06:30:41.566+0000] {logging_mixin.py:190} INFO - Getting direct link... https://www.tiktok.com/@therock/video/7451804943654276398
[2025-05-08T06:30:43.308+0000] {logging_mixin.py:190} INFO - ✅ Direct link: https://v77.tiktokcdn.com/2d4e60492fe1d66d1f3268914b02e9b9/681da238/video/tos/maliva/tos-maliva-ve-27dcd7c799-us/ow2nE1gsQE3wy8IDiInUqDTBaYDuSEffgCIFxJ/?a=1180&bti=ODszNWYuMDE6&ch=0&cr=0&dr=0&er=0&lr=default&cd=0%7C0%7C0%7C0&br=250&bt=125&ft=.NpOcInz7ThBsQcKXq8Zmo&mime_type=audio_mpeg&qs=6&rc=ZDQ0aDY3OjVkZGU2ZzU2Z0BpM3UzOHQ5cjw1dzMzZzU8NEBeYGAzX2E1NV8xMC0vNWAwYSNvMW9mMmRzL2lgLS1kMS9zcw%3D%3D&vvpl=1&l=2025050814304282DFC16A0C8A65D01D8F&btag=e00098000&cc=13
