[2025-04-29T02:51:03.957+0000] {local_task_job_runner.py:123} INFO - ::group::Pre task execution logs
[2025-04-29T02:51:03.972+0000] {taskinstance.py:2603} INFO - Dependencies all met for dep_context=non-requeueable deps ti=<TaskInstance: demo.hello scheduled__2023-01-19T00:00:00+00:00 [queued]>
[2025-04-29T02:51:03.980+0000] {taskinstance.py:2603} INFO - Dependencies all met for dep_context=requeueable deps ti=<TaskInstance: demo.hello scheduled__2023-01-19T00:00:00+00:00 [queued]>
[2025-04-29T02:51:03.980+0000] {taskinstance.py:2856} INFO - Starting attempt 1 of 1
[2025-04-29T02:51:03.993+0000] {taskinstance.py:2879} INFO - Executing <Task(BashOperator): hello> on 2023-01-19 00:00:00+00:00
[2025-04-29T02:51:03.996+0000] {standard_task_runner.py:72} INFO - Started process 2854 to run task
[2025-04-29T02:51:04.002+0000] {standard_task_runner.py:104} INFO - Running: ['airflow', 'tasks', 'run', 'demo', 'hello', 'scheduled__2023-01-19T00:00:00+00:00', '--job-id', '775', '--raw', '--subdir', 'DAGS_FOLDER/simple-dag.py', '--cfg-path', '/tmp/tmpwfv4_9os']
[2025-04-29T02:51:04.003+0000] {standard_task_runner.py:105} INFO - Job 775: Subtask hello
[2025-04-29T02:51:04.056+0000] {task_command.py:467} INFO - Running <TaskInstance: demo.hello scheduled__2023-01-19T00:00:00+00:00 [running]> on host 2c7afa36055b
[2025-04-29T02:51:04.143+0000] {taskinstance.py:3122} INFO - Exporting env vars: AIRFLOW_CTX_DAG_OWNER='airflow' AIRFLOW_CTX_DAG_ID='demo' AIRFLOW_CTX_TASK_ID='hello' AIRFLOW_CTX_EXECUTION_DATE='2023-01-19T00:00:00+00:00' AIRFLOW_CTX_TRY_NUMBER='1' AIRFLOW_CTX_DAG_RUN_ID='scheduled__2023-01-19T00:00:00+00:00'
[2025-04-29T02:51:04.144+0000] {taskinstance.py:731} INFO - ::endgroup::
[2025-04-29T02:51:04.146+0000] {subprocess.py:63} INFO - Tmp dir root location: /tmp
[2025-04-29T02:51:04.146+0000] {subprocess.py:75} INFO - Running command: ['/usr/bin/bash', '-c', 'echo hello']
[2025-04-29T02:51:04.155+0000] {subprocess.py:86} INFO - Output:
[2025-04-29T02:51:04.157+0000] {subprocess.py:93} INFO - hello
[2025-04-29T02:51:04.158+0000] {subprocess.py:97} INFO - Command exited with return code 0
[2025-04-29T02:51:04.186+0000] {taskinstance.py:340} INFO - ::group::Post task execution logs
[2025-04-29T02:51:04.186+0000] {taskinstance.py:352} INFO - Marking task as SUCCESS. dag_id=demo, task_id=hello, run_id=scheduled__2023-01-19T00:00:00+00:00, execution_date=20230119T000000, start_date=20250429T025103, end_date=20250429T025104
[2025-04-29T02:51:04.213+0000] {local_task_job_runner.py:261} INFO - Task exited with return code 0
[2025-04-29T02:51:04.237+0000] {taskinstance.py:3891} INFO - 1 downstream tasks scheduled from follow-on schedule check
[2025-04-29T02:51:04.240+0000] {local_task_job_runner.py:240} INFO - ::endgroup::
