[2025-05-07T02:37:25.282+0000] {local_task_job_runner.py:123} INFO - ::group::Pre task execution logs
[2025-05-07T02:37:25.294+0000] {taskinstance.py:2603} INFO - Dependencies all met for dep_context=non-requeueable deps ti=<TaskInstance: tiktok_videos_scraper_dag.tiktok_videos_scraper manual__2025-05-07T02:37:24.748345+00:00 [queued]>
[2025-05-07T02:37:25.299+0000] {taskinstance.py:2603} INFO - Dependencies all met for dep_context=requeueable deps ti=<TaskInstance: tiktok_videos_scraper_dag.tiktok_videos_scraper manual__2025-05-07T02:37:24.748345+00:00 [queued]>
[2025-05-07T02:37:25.299+0000] {taskinstance.py:2856} INFO - Starting attempt 1 of 1
[2025-05-07T02:37:25.308+0000] {taskinstance.py:2879} INFO - Executing <Task(_PythonDecoratedOperator): tiktok_videos_scraper> on 2025-05-07 02:37:24.748345+00:00
[2025-05-07T02:37:25.311+0000] {standard_task_runner.py:72} INFO - Started process 1558 to run task
[2025-05-07T02:37:25.314+0000] {standard_task_runner.py:104} INFO - Running: ['airflow', 'tasks', 'run', 'tiktok_videos_scraper_dag', 'tiktok_videos_scraper', 'manual__2025-05-07T02:37:24.748345+00:00', '--job-id', '4748', '--raw', '--subdir', 'DAGS_FOLDER/pipeline.py', '--cfg-path', '/tmp/tmpzselhzgy']
[2025-05-07T02:37:25.316+0000] {standard_task_runner.py:105} INFO - Job 4748: Subtask tiktok_videos_scraper
[2025-05-07T02:37:25.358+0000] {task_command.py:467} INFO - Running <TaskInstance: tiktok_videos_scraper_dag.tiktok_videos_scraper manual__2025-05-07T02:37:24.748345+00:00 [running]> on host 29867ba70740
[2025-05-07T02:37:25.424+0000] {taskinstance.py:3122} INFO - Exporting env vars: AIRFLOW_CTX_DAG_OWNER='airflow' AIRFLOW_CTX_DAG_ID='tiktok_videos_scraper_dag' AIRFLOW_CTX_TASK_ID='tiktok_videos_scraper' AIRFLOW_CTX_EXECUTION_DATE='2025-05-07T02:37:24.748345+00:00' AIRFLOW_CTX_TRY_NUMBER='1' AIRFLOW_CTX_DAG_RUN_ID='manual__2025-05-07T02:37:24.748345+00:00'
[2025-05-07T02:37:25.425+0000] {taskinstance.py:731} INFO - ::endgroup::
[2025-05-07T02:37:32.751+0000] {logging_mixin.py:190} INFO - https://www.tiktok.com/@therock/video/7498828992825396526
[2025-05-07T02:37:32.752+0000] {logging_mixin.py:190} INFO - https://www.tiktok.com/@therock/video/7498176682105294123
[2025-05-07T02:37:32.752+0000] {logging_mixin.py:190} INFO - https://www.tiktok.com/@therock/video/7495761605502848298
[2025-05-07T02:37:32.752+0000] {logging_mixin.py:190} INFO - https://www.tiktok.com/@therock/video/7494644438497529130
[2025-05-07T02:37:32.752+0000] {logging_mixin.py:190} INFO - https://www.tiktok.com/@therock/video/7494316440749755694
[2025-05-07T02:37:32.753+0000] {logging_mixin.py:190} INFO - https://www.tiktok.com/@therock/video/7493217492802882858
[2025-05-07T02:37:32.753+0000] {logging_mixin.py:190} INFO - https://www.tiktok.com/@therock/video/7492481998187990318
[2025-05-07T02:37:32.753+0000] {logging_mixin.py:190} INFO - https://www.tiktok.com/@therock/video/7490673656641637675
[2025-05-07T02:37:32.753+0000] {logging_mixin.py:190} INFO - https://www.tiktok.com/@therock/video/7487701629119171886
[2025-05-07T02:37:32.753+0000] {logging_mixin.py:190} INFO - https://www.tiktok.com/@therock/video/7486515871624596782
[2025-05-07T02:37:32.753+0000] {logging_mixin.py:190} INFO - https://www.tiktok.com/@therock/video/7482814601717910826
[2025-05-07T02:37:32.754+0000] {logging_mixin.py:190} INFO - https://www.tiktok.com/@therock/video/7480993221586292014
[2025-05-07T02:37:32.754+0000] {logging_mixin.py:190} INFO - https://www.tiktok.com/@therock/video/7478382826568568110
[2025-05-07T02:37:32.754+0000] {logging_mixin.py:190} INFO - https://www.tiktok.com/@therock/video/7475105018052480302
[2025-05-07T02:37:32.755+0000] {logging_mixin.py:190} INFO - https://www.tiktok.com/@therock/video/7474681315955150126
[2025-05-07T02:37:32.755+0000] {logging_mixin.py:190} INFO - https://www.tiktok.com/@therock/video/7473147398718573866
[2025-05-07T02:37:32.755+0000] {logging_mixin.py:190} INFO - https://www.tiktok.com/@therock/video/7473137749025967406
[2025-05-07T02:37:32.755+0000] {logging_mixin.py:190} INFO - https://www.tiktok.com/@therock/video/7472396683477830955
[2025-05-07T02:37:32.755+0000] {logging_mixin.py:190} INFO - https://www.tiktok.com/@therock/video/7461443489067240747
[2025-05-07T02:37:32.756+0000] {logging_mixin.py:190} INFO - https://www.tiktok.com/@therock/video/7460513088354258219
[2025-05-07T02:37:32.756+0000] {logging_mixin.py:190} INFO - https://www.tiktok.com/@therock/video/7460511600202648878
[2025-05-07T02:37:32.756+0000] {logging_mixin.py:190} INFO - https://www.tiktok.com/@therock/video/7457228860275395882
[2025-05-07T02:37:32.757+0000] {logging_mixin.py:190} INFO - https://www.tiktok.com/@therock/video/7456475589663362350
[2025-05-07T02:37:32.757+0000] {logging_mixin.py:190} INFO - https://www.tiktok.com/@therock/video/7455784020379716910
[2025-05-07T02:37:32.757+0000] {logging_mixin.py:190} INFO - https://www.tiktok.com/@therock/video/7455388311826287914
[2025-05-07T02:37:32.757+0000] {logging_mixin.py:190} INFO - https://www.tiktok.com/@therock/video/7454241121665944874
[2025-05-07T02:37:32.757+0000] {logging_mixin.py:190} INFO - https://www.tiktok.com/@therock/video/7452740726187642155
[2025-05-07T02:37:32.758+0000] {logging_mixin.py:190} INFO - https://www.tiktok.com/@therock/video/7452738096988294446
[2025-05-07T02:37:32.758+0000] {logging_mixin.py:190} INFO - https://www.tiktok.com/@therock/video/7451804943654276398
[2025-05-07T02:37:32.758+0000] {logging_mixin.py:190} INFO - https://www.tiktok.com/@therock/video/7451345731819965742
[2025-05-07T02:37:32.759+0000] {logging_mixin.py:190} INFO - https://www.tiktok.com/@therock/video/7451022184526482730
[2025-05-07T02:37:32.759+0000] {logging_mixin.py:190} INFO - https://www.tiktok.com/@therock/video/7450249740471749934
[2025-05-07T02:37:32.759+0000] {logging_mixin.py:190} INFO - https://www.tiktok.com/@therock/video/7448020055507422507
[2025-05-07T02:37:32.759+0000] {logging_mixin.py:190} INFO - https://www.tiktok.com/@therock/video/7447975660741610795
[2025-05-07T02:37:32.759+0000] {logging_mixin.py:190} INFO - https://www.tiktok.com/@therock/video/7447285805044993326
[2025-05-07T02:37:32.760+0000] {logging_mixin.py:190} INFO - Reading URLs from data/scraped_data/tiktok.txt...
[2025-05-07T02:37:32.800+0000] {logging_mixin.py:190} INFO - Starting batch download...
[2025-05-07T02:37:32.800+0000] {logging_mixin.py:190} INFO - Getting direct link... https://www.tiktok.com/@therock/video/7498828992825396526
[2025-05-07T02:37:33.458+0000] {logging_mixin.py:190} INFO - ✅ Direct link: https://v77.tiktokcdn.com/a6ae6fcc4e0a6bfc7e4afe57d27c0b7e/681c1983/video/tos/maliva/tos-maliva-ve-27dcd7c799-us/oIpACGTBwJWBjO17QCSEVnfiKZBiRMi0wItMcj/?a=1180&bti=ODszNWYuMDE6&ch=0&cr=0&dr=0&er=0&lr=default&cd=0%7C0%7C0%7C0&br=250&bt=125&ft=.NpOcInz7Th0TT2KXq8Zmo&mime_type=audio_mpeg&qs=6&rc=ZDxnNmY3Mzs3aTs0NWVlNkBpanNzN285cm1tMzMzZzU8NEA2MTAwMTBgXi4xNTNiNDRfYSNqbG40MmRzLzVhLS1kMS9zcw%3D%3D&vvpl=1&l=20250507103732985CE8504788D66E20B3&btag=e00090000&cc=13
[2025-05-07T02:37:34.869+0000] {logging_mixin.py:190} INFO - ✅ File downloaded in media/7498828992825396526.mp3
[2025-05-07T02:37:34.869+0000] {logging_mixin.py:190} INFO - Getting direct link... https://www.tiktok.com/@therock/video/7498176682105294123
[2025-05-07T02:37:35.570+0000] {logging_mixin.py:190} INFO - ✅ Direct link: https://v77.tiktokcdn.com/c11afbe07876e98c8180a97d7cdc6bb6/681c18fd/video/tos/maliva/tos-maliva-v-27dcd7c799-us/o8ujSFDRJUDInEASqOEEPABC4AfgBuAiDofBLA/?a=1180&bti=ODszNWYuMDE6&ch=0&cr=0&dr=0&er=0&lr=default&cd=0%7C0%7C0%7C0&br=250&bt=125&ds=5&ft=.NpOcInz7ThnTT2KXq8Zmo&mime_type=audio_mpeg&qs=13&rc=amU4c3E5cjdoMzMzZzU8NEBpamU4c3E5cjdoMzMzZzU8NEAtcnI1MmRrLTRhLS1kMS9zYSMtcnI1MmRrLTRhLS1kMS9zcw%3D%3D&vvpl=1&l=20250507103734846F81113D2CABA7BC34&btag=e00078000&cc=13
[2025-05-07T02:37:36.490+0000] {logging_mixin.py:190} INFO - ✅ File downloaded in media/7498176682105294123.mp3
[2025-05-07T02:37:36.490+0000] {logging_mixin.py:190} INFO - Getting direct link... https://www.tiktok.com/@therock/video/7495761605502848298
[2025-05-07T02:37:42.093+0000] {logging_mixin.py:190} INFO - ✅ Direct link: https://sf9-ies-music-sg.tiktokcdn.com/obj/tos-alisg-ve-2774/ocPH8TAYE6DFjg3FepCnLN4KjqnDzadeQarKfF
[2025-05-07T02:37:36.731+0000] {logging_mixin.py:190} INFO - ✅ File downloaded in media/7495761605502848298.mp3
[2025-05-07T02:37:36.731+0000] {logging_mixin.py:190} INFO - Getting direct link... https://www.tiktok.com/@therock/video/7494644438497529130
[2025-05-07T02:37:37.359+0000] {logging_mixin.py:190} INFO - ✅ Direct link: https://v77.tiktokcdn.com/30b83d12c70ea9dc7075c5f54c4c078f/681c19b2/video/tos/maliva/tos-maliva-ve-27dcd7c799-us/oIDy8EfQNMUA9F3U8SSfoSN4v7CNBJgTCoIlCD/?a=1180&bti=ODszNWYuMDE6&ch=0&cr=0&dr=0&er=0&lr=default&cd=0%7C0%7C0%7C0&br=250&bt=125&ft=.NpOcInz7Th3TT2KXq8Zmo&mime_type=audio_mpeg&qs=6&rc=ZGk2Z2U3ZWUzODg8ZWg1M0BpanZldnk5cnk4MzMzZzU8NEBhNi1hMC9hXl8xM2E1YTUuYSMza2Y2MmRjMy5hLS1kMS9zcw%3D%3D&vvpl=1&l=2025050710373612B0ED18B9823A950B56&btag=e00098000&cc=13
[2025-05-07T02:37:38.697+0000] {logging_mixin.py:190} INFO - ✅ File downloaded in media/7494644438497529130.mp3
[2025-05-07T02:37:38.697+0000] {logging_mixin.py:190} INFO - Getting direct link... https://www.tiktok.com/@therock/video/7494316440749755694
[2025-05-07T02:37:39.306+0000] {logging_mixin.py:190} INFO - ✅ Direct link: https://v77.tiktokcdn.com/ad422f7674ad65a96fef08216a2428be/681c1918/video/tos/maliva/tos-maliva-v-27dcd7c799-us/oAICIADAJUkACfDoJFAHfd8d0kpUvEAgSJSlBN/?a=1180&bti=ODszNWYuMDE6&ch=0&cr=0&dr=0&er=0&lr=default&cd=0%7C0%7C0%7C0&br=250&bt=125&ds=5&ft=.NpOcInz7ThATT2KXq8Zmo&mime_type=audio_mpeg&qs=13&rc=M2g7ZW45cmVsMzMzZzU8NEBpM2g7ZW45cmVsMzMzZzU8NEBxNmpmMmRzZi1hLS1kMS9zYSNxNmpmMmRzZi1hLS1kMS9zcw%3D%3D&vvpl=1&l=20250507103738E8892DAB2E4320AE7A23&btag=e00048000&cc=13
[2025-05-07T02:37:40.430+0000] {logging_mixin.py:190} INFO - ✅ File downloaded in media/7494316440749755694.mp3
[2025-05-07T02:37:40.431+0000] {logging_mixin.py:190} INFO - Getting direct link... https://www.tiktok.com/@therock/video/7493217492802882858
[2025-05-07T02:37:41.000+0000] {logging_mixin.py:190} INFO - ✅ Direct link: https://v77.tiktokcdn.com/7ac95f6c6b8880df6fc248dfa6081675/681c1a2d/video/tos/maliva/tos-maliva-ve-27dcd7c799-us/oIAdaAQGfKgxsqjLITHQpSgyhcv6e9JA4Mxfff/?a=1180&bti=ODszNWYuMDE6&ch=0&cr=0&dr=0&er=0&lr=default&cd=0%7C0%7C0%7C0&br=250&bt=125&ft=.NpOcInz7ThbTT2KXq8Zmo&mime_type=audio_mpeg&qs=6&rc=M2ZlZWRlNzpmO2k0OzplZUBpM3VpZXY5cnFueTMzZzU8NEA1X2MtYV9gNjUxMTU1NDUyYSMtZWViMmRzMHJgLS1kMS9zcw%3D%3D&vvpl=1&l=2025050710374094D18B5FC516ABE4EBEA&btag=e000a0000&cc=13
[2025-05-07T02:37:42.053+0000] {logging_mixin.py:190} INFO - ✅ File downloaded in media/7493217492802882858.mp3
[2025-05-07T02:37:42.053+0000] {logging_mixin.py:190} INFO - Getting direct link... https://www.tiktok.com/@therock/video/7492481998187990318
[2025-05-07T02:37:42.617+0000] {logging_mixin.py:190} INFO - ✅ Direct link: https://sf9-ies-music-sg.tiktokcdn.com/obj/tos-alisg-ve-2774/e50ed17055474a23b0c81ebd301ee7a7
[2025-05-07T02:37:42.861+0000] {logging_mixin.py:190} INFO - ✅ File downloaded in media/7492481998187990318.mp3
[2025-05-07T02:37:42.861+0000] {logging_mixin.py:190} INFO - Getting direct link... https://www.tiktok.com/@therock/video/7490673656641637675
[2025-05-07T02:37:43.386+0000] {logging_mixin.py:190} INFO - ✅ Direct link: https://v77.tiktokcdn.com/393a6ad07b5a11f8881369a051f32a64/681c1911/video/tos/maliva/tos-maliva-v-27dcd7c799-us/oMUNFSEgStCiSihODXJXweftAwB4DBAERACnW0/?a=1180&bti=ODszNWYuMDE6&ch=0&cr=0&dr=0&er=0&lr=default&cd=0%7C0%7C0%7C0&br=250&bt=125&ds=5&ft=.NpOcInz7ThfTT2KXq8Zmo&mime_type=audio_mpeg&qs=13&rc=M3FvZWo5cjw2eTMzZzU8NEBpM3FvZWo5cjw2eTMzZzU8NEA2LzZfMmRjZG5gLS1kMS9zYSM2LzZfMmRjZG5gLS1kMS9zcw%3D%3D&vvpl=1&l=20250507103742990ED4D6AFD06C6DD7A2&btag=e00078000&cc=13
[2025-05-07T02:37:44.342+0000] {logging_mixin.py:190} INFO - ✅ File downloaded in media/7490673656641637675.mp3
[2025-05-07T02:37:44.343+0000] {logging_mixin.py:190} INFO - Getting direct link... https://www.tiktok.com/@therock/video/7487701629119171886
[2025-05-07T02:37:45.100+0000] {logging_mixin.py:190} INFO - ✅ Direct link: https://v58.tiktokcdn.com/video/tos/maliva/tos-maliva-v-27dcd7c799-us/oQ1SEpV6QBBSqjAFANi3BEzADK9wJAo9E0fqpi/?a=1180&bti=ODszNWYuMDE6&ch=0&cr=0&dr=0&er=0&lr=default&cd=0%7C0%7C0%7C0&br=250&bt=125&ds=5&ft=.NpOcInz7ThwTT2KXq8Zmo&mime_type=audio_mpeg&qs=13&rc=ajxtO3E5cjt0eTMzZzU8NEBpajxtO3E5cjt0eTMzZzU8NEBebnJxMmRjZmhgLS1kMS9zYSNebnJxMmRjZmhgLS1kMS9zcw%3D%3D&vvpl=1&l=20250507103744416BE160C3BAB2A7F149&VExpiration=1746671886&VSignature=SHVALaTSbL5vEXnGBkJhGg&btag=e00078000&cc=14
[2025-05-07T02:37:46.896+0000] {logging_mixin.py:190} INFO - ✅ File downloaded in media/7487701629119171886.mp3
[2025-05-07T02:37:46.897+0000] {logging_mixin.py:190} INFO - Getting direct link... https://www.tiktok.com/@therock/video/7486515871624596782
[2025-05-07T02:37:47.035+0000] {logging_mixin.py:190} INFO - ✅ Direct link: https://v58.tiktokcdn.com/video/tos/maliva/tos-maliva-v-27dcd7c799-us/owEAlzRKAAVAWwEh3JEBDiiBycB1qeAhjPqmpp/?a=1180&bti=ODszNWYuMDE6&ch=0&cr=0&dr=0&er=0&lr=default&cd=0%7C0%7C0%7C0&br=250&bt=125&ds=5&ft=.NpOcInz7ThYTT2KXq8Zmo&mime_type=audio_mpeg&qs=13&rc=M2Q4cnE5cjlxeTMzZzU8NEBpM2Q4cnE5cjlxeTMzZzU8NEBpMDZlMmQ0MmZgLS1kMS9zYSNpMDZlMmQ0MmZgLS1kMS9zcw%3D%3D&vvpl=1&l=2025050710374622E51ED742055D631FAA&VExpiration=1746671926&VSignature=GjE-lUf3HjJmBdryYAwrSQ&btag=e00050000&cc=14
[2025-05-07T02:37:49.223+0000] {logging_mixin.py:190} INFO - ✅ File downloaded in media/7486515871624596782.mp3
[2025-05-07T02:37:49.223+0000] {logging_mixin.py:190} INFO - Getting direct link... https://www.tiktok.com/@therock/video/7482814601717910826
[2025-05-07T02:37:49.815+0000] {logging_mixin.py:190} INFO - ✅ Direct link: https://v58.tiktokcdn.com/video/tos/maliva/tos-maliva-v-27dcd7c799-us/oEV2IjRsAjjTEE0GPAEDfoL1oeHYkJeTCWAFGA/?a=1180&bti=ODszNWYuMDE6&ch=0&cr=0&dr=0&er=0&lr=default&cd=0%7C0%7C0%7C0&br=250&bt=125&ds=5&ft=.NpOcInz7ThkTT2KXq8Zmo&mime_type=audio_mpeg&qs=13&rc=anA8aXI5cnQ3eTMzZzU8NEBpanA8aXI5cnQ3eTMzZzU8NEAvcHNwMmRrbGBgLS1kMS9zYSMvcHNwMmRrbGBgLS1kMS9zcw%3D%3D&vvpl=1&l=202505071037496AE25DA127D90A63A8E6&VExpiration=1746672109&VSignature=r6VzgjwVnghpfOiHB_4oag&btag=e00058000&cc=14
[2025-05-07T02:37:51.303+0000] {logging_mixin.py:190} INFO - ✅ File downloaded in media/7482814601717910826.mp3
[2025-05-07T02:37:51.304+0000] {logging_mixin.py:190} INFO - Getting direct link... https://www.tiktok.com/@therock/video/7480993221586292014
[2025-05-07T02:37:51.857+0000] {logging_mixin.py:190} INFO - ✅ Direct link: https://sf9-ies-music-sg.tiktokcdn.com/obj/tos-alisg-ve-2774/o0irIGKLPQDzhmdAVZ1faBYP7keHGeOFACmce8
[2025-05-07T02:37:57.027+0000] {logging_mixin.py:190} INFO - ✅ File downloaded in media/7480993221586292014.mp3
[2025-05-07T02:37:57.028+0000] {logging_mixin.py:190} INFO - Getting direct link... https://www.tiktok.com/@therock/video/7478382826568568110
[2025-05-07T02:37:52.031+0000] {logging_mixin.py:190} INFO - ✅ Direct link: https://sf16-ies-music-sg.tiktokcdn.com/obj/tos-alisg-ve-2774/o8O6CdgnKCPBnBHeDrGDxFQLaDkUbVeAgzYsJf
[2025-05-07T02:37:52.182+0000] {logging_mixin.py:190} INFO - ✅ File downloaded in media/7478382826568568110.mp3
[2025-05-07T02:37:52.182+0000] {logging_mixin.py:190} INFO - Getting direct link... https://www.tiktok.com/@therock/video/7475105018052480302
[2025-05-07T02:37:52.748+0000] {logging_mixin.py:190} INFO - ✅ Direct link: https://v77.tiktokcdn.com/6bb9c567d382d769b2b10eb89909cd45/681c19ff/video/tos/maliva/tos-maliva-v-27dcd7c799-us/oE8sA4iIXgjz2oBAiUA776ZjJlCAZEJv7ECgs/?a=1180&bti=ODszNWYuMDE6&ch=0&cr=0&dr=0&er=0&lr=default&cd=0%7C0%7C0%7C0&br=250&bt=125&ds=5&ft=.NpOcInz7Th8QT2KXq8Zmo&mime_type=audio_mpeg&qs=13&rc=M3M5NXA5cjZoeDMzZzU8NEBpM3M5NXA5cjZoeDMzZzU8NEBqLTZqMmRrZXJgLS1kMS9zYSNqLTZqMmRrZXJgLS1kMS9zcw%3D%3D&vvpl=1&l=20250507103752F2E62F0498EBEEA7632C&btag=e00058000&cc=13
[2025-05-07T02:37:54.083+0000] {logging_mixin.py:190} INFO - ✅ File downloaded in media/7475105018052480302.mp3
[2025-05-07T02:37:54.083+0000] {logging_mixin.py:190} INFO - Getting direct link... https://www.tiktok.com/@therock/video/7474681315955150126
[2025-05-07T02:37:54.665+0000] {logging_mixin.py:190} INFO - ✅ Direct link: https://v77.tiktokcdn.com/4adf42562e300227b950936764f99878/681c1916/video/tos/maliva/tos-maliva-ve-27dcd7c799-us/oM2KoP2ITk0eH5VwzAKsfYmdQEEPGeG1QtmHLC/?a=1180&bti=ODszNWYuMDE6&ch=0&cr=0&dr=0&er=0&lr=default&cd=0%7C0%7C0%7C0&br=250&bt=125&ft=.NpOcInz7ThhQT2KXq8Zmo&mime_type=audio_mpeg&qs=6&rc=PGdmNjQ0PDo6ZThkZWU3ZEBpMzhmOXk5cmdweDMzZzU8NEBeMzIwNGIzNjQxY2MyLjM2YSNgNGQuMmRrYnFgLS1kMS9zcw%3D%3D&vvpl=1&l=202505071037533D597F035C5827972340&btag=e000b8000&cc=13
[2025-05-07T02:37:55.262+0000] {logging_mixin.py:190} INFO - ✅ File downloaded in media/7474681315955150126.mp3
[2025-05-07T02:37:55.262+0000] {logging_mixin.py:190} INFO - Getting direct link... https://www.tiktok.com/@therock/video/7473147398718573866
[2025-05-07T02:37:55.834+0000] {logging_mixin.py:190} INFO - ✅ Direct link: https://v77.tiktokcdn.com/938ab7f4ef5c2a19daceee9a69bc56ff/681c1909/video/tos/alisg/tos-alisg-v-27dcd7/a50e4d75773449f385c9a0f55887d6c6/?a=1180&bti=ODszNWYuMDE6&ch=0&cr=0&dr=0&er=0&lr=default&cd=0%7C0%7C0%7C0&br=250&bt=125&ds=5&ft=.NpOcInz7ThrQT2KXq8Zmo&mime_type=audio_mp4&qs=13&rc=M3M2bTZ1eHI1NjMzODU8M0BpM3M2bTZ1eHI1NjMzODU8M0BrcmE2ZGJvcy1gLS1kMTRzYSNrcmE2ZGJvcy1gLS1kMTRzcw%3D%3D&vvpl=1&l=202505071037557ABDDF5A0D88CB800E9C&btag=e00070000&cc=13
[2025-05-07T02:37:56.291+0000] {logging_mixin.py:190} INFO - ✅ File downloaded in media/7473147398718573866.mp3
[2025-05-07T02:37:56.291+0000] {logging_mixin.py:190} INFO - Getting direct link... https://www.tiktok.com/@therock/video/7473137749025967406
[2025-05-07T02:37:56.801+0000] {logging_mixin.py:190} INFO - ✅ Direct link: https://v16m.tiktokcdn.com/0afb12157afc9c8ed9d564694e1e8d03/681c19d9/video/tos/maliva/tos-maliva-v-27dcd7c799-us/o0DbAE1AtI1aFFfotkpfF5roTlAwCTAkrPIeEH/?a=1180&bti=ODszNWYuMDE6&ch=0&cr=0&dr=0&er=0&lr=default&cd=0%7C0%7C0%7C0&br=250&bt=125&ds=5&ft=.NpOcInz7ThjQT2KXq8Zmo&mime_type=audio_mpeg&qs=13&rc=M3BtNnQ5cmt4eDMzZzU8NEBpM3BtNnQ5cmt4eDMzZzU8NEBwMmNtMmRjam5gLS1kMS9zYSNwMmNtMmRjam5gLS1kMS9zcw%3D%3D&vvpl=1&l=202505071037567AD125A8EF555C810E67&btag=e00058000&cc=3
[2025-05-07T02:37:58.755+0000] {logging_mixin.py:190} INFO - ✅ File downloaded in media/7473137749025967406.mp3
[2025-05-07T02:37:58.755+0000] {logging_mixin.py:190} INFO - Getting direct link... https://www.tiktok.com/@therock/video/7472396683477830955
[2025-05-07T02:37:59.327+0000] {logging_mixin.py:190} INFO - ✅ Direct link: https://v58.tiktokcdn.com/video/tos/maliva/tos-maliva-v-27dcd7c799-us/oACESESOgClZDQfdJFfZ0nDBhAs0AEU3WAtoAz/?a=1180&bti=ODszNWYuMDE6&ch=0&cr=0&dr=0&er=0&lr=default&cd=0%7C0%7C0%7C0&br=250&bt=125&ds=5&ft=.NpOcInz7ThPQT2KXq8Zmo&mime_type=audio_mpeg&qs=13&rc=M3dxOXk5cnRueDMzZzU8NEBpM3dxOXk5cnRueDMzZzU8NEAtYmE1MmQ0Zm1gLS1kMS9zYSMtYmE1MmQ0Zm1gLS1kMS9zcw%3D%3D&vvpl=1&l=202505071037582F4F60F279ECE08C0812&VExpiration=1746671896&VSignature=5-f1oTzLN3Gf-xEg6Qz_Gw&btag=e00078000&cc=14
[2025-05-07T02:38:00.987+0000] {logging_mixin.py:190} INFO - ✅ File downloaded in media/7472396683477830955.mp3
[2025-05-07T02:38:00.988+0000] {logging_mixin.py:190} INFO - Getting direct link... https://www.tiktok.com/@therock/video/7461443489067240747
[2025-05-07T02:38:01.611+0000] {logging_mixin.py:190} INFO - ✅ Direct link: https://v16m.tiktokcdn.com/6a7b1bd78920ebb1702665bd23e19e9d/681c1921/video/tos/maliva/tos-maliva-v-27dcd7c799-us/oYpvBQvBpE4vE0zK6XIXCx6iMA1BoifAiAAWEw/?a=1180&bti=ODszNWYuMDE6&ch=0&cr=0&dr=0&er=0&lr=default&cd=0%7C0%7C0%7C0&br=250&bt=125&ds=5&ft=.NpOcInz7ThsQT2KXq8Zmo&mime_type=audio_mpeg&qs=13&rc=anQ2ZXI5cnA4eDMzZzU8NEBpanQ2ZXI5cnA4eDMzZzU8NEBfNm5xMmRrcjNgLS1kMS9zYSNfNm5xMmRrcjNgLS1kMS9zcw%3D%3D&vvpl=1&l=202505071038000A0754214BC5D2B0050E&btag=e00078000&cc=3
[2025-05-07T02:38:01.904+0000] {logging_mixin.py:190} INFO - ✅ File downloaded in media/7461443489067240747.mp3
[2025-05-07T02:38:01.904+0000] {logging_mixin.py:190} INFO - Getting direct link... https://www.tiktok.com/@therock/video/7460513088354258219
[2025-05-07T02:38:02.535+0000] {logging_mixin.py:190} INFO - ✅ Direct link: https://v58.tiktokcdn.com/video/tos/maliva/tos-maliva-v-27dcd7c799-us/ocgYixAHEinWE4ABIEzKJBTAxERRpOAfwBxiCE/?a=1180&bti=ODszNWYuMDE6&ch=0&cr=0&dr=0&er=0&lr=default&cd=0%7C0%7C0%7C0&br=250&bt=125&ds=5&ft=.NpOcInz7ThNQT2KXq8Zmo&mime_type=audio_mpeg&qs=13&rc=ajpybms5cmZreDMzZzU8NEBpajpybms5cmZreDMzZzU8NEAwcV5sMmRjLzFgLS1kMS9zYSMwcV5sMmRjLzFgLS1kMS9zcw%3D%3D&vvpl=1&l=20250507103802F8172FB9EDB71ED74678&VExpiration=1746672203&VSignature=f63gFg_IRBiqg2fKHojppQ&btag=e00060000&cc=14
[2025-05-07T02:38:04.533+0000] {logging_mixin.py:190} INFO - ✅ File downloaded in media/7460513088354258219.mp3
[2025-05-07T02:38:04.533+0000] {logging_mixin.py:190} INFO - Getting direct link... https://www.tiktok.com/@therock/video/7460511600202648878
[2025-05-07T02:38:05.198+0000] {logging_mixin.py:190} INFO - ✅ Direct link: https://v58.tiktokcdn.com/video/tos/maliva/tos-maliva-v-27dcd7c799-us/owGJ4CUiZPSCAB7lA1P9sAE8J64AEgkMlDiQ1/?a=1180&bti=ODszNWYuMDE6&ch=0&cr=0&dr=0&er=0&lr=default&cd=0%7C0%7C0%7C0&br=250&bt=125&ds=5&ft=.NpOcInz7ThcQT2KXq8Zmo&mime_type=audio_mpeg&qs=13&rc=M3Y5aHQ5cm9qeDMzZzU8NEBpM3Y5aHQ5cm9qeDMzZzU8NEA1X20wMmQ0czFgLS1kMS9zYSM1X20wMmQ0czFgLS1kMS9zcw%3D%3D&vvpl=1&l=20250507103804A3DBE2522246172BD663&VExpiration=1746672049&VSignature=FHbTeg2R4lBG0vaMxXPXJg&btag=e00050000&cc=14
[2025-05-07T02:38:06.534+0000] {logging_mixin.py:190} INFO - ✅ File downloaded in media/7460511600202648878.mp3
[2025-05-07T02:38:06.534+0000] {logging_mixin.py:190} INFO - Getting direct link... https://www.tiktok.com/@therock/video/7457228860275395882
[2025-05-07T02:38:12.152+0000] {logging_mixin.py:190} INFO - ✅ Direct link: https://v16m.tiktokcdn.com/6332f2ac3745232590f7c55410df5f2c/681c1c86/video/tos/maliva/tos-maliva-ve-27dcd7c799-us/ogkVZr3uBMJnr92MBriQpmEiFAfEzNBIiuw1Kv/?a=1180&bti=ODszNWYuMDE6&ch=0&cr=0&dr=0&er=0&lr=default&cd=0%7C0%7C0%7C0&br=250&bt=125&ft=.NpOcInz7ThHQT2KXq8Zmo&mime_type=audio_mpeg&qs=6&rc=NTo6N2Y5M2hkZmU1aGRoM0BpajhwZ3A5cmtwdzMzZzU8NEBfYS9eNTYvNjAxNS0uLWJhYSNpal5rMmRjYHJgLS1kMS9zcw%3D%3D&vvpl=1&l=2025050710380621EB57F63B47AD943806&btag=e000a8000&cc=3
[2025-05-07T02:38:16.005+0000] {logging_mixin.py:190} INFO - ✅ File downloaded in media/7457228860275395882.mp3
[2025-05-07T02:38:16.006+0000] {logging_mixin.py:190} INFO - Getting direct link... https://www.tiktok.com/@therock/video/7456475589663362350
[2025-05-07T02:38:16.580+0000] {logging_mixin.py:190} INFO - ✅ Direct link: https://v77.tiktokcdn.com/12335864692ad1811500b6b47fef537e/681c195c/video/tos/maliva/tos-maliva-v-27dcd7c799-us/oEBELufRE1lokDeCW6aDfHhTkWEFAArAAmFOEp/?a=1180&bti=ODszNWYuMDE6&ch=0&cr=0&dr=0&er=0&lr=default&cd=0%7C0%7C0%7C0&br=250&bt=125&ds=5&ft=.NpOcInz7ThoQT2KXq8Zmo&mime_type=audio_mpeg&qs=13&rc=anBxZ2w5cjhldzMzZzU8NEBpanBxZ2w5cjhldzMzZzU8NEBkcjFxMmRrZnFgLS1kMS9zYSNkcjFxMmRrZnFgLS1kMS9zcw%3D%3D&vvpl=1&l=20250507103815DC9DFDE5B12FDE50D9BF&btag=e00050000&cc=13
[2025-05-07T02:38:17.147+0000] {logging_mixin.py:190} INFO - ✅ File downloaded in media/7456475589663362350.mp3
[2025-05-07T02:38:17.147+0000] {logging_mixin.py:190} INFO - Getting direct link... https://www.tiktok.com/@therock/video/7455784020379716910
[2025-05-07T02:38:17.704+0000] {logging_mixin.py:190} INFO - ✅ Direct link: https://v77.tiktokcdn.com/d655ded6bae4a0e465fa4b99d5f1a5ad/681c1922/video/tos/maliva/tos-maliva-ve-27dcd7c799-us/okQswOwo0CEieATJuFYEzFEHQiDC5eEq8fScDk/?a=1180&bti=ODszNWYuMDE6&ch=0&cr=0&dr=0&er=0&lr=default&cd=0%7C0%7C0%7C0&br=250&bt=125&ft=.NpOcInz7ThXQT2KXq8Zmo&mime_type=audio_mpeg&qs=6&rc=PDxnOmc2PDdkN2QzN2g4OUBpanZlNHE5cjo3dzMzZzU8NEA0MTI1NS9fXjMxX2E1YGI0YSNoZDFjMmQ0NXBgLS1kMS9zcw%3D%3D&vvpl=1&l=20250507103817DB66499ED7BFED617780&btag=e000b0000&cc=13
[2025-05-07T02:38:18.510+0000] {logging_mixin.py:190} INFO - ✅ File downloaded in media/7455784020379716910.mp3
[2025-05-07T02:38:18.510+0000] {logging_mixin.py:190} INFO - Getting direct link... https://www.tiktok.com/@therock/video/7455388311826287914
[2025-05-07T02:38:19.073+0000] {logging_mixin.py:190} INFO - ✅ Direct link: https://v77.tiktokcdn.com/f4c3c5eaceace2fc135c41be0a6f4b36/681c1a11/video/tos/maliva/tos-maliva-v-27dcd7c799-us/oUwA3i2nzBAE3gg2BBApBjsuiA4EpEfEEKIK2l/?a=1180&bti=ODszNWYuMDE6&ch=0&cr=0&dr=0&er=0&lr=default&cd=0%7C0%7C0%7C0&br=250&bt=125&ds=5&ft=.NpOcInz7ThxQT2KXq8Zmo&mime_type=audio_mpeg&qs=13&rc=ajN5NXA5cmpndzMzZzU8NEBpajN5NXA5cmpndzMzZzU8NEBmYzEyMmRjbG9gLS1kMS9zYSNmYzEyMmRjbG9gLS1kMS9zcw%3D%3D&vvpl=1&l=202505071038181A5178A235FC9DA2C213&btag=e00058000&cc=13
[2025-05-07T02:38:20.403+0000] {logging_mixin.py:190} INFO - ✅ File downloaded in media/7455388311826287914.mp3
[2025-05-07T02:38:20.403+0000] {logging_mixin.py:190} INFO - Getting direct link... https://www.tiktok.com/@therock/video/7454241121665944874
[2025-05-07T02:38:21.001+0000] {logging_mixin.py:190} INFO - ✅ Direct link: https://v77.tiktokcdn.com/89e9f7beedce90e2697fa93962bf49a8/681c19a4/video/tos/maliva/tos-maliva-v-27dcd7c799-us/o4gCIL3yhyAABEjKNgPlZyA5Ci4BciAEzUL20/?a=1180&bti=ODszNWYuMDE6&ch=0&cr=0&dr=0&er=0&lr=default&cd=0%7C0%7C0%7C0&br=250&bt=125&ds=5&ft=.NpOcInz7ThqQT2KXq8Zmo&mime_type=audio_mpeg&qs=13&rc=ajQ7Om45cnBmdzMzZzU8NEBpajQ7Om45cnBmdzMzZzU8NEAyaS1tMmQ0ZW1gLS1kMS9zYSMyaS1tMmQ0ZW1gLS1kMS9zcw%3D%3D&vvpl=1&l=20250507103820F9F10AC270280E9FC674&btag=e00050000&cc=13
[2025-05-07T02:38:22.240+0000] {logging_mixin.py:190} INFO - ✅ File downloaded in media/7454241121665944874.mp3
[2025-05-07T02:38:22.240+0000] {logging_mixin.py:190} INFO - Getting direct link... https://www.tiktok.com/@therock/video/7452740726187642155
[2025-05-07T02:38:22.829+0000] {logging_mixin.py:190} INFO - ✅ Direct link: https://v77.tiktokcdn.com/6d347117590ed57fb05cf8836db00b2f/681c1939/video/tos/maliva/tos-maliva-v-27dcd7c799-us/o8Bl2BAARIiAFEwiCyg7PAB9ZtEPP40D1diUB/?a=1180&bti=ODszNWYuMDE6&ch=0&cr=0&dr=0&er=0&lr=default&cd=0%7C0%7C0%7C0&br=250&bt=125&ds=5&ft=.NpOcInz7ThVQT2KXq8Zmo&mime_type=audio_mpeg&qs=13&rc=anczcmo5cmlxdzMzZzU8NEBpanczcmo5cmlxdzMzZzU8NEA1c2UtMmQ0NWpgLS1kMS9zYSM1c2UtMmQ0NWpgLS1kMS9zcw%3D%3D&vvpl=1&l=20250507103822264FABDC3E3BD32A9858&btag=e00078000&cc=13
[2025-05-07T02:38:24.895+0000] {logging_mixin.py:190} INFO - ✅ File downloaded in media/7452740726187642155.mp3
[2025-05-07T02:38:24.895+0000] {logging_mixin.py:190} INFO - Getting direct link... https://www.tiktok.com/@therock/video/7452738096988294446
[2025-05-07T02:38:25.484+0000] {logging_mixin.py:190} INFO - ✅ Direct link: https://v16m.tiktokcdn.com/0a746409dd0dfd4228b9395b77900499/681c19a9/video/tos/maliva/tos-maliva-v-27dcd7c799-us/ocMUYBFbfEDUZtACH6AgfyEKntElJ9bDSAdXcB/?a=1180&bti=ODszNWYuMDE6&ch=0&cr=0&dr=0&er=0&lr=default&cd=0%7C0%7C0%7C0&br=250&bt=125&ds=5&ft=.NpOcInz7ThRQT2KXq8Zmo&mime_type=audio_mpeg&qs=13&rc=M3lwcHA5cnBxdzMzZzU8NEBpM3lwcHA5cnBxdzMzZzU8NEBxbDZmMmRjMGpgLS1kMS9zYSNxbDZmMmRjMGpgLS1kMS9zcw%3D%3D&vvpl=1&l=20250507103824BA11E91DDE489E9E10D6&btag=e00050000&cc=3
[2025-05-07T02:38:26.860+0000] {logging_mixin.py:190} INFO - ✅ File downloaded in media/7452738096988294446.mp3
[2025-05-07T02:38:26.861+0000] {logging_mixin.py:190} INFO - Getting direct link... https://www.tiktok.com/@therock/video/7451804943654276398
[2025-05-07T02:38:27.394+0000] {logging_mixin.py:190} INFO - ✅ Direct link: https://v77.tiktokcdn.com/3e111973c994518d890a2f29988a5d12/681c1a49/video/tos/maliva/tos-maliva-ve-27dcd7c799-us/ow2nE1gsQE3wy8IDiInUqDTBaYDuSEffgCIFxJ/?a=1180&bti=ODszNWYuMDE6&ch=0&cr=0&dr=0&er=0&lr=default&cd=0%7C0%7C0%7C0&br=250&bt=125&ft=.NpOcInz7ThFQT2KXq8Zmo&mime_type=audio_mpeg&qs=6&rc=ZDQ0aDY3OjVkZGU2ZzU2Z0BpM3UzOHQ5cjw1dzMzZzU8NEBeYGAzX2E1NV8xMC0vNWAwYSNvMW9mMmRzL2lgLS1kMS9zcw%3D%3D&vvpl=1&l=20250507103826A7DAB8155A76AA49D919&btag=e00098000&cc=13
[2025-05-07T02:38:28.945+0000] {logging_mixin.py:190} INFO - ✅ File downloaded in media/7451804943654276398.mp3
[2025-05-07T02:38:28.945+0000] {logging_mixin.py:190} INFO - Getting direct link... https://www.tiktok.com/@therock/video/7451345731819965742
[2025-05-07T02:38:29.514+0000] {logging_mixin.py:190} INFO - ✅ Direct link: https://v58.tiktokcdn.com/video/tos/maliva/tos-maliva-v-27dcd7c799-us/o8A7TeifTOEXDkHNCADQX7FPA3V0AEsIl6fAIo/?a=1180&bti=ODszNWYuMDE6&ch=0&cr=0&dr=0&er=0&lr=default&cd=0%7C0%7C0%7C0&br=250&bt=125&ds=5&ft=.NpOcInz7ThyQT2KXq8Zmo&mime_type=audio_mpeg&qs=13&rc=anczZHA5cnk6dzMzZzU8NEBpanczZHA5cnk6dzMzZzU8NEBsa2A2MmRrcmhgLS1kMS9zYSNsa2A2MmRrcmhgLS1kMS9zcw%3D%3D&vvpl=1&l=202505071038287769F290D446E0978F97&VExpiration=1746672014&VSignature=AavXh1rugrli7jvWLSAMqg&btag=e00050000&cc=14
[2025-05-07T02:38:30.682+0000] {logging_mixin.py:190} INFO - ✅ File downloaded in media/7451345731819965742.mp3
[2025-05-07T02:38:30.683+0000] {logging_mixin.py:190} INFO - Getting direct link... https://www.tiktok.com/@therock/video/7451022184526482730
[2025-05-07T02:38:31.216+0000] {logging_mixin.py:190} INFO - ✅ Direct link: https://v16m.tiktokcdn.com/b060d0aaabf6d0f4c876edf6d7d3ccec/681c19d8/video/tos/maliva/tos-maliva-ve-27dcd7c799-us/owrMDyfDSQodJ8nUpseyrZT1OBoCKEkcFgF9Yg/?a=1180&bti=ODszNWYuMDE6&ch=0&cr=0&dr=0&er=0&lr=default&cd=0%7C0%7C0%7C0&br=250&bt=125&ft=.NpOcInz7ThtQT2KXq8Zmo&mime_type=audio_mpeg&qs=6&rc=ZjdkNDk0Zjg1ZGg3ZTM7aUBpajw4PG45cmlvdzMzZzU8NEAzYV41NGAxNWAxX2BeMTRfYSNwcGdeMmRjZmdgLS1kMS9zcw%3D%3D&vvpl=1&l=2025050710383061E4487218AFB2D46907&btag=e00090000&cc=3
[2025-05-07T02:38:32.771+0000] {logging_mixin.py:190} INFO - ✅ File downloaded in media/7451022184526482730.mp3
[2025-05-07T02:38:32.771+0000] {logging_mixin.py:190} INFO - Getting direct link... https://www.tiktok.com/@therock/video/7450249740471749934
[2025-05-07T02:38:33.339+0000] {logging_mixin.py:190} INFO - ✅ Direct link: https://v77.tiktokcdn.com/4c9656b3d9714c3fc2c6175ff616126d/681c19b1/video/tos/maliva/tos-maliva-ve-27dcd7c799-us/oEmrHFxUEM9IgDZTJkfqfCzCJEApnDS8DQOrB5/?a=1180&bti=ODszNWYuMDE6&ch=0&cr=0&dr=0&er=0&lr=default&cd=0%7C0%7C0%7C0&br=250&bt=125&ft=.NpOcInz7ThZQT2KXq8Zmo&mime_type=audio_mpeg&qs=6&rc=NGk8aDtmO2hpOWhmM2Y5NEBpajZyO285cmY8dzMzZzU8NEBeX2FjNS1iXy4xLS40Yy01YSNzZzBwMmRzaWZgLS1kMS9zcw%3D%3D&vvpl=1&l=202505071038329AE4A6C5BB0C99C4D0D3&btag=e00090000&cc=13
[2025-05-07T02:38:34.544+0000] {logging_mixin.py:190} INFO - ✅ File downloaded in media/7450249740471749934.mp3
[2025-05-07T02:38:34.544+0000] {logging_mixin.py:190} INFO - Getting direct link... https://www.tiktok.com/@therock/video/7448020055507422507
[2025-05-07T02:38:35.109+0000] {logging_mixin.py:190} INFO - ✅ Direct link: https://sf16-music-sign.tiktokcdn.com/obj/tos-alisg-ve-2774/oUIobnat7B21FgZI5eMC9FEB2bDjvWOIbfcQZQ?lk3s=08d74b56&x-expires=1746607114&x-signature=Ca5tXz7tFZFT45q5NCzwM%2BdaJTo%3D
[2025-05-07T02:38:35.281+0000] {logging_mixin.py:190} INFO - ✅ File downloaded in media/7448020055507422507.mp3
[2025-05-07T02:38:35.281+0000] {logging_mixin.py:190} INFO - Getting direct link... https://www.tiktok.com/@therock/video/7447975660741610795
[2025-05-07T02:38:35.874+0000] {logging_mixin.py:190} INFO - ✅ Direct link: https://v58.tiktokcdn.com/video/tos/useast2a/tos-useast2a-v-27dcd7/oYQfoMCuTrafE3nHweHQbO7qO7VoqDhgSo6uCK/?a=1180&bti=ODszNWYuMDE6&ch=0&cr=0&dr=0&er=0&lr=default&cd=0%7C0%7C0%7C0&br=250&bt=125&ft=.NpOcInz7Th2QT2KXq8Zmo&mime_type=audio_mpeg&qs=6&rc=N2k4MzM4Njk1O2Q1aDs1aEBpajpvOGQ6ZnR0aTMzNzU8M0A1MzAxNDIwNS4xX15iYWM2YSMwNTZwcjRncXNgLS1kMTZzcw%3D%3D&vvpl=1&l=202505071038352B827AAC8A0E22A44D48&VExpiration=1746671940&VSignature=D1RHK8DdiSoJ8AupsnC2cQ&btag=e000b8000&cc=14
[2025-05-07T02:38:36.091+0000] {logging_mixin.py:190} INFO - ✅ File downloaded in media/7447975660741610795.mp3
[2025-05-07T02:38:36.091+0000] {logging_mixin.py:190} INFO - Getting direct link... https://www.tiktok.com/@therock/video/7447285805044993326
[2025-05-07T02:38:36.714+0000] {logging_mixin.py:190} INFO - ✅ Direct link: https://v77.tiktokcdn.com/9ae459ce84a929efcc5b73bd9bdb9c9c/681c1958/video/tos/maliva/tos-maliva-v-27dcd7c799-us/oAwUVfhaegPJDiAEAu2ECDBSEDWFEzR3njMWAB/?a=1180&bti=ODszNWYuMDE6&ch=0&cr=0&dr=0&er=0&lr=default&cd=0%7C0%7C0%7C0&br=250&bt=125&ds=5&ft=.NpOcInz7ThzQT2KXq8Zmo&mime_type=audio_mpeg&qs=13&rc=ajZ3cHU5cjM0dzMzZzU8NEBpajZ3cHU5cjM0dzMzZzU8NEBecXIyMmRzM2FgLS1kMS9zYSNecXIyMmRzM2FgLS1kMS9zcw%3D%3D&vvpl=1&l=20250507103835EADDE16BC9E270BF384E&btag=e00048000&cc=13
[2025-05-07T02:38:37.338+0000] {logging_mixin.py:190} INFO - ✅ File downloaded in media/7447285805044993326.mp3
[2025-05-07T02:38:37.339+0000] {warnings.py:109} WARNING - /opt/airflow/dags/utils/downloader.py:125: RuntimeWarning: coroutine 'tqdm_asyncio.gather' was never awaited
  tqdm_asyncio.gather(*tasks, desc="Facebook/Youtube/Tiktok/Instagram Batch")

[2025-05-07T02:38:37.340+0000] {logging_mixin.py:190} INFO - Download complete.
[2025-05-07T02:38:37.499+0000] {python.py:240} INFO - Done. Returned value was: None
[2025-05-07T02:38:37.508+0000] {taskinstance.py:340} INFO - ::group::Post task execution logs
[2025-05-07T02:38:37.508+0000] {taskinstance.py:352} INFO - Marking task as SUCCESS. dag_id=tiktok_videos_scraper_dag, task_id=tiktok_videos_scraper, run_id=manual__2025-05-07T02:37:24.748345+00:00, execution_date=20250507T023724, start_date=20250507T023725, end_date=20250507T023837
[2025-05-07T02:38:37.553+0000] {local_task_job_runner.py:261} INFO - Task exited with return code 0
[2025-05-07T02:38:37.565+0000] {taskinstance.py:3891} INFO - 0 downstream tasks scheduled from follow-on schedule check
[2025-05-07T02:38:37.572+0000] {local_task_job_runner.py:240} INFO - ::endgroup::
