[2025-05-23T08:33:04.750+0000] {local_task_job_runner.py:123} INFO - ::group::Pre task execution logs
[2025-05-23T08:33:04.760+0000] {taskinstance.py:2603} INFO - Dependencies all met for dep_context=non-requeueable deps ti=<TaskInstance: tiktok_videos_scraper_dag.get_links_task manual__2025-05-23T08:33:03.946631+00:00 [queued]>
[2025-05-23T08:33:04.765+0000] {taskinstance.py:2603} INFO - Dependencies all met for dep_context=requeueable deps ti=<TaskInstance: tiktok_videos_scraper_dag.get_links_task manual__2025-05-23T08:33:03.946631+00:00 [queued]>
[2025-05-23T08:33:04.766+0000] {taskinstance.py:2856} INFO - Starting attempt 1 of 1
[2025-05-23T08:33:04.774+0000] {taskinstance.py:2879} INFO - Executing <Task(PythonOperator): get_links_task> on 2025-05-23 08:33:03.946631+00:00
[2025-05-23T08:33:04.777+0000] {standard_task_runner.py:72} INFO - Started process 67 to run task
[2025-05-23T08:33:04.779+0000] {standard_task_runner.py:104} INFO - Running: ['airflow', 'tasks', 'run', 'tiktok_videos_scraper_dag', 'get_links_task', 'manual__2025-05-23T08:33:03.946631+00:00', '--job-id', '6623', '--raw', '--subdir', 'DAGS_FOLDER/pipeline_tiktok.py', '--cfg-path', '/tmp/tmpxk_pibec']
[2025-05-23T08:33:04.781+0000] {standard_task_runner.py:105} INFO - Job 6623: Subtask get_links_task
[2025-05-23T08:33:04.818+0000] {task_command.py:467} INFO - Running <TaskInstance: tiktok_videos_scraper_dag.get_links_task manual__2025-05-23T08:33:03.946631+00:00 [running]> on host 8604b80c7e6e
[2025-05-23T08:33:04.883+0000] {taskinstance.py:3122} INFO - Exporting env vars: AIRFLOW_CTX_DAG_OWNER='airflow' AIRFLOW_CTX_DAG_ID='tiktok_videos_scraper_dag' AIRFLOW_CTX_TASK_ID='get_links_task' AIRFLOW_CTX_EXECUTION_DATE='2025-05-23T08:33:03.946631+00:00' AIRFLOW_CTX_TRY_NUMBER='1' AIRFLOW_CTX_DAG_RUN_ID='manual__2025-05-23T08:33:03.946631+00:00'
[2025-05-23T08:33:04.884+0000] {taskinstance.py:731} INFO - ::endgroup::
[2025-05-23T08:34:10.259+0000] {local_task_job_runner.py:341} WARNING - State of this instance has been externally set to failed. Terminating instance.
[2025-05-23T08:34:10.260+0000] {local_task_job_runner.py:240} INFO - ::endgroup::
[2025-05-23T08:34:10.261+0000] {process_utils.py:132} INFO - Sending 15 to group 67. PIDs of all processes in the group: [70, 82, 89, 90, 118, 126, 171, 172, 200, 67]
[2025-05-23T08:34:10.261+0000] {process_utils.py:87} INFO - Sending the signal 15 to group 67
[2025-05-23T08:34:10.262+0000] {taskinstance.py:3083} ERROR - Received SIGTERM. Terminating subprocesses.
[2025-05-23T08:34:10.269+0000] {process_utils.py:80} INFO - Process psutil.Process(pid=172, status='terminated', started='08:33:06') (172) terminated with exit code None
[2025-05-23T08:34:10.297+0000] {process_utils.py:80} INFO - Process psutil.Process(pid=89, status='terminated', started='08:33:06') (89) terminated with exit code None
[2025-05-23T08:34:10.298+0000] {process_utils.py:80} INFO - Process psutil.Process(pid=200, status='terminated', started='08:33:06') (200) terminated with exit code None
[2025-05-23T08:34:10.298+0000] {process_utils.py:80} INFO - Process psutil.Process(pid=171, status='terminated', started='08:33:06') (171) terminated with exit code None
[2025-05-23T08:34:10.298+0000] {process_utils.py:80} INFO - Process psutil.Process(pid=82, status='terminated', started='08:33:05') (82) terminated with exit code None
[2025-05-23T08:34:10.298+0000] {process_utils.py:80} INFO - Process psutil.Process(pid=90, status='terminated', started='08:33:06') (90) terminated with exit code None
[2025-05-23T08:34:10.298+0000] {process_utils.py:80} INFO - Process psutil.Process(pid=118, status='terminated', started='08:33:06') (118) terminated with exit code None
[2025-05-23T08:34:10.298+0000] {process_utils.py:80} INFO - Process psutil.Process(pid=126, status='terminated', started='08:33:06') (126) terminated with exit code None
[2025-05-23T08:35:05.307+0000] {process_utils.py:150} WARNING - process psutil.Process(pid=70, name='node', status='sleeping', started='08:33:04') did not respond to SIGTERM. Trying SIGKILL
[2025-05-23T08:35:05.308+0000] {process_utils.py:150} WARNING - process psutil.Process(pid=67, name='airflow task ru', status='sleeping', started='08:33:04') did not respond to SIGTERM. Trying SIGKILL
[2025-05-23T08:35:05.309+0000] {process_utils.py:87} INFO - Sending the signal 9 to group 67
[2025-05-23T08:35:05.313+0000] {process_utils.py:80} INFO - Process psutil.Process(pid=70, name='node', status='terminated', started='08:33:04') (70) terminated with exit code None
[2025-05-23T08:35:05.317+0000] {process_utils.py:80} INFO - Process psutil.Process(pid=67, name='airflow task ru', status='terminated', exitcode=<Negsignal.SIGKILL: -9>, started='08:33:04') (67) terminated with exit code -9
[2025-05-23T08:35:05.318+0000] {standard_task_runner.py:190} ERROR - ('Job 6623 was killed before it finished (likely due to running out of memory)', 'For more information, see https://airflow.apache.org/docs/apache-airflow/stable/troubleshooting.html#LocalTaskJob-killed')
