[2025-05-22T06:35:42.141+0000] {local_task_job_runner.py:123} INFO - ::group::Pre task execution logs
[2025-05-22T06:35:42.157+0000] {taskinstance.py:2603} INFO - Dependencies all met for dep_context=non-requeueable deps ti=<TaskInstance: facebook_videos_scraper_dag.get_links_task manual__2025-05-22T06:35:41.174145+00:00 [queued]>
[2025-05-22T06:35:42.167+0000] {taskinstance.py:2603} INFO - Dependencies all met for dep_context=requeueable deps ti=<TaskInstance: facebook_videos_scraper_dag.get_links_task manual__2025-05-22T06:35:41.174145+00:00 [queued]>
[2025-05-22T06:35:42.168+0000] {taskinstance.py:2856} INFO - Starting attempt 1 of 1
[2025-05-22T06:35:42.179+0000] {taskinstance.py:2879} INFO - Executing <Task(PythonOperator): get_links_task> on 2025-05-22 06:35:41.174145+00:00
[2025-05-22T06:35:42.182+0000] {standard_task_runner.py:72} INFO - Started process 934 to run task
[2025-05-22T06:35:42.187+0000] {standard_task_runner.py:104} INFO - Running: ['airflow', 'tasks', 'run', 'facebook_videos_scraper_dag', 'get_links_task', 'manual__2025-05-22T06:35:41.174145+00:00', '--job-id', '6496', '--raw', '--subdir', 'DAGS_FOLDER/pipeline_fb.py', '--cfg-path', '/tmp/tmpoovrw6wf']
[2025-05-22T06:35:42.189+0000] {standard_task_runner.py:105} INFO - Job 6496: Subtask get_links_task
[2025-05-22T06:35:42.234+0000] {task_command.py:467} INFO - Running <TaskInstance: facebook_videos_scraper_dag.get_links_task manual__2025-05-22T06:35:41.174145+00:00 [running]> on host 89a1bfcc1f66
[2025-05-22T06:35:42.303+0000] {taskinstance.py:3122} INFO - Exporting env vars: AIRFLOW_CTX_DAG_OWNER='airflow' AIRFLOW_CTX_DAG_ID='facebook_videos_scraper_dag' AIRFLOW_CTX_TASK_ID='get_links_task' AIRFLOW_CTX_EXECUTION_DATE='2025-05-22T06:35:41.174145+00:00' AIRFLOW_CTX_TRY_NUMBER='1' AIRFLOW_CTX_DAG_RUN_ID='manual__2025-05-22T06:35:41.174145+00:00'
[2025-05-22T06:35:42.305+0000] {taskinstance.py:731} INFO - ::endgroup::
[2025-05-22T06:35:42.392+0000] {selenium_manager.py:133} WARNING - The chromedriver version (136.0.7103.59) detected in PATH at /usr/bin/chromedriver might not be compatible with the detected chrome version (136.0.7103.113); currently, chromedriver 136.0.7103.113 is recommended for chrome 136.*, so it is advised to delete the driver in PATH and retry
[2025-05-22T06:35:45.981+0000] {logging_mixin.py:190} INFO - Step 1 of 3 - Load cookies
[2025-05-22T06:35:52.196+0000] {logging_mixin.py:190} INFO - Step 2 of 3 - Scrolling page
[2025-05-22T06:35:52.197+0000] {logging_mixin.py:190} INFO - Scrolling 1 iterations...
[2025-05-22T06:35:58.252+0000] {logging_mixin.py:190} INFO - Scrolling stopped after 2 iterations
[2025-05-22T06:35:58.253+0000] {logging_mixin.py:190} INFO - Scrolled 2 iterations
[2025-05-22T06:35:58.253+0000] {logging_mixin.py:190} INFO - Step 3 of 3 - Extract videos urls
[2025-05-22T06:35:58.272+0000] {logging_mixin.py:190} INFO - Found 149 a tags
[2025-05-22T06:35:58.498+0000] {logging_mixin.py:190} INFO - Found href: https://www.facebook.com/100044296156511/videos/1362494931698063
[2025-05-22T06:35:58.516+0000] {logging_mixin.py:190} INFO - Found href: https://www.facebook.com/manchesterunited/videos/1362494931698063/?comment_id=1801202197123560&__tn__=R]
[2025-05-22T06:35:58.522+0000] {logging_mixin.py:190} INFO - Found href: https://www.facebook.com/manchesterunited/videos/1760397254561973/
[2025-05-22T06:35:58.534+0000] {logging_mixin.py:190} INFO - Found href: https://www.facebook.com/manchesterunited/videos/1362494931698063/
[2025-05-22T06:35:58.544+0000] {logging_mixin.py:190} INFO - Found href: https://www.facebook.com/manchesterunited/videos/694643923451384/
[2025-05-22T06:35:58.559+0000] {logging_mixin.py:190} INFO - Found href: https://www.facebook.com/manchesterunited/videos/1909441793191388/
[2025-05-22T06:35:58.578+0000] {logging_mixin.py:190} INFO - Found href: https://www.facebook.com/manchesterunited/videos/982409090722070/
[2025-05-22T06:35:58.602+0000] {logging_mixin.py:190} INFO - Found href: https://www.facebook.com/manchesterunited/videos/1773022476944052/
[2025-05-22T06:35:58.634+0000] {logging_mixin.py:190} INFO - Found href: https://www.facebook.com/manchesterunited/videos/8274229069266765/
[2025-05-22T06:35:58.645+0000] {logging_mixin.py:190} INFO - Found href: https://www.facebook.com/manchesterunited/videos/556226863742204/
[2025-05-22T06:35:58.656+0000] {logging_mixin.py:190} INFO - Found href: https://www.facebook.com/manchesterunited/videos/1041336940536570/
[2025-05-22T06:35:58.666+0000] {logging_mixin.py:190} INFO - Found href: https://www.facebook.com/manchesterunited/videos/529340563294260/
[2025-05-22T06:35:58.678+0000] {logging_mixin.py:190} INFO - Found href: https://www.facebook.com/manchesterunited/videos/1276522580331422/
[2025-05-22T06:35:58.694+0000] {logging_mixin.py:190} INFO - Found href: https://www.facebook.com/manchesterunited/videos/882764287377874/
[2025-05-22T06:35:58.784+0000] {logging_mixin.py:190} INFO - Found href: https://www.facebook.com/manchesterunited/videos/1224491469029211/
[2025-05-22T06:35:58.796+0000] {logging_mixin.py:190} INFO - Found href: https://www.facebook.com/manchesterunited/videos/1382642382862628/
[2025-05-22T06:35:58.811+0000] {logging_mixin.py:190} INFO - Found href: https://www.facebook.com/manchesterunited/videos/1036340441761267/
[2025-05-22T06:35:58.827+0000] {logging_mixin.py:190} INFO - Found href: https://www.facebook.com/manchesterunited/videos/1732823114334576/
[2025-05-22T06:35:58.838+0000] {logging_mixin.py:190} INFO - Found href: https://www.facebook.com/manchesterunited/videos/1060728405963374/
[2025-05-22T06:35:58.848+0000] {logging_mixin.py:190} INFO - Found href: https://www.facebook.com/manchesterunited/videos/585960207199512/
[2025-05-22T06:35:58.858+0000] {logging_mixin.py:190} INFO - Found href: https://www.facebook.com/manchesterunited/videos/656884980546031/
[2025-05-22T06:35:58.870+0000] {logging_mixin.py:190} INFO - Found href: https://www.facebook.com/manchesterunited/videos/708154504977360/
[2025-05-22T06:35:58.880+0000] {logging_mixin.py:190} INFO - Found href: https://www.facebook.com/manchesterunited/videos/549543607852382/
[2025-05-22T06:35:58.891+0000] {logging_mixin.py:190} INFO - Found href: https://www.facebook.com/manchesterunited/videos/1098363302098361/
[2025-05-22T06:35:58.902+0000] {logging_mixin.py:190} INFO - Found href: https://www.facebook.com/manchesterunited/videos/630843533284430/
[2025-05-22T06:35:58.912+0000] {logging_mixin.py:190} INFO - Found href: https://www.facebook.com/manchesterunited/videos/670698715660708/
[2025-05-22T06:35:58.927+0000] {logging_mixin.py:190} INFO - Found href: https://www.facebook.com/manchesterunited/videos/1524027855224342/
[2025-05-22T06:35:58.937+0000] {logging_mixin.py:190} INFO - Found href: https://www.facebook.com/manchesterunited/videos/1190062166120574/
[2025-05-22T06:35:58.952+0000] {logging_mixin.py:190} INFO - Found href: https://www.facebook.com/manchesterunited/videos/1815873059208157/
[2025-05-22T06:35:58.962+0000] {logging_mixin.py:190} INFO - Found href: https://www.facebook.com/manchesterunited/videos/712907761084756/
[2025-05-22T06:35:58.977+0000] {logging_mixin.py:190} INFO - Found href: https://www.facebook.com/manchesterunited/videos/3029630467191422/
[2025-05-22T06:35:58.988+0000] {logging_mixin.py:190} INFO - Found href: https://www.facebook.com/manchesterunited/videos/1769184690305703/
[2025-05-22T06:35:58.998+0000] {logging_mixin.py:190} INFO - Found href: https://www.facebook.com/manchesterunited/videos/1356004988974021/
[2025-05-22T06:35:59.008+0000] {logging_mixin.py:190} INFO - Found href: https://www.facebook.com/manchesterunited/videos/1714593262803189/
[2025-05-22T06:35:59.029+0000] {logging_mixin.py:190} INFO - Found href: https://www.facebook.com/manchesterunited/videos/29292281887084616/
[2025-05-22T06:35:59.039+0000] {logging_mixin.py:190} INFO - Found href: https://www.facebook.com/manchesterunited/videos/1102701414956372/
[2025-05-22T06:35:59.050+0000] {logging_mixin.py:190} INFO - Found href: https://www.facebook.com/manchesterunited/videos/1000009215557053/
[2025-05-22T06:35:59.061+0000] {logging_mixin.py:190} INFO - Found href: https://www.facebook.com/manchesterunited/videos/1167294368037743/
[2025-05-22T06:35:59.072+0000] {logging_mixin.py:190} INFO - Found href: https://www.facebook.com/manchesterunited/videos/2158323417933631/
[2025-05-22T06:35:59.082+0000] {logging_mixin.py:190} INFO - Found href: https://www.facebook.com/manchesterunited/videos/1165652401453375/
[2025-05-22T06:35:59.092+0000] {logging_mixin.py:190} INFO - Found href: https://www.facebook.com/manchesterunited/videos/1222232559317315/
[2025-05-22T06:35:59.097+0000] {logging_mixin.py:190} INFO - Found 41 href elements
[2025-05-22T06:35:59.098+0000] {logging_mixin.py:190} INFO -  Scraped data:
[2025-05-22T06:35:59.098+0000] {logging_mixin.py:190} INFO -  - https://www.facebook.com/100044296156511/videos/1362494931698063
[2025-05-22T06:35:59.099+0000] {logging_mixin.py:190} INFO -  - 
https://www.facebook.com/manchesterunited/videos/1362494931698063/?comment_id=18
01202197123560&__tn__=R]
[2025-05-22T06:35:59.099+0000] {logging_mixin.py:190} INFO -  - https://www.facebook.com/manchesterunited/videos/1760397254561973/
[2025-05-22T06:35:59.099+0000] {logging_mixin.py:190} INFO -  - https://www.facebook.com/manchesterunited/videos/1362494931698063/
[2025-05-22T06:35:59.100+0000] {logging_mixin.py:190} INFO -  - https://www.facebook.com/manchesterunited/videos/694643923451384/
[2025-05-22T06:35:59.100+0000] {logging_mixin.py:190} INFO -  - https://www.facebook.com/manchesterunited/videos/1909441793191388/
[2025-05-22T06:35:59.100+0000] {logging_mixin.py:190} INFO -  - https://www.facebook.com/manchesterunited/videos/982409090722070/
[2025-05-22T06:35:59.100+0000] {logging_mixin.py:190} INFO -  - https://www.facebook.com/manchesterunited/videos/1773022476944052/
[2025-05-22T06:35:59.101+0000] {logging_mixin.py:190} INFO -  - https://www.facebook.com/manchesterunited/videos/8274229069266765/
[2025-05-22T06:35:59.101+0000] {logging_mixin.py:190} INFO -  - https://www.facebook.com/manchesterunited/videos/556226863742204/
[2025-05-22T06:35:59.101+0000] {logging_mixin.py:190} INFO -  - https://www.facebook.com/manchesterunited/videos/1041336940536570/
[2025-05-22T06:35:59.101+0000] {logging_mixin.py:190} INFO -  - https://www.facebook.com/manchesterunited/videos/529340563294260/
[2025-05-22T06:35:59.102+0000] {logging_mixin.py:190} INFO -  - https://www.facebook.com/manchesterunited/videos/1276522580331422/
[2025-05-22T06:35:59.102+0000] {logging_mixin.py:190} INFO -  - https://www.facebook.com/manchesterunited/videos/882764287377874/
[2025-05-22T06:35:59.102+0000] {logging_mixin.py:190} INFO -  - https://www.facebook.com/manchesterunited/videos/1224491469029211/
[2025-05-22T06:35:59.102+0000] {logging_mixin.py:190} INFO -  - https://www.facebook.com/manchesterunited/videos/1382642382862628/
[2025-05-22T06:35:59.103+0000] {logging_mixin.py:190} INFO -  - https://www.facebook.com/manchesterunited/videos/1036340441761267/
[2025-05-22T06:35:59.103+0000] {logging_mixin.py:190} INFO -  - https://www.facebook.com/manchesterunited/videos/1732823114334576/
[2025-05-22T06:35:59.103+0000] {logging_mixin.py:190} INFO -  - https://www.facebook.com/manchesterunited/videos/1060728405963374/
[2025-05-22T06:35:59.104+0000] {logging_mixin.py:190} INFO -  - https://www.facebook.com/manchesterunited/videos/585960207199512/
[2025-05-22T06:35:59.104+0000] {logging_mixin.py:190} INFO -  - https://www.facebook.com/manchesterunited/videos/656884980546031/
[2025-05-22T06:35:59.104+0000] {logging_mixin.py:190} INFO -  - https://www.facebook.com/manchesterunited/videos/708154504977360/
[2025-05-22T06:35:59.105+0000] {logging_mixin.py:190} INFO -  - https://www.facebook.com/manchesterunited/videos/549543607852382/
[2025-05-22T06:35:59.105+0000] {logging_mixin.py:190} INFO -  - https://www.facebook.com/manchesterunited/videos/1098363302098361/
[2025-05-22T06:35:59.105+0000] {logging_mixin.py:190} INFO -  - https://www.facebook.com/manchesterunited/videos/630843533284430/
[2025-05-22T06:35:59.106+0000] {logging_mixin.py:190} INFO -  - https://www.facebook.com/manchesterunited/videos/670698715660708/
[2025-05-22T06:35:59.106+0000] {logging_mixin.py:190} INFO -  - https://www.facebook.com/manchesterunited/videos/1524027855224342/
[2025-05-22T06:35:59.106+0000] {logging_mixin.py:190} INFO -  - https://www.facebook.com/manchesterunited/videos/1190062166120574/
[2025-05-22T06:35:59.107+0000] {logging_mixin.py:190} INFO -  - https://www.facebook.com/manchesterunited/videos/1815873059208157/
[2025-05-22T06:35:59.107+0000] {logging_mixin.py:190} INFO -  - https://www.facebook.com/manchesterunited/videos/712907761084756/
[2025-05-22T06:35:59.107+0000] {logging_mixin.py:190} INFO -  - https://www.facebook.com/manchesterunited/videos/3029630467191422/
[2025-05-22T06:35:59.107+0000] {logging_mixin.py:190} INFO -  - https://www.facebook.com/manchesterunited/videos/1769184690305703/
[2025-05-22T06:35:59.108+0000] {logging_mixin.py:190} INFO -  - https://www.facebook.com/manchesterunited/videos/1356004988974021/
[2025-05-22T06:35:59.108+0000] {logging_mixin.py:190} INFO -  - https://www.facebook.com/manchesterunited/videos/1714593262803189/
[2025-05-22T06:35:59.108+0000] {logging_mixin.py:190} INFO -  - https://www.facebook.com/manchesterunited/videos/29292281887084616/
[2025-05-22T06:35:59.108+0000] {logging_mixin.py:190} INFO -  - https://www.facebook.com/manchesterunited/videos/1102701414956372/
[2025-05-22T06:35:59.109+0000] {logging_mixin.py:190} INFO -  - https://www.facebook.com/manchesterunited/videos/1000009215557053/
[2025-05-22T06:35:59.109+0000] {logging_mixin.py:190} INFO -  - https://www.facebook.com/manchesterunited/videos/1167294368037743/
[2025-05-22T06:35:59.109+0000] {logging_mixin.py:190} INFO -  - https://www.facebook.com/manchesterunited/videos/2158323417933631/
[2025-05-22T06:35:59.109+0000] {logging_mixin.py:190} INFO -  - https://www.facebook.com/manchesterunited/videos/1165652401453375/
[2025-05-22T06:35:59.109+0000] {logging_mixin.py:190} INFO -  - https://www.facebook.com/manchesterunited/videos/1222232559317315/
[2025-05-22T06:35:59.110+0000] {logging_mixin.py:190} INFO - Don't close the app! Saving scraped data to database, it can take a while!
[2025-05-22T06:35:59.128+0000] {logging_mixin.py:190} INFO - Remaining new videos: 5
[2025-05-22T06:35:59.128+0000] {logging_mixin.py:190} INFO - New videos: 5
[2025-05-22T06:35:59.367+0000] {python.py:240} INFO - Done. Returned value was: {'id': 'manchesterunited', 'new_links': ('https://www.facebook.com/manchesterunited/videos/1362494931698063/?comment_id=1801202197123560&__tn__=R]', 'https://www.facebook.com/manchesterunited/videos/1773022476944052/', 'https://www.facebook.com/manchesterunited/videos/1165652401453375/', 'https://www.facebook.com/100044296156511/videos/1362494931698063', 'https://www.facebook.com/manchesterunited/videos/1714593262803189/')}
[2025-05-22T06:35:59.392+0000] {taskinstance.py:340} INFO - ::group::Post task execution logs
[2025-05-22T06:35:59.392+0000] {taskinstance.py:352} INFO - Marking task as SUCCESS. dag_id=facebook_videos_scraper_dag, task_id=get_links_task, run_id=manual__2025-05-22T06:35:41.174145+00:00, execution_date=20250522T063541, start_date=20250522T063542, end_date=20250522T063559
[2025-05-22T06:35:59.423+0000] {local_task_job_runner.py:261} INFO - Task exited with return code 0
[2025-05-22T06:35:59.441+0000] {taskinstance.py:3891} INFO - 1 downstream tasks scheduled from follow-on schedule check
[2025-05-22T06:35:59.443+0000] {local_task_job_runner.py:240} INFO - ::endgroup::
