[2025-04-29T02:49:56.735+0000] {local_task_job_runner.py:123} INFO - ::group::Pre task execution logs
[2025-04-29T02:49:56.751+0000] {taskinstance.py:2603} INFO - Dependencies all met for dep_context=non-requeueable deps ti=<TaskInstance: demo.hello scheduled__2022-09-09T00:00:00+00:00 [queued]>
[2025-04-29T02:49:56.757+0000] {taskinstance.py:2603} INFO - Dependencies all met for dep_context=requeueable deps ti=<TaskInstance: demo.hello scheduled__2022-09-09T00:00:00+00:00 [queued]>
[2025-04-29T02:49:56.757+0000] {taskinstance.py:2856} INFO - Starting attempt 1 of 1
[2025-04-29T02:49:56.769+0000] {taskinstance.py:2879} INFO - Executing <Task(BashOperator): hello> on 2022-09-09 00:00:00+00:00
[2025-04-29T02:49:56.772+0000] {standard_task_runner.py:72} INFO - Started process 1915 to run task
[2025-04-29T02:49:56.777+0000] {standard_task_runner.py:104} INFO - Running: ['airflow', 'tasks', 'run', 'demo', 'hello', 'scheduled__2022-09-09T00:00:00+00:00', '--job-id', '512', '--raw', '--subdir', 'DAGS_FOLDER/simple-dag.py', '--cfg-path', '/tmp/tmp_c41ur05']
[2025-04-29T02:49:56.779+0000] {standard_task_runner.py:105} INFO - Job 512: Subtask hello
[2025-04-29T02:49:56.831+0000] {task_command.py:467} INFO - Running <TaskInstance: demo.hello scheduled__2022-09-09T00:00:00+00:00 [running]> on host 2c7afa36055b
[2025-04-29T02:49:56.907+0000] {taskinstance.py:3122} INFO - Exporting env vars: AIRFLOW_CTX_DAG_OWNER='airflow' AIRFLOW_CTX_DAG_ID='demo' AIRFLOW_CTX_TASK_ID='hello' AIRFLOW_CTX_EXECUTION_DATE='2022-09-09T00:00:00+00:00' AIRFLOW_CTX_TRY_NUMBER='1' AIRFLOW_CTX_DAG_RUN_ID='scheduled__2022-09-09T00:00:00+00:00'
[2025-04-29T02:49:56.908+0000] {taskinstance.py:731} INFO - ::endgroup::
[2025-04-29T02:49:56.911+0000] {subprocess.py:63} INFO - Tmp dir root location: /tmp
[2025-04-29T02:49:56.912+0000] {subprocess.py:75} INFO - Running command: ['/usr/bin/bash', '-c', 'echo hello']
[2025-04-29T02:49:56.919+0000] {subprocess.py:86} INFO - Output:
[2025-04-29T02:49:56.920+0000] {subprocess.py:93} INFO - hello
[2025-04-29T02:49:56.920+0000] {subprocess.py:97} INFO - Command exited with return code 0
[2025-04-29T02:49:56.945+0000] {taskinstance.py:340} INFO - ::group::Post task execution logs
[2025-04-29T02:49:56.946+0000] {taskinstance.py:352} INFO - Marking task as SUCCESS. dag_id=demo, task_id=hello, run_id=scheduled__2022-09-09T00:00:00+00:00, execution_date=20220909T000000, start_date=20250429T024956, end_date=20250429T024956
[2025-04-29T02:49:56.991+0000] {local_task_job_runner.py:261} INFO - Task exited with return code 0
[2025-04-29T02:49:57.012+0000] {taskinstance.py:3891} INFO - 1 downstream tasks scheduled from follow-on schedule check
[2025-04-29T02:49:57.014+0000] {local_task_job_runner.py:240} INFO - ::endgroup::
