[2025-05-21T08:12:43.221+0000] {local_task_job_runner.py:123} INFO - ::group::Pre task execution logs
[2025-05-21T08:12:43.233+0000] {taskinstance.py:2603} INFO - Dependencies all met for dep_context=non-requeueable deps ti=<TaskInstance: x_videos_scraper_dag.get_links_task manual__2025-05-21T08:12:41.619696+00:00 [queued]>
[2025-05-21T08:12:43.239+0000] {taskinstance.py:2603} INFO - Dependencies all met for dep_context=requeueable deps ti=<TaskInstance: x_videos_scraper_dag.get_links_task manual__2025-05-21T08:12:41.619696+00:00 [queued]>
[2025-05-21T08:12:43.239+0000] {taskinstance.py:2856} INFO - Starting attempt 1 of 1
[2025-05-21T08:12:43.249+0000] {taskinstance.py:2879} INFO - Executing <Task(PythonOperator): get_links_task> on 2025-05-21 08:12:41.619696+00:00
[2025-05-21T08:12:43.253+0000] {standard_task_runner.py:72} INFO - Started process 205305 to run task
[2025-05-21T08:12:43.256+0000] {standard_task_runner.py:104} INFO - Running: ['airflow', 'tasks', 'run', 'x_videos_scraper_dag', 'get_links_task', 'manual__2025-05-21T08:12:41.619696+00:00', '--job-id', '6429', '--raw', '--subdir', 'DAGS_FOLDER/pipeline_x.py', '--cfg-path', '/tmp/tmpz9640f98']
[2025-05-21T08:12:43.258+0000] {standard_task_runner.py:105} INFO - Job 6429: Subtask get_links_task
[2025-05-21T08:12:43.298+0000] {task_command.py:467} INFO - Running <TaskInstance: x_videos_scraper_dag.get_links_task manual__2025-05-21T08:12:41.619696+00:00 [running]> on host 40367d170eab
[2025-05-21T08:12:43.356+0000] {taskinstance.py:3122} INFO - Exporting env vars: AIRFLOW_CTX_DAG_OWNER='airflow' AIRFLOW_CTX_DAG_ID='x_videos_scraper_dag' AIRFLOW_CTX_TASK_ID='get_links_task' AIRFLOW_CTX_EXECUTION_DATE='2025-05-21T08:12:41.619696+00:00' AIRFLOW_CTX_TRY_NUMBER='1' AIRFLOW_CTX_DAG_RUN_ID='manual__2025-05-21T08:12:41.619696+00:00'
[2025-05-21T08:12:43.357+0000] {taskinstance.py:731} INFO - ::endgroup::
[2025-05-21T08:12:48.045+0000] {logging_mixin.py:190} INFO - Scrolling down... 0
[2025-05-21T08:12:53.239+0000] {logging_mixin.py:190} INFO - https://x.com/Cristiano/status/1924859108865323121/video/1
[2025-05-21T08:12:53.243+0000] {logging_mixin.py:190} INFO - https://x.com/Cristiano/status/1922957070048874841/video/1
[2025-05-21T08:12:53.257+0000] {logging_mixin.py:190} INFO - https://x.com/Cristiano/status/1921191243482087932/video/1
[2025-05-21T08:12:53.262+0000] {logging_mixin.py:190} INFO - https://x.com/Cristiano/status/1919453517518872985/video/1
[2025-05-21T08:12:53.299+0000] {logging_mixin.py:190} INFO - https://x.com/Cristiano/status/1915409532924158248/video/1
[2025-05-21T08:12:53.317+0000] {logging_mixin.py:190} INFO - https://x.com/Cristiano/status/1914982579465281859/video/1
[2025-05-21T08:12:53.365+0000] {logging_mixin.py:190} INFO - https://x.com/Cristiano/status/1911763830826230166/video/1
[2025-05-21T08:12:53.374+0000] {logging_mixin.py:190} INFO - https://x.com/Cristiano/status/1910588895051329799/video/1
[2025-05-21T08:12:53.378+0000] {logging_mixin.py:190} INFO - https://x.com/Cristiano/status/1910363097774108906/video/1
[2025-05-21T08:12:53.388+0000] {logging_mixin.py:190} INFO - https://x.com/Cristiano/status/1910008061856526695/video/1
[2025-05-21T08:12:53.396+0000] {logging_mixin.py:190} INFO - https://x.com/Cristiano/status/1908867553469800598/video/1
[2025-05-21T08:12:53.406+0000] {logging_mixin.py:190} INFO - https://x.com/Cristiano/status/1906775463282044998/video/1
[2025-05-21T08:12:53.420+0000] {logging_mixin.py:190} INFO - https://x.com/Cristiano/status/1904942189102182598/video/1
[2025-05-21T08:12:53.445+0000] {logging_mixin.py:190} INFO - https://x.com/Cristiano/status/1900187027783487915/video/1
[2025-05-21T08:12:53.493+0000] {logging_mixin.py:190} INFO - https://x.com/Cristiano/status/1892168362454925445/video/1
[2025-05-21T08:12:53.496+0000] {logging_mixin.py:190} INFO - https://x.com/Cristiano/status/1890718523917250585/video/1
[2025-05-21T08:12:53.544+0000] {logging_mixin.py:190} INFO - https://x.com/Cristiano/status/1885704622615961799/video/1
[2025-05-21T08:12:53.686+0000] {warnings.py:109} WARNING - /opt/airflow/dags/app/core/database_utils.py:30: SAWarning: SELECT statement has a cartesian product between FROM element(s) "tiktok" and FROM element "x".  Apply join condition(s) between each element to resolve.
  return db.query(X).filter(Tiktok.status == TaskStatus.SUCCESS.value).all()

[2025-05-21T08:12:53.802+0000] {logging_mixin.py:190} INFO - Remaining new videos: 8
[2025-05-21T08:12:53.802+0000] {logging_mixin.py:190} INFO - New videos: 8
[2025-05-21T08:12:54.080+0000] {python.py:240} INFO - Done. Returned value was: {'id': 'Cristiano', 'new_links': ('https://x.com/Cristiano/status/1885704622615961799/video/1', 'https://x.com/Cristiano/status/1910008061856526695/video/1', 'https://x.com/Cristiano/status/1908867553469800598/video/1', 'https://x.com/Cristiano/status/1924859108865323121/video/1', 'https://x.com/Cristiano/status/1922957070048874841/video/1', 'https://x.com/Cristiano/status/1910363097774108906/video/1', 'https://x.com/Cristiano/status/1906775463282044998/video/1', 'https://x.com/Cristiano/status/1914982579465281859/video/1')}
[2025-05-21T08:12:54.105+0000] {taskinstance.py:340} INFO - ::group::Post task execution logs
[2025-05-21T08:12:54.105+0000] {taskinstance.py:352} INFO - Marking task as SUCCESS. dag_id=x_videos_scraper_dag, task_id=get_links_task, run_id=manual__2025-05-21T08:12:41.619696+00:00, execution_date=20250521T081241, start_date=20250521T081243, end_date=20250521T081254
[2025-05-21T08:12:54.152+0000] {local_task_job_runner.py:261} INFO - Task exited with return code 0
[2025-05-21T08:12:54.170+0000] {taskinstance.py:3891} INFO - 1 downstream tasks scheduled from follow-on schedule check
[2025-05-21T08:12:54.173+0000] {local_task_job_runner.py:240} INFO - ::endgroup::
