[2025-05-26T04:47:09.699+0000] {local_task_job_runner.py:123} INFO - ::group::Pre task execution logs
[2025-05-26T04:47:09.714+0000] {taskinstance.py:2603} INFO - Dependencies all met for dep_context=non-requeueable deps ti=<TaskInstance: instagram_videos_scraper_dag.batch_download_task scheduled__2025-05-25T00:00:00+00:00 [queued]>
[2025-05-26T04:47:09.720+0000] {taskinstance.py:2603} INFO - Dependencies all met for dep_context=requeueable deps ti=<TaskInstance: instagram_videos_scraper_dag.batch_download_task scheduled__2025-05-25T00:00:00+00:00 [queued]>
[2025-05-26T04:47:09.720+0000] {taskinstance.py:2856} INFO - Starting attempt 1 of 1
[2025-05-26T04:47:09.730+0000] {taskinstance.py:2879} INFO - Executing <Task(PythonOperator): batch_download_task> on 2025-05-25 00:00:00+00:00
[2025-05-26T04:47:09.733+0000] {standard_task_runner.py:72} INFO - Started process 56 to run task
[2025-05-26T04:47:09.742+0000] {standard_task_runner.py:104} INFO - Running: ['airflow', 'tasks', 'run', 'instagram_videos_scraper_dag', 'batch_download_task', 'scheduled__2025-05-25T00:00:00+00:00', '--job-id', '6736', '--raw', '--subdir', 'DAGS_FOLDER/pipeline_instagram.py', '--cfg-path', '/tmp/tmpxy3r8hmw']
[2025-05-26T04:47:09.746+0000] {standard_task_runner.py:105} INFO - Job 6736: Subtask batch_download_task
[2025-05-26T04:47:09.796+0000] {task_command.py:467} INFO - Running <TaskInstance: instagram_videos_scraper_dag.batch_download_task scheduled__2025-05-25T00:00:00+00:00 [running]> on host bac6a915e19d
[2025-05-26T04:47:09.866+0000] {taskinstance.py:3122} INFO - Exporting env vars: AIRFLOW_CTX_DAG_OWNER='airflow' AIRFLOW_CTX_DAG_ID='instagram_videos_scraper_dag' AIRFLOW_CTX_TASK_ID='batch_download_task' AIRFLOW_CTX_EXECUTION_DATE='2025-05-25T00:00:00+00:00' AIRFLOW_CTX_TRY_NUMBER='1' AIRFLOW_CTX_DAG_RUN_ID='scheduled__2025-05-25T00:00:00+00:00'
[2025-05-26T04:47:09.867+0000] {taskinstance.py:731} INFO - ::endgroup::
[2025-05-26T04:47:09.869+0000] {logging_mixin.py:190} INFO - Starting batch download...
[2025-05-26T04:47:10.028+0000] {logging_mixin.py:190} INFO - Internet connection detected. Proceeding...
[2025-05-26T04:47:10.028+0000] {logging_mixin.py:190} INFO - Downloading video from DIRZFJlIO1v...
[2025-05-26T04:47:10.199+0000] {logging_mixin.py:190} INFO - [Instagram] Extracting URL: https://www.instagram.com/cristiano/reel/DIRZFJlIO1v/
[2025-05-26T04:47:10.201+0000] {logging_mixin.py:190} INFO - [Instagram] DIRZFJlIO1v: Setting up session
[2025-05-26T04:47:10.554+0000] {logging_mixin.py:190} INFO - [Instagram] DIRZFJlIO1v: Downloading JSON metadata
[2025-05-26T04:47:10.907+0000] {logging_mixin.py:190} WARNING - ERROR: [Instagram] DIRZFJlIO1v: Restricted Video: You must be 18 years old or over to see this video. Use --cookies-from-browser or --cookies for the authentication. See  https://github.com/yt-dlp/yt-dlp/wiki/FAQ#how-do-i-pass-cookies-to-yt-dlp  for how to manually pass cookies
[2025-05-26T04:47:10.908+0000] {logging_mixin.py:190} INFO - 
Error downloading video using yt-dlp: ERROR: [Instagram] DIRZFJlIO1v: Restricted Video: You must be 18 years old or over to see this video. Use --cookies-from-browser or --cookies for the authentication. See  https://github.com/yt-dlp/yt-dlp/wiki/FAQ#how-do-i-pass-cookies-to-yt-dlp  for how to manually pass cookies
[2025-05-26T04:47:11.564+0000] {logging_mixin.py:190} INFO - Downloaded video DIRZFJlIO1v to data/DIRZFJlIO1v.mp3
[2025-05-26T04:47:11.564+0000] {logging_mixin.py:190} INFO - Downloaded 1 new videos.
[2025-05-26T04:47:11.564+0000] {python.py:240} INFO - Done. Returned value was: [{'video_id': 'DIRZFJlIO1v', 'file_path': 'data/DIRZFJlIO1v.mp3'}]
[2025-05-26T04:47:11.586+0000] {taskinstance.py:340} INFO - ::group::Post task execution logs
[2025-05-26T04:47:11.587+0000] {taskinstance.py:352} INFO - Marking task as SUCCESS. dag_id=instagram_videos_scraper_dag, task_id=batch_download_task, run_id=scheduled__2025-05-25T00:00:00+00:00, execution_date=20250525T000000, start_date=20250526T044709, end_date=20250526T044711
[2025-05-26T04:47:11.629+0000] {local_task_job_runner.py:261} INFO - Task exited with return code 0
[2025-05-26T04:47:11.654+0000] {taskinstance.py:3891} INFO - 1 downstream tasks scheduled from follow-on schedule check
[2025-05-26T04:47:11.682+0000] {local_task_job_runner.py:240} INFO - ::endgroup::
