[2025-05-22T03:22:43.063+0000] {local_task_job_runner.py:123} INFO - ::group::Pre task execution logs
[2025-05-22T03:22:43.074+0000] {taskinstance.py:2603} INFO - Dependencies all met for dep_context=non-requeueable deps ti=<TaskInstance: x_videos_scraper_dag.get_links_task manual__2025-05-22T03:22:41.726618+00:00 [queued]>
[2025-05-22T03:22:43.079+0000] {taskinstance.py:2603} INFO - Dependencies all met for dep_context=requeueable deps ti=<TaskInstance: x_videos_scraper_dag.get_links_task manual__2025-05-22T03:22:41.726618+00:00 [queued]>
[2025-05-22T03:22:43.079+0000] {taskinstance.py:2856} INFO - Starting attempt 1 of 1
[2025-05-22T03:22:43.087+0000] {taskinstance.py:2879} INFO - Executing <Task(PythonOperator): get_links_task> on 2025-05-22 03:22:41.726618+00:00
[2025-05-22T03:22:43.090+0000] {standard_task_runner.py:72} INFO - Started process 3218888 to run task
[2025-05-22T03:22:43.093+0000] {standard_task_runner.py:104} INFO - Running: ['airflow', 'tasks', 'run', 'x_videos_scraper_dag', 'get_links_task', 'manual__2025-05-22T03:22:41.726618+00:00', '--job-id', '6481', '--raw', '--subdir', 'DAGS_FOLDER/pipeline_x.py', '--cfg-path', '/tmp/tmpuciz1y91']
[2025-05-22T03:22:43.094+0000] {standard_task_runner.py:105} INFO - Job 6481: Subtask get_links_task
[2025-05-22T03:22:43.131+0000] {task_command.py:467} INFO - Running <TaskInstance: x_videos_scraper_dag.get_links_task manual__2025-05-22T03:22:41.726618+00:00 [running]> on host 3fefd5aad5e2
[2025-05-22T03:22:43.183+0000] {taskinstance.py:3122} INFO - Exporting env vars: AIRFLOW_CTX_DAG_OWNER='airflow' AIRFLOW_CTX_DAG_ID='x_videos_scraper_dag' AIRFLOW_CTX_TASK_ID='get_links_task' AIRFLOW_CTX_EXECUTION_DATE='2025-05-22T03:22:41.726618+00:00' AIRFLOW_CTX_TRY_NUMBER='1' AIRFLOW_CTX_DAG_RUN_ID='manual__2025-05-22T03:22:41.726618+00:00'
[2025-05-22T03:22:43.184+0000] {taskinstance.py:731} INFO - ::endgroup::
[2025-05-22T03:22:50.938+0000] {logging_mixin.py:190} INFO - Scrolling down... 0
[2025-05-22T03:22:56.072+0000] {logging_mixin.py:190} INFO - https://x.com/MarioNawfal/status/1925382653299089706/video/1
[2025-05-22T03:22:56.076+0000] {logging_mixin.py:190} INFO - https://x.com/MarioNawfal/status/1925381098336391374/video/1
[2025-05-22T03:22:56.079+0000] {logging_mixin.py:190} INFO - https://x.com/MarioNawfal/status/1925379361273675869/video/1
[2025-05-22T03:22:56.082+0000] {logging_mixin.py:190} INFO - https://x.com/MarioNawfal/status/1925378584329310276/video/1
[2025-05-22T03:22:56.086+0000] {logging_mixin.py:190} INFO - https://x.com/MarioNawfal/status/1925376065293164740/video/1
[2025-05-22T03:22:56.092+0000] {logging_mixin.py:190} INFO - https://x.com/MarioNawfal/status/1925373548794728880/video/1
[2025-05-22T03:22:56.098+0000] {logging_mixin.py:190} INFO - https://x.com/MarioNawfal/status/1925372290671210950/video/1
[2025-05-22T03:22:56.108+0000] {logging_mixin.py:190} INFO - https://x.com/MarioNawfal/status/1925369860713791621/video/1
[2025-05-22T03:22:56.118+0000] {logging_mixin.py:190} INFO - https://x.com/MarioNawfal/status/1925365998892261565/video/1
[2025-05-22T03:22:56.122+0000] {logging_mixin.py:190} INFO - https://x.com/MarioNawfal/status/1925364740852793608/video/1
[2025-05-22T03:22:56.131+0000] {logging_mixin.py:190} INFO - https://x.com/MarioNawfal/status/1925358449279242397/video/1
[2025-05-22T03:22:56.138+0000] {logging_mixin.py:190} INFO - https://x.com/MarioNawfal/status/1925352157857054993/video/1
[2025-05-22T03:22:56.141+0000] {logging_mixin.py:190} INFO - https://x.com/MarioNawfal/status/1925350899460845583/video/1
[2025-05-22T03:22:56.151+0000] {logging_mixin.py:190} INFO - https://x.com/MarioNawfal/status/1925348384925523996/video/1
[2025-05-22T03:22:56.154+0000] {logging_mixin.py:190} INFO - https://x.com/MarioNawfal/status/1925347124478427283/video/1
[2025-05-22T03:22:56.169+0000] {logging_mixin.py:190} INFO - https://x.com/MarioNawfal/status/1925338316632895529/video/1
[2025-05-22T03:22:56.176+0000] {logging_mixin.py:190} INFO - https://x.com/MarioNawfal/status/1925335800150978648/video/1
[2025-05-22T03:22:56.186+0000] {logging_mixin.py:190} INFO - https://x.com/MarioNawfal/status/1925329508975992866/video/1
[2025-05-22T03:22:56.189+0000] {logging_mixin.py:190} INFO - https://x.com/MarioNawfal/status/1925328250093674580/video/1
[2025-05-22T03:22:56.208+0000] {logging_mixin.py:190} INFO - https://x.com/MarioNawfal/status/1925315667399471303/video/1
[2025-05-22T03:22:56.220+0000] {logging_mixin.py:190} INFO - https://x.com/MarioNawfal/status/1925305678643831198/video/1
[2025-05-22T03:22:56.223+0000] {logging_mixin.py:190} INFO - https://x.com/MarioNawfal/status/1925304343349403982/video/1
[2025-05-22T03:22:56.227+0000] {logging_mixin.py:190} INFO - https://x.com/MarioNawfal/status/1925303084731047947/video/1
[2025-05-22T03:22:56.233+0000] {logging_mixin.py:190} INFO - https://x.com/MarioNawfal/status/1925299310947963265/video/1
[2025-05-22T03:22:56.240+0000] {logging_mixin.py:190} INFO - https://x.com/MarioNawfal/status/1925298051423318244/video/1
[2025-05-22T03:22:56.243+0000] {logging_mixin.py:190} INFO - https://x.com/MarioNawfal/status/1925295535788802257/video/1
[2025-05-22T03:22:56.302+0000] {warnings.py:109} WARNING - /opt/airflow/dags/app/core/database_utils.py:30: SAWarning: SELECT statement has a cartesian product between FROM element(s) "tiktok" and FROM element "x".  Apply join condition(s) between each element to resolve.
  return db.query(X).filter(Tiktok.status == TaskStatus.SUCCESS.value).all()

[2025-05-22T03:22:56.908+0000] {logging_mixin.py:190} INFO - Remaining new videos: 0
[2025-05-22T03:22:56.908+0000] {logging_mixin.py:190} INFO - New videos: 0
[2025-05-22T03:22:56.964+0000] {python.py:240} INFO - Done. Returned value was: {'id': 'MarioNawfal', 'new_links': ()}
[2025-05-22T03:22:56.992+0000] {taskinstance.py:340} INFO - ::group::Post task execution logs
[2025-05-22T03:22:56.993+0000] {taskinstance.py:352} INFO - Marking task as SUCCESS. dag_id=x_videos_scraper_dag, task_id=get_links_task, run_id=manual__2025-05-22T03:22:41.726618+00:00, execution_date=20250522T032241, start_date=20250522T032243, end_date=20250522T032256
[2025-05-22T03:22:57.012+0000] {local_task_job_runner.py:261} INFO - Task exited with return code 0
[2025-05-22T03:22:57.029+0000] {taskinstance.py:3891} INFO - 1 downstream tasks scheduled from follow-on schedule check
[2025-05-22T03:22:57.031+0000] {local_task_job_runner.py:240} INFO - ::endgroup::
