[2025-05-05T10:28:30.823+0000] {local_task_job_runner.py:123} INFO - ::group::Pre task execution logs
[2025-05-05T10:28:30.832+0000] {taskinstance.py:2603} INFO - Dependencies all met for dep_context=non-requeueable deps ti=<TaskInstance: dag1.group1.task2 scheduled__2018-02-22T00:00:00+00:00 [queued]>
[2025-05-05T10:28:30.837+0000] {taskinstance.py:2603} INFO - Dependencies all met for dep_context=requeueable deps ti=<TaskInstance: dag1.group1.task2 scheduled__2018-02-22T00:00:00+00:00 [queued]>
[2025-05-05T10:28:30.837+0000] {taskinstance.py:2856} INFO - Starting attempt 1 of 3
[2025-05-05T10:28:30.844+0000] {taskinstance.py:2879} INFO - Executing <Task(BashOperator): group1.task2> on 2018-02-22 00:00:00+00:00
[2025-05-05T10:28:30.846+0000] {standard_task_runner.py:72} INFO - Started process 7823 to run task
[2025-05-05T10:28:30.848+0000] {standard_task_runner.py:104} INFO - Running: ['airflow', 'tasks', 'run', 'dag1', 'group1.task2', 'scheduled__2018-02-22T00:00:00+00:00', '--job-id', '2985', '--raw', '--subdir', 'DAGS_FOLDER/tuts/taskgroup_basic.py', '--cfg-path', '/tmp/tmp6p9b44vm']
[2025-05-05T10:28:30.849+0000] {standard_task_runner.py:105} INFO - Job 2985: Subtask group1.task2
[2025-05-05T10:28:30.879+0000] {task_command.py:467} INFO - Running <TaskInstance: dag1.group1.task2 scheduled__2018-02-22T00:00:00+00:00 [running]> on host 2c7afa36055b
[2025-05-05T10:28:30.925+0000] {taskinstance.py:3122} INFO - Exporting env vars: AIRFLOW_CTX_DAG_OWNER='airflow' AIRFLOW_CTX_DAG_ID='dag1' AIRFLOW_CTX_TASK_ID='group1.task2' AIRFLOW_CTX_EXECUTION_DATE='2018-02-22T00:00:00+00:00' AIRFLOW_CTX_TRY_NUMBER='1' AIRFLOW_CTX_DAG_RUN_ID='scheduled__2018-02-22T00:00:00+00:00'
[2025-05-05T10:28:30.925+0000] {taskinstance.py:731} INFO - ::endgroup::
[2025-05-05T10:28:30.927+0000] {subprocess.py:63} INFO - Tmp dir root location: /tmp
[2025-05-05T10:28:30.927+0000] {subprocess.py:75} INFO - Running command: ['/usr/bin/bash', '-c', 'echo Hello World!']
[2025-05-05T10:28:30.932+0000] {subprocess.py:86} INFO - Output:
[2025-05-05T10:28:30.933+0000] {subprocess.py:93} INFO - Hello World!
[2025-05-05T10:28:30.933+0000] {subprocess.py:97} INFO - Command exited with return code 0
[2025-05-05T10:28:30.948+0000] {taskinstance.py:340} INFO - ::group::Post task execution logs
[2025-05-05T10:28:30.948+0000] {taskinstance.py:352} INFO - Marking task as SUCCESS. dag_id=dag1, task_id=group1.task2, run_id=scheduled__2018-02-22T00:00:00+00:00, execution_date=20180222T000000, start_date=20250505T102830, end_date=20250505T102830
[2025-05-05T10:28:30.981+0000] {local_task_job_runner.py:261} INFO - Task exited with return code 0
[2025-05-05T10:28:30.993+0000] {taskinstance.py:3891} INFO - 0 downstream tasks scheduled from follow-on schedule check
[2025-05-05T10:28:30.995+0000] {local_task_job_runner.py:240} INFO - ::endgroup::
