[2025-04-29T02:55:01.938+0000] {local_task_job_runner.py:123} INFO - ::group::Pre task execution logs
[2025-04-29T02:55:01.949+0000] {taskinstance.py:2603} INFO - Dependencies all met for dep_context=non-requeueable deps ti=<TaskInstance: demo.hello scheduled__2024-04-04T00:00:00+00:00 [queued]>
[2025-04-29T02:55:01.954+0000] {taskinstance.py:2603} INFO - Dependencies all met for dep_context=requeueable deps ti=<TaskInstance: demo.hello scheduled__2024-04-04T00:00:00+00:00 [queued]>
[2025-04-29T02:55:01.954+0000] {taskinstance.py:2856} INFO - Starting attempt 1 of 1
[2025-04-29T02:55:01.967+0000] {taskinstance.py:2879} INFO - Executing <Task(BashOperator): hello> on 2024-04-04 00:00:00+00:00
[2025-04-29T02:55:01.969+0000] {standard_task_runner.py:72} INFO - Started process 6019 to run task
[2025-04-29T02:55:01.972+0000] {standard_task_runner.py:104} INFO - Running: ['airflow', 'tasks', 'run', 'demo', 'hello', 'scheduled__2024-04-04T00:00:00+00:00', '--job-id', '1665', '--raw', '--subdir', 'DAGS_FOLDER/simple-dag.py', '--cfg-path', '/tmp/tmpkfpkkdgt']
[2025-04-29T02:55:01.972+0000] {standard_task_runner.py:105} INFO - Job 1665: Subtask hello
[2025-04-29T02:55:02.008+0000] {task_command.py:467} INFO - Running <TaskInstance: demo.hello scheduled__2024-04-04T00:00:00+00:00 [running]> on host 2c7afa36055b
[2025-04-29T02:55:02.064+0000] {taskinstance.py:3122} INFO - Exporting env vars: AIRFLOW_CTX_DAG_OWNER='airflow' AIRFLOW_CTX_DAG_ID='demo' AIRFLOW_CTX_TASK_ID='hello' AIRFLOW_CTX_EXECUTION_DATE='2024-04-04T00:00:00+00:00' AIRFLOW_CTX_TRY_NUMBER='1' AIRFLOW_CTX_DAG_RUN_ID='scheduled__2024-04-04T00:00:00+00:00'
[2025-04-29T02:55:02.064+0000] {taskinstance.py:731} INFO - ::endgroup::
[2025-04-29T02:55:02.067+0000] {subprocess.py:63} INFO - Tmp dir root location: /tmp
[2025-04-29T02:55:02.067+0000] {subprocess.py:75} INFO - Running command: ['/usr/bin/bash', '-c', 'echo hello']
[2025-04-29T02:55:02.074+0000] {subprocess.py:86} INFO - Output:
[2025-04-29T02:55:02.075+0000] {subprocess.py:93} INFO - hello
[2025-04-29T02:55:02.075+0000] {subprocess.py:97} INFO - Command exited with return code 0
[2025-04-29T02:55:02.098+0000] {taskinstance.py:340} INFO - ::group::Post task execution logs
[2025-04-29T02:55:02.098+0000] {taskinstance.py:352} INFO - Marking task as SUCCESS. dag_id=demo, task_id=hello, run_id=scheduled__2024-04-04T00:00:00+00:00, execution_date=20240404T000000, start_date=20250429T025501, end_date=20250429T025502
[2025-04-29T02:55:02.147+0000] {local_task_job_runner.py:261} INFO - Task exited with return code 0
[2025-04-29T02:55:02.157+0000] {local_task_job_runner.py:240} INFO - ::endgroup::
