[2025-04-29T02:50:41.033+0000] {local_task_job_runner.py:123} INFO - ::group::Pre task execution logs
[2025-04-29T02:50:41.044+0000] {taskinstance.py:2603} INFO - Dependencies all met for dep_context=non-requeueable deps ti=<TaskInstance: demo.hello scheduled__2022-12-01T00:00:00+00:00 [queued]>
[2025-04-29T02:50:41.049+0000] {taskinstance.py:2603} INFO - Dependencies all met for dep_context=requeueable deps ti=<TaskInstance: demo.hello scheduled__2022-12-01T00:00:00+00:00 [queued]>
[2025-04-29T02:50:41.049+0000] {taskinstance.py:2856} INFO - Starting attempt 1 of 1
[2025-04-29T02:50:41.057+0000] {taskinstance.py:2879} INFO - Executing <Task(BashOperator): hello> on 2022-12-01 00:00:00+00:00
[2025-04-29T02:50:41.060+0000] {standard_task_runner.py:72} INFO - Started process 2514 to run task
[2025-04-29T02:50:41.063+0000] {standard_task_runner.py:104} INFO - Running: ['airflow', 'tasks', 'run', 'demo', 'hello', 'scheduled__2022-12-01T00:00:00+00:00', '--job-id', '681', '--raw', '--subdir', 'DAGS_FOLDER/simple-dag.py', '--cfg-path', '/tmp/tmpn539p2qo']
[2025-04-29T02:50:41.063+0000] {standard_task_runner.py:105} INFO - Job 681: Subtask hello
[2025-04-29T02:50:41.099+0000] {task_command.py:467} INFO - Running <TaskInstance: demo.hello scheduled__2022-12-01T00:00:00+00:00 [running]> on host 2c7afa36055b
[2025-04-29T02:50:41.163+0000] {taskinstance.py:3122} INFO - Exporting env vars: AIRFLOW_CTX_DAG_OWNER='airflow' AIRFLOW_CTX_DAG_ID='demo' AIRFLOW_CTX_TASK_ID='hello' AIRFLOW_CTX_EXECUTION_DATE='2022-12-01T00:00:00+00:00' AIRFLOW_CTX_TRY_NUMBER='1' AIRFLOW_CTX_DAG_RUN_ID='scheduled__2022-12-01T00:00:00+00:00'
[2025-04-29T02:50:41.164+0000] {taskinstance.py:731} INFO - ::endgroup::
[2025-04-29T02:50:41.166+0000] {subprocess.py:63} INFO - Tmp dir root location: /tmp
[2025-04-29T02:50:41.166+0000] {subprocess.py:75} INFO - Running command: ['/usr/bin/bash', '-c', 'echo hello']
[2025-04-29T02:50:41.174+0000] {subprocess.py:86} INFO - Output:
[2025-04-29T02:50:41.175+0000] {subprocess.py:93} INFO - hello
[2025-04-29T02:50:41.175+0000] {subprocess.py:97} INFO - Command exited with return code 0
[2025-04-29T02:50:41.197+0000] {taskinstance.py:340} INFO - ::group::Post task execution logs
[2025-04-29T02:50:41.198+0000] {taskinstance.py:352} INFO - Marking task as SUCCESS. dag_id=demo, task_id=hello, run_id=scheduled__2022-12-01T00:00:00+00:00, execution_date=20221201T000000, start_date=20250429T025041, end_date=20250429T025041
[2025-04-29T02:50:41.245+0000] {local_task_job_runner.py:261} INFO - Task exited with return code 0
[2025-04-29T02:50:41.262+0000] {taskinstance.py:3891} INFO - 1 downstream tasks scheduled from follow-on schedule check
[2025-04-29T02:50:41.263+0000] {local_task_job_runner.py:240} INFO - ::endgroup::
